Sender: LSF System <lsfadmin@eu-c7-064-07>
Subject: Job 88996010: <calliope run ../../build/model/model.yaml --save_netcdf ../../build/output/minus3/01.nc --scenario baseline --override_dict "{run.solver_options.FeasibilityTol: 1e-3, run.solver_options.OptimalityTol: 1e-5}"> in cluster <euler> Exited

Job <calliope run ../../build/model/model.yaml --save_netcdf ../../build/output/minus3/01.nc --scenario baseline --override_dict "{run.solver_options.FeasibilityTol: 1e-3, run.solver_options.OptimalityTol: 1e-5}"> was submitted from host <eu-login-14-ng> by user <trtim> in cluster <euler> at Thu Apr 11 12:20:55 2019
Job was executed on host(s) <4*eu-c7-064-07>, in queue <bigmem.24h>, as user <trtim> in cluster <euler> at Thu Apr 11 12:23:46 2019
</cluster/home/trtim> was used as the home directory.
</cluster/home/trtim/Develop/ose-model-comparison/performance-analysis/2019-04-11> was used as the working directory.
Started at Thu Apr 11 12:23:46 2019
Terminated at Fri Apr 12 12:23:00 2019
Results reported at Fri Apr 12 12:23:00 2019

Your job looked like:

------------------------------------------------------------
# LSBATCH: User input
calliope run ../../build/model/model.yaml --save_netcdf ../../build/output/minus3/01.nc --scenario baseline --override_dict "{run.solver_options.FeasibilityTol: 1e-3, run.solver_options.OptimalityTol: 1e-5}"
------------------------------------------------------------

TERM_RUNLIMIT: job killed after reaching LSF run time limit.
Exited with exit code 140.

Resource usage summary:

    CPU time :                                   96101.12 sec.
    Max Memory :                                 82240 MB
    Average Memory :                             75404.35 MB
    Total Requested Memory :                     96000.00 MB
    Delta Memory :                               13760.00 MB
    Max Swap :                                   -
    Max Processes :                              3
    Max Threads :                                8
    Run time :                                   86357 sec.
    Turnaround time :                            86525 sec.

The output (if any) follows:

Calliope 0.6.4-dev starting at 2019-04-11 12:24:39

/cluster/work/cpesm/trtim/.conda/envs/ose-model-comparison/lib/python3.6/site-packages/dask/config.py:168: YAMLLoadWarning:

calling yaml.load() without Loader=... is deprecated, as the default Loader is unsafe. Please read https://msg.pyyaml.org/load for full details.

[2019-04-11 12:24:39] INFO     Model: initialising
[2019-04-11 12:24:41] INFO     Override applied to run.solver_options.FeasibilityTol: 1e-05 -> 0.001
Override applied to run.solver_options.OptimalityTol: 1e-05 -> 1e-05
[2019-04-11 12:24:41] INFO     Using scenario `baseline` leading to the application of overrides `['diw_assumptions', 'diw_battery_baseline_cost', 'jrc_etri_2014_renewable_costs', 'battery_c_rate', 'equal_interest_rate', 'no_hydrogen']`.
[2019-04-11 12:24:42] INFO     `locations.ALB.techs.hydrogen.exists`:False applied from override as new configuration
`locations.AUT.techs.hydrogen.exists`:False applied from override as new configuration
`locations.BEL.techs.hydrogen.exists`:False applied from override as new configuration
`locations.BGR.techs.hydrogen.exists`:False applied from override as new configuration
`locations.BIH.techs.hydrogen.exists`:False applied from override as new configuration
`locations.CHE.techs.hydrogen.exists`:False applied from override as new configuration
`locations.CYP.techs.hydrogen.exists`:False applied from override as new configuration
`locations.CZE.techs.hydrogen.exists`:False applied from override as new configuration
`locations.DEU.techs.hydrogen.exists`:False applied from override as new configuration
`locations.DNK.techs.hydrogen.exists`:False applied from override as new configuration
`locations.ESP.techs.hydrogen.exists`:False applied from override as new configuration
`locations.EST.techs.hydrogen.exists`:False applied from override as new configuration
`locations.FIN.techs.hydrogen.exists`:False applied from override as new configuration
`locations.FRA.techs.hydrogen.exists`:False applied from override as new configuration
`locations.GBR.techs.hydrogen.exists`:False applied from override as new configuration
`locations.GRC.techs.hydrogen.exists`:False applied from override as new configuration
`locations.HRV.techs.hydrogen.exists`:False applied from override as new configuration
`locations.HUN.techs.hydrogen.exists`:False applied from override as new configuration
`locations.IRL.techs.hydrogen.exists`:False applied from override as new configuration
`locations.ITA.techs.hydrogen.exists`:False applied from override as new configuration
`locations.LTU.techs.hydrogen.exists`:False applied from override as new configuration
`locations.LUX.techs.hydrogen.exists`:False applied from override as new configuration
`locations.LVA.techs.hydrogen.exists`:False applied from override as new configuration
`locations.MKD.techs.hydrogen.exists`:False applied from override as new configuration
`locations.MNE.techs.hydrogen.exists`:False applied from override as new configuration
`locations.NLD.techs.hydrogen.exists`:False applied from override as new configuration
`locations.NOR.techs.hydrogen.exists`:False applied from override as new configuration
`locations.POL.techs.hydrogen.exists`:False applied from override as new configuration
`locations.PRT.techs.hydrogen.exists`:False applied from override as new configuration
`locations.ROU.techs.hydrogen.exists`:False applied from override as new configuration
`locations.SRB.techs.hydrogen.exists`:False applied from override as new configuration
`locations.SVK.techs.hydrogen.exists`:False applied from override as new configuration
`locations.SVN.techs.hydrogen.exists`:False applied from override as new configuration
`locations.SWE.techs.hydrogen.exists`:False applied from override as new configuration
`tech_groups.conversion.costs.monetary.interest_rate`:0.04 applied from override as new configuration
`tech_groups.conversion_plus.costs.monetary.interest_rate`:0.04 applied from override as new configuration
Override applied to tech_groups.pv.costs.monetary.energy_cap: 1401.49 -> 640.0
Override applied to tech_groups.pv.costs.monetary.om_annual: 12.66 -> 10.88
`tech_groups.storage.costs.monetary.interest_rate`:0.04 applied from override as new configuration
`tech_groups.supply.costs.monetary.interest_rate`:0.04 applied from override as new configuration
`tech_groups.supply_plus.costs.monetary.interest_rate`:0.04 applied from override as new configuration
`tech_groups.transmission.costs.monetary.interest_rate`:0.04 applied from override as new configuration
Override applied to tech_groups.wind_onshore.costs.monetary.energy_cap: 1316.28 -> 1300.0
Override applied to tech_groups.wind_onshore.costs.monetary.om_annual: 49.72 -> 28.6
`techs.battery.constraints.energy_cap_per_storage_cap_max`:4 applied from override as new configuration
`techs.battery.constraints.energy_cap_per_storage_cap_min`:0.25 applied from override as new configuration
Override applied to techs.battery.constraints.energy_eff: 0.95 -> 0.9591663046625439
Override applied to techs.battery.constraints.lifetime: 20 -> 12
Override applied to techs.battery.costs.monetary.energy_cap: 713.47 -> 135.14000000000001
`techs.battery.costs.monetary.interest_rate`:0.04 applied from override as new configuration
Override applied to techs.battery.costs.monetary.om_annual: 12.48 -> 0
Override applied to techs.battery.costs.monetary.om_prod: 0.0028 -> 0
Override applied to techs.battery.costs.monetary.storage_cap: 322.73 -> 315.32
Override applied to techs.ccgt.costs.monetary.om_con: 0.03761 -> 0.03168
Override applied to techs.ccgt.costs.monetary.om_prod: 0.000132 -> 0.014832000000000001
Override applied to techs.coal.costs.monetary.om_con: 0.010920000000000001 -> 0.009720000000000001
Override applied to techs.coal.costs.monetary.om_prod: 0.001315 -> 0.025915
Override applied to techs.lignite.costs.monetary.om_con: 0.010920000000000001 -> 0.00396
Override applied to techs.lignite.costs.monetary.om_prod: 0.001315 -> 0.028614999999999998
Override applied to techs.nuclear.costs.monetary.om_con: 0.0064 -> 0.0016899999999999999
Override applied to techs.nuclear.costs.monetary.om_prod: 0.0006580000000000001 -> 0.001018
Override applied to techs.wind_offshore.costs.monetary.energy_cap: 4246.25 -> 2580.0
Override applied to techs.wind_offshore.costs.monetary.om_annual: 113.0 -> 77.4
[2019-04-11 12:24:43] WARNING  Warning: Possible issues found during model processing:
 * `pumped_hydro` at `ALB` has no constraint to explicitly connect `energy_cap` to `storage_cap`, consider defining a `energy_cap_per_storage_cap_min/max/equals` constraint
 * `pumped_hydro` at `CYP` has no constraint to explicitly connect `energy_cap` to `storage_cap`, consider defining a `energy_cap_per_storage_cap_min/max/equals` constraint
 * `pumped_hydro` at `DNK` has no constraint to explicitly connect `energy_cap` to `storage_cap`, consider defining a `energy_cap_per_storage_cap_min/max/equals` constraint
 * `pumped_hydro` at `EST` has no constraint to explicitly connect `energy_cap` to `storage_cap`, consider defining a `energy_cap_per_storage_cap_min/max/equals` constraint
 * `pumped_hydro` at `FIN` has no constraint to explicitly connect `energy_cap` to `storage_cap`, consider defining a `energy_cap_per_storage_cap_min/max/equals` constraint
 * `pumped_hydro` at `HUN` has no constraint to explicitly connect `energy_cap` to `storage_cap`, consider defining a `energy_cap_per_storage_cap_min/max/equals` constraint
 * `pumped_hydro` at `LVA` has no constraint to explicitly connect `energy_cap` to `storage_cap`, consider defining a `energy_cap_per_storage_cap_min/max/equals` constraint
 * `pumped_hydro` at `MKD` has no constraint to explicitly connect `energy_cap` to `storage_cap`, consider defining a `energy_cap_per_storage_cap_min/max/equals` constraint
 * `pumped_hydro` at `MNE` has no constraint to explicitly connect `energy_cap` to `storage_cap`, consider defining a `energy_cap_per_storage_cap_min/max/equals` constraint
 * `pumped_hydro` at `NLD` has no constraint to explicitly connect `energy_cap` to `storage_cap`, consider defining a `energy_cap_per_storage_cap_min/max/equals` constraint

[2019-04-11 12:24:43] INFO     Model: preprocessing stage 1 (model_run)
[2019-04-11 12:24:53] INFO     Model: preprocessing stage 2 (model_data)
[2019-04-11 12:25:08] INFO     Model: preprocessing complete. Time since start: 0:00:28.557905
Model name:   Open Source Modelling -- Euro Calliope model
Model size:   34 locations, 19 technologies, 8760 timesteps

Starting model run...
[2019-04-11 12:25:08] INFO     Backend: starting model run
[2019-04-11 13:19:51] INFO     Backend: model generated. Time since start: 0:55:11.352656
[2019-04-11 13:19:51] INFO     Backend: sending model to solver
[2019-04-11 14:04:32] SOLVER   Parameter OutputFlag unchanged
[2019-04-11 14:04:32] SOLVER   Value: 1  Min: 0  Max: 1  Default: 1
[2019-04-11 14:04:32] SOLVER   Changed value of parameter LogFile to /cluster/work/cpesm/trtim/ose-model-comparison/performance-analysis/2019-04-11/tmpxmir8emb.log
[2019-04-11 14:04:32] SOLVER   Prev: gurobi.log  Default:
[2019-04-11 14:04:32] SOLVER   Changed value of parameter FeasibilityTol to 0.001
[2019-04-11 14:04:32] SOLVER   Prev: 1e-06  Min: 1e-09  Max: 0.01  Default: 1e-06
[2019-04-11 14:04:32] SOLVER   Changed value of parameter Method to 2
[2019-04-11 14:04:32] SOLVER   Prev: -1  Min: -1  Max: 5  Default: -1
[2019-04-11 14:04:32] SOLVER   Changed value of parameter OptimalityTol to 1e-05
[2019-04-11 14:04:32] SOLVER   Prev: 1e-06  Min: 1e-09  Max: 0.01  Default: 1e-06
[2019-04-11 14:04:32] SOLVER   Changed value of parameter Threads to 4
[2019-04-11 14:04:32] SOLVER   Prev: 0  Min: 0  Max: 1024  Default: 0
[2019-04-11 14:04:32] SOLVER   Optimize a model with 22166104 rows, 17558336 columns and 59282184 nonzeros
[2019-04-11 14:04:33] SOLVER   Coefficient statistics:
[2019-04-11 14:04:33] SOLVER   Matrix range     [4e-06, 3e+02]
[2019-04-11 14:04:33] SOLVER   Objective range  [1e+00, 1e+00]
[2019-04-11 14:04:33] SOLVER   Bounds range     [5e-02, 2e+03]
[2019-04-11 14:04:33] SOLVER   RHS range        [7e-03, 2e+03]
[2019-04-11 14:04:39] SOLVER   Presolve removed 8940214 rows and 8052865 columns (presolve time = 6s) ...
[2019-04-11 14:04:44] SOLVER   Presolve removed 15476635 rows and 10209933 columns (presolve time = 11s) ...
[2019-04-11 14:04:48] SOLVER   Presolve removed 15476635 rows and 10385133 columns (presolve time = 15s) ...
[2019-04-11 14:05:00] SOLVER   Presolve removed 17474125 rows and 12382623 columns (presolve time = 27s) ...
[2019-04-11 14:05:04] SOLVER   Presolve removed 17524053 rows and 12382633 columns (presolve time = 31s) ...
[2019-04-11 14:05:09] SOLVER   Presolve removed 17524053 rows and 12382633 columns (presolve time = 36s) ...
[2019-04-11 14:05:09] SOLVER   Presolve removed 17524053 rows and 12382633 columns
[2019-04-11 14:05:09] SOLVER   Presolve time: 37.11s
[2019-04-11 14:05:09] SOLVER   Presolved: 4642051 rows, 5175703 columns, 18951122 nonzeros
[2019-04-11 14:06:02] SOLVER   Ordering time: 0.00s
[2019-04-11 14:06:09] SOLVER   Barrier statistics:
[2019-04-11 14:06:09] SOLVER   Dense cols : 316
[2019-04-11 14:06:09] SOLVER   AA' NZ     : 1.572e+07
[2019-04-11 14:06:09] SOLVER   Factor NZ  : 1.076e+08 (roughly 5.0 GBytes of memory)
[2019-04-11 14:06:09] SOLVER   Factor Ops : 2.989e+10 (roughly 1 second per iteration)
[2019-04-11 14:06:09] SOLVER   Threads    : 4
[2019-04-11 14:06:14] SOLVER   Objective                Residual
[2019-04-11 14:06:14] SOLVER   Iter       Primal          Dual         Primal    Dual     Compl     Time
[2019-04-11 14:06:15] SOLVER   0   1.82950365e+08 -2.31955001e+08  2.94e+07 1.95e-01  9.17e+04   103s
[2019-04-11 14:06:20] SOLVER   1   1.68685851e+08 -2.47939582e+08  1.96e+07 3.01e+01  6.27e+04   108s
[2019-04-11 14:06:26] SOLVER   2   1.67299670e+08 -2.63783181e+08  1.87e+07 2.02e+01  5.28e+04   114s
[2019-04-11 14:06:35] SOLVER   3   1.62204593e+08 -2.97205582e+08  1.59e+07 1.79e+01  4.77e+04   122s
[2019-04-11 14:06:41] SOLVER   4   1.53787810e+08 -6.14565150e+08  1.50e+07 1.60e+01  4.48e+04   129s
[2019-04-11 14:06:46] SOLVER   5   1.38437308e+08 -1.07115734e+09  1.34e+07 1.29e+01  4.02e+04   134s
[2019-04-11 14:06:51] SOLVER   6   1.16098077e+08 -1.40108046e+09  1.18e+07 1.30e+01  3.57e+04   139s
[2019-04-11 14:06:58] SOLVER   7   1.07732690e+08 -2.12906372e+09  1.08e+07 1.03e+01  3.23e+04   145s
[2019-04-11 14:07:06] SOLVER   8   4.81451419e+07 -2.51820893e+09  3.55e+06 8.32e+00  1.29e+04   153s
[2019-04-11 14:07:12] SOLVER   9   2.44905480e+07 -2.60031428e+09  9.23e+05 7.08e+00  5.30e+03   160s
[2019-04-11 14:07:17] SOLVER   10   1.98737258e+07 -2.51781278e+09  4.76e+05 6.01e+00  3.59e+03   165s
[2019-04-11 14:07:22] SOLVER   11   1.77337183e+07 -2.16324706e+09  2.67e+05 4.55e+00  2.47e+03   170s
[2019-04-11 14:07:29] SOLVER   12   1.64362086e+07 -1.18388632e+09  1.40e+05 9.48e-01  8.42e+02   177s
[2019-04-11 14:07:34] SOLVER   13   1.53431656e+07 -7.57751738e+08  4.65e+04 3.94e-01  3.27e+02   182s
[2019-04-11 14:07:40] SOLVER   14   1.51808048e+07 -7.33849678e+08  3.50e+04 3.74e-01  2.83e+02   188s
[2019-04-11 14:07:48] SOLVER   15   1.48054617e+07 -3.22137127e+08  1.02e+04 5.98e-02  7.21e+01   196s
[2019-04-11 14:07:55] SOLVER   16   1.46014450e+07 -2.12210076e+08  8.46e+03 3.08e-02  4.56e+01   202s
[2019-04-11 14:08:00] SOLVER   17   1.26320882e+07 -1.19914700e+08  6.63e+02 1.42e-02  1.66e+01   208s
[2019-04-11 14:08:05] SOLVER   18   1.03483839e+07 -5.42460545e+07  2.84e+02 6.00e-03  7.40e+00   213s
[2019-04-11 14:08:12] SOLVER   19   7.86565413e+06 -2.81248965e+07  1.32e+02 2.89e-03  3.83e+00   219s
[2019-04-11 14:08:17] SOLVER   20   5.86649569e+06 -1.53674705e+07  7.01e+01 1.54e-03  2.14e+00   224s
[2019-04-11 14:08:23] SOLVER   21   4.73334711e+06 -8.04515940e+06  4.80e+01 7.84e-04  1.24e+00   231s
[2019-04-11 14:08:31] SOLVER   22   3.31886472e+06 -4.92545854e+06  2.63e+01 4.68e-04  7.74e-01   239s
[2019-04-11 14:08:37] SOLVER   23   2.47732988e+06 -3.19872098e+06  1.55e+01 3.14e-04  5.23e-01   245s
[2019-04-11 14:08:42] SOLVER   24   2.18894538e+06 -2.48096870e+06  1.25e+01 2.50e-04  4.27e-01   250s
[2019-04-11 14:08:47] SOLVER   25   1.90859831e+06 -2.27201909e+06  9.79e+00 2.31e-04  3.80e-01   255s
[2019-04-11 14:08:54] SOLVER   26   1.63076240e+06 -1.65516811e+06  7.43e+00 1.79e-04  2.97e-01   262s
[2019-04-11 14:08:59] SOLVER   27   1.37303223e+06 -1.20884982e+06  5.09e+00 1.34e-04  2.32e-01   267s
[2019-04-11 14:09:06] SOLVER   28   1.26764852e+06 -8.01542672e+05  3.90e+00 9.74e-05  1.85e-01   273s
[2019-04-11 14:09:13] SOLVER   29   1.06823247e+06 -5.11256705e+05  5.00e-03 7.14e-05  1.40e-01   281s
[2019-04-11 14:09:20] SOLVER   30   1.01089869e+06 -3.12276631e+05  4.62e-03 5.24e-05  1.17e-01   288s
[2019-04-11 14:09:25] SOLVER   31   8.94318200e+05 -1.47199059e+05  3.82e-03 3.67e-05  9.21e-02   293s
[2019-04-11 14:09:30] SOLVER   32   8.71137404e+05 -1.23064861e+05  3.67e-03 3.40e-05  8.78e-02   298s
[2019-04-11 14:09:37] SOLVER   33   8.00093360e+05 -8.65632916e+04  3.25e-03 3.10e-05  7.82e-02   304s
[2019-04-11 14:09:42] SOLVER   34   7.48809570e+05  1.79260694e+04  2.92e-03 2.12e-05  6.44e-02   309s
[2019-04-11 14:09:48] SOLVER   35   6.87185006e+05  5.96306151e+04  2.53e-03 1.66e-05  5.52e-02   316s
[2019-04-11 14:09:56] SOLVER   36   5.73602748e+05  1.19292889e+05  1.89e-03 1.14e-05  3.99e-02   324s
[2019-04-11 14:10:02] SOLVER   37   5.49985178e+05  1.30968664e+05  1.73e-03 1.02e-05  3.68e-02   330s
[2019-04-11 14:10:08] SOLVER   38   4.98117399e+05  1.56956580e+05  1.41e-03 8.06e-06  2.99e-02   335s
[2019-04-11 14:10:12] SOLVER   39   4.77764644e+05  1.62560108e+05  1.28e-03 7.65e-06  2.77e-02   340s
[2019-04-11 14:10:19] SOLVER   40   4.31279259e+05  1.69941979e+05  9.99e-04 7.11e-06  2.29e-02   347s
[2019-04-11 14:10:24] SOLVER   41   4.11267924e+05  1.75638635e+05  8.72e-04 6.67e-06  2.07e-02   352s
[2019-04-11 14:10:31] SOLVER   42   3.93722974e+05  2.05888900e+05  7.73e-04 4.48e-06  1.65e-02   358s
[2019-04-11 14:10:38] SOLVER   43   3.76462208e+05  2.11182273e+05  6.79e-04 4.07e-06  1.45e-02   366s
[2019-04-11 14:10:45] SOLVER   44   3.69170121e+05  2.14981966e+05  6.34e-04 3.78e-06  1.35e-02   373s
[2019-04-11 14:10:50] SOLVER   45   3.64094352e+05  2.18257670e+05  6.02e-04 3.52e-06  1.28e-02   378s
[2019-04-11 14:10:55] SOLVER   46   3.59051919e+05  2.19853717e+05  5.70e-04 3.41e-06  1.22e-02   383s
[2019-04-11 14:11:02] SOLVER   47   3.47246400e+05  2.22305541e+05  4.97e-04 3.23e-06  1.09e-02   389s
[2019-04-11 14:11:09] SOLVER   48   3.42767811e+05  2.27824023e+05  4.68e-04 2.87e-06  1.01e-02   397s
[2019-04-11 14:11:16] SOLVER   49   3.37323357e+05  2.29811921e+05  4.34e-04 2.73e-06  9.42e-03   404s
[2019-04-11 14:11:21] SOLVER   50   3.32234730e+05  2.32498754e+05  4.00e-04 2.53e-06  8.74e-03   409s
[2019-04-11 14:11:26] SOLVER   51   3.26317260e+05  2.34042726e+05  3.61e-04 2.43e-06  8.08e-03   414s
[2019-04-11 14:11:31] SOLVER   52   3.24242996e+05  2.34761029e+05  3.47e-04 2.39e-06  7.84e-03   419s
[2019-04-11 14:11:38] SOLVER   53   3.22063805e+05  2.36236267e+05  3.34e-04 2.29e-06  7.52e-03   425s
[2019-04-11 14:11:46] SOLVER   54   3.19512628e+05  2.39295360e+05  3.18e-04 2.09e-06  7.03e-03   433s
[2019-04-11 14:11:52] SOLVER   55   3.18660055e+05  2.39971318e+05  3.12e-04 2.05e-06  6.89e-03   440s
[2019-04-11 14:11:57] SOLVER   56   3.16504826e+05  2.40860581e+05  2.98e-04 1.99e-06  6.62e-03   445s
[2019-04-11 14:12:02] SOLVER   57   3.13314091e+05  2.41478311e+05  2.76e-04 1.95e-06  6.29e-03   450s
[2019-04-11 14:12:09] SOLVER   58   3.11953910e+05  2.42604809e+05  2.67e-04 1.96e-06  6.07e-03   456s
[2019-04-11 14:12:14] SOLVER   59   3.10553538e+05  2.43388849e+05  2.58e-04 2.03e-06  5.88e-03   462s
[2019-04-11 14:12:20] SOLVER   60   3.08852403e+05  2.44660010e+05  2.47e-04 1.96e-06  5.62e-03   468s
[2019-04-11 14:12:28] SOLVER   61   3.07477669e+05  2.45554170e+05  2.38e-04 1.91e-06  5.42e-03   476s
[2019-04-11 14:12:34] SOLVER   62   3.06453143e+05  2.46259448e+05  2.31e-04 1.87e-06  5.27e-03   482s
[2019-04-11 14:12:40] SOLVER   63   3.05610101e+05  2.47317806e+05  2.25e-04 1.81e-06  5.10e-03   487s
[2019-04-11 14:12:45] SOLVER   64   3.04860904e+05  2.47519723e+05  2.20e-04 1.80e-06  5.02e-03   492s
[2019-04-11 14:12:51] SOLVER   65   3.04046135e+05  2.48230826e+05  2.15e-04 1.75e-06  4.89e-03   499s
[2019-04-11 14:13:00] SOLVER   66   1.82950365e+08 -5.41610267e+09  2.94e+07 1.95e-01  2.14e+06   508s
[2019-04-11 14:13:06] SOLVER   67   1.73504585e+08 -5.93494770e+09  2.02e+07 7.18e+02  1.54e+06   514s
[2019-04-11 14:13:14] SOLVER   68   1.72035021e+08 -6.31895486e+09  1.91e+07 4.79e+02  1.28e+06   522s
[2019-04-11 14:13:21] SOLVER   69   1.67699042e+08 -6.74962395e+09  1.68e+07 4.39e+02  1.20e+06   528s
[2019-04-11 14:13:26] SOLVER   70   1.66747915e+08 -2.40264126e+10  1.63e+07 3.54e+02  1.18e+06   533s
[2019-04-11 14:13:31] SOLVER   71   1.46753295e+08 -3.08920731e+10  1.38e+07 3.02e+02  1.01e+06   538s
[2019-04-11 14:13:37] SOLVER   72   1.25735556e+08 -3.37846080e+10  1.19e+07 2.84e+02  8.76e+05   545s
[2019-04-11 14:13:45] SOLVER   73   1.11846182e+08 -9.96341214e+10  1.03e+07 1.52e+02  7.38e+05   553s
[2019-04-11 14:13:51] SOLVER   74   5.12170597e+07 -1.01747567e+11  3.69e+06 1.28e+02  3.08e+05   559s
[2019-04-11 14:13:56] SOLVER   75   2.30345811e+07 -9.65559228e+10  8.02e+05 1.04e+02  1.01e+05   564s
[2019-04-11 14:14:01] SOLVER   76   2.04784159e+07 -8.81483273e+10  5.44e+05 8.91e+01  7.63e+04   569s
[2019-04-11 14:14:08] SOLVER   77   1.74996187e+07 -7.25783543e+10  2.66e+05 6.54e+01  4.66e+04   576s
[2019-04-11 14:14:13] SOLVER   78   1.59926280e+07 -5.57658933e+10  1.17e+05 4.46e+01  2.75e+04   580s
[2019-04-11 14:14:19] SOLVER   79   1.52754008e+07 -2.85498277e+10  4.53e+04 1.65e+01  1.09e+04   587s
[2019-04-11 14:14:27] SOLVER   80   1.50666568e+07 -1.04062865e+10  1.15e+04 2.37e+00  2.35e+03   595s
[2019-04-11 14:14:34] SOLVER   81   1.49922331e+07 -2.68899096e+09  1.34e+03 2.77e-01  3.72e+02   602s
[2019-04-11 14:14:39] SOLVER   82   1.48144555e+07 -4.73402765e+08  1.10e+02 3.81e-02  5.67e+01   607s
[2019-04-11 14:14:44] SOLVER   83   1.36328955e+07 -1.63048893e+08  2.54e-08 1.12e-02  1.91e+01   612s
[2019-04-11 14:14:51] SOLVER   84   1.13001307e+07 -8.47101324e+07  2.10e-08 5.40e-03  9.97e+00   618s
[2019-04-11 14:14:56] SOLVER   85   8.65320163e+06 -6.19552840e+07  1.28e-08 3.83e-03  7.10e+00   623s
[2019-04-11 14:15:02] SOLVER   86   6.55550036e+06 -3.62926312e+07  7.10e-09 2.10e-03  4.16e+00   630s
[2019-04-11 14:15:10] SOLVER   87   4.75867024e+06 -1.85902494e+07  4.17e-09 1.08e-03  2.21e+00   637s
[2019-04-11 14:15:16] SOLVER   88   3.91865760e+06 -1.14348764e+07  3.05e-09 6.58e-04  1.43e+00   644s
[2019-04-11 14:15:21] SOLVER   89   3.23752309e+06 -7.46318804e+06  2.55e-09 4.35e-04  9.84e-01   649s
[2019-04-11 14:15:27] SOLVER   90   2.74647158e+06 -5.46598225e+06  1.98e-09 3.23e-04  7.48e-01   654s
[2019-04-11 14:15:33] SOLVER   91   2.44227863e+06 -5.30216945e+06  1.68e-09 3.13e-04  7.03e-01   660s
[2019-04-11 14:15:38] SOLVER   92   2.00799343e+06 -4.90930304e+06  1.21e-09 2.91e-04  6.24e-01   665s
[2019-04-11 14:15:44] SOLVER   93   1.73373119e+06 -2.87715000e+06  9.53e-10 1.78e-04  4.13e-01   672s
[2019-04-11 14:15:52] SOLVER   94   1.27197200e+06 -1.78940046e+06  5.44e-10 1.14e-04  2.72e-01   680s
[2019-04-11 14:15:59] SOLVER   95   1.08117884e+06 -1.18257114e+06  4.17e-10 7.80e-05  2.00e-01   686s
[2019-04-11 14:16:03] SOLVER   96   9.84502365e+05 -9.23622993e+05  3.60e-10 6.29e-05  1.69e-01   691s
[2019-04-11 14:16:09] SOLVER   97   8.88706190e+05 -6.16631138e+05  3.04e-10 4.48e-05  1.33e-01   696s
[2019-04-11 14:16:15] SOLVER   98   7.86545283e+05 -4.41619401e+05  2.48e-10 3.58e-05  1.08e-01   703s
[2019-04-11 14:16:20] SOLVER   99   6.78948286e+05 -2.80372326e+05  1.89e-10 2.83e-05  8.44e-02   707s
[2019-04-11 14:16:26] SOLVER   100   6.38659327e+05 -8.09665010e+04  1.70e-10 1.77e-05  6.32e-02   714s
[2019-04-11 14:16:34] SOLVER   101   5.62292755e+05 -6.16483203e+03  1.32e-10 1.36e-05  4.99e-02   722s
[2019-04-11 14:16:41] SOLVER   102   5.46116140e+05  5.62224197e+04  1.25e-10 1.06e-05  4.30e-02   728s
[2019-04-11 14:16:46] SOLVER   103   5.00056688e+05  7.58910889e+04  1.03e-10 9.49e-06  3.72e-02   733s
[2019-04-11 14:16:51] SOLVER   104   4.61403210e+05  9.67904870e+04  8.54e-11 8.49e-06  3.20e-02   738s
[2019-04-11 14:16:57] SOLVER   105   4.51640067e+05  1.26535953e+05  8.09e-11 7.05e-06  2.85e-02   745s
[2019-04-11 14:17:02] SOLVER   106   4.29079470e+05  1.47054450e+05  7.04e-11 5.95e-06  2.47e-02   750s
[2019-04-11 14:17:09] SOLVER   107   4.01840020e+05  1.68446964e+05  5.80e-11 4.81e-06  2.04e-02   756s
[2019-04-11 14:17:16] SOLVER   108   3.83553541e+05  1.87938822e+05  5.03e-11 3.84e-06  1.71e-02   764s
[2019-04-11 14:17:23] SOLVER   109   3.69073789e+05  1.97505667e+05  4.41e-11 3.41e-06  1.50e-02   770s
[2019-04-11 14:17:28] SOLVER   110   3.66107125e+05  2.02768317e+05  4.27e-11 3.15e-06  1.43e-02   775s
[2019-04-11 14:17:33] SOLVER   111   3.60646329e+05  2.05662966e+05  4.02e-11 3.00e-06  1.36e-02   781s
[2019-04-11 14:17:39] SOLVER   112   3.51455889e+05  2.13399521e+05  4.26e-11 2.66e-06  1.21e-02   787s
[2019-04-11 14:17:44] SOLVER   113   3.46763113e+05  2.16398088e+05  4.51e-11 2.51e-06  1.14e-02   792s
[2019-04-11 14:17:51] SOLVER   114   3.39160838e+05  2.22305322e+05  3.05e-11 2.25e-06  1.02e-02   798s
[2019-04-11 14:17:58] SOLVER   115   3.29376325e+05  2.26388159e+05  5.08e-11 2.06e-06  9.02e-03   806s
[2019-04-11 14:18:05] SOLVER   116   3.26979985e+05  2.29697895e+05  4.29e-11 1.91e-06  8.52e-03   813s
[2019-04-11 14:18:10] SOLVER   117   3.25391109e+05  2.30702577e+05  3.96e-11 1.87e-06  8.29e-03   818s
[2019-04-11 14:18:15] SOLVER   118   3.23687035e+05  2.31891981e+05  4.28e-11 1.81e-06  8.04e-03   823s
[2019-04-11 14:18:21] SOLVER   119   3.21407910e+05  2.35093705e+05  4.32e-11 1.67e-06  7.56e-03   829s
[2019-04-11 14:18:26] SOLVER   120   3.19052029e+05  2.36533930e+05  4.28e-11 1.61e-06  7.22e-03   834s
[2019-04-11 14:18:33] SOLVER   121   3.16542946e+05  2.38094618e+05  4.55e-11 1.54e-06  6.87e-03   841s
[2019-04-11 14:18:41] SOLVER   122   3.12867018e+05  2.41077919e+05  7.52e-11 1.41e-06  6.28e-03   848s
[2019-04-11 14:18:47] SOLVER   123   3.10020910e+05  2.43016727e+05  9.46e-11 1.32e-06  5.86e-03   855s
[2019-04-11 14:18:52] SOLVER   124   3.08804223e+05  2.44254923e+05  7.97e-11 1.26e-06  5.65e-03   860s
[2019-04-11 14:18:57] SOLVER   125   3.07845380e+05  2.44989940e+05  7.84e-11 1.23e-06  5.50e-03   865s
[2019-04-11 14:19:03] SOLVER   126   3.06303280e+05  2.46041016e+05  8.72e-11 1.18e-06  5.27e-03   871s
[2019-04-11 14:19:12] SOLVER   127   3.03986079e+05  2.48166341e+05  8.48e-11 1.08e-06  4.89e-03   879s
[2019-04-11 14:19:18] SOLVER   128   3.02152368e+05  2.50055556e+05  8.96e-11 9.99e-07  4.56e-03   885s
[2019-04-11 14:19:23] SOLVER   129   3.00917368e+05  2.50559853e+05  8.49e-11 9.74e-07  4.41e-03   891s
[2019-04-11 14:19:28] SOLVER   130   2.99963220e+05  2.50815457e+05  1.03e-10 9.62e-07  4.30e-03   896s
[2019-04-11 14:19:33] SOLVER   131   2.98824020e+05  2.51229448e+05  1.01e-10 9.44e-07  4.17e-03   901s
[2019-04-11 14:19:40] SOLVER   132   2.97406390e+05  2.52046503e+05  1.00e-10 9.07e-07  3.97e-03   908s
[2019-04-11 14:19:48] SOLVER   133   2.96317105e+05  2.52912760e+05  1.01e-10 8.69e-07  3.80e-03   915s
[2019-04-11 14:19:54] SOLVER   134   2.95045457e+05  2.53942883e+05  9.37e-11 8.23e-07  3.60e-03   922s
[2019-04-11 14:19:59] SOLVER   135   2.94549802e+05  2.54641145e+05  9.27e-11 7.92e-07  3.49e-03   927s
[2019-04-11 14:20:04] SOLVER   136   2.93958208e+05  2.54975792e+05  9.50e-11 7.77e-07  3.41e-03   932s
[2019-04-11 14:20:11] SOLVER   137   2.93190598e+05  2.55667072e+05  8.41e-11 7.47e-07  3.28e-03   938s
[2019-04-11 14:20:16] SOLVER   138   2.92753583e+05  2.56280876e+05  8.59e-11 7.19e-07  3.19e-03   943s
[2019-04-11 14:20:22] SOLVER   139   2.91820052e+05  2.56845797e+05  9.54e-11 6.95e-07  3.06e-03   950s
[2019-04-11 14:20:30] SOLVER   140   2.90878907e+05  2.58016009e+05  9.53e-11 6.44e-07  2.88e-03   958s
[2019-04-11 14:20:37] SOLVER   141   2.90040985e+05  2.58828530e+05  1.01e-10 6.08e-07  2.73e-03   964s
[2019-04-11 14:20:42] SOLVER   142   2.89347704e+05  2.59076483e+05  9.77e-11 5.97e-07  2.65e-03   969s
[2019-04-11 14:20:47] SOLVER   143   2.88884028e+05  2.59843128e+05  9.83e-11 5.63e-07  2.54e-03   974s
[2019-04-11 14:20:53] SOLVER   144   2.87774157e+05  2.60508901e+05  9.07e-11 5.34e-07  2.39e-03   981s
[2019-04-11 14:20:58] SOLVER   145   2.87109423e+05  2.61216415e+05  9.01e-11 5.03e-07  2.27e-03   986s
[2019-04-11 14:21:05] SOLVER   146   2.86775291e+05  2.61680548e+05  8.58e-11 4.82e-07  2.20e-03   993s
[2019-04-11 14:21:13] SOLVER   147   2.85745568e+05  2.63526090e+05  9.79e-11 4.01e-07  1.94e-03  1000s
[2019-04-11 14:21:19] SOLVER   148   2.84876694e+05  2.63614814e+05  1.21e-10 3.96e-07  1.86e-03  1007s
[2019-04-11 14:21:24] SOLVER   149   2.84419724e+05  2.64010912e+05  1.22e-10 3.78e-07  1.79e-03  1012s
[2019-04-11 14:21:29] SOLVER   150   2.84141793e+05  2.64301978e+05  1.23e-10 3.65e-07  1.74e-03  1017s
[2019-04-11 14:21:36] SOLVER   151   2.83679991e+05  2.64846847e+05  1.18e-10 3.40e-07  1.65e-03  1024s
[2019-04-11 14:21:41] SOLVER   152   2.83450040e+05  2.65155769e+05  1.18e-10 3.26e-07  1.60e-03  1029s
[2019-04-11 14:21:48] SOLVER   153   2.82866312e+05  2.65291108e+05  1.29e-10 3.20e-07  1.54e-03  1035s
[2019-04-11 14:21:55] SOLVER   154   2.82365980e+05  2.65876732e+05  1.04e-10 2.93e-07  1.44e-03  1043s
[2019-04-11 14:22:02] SOLVER   155   2.81873440e+05  2.66165430e+05  1.05e-10 2.80e-07  1.37e-03  1050s
[2019-04-11 14:22:07] SOLVER   156   2.81551350e+05  2.66384470e+05  9.42e-11 2.70e-07  1.33e-03  1055s
[2019-04-11 14:22:12] SOLVER   157   2.81331802e+05  2.66634517e+05  9.26e-11 2.59e-07  1.29e-03  1060s
[2019-04-11 14:22:19] SOLVER   158   2.81196430e+05  2.66825373e+05  9.52e-11 2.50e-07  1.26e-03  1066s
[2019-04-11 14:22:24] SOLVER   159   2.80851326e+05  2.66924906e+05  1.02e-10 2.45e-07  1.22e-03  1071s
[2019-04-11 14:22:30] SOLVER   160   2.80527063e+05  2.67228903e+05  7.89e-11 2.32e-07  1.16e-03  1078s
[2019-04-11 14:22:38] SOLVER   161   2.80003741e+05  2.67458617e+05  2.16e-10 2.21e-07  1.10e-03  1086s
[2019-04-11 14:22:45] SOLVER   162   2.79796547e+05  2.67606797e+05  2.09e-10 2.15e-07  1.07e-03  1092s
[2019-04-11 14:22:50] SOLVER   163   2.79637798e+05  2.67713743e+05  2.02e-10 2.10e-07  1.04e-03  1098s
[2019-04-11 14:22:55] SOLVER   164   2.79521795e+05  2.67876762e+05  2.49e-10 2.03e-07  1.02e-03  1103s
[2019-04-11 14:23:02] SOLVER   165   2.79120606e+05  2.68135807e+05  4.26e-10 1.91e-07  9.61e-04  1109s
[2019-04-11 14:23:06] SOLVER   166   2.79046199e+05  2.68318095e+05  4.31e-10 1.83e-07  9.39e-04  1114s
[2019-04-11 14:23:13] SOLVER   167   2.78853094e+05  2.68348586e+05  4.48e-10 1.81e-07  9.19e-04  1121s
[2019-04-11 14:23:20] SOLVER   168   2.78776715e+05  2.68527098e+05  4.91e-10 1.74e-07  8.97e-04  1127s
[2019-04-11 14:23:29] SOLVER   169   2.78467048e+05  2.68921027e+05  7.63e-10 1.57e-07  8.35e-04  1137s
[2019-04-11 14:23:37] SOLVER   170   2.78354243e+05  2.69214100e+05  8.26e-10 1.45e-07  8.00e-04  1145s
[2019-04-11 14:23:44] SOLVER   171   2.78139919e+05  2.69329685e+05  9.70e-10 1.40e-07  7.71e-04  1151s
[2019-04-11 14:23:49] SOLVER   172   2.78058486e+05  2.69354763e+05  9.82e-10 1.39e-07  7.62e-04  1156s
[2019-04-11 14:23:54] SOLVER   173   2.77977484e+05  2.69409905e+05  9.51e-10 1.37e-07  7.50e-04  1162s
[2019-04-11 14:23:59] SOLVER   174   2.77896347e+05  2.69526075e+05  9.01e-10 1.32e-07  7.32e-04  1167s
[2019-04-11 14:24:04] SOLVER   175   2.77704631e+05  2.69580365e+05  7.37e-10 1.30e-07  7.11e-04  1172s
[2019-04-11 14:24:09] SOLVER   176   2.77649883e+05  2.69665655e+05  7.62e-10 1.26e-07  6.99e-04  1177s
[2019-04-11 14:24:15] SOLVER   177   2.77489206e+05  2.69703026e+05  9.70e-10 1.24e-07  6.81e-04  1182s
[2019-04-11 14:24:21] SOLVER   178   2.77425659e+05  2.69745801e+05  9.88e-10 1.23e-07  6.72e-04  1189s
[2019-04-11 14:24:26] SOLVER   179   2.77360702e+05  2.69860845e+05  9.38e-10 1.18e-07  6.56e-04  1194s
[2019-04-11 14:24:32] SOLVER   180   2.77241317e+05  2.69890568e+05  1.06e-09 1.17e-07  6.43e-04  1200s
[2019-04-11 14:24:40] SOLVER   181   2.77170842e+05  2.69957271e+05  1.11e-09 1.14e-07  6.31e-04  1208s
[2019-04-11 14:24:47] SOLVER   182   2.77093028e+05  2.70034478e+05  1.06e-09 1.11e-07  6.18e-04  1214s
[2019-04-11 14:24:52] SOLVER   183   2.76974862e+05  2.70084716e+05  1.07e-09 1.09e-07  6.03e-04  1220s
[2019-04-11 14:24:57] SOLVER   184   2.76904752e+05  2.70115552e+05  1.11e-09 1.07e-07  5.94e-04  1225s
[2019-04-11 14:25:04] SOLVER   185   2.76719459e+05  2.70293351e+05  1.09e-09 1.00e-07  5.62e-04  1231s
[2019-04-11 14:25:09] SOLVER   186   2.76565545e+05  2.70349800e+05  8.87e-10 9.80e-08  5.44e-04  1236s
[2019-04-11 14:25:15] SOLVER   187   2.76384838e+05  2.70402944e+05  8.58e-10 9.59e-08  5.23e-04  1243s
[2019-04-11 14:25:23] SOLVER   188   2.76175864e+05  2.70540275e+05  8.60e-10 9.05e-08  4.93e-04  1251s
[2019-04-11 14:25:29] SOLVER   189   2.75980111e+05  2.70737824e+05  7.32e-10 8.25e-08  4.59e-04  1257s
[2019-04-11 14:25:35] SOLVER   190   2.75888518e+05  2.70819161e+05  7.61e-10 7.89e-08  4.44e-04  1262s
[2019-04-11 14:25:40] SOLVER   191   2.75780369e+05  2.70862907e+05  9.17e-10 7.72e-08  4.30e-04  1267s
[2019-04-11 14:25:46] SOLVER   192   2.75665478e+05  2.70937003e+05  7.90e-10 7.42e-08  4.14e-04  1274s
[2019-04-11 14:25:51] SOLVER   193   2.75511703e+05  2.70974184e+05  7.34e-10 7.27e-08  3.97e-04  1279s
[2019-04-11 14:25:58] SOLVER   194   2.75477719e+05  2.71040530e+05  7.65e-10 7.01e-08  3.88e-04  1285s
[2019-04-11 14:26:06] SOLVER   195   2.75373684e+05  2.71143982e+05  9.50e-10 6.60e-08  3.70e-04  1293s
[2019-04-11 14:26:12] SOLVER   196   2.75226742e+05  2.71208204e+05  1.10e-09 6.35e-08  3.52e-04  1300s
[2019-04-11 14:26:17] SOLVER   197   2.75173746e+05  2.71265810e+05  1.05e-09 6.12e-08  3.42e-04  1305s
[2019-04-11 14:26:22] SOLVER   198   2.75129387e+05  2.71307071e+05  1.01e-09 5.96e-08  3.34e-04  1310s
[2019-04-11 14:26:29] SOLVER   199   2.75080042e+05  2.71362956e+05  8.10e-10 5.74e-08  3.25e-04  1316s
[2019-04-11 14:26:34] SOLVER   200   2.75041145e+05  2.71397822e+05  6.58e-10 5.61e-08  3.19e-04  1322s
[2019-04-11 14:26:40] SOLVER   201   2.74947374e+05  2.71433266e+05  7.35e-10 5.47e-08  3.07e-04  1328s
[2019-04-11 14:26:48] SOLVER   202   2.74888377e+05  2.71481066e+05  6.53e-10 5.28e-08  2.98e-04  1336s
[2019-04-11 14:26:55] SOLVER   203   2.74837528e+05  2.71521490e+05  7.59e-10 5.11e-08  2.90e-04  1342s
[2019-04-11 14:27:00] SOLVER   204   2.74802501e+05  2.71549034e+05  6.97e-10 5.00e-08  2.85e-04  1348s
[2019-04-11 14:27:05] SOLVER   205   2.74793688e+05  2.71564072e+05  6.93e-10 4.94e-08  2.83e-04  1353s
[2019-04-11 14:27:12] SOLVER   206   2.74702433e+05  2.71583217e+05  6.70e-10 4.87e-08  2.73e-04  1359s
[2019-04-11 14:27:17] SOLVER   207   2.74642262e+05  2.71590466e+05  6.08e-10 4.84e-08  2.67e-04  1364s
[2019-04-11 14:27:23] SOLVER   208   2.74625815e+05  2.71626853e+05  6.03e-10 4.69e-08  2.62e-04  1371s
[2019-04-11 14:27:31] SOLVER   209   2.74608682e+05  2.71635761e+05  7.77e-10 4.66e-08  2.60e-04  1379s
[2019-04-11 14:27:37] SOLVER   210   2.74532207e+05  2.71666789e+05  9.01e-10 4.53e-08  2.51e-04  1385s
[2019-04-11 14:27:43] SOLVER   211   2.74475258e+05  2.71672840e+05  9.90e-10 4.51e-08  2.45e-04  1391s
[2019-04-11 14:27:48] SOLVER   212   2.74464439e+05  2.71703318e+05  1.04e-09 4.39e-08  2.42e-04  1395s
[2019-04-11 14:27:54] SOLVER   213   2.74409600e+05  2.71741280e+05  2.05e-09 4.24e-08  2.33e-04  1402s
[2019-04-11 14:28:00] SOLVER   214   2.74372943e+05  2.71773234e+05  2.11e-09 4.12e-08  2.27e-04  1407s
[2019-04-11 14:28:06] SOLVER   215   2.74351622e+05  2.71801459e+05  2.21e-09 4.00e-08  2.23e-04  1413s
[2019-04-11 14:28:13] SOLVER   216   2.74310834e+05  2.71828229e+05  1.91e-09 3.90e-08  2.17e-04  1420s
[2019-04-11 14:28:21] SOLVER   217   2.74251137e+05  2.71906766e+05  1.84e-09 3.56e-08  2.05e-04  1428s
[2019-04-11 14:28:27] SOLVER   218   2.74246453e+05  2.71917388e+05  1.79e-09 3.52e-08  2.04e-04  1435s
[2019-04-11 14:28:34] SOLVER   219   2.74197173e+05  2.71957194e+05  1.91e-09 3.37e-08  1.96e-04  1441s
[2019-04-11 14:28:39] SOLVER   220   2.74131462e+05  2.71958484e+05  1.69e-09 3.37e-08  1.90e-04  1447s
[2019-04-11 14:28:44] SOLVER   221   2.74097653e+05  2.71981818e+05  1.60e-09 3.28e-08  1.85e-04  1452s
[2019-04-11 14:28:49] SOLVER   222   2.74073014e+05  2.71996597e+05  1.58e-09 3.22e-08  1.82e-04  1457s
[2019-04-11 14:28:56] SOLVER   223   2.74009176e+05  2.72047000e+05  1.13e-09 3.03e-08  1.72e-04  1463s
[2019-04-11 14:29:01] SOLVER   224   2.73978692e+05  2.72063825e+05  1.12e-09 2.97e-08  1.68e-04  1468s
[2019-04-11 14:29:07] SOLVER   225   2.73959803e+05  2.72076125e+05  8.88e-10 2.92e-08  1.65e-04  1475s
[2019-04-11 14:29:15] SOLVER   226   2.73918637e+05  2.72098779e+05  9.82e-10 2.84e-08  1.59e-04  1483s
[2019-04-11 14:29:22] SOLVER   227   2.73869536e+05  2.72123458e+05  7.77e-10 2.75e-08  1.53e-04  1489s
[2019-04-11 14:29:27] SOLVER   228   2.73817194e+05  2.72138994e+05  6.51e-10 2.70e-08  1.47e-04  1494s
[2019-04-11 14:29:32] SOLVER   229   2.73796579e+05  2.72160581e+05  7.20e-10 2.62e-08  1.43e-04  1499s
[2019-04-11 14:29:38] SOLVER   230   2.73739649e+05  2.72183519e+05  6.06e-10 2.53e-08  1.36e-04  1506s
[2019-04-11 14:29:43] SOLVER   231   2.73716125e+05  2.72208427e+05  6.30e-10 2.44e-08  1.32e-04  1511s
[2019-04-11 14:29:50] SOLVER   232   2.73705918e+05  2.72244073e+05  6.32e-10 2.31e-08  1.28e-04  1517s
[2019-04-11 14:29:57] SOLVER   233   2.73683836e+05  2.72276045e+05  5.91e-10 2.20e-08  1.23e-04  1525s
[2019-04-11 14:30:04] SOLVER   234   2.73657709e+05  2.72284501e+05  5.88e-10 2.17e-08  1.20e-04  1532s
[2019-04-11 14:30:09] SOLVER   235   2.73628425e+05  2.72296454e+05  5.92e-10 2.13e-08  1.17e-04  1537s
[2019-04-11 14:30:14] SOLVER   236   2.73600030e+05  2.72313953e+05  6.24e-10 2.07e-08  1.13e-04  1542s
[2019-04-11 14:30:21] SOLVER   237   2.73572193e+05  2.72339564e+05  6.88e-10 1.98e-08  1.08e-04  1548s
[2019-04-11 14:30:25] SOLVER   238   2.73557475e+05  2.72385411e+05  7.04e-10 1.82e-08  1.03e-04  1553s
[2019-04-11 14:30:32] SOLVER   239   2.73518399e+05  2.72397758e+05  1.37e-09 1.78e-08  9.81e-05  1560s
[2019-04-11 14:30:41] SOLVER   240   2.73514211e+05  2.72405024e+05  1.40e-09 1.76e-08  9.71e-05  1568s
[2019-04-11 14:30:47] SOLVER   241   2.73494360e+05  2.72414631e+05  1.64e-09 1.73e-08  9.45e-05  1575s
[2019-04-11 14:30:52] SOLVER   242   2.73487065e+05  2.72423813e+05  1.74e-09 1.69e-08  9.30e-05  1580s
[2019-04-11 14:30:57] SOLVER   243   2.73483063e+05  2.72428774e+05  1.75e-09 1.67e-08  9.22e-05  1585s
[2019-04-11 14:31:04] SOLVER   244   2.73453075e+05  2.72459436e+05  1.55e-09 1.57e-08  8.69e-05  1591s
[2019-04-11 14:31:12] SOLVER   245   2.73424760e+05  2.72476890e+05  1.26e-09 1.50e-08  8.29e-05  1599s
[2019-04-11 14:31:18] SOLVER   246   2.73405125e+05  2.72491406e+05  1.02e-09 1.45e-08  7.99e-05  1606s
[2019-04-11 14:31:24] SOLVER   247   2.73400182e+05  2.72497875e+05  1.04e-09 1.43e-08  7.89e-05  1611s
[2019-04-11 14:31:29] SOLVER   248   2.73389008e+05  2.72500911e+05  1.18e-09 1.42e-08  7.77e-05  1617s
[2019-04-11 14:31:35] SOLVER   249   2.73384118e+05  2.72524868e+05  1.20e-09 1.33e-08  7.52e-05  1623s
[2019-04-11 14:31:41] SOLVER   250   2.73371192e+05  2.72535612e+05  9.71e-10 1.29e-08  7.31e-05  1628s
[2019-04-11 14:31:48] SOLVER   251   2.73355797e+05  2.72550285e+05  1.27e-09 1.24e-08  7.05e-05  1635s
[2019-04-11 14:31:54] SOLVER   252   2.73341887e+05  2.72557056e+05  1.08e-09 1.22e-08  6.87e-05  1642s
[2019-04-11 14:32:05] SOLVER   253   2.73328058e+05  2.72568478e+05  1.39e-09 1.18e-08  6.65e-05  1652s
[2019-04-11 14:32:13] SOLVER   254   2.73312946e+05  2.72578306e+05  1.24e-09 1.15e-08  6.43e-05  1660s
[2019-04-11 14:32:19] SOLVER   255   2.73298384e+05  2.72594325e+05  1.33e-09 1.09e-08  6.16e-05  1666s
[2019-04-11 14:32:25] SOLVER   256   2.73292526e+05  2.72597394e+05  1.38e-09 1.08e-08  6.08e-05  1673s
[2019-04-11 14:32:30] SOLVER   257   2.73283981e+05  2.72601885e+05  1.35e-09 1.07e-08  5.97e-05  1678s
[2019-04-11 14:32:35] SOLVER   258   2.73282646e+05  2.72605977e+05  1.35e-09 1.05e-08  5.92e-05  1683s
[2019-04-11 14:32:40] SOLVER   259   2.73268767e+05  2.72613244e+05  1.35e-09 1.03e-08  5.74e-05  1688s
[2019-04-11 14:32:46] SOLVER   260   2.73265192e+05  2.72619849e+05  1.33e-09 1.00e-08  5.65e-05  1694s
[2019-04-11 14:32:51] SOLVER   261   2.73251893e+05  2.72628156e+05  1.46e-09 9.70e-09  5.46e-05  1699s
[2019-04-11 14:32:58] SOLVER   262   2.73231248e+05  2.72641319e+05  1.74e-09 9.24e-09  5.16e-05  1706s
[2019-04-11 14:33:06] SOLVER   263   2.73219228e+05  2.72654528e+05  2.01e-09 8.77e-09  4.94e-05  1714s
[2019-04-11 14:33:14] SOLVER   264   2.73215841e+05  2.72662949e+05  2.26e-09 8.47e-09  4.84e-05  1721s
[2019-04-11 14:33:19] SOLVER   265   2.73208086e+05  2.72669791e+05  2.07e-09 8.22e-09  4.71e-05  1726s
[2019-04-11 14:33:25] SOLVER   266   2.73203118e+05  2.72674967e+05  2.11e-09 8.03e-09  4.62e-05  1732s
[2019-04-11 14:33:32] SOLVER   267   2.73191155e+05  2.72680922e+05  2.30e-09 7.81e-09  4.46e-05  1739s
[2019-04-11 14:33:38] SOLVER   268   2.73186099e+05  2.72684708e+05  2.07e-09 7.68e-09  4.39e-05  1746s
[2019-04-11 14:33:45] SOLVER   269   2.73179432e+05  2.72689252e+05  2.11e-09 7.52e-09  4.29e-05  1752s
[2019-04-11 14:33:50] SOLVER   270   2.73178454e+05  2.72691914e+05  2.12e-09 7.42e-09  4.26e-05  1758s
[2019-04-11 14:33:56] SOLVER   271   2.73163897e+05  2.72697032e+05  2.06e-09 7.24e-09  4.08e-05  1764s
[2019-04-11 14:34:03] SOLVER   272   2.73160869e+05  2.72702915e+05  1.93e-09 7.02e-09  4.01e-05  1770s
[2019-04-11 14:34:10] SOLVER   273   2.73152952e+05  2.72706574e+05  1.86e-09 6.89e-09  3.91e-05  1778s
[2019-04-11 14:34:15] SOLVER   274   2.73147696e+05  2.72710728e+05  1.66e-09 6.73e-09  3.82e-05  1782s
[2019-04-11 14:34:22] SOLVER   275   2.73146462e+05  2.72711737e+05  1.67e-09 6.70e-09  3.80e-05  1790s
[2019-04-11 14:34:30] SOLVER   276   2.73135445e+05  2.72722019e+05  1.94e-09 6.30e-09  3.62e-05  1798s
[2019-04-11 14:34:36] SOLVER   277   2.73126079e+05  2.72725371e+05  2.02e-09 6.17e-09  3.51e-05  1804s
[2019-04-11 14:34:42] SOLVER   278   2.73121993e+05  2.72726673e+05  2.24e-09 6.12e-09  3.46e-05  1810s
[2019-04-11 14:34:48] SOLVER   279   2.73114334e+05  2.72732989e+05  2.72e-09 5.88e-09  3.34e-05  1815s
[2019-04-11 14:34:54] SOLVER   280   2.73106034e+05  2.72739218e+05  2.45e-09 5.65e-09  3.21e-05  1821s
[2019-04-11 14:35:00] SOLVER   281   2.73098383e+05  2.72742441e+05  3.08e-09 5.52e-09  3.11e-05  1827s
[2019-04-11 14:35:07] SOLVER   282   2.73089668e+05  2.72747746e+05  3.80e-09 5.33e-09  2.99e-05  1835s
[2019-04-11 14:35:15] SOLVER   283   2.73082113e+05  2.72757499e+05  4.03e-09 4.97e-09  2.84e-05  1843s
[2019-04-11 14:35:21] SOLVER   284   2.73076544e+05  2.72763222e+05  3.75e-09 4.76e-09  2.74e-05  1849s
[2019-04-11 14:35:26] SOLVER   285   2.73072943e+05  2.72764929e+05  3.77e-09 4.70e-09  2.70e-05  1854s
[2019-04-11 14:35:31] SOLVER   286   2.73070774e+05  2.72767221e+05  3.80e-09 4.61e-09  2.66e-05  1859s
[2019-04-11 14:35:38] SOLVER   287   2.73063575e+05  2.72771824e+05  2.99e-09 4.44e-09  2.55e-05  1865s
[2019-04-11 14:35:46] SOLVER   288   2.73056323e+05  2.72778803e+05  2.82e-09 4.19e-09  2.43e-05  1873s
[2019-04-11 14:35:52] SOLVER   289   2.73050668e+05  2.72782698e+05  3.08e-09 4.05e-09  2.34e-05  1880s
[2019-04-11 14:35:57] SOLVER   290   2.73047255e+05  2.72785187e+05  3.02e-09 3.96e-09  2.29e-05  1885s
[2019-04-11 14:36:02] SOLVER   291   2.73044534e+05  2.72788523e+05  3.04e-09 3.84e-09  2.24e-05  1890s
[2019-04-11 14:36:07] SOLVER   292   2.73041853e+05  2.72791588e+05  3.53e-09 3.73e-09  2.19e-05  1895s
[2019-04-11 14:36:15] SOLVER   293   2.73036263e+05  2.72796556e+05  6.05e-09 3.55e-09  2.10e-05  1902s
[2019-04-11 14:36:22] SOLVER   294   2.73030343e+05  2.72798963e+05  9.57e-09 3.46e-09  2.02e-05  1910s
[2019-04-11 14:36:29] SOLVER   295   2.73023030e+05  2.72801661e+05  1.17e-08 3.37e-09  1.94e-05  1917s
[2019-04-11 14:36:34] SOLVER   296   2.73020314e+05  2.72804005e+05  1.19e-08 3.29e-09  1.89e-05  1922s
[2019-04-11 14:36:41] SOLVER   297   2.73014308e+05  2.72808006e+05  1.22e-08 3.14e-09  1.81e-05  1929s
[2019-04-11 14:36:49] SOLVER   298   2.73008935e+05  2.72812931e+05  7.83e-09 2.97e-09  1.71e-05  1936s
[2019-04-11 14:36:55] SOLVER   299   2.73003164e+05  2.72818464e+05  5.89e-09 2.77e-09  1.62e-05  1943s
[2019-04-11 14:37:01] SOLVER   300   2.73001320e+05  2.72820202e+05  6.24e-09 2.71e-09  1.58e-05  1949s
[2019-04-11 14:37:07] SOLVER   301   2.72995614e+05  2.72822401e+05  6.68e-09 2.63e-09  1.52e-05  1955s
[2019-04-11 14:37:13] SOLVER   302   2.72991480e+05  2.72824274e+05  6.38e-09 2.56e-09  1.46e-05  1961s
[2019-04-11 14:37:18] SOLVER   303   2.72989299e+05  2.72827038e+05  7.35e-09 2.46e-09  1.42e-05  1966s
[2019-04-11 14:37:26] SOLVER   304   2.72985858e+05  2.72829780e+05  7.81e-09 2.36e-09  1.37e-05  1973s
[2019-04-11 14:37:35] SOLVER   305   2.72979380e+05  2.72833002e+05  9.14e-09 2.38e-09  1.28e-05  1982s
[2019-04-11 14:37:42] SOLVER   306   2.72977591e+05  2.72835221e+05  9.72e-09 2.41e-09  1.25e-05  1989s
[2019-04-11 14:37:48] SOLVER   307   2.72975427e+05  2.72837168e+05  8.50e-09 2.44e-09  1.21e-05  1995s
[2019-04-11 14:37:53] SOLVER   308   2.72973946e+05  2.72837866e+05  8.82e-09 2.44e-09  1.19e-05  2000s
[2019-04-11 14:38:00] SOLVER   309   2.72972862e+05  2.72838149e+05  7.94e-09 2.45e-09  1.18e-05  2007s
[2019-04-11 14:38:09] SOLVER   310   2.72971043e+05  2.72839967e+05  7.59e-09 2.45e-09  1.15e-05  2016s
[2019-04-11 14:38:16] SOLVER   311   2.72969039e+05  2.72840576e+05  7.94e-09 2.46e-09  1.12e-05  2024s
[2019-04-11 14:38:21] SOLVER   312   2.72966472e+05  2.72841953e+05  9.21e-09 2.45e-09  1.09e-05  2029s
[2019-04-11 14:38:26] SOLVER   313   2.72965895e+05  2.72842679e+05  9.08e-09 2.45e-09  1.08e-05  2034s
[2019-04-11 14:38:33] SOLVER   314   2.72965275e+05  2.72844275e+05  8.72e-09 2.42e-09  1.06e-05  2040s
[2019-04-11 14:38:41] SOLVER   315   2.72964112e+05  2.72845605e+05  7.41e-09 2.44e-09  1.04e-05  2049s
[2019-04-11 14:38:48] SOLVER   316   2.72961840e+05  2.72847747e+05  6.93e-09 2.43e-09  9.98e-06  2055s
[2019-04-11 14:38:54] SOLVER   317   2.72960810e+05  2.72848866e+05  6.49e-09 2.41e-09  9.79e-06  2061s
[2019-04-11 14:38:59] SOLVER   318   2.72959559e+05  2.72850123e+05  6.32e-09 2.34e-09  9.58e-06  2066s
[2019-04-11 14:39:06] SOLVER   319   2.72957700e+05  2.72852252e+05  7.38e-09 2.22e-09  9.23e-06  2074s
[2019-04-11 14:39:15] SOLVER   320   2.72955117e+05  2.72854729e+05  8.79e-09 2.09e-09  8.78e-06  2082s
[2019-04-11 14:39:22] SOLVER   321   2.72952634e+05  2.72855793e+05  9.87e-09 2.04e-09  8.47e-06  2089s
[2019-04-11 14:39:28] SOLVER   322   2.72952089e+05  2.72857038e+05  8.97e-09 1.97e-09  8.32e-06  2096s
[2019-04-11 14:39:35] SOLVER   323   2.72951017e+05  2.72857425e+05  8.80e-09 1.95e-09  8.19e-06  2102s
[2019-04-11 14:39:43] SOLVER   324   2.72949759e+05  2.72859235e+05  8.59e-09 1.86e-09  7.92e-06  2110s
[2019-04-11 14:39:54] SOLVER   325   2.72946990e+05  2.72861397e+05  8.16e-09 1.75e-09  7.49e-06  2121s
[2019-04-11 14:40:02] SOLVER   326   2.72946437e+05  2.72862457e+05  8.33e-09 1.70e-09  7.35e-06  2130s
[2019-04-11 14:40:09] SOLVER   327   2.72943722e+05  2.72863494e+05  7.88e-09 1.64e-09  7.02e-06  2136s
[2019-04-11 14:40:16] SOLVER   328   2.72941778e+05  2.72864428e+05  7.56e-09 1.60e-09  6.77e-06  2143s
[2019-04-11 14:40:22] SOLVER   329   2.72941363e+05  2.72864591e+05  7.49e-09 1.59e-09  6.72e-06  2150s
[2019-04-11 14:40:31] SOLVER   330   2.72940251e+05  2.72865136e+05  7.31e-09 1.56e-09  6.57e-06  2159s
[2019-04-11 14:40:40] SOLVER   331   2.72937221e+05  2.72866808e+05  6.89e-09 1.03e-09  6.16e-06  2168s
[2019-04-11 14:40:48] SOLVER   332   2.72935758e+05  2.72868221e+05  6.74e-09 9.84e-10  5.91e-06  2176s
[2019-04-11 14:40:55] SOLVER   333   2.72934012e+05  2.72868769e+05  6.44e-09 9.65e-10  5.71e-06  2183s
[2019-04-11 14:41:03] SOLVER   334   2.72932398e+05  2.72869877e+05  6.25e-09 9.26e-10  5.47e-06  2190s
[2019-04-11 14:41:12] SOLVER   335   2.72930928e+05  2.72870897e+05  6.07e-09 8.90e-10  5.25e-06  2200s
[2019-04-11 14:41:21] SOLVER   336   2.72929986e+05  2.72872581e+05  5.89e-09 8.30e-10  5.02e-06  2208s
[2019-04-11 14:41:27] SOLVER   337   2.72928284e+05  2.72873129e+05  5.60e-09 8.10e-10  4.83e-06  2215s
[2019-04-11 14:41:34] SOLVER   338   2.72927780e+05  2.72873549e+05  5.51e-09 7.95e-10  4.75e-06  2222s
[2019-04-11 14:41:43] SOLVER   339   2.72926289e+05  2.72874631e+05  5.26e-09 7.57e-10  4.52e-06  2231s
[2019-04-11 14:41:54] SOLVER   340   2.72924316e+05  2.72876141e+05  4.93e-09 7.03e-10  4.22e-06  2242s
[2019-04-11 14:42:03] SOLVER   341   2.72921675e+05  2.72877067e+05  4.49e-09 6.70e-10  3.90e-06  2251s
[2019-04-11 14:42:10] SOLVER   342   2.72920939e+05  2.72877774e+05  4.37e-09 6.44e-10  3.78e-06  2258s
[2019-04-11 14:42:17] SOLVER   343   2.72920399e+05  2.72878271e+05  4.27e-09 6.26e-10  3.69e-06  2264s
[2019-04-11 14:42:23] SOLVER   344   2.72920110e+05  2.72878812e+05  4.22e-09 6.07e-10  3.61e-06  2271s
[2019-04-11 14:42:32] SOLVER   345   2.72919055e+05  2.72880473e+05  3.89e-09 5.47e-10  3.38e-06  2279s
[2019-04-11 14:42:40] SOLVER   346   2.72917639e+05  2.72881151e+05  3.65e-09 5.21e-10  3.19e-06  2288s
[2019-04-11 14:42:54] SOLVER   347   2.72915588e+05  2.72881873e+05  3.32e-09 4.94e-10  2.95e-06  2302s
[2019-04-11 14:43:04] SOLVER   348   2.72914180e+05  2.72882363e+05  2.77e-09 4.76e-10  2.78e-06  2312s
[2019-04-11 14:43:13] SOLVER   349   2.72913906e+05  2.72882980e+05  2.73e-09 4.54e-10  2.71e-06  2321s
[2019-04-11 14:43:20] SOLVER   350   2.72912966e+05  2.72883193e+05  2.59e-09 4.47e-10  2.61e-06  2327s
[2019-04-11 14:43:26] SOLVER   351   2.72912643e+05  2.72883514e+05  2.54e-09 4.35e-10  2.55e-06  2334s
[2019-04-11 14:43:33] SOLVER   352   2.72912392e+05  2.72883883e+05  2.50e-09 4.22e-10  2.49e-06  2341s
[2019-04-11 14:43:40] SOLVER   353   2.72911941e+05  2.72884240e+05  2.43e-09 4.10e-10  2.42e-06  2347s
[2019-04-11 14:43:47] SOLVER   354   2.72911420e+05  2.72884490e+05  2.35e-09 4.01e-10  2.36e-06  2354s
[2019-04-11 14:43:53] SOLVER   355   2.72910908e+05  2.72884820e+05  2.28e-09 3.89e-10  2.28e-06  2361s
[2019-04-11 14:44:02] SOLVER   356   2.72909671e+05  2.72885469e+05  2.10e-09 3.67e-10  2.12e-06  2370s
[2019-04-11 14:44:09] SOLVER   357   2.72909370e+05  2.72885807e+05  2.05e-09 3.55e-10  2.06e-06  2377s
[2019-04-11 14:44:18] SOLVER   358   2.72908504e+05  2.72886458e+05  1.92e-09 3.31e-10  1.93e-06  2386s
[2019-04-11 14:44:29] SOLVER   359   2.72907936e+05  2.72886916e+05  1.84e-09 3.15e-10  1.84e-06  2396s
[2019-04-11 14:44:37] SOLVER   360   2.72907789e+05  2.72887314e+05  1.82e-09 3.01e-10  1.79e-06  2405s
[2019-04-11 14:44:44] SOLVER   361   2.72907475e+05  2.72887551e+05  1.77e-09 2.91e-10  1.74e-06  2412s
[2019-04-11 14:44:51] SOLVER   362   2.72907108e+05  2.72887826e+05  1.71e-09 2.81e-10  1.69e-06  2419s
[2019-04-11 14:45:00] SOLVER   363   2.72906497e+05  2.72888345e+05  1.62e-09 2.63e-10  1.59e-06  2427s
[2019-04-11 14:45:07] SOLVER   364   2.72906114e+05  2.72888547e+05  1.57e-09 2.56e-10  1.54e-06  2434s
[2019-04-11 14:45:15] SOLVER   365   2.72905790e+05  2.72888867e+05  1.52e-09 2.45e-10  1.48e-06  2443s
[2019-04-11 14:45:26] SOLVER   366   2.72905509e+05  2.72889323e+05  1.48e-09 2.28e-10  1.42e-06  2454s
[2019-04-11 14:45:35] SOLVER   367   2.72905008e+05  2.72889529e+05  1.41e-09 2.21e-10  1.35e-06  2463s
[2019-04-11 14:45:42] SOLVER   368   2.72904712e+05  2.72889635e+05  1.36e-09 2.17e-10  1.32e-06  2469s
[2019-04-11 14:45:48] SOLVER   369   2.72904493e+05  2.72889826e+05  1.33e-09 2.10e-10  1.28e-06  2476s
[2019-04-11 14:45:55] SOLVER   370   2.72904211e+05  2.72889938e+05  1.29e-09 2.06e-10  1.25e-06  2483s
[2019-04-11 14:46:03] SOLVER   371   2.72903995e+05  2.72890135e+05  1.30e-09 1.99e-10  1.21e-06  2491s
[2019-04-11 14:46:14] SOLVER   372   2.72903525e+05  2.72890545e+05  1.23e-09 1.84e-10  1.14e-06  2502s
[2019-04-11 14:46:23] SOLVER   373   2.72903452e+05  2.72890728e+05  1.22e-09 1.78e-10  1.11e-06  2511s
[2019-04-11 14:46:30] SOLVER   374   2.72903174e+05  2.72890775e+05  1.17e-09 1.76e-10  1.08e-06  2518s
[2019-04-11 14:46:37] SOLVER   375   2.72903010e+05  2.72890852e+05  1.15e-09 1.73e-10  1.06e-06  2525s
[2019-04-11 14:46:46] SOLVER   376   2.72902862e+05  2.72891025e+05  1.12e-09 1.67e-10  1.04e-06  2534s
[2019-04-11 14:46:53] SOLVER   377   2.72902715e+05  2.72891143e+05  1.10e-09 1.62e-10  1.01e-06  2540s
[2019-04-11 14:47:02] SOLVER   378   2.72902398e+05  2.72891309e+05  1.05e-09 1.56e-10  9.70e-07  2549s
[2019-04-11 14:47:13] SOLVER   379   2.72902061e+05  2.72891620e+05  1.00e-09 1.45e-10  9.14e-07  2561s
[2019-04-11 14:47:22] SOLVER   380   2.72901983e+05  2.72891763e+05  9.92e-10 1.39e-10  8.94e-07  2569s
[2019-04-11 14:47:29] SOLVER   381   2.72901875e+05  2.72891867e+05  9.75e-10 1.36e-10  8.76e-07  2576s
[2019-04-11 14:47:35] SOLVER   382   2.72901866e+05  2.72891884e+05  9.74e-10 1.35e-10  8.73e-07  2583s
[2019-04-11 14:47:42] SOLVER   383   2.72901698e+05  2.72891950e+05  9.48e-10 1.32e-10  8.53e-07  2590s
[2019-04-11 14:47:51] SOLVER   384   2.72901669e+05  2.72891956e+05  9.43e-10 1.32e-10  8.50e-07  2599s
[2019-04-11 14:47:58] SOLVER   385   2.72901644e+05  2.72892007e+05  9.39e-10 1.30e-10  8.43e-07  2606s
[2019-04-11 14:48:07] SOLVER   386   2.72901391e+05  2.72892142e+05  9.01e-10 1.25e-10  8.09e-07  2614s
[2019-04-11 14:48:18] SOLVER   387   2.72901250e+05  2.72892272e+05  8.79e-10 1.21e-10  7.86e-07  2626s
[2019-04-11 14:48:27] SOLVER   388   2.72900893e+05  2.72892385e+05  8.24e-10 1.16e-10  7.44e-07  2635s
[2019-04-11 14:48:34] SOLVER   389   2.72900702e+05  2.72892487e+05  7.95e-10 1.13e-10  7.19e-07  2641s
[2019-04-11 14:48:41] SOLVER   390   2.72900499e+05  2.72892615e+05  7.64e-10 1.08e-10  6.90e-07  2648s
[2019-04-11 14:48:47] SOLVER   391   2.72900453e+05  2.72892644e+05  7.57e-10 1.07e-10  6.83e-07  2655s
[2019-04-11 14:48:56] SOLVER   392   2.72900218e+05  2.72892726e+05  7.22e-10 1.04e-10  6.55e-07  2664s
[2019-04-11 14:49:08] SOLVER   393   2.72900108e+05  2.72892870e+05  7.05e-10 9.83e-11  6.33e-07  2675s
[2019-04-11 14:49:16] SOLVER   394   2.72900029e+05  2.72893020e+05  6.93e-10 9.28e-11  6.13e-07  2684s
[2019-04-11 14:49:23] SOLVER   395   2.72899787e+05  2.72893063e+05  6.56e-10 9.10e-11  5.88e-07  2691s
[2019-04-11 14:49:30] SOLVER   396   2.72899575e+05  2.72893140e+05  6.23e-10 8.81e-11  5.63e-07  2698s
[2019-04-11 14:49:37] SOLVER   397   2.72899407e+05  2.72893173e+05  5.97e-10 8.69e-11  5.45e-07  2705s
[2019-04-11 14:49:46] SOLVER   398   2.72899328e+05  2.72893285e+05  5.85e-10 8.27e-11  5.29e-07  2713s
[2019-04-11 14:49:53] SOLVER   399   2.72899238e+05  2.72893325e+05  5.71e-10 8.12e-11  5.17e-07  2720s
[2019-04-11 14:50:01] SOLVER   400   2.72899144e+05  2.72893492e+05  5.57e-10 7.52e-11  4.95e-07  2729s
[2019-04-11 14:50:13] SOLVER   401   2.72898858e+05  2.72893576e+05  5.14e-10 7.21e-11  4.62e-07  2740s
[2019-04-11 14:50:22] SOLVER   402   2.72898750e+05  2.72893673e+05  4.97e-10 6.86e-11  4.44e-07  2749s
[2019-04-11 14:50:28] SOLVER   403   2.72898722e+05  2.72893717e+05  4.92e-10 6.70e-11  4.38e-07  2756s
[2019-04-11 14:50:35] SOLVER   404   2.72898659e+05  2.72893758e+05  4.82e-10 6.55e-11  4.29e-07  2763s
[2019-04-11 14:50:42] SOLVER   405   2.72898542e+05  2.72893800e+05  4.64e-10 6.39e-11  4.15e-07  2770s
[2019-04-11 14:50:51] SOLVER   406   2.72898410e+05  2.72893849e+05  4.44e-10 6.22e-11  3.99e-07  2779s
[2019-04-11 14:51:02] SOLVER   407   2.72898273e+05  2.72893934e+05  4.24e-10 5.91e-11  3.80e-07  2790s
[2019-04-11 14:51:11] SOLVER   408   2.72898139e+05  2.72894058e+05  4.04e-10 5.46e-11  3.57e-07  2799s
[2019-04-11 14:51:18] SOLVER   409   2.72898060e+05  2.72894109e+05  3.92e-10 5.27e-11  3.46e-07  2806s
[2019-04-11 14:51:25] SOLVER   410   2.72897991e+05  2.72894169e+05  3.81e-10 5.05e-11  3.34e-07  2812s
[2019-04-11 14:51:32] SOLVER   411   2.72897960e+05  2.72894201e+05  3.76e-10 4.93e-11  3.29e-07  2819s
[2019-04-11 14:51:40] SOLVER   412   2.72897852e+05  2.72894248e+05  3.60e-10 4.76e-11  3.15e-07  2828s
[2019-04-11 14:51:47] SOLVER   413   2.72897800e+05  2.72894252e+05  3.51e-10 4.74e-11  3.10e-07  2835s
[2019-04-11 14:51:56] SOLVER   414   2.72897780e+05  2.72894286e+05  3.48e-10 4.61e-11  3.06e-07  2844s
[2019-04-11 14:52:07] SOLVER   415   2.72897678e+05  2.72894364e+05  3.33e-10 4.33e-11  2.90e-07  2855s
[2019-04-11 14:52:16] SOLVER   416   2.72897598e+05  2.72894379e+05  3.21e-10 4.27e-11  2.82e-07  2864s
[2019-04-11 14:52:23] SOLVER   417   2.72897583e+05  2.72894391e+05  3.18e-10 4.23e-11  2.79e-07  2871s
[2019-04-11 14:52:30] SOLVER   418   2.72897571e+05  2.72894411e+05  3.17e-10 4.15e-11  2.76e-07  2878s
[2019-04-11 14:52:37] SOLVER   419   2.72897531e+05  2.72894448e+05  3.10e-10 4.01e-11  2.70e-07  2884s
[2019-04-11 14:52:46] SOLVER   420   2.72897423e+05  2.72894496e+05  2.94e-10 3.84e-11  2.56e-07  2893s
[2019-04-11 14:52:59] SOLVER   421   2.72897346e+05  2.72894615e+05  2.82e-10 3.40e-11  2.39e-07  2907s
[2019-04-11 14:53:11] SOLVER   422   2.72897285e+05  2.72894684e+05  2.73e-10 3.14e-11  2.28e-07  2919s
[2019-04-11 14:53:18] SOLVER   423   2.72897236e+05  2.72894709e+05  2.66e-10 3.05e-11  2.21e-07  2925s
[2019-04-11 14:53:25] SOLVER   424   2.72897165e+05  2.72894730e+05  2.55e-10 2.97e-11  2.13e-07  2932s
[2019-04-11 14:53:31] SOLVER   425   2.72897096e+05  2.72894758e+05  2.44e-10 2.87e-11  2.05e-07  2939s
[2019-04-11 14:53:38] SOLVER   426   2.72897019e+05  2.72894786e+05  2.32e-10 2.76e-11  1.95e-07  2946s
[2019-04-11 14:53:49] SOLVER   427   2.72896978e+05  2.72894800e+05  2.25e-10 6.35e-09  1.91e-07  2956s
[2019-04-11 14:54:00] SOLVER   428   2.72896904e+05  2.72894833e+05  2.13e-10 6.07e-09  1.81e-07  2967s
[2019-04-11 14:54:10] SOLVER   429   2.72896857e+05  2.72894857e+05  2.16e-10 1.28e-07  1.75e-07  2978s
[2019-04-11 14:54:18] SOLVER   430   2.72896830e+05  2.72894862e+05  2.12e-10 1.01e-06  1.72e-07  2986s
[2019-04-11 14:54:25] SOLVER   431   2.72896803e+05  2.72894900e+05  2.07e-10 9.56e-07  1.67e-07  2992s
[2019-04-11 14:54:32] SOLVER   432   2.72896780e+05  2.72894907e+05  2.04e-10 9.44e-07  1.64e-07  2999s
[2019-04-11 14:54:40] SOLVER   433   2.72896702e+05  2.72894955e+05  4.43e-10 8.72e-07  1.53e-07  3007s
[2019-04-11 14:54:51] SOLVER   434   2.72896595e+05  2.72894998e+05  4.04e-10 8.07e-07  1.40e-07  3019s
[2019-04-11 14:54:59] SOLVER   435   2.72896532e+05  2.72895031e+05  1.18e-09 7.56e-07  1.31e-07  3027s
[2019-04-11 14:55:06] SOLVER   436   2.72896516e+05  2.72895049e+05  1.16e-09 7.29e-07  1.28e-07  3033s
[2019-04-11 14:55:12] SOLVER   437   2.72896449e+05  2.72895072e+05  1.08e-09 6.94e-07  1.21e-07  3040s
[2019-04-11 14:55:19] SOLVER   438   2.72896395e+05  2.72895105e+05  1.01e-09 6.43e-07  1.13e-07  3047s
[2019-04-11 14:55:28] SOLVER   439   2.72896336e+05  2.72895137e+05  9.48e-10 5.94e-07  1.05e-07  3056s
[2019-04-11 14:55:39] SOLVER   440   2.72896276e+05  2.72895151e+05  1.06e-08 4.20e-05  9.77e-08  3067s
[2019-04-11 14:55:48] SOLVER   441   2.72896230e+05  2.72895173e+05  1.01e-08 3.94e-05  9.18e-08  3075s
[2019-04-11 14:55:52] SOLVER   442   2.72896205e+05  2.72895183e+05  9.73e-09 3.83e-05  8.88e-08  3080s
[2019-04-11 14:55:58] SOLVER   443   2.72896182e+05  2.72895198e+05  1.04e-08 3.66e-05  8.55e-08  3085s
[2019-04-11 14:56:03] SOLVER   444   2.72896158e+05  2.72895213e+05  1.08e-08 3.50e-05  8.21e-08  3090s
[2019-04-11 14:56:09] SOLVER   445   2.72896130e+05  2.72895225e+05  8.86e-09 3.36e-05  7.86e-08  3096s
[2019-04-11 14:56:17] SOLVER   446   2.72896075e+05  2.72895251e+05  6.73e-09 3.06e-05  7.15e-08  3104s
[2019-04-11 14:56:23] SOLVER   447   2.72896036e+05  2.72895264e+05  8.41e-09 2.92e-05  6.70e-08  3111s
[2019-04-11 14:56:28] SOLVER   448   2.72896016e+05  2.72895280e+05  7.98e-09 2.74e-05  6.39e-08  3116s
[2019-04-11 14:56:35] SOLVER   449   2.72896000e+05  2.72895283e+05  8.41e-09 2.71e-05  6.23e-08  3122s
[2019-04-11 14:56:41] SOLVER   450   2.72895978e+05  2.72895307e+05  8.39e-09 2.43e-05  5.82e-08  3129s
[2019-04-11 14:56:49] SOLVER   451   2.72895966e+05  2.72895315e+05  8.17e-09 2.37e-05  5.66e-08  3137s
[2019-04-11 14:56:59] SOLVER   452   2.72895929e+05  2.72895327e+05  1.10e-08 2.23e-05  5.22e-08  3147s
[2019-04-11 14:57:09] SOLVER   453   2.72895909e+05  2.72895335e+05  1.09e-08 2.14e-05  4.98e-08  3157s
[2019-04-11 14:57:16] SOLVER   454   2.72895887e+05  2.72895342e+05  1.11e-08 2.06e-05  4.73e-08  3164s
[2019-04-11 14:57:22] SOLVER   455   2.72895874e+05  2.72895352e+05  1.08e-08 1.95e-05  4.53e-08  3170s
[2019-04-11 14:57:30] SOLVER   456   2.72895844e+05  2.72895358e+05  1.40e-08 1.87e-05  4.22e-08  3178s
[2019-04-11 14:57:39] SOLVER   457   2.72895817e+05  2.72895389e+05  1.17e-08 1.52e-05  3.72e-08  3187s
[2019-04-11 14:57:49] SOLVER   458   2.72895789e+05  2.72895399e+05  8.66e-09 1.33e-05  3.42e-08  3196s
[2019-04-11 14:57:56] SOLVER   459   2.72895780e+05  2.72895408e+05  8.73e-09 1.18e-05  3.26e-08  3204s
[2019-04-11 14:58:02] SOLVER   460   2.72895773e+05  2.72895413e+05  8.55e-09 1.13e-05  3.16e-08  3210s
[2019-04-11 14:58:03] SOLVER   Barrier solved model in 460 iterations and 3209.92 seconds
[2019-04-11 14:58:03] SOLVER   Optimal objective 2.72895773e+05
[2019-04-11 14:58:06] SOLVER   Crossover log...
[2019-04-11 14:58:09] SOLVER   583534 DPushes remaining with DInf 4.2018207e+03              3216s
[2019-04-11 14:58:21] SOLVER   206116 DPushes remaining with DInf 3.9086784e+03              3229s
[2019-04-11 14:58:25] SOLVER   157258 DPushes remaining with DInf 3.7711303e+03              3232s
[2019-04-11 14:58:29] SOLVER   129644 DPushes remaining with DInf 3.7766430e+03              3236s
[2019-04-11 14:58:34] SOLVER   120961 DPushes remaining with DInf 3.6867790e+03              3242s
[2019-04-11 14:58:39] SOLVER   116965 DPushes remaining with DInf 3.6866780e+03              3247s
[2019-04-11 14:58:43] SOLVER   112860 DPushes remaining with DInf 3.6865881e+03              3251s
[2019-04-11 14:58:48] SOLVER   109251 DPushes remaining with DInf 3.6864543e+03              3255s
[2019-04-11 14:58:54] SOLVER   103444 DPushes remaining with DInf 3.6862027e+03              3262s
[2019-04-11 14:58:59] SOLVER   99085 DPushes remaining with DInf 3.6860383e+03              3267s
[2019-04-11 14:59:06] SOLVER   72457 DPushes remaining with DInf 3.6782487e+03              3274s
[2019-04-11 14:59:09] SOLVER   66561 DPushes remaining with DInf 3.7023966e+03              3277s
[2019-04-11 14:59:14] SOLVER   61262 DPushes remaining with DInf 3.7021711e+03              3281s
[2019-04-11 14:59:18] SOLVER   43854 DPushes remaining with DInf 3.7013197e+03              3286s
[2019-04-11 14:59:24] SOLVER   34513 DPushes remaining with DInf 3.7013019e+03              3292s
[2019-04-11 14:59:32] SOLVER   2178 DPushes remaining with DInf 3.6540240e+03              3299s
[2019-04-11 14:59:34] SOLVER   1125 DPushes remaining with DInf 3.6531503e+03              3302s
[2019-04-11 14:59:38] SOLVER   0 DPushes remaining with DInf 3.5131087e+03              3306s
[2019-04-11 14:59:39] SOLVER   Warning: Markowitz tolerance tightened to 0.5
[2019-04-11 14:59:39] SOLVER   547989 PPushes remaining with PInf 5.9856237e+00              3307s
[2019-04-11 14:59:44] SOLVER   352494 PPushes remaining with PInf 2.1535941e+00              3312s
[2019-04-11 15:00:27] SOLVER   282779 PPushes remaining with PInf 2.2331856e+02              3355s
[2019-04-11 15:01:14] SOLVER   239616 PPushes remaining with PInf 2.0841828e+02              3401s
[2019-04-11 15:01:24] SOLVER   214581 PPushes remaining with PInf 2.3044857e+02              3411s
[2019-04-11 15:01:31] SOLVER   198941 PPushes remaining with PInf 2.1241806e+02              3418s
[2019-04-11 15:01:37] SOLVER   188913 PPushes remaining with PInf 2.0135586e+02              3424s
[2019-04-11 15:01:42] SOLVER   181296 PPushes remaining with PInf 2.0090992e+02              3430s
[2019-04-11 15:01:59] SOLVER   172991 PPushes remaining with PInf 2.0077769e+02              3446s
[2019-04-11 15:02:08] SOLVER   170651 PPushes remaining with PInf 2.0076856e+02              3456s
[2019-04-11 15:02:16] SOLVER   168431 PPushes remaining with PInf 2.0074070e+02              3463s
[2019-04-11 15:02:25] SOLVER   166595 PPushes remaining with PInf 2.0073215e+02              3473s
[2019-04-11 15:03:18] SOLVER   165344 PPushes remaining with PInf 2.0408050e+02              3525s
[2019-04-11 15:04:00] SOLVER   164260 PPushes remaining with PInf 1.9226352e+02              3568s
[2019-04-11 15:04:27] SOLVER   163203 PPushes remaining with PInf 1.8269896e+02              3594s
[2019-04-11 15:04:31] SOLVER   160968 PPushes remaining with PInf 1.6163072e+02              3598s
[2019-04-11 15:04:34] SOLVER   158747 PPushes remaining with PInf 1.3539316e+02              3602s
[2019-04-11 15:04:39] SOLVER   154416 PPushes remaining with PInf 1.1415071e+02              3607s
[2019-04-11 15:04:45] SOLVER   150106 PPushes remaining with PInf 1.0819482e+02              3612s
[2019-04-11 15:04:48] SOLVER   146949 PPushes remaining with PInf 1.0736975e+02              3616s
[2019-04-11 15:04:54] SOLVER   137067 PPushes remaining with PInf 1.0031204e+02              3621s
[2019-04-11 15:04:58] SOLVER   123248 PPushes remaining with PInf 1.3359667e+04              3626s
[2019-04-11 15:05:05] SOLVER   116995 PPushes remaining with PInf 1.3095419e+04              3632s
[2019-04-11 15:05:08] SOLVER   113790 PPushes remaining with PInf 1.2776594e+04              3636s
[2019-04-11 15:05:14] SOLVER   107974 PPushes remaining with PInf 1.2084677e+04              3641s
[2019-04-11 15:05:20] SOLVER   103039 PPushes remaining with PInf 1.1367059e+04              3648s
[2019-04-11 15:05:24] SOLVER   100719 PPushes remaining with PInf 1.1050356e+04              3651s
[2019-04-11 15:05:30] SOLVER   96063 PPushes remaining with PInf 1.0325479e+04              3658s
[2019-04-11 15:05:34] SOLVER   93795 PPushes remaining with PInf 9.9792846e+03              3661s
[2019-04-11 15:05:41] SOLVER   89305 PPushes remaining with PInf 9.5265170e+03              3668s
[2019-04-11 15:05:44] SOLVER   87089 PPushes remaining with PInf 9.2431060e+03              3672s
[2019-04-11 15:05:50] SOLVER   84892 PPushes remaining with PInf 9.0275490e+03              3678s
[2019-04-11 15:05:53] SOLVER   82687 PPushes remaining with PInf 8.9107144e+03              3680s
[2019-04-11 15:06:00] SOLVER   78293 PPushes remaining with PInf 8.4949305e+03              3688s
[2019-04-11 15:06:04] SOLVER   76126 PPushes remaining with PInf 8.3384534e+03              3691s
[2019-04-11 15:06:07] SOLVER   73957 PPushes remaining with PInf 8.2295214e+03              3695s
[2019-04-11 15:06:13] SOLVER   69560 PPushes remaining with PInf 8.1179729e+03              3701s
[2019-04-11 15:06:18] SOLVER   65246 PPushes remaining with PInf 8.0598396e+03              3706s
[2019-04-11 15:06:24] SOLVER   59280 PPushes remaining with PInf 1.9719767e+04              3711s
[2019-04-11 15:06:34] SOLVER   54946 PPushes remaining with PInf 1.9638111e+04              3722s
[2019-04-11 15:08:07] SOLVER   53643 PPushes remaining with PInf 1.9252823e+04              3815s
[2019-04-11 15:09:14] SOLVER   52608 PPushes remaining with PInf 1.8992813e+04              3882s
[2019-04-11 15:09:44] SOLVER   50447 PPushes remaining with PInf 1.8291656e+04              3911s
[2019-04-11 15:09:50] SOLVER   45692 PPushes remaining with PInf 1.8022721e+04              3918s
[2019-04-11 15:11:07] SOLVER   44472 PPushes remaining with PInf 1.7973868e+04              3994s
[2019-04-11 15:11:49] SOLVER   43405 PPushes remaining with PInf 1.7914080e+04              4036s
[2019-04-11 15:13:09] SOLVER   42353 PPushes remaining with PInf 1.7850977e+04              4117s
[2019-04-11 15:13:20] SOLVER   40983 PPushes remaining with PInf 1.8059617e+04              4127s
[2019-04-11 15:15:00] SOLVER   39894 PPushes remaining with PInf 1.7979529e+04              4228s
[2019-04-11 15:17:43] SOLVER   38148 PPushes remaining with PInf 1.7896477e+04              4391s
[2019-04-11 15:19:56] SOLVER   37125 PPushes remaining with PInf 1.7877635e+04              4524s
[2019-04-11 15:20:33] SOLVER   36182 PPushes remaining with PInf 2.9044146e+04              4561s
[2019-04-11 15:20:34] SOLVER   Restart crossover...
[2019-04-11 15:20:38] SOLVER   583534 DPushes remaining with DInf 3.0664018e+03              4566s
[2019-04-11 15:20:52] SOLVER   206091 DPushes remaining with DInf 2.7502304e+03              4579s
[2019-04-11 15:20:56] SOLVER   157195 DPushes remaining with DInf 2.6930093e+03              4584s
[2019-04-11 15:20:58] SOLVER   138121 DPushes remaining with DInf 2.6973548e+03              4586s
[2019-04-11 15:21:04] SOLVER   121152 DPushes remaining with DInf 2.5960854e+03              4591s
[2019-04-11 15:21:09] SOLVER   119030 DPushes remaining with DInf 2.5994856e+03              4596s
[2019-04-11 15:21:14] SOLVER   114969 DPushes remaining with DInf 2.5993888e+03              4601s
[2019-04-11 15:21:18] SOLVER   111184 DPushes remaining with DInf 2.5992937e+03              4606s
[2019-04-11 15:21:23] SOLVER   107549 DPushes remaining with DInf 2.5943931e+03              4611s
[2019-04-11 15:21:30] SOLVER   103961 DPushes remaining with DInf 2.5942411e+03              4617s
[2019-04-11 15:21:33] SOLVER   101972 DPushes remaining with DInf 2.5941491e+03              4621s
[2019-04-11 15:21:38] SOLVER   98211 DPushes remaining with DInf 2.5940215e+03              4626s
[2019-04-11 15:21:43] SOLVER   92556 DPushes remaining with DInf 2.5939624e+03              4631s
[2019-04-11 15:21:49] SOLVER   84386 DPushes remaining with DInf 2.5889038e+03              4636s
[2019-04-11 15:21:53] SOLVER   79915 DPushes remaining with DInf 2.5886427e+03              4641s
[2019-04-11 15:21:59] SOLVER   73372 DPushes remaining with DInf 2.5884618e+03              4646s
[2019-04-11 15:22:03] SOLVER   69035 DPushes remaining with DInf 2.5516365e+03              4650s
[2019-04-11 15:22:09] SOLVER   63689 DPushes remaining with DInf 2.5443958e+03              4657s
[2019-04-11 15:22:13] SOLVER   59349 DPushes remaining with DInf 2.5443188e+03              4661s
[2019-04-11 15:22:18] SOLVER   55015 DPushes remaining with DInf 2.5442344e+03              4665s
[2019-04-11 15:22:24] SOLVER   48487 DPushes remaining with DInf 2.5438074e+03              4672s
[2019-04-11 15:22:28] SOLVER   44150 DPushes remaining with DInf 2.5434798e+03              4675s
[2019-04-11 15:22:33] SOLVER   40985 DPushes remaining with DInf 2.5434569e+03              4680s
[2019-04-11 15:22:39] SOLVER   34507 DPushes remaining with DInf 2.5434567e+03              4686s
[2019-04-11 15:22:43] SOLVER   30186 DPushes remaining with DInf 2.5434557e+03              4691s
[2019-04-11 15:22:48] SOLVER   23700 DPushes remaining with DInf 2.5434477e+03              4696s
[2019-04-11 15:22:54] SOLVER   17173 DPushes remaining with DInf 2.5434474e+03              4702s
[2019-04-11 15:22:58] SOLVER   12794 DPushes remaining with DInf 2.5434414e+03              4706s
[2019-04-11 15:23:04] SOLVER   6151 DPushes remaining with DInf 2.5388250e+03              4712s
[2019-04-11 15:23:08] SOLVER   1646 DPushes remaining with DInf 2.5161476e+03              4716s
[2019-04-11 15:23:13] SOLVER   0 DPushes remaining with DInf 2.4265736e+03              4721s
[2019-04-11 15:23:14] SOLVER   421317 PPushes remaining with PInf 8.9163248e+03              4721s
[2019-04-11 15:23:19] SOLVER   259427 PPushes remaining with PInf 6.9049977e+03              4726s
[2019-04-11 15:23:23] SOLVER   202648 PPushes remaining with PInf 6.4181094e+03              4731s
[2019-04-11 15:23:29] SOLVER   153479 PPushes remaining with PInf 5.9205565e+03              4737s
[2019-04-11 15:23:34] SOLVER   134525 PPushes remaining with PInf 5.7835818e+03              4741s
[2019-04-11 15:23:39] SOLVER   124888 PPushes remaining with PInf 5.7485017e+03              4747s
[2019-04-11 15:23:44] SOLVER   119729 PPushes remaining with PInf 5.7382606e+03              4752s
[2019-04-11 15:23:50] SOLVER   115642 PPushes remaining with PInf 6.3067883e+03              4758s
[2019-04-11 15:23:54] SOLVER   113440 PPushes remaining with PInf 6.2610196e+03              4761s
[2019-04-11 15:24:03] SOLVER   111640 PPushes remaining with PInf 6.2334295e+03              4771s
[2019-04-11 15:24:26] SOLVER   110636 PPushes remaining with PInf 6.2075046e+03              4794s
[2019-04-11 15:24:55] SOLVER   108900 PPushes remaining with PInf 6.1993846e+03              4823s
[2019-04-11 15:25:37] SOLVER   106648 PPushes remaining with PInf 6.1802774e+03              4864s
[2019-04-11 15:26:11] SOLVER   102840 PPushes remaining with PInf 6.1886714e+03              4899s
[2019-04-11 15:26:14] SOLVER   99788 PPushes remaining with PInf 6.2042434e+03              4902s
[2019-04-11 15:26:17] SOLVER   96725 PPushes remaining with PInf 6.3150644e+03              4905s
[2019-04-11 15:26:29] SOLVER   93075 PPushes remaining with PInf 6.2670808e+03              4916s
[2019-04-11 15:26:36] SOLVER   91985 PPushes remaining with PInf 6.2552451e+03              4924s
[2019-04-11 15:27:34] SOLVER   89679 PPushes remaining with PInf 6.2223315e+03              4982s
[2019-04-11 15:27:37] SOLVER   87359 PPushes remaining with PInf 6.1425036e+03              4985s
[2019-04-11 15:28:39] SOLVER   84049 PPushes remaining with PInf 6.0918185e+03              5047s
[2019-04-11 15:29:14] SOLVER   81812 PPushes remaining with PInf 6.0259805e+03              5082s
[2019-04-11 15:29:21] SOLVER   80062 PPushes remaining with PInf 5.9939393e+03              5089s
[2019-04-11 15:29:28] SOLVER   77980 PPushes remaining with PInf 5.9647397e+03              5095s
[2019-04-11 15:29:34] SOLVER   75770 PPushes remaining with PInf 5.9013801e+03              5102s
[2019-04-11 15:29:46] SOLVER   74478 PPushes remaining with PInf 5.8677577e+03              5114s
[2019-04-11 15:30:22] SOLVER   72950 PPushes remaining with PInf 5.8593274e+03              5149s
[2019-04-11 15:30:56] SOLVER   71947 PPushes remaining with PInf 5.8416684e+03              5184s
[2019-04-11 15:30:59] SOLVER   69758 PPushes remaining with PInf 5.8299962e+03              5186s
[2019-04-11 15:31:03] SOLVER   67600 PPushes remaining with PInf 5.8143557e+03              5190s
[2019-04-11 15:31:10] SOLVER   63280 PPushes remaining with PInf 5.7907573e+03              5198s
[2019-04-11 15:31:14] SOLVER   60415 PPushes remaining with PInf 5.7676418e+03              5202s
[2019-04-11 15:31:18] SOLVER   58230 PPushes remaining with PInf 5.7644493e+03              5206s
[2019-04-11 15:31:26] SOLVER   56663 PPushes remaining with PInf 6.2370354e+03              5214s
[2019-04-11 15:33:21] SOLVER   55605 PPushes remaining with PInf 6.1197824e+03              5329s
[2019-04-11 15:35:07] SOLVER   54603 PPushes remaining with PInf 5.9540117e+03              5434s
[2019-04-11 15:36:35] SOLVER   53602 PPushes remaining with PInf 5.9038484e+03              5523s
[2019-04-11 15:37:22] SOLVER   52601 PPushes remaining with PInf 5.7825463e+03              5569s
[2019-04-11 15:38:10] SOLVER   49697 PPushes remaining with PInf 5.8084980e+03              5618s
[2019-04-11 15:38:39] SOLVER   48430 PPushes remaining with PInf 5.7871642e+03              5647s
[2019-04-11 15:39:49] SOLVER   47405 PPushes remaining with PInf 5.6955524e+03              5716s
[2019-04-11 15:40:33] SOLVER   46709 PPushes remaining with PInf 1.1419861e+04              5760s
[2019-04-11 15:42:22] SOLVER   45690 PPushes remaining with PInf 1.1077273e+04              5869s
[2019-04-11 15:44:57] SOLVER   43209 PPushes remaining with PInf 1.0729794e+04              6025s
[2019-04-11 15:45:05] SOLVER   43135 PPushes remaining with PInf 1.0714971e+04              6033s
[2019-04-11 15:45:06] SOLVER   Push phase complete: Pinf 1.0714971e+04, Dinf 7.7179521e+03   6034s
[2019-04-11 15:45:19] SOLVER   Iteration    Objective       Primal Inf.    Dual Inf.      Time
[2019-04-11 15:45:19] SOLVER   748296    2.7301800e+05   2.908710e+06   0.000000e+00   6046s
[2019-04-11 15:51:30] SOLVER   748936    2.7292789e+05   9.395914e+07   0.000000e+00   6418s
[2019-04-11 15:58:25] SOLVER   749626    2.7292790e+05   1.533906e+08   0.000000e+00   6832s
[2019-04-11 16:05:22] SOLVER   750366    2.7292806e+05   1.410974e+08   0.000000e+00   7250s
[2019-04-11 16:11:53] SOLVER   751086    2.7292811e+05   1.766704e+09   0.000000e+00   7640s
[2019-04-11 16:19:00] SOLVER   751866    2.7292814e+05   6.667360e+08   0.000000e+00   8068s
[2019-04-11 16:26:02] SOLVER   752616    2.7293287e+05   1.910076e+09   0.000000e+00   8490s
[2019-04-11 16:33:11] SOLVER   753346    2.7293562e+05   1.995062e+09   0.000000e+00   8919s
[2019-04-11 16:40:49] SOLVER   754296    2.7294152e+05   6.609237e+09   0.000000e+00   9377s
[2019-04-11 16:42:36] SOLVER   755297    2.7294737e+05   9.980472e+08   0.000000e+00   9483s
[2019-04-11 16:44:49] SOLVER   756298    2.7295161e+05   5.883595e+08   0.000000e+00   9617s
[2019-04-11 16:46:48] SOLVER   757299    2.7295489e+05   4.220939e+08   0.000000e+00   9736s
[2019-04-11 16:49:44] SOLVER   758300    2.7295758e+05   8.925334e+07   0.000000e+00   9912s
[2019-04-11 16:52:44] SOLVER   759301    2.7296134e+05   4.124308e+08   0.000000e+00  10092s
[2019-04-11 16:54:51] SOLVER   760302    2.7296470e+05   1.480735e+09   0.000000e+00  10219s
[2019-04-11 16:56:30] SOLVER   761303    2.7296644e+05   7.493232e+08   0.000000e+00  10318s
[2019-04-11 16:57:46] SOLVER   762304    2.7296921e+05   1.434125e+09   0.000000e+00  10393s
[2019-04-11 16:59:46] SOLVER   763305    2.7297015e+05   9.414741e+08   0.000000e+00  10514s
[2019-04-11 17:01:59] SOLVER   764306    2.7297158e+05   6.935258e+08   0.000000e+00  10646s
[2019-04-11 17:03:21] SOLVER   765307    2.7297329e+05   9.295784e+08   0.000000e+00  10729s
[2019-04-11 17:06:58] SOLVER   766308    2.7297444e+05   3.408405e+07   0.000000e+00  10945s
[2019-04-11 17:11:05] SOLVER   767309    2.7297533e+05   9.416991e+08   0.000000e+00  11193s
[2019-04-11 17:14:16] SOLVER   768310    2.7297572e+05   2.779645e+09   0.000000e+00  11383s
[2019-04-11 17:18:04] SOLVER   769311    2.7297654e+05   2.382192e+08   0.000000e+00  11611s
[2019-04-11 17:22:17] SOLVER   770312    2.7297699e+05   6.981520e+08   0.000000e+00  11864s
[2019-04-11 17:25:57] SOLVER   771313    2.7297805e+05   3.690901e+08   0.000000e+00  12084s
[2019-04-11 17:28:52] SOLVER   772314    2.7297941e+05   6.364026e+07   0.000000e+00  12260s
[2019-04-11 17:30:27] SOLVER   773315    2.7298056e+05   3.934150e+08   0.000000e+00  12355s
[2019-04-11 17:32:29] SOLVER   774316    2.7298133e+05   9.614221e+07   0.000000e+00  12476s
[2019-04-11 17:37:43] SOLVER   775317    2.7298187e+05   1.632641e+08   0.000000e+00  12791s
[2019-04-11 17:42:23] SOLVER   776318    2.7298238e+05   1.440261e+09   0.000000e+00  13071s
[2019-04-11 17:49:47] SOLVER   777319    2.7298302e+05   2.507125e+08   0.000000e+00  13515s
[2019-04-11 17:57:52] SOLVER   778089    2.7298334e+05   4.931030e+07   0.000000e+00  14000s
[2019-04-11 18:06:18] SOLVER   778869    2.7298372e+05   3.813438e+08   0.000000e+00  14506s
[2019-04-11 18:13:50] SOLVER   779589    2.7298403e+05   7.618196e+07   0.000000e+00  14957s
[2019-04-11 18:20:43] SOLVER   780309    2.7298449e+05   2.486806e+09   0.000000e+00  15371s
[2019-04-11 18:28:11] SOLVER   781099    2.7298478e+05   2.576783e+09   0.000000e+00  15818s
[2019-04-11 18:36:57] SOLVER   782009    2.7298494e+05   1.488271e+09   0.000000e+00  16345s
[2019-04-11 18:45:09] SOLVER   782929    2.7298533e+05   1.366061e+10   0.000000e+00  16837s
[2019-04-11 18:50:11] SOLVER   783930    2.7298589e+05   7.285477e+08   0.000000e+00  17139s
[2019-04-11 18:53:11] SOLVER   784931    2.7298624e+05   1.996520e+08   0.000000e+00  17319s
[2019-04-11 18:55:50] SOLVER   785932    2.7298661e+05   2.107304e+08   0.000000e+00  17478s
[2019-04-11 18:58:54] SOLVER   786933    2.7298713e+05   7.689988e+07   0.000000e+00  17661s
[2019-04-11 19:01:30] SOLVER   787934    2.7298752e+05   5.306969e+07   0.000000e+00  17818s
[2019-04-11 19:04:08] SOLVER   788935    2.7298777e+05   8.986492e+07   0.000000e+00  17976s
[2019-04-11 19:06:52] SOLVER   789936    2.7298807e+05   4.067618e+07   0.000000e+00  18140s
[2019-04-11 19:09:54] SOLVER   790937    2.7298843e+05   1.269127e+08   0.000000e+00  18321s
[2019-04-11 19:14:03] SOLVER   791938    2.7298882e+05   3.545474e+07   0.000000e+00  18571s
[2019-04-11 19:16:33] SOLVER   792939    2.7298900e+05   3.808401e+07   0.000000e+00  18721s
[2019-04-11 19:19:06] SOLVER   793940    2.7298933e+05   3.233447e+07   0.000000e+00  18873s
[2019-04-11 19:22:04] SOLVER   794941    2.7298960e+05   2.247473e+08   0.000000e+00  19052s
[2019-04-11 19:29:59] SOLVER   795661    2.7298976e+05   9.274770e+07   0.000000e+00  19527s
[2019-04-11 19:37:38] SOLVER   796341    2.7299005e+05   5.341736e+07   0.000000e+00  19985s
[2019-04-11 19:46:19] SOLVER   797101    2.7299032e+05   4.668467e+07   0.000000e+00  20507s
[2019-04-11 19:54:36] SOLVER   797841    2.7299047e+05   3.366574e+07   0.000000e+00  21003s
[2019-04-11 20:02:44] SOLVER   798631    2.7299072e+05   1.021488e+08   0.000000e+00  21491s
[2019-04-11 20:10:10] SOLVER   799611    2.7299162e+05   9.900257e+08   0.000000e+00  21938s
[2019-04-11 20:18:14] SOLVER   800471    2.7299192e+05   6.513346e+07   0.000000e+00  22422s
[2019-04-11 20:26:17] SOLVER   801472    2.7299210e+05   4.824866e+09   0.000000e+00  22905s
[2019-04-11 20:35:21] SOLVER   802472    2.7299256e+05   1.022560e+08   0.000000e+00  23449s
[2019-04-11 20:44:23] SOLVER   803342    2.7299302e+05   5.192284e+07   0.000000e+00  23990s
[2019-04-11 20:53:17] SOLVER   804343    2.7299322e+05   6.111887e+07   0.000000e+00  24525s
[2019-04-11 21:01:26] SOLVER   805133    2.7299337e+05   2.111283e+08   0.000000e+00  25014s
[2019-04-11 21:09:54] SOLVER   806134    2.7299363e+05   2.559099e+08   0.000000e+00  25521s
[2019-04-11 21:20:00] SOLVER   807084    2.7299390e+05   1.552679e+08   0.000000e+00  26128s
[2019-04-11 21:30:19] SOLVER   808044    2.7299431e+05   2.905942e+08   0.000000e+00  26746s
[2019-04-11 21:39:55] SOLVER   809045    2.7299463e+05   1.952681e+09   0.000000e+00  27323s
[2019-04-11 21:47:31] SOLVER   810046    2.7299483e+05   1.122163e+08   0.000000e+00  27779s
[2019-04-11 21:54:18] SOLVER   811047    2.7299501e+05   3.679893e+07   0.000000e+00  28186s
[2019-04-11 22:03:14] SOLVER   811877    2.7299537e+05   1.212110e+07   0.000000e+00  28722s
[2019-04-11 22:13:02] SOLVER   812837    2.7299564e+05   2.962713e+08   0.000000e+00  29309s
[2019-04-11 22:22:46] SOLVER   813838    2.7299591e+05   9.185244e+08   0.000000e+00  29894s
[2019-04-11 22:32:25] SOLVER   814738    2.7299604e+05   7.170140e+08   0.000000e+00  30473s
[2019-04-11 22:41:47] SOLVER   815648    2.7299622e+05   1.886893e+08   0.000000e+00  31034s
[2019-04-11 22:50:01] SOLVER   816649    2.7299644e+05   3.358487e+07   0.000000e+00  31528s
[2019-04-11 22:57:59] SOLVER   817650    2.7299671e+05   8.429376e+08   0.000000e+00  32007s
[2019-04-11 23:06:47] SOLVER   818430    2.7299693e+05   4.447736e+08   0.000000e+00  32535s
[2019-04-11 23:15:27] SOLVER   819240    2.7299712e+05   4.035812e+08   0.000000e+00  33054s
[2019-04-11 23:22:11] SOLVER   820241    2.7299740e+05   7.806975e+07   0.000000e+00  33458s
[2019-04-11 23:26:42] SOLVER   821242    2.7299787e+05   4.540982e+08   0.000000e+00  33729s
[2019-04-11 23:34:18] SOLVER   822012    2.7299805e+05   7.794044e+07   0.000000e+00  34185s
[2019-04-11 23:42:07] SOLVER   822712    2.7299832e+05   6.352644e+07   0.000000e+00  34655s
[2019-04-11 23:50:17] SOLVER   823512    2.7299854e+05   8.053378e+07   0.000000e+00  35145s
[2019-04-11 23:58:29] SOLVER   824302    2.7299871e+05   6.704402e+07   0.000000e+00  35637s
[2019-04-12 00:06:50] SOLVER   825052    2.7299892e+05   9.290942e+07   0.000000e+00  36138s
[2019-04-12 00:15:11] SOLVER   825822    2.7299914e+05   3.612099e+07   0.000000e+00  36639s
[2019-04-12 00:22:56] SOLVER   826512    2.7299930e+05   3.489185e+07   0.000000e+00  37103s
[2019-04-12 00:31:24] SOLVER   827262    2.7299955e+05   3.888256e+08   0.000000e+00  37611s
[2019-04-12 00:40:06] SOLVER   827952    2.7299987e+05   2.509862e+07   0.000000e+00  38133s
[2019-04-12 00:48:47] SOLVER   828672    2.7300023e+05   6.045693e+08   0.000000e+00  38655s
[2019-04-12 00:57:21] SOLVER   829422    2.7300048e+05   4.870412e+07   0.000000e+00  39169s
[2019-04-12 01:05:35] SOLVER   830282    2.7300065e+05   2.267862e+08   0.000000e+00  39663s
[2019-04-12 01:13:58] SOLVER   831122    2.7300087e+05   4.433308e+07   0.000000e+00  40166s
[2019-04-12 01:22:11] SOLVER   831872    2.7300108e+05   1.130115e+08   0.000000e+00  40659s
[2019-04-12 01:30:31] SOLVER   832632    2.7300124e+05   3.040996e+08   0.000000e+00  41159s
[2019-04-12 01:38:49] SOLVER   833402    2.7300149e+05   1.408664e+07   0.000000e+00  41656s
[2019-04-12 01:47:38] SOLVER   834212    2.7300162e+05   1.524977e+07   0.000000e+00  42185s
[2019-04-12 01:56:40] SOLVER   835213    2.7300191e+05   8.029660e+07   0.000000e+00  42728s
[2019-04-12 02:02:02] SOLVER   836214    2.7300219e+05   1.091052e+08   0.000000e+00  43050s
[2019-04-12 02:09:54] SOLVER   836964    2.7300248e+05   5.197736e+06   0.000000e+00  43522s
[2019-04-12 02:17:01] SOLVER   837965    2.7300278e+05   9.418332e+07   0.000000e+00  43949s
[2019-04-12 02:24:58] SOLVER   838725    2.7300298e+05   8.792968e+07   0.000000e+00  44426s
[2019-04-12 02:33:07] SOLVER   839565    2.7300325e+05   5.848444e+06   0.000000e+00  44915s
[2019-04-12 02:40:19] SOLVER   840235    2.7300342e+05   4.201925e+07   0.000000e+00  45347s
[2019-04-12 02:47:21] SOLVER   841005    2.7300367e+05   3.258755e+07   0.000000e+00  45769s
[2019-04-12 02:54:01] SOLVER   842006    2.7300398e+05   4.056267e+07   0.000000e+00  46169s
[2019-04-12 03:00:23] SOLVER   842706    2.7300414e+05   4.400024e+07   0.000000e+00  46550s
[2019-04-12 03:06:21] SOLVER   843376    2.7300430e+05   2.262482e+07   0.000000e+00  46908s
[2019-04-12 03:12:32] SOLVER   844016    2.7300459e+05   1.050176e+09   0.000000e+00  47280s
[2019-04-12 03:19:11] SOLVER   844696    2.7300470e+05   7.037102e+07   0.000000e+00  47679s
[2019-04-12 03:26:14] SOLVER   845376    2.7300481e+05   8.143140e+07   0.000000e+00  48101s
[2019-04-12 03:33:38] SOLVER   846086    2.7300495e+05   2.027104e+07   0.000000e+00  48546s
[2019-04-12 03:40:53] SOLVER   846816    2.7300508e+05   2.177887e+08   0.000000e+00  48980s
[2019-04-12 03:47:55] SOLVER   847566    2.7300522e+05   4.849975e+08   0.000000e+00  49403s
[2019-04-12 03:54:57] SOLVER   848226    2.7300539e+05   1.587621e+08   0.000000e+00  49825s
[2019-04-12 04:02:26] SOLVER   849036    2.7300557e+05   1.861161e+08   0.000000e+00  50274s
[2019-04-12 04:10:09] SOLVER   850037    2.7300618e+05   4.815864e+07   0.000000e+00  50736s
[2019-04-12 04:17:04] SOLVER   850707    2.7300628e+05   3.966404e+07   0.000000e+00  51151s
[2019-04-12 04:23:49] SOLVER   851417    2.7300641e+05   4.552906e+07   0.000000e+00  51557s
[2019-04-12 04:30:21] SOLVER   852077    2.7300656e+05   1.314783e+07   0.000000e+00  51948s
[2019-04-12 04:36:53] SOLVER   852757    2.7300669e+05   1.049939e+07   0.000000e+00  52341s
[2019-04-12 04:43:39] SOLVER   853487    2.7300682e+05   4.795904e+07   0.000000e+00  52747s
[2019-04-12 04:48:18] SOLVER   854488    2.7300696e+05   3.453641e+07   0.000000e+00  53025s
[2019-04-12 04:52:48] SOLVER   855489    2.7300705e+05   1.387825e+07   0.000000e+00  53295s
[2019-04-12 04:57:02] SOLVER   856490    2.7300725e+05   7.237529e+06   0.000000e+00  53550s
[2019-04-12 05:04:12] SOLVER   857350    2.7300734e+05   1.030268e+07   0.000000e+00  53980s
[2019-04-12 05:11:22] SOLVER   858100    2.7300746e+05   1.765186e+06   0.000000e+00  54410s
[2019-04-12 05:18:50] SOLVER   859000    2.7300765e+05   1.322709e+08   0.000000e+00  54858s
[2019-04-12 05:24:53] SOLVER   860001    2.7300789e+05   3.135634e+08   0.000000e+00  55221s
[2019-04-12 05:28:27] SOLVER   861002    2.7300804e+05   1.138355e+09   0.000000e+00  55435s
[2019-04-12 05:35:09] SOLVER   862003    2.7300824e+05   2.728246e+08   0.000000e+00  55837s
[2019-04-12 05:41:36] SOLVER   862663    2.7300836e+05   2.142782e+09   0.000000e+00  56224s
[2019-04-12 05:48:25] SOLVER   863353    2.7300848e+05   2.730096e+07   0.000000e+00  56633s
[2019-04-12 05:55:39] SOLVER   864083    2.7300861e+05   2.155070e+08   0.000000e+00  57066s
[2019-04-12 06:02:31] SOLVER   864813    2.7300872e+05   2.108150e+07   0.000000e+00  57479s
[2019-04-12 06:09:13] SOLVER   865503    2.7300884e+05   2.521012e+08   0.000000e+00  57880s
[2019-04-12 06:16:00] SOLVER   866233    2.7300896e+05   1.178849e+07   0.000000e+00  58287s
[2019-04-12 06:22:07] SOLVER   866873    2.7300907e+05   8.022449e+07   0.000000e+00  58655s
[2019-04-12 06:28:22] SOLVER   867553    2.7300918e+05   3.284889e+08   0.000000e+00  59029s
[2019-04-12 06:35:26] SOLVER   868483    2.7300936e+05   1.306137e+08   0.000000e+00  59454s
[2019-04-12 06:41:33] SOLVER   869484    2.7300953e+05   1.971699e+08   0.000000e+00  59821s
[2019-04-12 06:48:09] SOLVER   870204    2.7300966e+05   4.399621e+08   0.000000e+00  60216s
[2019-04-12 06:54:57] SOLVER   870924    2.7300982e+05   1.530144e+07   0.000000e+00  60624s
[2019-04-12 07:01:45] SOLVER   871574    2.7300997e+05   2.483081e+07   0.000000e+00  61033s
[2019-04-12 07:08:32] SOLVER   872204    2.7301019e+05   1.762723e+08   0.000000e+00  61439s
[2019-04-12 07:15:48] SOLVER   872834    2.7301038e+05   1.260817e+08   0.000000e+00  61876s
[2019-04-12 07:23:25] SOLVER   873464    2.7301061e+05   1.805704e+08   0.000000e+00  62333s
[2019-04-12 07:31:00] SOLVER   874094    2.7301082e+05   6.237746e+08   0.000000e+00  62788s
[2019-04-12 07:38:57] SOLVER   874774    2.7301102e+05   8.620426e+07   0.000000e+00  63264s
[2019-04-12 07:46:15] SOLVER   875434    2.7301121e+05   8.871952e+08   0.000000e+00  63703s
[2019-04-12 07:53:21] SOLVER   876064    2.7301139e+05   1.246854e+09   0.000000e+00  64129s
[2019-04-12 08:00:34] SOLVER   876744    2.7301159e+05   1.036543e+08   0.000000e+00  64561s
[2019-04-12 08:07:35] SOLVER   877424    2.7301177e+05   6.490007e+08   0.000000e+00  64983s
[2019-04-12 08:14:40] SOLVER   878124    2.7301191e+05   2.063934e+08   0.000000e+00  65407s
[2019-04-12 08:21:48] SOLVER   878754    2.7301208e+05   1.088389e+09   0.000000e+00  65836s
[2019-04-12 08:29:06] SOLVER   879394    2.7301220e+05   2.797391e+07   0.000000e+00  66273s
[2019-04-12 08:36:33] SOLVER   880104    2.7301247e+05   2.133596e+08   0.000000e+00  66721s
[2019-04-12 08:44:17] SOLVER   880874    2.7301271e+05   9.255886e+08   0.000000e+00  67185s
[2019-04-12 08:51:43] SOLVER   881774    2.7301300e+05   1.534328e+08   0.000000e+00  67630s
[2019-04-12 08:59:27] SOLVER   882754    2.7301326e+05   3.316271e+07   0.000000e+00  68095s
[2019-04-12 09:06:10] SOLVER   883474    2.7301339e+05   2.956239e+08   0.000000e+00  68498s
[2019-04-12 09:13:03] SOLVER   884184    2.7301352e+05   2.281439e+07   0.000000e+00  68910s
[2019-04-12 09:20:20] SOLVER   884984    2.7301368e+05   2.204465e+08   0.000000e+00  69348s
[2019-04-12 09:26:56] SOLVER   885834    2.7301385e+05   1.839729e+08   0.000000e+00  69743s
[2019-04-12 09:33:19] SOLVER   886614    2.7301397e+05   2.444036e+07   0.000000e+00  70126s
[2019-04-12 09:39:51] SOLVER   887324    2.7301409e+05   6.016775e+07   0.000000e+00  70518s
[2019-04-12 09:46:33] SOLVER   888074    2.7301418e+05   2.287581e+07   0.000000e+00  70921s
[2019-04-12 09:53:02] SOLVER   888944    2.7301440e+05   1.737754e+08   0.000000e+00  71310s
[2019-04-12 09:58:50] SOLVER   889654    2.7301451e+05   8.189728e+07   0.000000e+00  71658s
[2019-04-12 10:04:40] SOLVER   890334    2.7301466e+05   6.640461e+06   0.000000e+00  72007s
[2019-04-12 10:10:53] SOLVER   890994    2.7301475e+05   4.847373e+07   0.000000e+00  72380s
[2019-04-12 10:17:39] SOLVER   891744    2.7301486e+05   1.393830e+07   0.000000e+00  72786s
[2019-04-12 10:25:00] SOLVER   892614    2.7301497e+05   1.630059e+08   0.000000e+00  73228s
[2019-04-12 10:32:11] SOLVER   893294    2.7301505e+05   8.616129e+08   0.000000e+00  73659s
[2019-04-12 10:39:55] SOLVER   894034    2.7301515e+05   4.816066e+08   0.000000e+00  74123s
[2019-04-12 10:47:14] SOLVER   894734    2.7301526e+05   2.432527e+08   0.000000e+00  74561s
[2019-04-12 10:54:11] SOLVER   895394    2.7301533e+05   7.833620e+07   0.000000e+00  74979s
[2019-04-12 11:01:27] SOLVER   896144    2.7301544e+05   1.870817e+08   0.000000e+00  75415s
[2019-04-12 11:08:49] SOLVER   896834    2.7301554e+05   3.255409e+08   0.000000e+00  75857s
[2019-04-12 11:16:26] SOLVER   897584    2.7301565e+05   4.225924e+07   0.000000e+00  76314s
[2019-04-12 11:22:57] SOLVER   898264    2.7301573e+05   1.743355e+07   0.000000e+00  76705s
[2019-04-12 11:29:52] SOLVER   898934    2.7301584e+05   1.367355e+08   0.000000e+00  77120s
[2019-04-12 11:36:03] SOLVER   899574    2.7301597e+05   7.022508e+07   0.000000e+00  77490s
[2019-04-12 11:42:45] SOLVER   900324    2.7301615e+05   5.297069e+08   0.000000e+00  77893s
[2019-04-12 11:49:32] SOLVER   900984    2.7301628e+05   2.123977e+09   0.000000e+00  78299s
[2019-04-12 11:56:45] SOLVER   901664    2.7301646e+05   2.304831e+08   0.000000e+00  78732s
[2019-04-12 12:04:06] SOLVER   902354    2.7301656e+05   3.071743e+08   0.000000e+00  79174s
[2019-04-12 12:11:45] SOLVER   903044    2.7301666e+05   1.483219e+08   0.000000e+00  79632s
[2019-04-12 12:19:30] SOLVER   903914    2.7301681e+05   5.432984e+08   0.000000e+00  80097s
User defined signal 2
