Sender: LSF System <lsfadmin@eu-c7-060-11>
Subject: Job 88996011: <calliope run ../../build/model/model.yaml --save_netcdf ../../build/output/minus3/02.nc --scenario baseline --override_dict "{run.solver_options.FeasibilityTol: 1e-3, run.solver_options.OptimalityTol: 1e-5}"> in cluster <euler> Exited

Job <calliope run ../../build/model/model.yaml --save_netcdf ../../build/output/minus3/02.nc --scenario baseline --override_dict "{run.solver_options.FeasibilityTol: 1e-3, run.solver_options.OptimalityTol: 1e-5}"> was submitted from host <eu-login-14-ng> by user <trtim> in cluster <euler> at Thu Apr 11 12:20:56 2019
Job was executed on host(s) <4*eu-c7-060-11>, in queue <bigmem.24h>, as user <trtim> in cluster <euler> at Thu Apr 11 12:24:46 2019
</cluster/home/trtim> was used as the home directory.
</cluster/home/trtim/Develop/ose-model-comparison/performance-analysis/2019-04-11> was used as the working directory.
Started at Thu Apr 11 12:24:46 2019
Terminated at Fri Apr 12 12:23:51 2019
Results reported at Fri Apr 12 12:23:51 2019

Your job looked like:

------------------------------------------------------------
# LSBATCH: User input
calliope run ../../build/model/model.yaml --save_netcdf ../../build/output/minus3/02.nc --scenario baseline --override_dict "{run.solver_options.FeasibilityTol: 1e-3, run.solver_options.OptimalityTol: 1e-5}"
------------------------------------------------------------

TERM_RUNLIMIT: job killed after reaching LSF run time limit.
Exited with exit code 140.

Resource usage summary:

    CPU time :                                   96871.84 sec.
    Max Memory :                                 82241 MB
    Average Memory :                             75509.47 MB
    Total Requested Memory :                     96000.00 MB
    Delta Memory :                               13759.00 MB
    Max Swap :                                   -
    Max Processes :                              3
    Max Threads :                                8
    Run time :                                   86351 sec.
    Turnaround time :                            86575 sec.

The output (if any) follows:

Calliope 0.6.4-dev starting at 2019-04-11 12:25:44

/cluster/work/cpesm/trtim/.conda/envs/ose-model-comparison/lib/python3.6/site-packages/dask/config.py:168: YAMLLoadWarning:

calling yaml.load() without Loader=... is deprecated, as the default Loader is unsafe. Please read https://msg.pyyaml.org/load for full details.

[2019-04-11 12:25:44] INFO     Model: initialising
[2019-04-11 12:25:45] INFO     Override applied to run.solver_options.FeasibilityTol: 1e-05 -> 0.001
Override applied to run.solver_options.OptimalityTol: 1e-05 -> 1e-05
[2019-04-11 12:25:45] INFO     Using scenario `baseline` leading to the application of overrides `['diw_assumptions', 'diw_battery_baseline_cost', 'jrc_etri_2014_renewable_costs', 'battery_c_rate', 'equal_interest_rate', 'no_hydrogen']`.
[2019-04-11 12:25:46] INFO     `locations.ALB.techs.hydrogen.exists`:False applied from override as new configuration
`locations.AUT.techs.hydrogen.exists`:False applied from override as new configuration
`locations.BEL.techs.hydrogen.exists`:False applied from override as new configuration
`locations.BGR.techs.hydrogen.exists`:False applied from override as new configuration
`locations.BIH.techs.hydrogen.exists`:False applied from override as new configuration
`locations.CHE.techs.hydrogen.exists`:False applied from override as new configuration
`locations.CYP.techs.hydrogen.exists`:False applied from override as new configuration
`locations.CZE.techs.hydrogen.exists`:False applied from override as new configuration
`locations.DEU.techs.hydrogen.exists`:False applied from override as new configuration
`locations.DNK.techs.hydrogen.exists`:False applied from override as new configuration
`locations.ESP.techs.hydrogen.exists`:False applied from override as new configuration
`locations.EST.techs.hydrogen.exists`:False applied from override as new configuration
`locations.FIN.techs.hydrogen.exists`:False applied from override as new configuration
`locations.FRA.techs.hydrogen.exists`:False applied from override as new configuration
`locations.GBR.techs.hydrogen.exists`:False applied from override as new configuration
`locations.GRC.techs.hydrogen.exists`:False applied from override as new configuration
`locations.HRV.techs.hydrogen.exists`:False applied from override as new configuration
`locations.HUN.techs.hydrogen.exists`:False applied from override as new configuration
`locations.IRL.techs.hydrogen.exists`:False applied from override as new configuration
`locations.ITA.techs.hydrogen.exists`:False applied from override as new configuration
`locations.LTU.techs.hydrogen.exists`:False applied from override as new configuration
`locations.LUX.techs.hydrogen.exists`:False applied from override as new configuration
`locations.LVA.techs.hydrogen.exists`:False applied from override as new configuration
`locations.MKD.techs.hydrogen.exists`:False applied from override as new configuration
`locations.MNE.techs.hydrogen.exists`:False applied from override as new configuration
`locations.NLD.techs.hydrogen.exists`:False applied from override as new configuration
`locations.NOR.techs.hydrogen.exists`:False applied from override as new configuration
`locations.POL.techs.hydrogen.exists`:False applied from override as new configuration
`locations.PRT.techs.hydrogen.exists`:False applied from override as new configuration
`locations.ROU.techs.hydrogen.exists`:False applied from override as new configuration
`locations.SRB.techs.hydrogen.exists`:False applied from override as new configuration
`locations.SVK.techs.hydrogen.exists`:False applied from override as new configuration
`locations.SVN.techs.hydrogen.exists`:False applied from override as new configuration
`locations.SWE.techs.hydrogen.exists`:False applied from override as new configuration
`tech_groups.conversion.costs.monetary.interest_rate`:0.04 applied from override as new configuration
`tech_groups.conversion_plus.costs.monetary.interest_rate`:0.04 applied from override as new configuration
Override applied to tech_groups.pv.costs.monetary.energy_cap: 1401.49 -> 640.0
Override applied to tech_groups.pv.costs.monetary.om_annual: 12.66 -> 10.88
`tech_groups.storage.costs.monetary.interest_rate`:0.04 applied from override as new configuration
`tech_groups.supply.costs.monetary.interest_rate`:0.04 applied from override as new configuration
`tech_groups.supply_plus.costs.monetary.interest_rate`:0.04 applied from override as new configuration
`tech_groups.transmission.costs.monetary.interest_rate`:0.04 applied from override as new configuration
Override applied to tech_groups.wind_onshore.costs.monetary.energy_cap: 1316.28 -> 1300.0
Override applied to tech_groups.wind_onshore.costs.monetary.om_annual: 49.72 -> 28.6
`techs.battery.constraints.energy_cap_per_storage_cap_max`:4 applied from override as new configuration
`techs.battery.constraints.energy_cap_per_storage_cap_min`:0.25 applied from override as new configuration
Override applied to techs.battery.constraints.energy_eff: 0.95 -> 0.9591663046625439
Override applied to techs.battery.constraints.lifetime: 20 -> 12
Override applied to techs.battery.costs.monetary.energy_cap: 713.47 -> 135.14000000000001
`techs.battery.costs.monetary.interest_rate`:0.04 applied from override as new configuration
Override applied to techs.battery.costs.monetary.om_annual: 12.48 -> 0
Override applied to techs.battery.costs.monetary.om_prod: 0.0028 -> 0
Override applied to techs.battery.costs.monetary.storage_cap: 322.73 -> 315.32
Override applied to techs.ccgt.costs.monetary.om_con: 0.03761 -> 0.03168
Override applied to techs.ccgt.costs.monetary.om_prod: 0.000132 -> 0.014832000000000001
Override applied to techs.coal.costs.monetary.om_con: 0.010920000000000001 -> 0.009720000000000001
Override applied to techs.coal.costs.monetary.om_prod: 0.001315 -> 0.025915
Override applied to techs.lignite.costs.monetary.om_con: 0.010920000000000001 -> 0.00396
Override applied to techs.lignite.costs.monetary.om_prod: 0.001315 -> 0.028614999999999998
Override applied to techs.nuclear.costs.monetary.om_con: 0.0064 -> 0.0016899999999999999
Override applied to techs.nuclear.costs.monetary.om_prod: 0.0006580000000000001 -> 0.001018
Override applied to techs.wind_offshore.costs.monetary.energy_cap: 4246.25 -> 2580.0
Override applied to techs.wind_offshore.costs.monetary.om_annual: 113.0 -> 77.4
[2019-04-11 12:25:48] WARNING  Warning: Possible issues found during model processing:
 * `pumped_hydro` at `ALB` has no constraint to explicitly connect `energy_cap` to `storage_cap`, consider defining a `energy_cap_per_storage_cap_min/max/equals` constraint
 * `pumped_hydro` at `CYP` has no constraint to explicitly connect `energy_cap` to `storage_cap`, consider defining a `energy_cap_per_storage_cap_min/max/equals` constraint
 * `pumped_hydro` at `DNK` has no constraint to explicitly connect `energy_cap` to `storage_cap`, consider defining a `energy_cap_per_storage_cap_min/max/equals` constraint
 * `pumped_hydro` at `EST` has no constraint to explicitly connect `energy_cap` to `storage_cap`, consider defining a `energy_cap_per_storage_cap_min/max/equals` constraint
 * `pumped_hydro` at `FIN` has no constraint to explicitly connect `energy_cap` to `storage_cap`, consider defining a `energy_cap_per_storage_cap_min/max/equals` constraint
 * `pumped_hydro` at `HUN` has no constraint to explicitly connect `energy_cap` to `storage_cap`, consider defining a `energy_cap_per_storage_cap_min/max/equals` constraint
 * `pumped_hydro` at `LVA` has no constraint to explicitly connect `energy_cap` to `storage_cap`, consider defining a `energy_cap_per_storage_cap_min/max/equals` constraint
 * `pumped_hydro` at `MKD` has no constraint to explicitly connect `energy_cap` to `storage_cap`, consider defining a `energy_cap_per_storage_cap_min/max/equals` constraint
 * `pumped_hydro` at `MNE` has no constraint to explicitly connect `energy_cap` to `storage_cap`, consider defining a `energy_cap_per_storage_cap_min/max/equals` constraint
 * `pumped_hydro` at `NLD` has no constraint to explicitly connect `energy_cap` to `storage_cap`, consider defining a `energy_cap_per_storage_cap_min/max/equals` constraint

[2019-04-11 12:25:48] INFO     Model: preprocessing stage 1 (model_run)
[2019-04-11 12:25:58] INFO     Model: preprocessing stage 2 (model_data)
[2019-04-11 12:26:13] INFO     Model: preprocessing complete. Time since start: 0:00:29.387931
Model name:   Open Source Modelling -- Euro Calliope model
Model size:   34 locations, 19 technologies, 8760 timesteps

Starting model run...
[2019-04-11 12:26:13] INFO     Backend: starting model run
[2019-04-11 13:19:38] INFO     Backend: model generated. Time since start: 0:53:54.348718
[2019-04-11 13:19:38] INFO     Backend: sending model to solver
[2019-04-11 14:03:21] SOLVER   Parameter OutputFlag unchanged
[2019-04-11 14:03:21] SOLVER   Value: 1  Min: 0  Max: 1  Default: 1
[2019-04-11 14:03:21] SOLVER   Changed value of parameter LogFile to /cluster/work/cpesm/trtim/ose-model-comparison/performance-analysis/2019-04-11/tmpulwz7ev5.log
[2019-04-11 14:03:21] SOLVER   Prev: gurobi.log  Default:
[2019-04-11 14:03:21] SOLVER   Changed value of parameter FeasibilityTol to 0.001
[2019-04-11 14:03:21] SOLVER   Prev: 1e-06  Min: 1e-09  Max: 0.01  Default: 1e-06
[2019-04-11 14:03:21] SOLVER   Changed value of parameter Method to 2
[2019-04-11 14:03:21] SOLVER   Prev: -1  Min: -1  Max: 5  Default: -1
[2019-04-11 14:03:21] SOLVER   Changed value of parameter OptimalityTol to 1e-05
[2019-04-11 14:03:21] SOLVER   Prev: 1e-06  Min: 1e-09  Max: 0.01  Default: 1e-06
[2019-04-11 14:03:21] SOLVER   Changed value of parameter Threads to 4
[2019-04-11 14:03:21] SOLVER   Prev: 0  Min: 0  Max: 1024  Default: 0
[2019-04-11 14:03:21] SOLVER   Optimize a model with 22166104 rows, 17558336 columns and 59282184 nonzeros
[2019-04-11 14:03:22] SOLVER   Coefficient statistics:
[2019-04-11 14:03:22] SOLVER   Matrix range     [4e-06, 3e+02]
[2019-04-11 14:03:22] SOLVER   Objective range  [1e+00, 1e+00]
[2019-04-11 14:03:22] SOLVER   Bounds range     [5e-02, 2e+03]
[2019-04-11 14:03:22] SOLVER   RHS range        [7e-03, 2e+03]
[2019-04-11 14:03:28] SOLVER   Presolve removed 8940214 rows and 8052865 columns (presolve time = 6s) ...
[2019-04-11 14:03:36] SOLVER   Presolve removed 15476635 rows and 10385133 columns (presolve time = 14s) ...
[2019-04-11 14:03:38] SOLVER   Presolve removed 15481502 rows and 10390000 columns (presolve time = 16s) ...
[2019-04-11 14:03:47] SOLVER   Presolve removed 17474125 rows and 12382623 columns (presolve time = 25s) ...
[2019-04-11 14:03:53] SOLVER   Presolve removed 17524053 rows and 12382633 columns (presolve time = 31s) ...
[2019-04-11 14:03:56] SOLVER   Presolve removed 17524053 rows and 12382633 columns
[2019-04-11 14:03:56] SOLVER   Presolve time: 35.07s
[2019-04-11 14:03:56] SOLVER   Presolved: 4642051 rows, 5175703 columns, 18951122 nonzeros
[2019-04-11 14:04:59] SOLVER   Ordering time: 0.00s
[2019-04-11 14:05:06] SOLVER   Barrier statistics:
[2019-04-11 14:05:06] SOLVER   Dense cols : 316
[2019-04-11 14:05:06] SOLVER   AA' NZ     : 1.572e+07
[2019-04-11 14:05:06] SOLVER   Factor NZ  : 1.076e+08 (roughly 5.0 GBytes of memory)
[2019-04-11 14:05:06] SOLVER   Factor Ops : 2.989e+10 (roughly 1 second per iteration)
[2019-04-11 14:05:06] SOLVER   Threads    : 4
[2019-04-11 14:05:11] SOLVER   Objective                Residual
[2019-04-11 14:05:11] SOLVER   Iter       Primal          Dual         Primal    Dual     Compl     Time
[2019-04-11 14:05:11] SOLVER   0   1.82950365e+08 -2.31955001e+08  2.94e+07 1.95e-01  9.17e+04   110s
[2019-04-11 14:05:16] SOLVER   1   1.68685851e+08 -2.47939582e+08  1.96e+07 3.01e+01  6.27e+04   115s
[2019-04-11 14:05:23] SOLVER   2   1.67299670e+08 -2.63783181e+08  1.87e+07 2.02e+01  5.28e+04   121s
[2019-04-11 14:05:30] SOLVER   3   1.62204593e+08 -2.97205582e+08  1.59e+07 1.79e+01  4.77e+04   129s
[2019-04-11 14:05:37] SOLVER   4   1.53787810e+08 -6.14565150e+08  1.50e+07 1.60e+01  4.48e+04   135s
[2019-04-11 14:05:41] SOLVER   5   1.38437308e+08 -1.07115734e+09  1.34e+07 1.29e+01  4.02e+04   140s
[2019-04-11 14:05:46] SOLVER   6   1.16098077e+08 -1.40108046e+09  1.18e+07 1.30e+01  3.57e+04   145s
[2019-04-11 14:05:52] SOLVER   7   1.07732690e+08 -2.12906372e+09  1.08e+07 1.03e+01  3.23e+04   151s
[2019-04-11 14:06:00] SOLVER   8   4.81451419e+07 -2.51820893e+09  3.55e+06 8.32e+00  1.29e+04   158s
[2019-04-11 14:06:06] SOLVER   9   2.44905480e+07 -2.60031428e+09  9.23e+05 7.08e+00  5.30e+03   165s
[2019-04-11 14:06:11] SOLVER   10   1.98737258e+07 -2.51781278e+09  4.76e+05 6.01e+00  3.59e+03   169s
[2019-04-11 14:06:16] SOLVER   11   1.77337183e+07 -2.16324706e+09  2.67e+05 4.55e+00  2.47e+03   174s
[2019-04-11 14:06:22] SOLVER   12   1.64362086e+07 -1.18388632e+09  1.40e+05 9.48e-01  8.42e+02   181s
[2019-04-11 14:06:27] SOLVER   13   1.53431656e+07 -7.57751738e+08  4.65e+04 3.94e-01  3.27e+02   185s
[2019-04-11 14:06:33] SOLVER   14   1.51808048e+07 -7.33849678e+08  3.50e+04 3.74e-01  2.83e+02   192s
[2019-04-11 14:06:40] SOLVER   15   1.48054617e+07 -3.22137127e+08  1.02e+04 5.98e-02  7.21e+01   199s
[2019-04-11 14:06:47] SOLVER   16   1.46014450e+07 -2.12210076e+08  8.46e+03 3.08e-02  4.56e+01   205s
[2019-04-11 14:06:51] SOLVER   17   1.26320882e+07 -1.19914700e+08  6.63e+02 1.42e-02  1.66e+01   210s
[2019-04-11 14:06:56] SOLVER   18   1.03483839e+07 -5.42460545e+07  2.84e+02 6.00e-03  7.40e+00   215s
[2019-04-11 14:07:03] SOLVER   19   7.86565413e+06 -2.81248965e+07  1.32e+02 2.89e-03  3.83e+00   221s
[2019-04-11 14:07:07] SOLVER   20   5.86649569e+06 -1.53674705e+07  7.01e+01 1.54e-03  2.14e+00   226s
[2019-04-11 14:07:14] SOLVER   21   4.73334711e+06 -8.04515940e+06  4.80e+01 7.84e-04  1.24e+00   232s
[2019-04-11 14:07:21] SOLVER   22   3.31886472e+06 -4.92545854e+06  2.63e+01 4.68e-04  7.74e-01   239s
[2019-04-11 14:07:27] SOLVER   23   2.47732988e+06 -3.19872098e+06  1.55e+01 3.14e-04  5.23e-01   246s
[2019-04-11 14:07:32] SOLVER   24   2.18894538e+06 -2.48096870e+06  1.25e+01 2.50e-04  4.27e-01   251s
[2019-04-11 14:07:37] SOLVER   25   1.90859831e+06 -2.27201909e+06  9.79e+00 2.31e-04  3.80e-01   255s
[2019-04-11 14:07:43] SOLVER   26   1.63076240e+06 -1.65516811e+06  7.43e+00 1.79e-04  2.97e-01   262s
[2019-04-11 14:07:48] SOLVER   27   1.37303223e+06 -1.20884982e+06  5.09e+00 1.34e-04  2.32e-01   266s
[2019-04-11 14:07:54] SOLVER   28   1.26764852e+06 -8.01542672e+05  3.90e+00 9.74e-05  1.85e-01   273s
[2019-04-11 14:08:02] SOLVER   29   1.06823247e+06 -5.11256705e+05  5.00e-03 7.14e-05  1.40e-01   280s
[2019-04-11 14:08:09] SOLVER   30   1.01089869e+06 -3.12276631e+05  4.62e-03 5.24e-05  1.17e-01   287s
[2019-04-11 14:08:14] SOLVER   31   8.94318200e+05 -1.47199059e+05  3.82e-03 3.67e-05  9.21e-02   293s
[2019-04-11 14:08:20] SOLVER   32   8.71137404e+05 -1.23064861e+05  3.67e-03 3.40e-05  8.78e-02   299s
[2019-04-11 14:08:27] SOLVER   33   8.00093360e+05 -8.65632916e+04  3.25e-03 3.10e-05  7.82e-02   306s
[2019-04-11 14:08:32] SOLVER   34   7.48809570e+05  1.79260694e+04  2.92e-03 2.12e-05  6.44e-02   311s
[2019-04-11 14:08:40] SOLVER   35   6.87185006e+05  5.96306151e+04  2.53e-03 1.66e-05  5.52e-02   318s
[2019-04-11 14:08:48] SOLVER   36   5.73602748e+05  1.19292889e+05  1.89e-03 1.14e-05  3.99e-02   327s
[2019-04-11 14:08:55] SOLVER   37   5.49985178e+05  1.30968664e+05  1.73e-03 1.02e-05  3.68e-02   334s
[2019-04-11 14:09:01] SOLVER   38   4.98117399e+05  1.56956580e+05  1.41e-03 8.06e-06  2.99e-02   339s
[2019-04-11 14:09:07] SOLVER   39   4.77764644e+05  1.62560108e+05  1.28e-03 7.65e-06  2.77e-02   345s
[2019-04-11 14:09:13] SOLVER   40   4.31279259e+05  1.69941979e+05  9.99e-04 7.11e-06  2.29e-02   352s
[2019-04-11 14:09:19] SOLVER   41   4.11267924e+05  1.75638635e+05  8.72e-04 6.67e-06  2.07e-02   358s
[2019-04-11 14:09:26] SOLVER   42   3.93722974e+05  2.05888900e+05  7.73e-04 4.48e-06  1.65e-02   364s
[2019-04-11 14:09:35] SOLVER   43   3.76462208e+05  2.11182273e+05  6.79e-04 4.07e-06  1.45e-02   374s
[2019-04-11 14:09:41] SOLVER   44   3.69170121e+05  2.14981966e+05  6.34e-04 3.78e-06  1.35e-02   380s
[2019-04-11 14:09:47] SOLVER   45   3.64094352e+05  2.18257670e+05  6.02e-04 3.52e-06  1.28e-02   386s
[2019-04-11 14:09:53] SOLVER   46   3.59051919e+05  2.19853717e+05  5.70e-04 3.41e-06  1.22e-02   391s
[2019-04-11 14:10:00] SOLVER   47   3.47246400e+05  2.22305541e+05  4.97e-04 3.23e-06  1.09e-02   398s
[2019-04-11 14:10:08] SOLVER   48   3.42767811e+05  2.27824023e+05  4.68e-04 2.87e-06  1.01e-02   406s
[2019-04-11 14:10:15] SOLVER   49   3.37323357e+05  2.29811921e+05  4.34e-04 2.73e-06  9.42e-03   413s
[2019-04-11 14:10:20] SOLVER   50   3.32234730e+05  2.32498754e+05  4.00e-04 2.53e-06  8.74e-03   419s
[2019-04-11 14:10:26] SOLVER   51   3.26317260e+05  2.34042726e+05  3.61e-04 2.43e-06  8.08e-03   425s
[2019-04-11 14:10:31] SOLVER   52   3.24242996e+05  2.34761029e+05  3.47e-04 2.39e-06  7.84e-03   430s
[2019-04-11 14:10:38] SOLVER   53   3.22063805e+05  2.36236267e+05  3.34e-04 2.29e-06  7.52e-03   437s
[2019-04-11 14:10:47] SOLVER   54   3.19512628e+05  2.39295360e+05  3.18e-04 2.09e-06  7.03e-03   445s
[2019-04-11 14:10:54] SOLVER   55   3.18660055e+05  2.39971318e+05  3.12e-04 2.05e-06  6.89e-03   452s
[2019-04-11 14:11:00] SOLVER   56   3.16504826e+05  2.40860581e+05  2.98e-04 1.99e-06  6.62e-03   458s
[2019-04-11 14:11:05] SOLVER   57   3.13314091e+05  2.41478311e+05  2.76e-04 1.95e-06  6.29e-03   464s
[2019-04-11 14:11:12] SOLVER   58   3.11953910e+05  2.42604809e+05  2.67e-04 1.96e-06  6.07e-03   471s
[2019-04-11 14:11:18] SOLVER   59   3.10553538e+05  2.43388849e+05  2.58e-04 2.03e-06  5.88e-03   476s
[2019-04-11 14:11:25] SOLVER   60   3.08852403e+05  2.44660010e+05  2.47e-04 1.96e-06  5.62e-03   483s
[2019-04-11 14:11:33] SOLVER   61   3.07477669e+05  2.45554170e+05  2.38e-04 1.91e-06  5.42e-03   492s
[2019-04-11 14:11:40] SOLVER   62   3.06453143e+05  2.46259448e+05  2.31e-04 1.87e-06  5.27e-03   499s
[2019-04-11 14:11:46] SOLVER   63   3.05610101e+05  2.47317806e+05  2.25e-04 1.81e-06  5.10e-03   504s
[2019-04-11 14:11:51] SOLVER   64   3.04860904e+05  2.47519723e+05  2.20e-04 1.80e-06  5.02e-03   510s
[2019-04-11 14:11:58] SOLVER   65   3.04046135e+05  2.48230826e+05  2.15e-04 1.75e-06  4.89e-03   517s
[2019-04-11 14:12:08] SOLVER   66   1.82950365e+08 -5.41610267e+09  2.94e+07 1.95e-01  2.14e+06   527s
[2019-04-11 14:12:15] SOLVER   67   1.73504585e+08 -5.93494770e+09  2.02e+07 7.18e+02  1.54e+06   534s
[2019-04-11 14:12:24] SOLVER   68   1.72035021e+08 -6.31895486e+09  1.91e+07 4.79e+02  1.28e+06   543s
[2019-04-11 14:12:31] SOLVER   69   1.67699042e+08 -6.74962395e+09  1.68e+07 4.39e+02  1.20e+06   550s
[2019-04-11 14:12:36] SOLVER   70   1.66747915e+08 -2.40264126e+10  1.63e+07 3.54e+02  1.18e+06   555s
[2019-04-11 14:12:42] SOLVER   71   1.46753295e+08 -3.08920731e+10  1.38e+07 3.02e+02  1.01e+06   561s
[2019-04-11 14:12:49] SOLVER   72   1.25735556e+08 -3.37846080e+10  1.19e+07 2.84e+02  8.76e+05   568s
[2019-04-11 14:12:58] SOLVER   73   1.11846182e+08 -9.96341214e+10  1.03e+07 1.52e+02  7.38e+05   576s
[2019-04-11 14:13:04] SOLVER   74   5.12170597e+07 -1.01747567e+11  3.69e+06 1.28e+02  3.08e+05   583s
[2019-04-11 14:13:10] SOLVER   75   2.30345811e+07 -9.65559228e+10  8.02e+05 1.04e+02  1.01e+05   589s
[2019-04-11 14:13:16] SOLVER   76   2.04784159e+07 -8.81483273e+10  5.44e+05 8.91e+01  7.63e+04   594s
[2019-04-11 14:13:22] SOLVER   77   1.74996187e+07 -7.25783543e+10  2.66e+05 6.54e+01  4.66e+04   601s
[2019-04-11 14:13:29] SOLVER   78   1.59926280e+07 -5.57658933e+10  1.17e+05 4.46e+01  2.75e+04   607s
[2019-04-11 14:13:35] SOLVER   79   1.52754008e+07 -2.85498277e+10  4.53e+04 1.65e+01  1.09e+04   614s
[2019-04-11 14:13:44] SOLVER   80   1.50666568e+07 -1.04062865e+10  1.15e+04 2.37e+00  2.35e+03   622s
[2019-04-11 14:13:50] SOLVER   81   1.49922331e+07 -2.68899096e+09  1.34e+03 2.77e-01  3.72e+02   629s
[2019-04-11 14:13:56] SOLVER   82   1.48144555e+07 -4.73402765e+08  1.10e+02 3.81e-02  5.67e+01   635s
[2019-04-11 14:14:02] SOLVER   83   1.36328955e+07 -1.63048893e+08  2.54e-08 1.12e-02  1.91e+01   640s
[2019-04-11 14:14:09] SOLVER   84   1.13001307e+07 -8.47101324e+07  2.10e-08 5.40e-03  9.97e+00   647s
[2019-04-11 14:14:14] SOLVER   85   8.65320163e+06 -6.19552840e+07  1.28e-08 3.83e-03  7.10e+00   653s
[2019-04-11 14:14:21] SOLVER   86   6.55550036e+06 -3.62926312e+07  7.10e-09 2.10e-03  4.16e+00   660s
[2019-04-11 14:14:29] SOLVER   87   4.75867024e+06 -1.85902494e+07  4.17e-09 1.08e-03  2.21e+00   668s
[2019-04-11 14:14:36] SOLVER   88   3.91865760e+06 -1.14348764e+07  3.05e-09 6.58e-04  1.43e+00   675s
[2019-04-11 14:14:42] SOLVER   89   3.23752309e+06 -7.46318804e+06  2.55e-09 4.35e-04  9.84e-01   680s
[2019-04-11 14:14:47] SOLVER   90   2.74647158e+06 -5.46598225e+06  1.98e-09 3.23e-04  7.48e-01   686s
[2019-04-11 14:14:55] SOLVER   91   2.44227863e+06 -5.30216945e+06  1.68e-09 3.13e-04  7.03e-01   693s
[2019-04-11 14:15:00] SOLVER   92   2.00799343e+06 -4.90930304e+06  1.21e-09 2.91e-04  6.24e-01   699s
[2019-04-11 14:15:07] SOLVER   93   1.73373119e+06 -2.87715000e+06  9.53e-10 1.78e-04  4.13e-01   706s
[2019-04-11 14:15:15] SOLVER   94   1.27197200e+06 -1.78940046e+06  5.44e-10 1.14e-04  2.72e-01   714s
[2019-04-11 14:15:22] SOLVER   95   1.08117884e+06 -1.18257114e+06  4.17e-10 7.80e-05  2.00e-01   721s
[2019-04-11 14:15:28] SOLVER   96   9.84502365e+05 -9.23622993e+05  3.60e-10 6.29e-05  1.69e-01   726s
[2019-04-11 14:15:34] SOLVER   97   8.88706190e+05 -6.16631138e+05  3.04e-10 4.48e-05  1.33e-01   732s
[2019-04-11 14:15:40] SOLVER   98   7.86545283e+05 -4.41619401e+05  2.48e-10 3.58e-05  1.08e-01   739s
[2019-04-11 14:15:46] SOLVER   99   6.78948286e+05 -2.80372326e+05  1.89e-10 2.83e-05  8.44e-02   745s
[2019-04-11 14:15:53] SOLVER   100   6.38659327e+05 -8.09665010e+04  1.70e-10 1.77e-05  6.32e-02   752s
[2019-04-11 14:16:02] SOLVER   101   5.62292755e+05 -6.16483203e+03  1.32e-10 1.36e-05  4.99e-02   760s
[2019-04-11 14:16:08] SOLVER   102   5.46116140e+05  5.62224197e+04  1.25e-10 1.06e-05  4.30e-02   767s
[2019-04-11 14:16:14] SOLVER   103   5.00056688e+05  7.58910889e+04  1.03e-10 9.49e-06  3.72e-02   772s
[2019-04-11 14:16:19] SOLVER   104   4.61403210e+05  9.67904870e+04  8.54e-11 8.49e-06  3.20e-02   778s
[2019-04-11 14:16:26] SOLVER   105   4.51640067e+05  1.26535953e+05  8.09e-11 7.05e-06  2.85e-02   784s
[2019-04-11 14:16:32] SOLVER   106   4.29079470e+05  1.47054450e+05  7.04e-11 5.95e-06  2.47e-02   790s
[2019-04-11 14:16:38] SOLVER   107   4.01840020e+05  1.68446964e+05  5.80e-11 4.81e-06  2.04e-02   797s
[2019-04-11 14:16:47] SOLVER   108   3.83553541e+05  1.87938822e+05  5.03e-11 3.84e-06  1.71e-02   805s
[2019-04-11 14:16:54] SOLVER   109   3.69073789e+05  1.97505667e+05  4.41e-11 3.41e-06  1.50e-02   812s
[2019-04-11 14:16:59] SOLVER   110   3.66107125e+05  2.02768317e+05  4.27e-11 3.15e-06  1.43e-02   818s
[2019-04-11 14:17:05] SOLVER   111   3.60646329e+05  2.05662966e+05  4.02e-11 3.00e-06  1.36e-02   823s
[2019-04-11 14:17:12] SOLVER   112   3.51455889e+05  2.13399521e+05  4.26e-11 2.66e-06  1.21e-02   830s
[2019-04-11 14:17:17] SOLVER   113   3.46763113e+05  2.16398088e+05  4.51e-11 2.51e-06  1.14e-02   835s
[2019-04-11 14:17:24] SOLVER   114   3.39160838e+05  2.22305322e+05  3.05e-11 2.25e-06  1.02e-02   842s
[2019-04-11 14:17:32] SOLVER   115   3.29376325e+05  2.26388159e+05  5.08e-11 2.06e-06  9.02e-03   850s
[2019-04-11 14:17:39] SOLVER   116   3.26979985e+05  2.29697895e+05  4.29e-11 1.91e-06  8.52e-03   858s
[2019-04-11 14:17:45] SOLVER   117   3.25391109e+05  2.30702577e+05  3.96e-11 1.87e-06  8.29e-03   863s
[2019-04-11 14:17:50] SOLVER   118   3.23687035e+05  2.31891981e+05  4.28e-11 1.81e-06  8.04e-03   869s
[2019-04-11 14:17:57] SOLVER   119   3.21407910e+05  2.35093705e+05  4.32e-11 1.67e-06  7.56e-03   876s
[2019-04-11 14:18:03] SOLVER   120   3.19052029e+05  2.36533930e+05  4.28e-11 1.61e-06  7.22e-03   881s
[2019-04-11 14:18:10] SOLVER   121   3.16542946e+05  2.38094618e+05  4.55e-11 1.54e-06  6.87e-03   889s
[2019-04-11 14:18:19] SOLVER   122   3.12867018e+05  2.41077919e+05  7.52e-11 1.41e-06  6.28e-03   897s
[2019-04-11 14:18:26] SOLVER   123   3.10020910e+05  2.43016727e+05  9.46e-11 1.32e-06  5.86e-03   904s
[2019-04-11 14:18:31] SOLVER   124   3.08804223e+05  2.44254923e+05  7.97e-11 1.26e-06  5.65e-03   910s
[2019-04-11 14:18:37] SOLVER   125   3.07845380e+05  2.44989940e+05  7.84e-11 1.23e-06  5.50e-03   915s
[2019-04-11 14:18:43] SOLVER   126   3.06303280e+05  2.46041016e+05  8.72e-11 1.18e-06  5.27e-03   922s
[2019-04-11 14:18:52] SOLVER   127   3.03986079e+05  2.48166341e+05  8.48e-11 1.08e-06  4.89e-03   931s
[2019-04-11 14:18:59] SOLVER   128   3.02152368e+05  2.50055556e+05  8.96e-11 9.99e-07  4.56e-03   937s
[2019-04-11 14:19:05] SOLVER   129   3.00917368e+05  2.50559853e+05  8.49e-11 9.74e-07  4.41e-03   943s
[2019-04-11 14:19:10] SOLVER   130   2.99963220e+05  2.50815457e+05  1.03e-10 9.62e-07  4.30e-03   949s
[2019-04-11 14:19:16] SOLVER   131   2.98824020e+05  2.51229448e+05  1.01e-10 9.44e-07  4.17e-03   955s
[2019-04-11 14:19:23] SOLVER   132   2.97406390e+05  2.52046503e+05  1.00e-10 9.07e-07  3.97e-03   961s
[2019-04-11 14:19:31] SOLVER   133   2.96317105e+05  2.52912760e+05  1.01e-10 8.69e-07  3.80e-03   970s
[2019-04-11 14:19:38] SOLVER   134   2.95045457e+05  2.53942883e+05  9.37e-11 8.23e-07  3.60e-03   976s
[2019-04-11 14:19:44] SOLVER   135   2.94549802e+05  2.54641145e+05  9.27e-11 7.92e-07  3.49e-03   982s
[2019-04-11 14:19:49] SOLVER   136   2.93958208e+05  2.54975792e+05  9.50e-11 7.77e-07  3.41e-03   988s
[2019-04-11 14:19:56] SOLVER   137   2.93190598e+05  2.55667072e+05  8.41e-11 7.47e-07  3.28e-03   995s
[2019-04-11 14:20:02] SOLVER   138   2.92753583e+05  2.56280876e+05  8.59e-11 7.19e-07  3.19e-03  1000s
[2019-04-11 14:20:09] SOLVER   139   2.91820052e+05  2.56845797e+05  9.54e-11 6.95e-07  3.06e-03  1007s
[2019-04-11 14:20:17] SOLVER   140   2.90878907e+05  2.58016009e+05  9.53e-11 6.44e-07  2.88e-03  1016s
[2019-04-11 14:20:25] SOLVER   141   2.90040985e+05  2.58828530e+05  1.01e-10 6.08e-07  2.73e-03  1023s
[2019-04-11 14:20:30] SOLVER   142   2.89347704e+05  2.59076483e+05  9.77e-11 5.97e-07  2.65e-03  1029s
[2019-04-11 14:20:35] SOLVER   143   2.88884028e+05  2.59843128e+05  9.83e-11 5.63e-07  2.54e-03  1034s
[2019-04-11 14:20:42] SOLVER   144   2.87774157e+05  2.60508901e+05  9.07e-11 5.34e-07  2.39e-03  1041s
[2019-04-11 14:20:48] SOLVER   145   2.87109423e+05  2.61216415e+05  9.01e-11 5.03e-07  2.27e-03  1047s
[2019-04-11 14:20:55] SOLVER   146   2.86775291e+05  2.61680548e+05  8.58e-11 4.82e-07  2.20e-03  1054s
[2019-04-11 14:21:03] SOLVER   147   2.85745568e+05  2.63526090e+05  9.79e-11 4.01e-07  1.94e-03  1062s
[2019-04-11 14:21:10] SOLVER   148   2.84876694e+05  2.63614814e+05  1.21e-10 3.96e-07  1.86e-03  1069s
[2019-04-11 14:21:16] SOLVER   149   2.84419724e+05  2.64010912e+05  1.22e-10 3.78e-07  1.79e-03  1074s
[2019-04-11 14:21:22] SOLVER   150   2.84141793e+05  2.64301978e+05  1.23e-10 3.65e-07  1.74e-03  1080s
[2019-04-11 14:21:28] SOLVER   151   2.83679991e+05  2.64846847e+05  1.18e-10 3.40e-07  1.65e-03  1087s
[2019-04-11 14:21:34] SOLVER   152   2.83450040e+05  2.65155769e+05  1.18e-10 3.26e-07  1.60e-03  1093s
[2019-04-11 14:21:41] SOLVER   153   2.82866312e+05  2.65291108e+05  1.29e-10 3.20e-07  1.54e-03  1100s
[2019-04-11 14:21:49] SOLVER   154   2.82365980e+05  2.65876732e+05  1.04e-10 2.93e-07  1.44e-03  1108s
[2019-04-11 14:21:55] SOLVER   155   2.81873440e+05  2.66165430e+05  1.05e-10 2.80e-07  1.37e-03  1114s
[2019-04-11 14:22:01] SOLVER   156   2.81551350e+05  2.66384470e+05  9.42e-11 2.70e-07  1.33e-03  1119s
[2019-04-11 14:22:06] SOLVER   157   2.81331802e+05  2.66634517e+05  9.26e-11 2.59e-07  1.29e-03  1124s
[2019-04-11 14:22:12] SOLVER   158   2.81196430e+05  2.66825373e+05  9.52e-11 2.50e-07  1.26e-03  1131s
[2019-04-11 14:22:18] SOLVER   159   2.80851326e+05  2.66924906e+05  1.02e-10 2.45e-07  1.22e-03  1136s
[2019-04-11 14:22:25] SOLVER   160   2.80527063e+05  2.67228903e+05  7.89e-11 2.32e-07  1.16e-03  1143s
[2019-04-11 14:22:35] SOLVER   161   2.80003741e+05  2.67458617e+05  2.16e-10 2.21e-07  1.10e-03  1154s
[2019-04-11 14:22:42] SOLVER   162   2.79796547e+05  2.67606797e+05  2.09e-10 2.15e-07  1.07e-03  1160s
[2019-04-11 14:22:47] SOLVER   163   2.79637798e+05  2.67713743e+05  2.02e-10 2.10e-07  1.04e-03  1166s
[2019-04-11 14:22:52] SOLVER   164   2.79521795e+05  2.67876762e+05  2.49e-10 2.03e-07  1.02e-03  1170s
[2019-04-11 14:22:58] SOLVER   165   2.79120606e+05  2.68135807e+05  4.26e-10 1.91e-07  9.61e-04  1177s
[2019-04-11 14:23:03] SOLVER   166   2.79046199e+05  2.68318095e+05  4.31e-10 1.83e-07  9.39e-04  1182s
[2019-04-11 14:23:09] SOLVER   167   2.78853094e+05  2.68348586e+05  4.48e-10 1.81e-07  9.19e-04  1187s
[2019-04-11 14:23:15] SOLVER   168   2.78776715e+05  2.68527098e+05  4.91e-10 1.74e-07  8.97e-04  1194s
[2019-04-11 14:23:24] SOLVER   169   2.78467048e+05  2.68921027e+05  7.63e-10 1.57e-07  8.35e-04  1203s
[2019-04-11 14:23:32] SOLVER   170   2.78354243e+05  2.69214100e+05  8.26e-10 1.45e-07  8.00e-04  1211s
[2019-04-11 14:23:38] SOLVER   171   2.78139919e+05  2.69329685e+05  9.70e-10 1.40e-07  7.71e-04  1216s
[2019-04-11 14:23:43] SOLVER   172   2.78058486e+05  2.69354763e+05  9.82e-10 1.39e-07  7.62e-04  1222s
[2019-04-11 14:23:48] SOLVER   173   2.77977484e+05  2.69409905e+05  9.51e-10 1.37e-07  7.50e-04  1227s
[2019-04-11 14:23:53] SOLVER   174   2.77896347e+05  2.69526075e+05  9.01e-10 1.32e-07  7.32e-04  1231s
[2019-04-11 14:23:58] SOLVER   175   2.77704631e+05  2.69580365e+05  7.37e-10 1.30e-07  7.11e-04  1237s
[2019-04-11 14:24:03] SOLVER   176   2.77649883e+05  2.69665655e+05  7.62e-10 1.26e-07  6.99e-04  1241s
[2019-04-11 14:24:08] SOLVER   177   2.77489206e+05  2.69703026e+05  9.70e-10 1.24e-07  6.81e-04  1246s
[2019-04-11 14:24:14] SOLVER   178   2.77425659e+05  2.69745801e+05  9.88e-10 1.23e-07  6.72e-04  1253s
[2019-04-11 14:24:19] SOLVER   179   2.77360702e+05  2.69860845e+05  9.38e-10 1.18e-07  6.56e-04  1257s
[2019-04-11 14:24:25] SOLVER   180   2.77241317e+05  2.69890568e+05  1.06e-09 1.17e-07  6.43e-04  1264s
[2019-04-11 14:24:32] SOLVER   181   2.77170842e+05  2.69957271e+05  1.11e-09 1.14e-07  6.31e-04  1271s
[2019-04-11 14:24:39] SOLVER   182   2.77093028e+05  2.70034478e+05  1.06e-09 1.11e-07  6.18e-04  1277s
[2019-04-11 14:24:44] SOLVER   183   2.76974862e+05  2.70084716e+05  1.07e-09 1.09e-07  6.03e-04  1282s
[2019-04-11 14:24:48] SOLVER   184   2.76904752e+05  2.70115552e+05  1.11e-09 1.07e-07  5.94e-04  1287s
[2019-04-11 14:24:55] SOLVER   185   2.76719459e+05  2.70293351e+05  1.09e-09 1.00e-07  5.62e-04  1293s
[2019-04-11 14:24:59] SOLVER   186   2.76565545e+05  2.70349800e+05  8.87e-10 9.80e-08  5.44e-04  1298s
[2019-04-11 14:25:06] SOLVER   187   2.76384838e+05  2.70402944e+05  8.58e-10 9.59e-08  5.23e-04  1305s
[2019-04-11 14:25:13] SOLVER   188   2.76175864e+05  2.70540275e+05  8.60e-10 9.05e-08  4.93e-04  1312s
[2019-04-11 14:25:20] SOLVER   189   2.75980111e+05  2.70737824e+05  7.32e-10 8.25e-08  4.59e-04  1318s
[2019-04-11 14:25:25] SOLVER   190   2.75888518e+05  2.70819161e+05  7.61e-10 7.89e-08  4.44e-04  1323s
[2019-04-11 14:25:29] SOLVER   191   2.75780369e+05  2.70862907e+05  9.17e-10 7.72e-08  4.30e-04  1328s
[2019-04-11 14:25:36] SOLVER   192   2.75665478e+05  2.70937003e+05  7.90e-10 7.42e-08  4.14e-04  1334s
[2019-04-11 14:25:41] SOLVER   193   2.75511703e+05  2.70974184e+05  7.34e-10 7.27e-08  3.97e-04  1339s
[2019-04-11 14:25:47] SOLVER   194   2.75477719e+05  2.71040530e+05  7.65e-10 7.01e-08  3.88e-04  1345s
[2019-04-11 14:25:54] SOLVER   195   2.75373684e+05  2.71143982e+05  9.50e-10 6.60e-08  3.70e-04  1353s
[2019-04-11 14:26:00] SOLVER   196   2.75226742e+05  2.71208204e+05  1.10e-09 6.35e-08  3.52e-04  1359s
[2019-04-11 14:26:06] SOLVER   197   2.75173746e+05  2.71265810e+05  1.05e-09 6.12e-08  3.42e-04  1364s
[2019-04-11 14:26:10] SOLVER   198   2.75129387e+05  2.71307071e+05  1.01e-09 5.96e-08  3.34e-04  1369s
[2019-04-11 14:26:17] SOLVER   199   2.75080042e+05  2.71362956e+05  8.10e-10 5.74e-08  3.25e-04  1375s
[2019-04-11 14:26:21] SOLVER   200   2.75041145e+05  2.71397822e+05  6.58e-10 5.61e-08  3.19e-04  1380s
[2019-04-11 14:26:28] SOLVER   201   2.74947374e+05  2.71433266e+05  7.35e-10 5.47e-08  3.07e-04  1386s
[2019-04-11 14:26:35] SOLVER   202   2.74888377e+05  2.71481066e+05  6.53e-10 5.28e-08  2.98e-04  1394s
[2019-04-11 14:26:41] SOLVER   203   2.74837528e+05  2.71521490e+05  7.59e-10 5.11e-08  2.90e-04  1400s
[2019-04-11 14:26:46] SOLVER   204   2.74802501e+05  2.71549034e+05  6.97e-10 5.00e-08  2.85e-04  1405s
[2019-04-11 14:26:51] SOLVER   205   2.74793688e+05  2.71564072e+05  6.93e-10 4.94e-08  2.83e-04  1410s
[2019-04-11 14:26:58] SOLVER   206   2.74702433e+05  2.71583217e+05  6.70e-10 4.87e-08  2.73e-04  1416s
[2019-04-11 14:27:03] SOLVER   207   2.74642262e+05  2.71590466e+05  6.08e-10 4.84e-08  2.67e-04  1421s
[2019-04-11 14:27:09] SOLVER   208   2.74625815e+05  2.71626853e+05  6.03e-10 4.69e-08  2.62e-04  1427s
[2019-04-11 14:27:16] SOLVER   209   2.74608682e+05  2.71635761e+05  7.77e-10 4.66e-08  2.60e-04  1435s
[2019-04-11 14:27:22] SOLVER   210   2.74532207e+05  2.71666789e+05  9.01e-10 4.53e-08  2.51e-04  1441s
[2019-04-11 14:27:28] SOLVER   211   2.74475258e+05  2.71672840e+05  9.90e-10 4.51e-08  2.45e-04  1446s
[2019-04-11 14:27:32] SOLVER   212   2.74464439e+05  2.71703318e+05  1.04e-09 4.39e-08  2.42e-04  1451s
[2019-04-11 14:27:38] SOLVER   213   2.74409600e+05  2.71741280e+05  2.05e-09 4.24e-08  2.33e-04  1457s
[2019-04-11 14:27:43] SOLVER   214   2.74372943e+05  2.71773234e+05  2.11e-09 4.12e-08  2.27e-04  1462s
[2019-04-11 14:27:49] SOLVER   215   2.74351622e+05  2.71801459e+05  2.21e-09 4.00e-08  2.23e-04  1468s
[2019-04-11 14:27:56] SOLVER   216   2.74310834e+05  2.71828229e+05  1.91e-09 3.90e-08  2.17e-04  1474s
[2019-04-11 14:28:03] SOLVER   217   2.74251137e+05  2.71906766e+05  1.84e-09 3.56e-08  2.05e-04  1482s
[2019-04-11 14:28:10] SOLVER   218   2.74246453e+05  2.71917388e+05  1.79e-09 3.52e-08  2.04e-04  1489s
[2019-04-11 14:28:16] SOLVER   219   2.74197173e+05  2.71957194e+05  1.91e-09 3.37e-08  1.96e-04  1495s
[2019-04-11 14:28:21] SOLVER   220   2.74131462e+05  2.71958484e+05  1.69e-09 3.37e-08  1.90e-04  1500s
[2019-04-11 14:28:26] SOLVER   221   2.74097653e+05  2.71981818e+05  1.60e-09 3.28e-08  1.85e-04  1505s
[2019-04-11 14:28:31] SOLVER   222   2.74073014e+05  2.71996597e+05  1.58e-09 3.22e-08  1.82e-04  1509s
[2019-04-11 14:28:37] SOLVER   223   2.74009176e+05  2.72047000e+05  1.13e-09 3.03e-08  1.72e-04  1516s
[2019-04-11 14:28:42] SOLVER   224   2.73978692e+05  2.72063825e+05  1.12e-09 2.97e-08  1.68e-04  1521s
[2019-04-11 14:28:48] SOLVER   225   2.73959803e+05  2.72076125e+05  8.88e-10 2.92e-08  1.65e-04  1527s
[2019-04-11 14:28:56] SOLVER   226   2.73918637e+05  2.72098779e+05  9.82e-10 2.84e-08  1.59e-04  1534s
[2019-04-11 14:29:02] SOLVER   227   2.73869536e+05  2.72123458e+05  7.77e-10 2.75e-08  1.53e-04  1540s
[2019-04-11 14:29:07] SOLVER   228   2.73817194e+05  2.72138994e+05  6.51e-10 2.70e-08  1.47e-04  1546s
[2019-04-11 14:29:12] SOLVER   229   2.73796579e+05  2.72160581e+05  7.20e-10 2.62e-08  1.43e-04  1550s
[2019-04-11 14:29:18] SOLVER   230   2.73739649e+05  2.72183519e+05  6.06e-10 2.53e-08  1.36e-04  1557s
[2019-04-11 14:29:23] SOLVER   231   2.73716125e+05  2.72208427e+05  6.30e-10 2.44e-08  1.32e-04  1562s
[2019-04-11 14:29:29] SOLVER   232   2.73705918e+05  2.72244073e+05  6.32e-10 2.31e-08  1.28e-04  1568s
[2019-04-11 14:29:37] SOLVER   233   2.73683836e+05  2.72276045e+05  5.91e-10 2.20e-08  1.23e-04  1575s
[2019-04-11 14:29:43] SOLVER   234   2.73657709e+05  2.72284501e+05  5.88e-10 2.17e-08  1.20e-04  1582s
[2019-04-11 14:29:48] SOLVER   235   2.73628425e+05  2.72296454e+05  5.92e-10 2.13e-08  1.17e-04  1587s
[2019-04-11 14:29:53] SOLVER   236   2.73600030e+05  2.72313953e+05  6.24e-10 2.07e-08  1.13e-04  1591s
[2019-04-11 14:29:59] SOLVER   237   2.73572193e+05  2.72339564e+05  6.88e-10 1.98e-08  1.08e-04  1598s
[2019-04-11 14:30:04] SOLVER   238   2.73557475e+05  2.72385411e+05  7.04e-10 1.82e-08  1.03e-04  1603s
[2019-04-11 14:30:10] SOLVER   239   2.73518399e+05  2.72397758e+05  1.37e-09 1.78e-08  9.81e-05  1609s
[2019-04-11 14:30:19] SOLVER   240   2.73514211e+05  2.72405024e+05  1.40e-09 1.76e-08  9.71e-05  1618s
[2019-04-11 14:30:25] SOLVER   241   2.73494360e+05  2.72414631e+05  1.64e-09 1.73e-08  9.45e-05  1624s
[2019-04-11 14:30:30] SOLVER   242   2.73487065e+05  2.72423813e+05  1.74e-09 1.69e-08  9.30e-05  1629s
[2019-04-11 14:30:35] SOLVER   243   2.73483063e+05  2.72428774e+05  1.75e-09 1.67e-08  9.22e-05  1633s
[2019-04-11 14:30:41] SOLVER   244   2.73453075e+05  2.72459436e+05  1.55e-09 1.57e-08  8.69e-05  1640s
[2019-04-11 14:30:49] SOLVER   245   2.73424760e+05  2.72476890e+05  1.26e-09 1.50e-08  8.29e-05  1647s
[2019-04-11 14:30:55] SOLVER   246   2.73405125e+05  2.72491406e+05  1.02e-09 1.45e-08  7.99e-05  1653s
[2019-04-11 14:31:00] SOLVER   247   2.73400182e+05  2.72497875e+05  1.04e-09 1.43e-08  7.89e-05  1659s
[2019-04-11 14:31:05] SOLVER   248   2.73389008e+05  2.72500911e+05  1.18e-09 1.42e-08  7.77e-05  1664s
[2019-04-11 14:31:12] SOLVER   249   2.73384118e+05  2.72524868e+05  1.20e-09 1.33e-08  7.52e-05  1670s
[2019-04-11 14:31:16] SOLVER   250   2.73371192e+05  2.72535612e+05  9.71e-10 1.29e-08  7.31e-05  1675s
[2019-04-11 14:31:24] SOLVER   251   2.73355797e+05  2.72550285e+05  1.27e-09 1.24e-08  7.05e-05  1682s
[2019-04-11 14:31:30] SOLVER   252   2.73341887e+05  2.72557056e+05  1.08e-09 1.22e-08  6.87e-05  1688s
[2019-04-11 14:31:40] SOLVER   253   2.73328058e+05  2.72568478e+05  1.39e-09 1.18e-08  6.65e-05  1698s
[2019-04-11 14:31:47] SOLVER   254   2.73312946e+05  2.72578306e+05  1.24e-09 1.15e-08  6.43e-05  1705s
[2019-04-11 14:31:53] SOLVER   255   2.73298384e+05  2.72594325e+05  1.33e-09 1.09e-08  6.16e-05  1712s
[2019-04-11 14:31:59] SOLVER   256   2.73292526e+05  2.72597394e+05  1.38e-09 1.08e-08  6.08e-05  1717s
[2019-04-11 14:32:04] SOLVER   257   2.73283981e+05  2.72601885e+05  1.35e-09 1.07e-08  5.97e-05  1722s
[2019-04-11 14:32:09] SOLVER   258   2.73282646e+05  2.72605977e+05  1.35e-09 1.05e-08  5.92e-05  1727s
[2019-04-11 14:32:14] SOLVER   259   2.73268767e+05  2.72613244e+05  1.35e-09 1.03e-08  5.74e-05  1732s
[2019-04-11 14:32:20] SOLVER   260   2.73265192e+05  2.72619849e+05  1.33e-09 1.00e-08  5.65e-05  1738s
[2019-04-11 14:32:24] SOLVER   261   2.73251893e+05  2.72628156e+05  1.46e-09 9.70e-09  5.46e-05  1743s
[2019-04-11 14:32:31] SOLVER   262   2.73231248e+05  2.72641319e+05  1.74e-09 9.24e-09  5.16e-05  1750s
[2019-04-11 14:32:39] SOLVER   263   2.73219228e+05  2.72654528e+05  2.01e-09 8.77e-09  4.94e-05  1757s
[2019-04-11 14:32:46] SOLVER   264   2.73215841e+05  2.72662949e+05  2.26e-09 8.47e-09  4.84e-05  1764s
[2019-04-11 14:32:51] SOLVER   265   2.73208086e+05  2.72669791e+05  2.07e-09 8.22e-09  4.71e-05  1769s
[2019-04-11 14:32:56] SOLVER   266   2.73203118e+05  2.72674967e+05  2.11e-09 8.03e-09  4.62e-05  1775s
[2019-04-11 14:33:04] SOLVER   267   2.73191155e+05  2.72680922e+05  2.30e-09 7.81e-09  4.46e-05  1782s
[2019-04-11 14:33:10] SOLVER   268   2.73186099e+05  2.72684708e+05  2.07e-09 7.68e-09  4.39e-05  1788s
[2019-04-11 14:33:16] SOLVER   269   2.73179432e+05  2.72689252e+05  2.11e-09 7.52e-09  4.29e-05  1795s
[2019-04-11 14:33:21] SOLVER   270   2.73178454e+05  2.72691914e+05  2.12e-09 7.42e-09  4.26e-05  1800s
[2019-04-11 14:33:27] SOLVER   271   2.73163897e+05  2.72697032e+05  2.06e-09 7.24e-09  4.08e-05  1806s
[2019-04-11 14:33:34] SOLVER   272   2.73160869e+05  2.72702915e+05  1.93e-09 7.02e-09  4.01e-05  1812s
[2019-04-11 14:33:41] SOLVER   273   2.73152952e+05  2.72706574e+05  1.86e-09 6.89e-09  3.91e-05  1819s
[2019-04-11 14:33:46] SOLVER   274   2.73147696e+05  2.72710728e+05  1.66e-09 6.73e-09  3.82e-05  1824s
[2019-04-11 14:33:53] SOLVER   275   2.73146462e+05  2.72711737e+05  1.67e-09 6.70e-09  3.80e-05  1831s
[2019-04-11 14:34:00] SOLVER   276   2.73135445e+05  2.72722019e+05  1.94e-09 6.30e-09  3.62e-05  1839s
[2019-04-11 14:34:06] SOLVER   277   2.73126079e+05  2.72725371e+05  2.02e-09 6.17e-09  3.51e-05  1845s
[2019-04-11 14:34:13] SOLVER   278   2.73121993e+05  2.72726673e+05  2.24e-09 6.12e-09  3.46e-05  1851s
[2019-04-11 14:34:18] SOLVER   279   2.73114334e+05  2.72732989e+05  2.72e-09 5.88e-09  3.34e-05  1856s
[2019-04-11 14:34:24] SOLVER   280   2.73106034e+05  2.72739218e+05  2.45e-09 5.65e-09  3.21e-05  1862s
[2019-04-11 14:34:30] SOLVER   281   2.73098383e+05  2.72742441e+05  3.08e-09 5.52e-09  3.11e-05  1868s
[2019-04-11 14:34:36] SOLVER   282   2.73089668e+05  2.72747746e+05  3.80e-09 5.33e-09  2.99e-05  1875s
[2019-04-11 14:34:44] SOLVER   283   2.73082113e+05  2.72757499e+05  4.03e-09 4.97e-09  2.84e-05  1882s
[2019-04-11 14:34:50] SOLVER   284   2.73076544e+05  2.72763222e+05  3.75e-09 4.76e-09  2.74e-05  1888s
[2019-04-11 14:34:55] SOLVER   285   2.73072943e+05  2.72764929e+05  3.77e-09 4.70e-09  2.70e-05  1894s
[2019-04-11 14:35:00] SOLVER   286   2.73070774e+05  2.72767221e+05  3.80e-09 4.61e-09  2.66e-05  1898s
[2019-04-11 14:35:06] SOLVER   287   2.73063575e+05  2.72771824e+05  2.99e-09 4.44e-09  2.55e-05  1905s
[2019-04-11 14:35:14] SOLVER   288   2.73056323e+05  2.72778803e+05  2.82e-09 4.19e-09  2.43e-05  1912s
[2019-04-11 14:35:20] SOLVER   289   2.73050668e+05  2.72782698e+05  3.08e-09 4.05e-09  2.34e-05  1919s
[2019-04-11 14:35:25] SOLVER   290   2.73047255e+05  2.72785187e+05  3.02e-09 3.96e-09  2.29e-05  1924s
[2019-04-11 14:35:30] SOLVER   291   2.73044534e+05  2.72788523e+05  3.04e-09 3.84e-09  2.24e-05  1928s
[2019-04-11 14:35:35] SOLVER   292   2.73041853e+05  2.72791588e+05  3.53e-09 3.73e-09  2.19e-05  1934s
[2019-04-11 14:35:42] SOLVER   293   2.73036263e+05  2.72796556e+05  6.05e-09 3.55e-09  2.10e-05  1941s
[2019-04-11 14:35:49] SOLVER   294   2.73030343e+05  2.72798963e+05  9.57e-09 3.46e-09  2.02e-05  1948s
[2019-04-11 14:35:56] SOLVER   295   2.73023030e+05  2.72801661e+05  1.17e-08 3.37e-09  1.94e-05  1955s
[2019-04-11 14:36:01] SOLVER   296   2.73020314e+05  2.72804005e+05  1.19e-08 3.29e-09  1.89e-05  1960s
[2019-04-11 14:36:08] SOLVER   297   2.73014308e+05  2.72808006e+05  1.22e-08 3.14e-09  1.81e-05  1966s
[2019-04-11 14:36:15] SOLVER   298   2.73008935e+05  2.72812931e+05  7.83e-09 2.97e-09  1.71e-05  1974s
[2019-04-11 14:36:21] SOLVER   299   2.73003164e+05  2.72818464e+05  5.89e-09 2.77e-09  1.62e-05  1980s
[2019-04-11 14:36:27] SOLVER   300   2.73001320e+05  2.72820202e+05  6.24e-09 2.71e-09  1.58e-05  1986s
[2019-04-11 14:36:33] SOLVER   301   2.72995614e+05  2.72822401e+05  6.68e-09 2.63e-09  1.52e-05  1992s
[2019-04-11 14:36:39] SOLVER   302   2.72991480e+05  2.72824274e+05  6.38e-09 2.56e-09  1.46e-05  1998s
[2019-04-11 14:36:44] SOLVER   303   2.72989299e+05  2.72827038e+05  7.35e-09 2.46e-09  1.42e-05  2003s
[2019-04-11 14:36:51] SOLVER   304   2.72985858e+05  2.72829780e+05  7.81e-09 2.36e-09  1.37e-05  2010s
[2019-04-11 14:37:00] SOLVER   305   2.72979380e+05  2.72833002e+05  9.14e-09 2.38e-09  1.28e-05  2018s
[2019-04-11 14:37:06] SOLVER   306   2.72977591e+05  2.72835221e+05  9.72e-09 2.41e-09  1.25e-05  2025s
[2019-04-11 14:37:12] SOLVER   307   2.72975427e+05  2.72837168e+05  8.50e-09 2.44e-09  1.21e-05  2031s
[2019-04-11 14:37:17] SOLVER   308   2.72973946e+05  2.72837866e+05  8.82e-09 2.44e-09  1.19e-05  2036s
[2019-04-11 14:37:24] SOLVER   309   2.72972862e+05  2.72838149e+05  7.94e-09 2.45e-09  1.18e-05  2043s
[2019-04-11 14:37:33] SOLVER   310   2.72971043e+05  2.72839967e+05  7.59e-09 2.45e-09  1.15e-05  2051s
[2019-04-11 14:37:40] SOLVER   311   2.72969039e+05  2.72840576e+05  7.94e-09 2.46e-09  1.12e-05  2058s
[2019-04-11 14:37:45] SOLVER   312   2.72966472e+05  2.72841953e+05  9.21e-09 2.45e-09  1.09e-05  2063s
[2019-04-11 14:37:49] SOLVER   313   2.72965895e+05  2.72842679e+05  9.08e-09 2.45e-09  1.08e-05  2068s
[2019-04-11 14:37:56] SOLVER   314   2.72965275e+05  2.72844275e+05  8.72e-09 2.42e-09  1.06e-05  2075s
[2019-04-11 14:38:04] SOLVER   315   2.72964112e+05  2.72845605e+05  7.41e-09 2.44e-09  1.04e-05  2083s
[2019-04-11 14:38:11] SOLVER   316   2.72961840e+05  2.72847747e+05  6.93e-09 2.43e-09  9.98e-06  2089s
[2019-04-11 14:38:16] SOLVER   317   2.72960810e+05  2.72848866e+05  6.49e-09 2.41e-09  9.79e-06  2095s
[2019-04-11 14:38:21] SOLVER   318   2.72959559e+05  2.72850123e+05  6.32e-09 2.34e-09  9.58e-06  2100s
[2019-04-11 14:38:28] SOLVER   319   2.72957700e+05  2.72852252e+05  7.38e-09 2.22e-09  9.23e-06  2107s
[2019-04-11 14:38:37] SOLVER   320   2.72955117e+05  2.72854729e+05  8.79e-09 2.09e-09  8.78e-06  2115s
[2019-04-11 14:38:44] SOLVER   321   2.72952634e+05  2.72855793e+05  9.87e-09 2.04e-09  8.47e-06  2122s
[2019-04-11 14:38:49] SOLVER   322   2.72952089e+05  2.72857038e+05  8.97e-09 1.97e-09  8.32e-06  2128s
[2019-04-11 14:38:56] SOLVER   323   2.72951017e+05  2.72857425e+05  8.80e-09 1.95e-09  8.19e-06  2135s
[2019-04-11 14:39:04] SOLVER   324   2.72949759e+05  2.72859235e+05  8.59e-09 1.86e-09  7.92e-06  2143s
[2019-04-11 14:39:15] SOLVER   325   2.72946990e+05  2.72861397e+05  8.16e-09 1.75e-09  7.49e-06  2153s
[2019-04-11 14:39:22] SOLVER   326   2.72946437e+05  2.72862457e+05  8.33e-09 1.70e-09  7.35e-06  2161s
[2019-04-11 14:39:29] SOLVER   327   2.72943722e+05  2.72863494e+05  7.88e-09 1.64e-09  7.02e-06  2167s
[2019-04-11 14:39:36] SOLVER   328   2.72941778e+05  2.72864428e+05  7.56e-09 1.60e-09  6.77e-06  2174s
[2019-04-11 14:39:42] SOLVER   329   2.72941363e+05  2.72864591e+05  7.49e-09 1.59e-09  6.72e-06  2181s
[2019-04-11 14:39:51] SOLVER   330   2.72940251e+05  2.72865136e+05  7.31e-09 1.56e-09  6.57e-06  2189s
[2019-04-11 14:39:59] SOLVER   331   2.72937221e+05  2.72866808e+05  6.89e-09 1.03e-09  6.16e-06  2198s
[2019-04-11 14:40:09] SOLVER   332   2.72935758e+05  2.72868221e+05  6.74e-09 9.84e-10  5.91e-06  2207s
[2019-04-11 14:40:17] SOLVER   333   2.72934012e+05  2.72868769e+05  6.44e-09 9.65e-10  5.71e-06  2216s
[2019-04-11 14:40:27] SOLVER   334   2.72932398e+05  2.72869877e+05  6.25e-09 9.26e-10  5.47e-06  2226s
[2019-04-11 14:40:39] SOLVER   335   2.72930928e+05  2.72870897e+05  6.07e-09 8.90e-10  5.25e-06  2237s
[2019-04-11 14:40:48] SOLVER   336   2.72929986e+05  2.72872581e+05  5.89e-09 8.30e-10  5.02e-06  2247s
[2019-04-11 14:40:57] SOLVER   337   2.72928284e+05  2.72873129e+05  5.60e-09 8.10e-10  4.83e-06  2255s
[2019-04-11 14:41:05] SOLVER   338   2.72927780e+05  2.72873549e+05  5.51e-09 7.95e-10  4.75e-06  2263s
[2019-04-11 14:41:16] SOLVER   339   2.72926289e+05  2.72874631e+05  5.26e-09 7.57e-10  4.52e-06  2274s
[2019-04-11 14:41:29] SOLVER   340   2.72924316e+05  2.72876141e+05  4.93e-09 7.03e-10  4.22e-06  2288s
[2019-04-11 14:41:41] SOLVER   341   2.72921675e+05  2.72877067e+05  4.49e-09 6.70e-10  3.90e-06  2299s
[2019-04-11 14:41:49] SOLVER   342   2.72920939e+05  2.72877774e+05  4.37e-09 6.44e-10  3.78e-06  2307s
[2019-04-11 14:41:57] SOLVER   343   2.72920399e+05  2.72878271e+05  4.27e-09 6.26e-10  3.69e-06  2316s
[2019-04-11 14:42:05] SOLVER   344   2.72920110e+05  2.72878812e+05  4.22e-09 6.07e-10  3.61e-06  2324s
[2019-04-11 14:42:15] SOLVER   345   2.72919055e+05  2.72880473e+05  3.89e-09 5.47e-10  3.38e-06  2334s
[2019-04-11 14:42:26] SOLVER   346   2.72917639e+05  2.72881151e+05  3.65e-09 5.21e-10  3.19e-06  2345s
[2019-04-11 14:42:43] SOLVER   347   2.72915588e+05  2.72881873e+05  3.32e-09 4.94e-10  2.95e-06  2361s
[2019-04-11 14:42:55] SOLVER   348   2.72914180e+05  2.72882363e+05  2.77e-09 4.76e-10  2.78e-06  2373s
[2019-04-11 14:43:05] SOLVER   349   2.72913906e+05  2.72882980e+05  2.73e-09 4.54e-10  2.71e-06  2384s
[2019-04-11 14:43:14] SOLVER   350   2.72912966e+05  2.72883193e+05  2.59e-09 4.47e-10  2.61e-06  2392s
[2019-04-11 14:43:22] SOLVER   351   2.72912643e+05  2.72883514e+05  2.54e-09 4.35e-10  2.55e-06  2401s
[2019-04-11 14:43:31] SOLVER   352   2.72912392e+05  2.72883883e+05  2.50e-09 4.22e-10  2.49e-06  2410s
[2019-04-11 14:43:39] SOLVER   353   2.72911941e+05  2.72884240e+05  2.43e-09 4.10e-10  2.42e-06  2417s
[2019-04-11 14:43:48] SOLVER   354   2.72911420e+05  2.72884490e+05  2.35e-09 4.01e-10  2.36e-06  2426s
[2019-04-11 14:43:56] SOLVER   355   2.72910908e+05  2.72884820e+05  2.28e-09 3.89e-10  2.28e-06  2435s
[2019-04-11 14:44:07] SOLVER   356   2.72909671e+05  2.72885469e+05  2.10e-09 3.67e-10  2.12e-06  2445s
[2019-04-11 14:44:15] SOLVER   357   2.72909370e+05  2.72885807e+05  2.05e-09 3.55e-10  2.06e-06  2454s
[2019-04-11 14:44:26] SOLVER   358   2.72908504e+05  2.72886458e+05  1.92e-09 3.31e-10  1.93e-06  2465s
[2019-04-11 14:44:38] SOLVER   359   2.72907936e+05  2.72886916e+05  1.84e-09 3.15e-10  1.84e-06  2477s
[2019-04-11 14:44:49] SOLVER   360   2.72907789e+05  2.72887314e+05  1.82e-09 3.01e-10  1.79e-06  2487s
[2019-04-11 14:44:57] SOLVER   361   2.72907475e+05  2.72887551e+05  1.77e-09 2.91e-10  1.74e-06  2496s
[2019-04-11 14:45:05] SOLVER   362   2.72907108e+05  2.72887826e+05  1.71e-09 2.81e-10  1.69e-06  2504s
[2019-04-11 14:45:17] SOLVER   363   2.72906497e+05  2.72888345e+05  1.62e-09 2.63e-10  1.59e-06  2515s
[2019-04-11 14:45:25] SOLVER   364   2.72906114e+05  2.72888547e+05  1.57e-09 2.56e-10  1.54e-06  2524s
[2019-04-11 14:45:36] SOLVER   365   2.72905790e+05  2.72888867e+05  1.52e-09 2.45e-10  1.48e-06  2534s
[2019-04-11 14:45:48] SOLVER   366   2.72905509e+05  2.72889323e+05  1.48e-09 2.28e-10  1.42e-06  2547s
[2019-04-11 14:45:59] SOLVER   367   2.72905008e+05  2.72889529e+05  1.41e-09 2.21e-10  1.35e-06  2558s
[2019-04-11 14:46:08] SOLVER   368   2.72904712e+05  2.72889635e+05  1.36e-09 2.17e-10  1.32e-06  2566s
[2019-04-11 14:46:16] SOLVER   369   2.72904493e+05  2.72889826e+05  1.33e-09 2.10e-10  1.28e-06  2574s
[2019-04-11 14:46:24] SOLVER   370   2.72904211e+05  2.72889938e+05  1.29e-09 2.06e-10  1.25e-06  2583s
[2019-04-11 14:46:34] SOLVER   371   2.72903995e+05  2.72890135e+05  1.30e-09 1.99e-10  1.21e-06  2593s
[2019-04-11 14:46:48] SOLVER   372   2.72903525e+05  2.72890545e+05  1.23e-09 1.84e-10  1.14e-06  2606s
[2019-04-11 14:46:58] SOLVER   373   2.72903452e+05  2.72890728e+05  1.22e-09 1.78e-10  1.11e-06  2617s
[2019-04-11 14:47:07] SOLVER   374   2.72903174e+05  2.72890775e+05  1.17e-09 1.76e-10  1.08e-06  2625s
[2019-04-11 14:47:15] SOLVER   375   2.72903010e+05  2.72890852e+05  1.15e-09 1.73e-10  1.06e-06  2633s
[2019-04-11 14:47:26] SOLVER   376   2.72902862e+05  2.72891025e+05  1.12e-09 1.67e-10  1.04e-06  2644s
[2019-04-11 14:47:35] SOLVER   377   2.72902715e+05  2.72891143e+05  1.10e-09 1.62e-10  1.01e-06  2653s
[2019-04-11 14:47:45] SOLVER   378   2.72902398e+05  2.72891309e+05  1.05e-09 1.56e-10  9.70e-07  2664s
[2019-04-11 14:47:59] SOLVER   379   2.72902061e+05  2.72891620e+05  1.00e-09 1.45e-10  9.14e-07  2677s
[2019-04-11 14:48:10] SOLVER   380   2.72901983e+05  2.72891763e+05  9.92e-10 1.39e-10  8.94e-07  2688s
[2019-04-11 14:48:19] SOLVER   381   2.72901875e+05  2.72891867e+05  9.75e-10 1.36e-10  8.76e-07  2697s
[2019-04-11 14:48:27] SOLVER   382   2.72901866e+05  2.72891884e+05  9.74e-10 1.35e-10  8.73e-07  2705s
[2019-04-11 14:48:35] SOLVER   383   2.72901698e+05  2.72891950e+05  9.48e-10 1.32e-10  8.53e-07  2713s
[2019-04-11 14:48:46] SOLVER   384   2.72901669e+05  2.72891956e+05  9.43e-10 1.32e-10  8.50e-07  2724s
[2019-04-11 14:48:54] SOLVER   385   2.72901644e+05  2.72892007e+05  9.39e-10 1.30e-10  8.43e-07  2733s
[2019-04-11 14:49:05] SOLVER   386   2.72901391e+05  2.72892142e+05  9.01e-10 1.25e-10  8.09e-07  2744s
[2019-04-11 14:49:19] SOLVER   387   2.72901250e+05  2.72892272e+05  8.79e-10 1.21e-10  7.86e-07  2757s
[2019-04-11 14:49:30] SOLVER   388   2.72900893e+05  2.72892385e+05  8.24e-10 1.16e-10  7.44e-07  2769s
[2019-04-11 14:49:39] SOLVER   389   2.72900702e+05  2.72892487e+05  7.95e-10 1.13e-10  7.19e-07  2778s
[2019-04-11 14:49:47] SOLVER   390   2.72900499e+05  2.72892615e+05  7.64e-10 1.08e-10  6.90e-07  2786s
[2019-04-11 14:49:56] SOLVER   391   2.72900453e+05  2.72892644e+05  7.57e-10 1.07e-10  6.83e-07  2794s
[2019-04-11 14:50:07] SOLVER   392   2.72900218e+05  2.72892726e+05  7.22e-10 1.04e-10  6.55e-07  2806s
[2019-04-11 14:50:21] SOLVER   393   2.72900108e+05  2.72892870e+05  7.05e-10 9.83e-11  6.33e-07  2820s
[2019-04-11 14:50:32] SOLVER   394   2.72900029e+05  2.72893020e+05  6.93e-10 9.28e-11  6.13e-07  2830s
[2019-04-11 14:50:40] SOLVER   395   2.72899787e+05  2.72893063e+05  6.56e-10 9.10e-11  5.88e-07  2839s
[2019-04-11 14:50:48] SOLVER   396   2.72899575e+05  2.72893140e+05  6.23e-10 8.81e-11  5.63e-07  2847s
[2019-04-11 14:50:57] SOLVER   397   2.72899407e+05  2.72893173e+05  5.97e-10 8.69e-11  5.45e-07  2855s
[2019-04-11 14:51:08] SOLVER   398   2.72899328e+05  2.72893285e+05  5.85e-10 8.27e-11  5.29e-07  2866s
[2019-04-11 14:51:16] SOLVER   399   2.72899238e+05  2.72893325e+05  5.71e-10 8.12e-11  5.17e-07  2875s
[2019-04-11 14:51:26] SOLVER   400   2.72899144e+05  2.72893492e+05  5.57e-10 7.52e-11  4.95e-07  2885s
[2019-04-11 14:51:40] SOLVER   401   2.72898858e+05  2.72893576e+05  5.14e-10 7.21e-11  4.62e-07  2899s
[2019-04-11 14:51:52] SOLVER   402   2.72898750e+05  2.72893673e+05  4.97e-10 6.86e-11  4.44e-07  2910s
[2019-04-11 14:52:00] SOLVER   403   2.72898722e+05  2.72893717e+05  4.92e-10 6.70e-11  4.38e-07  2918s
[2019-04-11 14:52:08] SOLVER   404   2.72898659e+05  2.72893758e+05  4.82e-10 6.55e-11  4.29e-07  2927s
[2019-04-11 14:52:17] SOLVER   405   2.72898542e+05  2.72893800e+05  4.64e-10 6.39e-11  4.15e-07  2935s
[2019-04-11 14:52:28] SOLVER   406   2.72898410e+05  2.72893849e+05  4.44e-10 6.22e-11  3.99e-07  2946s
[2019-04-11 14:52:41] SOLVER   407   2.72898273e+05  2.72893934e+05  4.24e-10 5.91e-11  3.80e-07  2960s
[2019-04-11 14:52:52] SOLVER   408   2.72898139e+05  2.72894058e+05  4.04e-10 5.46e-11  3.57e-07  2971s
[2019-04-11 14:53:01] SOLVER   409   2.72898060e+05  2.72894109e+05  3.92e-10 5.27e-11  3.46e-07  2979s
[2019-04-11 14:53:09] SOLVER   410   2.72897991e+05  2.72894169e+05  3.81e-10 5.05e-11  3.34e-07  2988s
[2019-04-11 14:53:17] SOLVER   411   2.72897960e+05  2.72894201e+05  3.76e-10 4.93e-11  3.29e-07  2996s
[2019-04-11 14:53:29] SOLVER   412   2.72897852e+05  2.72894248e+05  3.60e-10 4.76e-11  3.15e-07  3007s
[2019-04-11 14:53:36] SOLVER   413   2.72897800e+05  2.72894252e+05  3.51e-10 4.74e-11  3.10e-07  3015s
[2019-04-11 14:53:48] SOLVER   414   2.72897780e+05  2.72894286e+05  3.48e-10 4.61e-11  3.06e-07  3026s
[2019-04-11 14:54:01] SOLVER   415   2.72897678e+05  2.72894364e+05  3.33e-10 4.33e-11  2.90e-07  3040s
[2019-04-11 14:54:12] SOLVER   416   2.72897598e+05  2.72894379e+05  3.21e-10 4.27e-11  2.82e-07  3051s
[2019-04-11 14:54:20] SOLVER   417   2.72897583e+05  2.72894391e+05  3.18e-10 4.23e-11  2.79e-07  3059s
[2019-04-11 14:54:29] SOLVER   418   2.72897571e+05  2.72894411e+05  3.17e-10 4.15e-11  2.76e-07  3068s
[2019-04-11 14:54:38] SOLVER   419   2.72897531e+05  2.72894448e+05  3.10e-10 4.01e-11  2.70e-07  3076s
[2019-04-11 14:54:48] SOLVER   420   2.72897423e+05  2.72894496e+05  2.94e-10 3.84e-11  2.56e-07  3087s
[2019-04-11 14:55:05] SOLVER   421   2.72897346e+05  2.72894615e+05  2.82e-10 3.40e-11  2.39e-07  3103s
[2019-04-11 14:55:19] SOLVER   422   2.72897285e+05  2.72894684e+05  2.73e-10 3.14e-11  2.28e-07  3117s
[2019-04-11 14:55:27] SOLVER   423   2.72897236e+05  2.72894709e+05  2.66e-10 3.05e-11  2.21e-07  3126s
[2019-04-11 14:55:36] SOLVER   424   2.72897165e+05  2.72894730e+05  2.55e-10 2.97e-11  2.13e-07  3134s
[2019-04-11 14:55:44] SOLVER   425   2.72897096e+05  2.72894758e+05  2.44e-10 2.87e-11  2.05e-07  3142s
[2019-04-11 14:55:52] SOLVER   426   2.72897019e+05  2.72894786e+05  2.32e-10 2.76e-11  1.95e-07  3151s
[2019-04-11 14:56:06] SOLVER   427   2.72896978e+05  2.72894800e+05  2.25e-10 6.35e-09  1.91e-07  3164s
[2019-04-11 14:56:20] SOLVER   428   2.72896904e+05  2.72894833e+05  2.13e-10 6.07e-09  1.81e-07  3178s
[2019-04-11 14:56:33] SOLVER   429   2.72896857e+05  2.72894857e+05  2.16e-10 1.28e-07  1.75e-07  3191s
[2019-04-11 14:56:42] SOLVER   430   2.72896830e+05  2.72894862e+05  2.12e-10 1.01e-06  1.72e-07  3200s
[2019-04-11 14:56:50] SOLVER   431   2.72896803e+05  2.72894900e+05  2.07e-10 9.56e-07  1.67e-07  3209s
[2019-04-11 14:56:59] SOLVER   432   2.72896780e+05  2.72894907e+05  2.04e-10 9.44e-07  1.64e-07  3217s
[2019-04-11 14:57:09] SOLVER   433   2.72896702e+05  2.72894955e+05  4.43e-10 8.72e-07  1.53e-07  3227s
[2019-04-11 14:57:23] SOLVER   434   2.72896595e+05  2.72894998e+05  4.04e-10 8.07e-07  1.40e-07  3241s
[2019-04-11 14:57:32] SOLVER   435   2.72896532e+05  2.72895031e+05  1.18e-09 7.56e-07  1.31e-07  3251s
[2019-04-11 14:57:40] SOLVER   436   2.72896516e+05  2.72895049e+05  1.16e-09 7.29e-07  1.28e-07  3259s
[2019-04-11 14:57:49] SOLVER   437   2.72896449e+05  2.72895072e+05  1.08e-09 6.94e-07  1.21e-07  3268s
[2019-04-11 14:57:57] SOLVER   438   2.72896395e+05  2.72895105e+05  1.01e-09 6.43e-07  1.13e-07  3276s
[2019-04-11 14:58:08] SOLVER   439   2.72896336e+05  2.72895137e+05  9.48e-10 5.94e-07  1.05e-07  3286s
[2019-04-11 14:58:21] SOLVER   440   2.72896276e+05  2.72895151e+05  1.06e-08 4.20e-05  9.77e-08  3300s
[2019-04-11 14:58:31] SOLVER   441   2.72896230e+05  2.72895173e+05  1.01e-08 3.94e-05  9.18e-08  3310s
[2019-04-11 14:58:37] SOLVER   442   2.72896205e+05  2.72895183e+05  9.73e-09 3.83e-05  8.88e-08  3316s
[2019-04-11 14:58:43] SOLVER   443   2.72896182e+05  2.72895198e+05  1.04e-08 3.66e-05  8.55e-08  3322s
[2019-04-11 14:58:50] SOLVER   444   2.72896158e+05  2.72895213e+05  1.08e-08 3.50e-05  8.21e-08  3328s
[2019-04-11 14:58:58] SOLVER   445   2.72896130e+05  2.72895225e+05  8.86e-09 3.36e-05  7.86e-08  3336s
[2019-04-11 14:59:07] SOLVER   446   2.72896075e+05  2.72895251e+05  6.73e-09 3.06e-05  7.15e-08  3346s
[2019-04-11 14:59:14] SOLVER   447   2.72896036e+05  2.72895264e+05  8.41e-09 2.92e-05  6.70e-08  3353s
[2019-04-11 14:59:21] SOLVER   448   2.72896016e+05  2.72895280e+05  7.98e-09 2.74e-05  6.39e-08  3359s
[2019-04-11 14:59:29] SOLVER   449   2.72896000e+05  2.72895283e+05  8.41e-09 2.71e-05  6.23e-08  3368s
[2019-04-11 14:59:37] SOLVER   450   2.72895978e+05  2.72895307e+05  8.39e-09 2.43e-05  5.82e-08  3375s
[2019-04-11 14:59:47] SOLVER   451   2.72895966e+05  2.72895315e+05  8.17e-09 2.37e-05  5.66e-08  3385s
[2019-04-11 14:59:59] SOLVER   452   2.72895929e+05  2.72895327e+05  1.10e-08 2.23e-05  5.22e-08  3397s
[2019-04-11 15:00:12] SOLVER   453   2.72895909e+05  2.72895335e+05  1.09e-08 2.14e-05  4.98e-08  3410s
[2019-04-11 15:00:20] SOLVER   454   2.72895887e+05  2.72895342e+05  1.11e-08 2.06e-05  4.73e-08  3419s
[2019-04-11 15:00:28] SOLVER   455   2.72895874e+05  2.72895352e+05  1.08e-08 1.95e-05  4.53e-08  3426s
[2019-04-11 15:00:38] SOLVER   456   2.72895844e+05  2.72895358e+05  1.40e-08 1.87e-05  4.22e-08  3436s
[2019-04-11 15:00:48] SOLVER   457   2.72895817e+05  2.72895389e+05  1.17e-08 1.52e-05  3.72e-08  3446s
[2019-04-11 15:00:59] SOLVER   458   2.72895789e+05  2.72895399e+05  8.66e-09 1.33e-05  3.42e-08  3458s
[2019-04-11 15:01:09] SOLVER   459   2.72895780e+05  2.72895408e+05  8.73e-09 1.18e-05  3.26e-08  3467s
[2019-04-11 15:01:16] SOLVER   460   2.72895773e+05  2.72895413e+05  8.55e-09 1.13e-05  3.16e-08  3475s
[2019-04-11 15:01:17] SOLVER   Barrier solved model in 460 iterations and 3474.96 seconds
[2019-04-11 15:01:17] SOLVER   Optimal objective 2.72895773e+05
[2019-04-11 15:01:20] SOLVER   Crossover log...
[2019-04-11 15:01:23] SOLVER   583534 DPushes remaining with DInf 4.2018207e+03              3482s
[2019-04-11 15:01:35] SOLVER   206116 DPushes remaining with DInf 3.9086784e+03              3493s
[2019-04-11 15:01:38] SOLVER   157258 DPushes remaining with DInf 3.7711303e+03              3497s
[2019-04-11 15:01:42] SOLVER   129644 DPushes remaining with DInf 3.7766430e+03              3500s
[2019-04-11 15:01:47] SOLVER   120961 DPushes remaining with DInf 3.6867790e+03              3506s
[2019-04-11 15:01:52] SOLVER   116965 DPushes remaining with DInf 3.6866780e+03              3510s
[2019-04-11 15:01:58] SOLVER   111083 DPushes remaining with DInf 3.6865374e+03              3516s
[2019-04-11 15:02:02] SOLVER   107427 DPushes remaining with DInf 3.6863704e+03              3520s
[2019-04-11 15:02:08] SOLVER   101493 DPushes remaining with DInf 3.6861256e+03              3527s
[2019-04-11 15:02:13] SOLVER   95923 DPushes remaining with DInf 3.6859646e+03              3531s
[2019-04-11 15:02:17] SOLVER   72457 DPushes remaining with DInf 3.6782487e+03              3536s
[2019-04-11 15:02:22] SOLVER   65553 DPushes remaining with DInf 3.7022122e+03              3540s
[2019-04-11 15:02:29] SOLVER   43854 DPushes remaining with DInf 3.7013197e+03              3547s
[2019-04-11 15:02:34] SOLVER   34513 DPushes remaining with DInf 3.7013019e+03              3553s
[2019-04-11 15:02:37] SOLVER   22393 DPushes remaining with DInf 3.7012929e+03              3556s
[2019-04-11 15:02:43] SOLVER   1125 DPushes remaining with DInf 3.6531503e+03              3562s
[2019-04-11 15:02:47] SOLVER   0 DPushes remaining with DInf 3.5131087e+03              3566s
[2019-04-11 15:02:48] SOLVER   Warning: Markowitz tolerance tightened to 0.5
[2019-04-11 15:02:48] SOLVER   547989 PPushes remaining with PInf 5.9856237e+00              3567s
[2019-04-11 15:02:53] SOLVER   352494 PPushes remaining with PInf 2.1535941e+00              3571s
[2019-04-11 15:03:34] SOLVER   282779 PPushes remaining with PInf 2.2331856e+02              3612s
[2019-04-11 15:04:18] SOLVER   239616 PPushes remaining with PInf 2.0841828e+02              3657s
[2019-04-11 15:04:28] SOLVER   214581 PPushes remaining with PInf 2.3044857e+02              3667s
[2019-04-11 15:04:36] SOLVER   198941 PPushes remaining with PInf 2.1241806e+02              3675s
[2019-04-11 15:04:42] SOLVER   188913 PPushes remaining with PInf 2.0135586e+02              3681s
[2019-04-11 15:04:47] SOLVER   181296 PPushes remaining with PInf 2.0090992e+02              3686s
[2019-04-11 15:04:52] SOLVER   176513 PPushes remaining with PInf 2.0078444e+02              3690s
[2019-04-11 15:05:03] SOLVER   172991 PPushes remaining with PInf 2.0077769e+02              3701s
[2019-04-11 15:05:11] SOLVER   170651 PPushes remaining with PInf 2.0076856e+02              3709s
[2019-04-11 15:05:18] SOLVER   168431 PPushes remaining with PInf 2.0074070e+02              3717s
[2019-04-11 15:05:27] SOLVER   166595 PPushes remaining with PInf 2.0073215e+02              3726s
[2019-04-11 15:06:16] SOLVER   165344 PPushes remaining with PInf 2.0408050e+02              3774s
[2019-04-11 15:06:56] SOLVER   164260 PPushes remaining with PInf 1.9226352e+02              3814s
[2019-04-11 15:07:20] SOLVER   163203 PPushes remaining with PInf 1.8269896e+02              3838s
[2019-04-11 15:07:23] SOLVER   160968 PPushes remaining with PInf 1.6163072e+02              3842s
[2019-04-11 15:07:27] SOLVER   158747 PPushes remaining with PInf 1.3539316e+02              3845s
[2019-04-11 15:07:33] SOLVER   152261 PPushes remaining with PInf 1.1238138e+02              3852s
[2019-04-11 15:07:37] SOLVER   150106 PPushes remaining with PInf 1.0819482e+02              3855s
[2019-04-11 15:07:45] SOLVER   137067 PPushes remaining with PInf 1.0031204e+02              3864s
[2019-04-11 15:07:47] SOLVER   129301 PPushes remaining with PInf 1.0020799e+02              3866s
[2019-04-11 15:07:52] SOLVER   119894 PPushes remaining with PInf 1.3266647e+04              3871s
[2019-04-11 15:07:58] SOLVER   113790 PPushes remaining with PInf 1.2776594e+04              3877s
[2019-04-11 15:08:01] SOLVER   110787 PPushes remaining with PInf 1.2391681e+04              3880s
[2019-04-11 15:08:07] SOLVER   105458 PPushes remaining with PInf 1.1652499e+04              3886s
[2019-04-11 15:08:13] SOLVER   100719 PPushes remaining with PInf 1.1050356e+04              3892s
[2019-04-11 15:08:20] SOLVER   96063 PPushes remaining with PInf 1.0325479e+04              3898s
[2019-04-11 15:08:23] SOLVER   93795 PPushes remaining with PInf 9.9792846e+03              3902s
[2019-04-11 15:08:30] SOLVER   89305 PPushes remaining with PInf 9.5265170e+03              3908s
[2019-04-11 15:08:33] SOLVER   87089 PPushes remaining with PInf 9.2431060e+03              3912s
[2019-04-11 15:08:39] SOLVER   84892 PPushes remaining with PInf 9.0275490e+03              3917s
[2019-04-11 15:08:44] SOLVER   80480 PPushes remaining with PInf 8.7467973e+03              3923s
[2019-04-11 15:08:49] SOLVER   78293 PPushes remaining with PInf 8.4949305e+03              3927s
[2019-04-11 15:08:52] SOLVER   76126 PPushes remaining with PInf 8.3384534e+03              3931s
[2019-04-11 15:08:58] SOLVER   71789 PPushes remaining with PInf 8.2048653e+03              3937s
[2019-04-11 15:09:04] SOLVER   67402 PPushes remaining with PInf 8.0679315e+03              3942s
[2019-04-11 15:09:08] SOLVER   62572 PPushes remaining with PInf 8.0290292e+03              3946s
[2019-04-11 15:09:11] SOLVER   59280 PPushes remaining with PInf 1.9719767e+04              3950s
[2019-04-11 15:09:21] SOLVER   54946 PPushes remaining with PInf 1.9638111e+04              3960s
[2019-04-11 15:10:51] SOLVER   53643 PPushes remaining with PInf 1.9252823e+04              4050s
[2019-04-11 15:11:55] SOLVER   52608 PPushes remaining with PInf 1.8992813e+04              4113s
[2019-04-11 15:12:23] SOLVER   50447 PPushes remaining with PInf 1.8291656e+04              4141s
[2019-04-11 15:12:29] SOLVER   45692 PPushes remaining with PInf 1.8022721e+04              4147s
[2019-04-11 15:13:40] SOLVER   44472 PPushes remaining with PInf 1.7973868e+04              4219s
[2019-04-11 15:14:20] SOLVER   43405 PPushes remaining with PInf 1.7914080e+04              4258s
[2019-04-11 15:15:35] SOLVER   42353 PPushes remaining with PInf 1.7850977e+04              4334s
[2019-04-11 15:15:45] SOLVER   40983 PPushes remaining with PInf 1.8059617e+04              4344s
[2019-04-11 15:17:18] SOLVER   39894 PPushes remaining with PInf 1.7979529e+04              4437s
[2019-04-11 15:19:49] SOLVER   38148 PPushes remaining with PInf 1.7896477e+04              4587s
[2019-04-11 15:21:48] SOLVER   37125 PPushes remaining with PInf 1.7877635e+04              4706s
[2019-04-11 15:22:23] SOLVER   36182 PPushes remaining with PInf 2.9044146e+04              4742s
[2019-04-11 15:22:24] SOLVER   Restart crossover...
[2019-04-11 15:22:28] SOLVER   583534 DPushes remaining with DInf 3.0664018e+03              4747s
[2019-04-11 15:22:41] SOLVER   206091 DPushes remaining with DInf 2.7502304e+03              4760s
[2019-04-11 15:22:45] SOLVER   157195 DPushes remaining with DInf 2.6930093e+03              4764s
[2019-04-11 15:22:47] SOLVER   138121 DPushes remaining with DInf 2.6973548e+03              4766s
[2019-04-11 15:22:53] SOLVER   121152 DPushes remaining with DInf 2.5960854e+03              4771s
[2019-04-11 15:22:57] SOLVER   119030 DPushes remaining with DInf 2.5994856e+03              4776s
[2019-04-11 15:23:02] SOLVER   114969 DPushes remaining with DInf 2.5993888e+03              4780s
[2019-04-11 15:23:08] SOLVER   109379 DPushes remaining with DInf 2.5992123e+03              4787s
[2019-04-11 15:23:14] SOLVER   105776 DPushes remaining with DInf 2.5943082e+03              4792s
[2019-04-11 15:23:17] SOLVER   103961 DPushes remaining with DInf 2.5942411e+03              4795s
[2019-04-11 15:23:23] SOLVER   100074 DPushes remaining with DInf 2.5940760e+03              4801s
[2019-04-11 15:23:27] SOLVER   95486 DPushes remaining with DInf 2.5939711e+03              4806s
[2019-04-11 15:23:33] SOLVER   86924 DPushes remaining with DInf 2.5939019e+03              4811s
[2019-04-11 15:23:37] SOLVER   82123 DPushes remaining with DInf 2.5887958e+03              4815s
[2019-04-11 15:23:42] SOLVER   75550 DPushes remaining with DInf 2.5884905e+03              4821s
[2019-04-11 15:23:48] SOLVER   69035 DPushes remaining with DInf 2.5516365e+03              4826s
[2019-04-11 15:23:52] SOLVER   65857 DPushes remaining with DInf 2.5516183e+03              4831s
[2019-04-11 15:23:58] SOLVER   59349 DPushes remaining with DInf 2.5443188e+03              4837s
[2019-04-11 15:24:02] SOLVER   55015 DPushes remaining with DInf 2.5442344e+03              4840s
[2019-04-11 15:24:08] SOLVER   48487 DPushes remaining with DInf 2.5438074e+03              4846s
[2019-04-11 15:24:12] SOLVER   44150 DPushes remaining with DInf 2.5434798e+03              4850s
[2019-04-11 15:24:18] SOLVER   38827 DPushes remaining with DInf 2.5434569e+03              4857s
[2019-04-11 15:24:22] SOLVER   34507 DPushes remaining with DInf 2.5434567e+03              4860s
[2019-04-11 15:24:27] SOLVER   28025 DPushes remaining with DInf 2.5434534e+03              4866s
[2019-04-11 15:24:33] SOLVER   21536 DPushes remaining with DInf 2.5434477e+03              4872s
[2019-04-11 15:24:37] SOLVER   17173 DPushes remaining with DInf 2.5434474e+03              4875s
[2019-04-11 15:24:42] SOLVER   10584 DPushes remaining with DInf 2.5434414e+03              4881s
[2019-04-11 15:24:48] SOLVER   3888 DPushes remaining with DInf 2.5388250e+03              4886s
[2019-04-11 15:24:52] SOLVER   603 DPushes remaining with DInf 2.4586863e+03              4891s
[2019-04-11 15:24:54] SOLVER   0 DPushes remaining with DInf 2.4265736e+03              4893s
[2019-04-11 15:24:55] SOLVER   421317 PPushes remaining with PInf 8.9163248e+03              4893s
[2019-04-11 15:25:00] SOLVER   259427 PPushes remaining with PInf 6.9049977e+03              4898s
[2019-04-11 15:25:04] SOLVER   202648 PPushes remaining with PInf 6.4181094e+03              4902s
[2019-04-11 15:25:07] SOLVER   171725 PPushes remaining with PInf 6.1851732e+03              4905s
[2019-04-11 15:25:12] SOLVER   142272 PPushes remaining with PInf 5.8186958e+03              4910s
[2019-04-11 15:25:16] SOLVER   128843 PPushes remaining with PInf 5.7624939e+03              4915s
[2019-04-11 15:25:22] SOLVER   121917 PPushes remaining with PInf 5.7409970e+03              4920s
[2019-04-11 15:25:29] SOLVER   115642 PPushes remaining with PInf 6.3067883e+03              4928s
[2019-04-11 15:25:33] SOLVER   113440 PPushes remaining with PInf 6.2610196e+03              4931s
[2019-04-11 15:25:42] SOLVER   111640 PPushes remaining with PInf 6.2334295e+03              4940s
[2019-04-11 15:26:03] SOLVER   110636 PPushes remaining with PInf 6.2075046e+03              4961s
[2019-04-11 15:26:30] SOLVER   108900 PPushes remaining with PInf 6.1993846e+03              4989s
[2019-04-11 15:27:07] SOLVER   106648 PPushes remaining with PInf 6.1802774e+03              5026s
[2019-04-11 15:27:39] SOLVER   102840 PPushes remaining with PInf 6.1886714e+03              5057s
[2019-04-11 15:27:42] SOLVER   99788 PPushes remaining with PInf 6.2042434e+03              5061s
[2019-04-11 15:27:48] SOLVER   94184 PPushes remaining with PInf 6.2770824e+03              5067s
[2019-04-11 15:27:55] SOLVER   93075 PPushes remaining with PInf 6.2670808e+03              5074s
[2019-04-11 15:28:02] SOLVER   91985 PPushes remaining with PInf 6.2552451e+03              5081s
[2019-04-11 15:28:53] SOLVER   89679 PPushes remaining with PInf 6.2223315e+03              5132s
[2019-04-11 15:28:56] SOLVER   87359 PPushes remaining with PInf 6.1425036e+03              5135s
[2019-04-11 15:29:53] SOLVER   84049 PPushes remaining with PInf 6.0918185e+03              5192s
[2019-04-11 15:30:26] SOLVER   81812 PPushes remaining with PInf 6.0259805e+03              5225s
[2019-04-11 15:30:32] SOLVER   80062 PPushes remaining with PInf 5.9939393e+03              5231s
[2019-04-11 15:30:39] SOLVER   77980 PPushes remaining with PInf 5.9647397e+03              5238s
[2019-04-11 15:30:46] SOLVER   75770 PPushes remaining with PInf 5.9013801e+03              5244s
[2019-04-11 15:30:58] SOLVER   74478 PPushes remaining with PInf 5.8677577e+03              5257s
[2019-04-11 15:31:38] SOLVER   72950 PPushes remaining with PInf 5.8593274e+03              5297s
[2019-04-11 15:32:16] SOLVER   71947 PPushes remaining with PInf 5.8416684e+03              5335s
[2019-04-11 15:32:19] SOLVER   69758 PPushes remaining with PInf 5.8299962e+03              5337s
[2019-04-11 15:32:23] SOLVER   67600 PPushes remaining with PInf 5.8143557e+03              5341s
[2019-04-11 15:32:30] SOLVER   63280 PPushes remaining with PInf 5.7907573e+03              5348s
[2019-04-11 15:32:34] SOLVER   60415 PPushes remaining with PInf 5.7676418e+03              5353s
[2019-04-11 15:32:38] SOLVER   58230 PPushes remaining with PInf 5.7644493e+03              5356s
[2019-04-11 15:32:47] SOLVER   56663 PPushes remaining with PInf 6.2370354e+03              5365s
[2019-04-11 15:34:35] SOLVER   55605 PPushes remaining with PInf 6.1197824e+03              5474s
[2019-04-11 15:36:12] SOLVER   54603 PPushes remaining with PInf 5.9540117e+03              5570s
[2019-04-11 15:37:33] SOLVER   53602 PPushes remaining with PInf 5.9038484e+03              5652s
[2019-04-11 15:38:17] SOLVER   52601 PPushes remaining with PInf 5.7825463e+03              5695s
[2019-04-11 15:39:03] SOLVER   49697 PPushes remaining with PInf 5.8084980e+03              5742s
[2019-04-11 15:39:33] SOLVER   48430 PPushes remaining with PInf 5.7871642e+03              5771s
[2019-04-11 15:40:37] SOLVER   47405 PPushes remaining with PInf 5.6955524e+03              5836s
[2019-04-11 15:41:18] SOLVER   46709 PPushes remaining with PInf 1.1419861e+04              5877s
[2019-04-11 15:43:04] SOLVER   45690 PPushes remaining with PInf 1.1077273e+04              5983s
[2019-04-11 15:45:10] SOLVER   43209 PPushes remaining with PInf 1.0729794e+04              6108s
[2019-04-11 15:45:18] SOLVER   43135 PPushes remaining with PInf 1.0714971e+04              6116s
[2019-04-11 15:45:18] SOLVER   Push phase complete: Pinf 1.0714971e+04, Dinf 7.7179521e+03   6117s
[2019-04-11 15:45:29] SOLVER   Iteration    Objective       Primal Inf.    Dual Inf.      Time
[2019-04-11 15:45:29] SOLVER   748296    2.7301800e+05   2.908710e+06   0.000000e+00   6128s
[2019-04-11 15:51:06] SOLVER   748936    2.7292789e+05   9.395914e+07   0.000000e+00   6464s
[2019-04-11 15:57:19] SOLVER   749626    2.7292790e+05   1.533906e+08   0.000000e+00   6838s
[2019-04-11 16:03:41] SOLVER   750366    2.7292806e+05   1.410974e+08   0.000000e+00   7219s
[2019-04-11 16:09:42] SOLVER   751086    2.7292811e+05   1.766704e+09   0.000000e+00   7581s
[2019-04-11 16:16:16] SOLVER   751866    2.7292814e+05   6.667360e+08   0.000000e+00   7975s
[2019-04-11 16:22:57] SOLVER   752616    2.7293287e+05   1.910076e+09   0.000000e+00   8376s
[2019-04-11 16:29:52] SOLVER   753346    2.7293562e+05   1.995062e+09   0.000000e+00   8791s
[2019-04-11 16:37:14] SOLVER   754296    2.7294152e+05   6.609237e+09   0.000000e+00   9232s
[2019-04-11 16:39:01] SOLVER   755297    2.7294737e+05   9.980472e+08   0.000000e+00   9339s
[2019-04-11 16:41:08] SOLVER   756298    2.7295161e+05   5.883595e+08   0.000000e+00   9466s
[2019-04-11 16:42:57] SOLVER   757299    2.7295489e+05   4.220939e+08   0.000000e+00   9576s
[2019-04-11 16:45:34] SOLVER   758300    2.7295758e+05   8.925334e+07   0.000000e+00   9733s
[2019-04-11 16:48:12] SOLVER   759301    2.7296134e+05   4.124308e+08   0.000000e+00   9891s
[2019-04-11 16:50:13] SOLVER   760302    2.7296470e+05   1.480735e+09   0.000000e+00  10012s
[2019-04-11 16:51:48] SOLVER   761303    2.7296644e+05   7.493232e+08   0.000000e+00  10107s
[2019-04-11 16:53:01] SOLVER   762304    2.7296921e+05   1.434125e+09   0.000000e+00  10179s
[2019-04-11 16:54:54] SOLVER   763305    2.7297015e+05   9.414741e+08   0.000000e+00  10293s
[2019-04-11 16:57:00] SOLVER   764306    2.7297158e+05   6.935258e+08   0.000000e+00  10418s
[2019-04-11 16:58:17] SOLVER   765307    2.7297329e+05   9.295784e+08   0.000000e+00  10496s
[2019-04-11 17:01:30] SOLVER   766308    2.7297444e+05   3.408405e+07   0.000000e+00  10689s
[2019-04-11 17:05:27] SOLVER   767309    2.7297533e+05   9.416991e+08   0.000000e+00  10925s
[2019-04-11 17:08:39] SOLVER   768310    2.7297572e+05   2.779645e+09   0.000000e+00  11118s
[2019-04-11 17:12:42] SOLVER   769311    2.7297654e+05   2.382192e+08   0.000000e+00  11360s
[2019-04-11 17:16:43] SOLVER   770312    2.7297699e+05   6.981520e+08   0.000000e+00  11601s
[2019-04-11 17:20:09] SOLVER   771313    2.7297805e+05   3.690901e+08   0.000000e+00  11807s
[2019-04-11 17:22:53] SOLVER   772314    2.7297941e+05   6.364026e+07   0.000000e+00  11972s
[2019-04-11 17:24:21] SOLVER   773315    2.7298056e+05   3.934150e+08   0.000000e+00  12060s
[2019-04-11 17:26:14] SOLVER   774316    2.7298133e+05   9.614221e+07   0.000000e+00  12172s
[2019-04-11 17:31:04] SOLVER   775317    2.7298187e+05   1.632641e+08   0.000000e+00  12463s
[2019-04-11 17:35:20] SOLVER   776318    2.7298238e+05   1.440261e+09   0.000000e+00  12719s
[2019-04-11 17:41:03] SOLVER   777319    2.7298302e+05   2.507125e+08   0.000000e+00  13062s
[2019-04-11 17:47:54] SOLVER   778089    2.7298334e+05   4.931030e+07   0.000000e+00  13473s
[2019-04-11 17:55:28] SOLVER   778869    2.7298372e+05   3.813438e+08   0.000000e+00  13927s
[2019-04-11 18:02:49] SOLVER   779589    2.7298403e+05   7.618196e+07   0.000000e+00  14367s
[2019-04-11 18:09:36] SOLVER   780309    2.7298449e+05   2.486806e+09   0.000000e+00  14775s
[2019-04-11 18:16:12] SOLVER   781099    2.7298478e+05   2.576783e+09   0.000000e+00  15171s
[2019-04-11 18:23:44] SOLVER   782009    2.7298494e+05   1.488271e+09   0.000000e+00  15623s
[2019-04-11 18:30:52] SOLVER   782929    2.7298533e+05   1.366061e+10   0.000000e+00  16051s
[2019-04-11 18:35:21] SOLVER   783930    2.7298589e+05   7.285477e+08   0.000000e+00  16319s
[2019-04-11 18:38:14] SOLVER   784931    2.7298624e+05   1.996520e+08   0.000000e+00  16493s
[2019-04-11 18:40:46] SOLVER   785932    2.7298661e+05   2.107304e+08   0.000000e+00  16644s
[2019-04-11 18:43:49] SOLVER   786933    2.7298713e+05   7.689988e+07   0.000000e+00  16827s
[2019-04-11 18:46:25] SOLVER   787934    2.7298752e+05   5.306969e+07   0.000000e+00  16984s
[2019-04-11 18:49:05] SOLVER   788935    2.7298777e+05   8.986492e+07   0.000000e+00  17144s
[2019-04-11 18:51:54] SOLVER   789936    2.7298807e+05   4.067618e+07   0.000000e+00  17312s
[2019-04-11 18:54:43] SOLVER   790937    2.7298843e+05   1.269127e+08   0.000000e+00  17481s
[2019-04-11 18:58:42] SOLVER   791938    2.7298882e+05   3.545474e+07   0.000000e+00  17720s
[2019-04-11 19:01:07] SOLVER   792939    2.7298900e+05   3.808401e+07   0.000000e+00  17866s
[2019-04-11 19:03:33] SOLVER   793940    2.7298933e+05   3.233447e+07   0.000000e+00  18011s
[2019-04-11 19:06:23] SOLVER   794941    2.7298960e+05   2.247473e+08   0.000000e+00  18181s
[2019-04-11 19:13:22] SOLVER   795661    2.7298976e+05   9.274770e+07   0.000000e+00  18599s
[2019-04-11 19:19:55] SOLVER   796341    2.7299005e+05   5.341736e+07   0.000000e+00  18994s
[2019-04-11 19:27:37] SOLVER   797101    2.7299032e+05   4.668467e+07   0.000000e+00  19455s
[2019-04-11 19:35:33] SOLVER   797841    2.7299047e+05   3.366574e+07   0.000000e+00  19932s
[2019-04-11 19:43:37] SOLVER   798631    2.7299072e+05   1.021488e+08   0.000000e+00  20415s
[2019-04-11 19:51:02] SOLVER   799611    2.7299162e+05   9.900257e+08   0.000000e+00  20861s
[2019-04-11 19:58:27] SOLVER   800471    2.7299192e+05   6.513346e+07   0.000000e+00  21305s
[2019-04-11 20:05:48] SOLVER   801472    2.7299210e+05   4.824866e+09   0.000000e+00  21747s
[2019-04-11 20:14:10] SOLVER   802472    2.7299256e+05   1.022560e+08   0.000000e+00  22249s
[2019-04-11 20:22:19] SOLVER   803342    2.7299302e+05   5.192284e+07   0.000000e+00  22737s
[2019-04-11 20:30:11] SOLVER   804343    2.7299322e+05   6.111887e+07   0.000000e+00  23210s
[2019-04-11 20:37:32] SOLVER   805133    2.7299337e+05   2.111283e+08   0.000000e+00  23651s
[2019-04-11 20:44:49] SOLVER   806134    2.7299363e+05   2.559099e+08   0.000000e+00  24087s
[2019-04-11 20:53:47] SOLVER   807084    2.7299390e+05   1.552679e+08   0.000000e+00  24625s
[2019-04-11 21:02:28] SOLVER   808044    2.7299431e+05   2.905942e+08   0.000000e+00  25146s
[2019-04-11 21:11:45] SOLVER   809045    2.7299463e+05   1.952681e+09   0.000000e+00  25704s
[2019-04-11 21:19:39] SOLVER   810046    2.7299483e+05   1.122163e+08   0.000000e+00  26177s
[2019-04-11 21:26:46] SOLVER   811047    2.7299501e+05   3.679893e+07   0.000000e+00  26605s
[2019-04-11 21:35:08] SOLVER   811877    2.7299537e+05   1.212110e+07   0.000000e+00  27106s
[2019-04-11 21:43:54] SOLVER   812837    2.7299564e+05   2.962713e+08   0.000000e+00  27632s
[2019-04-11 21:52:18] SOLVER   813838    2.7299591e+05   9.185244e+08   0.000000e+00  28136s
[2019-04-11 22:00:39] SOLVER   814738    2.7299604e+05   7.170140e+08   0.000000e+00  28637s
[2019-04-11 22:08:59] SOLVER   815648    2.7299622e+05   1.886893e+08   0.000000e+00  29138s
[2019-04-11 22:16:11] SOLVER   816649    2.7299644e+05   3.358487e+07   0.000000e+00  29570s
[2019-04-11 22:23:04] SOLVER   817650    2.7299671e+05   8.429376e+08   0.000000e+00  29983s
[2019-04-11 22:30:53] SOLVER   818430    2.7299693e+05   4.447736e+08   0.000000e+00  30452s
[2019-04-11 22:38:41] SOLVER   819240    2.7299712e+05   4.035812e+08   0.000000e+00  30920s
[2019-04-11 22:45:11] SOLVER   820241    2.7299740e+05   7.806975e+07   0.000000e+00  31310s
[2019-04-11 22:49:58] SOLVER   821242    2.7299787e+05   4.540982e+08   0.000000e+00  31596s
[2019-04-11 22:57:41] SOLVER   822012    2.7299805e+05   7.794044e+07   0.000000e+00  32060s
[2019-04-11 23:05:43] SOLVER   822712    2.7299832e+05   6.352644e+07   0.000000e+00  32541s
[2019-04-11 23:13:19] SOLVER   823512    2.7299854e+05   8.053378e+07   0.000000e+00  32997s
[2019-04-11 23:20:26] SOLVER   824302    2.7299871e+05   6.704402e+07   0.000000e+00  33425s
[2019-04-11 23:27:36] SOLVER   825052    2.7299892e+05   9.290942e+07   0.000000e+00  33855s
[2019-04-11 23:34:51] SOLVER   825822    2.7299914e+05   3.612099e+07   0.000000e+00  34289s
[2019-04-11 23:41:50] SOLVER   826512    2.7299930e+05   3.489185e+07   0.000000e+00  34709s
[2019-04-11 23:49:39] SOLVER   827262    2.7299955e+05   3.888256e+08   0.000000e+00  35178s
[2019-04-11 23:57:25] SOLVER   827952    2.7299987e+05   2.509862e+07   0.000000e+00  35643s
[2019-04-12 00:05:10] SOLVER   828672    2.7300023e+05   6.045693e+08   0.000000e+00  36109s
[2019-04-12 00:13:08] SOLVER   829422    2.7300048e+05   4.870412e+07   0.000000e+00  36587s
[2019-04-12 00:20:44] SOLVER   830282    2.7300065e+05   2.267862e+08   0.000000e+00  37042s
[2019-04-12 00:28:48] SOLVER   831122    2.7300087e+05   4.433308e+07   0.000000e+00  37527s
[2019-04-12 00:36:50] SOLVER   831872    2.7300108e+05   1.130115e+08   0.000000e+00  38008s
[2019-04-12 00:45:10] SOLVER   832632    2.7300124e+05   3.040996e+08   0.000000e+00  38509s
[2019-04-12 00:52:42] SOLVER   833402    2.7300149e+05   1.408664e+07   0.000000e+00  38960s
[2019-04-12 01:00:16] SOLVER   834212    2.7300162e+05   1.524977e+07   0.000000e+00  39415s
[2019-04-12 01:08:00] SOLVER   835213    2.7300191e+05   8.029660e+07   0.000000e+00  39878s
[2019-04-12 01:12:40] SOLVER   836214    2.7300219e+05   1.091052e+08   0.000000e+00  40159s
[2019-04-12 01:19:46] SOLVER   836964    2.7300248e+05   5.197736e+06   0.000000e+00  40585s
[2019-04-12 01:26:01] SOLVER   837965    2.7300278e+05   9.418332e+07   0.000000e+00  40960s
[2019-04-12 01:33:03] SOLVER   838725    2.7300298e+05   8.792968e+07   0.000000e+00  41382s
[2019-04-12 01:39:52] SOLVER   839565    2.7300325e+05   5.848444e+06   0.000000e+00  41791s
[2019-04-12 01:46:35] SOLVER   840235    2.7300342e+05   4.201925e+07   0.000000e+00  42193s
[2019-04-12 01:53:36] SOLVER   841005    2.7300367e+05   3.258755e+07   0.000000e+00  42614s
[2019-04-12 02:00:05] SOLVER   842006    2.7300398e+05   4.056267e+07   0.000000e+00  43004s
[2019-04-12 02:06:22] SOLVER   842706    2.7300414e+05   4.400024e+07   0.000000e+00  43380s
[2019-04-12 02:12:16] SOLVER   843376    2.7300430e+05   2.262482e+07   0.000000e+00  43734s
[2019-04-12 02:18:29] SOLVER   844016    2.7300459e+05   1.050176e+09   0.000000e+00  44107s
[2019-04-12 02:25:05] SOLVER   844696    2.7300470e+05   7.037102e+07   0.000000e+00  44504s
[2019-04-12 02:31:21] SOLVER   845376    2.7300481e+05   8.143140e+07   0.000000e+00  44880s
[2019-04-12 02:37:41] SOLVER   846086    2.7300495e+05   2.027104e+07   0.000000e+00  45259s
[2019-04-12 02:43:47] SOLVER   846816    2.7300508e+05   2.177887e+08   0.000000e+00  45625s
[2019-04-12 02:50:11] SOLVER   847566    2.7300522e+05   4.849975e+08   0.000000e+00  46009s
[2019-04-12 02:56:23] SOLVER   848226    2.7300539e+05   1.587621e+08   0.000000e+00  46382s
[2019-04-12 03:02:55] SOLVER   849036    2.7300557e+05   1.861161e+08   0.000000e+00  46773s
[2019-04-12 03:09:45] SOLVER   850037    2.7300618e+05   4.815864e+07   0.000000e+00  47183s
[2019-04-12 03:15:53] SOLVER   850707    2.7300628e+05   3.966404e+07   0.000000e+00  47551s
[2019-04-12 03:22:25] SOLVER   851417    2.7300641e+05   4.552906e+07   0.000000e+00  47944s
[2019-04-12 03:28:50] SOLVER   852077    2.7300656e+05   1.314783e+07   0.000000e+00  48329s
[2019-04-12 03:35:07] SOLVER   852757    2.7300669e+05   1.049939e+07   0.000000e+00  48705s
[2019-04-12 03:41:22] SOLVER   853487    2.7300682e+05   4.795904e+07   0.000000e+00  49081s
[2019-04-12 03:46:05] SOLVER   854488    2.7300696e+05   3.453641e+07   0.000000e+00  49363s
[2019-04-12 03:50:41] SOLVER   855489    2.7300705e+05   1.387825e+07   0.000000e+00  49640s
[2019-04-12 03:54:53] SOLVER   856490    2.7300725e+05   7.237529e+06   0.000000e+00  49892s
[2019-04-12 04:01:47] SOLVER   857350    2.7300734e+05   1.030268e+07   0.000000e+00  50306s
[2019-04-12 04:08:24] SOLVER   858100    2.7300746e+05   1.765186e+06   0.000000e+00  50703s
[2019-04-12 04:14:43] SOLVER   859000    2.7300765e+05   1.322709e+08   0.000000e+00  51082s
[2019-04-12 04:19:45] SOLVER   860001    2.7300789e+05   3.135634e+08   0.000000e+00  51383s
[2019-04-12 04:22:43] SOLVER   861002    2.7300804e+05   1.138355e+09   0.000000e+00  51561s
[2019-04-12 04:28:36] SOLVER   862003    2.7300824e+05   2.728246e+08   0.000000e+00  51914s
[2019-04-12 04:34:23] SOLVER   862663    2.7300836e+05   2.142782e+09   0.000000e+00  52262s
[2019-04-12 04:40:26] SOLVER   863353    2.7300848e+05   2.730096e+07   0.000000e+00  52625s
[2019-04-12 04:46:46] SOLVER   864083    2.7300861e+05   2.155070e+08   0.000000e+00  53004s
[2019-04-12 04:53:08] SOLVER   864813    2.7300872e+05   2.108150e+07   0.000000e+00  53387s
[2019-04-12 04:59:18] SOLVER   865503    2.7300884e+05   2.521012e+08   0.000000e+00  53757s
[2019-04-12 05:05:40] SOLVER   866233    2.7300896e+05   1.178849e+07   0.000000e+00  54138s
[2019-04-12 05:11:42] SOLVER   866873    2.7300907e+05   8.022449e+07   0.000000e+00  54500s
[2019-04-12 05:17:32] SOLVER   867553    2.7300918e+05   3.284889e+08   0.000000e+00  54850s
[2019-04-12 05:24:19] SOLVER   868483    2.7300936e+05   1.306137e+08   0.000000e+00  55257s
[2019-04-12 05:30:12] SOLVER   869484    2.7300953e+05   1.971699e+08   0.000000e+00  55611s
[2019-04-12 05:36:22] SOLVER   870204    2.7300966e+05   4.399621e+08   0.000000e+00  55981s
[2019-04-12 05:42:46] SOLVER   870924    2.7300982e+05   1.530144e+07   0.000000e+00  56364s
[2019-04-12 05:48:45] SOLVER   871574    2.7300997e+05   2.483081e+07   0.000000e+00  56724s
[2019-04-12 05:54:31] SOLVER   872204    2.7301019e+05   1.762723e+08   0.000000e+00  57069s
[2019-04-12 06:00:37] SOLVER   872834    2.7301038e+05   1.260817e+08   0.000000e+00  57436s
[2019-04-12 06:07:03] SOLVER   873464    2.7301061e+05   1.805704e+08   0.000000e+00  57822s
[2019-04-12 06:13:40] SOLVER   874094    2.7301082e+05   6.237746e+08   0.000000e+00  58219s
[2019-04-12 06:20:27] SOLVER   874774    2.7301102e+05   8.620426e+07   0.000000e+00  58626s
[2019-04-12 06:27:23] SOLVER   875434    2.7301121e+05   8.871952e+08   0.000000e+00  59041s
[2019-04-12 06:33:59] SOLVER   876064    2.7301139e+05   1.246854e+09   0.000000e+00  59437s
[2019-04-12 06:40:46] SOLVER   876744    2.7301159e+05   1.036543e+08   0.000000e+00  59844s
[2019-04-12 06:47:30] SOLVER   877424    2.7301177e+05   6.490007e+08   0.000000e+00  60249s
[2019-04-12 06:54:12] SOLVER   878124    2.7301191e+05   2.063934e+08   0.000000e+00  60650s
[2019-04-12 07:00:48] SOLVER   878754    2.7301208e+05   1.088389e+09   0.000000e+00  61046s
[2019-04-12 07:07:55] SOLVER   879394    2.7301220e+05   2.797391e+07   0.000000e+00  61474s
[2019-04-12 07:15:04] SOLVER   880104    2.7301247e+05   2.133596e+08   0.000000e+00  61902s
[2019-04-12 07:22:16] SOLVER   880874    2.7301271e+05   9.255886e+08   0.000000e+00  62335s
[2019-04-12 07:29:05] SOLVER   881774    2.7301300e+05   1.534328e+08   0.000000e+00  62743s
[2019-04-12 07:35:33] SOLVER   882754    2.7301326e+05   3.316271e+07   0.000000e+00  63132s
[2019-04-12 07:41:29] SOLVER   883474    2.7301339e+05   2.956239e+08   0.000000e+00  63488s
[2019-04-12 07:47:41] SOLVER   884184    2.7301352e+05   2.281439e+07   0.000000e+00  63859s
[2019-04-12 07:54:20] SOLVER   884984    2.7301368e+05   2.204465e+08   0.000000e+00  64259s
[2019-04-12 08:00:42] SOLVER   885834    2.7301385e+05   1.839729e+08   0.000000e+00  64641s
[2019-04-12 08:06:53] SOLVER   886614    2.7301397e+05   2.444036e+07   0.000000e+00  65012s
[2019-04-12 08:13:00] SOLVER   887324    2.7301409e+05   6.016775e+07   0.000000e+00  65379s
[2019-04-12 08:19:11] SOLVER   888074    2.7301418e+05   2.287581e+07   0.000000e+00  65750s
[2019-04-12 08:25:19] SOLVER   888944    2.7301440e+05   1.737754e+08   0.000000e+00  66117s
[2019-04-12 08:30:56] SOLVER   889654    2.7301451e+05   8.189728e+07   0.000000e+00  66454s
[2019-04-12 08:36:28] SOLVER   890334    2.7301466e+05   6.640461e+06   0.000000e+00  66786s
[2019-04-12 08:42:17] SOLVER   890994    2.7301475e+05   4.847373e+07   0.000000e+00  67135s
[2019-04-12 08:48:40] SOLVER   891744    2.7301486e+05   1.393830e+07   0.000000e+00  67519s
[2019-04-12 08:55:36] SOLVER   892614    2.7301497e+05   1.630059e+08   0.000000e+00  67934s
[2019-04-12 09:02:22] SOLVER   893294    2.7301505e+05   8.616129e+08   0.000000e+00  68340s
[2019-04-12 09:09:22] SOLVER   894034    2.7301515e+05   4.816066e+08   0.000000e+00  68760s
[2019-04-12 09:15:43] SOLVER   894734    2.7301526e+05   2.432527e+08   0.000000e+00  69141s
[2019-04-12 09:21:30] SOLVER   895394    2.7301533e+05   7.833620e+07   0.000000e+00  69489s
[2019-04-12 09:27:45] SOLVER   896144    2.7301544e+05   1.870817e+08   0.000000e+00  69863s
[2019-04-12 09:34:17] SOLVER   896834    2.7301554e+05   3.255409e+08   0.000000e+00  70255s
[2019-04-12 09:41:11] SOLVER   897584    2.7301565e+05   4.225924e+07   0.000000e+00  70670s
[2019-04-12 09:47:21] SOLVER   898264    2.7301573e+05   1.743355e+07   0.000000e+00  71039s
[2019-04-12 09:53:48] SOLVER   898934    2.7301584e+05   1.367355e+08   0.000000e+00  71427s
[2019-04-12 09:59:54] SOLVER   899574    2.7301597e+05   7.022508e+07   0.000000e+00  71793s
[2019-04-12 10:06:36] SOLVER   900324    2.7301615e+05   5.297069e+08   0.000000e+00  72195s
[2019-04-12 10:13:05] SOLVER   900984    2.7301628e+05   2.123977e+09   0.000000e+00  72583s
[2019-04-12 10:19:23] SOLVER   901664    2.7301646e+05   2.304831e+08   0.000000e+00  72961s
[2019-04-12 10:26:16] SOLVER   902354    2.7301656e+05   3.071743e+08   0.000000e+00  73375s
[2019-04-12 10:33:19] SOLVER   903044    2.7301666e+05   1.483219e+08   0.000000e+00  73798s
[2019-04-12 10:40:44] SOLVER   903914    2.7301681e+05   5.432984e+08   0.000000e+00  74243s
[2019-04-12 10:47:41] SOLVER   904734    2.7301692e+05   1.040162e+08   0.000000e+00  74660s
[2019-04-12 10:54:00] SOLVER   905454    2.7301703e+05   3.327199e+08   0.000000e+00  75039s
[2019-04-12 11:00:25] SOLVER   906154    2.7301712e+05   1.669050e+07   0.000000e+00  75424s
[2019-04-12 11:07:06] SOLVER   906834    2.7301723e+05   4.844723e+07   0.000000e+00  75825s
[2019-04-12 11:14:07] SOLVER   907504    2.7301733e+05   9.824941e+07   0.000000e+00  76245s
[2019-04-12 11:21:13] SOLVER   908244    2.7301742e+05   1.083573e+07   0.000000e+00  76672s
[2019-04-12 11:28:02] SOLVER   908944    2.7301747e+05   2.890719e+07   0.000000e+00  77080s
[2019-04-12 11:34:35] SOLVER   909624    2.7301755e+05   3.826909e+07   0.000000e+00  77473s
[2019-04-12 11:41:30] SOLVER   910284    2.7301764e+05   3.048092e+08   0.000000e+00  77889s
[2019-04-12 11:48:12] SOLVER   911094    2.7301777e+05   1.183492e+08   0.000000e+00  78291s
[2019-04-12 11:54:31] SOLVER   911814    2.7301785e+05   7.021327e+07   0.000000e+00  78669s
[2019-04-12 12:00:32] SOLVER   912474    2.7301793e+05   1.937664e+07   0.000000e+00  79030s
[2019-04-12 12:05:58] SOLVER   913475    2.7301801e+05   4.862520e+08   0.000000e+00  79357s
[2019-04-12 12:12:16] SOLVER   914115    2.7301809e+05   1.608340e+08   0.000000e+00  79734s
[2019-04-12 12:18:38] SOLVER   914785    2.7301819e+05   1.727093e+07   0.000000e+00  80116s
User defined signal 2
