Sender: LSF System <lsfadmin@eu-c7-060-15>
Subject: Job 88996012: <calliope run ../../build/model/model.yaml --save_netcdf ../../build/output/minus3/03.nc --scenario baseline --override_dict "{run.solver_options.FeasibilityTol: 1e-3, run.solver_options.OptimalityTol: 1e-5}"> in cluster <euler> Exited

Job <calliope run ../../build/model/model.yaml --save_netcdf ../../build/output/minus3/03.nc --scenario baseline --override_dict "{run.solver_options.FeasibilityTol: 1e-3, run.solver_options.OptimalityTol: 1e-5}"> was submitted from host <eu-login-14-ng> by user <trtim> in cluster <euler> at Thu Apr 11 12:20:57 2019
Job was executed on host(s) <4*eu-c7-060-15>, in queue <bigmem.24h>, as user <trtim> in cluster <euler> at Thu Apr 11 12:29:48 2019
</cluster/home/trtim> was used as the home directory.
</cluster/home/trtim/Develop/ose-model-comparison/performance-analysis/2019-04-11> was used as the working directory.
Started at Thu Apr 11 12:29:48 2019
Terminated at Fri Apr 12 12:28:51 2019
Results reported at Fri Apr 12 12:28:51 2019

Your job looked like:

------------------------------------------------------------
# LSBATCH: User input
calliope run ../../build/model/model.yaml --save_netcdf ../../build/output/minus3/03.nc --scenario baseline --override_dict "{run.solver_options.FeasibilityTol: 1e-3, run.solver_options.OptimalityTol: 1e-5}"
------------------------------------------------------------

TERM_RUNLIMIT: job killed after reaching LSF run time limit.
Exited with exit code 140.

Resource usage summary:

    CPU time :                                   95818.33 sec.
    Max Memory :                                 82240 MB
    Average Memory :                             75348.42 MB
    Total Requested Memory :                     96000.00 MB
    Delta Memory :                               13760.00 MB
    Max Swap :                                   -
    Max Processes :                              3
    Max Threads :                                8
    Run time :                                   86355 sec.
    Turnaround time :                            86874 sec.

The output (if any) follows:

Calliope 0.6.4-dev starting at 2019-04-11 12:30:50

/cluster/work/cpesm/trtim/.conda/envs/ose-model-comparison/lib/python3.6/site-packages/dask/config.py:168: YAMLLoadWarning:

calling yaml.load() without Loader=... is deprecated, as the default Loader is unsafe. Please read https://msg.pyyaml.org/load for full details.

[2019-04-11 12:30:50] INFO     Model: initialising
[2019-04-11 12:30:51] INFO     Override applied to run.solver_options.FeasibilityTol: 1e-05 -> 0.001
Override applied to run.solver_options.OptimalityTol: 1e-05 -> 1e-05
[2019-04-11 12:30:51] INFO     Using scenario `baseline` leading to the application of overrides `['diw_assumptions', 'diw_battery_baseline_cost', 'jrc_etri_2014_renewable_costs', 'battery_c_rate', 'equal_interest_rate', 'no_hydrogen']`.
[2019-04-11 12:30:52] INFO     `locations.ALB.techs.hydrogen.exists`:False applied from override as new configuration
`locations.AUT.techs.hydrogen.exists`:False applied from override as new configuration
`locations.BEL.techs.hydrogen.exists`:False applied from override as new configuration
`locations.BGR.techs.hydrogen.exists`:False applied from override as new configuration
`locations.BIH.techs.hydrogen.exists`:False applied from override as new configuration
`locations.CHE.techs.hydrogen.exists`:False applied from override as new configuration
`locations.CYP.techs.hydrogen.exists`:False applied from override as new configuration
`locations.CZE.techs.hydrogen.exists`:False applied from override as new configuration
`locations.DEU.techs.hydrogen.exists`:False applied from override as new configuration
`locations.DNK.techs.hydrogen.exists`:False applied from override as new configuration
`locations.ESP.techs.hydrogen.exists`:False applied from override as new configuration
`locations.EST.techs.hydrogen.exists`:False applied from override as new configuration
`locations.FIN.techs.hydrogen.exists`:False applied from override as new configuration
`locations.FRA.techs.hydrogen.exists`:False applied from override as new configuration
`locations.GBR.techs.hydrogen.exists`:False applied from override as new configuration
`locations.GRC.techs.hydrogen.exists`:False applied from override as new configuration
`locations.HRV.techs.hydrogen.exists`:False applied from override as new configuration
`locations.HUN.techs.hydrogen.exists`:False applied from override as new configuration
`locations.IRL.techs.hydrogen.exists`:False applied from override as new configuration
`locations.ITA.techs.hydrogen.exists`:False applied from override as new configuration
`locations.LTU.techs.hydrogen.exists`:False applied from override as new configuration
`locations.LUX.techs.hydrogen.exists`:False applied from override as new configuration
`locations.LVA.techs.hydrogen.exists`:False applied from override as new configuration
`locations.MKD.techs.hydrogen.exists`:False applied from override as new configuration
`locations.MNE.techs.hydrogen.exists`:False applied from override as new configuration
`locations.NLD.techs.hydrogen.exists`:False applied from override as new configuration
`locations.NOR.techs.hydrogen.exists`:False applied from override as new configuration
`locations.POL.techs.hydrogen.exists`:False applied from override as new configuration
`locations.PRT.techs.hydrogen.exists`:False applied from override as new configuration
`locations.ROU.techs.hydrogen.exists`:False applied from override as new configuration
`locations.SRB.techs.hydrogen.exists`:False applied from override as new configuration
`locations.SVK.techs.hydrogen.exists`:False applied from override as new configuration
`locations.SVN.techs.hydrogen.exists`:False applied from override as new configuration
`locations.SWE.techs.hydrogen.exists`:False applied from override as new configuration
`tech_groups.conversion.costs.monetary.interest_rate`:0.04 applied from override as new configuration
`tech_groups.conversion_plus.costs.monetary.interest_rate`:0.04 applied from override as new configuration
Override applied to tech_groups.pv.costs.monetary.energy_cap: 1401.49 -> 640.0
Override applied to tech_groups.pv.costs.monetary.om_annual: 12.66 -> 10.88
`tech_groups.storage.costs.monetary.interest_rate`:0.04 applied from override as new configuration
`tech_groups.supply.costs.monetary.interest_rate`:0.04 applied from override as new configuration
`tech_groups.supply_plus.costs.monetary.interest_rate`:0.04 applied from override as new configuration
`tech_groups.transmission.costs.monetary.interest_rate`:0.04 applied from override as new configuration
Override applied to tech_groups.wind_onshore.costs.monetary.energy_cap: 1316.28 -> 1300.0
Override applied to tech_groups.wind_onshore.costs.monetary.om_annual: 49.72 -> 28.6
`techs.battery.constraints.energy_cap_per_storage_cap_max`:4 applied from override as new configuration
`techs.battery.constraints.energy_cap_per_storage_cap_min`:0.25 applied from override as new configuration
Override applied to techs.battery.constraints.energy_eff: 0.95 -> 0.9591663046625439
Override applied to techs.battery.constraints.lifetime: 20 -> 12
Override applied to techs.battery.costs.monetary.energy_cap: 713.47 -> 135.14000000000001
`techs.battery.costs.monetary.interest_rate`:0.04 applied from override as new configuration
Override applied to techs.battery.costs.monetary.om_annual: 12.48 -> 0
Override applied to techs.battery.costs.monetary.om_prod: 0.0028 -> 0
Override applied to techs.battery.costs.monetary.storage_cap: 322.73 -> 315.32
Override applied to techs.ccgt.costs.monetary.om_con: 0.03761 -> 0.03168
Override applied to techs.ccgt.costs.monetary.om_prod: 0.000132 -> 0.014832000000000001
Override applied to techs.coal.costs.monetary.om_con: 0.010920000000000001 -> 0.009720000000000001
Override applied to techs.coal.costs.monetary.om_prod: 0.001315 -> 0.025915
Override applied to techs.lignite.costs.monetary.om_con: 0.010920000000000001 -> 0.00396
Override applied to techs.lignite.costs.monetary.om_prod: 0.001315 -> 0.028614999999999998
Override applied to techs.nuclear.costs.monetary.om_con: 0.0064 -> 0.0016899999999999999
Override applied to techs.nuclear.costs.monetary.om_prod: 0.0006580000000000001 -> 0.001018
Override applied to techs.wind_offshore.costs.monetary.energy_cap: 4246.25 -> 2580.0
Override applied to techs.wind_offshore.costs.monetary.om_annual: 113.0 -> 77.4
[2019-04-11 12:30:54] WARNING  Warning: Possible issues found during model processing:
 * `pumped_hydro` at `ALB` has no constraint to explicitly connect `energy_cap` to `storage_cap`, consider defining a `energy_cap_per_storage_cap_min/max/equals` constraint
 * `pumped_hydro` at `CYP` has no constraint to explicitly connect `energy_cap` to `storage_cap`, consider defining a `energy_cap_per_storage_cap_min/max/equals` constraint
 * `pumped_hydro` at `DNK` has no constraint to explicitly connect `energy_cap` to `storage_cap`, consider defining a `energy_cap_per_storage_cap_min/max/equals` constraint
 * `pumped_hydro` at `EST` has no constraint to explicitly connect `energy_cap` to `storage_cap`, consider defining a `energy_cap_per_storage_cap_min/max/equals` constraint
 * `pumped_hydro` at `FIN` has no constraint to explicitly connect `energy_cap` to `storage_cap`, consider defining a `energy_cap_per_storage_cap_min/max/equals` constraint
 * `pumped_hydro` at `HUN` has no constraint to explicitly connect `energy_cap` to `storage_cap`, consider defining a `energy_cap_per_storage_cap_min/max/equals` constraint
 * `pumped_hydro` at `LVA` has no constraint to explicitly connect `energy_cap` to `storage_cap`, consider defining a `energy_cap_per_storage_cap_min/max/equals` constraint
 * `pumped_hydro` at `MKD` has no constraint to explicitly connect `energy_cap` to `storage_cap`, consider defining a `energy_cap_per_storage_cap_min/max/equals` constraint
 * `pumped_hydro` at `MNE` has no constraint to explicitly connect `energy_cap` to `storage_cap`, consider defining a `energy_cap_per_storage_cap_min/max/equals` constraint
 * `pumped_hydro` at `NLD` has no constraint to explicitly connect `energy_cap` to `storage_cap`, consider defining a `energy_cap_per_storage_cap_min/max/equals` constraint

[2019-04-11 12:30:54] INFO     Model: preprocessing stage 1 (model_run)
[2019-04-11 12:31:04] INFO     Model: preprocessing stage 2 (model_data)
[2019-04-11 12:31:20] INFO     Model: preprocessing complete. Time since start: 0:00:29.975391
Model name:   Open Source Modelling -- Euro Calliope model
Model size:   34 locations, 19 technologies, 8760 timesteps

Starting model run...
[2019-04-11 12:31:20] INFO     Backend: starting model run
[2019-04-11 13:26:36] INFO     Backend: model generated. Time since start: 0:55:46.592851
[2019-04-11 13:26:36] INFO     Backend: sending model to solver
[2019-04-11 14:11:29] SOLVER   Parameter OutputFlag unchanged
[2019-04-11 14:11:29] SOLVER   Value: 1  Min: 0  Max: 1  Default: 1
[2019-04-11 14:11:29] SOLVER   Changed value of parameter LogFile to /cluster/work/cpesm/trtim/ose-model-comparison/performance-analysis/2019-04-11/tmpvg33gh8z.log
[2019-04-11 14:11:29] SOLVER   Prev: gurobi.log  Default:
[2019-04-11 14:11:29] SOLVER   Changed value of parameter FeasibilityTol to 0.001
[2019-04-11 14:11:29] SOLVER   Prev: 1e-06  Min: 1e-09  Max: 0.01  Default: 1e-06
[2019-04-11 14:11:29] SOLVER   Changed value of parameter Method to 2
[2019-04-11 14:11:29] SOLVER   Prev: -1  Min: -1  Max: 5  Default: -1
[2019-04-11 14:11:29] SOLVER   Changed value of parameter OptimalityTol to 1e-05
[2019-04-11 14:11:29] SOLVER   Prev: 1e-06  Min: 1e-09  Max: 0.01  Default: 1e-06
[2019-04-11 14:11:29] SOLVER   Changed value of parameter Threads to 4
[2019-04-11 14:11:29] SOLVER   Prev: 0  Min: 0  Max: 1024  Default: 0
[2019-04-11 14:11:29] SOLVER   Optimize a model with 22166104 rows, 17558336 columns and 59282184 nonzeros
[2019-04-11 14:11:29] SOLVER   Coefficient statistics:
[2019-04-11 14:11:29] SOLVER   Matrix range     [4e-06, 3e+02]
[2019-04-11 14:11:29] SOLVER   Objective range  [1e+00, 1e+00]
[2019-04-11 14:11:29] SOLVER   Bounds range     [5e-02, 2e+03]
[2019-04-11 14:11:29] SOLVER   RHS range        [7e-03, 2e+03]
[2019-04-11 14:11:36] SOLVER   Presolve removed 8940214 rows and 8052865 columns (presolve time = 6s) ...
[2019-04-11 14:11:40] SOLVER   Presolve removed 15476635 rows and 10209933 columns (presolve time = 11s) ...
[2019-04-11 14:11:45] SOLVER   Presolve removed 15476635 rows and 10385133 columns (presolve time = 15s) ...
[2019-04-11 14:11:57] SOLVER   Presolve removed 17474125 rows and 12382623 columns (presolve time = 28s) ...
[2019-04-11 14:12:00] SOLVER   Presolve removed 17524053 rows and 12382633 columns (presolve time = 30s) ...
[2019-04-11 14:12:06] SOLVER   Presolve removed 17524053 rows and 12382633 columns (presolve time = 37s) ...
[2019-04-11 14:12:06] SOLVER   Presolve removed 17524053 rows and 12382633 columns
[2019-04-11 14:12:07] SOLVER   Presolve time: 37.70s
[2019-04-11 14:12:07] SOLVER   Presolved: 4642051 rows, 5175703 columns, 18951122 nonzeros
[2019-04-11 14:13:01] SOLVER   Ordering time: 0.00s
[2019-04-11 14:13:08] SOLVER   Barrier statistics:
[2019-04-11 14:13:08] SOLVER   Dense cols : 316
[2019-04-11 14:13:08] SOLVER   AA' NZ     : 1.572e+07
[2019-04-11 14:13:08] SOLVER   Factor NZ  : 1.076e+08 (roughly 5.0 GBytes of memory)
[2019-04-11 14:13:08] SOLVER   Factor Ops : 2.989e+10 (roughly 1 second per iteration)
[2019-04-11 14:13:08] SOLVER   Threads    : 4
[2019-04-11 14:13:13] SOLVER   Objective                Residual
[2019-04-11 14:13:13] SOLVER   Iter       Primal          Dual         Primal    Dual     Compl     Time
[2019-04-11 14:13:13] SOLVER   0   1.82950365e+08 -2.31955001e+08  2.94e+07 1.95e-01  9.17e+04   104s
[2019-04-11 14:13:19] SOLVER   1   1.68685851e+08 -2.47939582e+08  1.96e+07 3.01e+01  6.27e+04   110s
[2019-04-11 14:13:25] SOLVER   2   1.67299670e+08 -2.63783181e+08  1.87e+07 2.02e+01  5.28e+04   116s
[2019-04-11 14:13:33] SOLVER   3   1.62204593e+08 -2.97205582e+08  1.59e+07 1.79e+01  4.77e+04   124s
[2019-04-11 14:13:39] SOLVER   4   1.53787810e+08 -6.14565150e+08  1.50e+07 1.60e+01  4.48e+04   130s
[2019-04-11 14:13:44] SOLVER   5   1.38437308e+08 -1.07115734e+09  1.34e+07 1.29e+01  4.02e+04   135s
[2019-04-11 14:13:49] SOLVER   6   1.16098077e+08 -1.40108046e+09  1.18e+07 1.30e+01  3.57e+04   140s
[2019-04-11 14:13:55] SOLVER   7   1.07732690e+08 -2.12906372e+09  1.08e+07 1.03e+01  3.23e+04   146s
[2019-04-11 14:14:03] SOLVER   8   4.81451419e+07 -2.51820893e+09  3.55e+06 8.32e+00  1.29e+04   154s
[2019-04-11 14:14:09] SOLVER   9   2.44905480e+07 -2.60031428e+09  9.23e+05 7.08e+00  5.30e+03   160s
[2019-04-11 14:14:14] SOLVER   10   1.98737258e+07 -2.51781278e+09  4.76e+05 6.01e+00  3.59e+03   165s
[2019-04-11 14:14:19] SOLVER   11   1.77337183e+07 -2.16324706e+09  2.67e+05 4.55e+00  2.47e+03   170s
[2019-04-11 14:14:25] SOLVER   12   1.64362086e+07 -1.18388632e+09  1.40e+05 9.48e-01  8.42e+02   176s
[2019-04-11 14:14:30] SOLVER   13   1.53431656e+07 -7.57751738e+08  4.65e+04 3.94e-01  3.27e+02   181s
[2019-04-11 14:14:36] SOLVER   14   1.51808048e+07 -7.33849678e+08  3.50e+04 3.74e-01  2.83e+02   187s
[2019-04-11 14:14:44] SOLVER   15   1.48054617e+07 -3.22137127e+08  1.02e+04 5.98e-02  7.21e+01   195s
[2019-04-11 14:14:50] SOLVER   16   1.46014450e+07 -2.12210076e+08  8.46e+03 3.08e-02  4.56e+01   201s
[2019-04-11 14:14:55] SOLVER   17   1.26320882e+07 -1.19914700e+08  6.63e+02 1.42e-02  1.66e+01   206s
[2019-04-11 14:15:00] SOLVER   18   1.03483839e+07 -5.42460545e+07  2.84e+02 6.00e-03  7.40e+00   211s
[2019-04-11 14:15:07] SOLVER   19   7.86565413e+06 -2.81248965e+07  1.32e+02 2.89e-03  3.83e+00   218s
[2019-04-11 14:15:11] SOLVER   20   5.86649569e+06 -1.53674705e+07  7.01e+01 1.54e-03  2.14e+00   222s
[2019-04-11 14:15:18] SOLVER   21   4.73334711e+06 -8.04515940e+06  4.80e+01 7.84e-04  1.24e+00   229s
[2019-04-11 14:15:25] SOLVER   22   3.31886472e+06 -4.92545854e+06  2.63e+01 4.68e-04  7.74e-01   236s
[2019-04-11 14:15:32] SOLVER   23   2.47732988e+06 -3.19872098e+06  1.55e+01 3.14e-04  5.23e-01   242s
[2019-04-11 14:15:37] SOLVER   24   2.18894538e+06 -2.48096870e+06  1.25e+01 2.50e-04  4.27e-01   247s
[2019-04-11 14:15:41] SOLVER   25   1.90859831e+06 -2.27201909e+06  9.79e+00 2.31e-04  3.80e-01   252s
[2019-04-11 14:15:48] SOLVER   26   1.63076240e+06 -1.65516811e+06  7.43e+00 1.79e-04  2.97e-01   259s
[2019-04-11 14:15:53] SOLVER   27   1.37303223e+06 -1.20884982e+06  5.09e+00 1.34e-04  2.32e-01   264s
[2019-04-11 14:15:59] SOLVER   28   1.26764852e+06 -8.01542672e+05  3.90e+00 9.74e-05  1.85e-01   270s
[2019-04-11 14:16:06] SOLVER   29   1.06823247e+06 -5.11256705e+05  5.00e-03 7.14e-05  1.40e-01   277s
[2019-04-11 14:16:13] SOLVER   30   1.01089869e+06 -3.12276631e+05  4.62e-03 5.24e-05  1.17e-01   284s
[2019-04-11 14:16:18] SOLVER   31   8.94318200e+05 -1.47199059e+05  3.82e-03 3.67e-05  9.21e-02   289s
[2019-04-11 14:16:23] SOLVER   32   8.71137404e+05 -1.23064861e+05  3.67e-03 3.40e-05  8.78e-02   294s
[2019-04-11 14:16:29] SOLVER   33   8.00093360e+05 -8.65632916e+04  3.25e-03 3.10e-05  7.82e-02   300s
[2019-04-11 14:16:34] SOLVER   34   7.48809570e+05  1.79260694e+04  2.92e-03 2.12e-05  6.44e-02   305s
[2019-04-11 14:16:40] SOLVER   35   6.87185006e+05  5.96306151e+04  2.53e-03 1.66e-05  5.52e-02   311s
[2019-04-11 14:16:48] SOLVER   36   5.73602748e+05  1.19292889e+05  1.89e-03 1.14e-05  3.99e-02   319s
[2019-04-11 14:16:54] SOLVER   37   5.49985178e+05  1.30968664e+05  1.73e-03 1.02e-05  3.68e-02   325s
[2019-04-11 14:16:59] SOLVER   38   4.98117399e+05  1.56956580e+05  1.41e-03 8.06e-06  2.99e-02   330s
[2019-04-11 14:17:04] SOLVER   39   4.77764644e+05  1.62560108e+05  1.28e-03 7.65e-06  2.77e-02   335s
[2019-04-11 14:17:10] SOLVER   40   4.31279259e+05  1.69941979e+05  9.99e-04 7.11e-06  2.29e-02   341s
[2019-04-11 14:17:15] SOLVER   41   4.11267924e+05  1.75638635e+05  8.72e-04 6.67e-06  2.07e-02   346s
[2019-04-11 14:17:21] SOLVER   42   3.93722974e+05  2.05888900e+05  7.73e-04 4.48e-06  1.65e-02   352s
[2019-04-11 14:17:29] SOLVER   43   3.76462208e+05  2.11182273e+05  6.79e-04 4.07e-06  1.45e-02   360s
[2019-04-11 14:17:35] SOLVER   44   3.69170121e+05  2.14981966e+05  6.34e-04 3.78e-06  1.35e-02   366s
[2019-04-11 14:17:40] SOLVER   45   3.64094352e+05  2.18257670e+05  6.02e-04 3.52e-06  1.28e-02   371s
[2019-04-11 14:17:45] SOLVER   46   3.59051919e+05  2.19853717e+05  5.70e-04 3.41e-06  1.22e-02   376s
[2019-04-11 14:17:52] SOLVER   47   3.47246400e+05  2.22305541e+05  4.97e-04 3.23e-06  1.09e-02   383s
[2019-04-11 14:17:59] SOLVER   48   3.42767811e+05  2.27824023e+05  4.68e-04 2.87e-06  1.01e-02   390s
[2019-04-11 14:18:06] SOLVER   49   3.37323357e+05  2.29811921e+05  4.34e-04 2.73e-06  9.42e-03   397s
[2019-04-11 14:18:11] SOLVER   50   3.32234730e+05  2.32498754e+05  4.00e-04 2.53e-06  8.74e-03   402s
[2019-04-11 14:18:16] SOLVER   51   3.26317260e+05  2.34042726e+05  3.61e-04 2.43e-06  8.08e-03   407s
[2019-04-11 14:18:21] SOLVER   52   3.24242996e+05  2.34761029e+05  3.47e-04 2.39e-06  7.84e-03   412s
[2019-04-11 14:18:27] SOLVER   53   3.22063805e+05  2.36236267e+05  3.34e-04 2.29e-06  7.52e-03   418s
[2019-04-11 14:18:35] SOLVER   54   3.19512628e+05  2.39295360e+05  3.18e-04 2.09e-06  7.03e-03   426s
[2019-04-11 14:18:41] SOLVER   55   3.18660055e+05  2.39971318e+05  3.12e-04 2.05e-06  6.89e-03   432s
[2019-04-11 14:18:46] SOLVER   56   3.16504826e+05  2.40860581e+05  2.98e-04 1.99e-06  6.62e-03   437s
[2019-04-11 14:18:51] SOLVER   57   3.13314091e+05  2.41478311e+05  2.76e-04 1.95e-06  6.29e-03   442s
[2019-04-11 14:18:57] SOLVER   58   3.11953910e+05  2.42604809e+05  2.67e-04 1.96e-06  6.07e-03   448s
[2019-04-11 14:19:03] SOLVER   59   3.10553538e+05  2.43388849e+05  2.58e-04 2.03e-06  5.88e-03   454s
[2019-04-11 14:19:09] SOLVER   60   3.08852403e+05  2.44660010e+05  2.47e-04 1.96e-06  5.62e-03   460s
[2019-04-11 14:19:17] SOLVER   61   3.07477669e+05  2.45554170e+05  2.38e-04 1.91e-06  5.42e-03   468s
[2019-04-11 14:19:23] SOLVER   62   3.06453143e+05  2.46259448e+05  2.31e-04 1.87e-06  5.27e-03   474s
[2019-04-11 14:19:28] SOLVER   63   3.05610101e+05  2.47317806e+05  2.25e-04 1.81e-06  5.10e-03   479s
[2019-04-11 14:19:33] SOLVER   64   3.04860904e+05  2.47519723e+05  2.20e-04 1.80e-06  5.02e-03   484s
[2019-04-11 14:19:40] SOLVER   65   3.04046135e+05  2.48230826e+05  2.15e-04 1.75e-06  4.89e-03   490s
[2019-04-11 14:19:48] SOLVER   66   1.82950365e+08 -5.41610267e+09  2.94e+07 1.95e-01  2.14e+06   499s
[2019-04-11 14:19:55] SOLVER   67   1.73504585e+08 -5.93494770e+09  2.02e+07 7.18e+02  1.54e+06   506s
[2019-04-11 14:20:03] SOLVER   68   1.72035021e+08 -6.31895486e+09  1.91e+07 4.79e+02  1.28e+06   514s
[2019-04-11 14:20:09] SOLVER   69   1.67699042e+08 -6.74962395e+09  1.68e+07 4.39e+02  1.20e+06   520s
[2019-04-11 14:20:14] SOLVER   70   1.66747915e+08 -2.40264126e+10  1.63e+07 3.54e+02  1.18e+06   525s
[2019-04-11 14:20:19] SOLVER   71   1.46753295e+08 -3.08920731e+10  1.38e+07 3.02e+02  1.01e+06   530s
[2019-04-11 14:20:26] SOLVER   72   1.25735556e+08 -3.37846080e+10  1.19e+07 2.84e+02  8.76e+05   537s
[2019-04-11 14:20:34] SOLVER   73   1.11846182e+08 -9.96341214e+10  1.03e+07 1.52e+02  7.38e+05   545s
[2019-04-11 14:20:40] SOLVER   74   5.12170597e+07 -1.01747567e+11  3.69e+06 1.28e+02  3.08e+05   551s
[2019-04-11 14:20:45] SOLVER   75   2.30345811e+07 -9.65559228e+10  8.02e+05 1.04e+02  1.01e+05   556s
[2019-04-11 14:20:50] SOLVER   76   2.04784159e+07 -8.81483273e+10  5.44e+05 8.91e+01  7.63e+04   561s
[2019-04-11 14:20:57] SOLVER   77   1.74996187e+07 -7.25783543e+10  2.66e+05 6.54e+01  4.66e+04   568s
[2019-04-11 14:21:02] SOLVER   78   1.59926280e+07 -5.57658933e+10  1.17e+05 4.46e+01  2.75e+04   573s
[2019-04-11 14:21:08] SOLVER   79   1.52754008e+07 -2.85498277e+10  4.53e+04 1.65e+01  1.09e+04   579s
[2019-04-11 14:21:16] SOLVER   80   1.50666568e+07 -1.04062865e+10  1.15e+04 2.37e+00  2.35e+03   587s
[2019-04-11 14:21:23] SOLVER   81   1.49922331e+07 -2.68899096e+09  1.34e+03 2.77e-01  3.72e+02   594s
[2019-04-11 14:21:28] SOLVER   82   1.48144555e+07 -4.73402765e+08  1.10e+02 3.81e-02  5.67e+01   599s
[2019-04-11 14:21:33] SOLVER   83   1.36328955e+07 -1.63048893e+08  2.54e-08 1.12e-02  1.91e+01   604s
[2019-04-11 14:21:39] SOLVER   84   1.13001307e+07 -8.47101324e+07  2.10e-08 5.40e-03  9.97e+00   610s
[2019-04-11 14:21:45] SOLVER   85   8.65320163e+06 -6.19552840e+07  1.28e-08 3.83e-03  7.10e+00   616s
[2019-04-11 14:21:51] SOLVER   86   6.55550036e+06 -3.62926312e+07  7.10e-09 2.10e-03  4.16e+00   622s
[2019-04-11 14:21:59] SOLVER   87   4.75867024e+06 -1.85902494e+07  4.17e-09 1.08e-03  2.21e+00   630s
[2019-04-11 14:22:05] SOLVER   88   3.91865760e+06 -1.14348764e+07  3.05e-09 6.58e-04  1.43e+00   636s
[2019-04-11 14:22:11] SOLVER   89   3.23752309e+06 -7.46318804e+06  2.55e-09 4.35e-04  9.84e-01   642s
[2019-04-11 14:22:16] SOLVER   90   2.74647158e+06 -5.46598225e+06  1.98e-09 3.23e-04  7.48e-01   647s
[2019-04-11 14:22:22] SOLVER   91   2.44227863e+06 -5.30216945e+06  1.68e-09 3.13e-04  7.03e-01   653s
[2019-04-11 14:22:27] SOLVER   92   2.00799343e+06 -4.90930304e+06  1.21e-09 2.91e-04  6.24e-01   658s
[2019-04-11 14:22:33] SOLVER   93   1.73373119e+06 -2.87715000e+06  9.53e-10 1.78e-04  4.13e-01   664s
[2019-04-11 14:22:42] SOLVER   94   1.27197200e+06 -1.78940046e+06  5.44e-10 1.14e-04  2.72e-01   672s
[2019-04-11 14:22:48] SOLVER   95   1.08117884e+06 -1.18257114e+06  4.17e-10 7.80e-05  2.00e-01   679s
[2019-04-11 14:22:53] SOLVER   96   9.84502365e+05 -9.23622993e+05  3.60e-10 6.29e-05  1.69e-01   684s
[2019-04-11 14:22:58] SOLVER   97   8.88706190e+05 -6.16631138e+05  3.04e-10 4.48e-05  1.33e-01   689s
[2019-04-11 14:23:05] SOLVER   98   7.86545283e+05 -4.41619401e+05  2.48e-10 3.58e-05  1.08e-01   696s
[2019-04-11 14:23:10] SOLVER   99   6.78948286e+05 -2.80372326e+05  1.89e-10 2.83e-05  8.44e-02   701s
[2019-04-11 14:23:16] SOLVER   100   6.38659327e+05 -8.09665010e+04  1.70e-10 1.77e-05  6.32e-02   707s
[2019-04-11 14:23:24] SOLVER   101   5.62292755e+05 -6.16483203e+03  1.32e-10 1.36e-05  4.99e-02   715s
[2019-04-11 14:23:31] SOLVER   102   5.46116140e+05  5.62224197e+04  1.25e-10 1.06e-05  4.30e-02   722s
[2019-04-11 14:23:36] SOLVER   103   5.00056688e+05  7.58910889e+04  1.03e-10 9.49e-06  3.72e-02   727s
[2019-04-11 14:23:41] SOLVER   104   4.61403210e+05  9.67904870e+04  8.54e-11 8.49e-06  3.20e-02   732s
[2019-04-11 14:23:47] SOLVER   105   4.51640067e+05  1.26535953e+05  8.09e-11 7.05e-06  2.85e-02   738s
[2019-04-11 14:23:52] SOLVER   106   4.29079470e+05  1.47054450e+05  7.04e-11 5.95e-06  2.47e-02   743s
[2019-04-11 14:23:59] SOLVER   107   4.01840020e+05  1.68446964e+05  5.80e-11 4.81e-06  2.04e-02   750s
[2019-04-11 14:24:07] SOLVER   108   3.83553541e+05  1.87938822e+05  5.03e-11 3.84e-06  1.71e-02   757s
[2019-04-11 14:24:13] SOLVER   109   3.69073789e+05  1.97505667e+05  4.41e-11 3.41e-06  1.50e-02   764s
[2019-04-11 14:24:18] SOLVER   110   3.66107125e+05  2.02768317e+05  4.27e-11 3.15e-06  1.43e-02   769s
[2019-04-11 14:24:23] SOLVER   111   3.60646329e+05  2.05662966e+05  4.02e-11 3.00e-06  1.36e-02   774s
[2019-04-11 14:24:30] SOLVER   112   3.51455889e+05  2.13399521e+05  4.26e-11 2.66e-06  1.21e-02   781s
[2019-04-11 14:24:35] SOLVER   113   3.46763113e+05  2.16398088e+05  4.51e-11 2.51e-06  1.14e-02   786s
[2019-04-11 14:24:41] SOLVER   114   3.39160838e+05  2.22305322e+05  3.05e-11 2.25e-06  1.02e-02   792s
[2019-04-11 14:24:49] SOLVER   115   3.29376325e+05  2.26388159e+05  5.08e-11 2.06e-06  9.02e-03   800s
[2019-04-11 14:24:56] SOLVER   116   3.26979985e+05  2.29697895e+05  4.29e-11 1.91e-06  8.52e-03   807s
[2019-04-11 14:25:01] SOLVER   117   3.25391109e+05  2.30702577e+05  3.96e-11 1.87e-06  8.29e-03   812s
[2019-04-11 14:25:06] SOLVER   118   3.23687035e+05  2.31891981e+05  4.28e-11 1.81e-06  8.04e-03   817s
[2019-04-11 14:25:12] SOLVER   119   3.21407910e+05  2.35093705e+05  4.32e-11 1.67e-06  7.56e-03   823s
[2019-04-11 14:25:18] SOLVER   120   3.19052029e+05  2.36533930e+05  4.28e-11 1.61e-06  7.22e-03   829s
[2019-04-11 14:25:24] SOLVER   121   3.16542946e+05  2.38094618e+05  4.55e-11 1.54e-06  6.87e-03   835s
[2019-04-11 14:25:32] SOLVER   122   3.12867018e+05  2.41077919e+05  7.52e-11 1.41e-06  6.28e-03   843s
[2019-04-11 14:25:38] SOLVER   123   3.10020910e+05  2.43016727e+05  9.46e-11 1.32e-06  5.86e-03   849s
[2019-04-11 14:25:43] SOLVER   124   3.08804223e+05  2.44254923e+05  7.97e-11 1.26e-06  5.65e-03   854s
[2019-04-11 14:25:48] SOLVER   125   3.07845380e+05  2.44989940e+05  7.84e-11 1.23e-06  5.50e-03   859s
[2019-04-11 14:25:55] SOLVER   126   3.06303280e+05  2.46041016e+05  8.72e-11 1.18e-06  5.27e-03   866s
[2019-04-11 14:26:03] SOLVER   127   3.03986079e+05  2.48166341e+05  8.48e-11 1.08e-06  4.89e-03   874s
[2019-04-11 14:26:09] SOLVER   128   3.02152368e+05  2.50055556e+05  8.96e-11 9.99e-07  4.56e-03   880s
[2019-04-11 14:26:15] SOLVER   129   3.00917368e+05  2.50559853e+05  8.49e-11 9.74e-07  4.41e-03   886s
[2019-04-11 14:26:20] SOLVER   130   2.99963220e+05  2.50815457e+05  1.03e-10 9.62e-07  4.30e-03   891s
[2019-04-11 14:26:25] SOLVER   131   2.98824020e+05  2.51229448e+05  1.01e-10 9.44e-07  4.17e-03   896s
[2019-04-11 14:26:31] SOLVER   132   2.97406390e+05  2.52046503e+05  1.00e-10 9.07e-07  3.97e-03   902s
[2019-04-11 14:26:39] SOLVER   133   2.96317105e+05  2.52912760e+05  1.01e-10 8.69e-07  3.80e-03   910s
[2019-04-11 14:26:46] SOLVER   134   2.95045457e+05  2.53942883e+05  9.37e-11 8.23e-07  3.60e-03   917s
[2019-04-11 14:26:51] SOLVER   135   2.94549802e+05  2.54641145e+05  9.27e-11 7.92e-07  3.49e-03   922s
[2019-04-11 14:26:56] SOLVER   136   2.93958208e+05  2.54975792e+05  9.50e-11 7.77e-07  3.41e-03   927s
[2019-04-11 14:27:02] SOLVER   137   2.93190598e+05  2.55667072e+05  8.41e-11 7.47e-07  3.28e-03   933s
[2019-04-11 14:27:08] SOLVER   138   2.92753583e+05  2.56280876e+05  8.59e-11 7.19e-07  3.19e-03   939s
[2019-04-11 14:27:14] SOLVER   139   2.91820052e+05  2.56845797e+05  9.54e-11 6.95e-07  3.06e-03   945s
[2019-04-11 14:27:22] SOLVER   140   2.90878907e+05  2.58016009e+05  9.53e-11 6.44e-07  2.88e-03   953s
[2019-04-11 14:27:29] SOLVER   141   2.90040985e+05  2.58828530e+05  1.01e-10 6.08e-07  2.73e-03   960s
[2019-04-11 14:27:34] SOLVER   142   2.89347704e+05  2.59076483e+05  9.77e-11 5.97e-07  2.65e-03   965s
[2019-04-11 14:27:39] SOLVER   143   2.88884028e+05  2.59843128e+05  9.83e-11 5.63e-07  2.54e-03   970s
[2019-04-11 14:27:45] SOLVER   144   2.87774157e+05  2.60508901e+05  9.07e-11 5.34e-07  2.39e-03   976s
[2019-04-11 14:27:51] SOLVER   145   2.87109423e+05  2.61216415e+05  9.01e-11 5.03e-07  2.27e-03   982s
[2019-04-11 14:27:57] SOLVER   146   2.86775291e+05  2.61680548e+05  8.58e-11 4.82e-07  2.20e-03   988s
[2019-04-11 14:28:05] SOLVER   147   2.85745568e+05  2.63526090e+05  9.79e-11 4.01e-07  1.94e-03   996s
[2019-04-11 14:28:11] SOLVER   148   2.84876694e+05  2.63614814e+05  1.21e-10 3.96e-07  1.86e-03  1002s
[2019-04-11 14:28:17] SOLVER   149   2.84419724e+05  2.64010912e+05  1.22e-10 3.78e-07  1.79e-03  1008s
[2019-04-11 14:28:22] SOLVER   150   2.84141793e+05  2.64301978e+05  1.23e-10 3.65e-07  1.74e-03  1013s
[2019-04-11 14:28:28] SOLVER   151   2.83679991e+05  2.64846847e+05  1.18e-10 3.40e-07  1.65e-03  1019s
[2019-04-11 14:28:34] SOLVER   152   2.83450040e+05  2.65155769e+05  1.18e-10 3.26e-07  1.60e-03  1025s
[2019-04-11 14:28:40] SOLVER   153   2.82866312e+05  2.65291108e+05  1.29e-10 3.20e-07  1.54e-03  1031s
[2019-04-11 14:28:48] SOLVER   154   2.82365980e+05  2.65876732e+05  1.04e-10 2.93e-07  1.44e-03  1039s
[2019-04-11 14:28:54] SOLVER   155   2.81873440e+05  2.66165430e+05  1.05e-10 2.80e-07  1.37e-03  1045s
[2019-04-11 14:29:00] SOLVER   156   2.81551350e+05  2.66384470e+05  9.42e-11 2.70e-07  1.33e-03  1051s
[2019-04-11 14:29:05] SOLVER   157   2.81331802e+05  2.66634517e+05  9.26e-11 2.59e-07  1.29e-03  1056s
[2019-04-11 14:29:11] SOLVER   158   2.81196430e+05  2.66825373e+05  9.52e-11 2.50e-07  1.26e-03  1062s
[2019-04-11 14:29:17] SOLVER   159   2.80851326e+05  2.66924906e+05  1.02e-10 2.45e-07  1.22e-03  1068s
[2019-04-11 14:29:23] SOLVER   160   2.80527063e+05  2.67228903e+05  7.89e-11 2.32e-07  1.16e-03  1074s
[2019-04-11 14:29:31] SOLVER   161   2.80003741e+05  2.67458617e+05  2.16e-10 2.21e-07  1.10e-03  1082s
[2019-04-11 14:29:37] SOLVER   162   2.79796547e+05  2.67606797e+05  2.09e-10 2.15e-07  1.07e-03  1088s
[2019-04-11 14:29:43] SOLVER   163   2.79637798e+05  2.67713743e+05  2.02e-10 2.10e-07  1.04e-03  1094s
[2019-04-11 14:29:48] SOLVER   164   2.79521795e+05  2.67876762e+05  2.49e-10 2.03e-07  1.02e-03  1099s
[2019-04-11 14:29:54] SOLVER   165   2.79120606e+05  2.68135807e+05  4.26e-10 1.91e-07  9.61e-04  1105s
[2019-04-11 14:29:59] SOLVER   166   2.79046199e+05  2.68318095e+05  4.31e-10 1.83e-07  9.39e-04  1110s
[2019-04-11 14:30:06] SOLVER   167   2.78853094e+05  2.68348586e+05  4.48e-10 1.81e-07  9.19e-04  1117s
[2019-04-11 14:30:13] SOLVER   168   2.78776715e+05  2.68527098e+05  4.91e-10 1.74e-07  8.97e-04  1124s
[2019-04-11 14:30:22] SOLVER   169   2.78467048e+05  2.68921027e+05  7.63e-10 1.57e-07  8.35e-04  1133s
[2019-04-11 14:30:30] SOLVER   170   2.78354243e+05  2.69214100e+05  8.26e-10 1.45e-07  8.00e-04  1141s
[2019-04-11 14:30:37] SOLVER   171   2.78139919e+05  2.69329685e+05  9.70e-10 1.40e-07  7.71e-04  1148s
[2019-04-11 14:30:42] SOLVER   172   2.78058486e+05  2.69354763e+05  9.82e-10 1.39e-07  7.62e-04  1153s
[2019-04-11 14:30:47] SOLVER   173   2.77977484e+05  2.69409905e+05  9.51e-10 1.37e-07  7.50e-04  1158s
[2019-04-11 14:30:52] SOLVER   174   2.77896347e+05  2.69526075e+05  9.01e-10 1.32e-07  7.32e-04  1163s
[2019-04-11 14:30:57] SOLVER   175   2.77704631e+05  2.69580365e+05  7.37e-10 1.30e-07  7.11e-04  1168s
[2019-04-11 14:31:03] SOLVER   176   2.77649883e+05  2.69665655e+05  7.62e-10 1.26e-07  6.99e-04  1174s
[2019-04-11 14:31:08] SOLVER   177   2.77489206e+05  2.69703026e+05  9.70e-10 1.24e-07  6.81e-04  1179s
[2019-04-11 14:31:14] SOLVER   178   2.77425659e+05  2.69745801e+05  9.88e-10 1.23e-07  6.72e-04  1185s
[2019-04-11 14:31:19] SOLVER   179   2.77360702e+05  2.69860845e+05  9.38e-10 1.18e-07  6.56e-04  1190s
[2019-04-11 14:31:25] SOLVER   180   2.77241317e+05  2.69890568e+05  1.06e-09 1.17e-07  6.43e-04  1196s
[2019-04-11 14:31:33] SOLVER   181   2.77170842e+05  2.69957271e+05  1.11e-09 1.14e-07  6.31e-04  1204s
[2019-04-11 14:31:40] SOLVER   182   2.77093028e+05  2.70034478e+05  1.06e-09 1.11e-07  6.18e-04  1211s
[2019-04-11 14:31:45] SOLVER   183   2.76974862e+05  2.70084716e+05  1.07e-09 1.09e-07  6.03e-04  1216s
[2019-04-11 14:31:50] SOLVER   184   2.76904752e+05  2.70115552e+05  1.11e-09 1.07e-07  5.94e-04  1221s
[2019-04-11 14:31:56] SOLVER   185   2.76719459e+05  2.70293351e+05  1.09e-09 1.00e-07  5.62e-04  1227s
[2019-04-11 14:32:01] SOLVER   186   2.76565545e+05  2.70349800e+05  8.87e-10 9.80e-08  5.44e-04  1232s
[2019-04-11 14:32:07] SOLVER   187   2.76384838e+05  2.70402944e+05  8.58e-10 9.59e-08  5.23e-04  1238s
[2019-04-11 14:32:15] SOLVER   188   2.76175864e+05  2.70540275e+05  8.60e-10 9.05e-08  4.93e-04  1246s
[2019-04-11 14:32:21] SOLVER   189   2.75980111e+05  2.70737824e+05  7.32e-10 8.25e-08  4.59e-04  1252s
[2019-04-11 14:32:26] SOLVER   190   2.75888518e+05  2.70819161e+05  7.61e-10 7.89e-08  4.44e-04  1257s
[2019-04-11 14:32:31] SOLVER   191   2.75780369e+05  2.70862907e+05  9.17e-10 7.72e-08  4.30e-04  1262s
[2019-04-11 14:32:37] SOLVER   192   2.75665478e+05  2.70937003e+05  7.90e-10 7.42e-08  4.14e-04  1268s
[2019-04-11 14:32:42] SOLVER   193   2.75511703e+05  2.70974184e+05  7.34e-10 7.27e-08  3.97e-04  1273s
[2019-04-11 14:32:48] SOLVER   194   2.75477719e+05  2.71040530e+05  7.65e-10 7.01e-08  3.88e-04  1279s
[2019-04-11 14:32:56] SOLVER   195   2.75373684e+05  2.71143982e+05  9.50e-10 6.60e-08  3.70e-04  1287s
[2019-04-11 14:33:02] SOLVER   196   2.75226742e+05  2.71208204e+05  1.10e-09 6.35e-08  3.52e-04  1293s
[2019-04-11 14:33:07] SOLVER   197   2.75173746e+05  2.71265810e+05  1.05e-09 6.12e-08  3.42e-04  1298s
[2019-04-11 14:33:12] SOLVER   198   2.75129387e+05  2.71307071e+05  1.01e-09 5.96e-08  3.34e-04  1303s
[2019-04-11 14:33:18] SOLVER   199   2.75080042e+05  2.71362956e+05  8.10e-10 5.74e-08  3.25e-04  1309s
[2019-04-11 14:33:23] SOLVER   200   2.75041145e+05  2.71397822e+05  6.58e-10 5.61e-08  3.19e-04  1314s
[2019-04-11 14:33:29] SOLVER   201   2.74947374e+05  2.71433266e+05  7.35e-10 5.47e-08  3.07e-04  1320s
[2019-04-11 14:33:37] SOLVER   202   2.74888377e+05  2.71481066e+05  6.53e-10 5.28e-08  2.98e-04  1328s
[2019-04-11 14:33:43] SOLVER   203   2.74837528e+05  2.71521490e+05  7.59e-10 5.11e-08  2.90e-04  1334s
[2019-04-11 14:33:48] SOLVER   204   2.74802501e+05  2.71549034e+05  6.97e-10 5.00e-08  2.85e-04  1339s
[2019-04-11 14:33:53] SOLVER   205   2.74793688e+05  2.71564072e+05  6.93e-10 4.94e-08  2.83e-04  1344s
[2019-04-11 14:33:59] SOLVER   206   2.74702433e+05  2.71583217e+05  6.70e-10 4.87e-08  2.73e-04  1350s
[2019-04-11 14:34:04] SOLVER   207   2.74642262e+05  2.71590466e+05  6.08e-10 4.84e-08  2.67e-04  1355s
[2019-04-11 14:34:10] SOLVER   208   2.74625815e+05  2.71626853e+05  6.03e-10 4.69e-08  2.62e-04  1361s
[2019-04-11 14:34:18] SOLVER   209   2.74608682e+05  2.71635761e+05  7.77e-10 4.66e-08  2.60e-04  1369s
[2019-04-11 14:34:24] SOLVER   210   2.74532207e+05  2.71666789e+05  9.01e-10 4.53e-08  2.51e-04  1375s
[2019-04-11 14:34:29] SOLVER   211   2.74475258e+05  2.71672840e+05  9.90e-10 4.51e-08  2.45e-04  1380s
[2019-04-11 14:34:34] SOLVER   212   2.74464439e+05  2.71703318e+05  1.04e-09 4.39e-08  2.42e-04  1385s
[2019-04-11 14:34:40] SOLVER   213   2.74409600e+05  2.71741280e+05  2.05e-09 4.24e-08  2.33e-04  1391s
[2019-04-11 14:34:45] SOLVER   214   2.74372943e+05  2.71773234e+05  2.11e-09 4.12e-08  2.27e-04  1396s
[2019-04-11 14:34:51] SOLVER   215   2.74351622e+05  2.71801459e+05  2.21e-09 4.00e-08  2.23e-04  1402s
[2019-04-11 14:34:58] SOLVER   216   2.74310834e+05  2.71828229e+05  1.91e-09 3.90e-08  2.17e-04  1409s
[2019-04-11 14:35:05] SOLVER   217   2.74251137e+05  2.71906766e+05  1.84e-09 3.56e-08  2.05e-04  1416s
[2019-04-11 14:35:12] SOLVER   218   2.74246453e+05  2.71917388e+05  1.79e-09 3.52e-08  2.04e-04  1423s
[2019-04-11 14:35:18] SOLVER   219   2.74197173e+05  2.71957194e+05  1.91e-09 3.37e-08  1.96e-04  1429s
[2019-04-11 14:35:23] SOLVER   220   2.74131462e+05  2.71958484e+05  1.69e-09 3.37e-08  1.90e-04  1434s
[2019-04-11 14:35:28] SOLVER   221   2.74097653e+05  2.71981818e+05  1.60e-09 3.28e-08  1.85e-04  1439s
[2019-04-11 14:35:33] SOLVER   222   2.74073014e+05  2.71996597e+05  1.58e-09 3.22e-08  1.82e-04  1444s
[2019-04-11 14:35:39] SOLVER   223   2.74009176e+05  2.72047000e+05  1.13e-09 3.03e-08  1.72e-04  1450s
[2019-04-11 14:35:44] SOLVER   224   2.73978692e+05  2.72063825e+05  1.12e-09 2.97e-08  1.68e-04  1455s
[2019-04-11 14:35:51] SOLVER   225   2.73959803e+05  2.72076125e+05  8.88e-10 2.92e-08  1.65e-04  1461s
[2019-04-11 14:35:58] SOLVER   226   2.73918637e+05  2.72098779e+05  9.82e-10 2.84e-08  1.59e-04  1469s
[2019-04-11 14:36:04] SOLVER   227   2.73869536e+05  2.72123458e+05  7.77e-10 2.75e-08  1.53e-04  1475s
[2019-04-11 14:36:09] SOLVER   228   2.73817194e+05  2.72138994e+05  6.51e-10 2.70e-08  1.47e-04  1480s
[2019-04-11 14:36:14] SOLVER   229   2.73796579e+05  2.72160581e+05  7.20e-10 2.62e-08  1.43e-04  1485s
[2019-04-11 14:36:20] SOLVER   230   2.73739649e+05  2.72183519e+05  6.06e-10 2.53e-08  1.36e-04  1491s
[2019-04-11 14:36:25] SOLVER   231   2.73716125e+05  2.72208427e+05  6.30e-10 2.44e-08  1.32e-04  1496s
[2019-04-11 14:36:32] SOLVER   232   2.73705918e+05  2.72244073e+05  6.32e-10 2.31e-08  1.28e-04  1503s
[2019-04-11 14:36:39] SOLVER   233   2.73683836e+05  2.72276045e+05  5.91e-10 2.20e-08  1.23e-04  1510s
[2019-04-11 14:36:45] SOLVER   234   2.73657709e+05  2.72284501e+05  5.88e-10 2.17e-08  1.20e-04  1516s
[2019-04-11 14:36:50] SOLVER   235   2.73628425e+05  2.72296454e+05  5.92e-10 2.13e-08  1.17e-04  1521s
[2019-04-11 14:36:55] SOLVER   236   2.73600030e+05  2.72313953e+05  6.24e-10 2.07e-08  1.13e-04  1526s
[2019-04-11 14:37:01] SOLVER   237   2.73572193e+05  2.72339564e+05  6.88e-10 1.98e-08  1.08e-04  1532s
[2019-04-11 14:37:06] SOLVER   238   2.73557475e+05  2.72385411e+05  7.04e-10 1.82e-08  1.03e-04  1537s
[2019-04-11 14:37:13] SOLVER   239   2.73518399e+05  2.72397758e+05  1.37e-09 1.78e-08  9.81e-05  1544s
[2019-04-11 14:37:21] SOLVER   240   2.73514211e+05  2.72405024e+05  1.40e-09 1.76e-08  9.71e-05  1552s
[2019-04-11 14:37:27] SOLVER   241   2.73494360e+05  2.72414631e+05  1.64e-09 1.73e-08  9.45e-05  1558s
[2019-04-11 14:37:32] SOLVER   242   2.73487065e+05  2.72423813e+05  1.74e-09 1.69e-08  9.30e-05  1563s
[2019-04-11 14:37:37] SOLVER   243   2.73483063e+05  2.72428774e+05  1.75e-09 1.67e-08  9.22e-05  1568s
[2019-04-11 14:37:44] SOLVER   244   2.73453075e+05  2.72459436e+05  1.55e-09 1.57e-08  8.69e-05  1575s
[2019-04-11 14:37:51] SOLVER   245   2.73424760e+05  2.72476890e+05  1.26e-09 1.50e-08  8.29e-05  1582s
[2019-04-11 14:37:57] SOLVER   246   2.73405125e+05  2.72491406e+05  1.02e-09 1.45e-08  7.99e-05  1588s
[2019-04-11 14:38:03] SOLVER   247   2.73400182e+05  2.72497875e+05  1.04e-09 1.43e-08  7.89e-05  1594s
[2019-04-11 14:38:08] SOLVER   248   2.73389008e+05  2.72500911e+05  1.18e-09 1.42e-08  7.77e-05  1599s
[2019-04-11 14:38:14] SOLVER   249   2.73384118e+05  2.72524868e+05  1.20e-09 1.33e-08  7.52e-05  1605s
[2019-04-11 14:38:19] SOLVER   250   2.73371192e+05  2.72535612e+05  9.71e-10 1.29e-08  7.31e-05  1610s
[2019-04-11 14:38:26] SOLVER   251   2.73355797e+05  2.72550285e+05  1.27e-09 1.24e-08  7.05e-05  1617s
[2019-04-11 14:38:32] SOLVER   252   2.73341887e+05  2.72557056e+05  1.08e-09 1.22e-08  6.87e-05  1623s
[2019-04-11 14:38:42] SOLVER   253   2.73328058e+05  2.72568478e+05  1.39e-09 1.18e-08  6.65e-05  1633s
[2019-04-11 14:38:50] SOLVER   254   2.73312946e+05  2.72578306e+05  1.24e-09 1.15e-08  6.43e-05  1641s
[2019-04-11 14:38:56] SOLVER   255   2.73298384e+05  2.72594325e+05  1.33e-09 1.09e-08  6.16e-05  1647s
[2019-04-11 14:39:02] SOLVER   256   2.73292526e+05  2.72597394e+05  1.38e-09 1.08e-08  6.08e-05  1653s
[2019-04-11 14:39:07] SOLVER   257   2.73283981e+05  2.72601885e+05  1.35e-09 1.07e-08  5.97e-05  1658s
[2019-04-11 14:39:12] SOLVER   258   2.73282646e+05  2.72605977e+05  1.35e-09 1.05e-08  5.92e-05  1663s
[2019-04-11 14:39:17] SOLVER   259   2.73268767e+05  2.72613244e+05  1.35e-09 1.03e-08  5.74e-05  1668s
[2019-04-11 14:39:23] SOLVER   260   2.73265192e+05  2.72619849e+05  1.33e-09 1.00e-08  5.65e-05  1674s
[2019-04-11 14:39:28] SOLVER   261   2.73251893e+05  2.72628156e+05  1.46e-09 9.70e-09  5.46e-05  1679s
[2019-04-11 14:39:35] SOLVER   262   2.73231248e+05  2.72641319e+05  1.74e-09 9.24e-09  5.16e-05  1686s
[2019-04-11 14:39:42] SOLVER   263   2.73219228e+05  2.72654528e+05  2.01e-09 8.77e-09  4.94e-05  1693s
[2019-04-11 14:39:49] SOLVER   264   2.73215841e+05  2.72662949e+05  2.26e-09 8.47e-09  4.84e-05  1700s
[2019-04-11 14:39:54] SOLVER   265   2.73208086e+05  2.72669791e+05  2.07e-09 8.22e-09  4.71e-05  1705s
[2019-04-11 14:40:00] SOLVER   266   2.73203118e+05  2.72674967e+05  2.11e-09 8.03e-09  4.62e-05  1711s
[2019-04-11 14:40:07] SOLVER   267   2.73191155e+05  2.72680922e+05  2.30e-09 7.81e-09  4.46e-05  1718s
[2019-04-11 14:40:14] SOLVER   268   2.73186099e+05  2.72684708e+05  2.07e-09 7.68e-09  4.39e-05  1725s
[2019-04-11 14:40:20] SOLVER   269   2.73179432e+05  2.72689252e+05  2.11e-09 7.52e-09  4.29e-05  1731s
[2019-04-11 14:40:25] SOLVER   270   2.73178454e+05  2.72691914e+05  2.12e-09 7.42e-09  4.26e-05  1736s
[2019-04-11 14:40:31] SOLVER   271   2.73163897e+05  2.72697032e+05  2.06e-09 7.24e-09  4.08e-05  1742s
[2019-04-11 14:40:37] SOLVER   272   2.73160869e+05  2.72702915e+05  1.93e-09 7.02e-09  4.01e-05  1748s
[2019-04-11 14:40:44] SOLVER   273   2.73152952e+05  2.72706574e+05  1.86e-09 6.89e-09  3.91e-05  1755s
[2019-04-11 14:40:49] SOLVER   274   2.73147696e+05  2.72710728e+05  1.66e-09 6.73e-09  3.82e-05  1760s
[2019-04-11 14:40:56] SOLVER   275   2.73146462e+05  2.72711737e+05  1.67e-09 6.70e-09  3.80e-05  1767s
[2019-04-11 14:41:04] SOLVER   276   2.73135445e+05  2.72722019e+05  1.94e-09 6.30e-09  3.62e-05  1775s
[2019-04-11 14:41:10] SOLVER   277   2.73126079e+05  2.72725371e+05  2.02e-09 6.17e-09  3.51e-05  1781s
[2019-04-11 14:41:16] SOLVER   278   2.73121993e+05  2.72726673e+05  2.24e-09 6.12e-09  3.46e-05  1787s
[2019-04-11 14:41:21] SOLVER   279   2.73114334e+05  2.72732989e+05  2.72e-09 5.88e-09  3.34e-05  1792s
[2019-04-11 14:41:27] SOLVER   280   2.73106034e+05  2.72739218e+05  2.45e-09 5.65e-09  3.21e-05  1798s
[2019-04-11 14:41:33] SOLVER   281   2.73098383e+05  2.72742441e+05  3.08e-09 5.52e-09  3.11e-05  1804s
[2019-04-11 14:41:40] SOLVER   282   2.73089668e+05  2.72747746e+05  3.80e-09 5.33e-09  2.99e-05  1811s
[2019-04-11 14:41:48] SOLVER   283   2.73082113e+05  2.72757499e+05  4.03e-09 4.97e-09  2.84e-05  1819s
[2019-04-11 14:41:54] SOLVER   284   2.73076544e+05  2.72763222e+05  3.75e-09 4.76e-09  2.74e-05  1825s
[2019-04-11 14:41:59] SOLVER   285   2.73072943e+05  2.72764929e+05  3.77e-09 4.70e-09  2.70e-05  1830s
[2019-04-11 14:42:04] SOLVER   286   2.73070774e+05  2.72767221e+05  3.80e-09 4.61e-09  2.66e-05  1835s
[2019-04-11 14:42:10] SOLVER   287   2.73063575e+05  2.72771824e+05  2.99e-09 4.44e-09  2.55e-05  1841s
[2019-04-11 14:42:18] SOLVER   288   2.73056323e+05  2.72778803e+05  2.82e-09 4.19e-09  2.43e-05  1849s
[2019-04-11 14:42:24] SOLVER   289   2.73050668e+05  2.72782698e+05  3.08e-09 4.05e-09  2.34e-05  1855s
[2019-04-11 14:42:29] SOLVER   290   2.73047255e+05  2.72785187e+05  3.02e-09 3.96e-09  2.29e-05  1860s
[2019-04-11 14:42:34] SOLVER   291   2.73044534e+05  2.72788523e+05  3.04e-09 3.84e-09  2.24e-05  1865s
[2019-04-11 14:42:39] SOLVER   292   2.73041853e+05  2.72791588e+05  3.53e-09 3.73e-09  2.19e-05  1870s
[2019-04-11 14:42:46] SOLVER   293   2.73036263e+05  2.72796556e+05  6.05e-09 3.55e-09  2.10e-05  1877s
[2019-04-11 14:42:53] SOLVER   294   2.73030343e+05  2.72798963e+05  9.57e-09 3.46e-09  2.02e-05  1884s
[2019-04-11 14:43:00] SOLVER   295   2.73023030e+05  2.72801661e+05  1.17e-08 3.37e-09  1.94e-05  1891s
[2019-04-11 14:43:05] SOLVER   296   2.73020314e+05  2.72804005e+05  1.19e-08 3.29e-09  1.89e-05  1896s
[2019-04-11 14:43:11] SOLVER   297   2.73014308e+05  2.72808006e+05  1.22e-08 3.14e-09  1.81e-05  1902s
[2019-04-11 14:43:19] SOLVER   298   2.73008935e+05  2.72812931e+05  7.83e-09 2.97e-09  1.71e-05  1910s
[2019-04-11 14:43:25] SOLVER   299   2.73003164e+05  2.72818464e+05  5.89e-09 2.77e-09  1.62e-05  1916s
[2019-04-11 14:43:31] SOLVER   300   2.73001320e+05  2.72820202e+05  6.24e-09 2.71e-09  1.58e-05  1922s
[2019-04-11 14:43:37] SOLVER   301   2.72995614e+05  2.72822401e+05  6.68e-09 2.63e-09  1.52e-05  1928s
[2019-04-11 14:43:43] SOLVER   302   2.72991480e+05  2.72824274e+05  6.38e-09 2.56e-09  1.46e-05  1934s
[2019-04-11 14:43:48] SOLVER   303   2.72989299e+05  2.72827038e+05  7.35e-09 2.46e-09  1.42e-05  1939s
[2019-04-11 14:43:55] SOLVER   304   2.72985858e+05  2.72829780e+05  7.81e-09 2.36e-09  1.37e-05  1946s
[2019-04-11 14:44:03] SOLVER   305   2.72979380e+05  2.72833002e+05  9.14e-09 2.38e-09  1.28e-05  1954s
[2019-04-11 14:44:10] SOLVER   306   2.72977591e+05  2.72835221e+05  9.72e-09 2.41e-09  1.25e-05  1961s
[2019-04-11 14:44:16] SOLVER   307   2.72975427e+05  2.72837168e+05  8.50e-09 2.44e-09  1.21e-05  1967s
[2019-04-11 14:44:21] SOLVER   308   2.72973946e+05  2.72837866e+05  8.82e-09 2.44e-09  1.19e-05  1972s
[2019-04-11 14:44:28] SOLVER   309   2.72972862e+05  2.72838149e+05  7.94e-09 2.45e-09  1.18e-05  1979s
[2019-04-11 14:44:36] SOLVER   310   2.72971043e+05  2.72839967e+05  7.59e-09 2.45e-09  1.15e-05  1987s
[2019-04-11 14:44:43] SOLVER   311   2.72969039e+05  2.72840576e+05  7.94e-09 2.46e-09  1.12e-05  1994s
[2019-04-11 14:44:48] SOLVER   312   2.72966472e+05  2.72841953e+05  9.21e-09 2.45e-09  1.09e-05  1999s
[2019-04-11 14:44:53] SOLVER   313   2.72965895e+05  2.72842679e+05  9.08e-09 2.45e-09  1.08e-05  2004s
[2019-04-11 14:44:59] SOLVER   314   2.72965275e+05  2.72844275e+05  8.72e-09 2.42e-09  1.06e-05  2010s
[2019-04-11 14:45:07] SOLVER   315   2.72964112e+05  2.72845605e+05  7.41e-09 2.44e-09  1.04e-05  2018s
[2019-04-11 14:45:14] SOLVER   316   2.72961840e+05  2.72847747e+05  6.93e-09 2.43e-09  9.98e-06  2025s
[2019-04-11 14:45:19] SOLVER   317   2.72960810e+05  2.72848866e+05  6.49e-09 2.41e-09  9.79e-06  2030s
[2019-04-11 14:45:24] SOLVER   318   2.72959559e+05  2.72850123e+05  6.32e-09 2.34e-09  9.58e-06  2035s
[2019-04-11 14:45:31] SOLVER   319   2.72957700e+05  2.72852252e+05  7.38e-09 2.22e-09  9.23e-06  2042s
[2019-04-11 14:45:40] SOLVER   320   2.72955117e+05  2.72854729e+05  8.79e-09 2.09e-09  8.78e-06  2051s
[2019-04-11 14:45:46] SOLVER   321   2.72952634e+05  2.72855793e+05  9.87e-09 2.04e-09  8.47e-06  2057s
[2019-04-11 14:45:52] SOLVER   322   2.72952089e+05  2.72857038e+05  8.97e-09 1.97e-09  8.32e-06  2063s
[2019-04-11 14:45:59] SOLVER   323   2.72951017e+05  2.72857425e+05  8.80e-09 1.95e-09  8.19e-06  2070s
[2019-04-11 14:46:06] SOLVER   324   2.72949759e+05  2.72859235e+05  8.59e-09 1.86e-09  7.92e-06  2077s
[2019-04-11 14:46:17] SOLVER   325   2.72946990e+05  2.72861397e+05  8.16e-09 1.75e-09  7.49e-06  2088s
[2019-04-11 14:46:25] SOLVER   326   2.72946437e+05  2.72862457e+05  8.33e-09 1.70e-09  7.35e-06  2096s
[2019-04-11 14:46:31] SOLVER   327   2.72943722e+05  2.72863494e+05  7.88e-09 1.64e-09  7.02e-06  2102s
[2019-04-11 14:46:38] SOLVER   328   2.72941778e+05  2.72864428e+05  7.56e-09 1.60e-09  6.77e-06  2109s
[2019-04-11 14:46:44] SOLVER   329   2.72941363e+05  2.72864591e+05  7.49e-09 1.59e-09  6.72e-06  2115s
[2019-04-11 14:46:53] SOLVER   330   2.72940251e+05  2.72865136e+05  7.31e-09 1.56e-09  6.57e-06  2124s
[2019-04-11 14:47:01] SOLVER   331   2.72937221e+05  2.72866808e+05  6.89e-09 1.03e-09  6.16e-06  2132s
[2019-04-11 14:47:09] SOLVER   332   2.72935758e+05  2.72868221e+05  6.74e-09 9.84e-10  5.91e-06  2140s
[2019-04-11 14:47:15] SOLVER   333   2.72934012e+05  2.72868769e+05  6.44e-09 9.65e-10  5.71e-06  2146s
[2019-04-11 14:47:23] SOLVER   334   2.72932398e+05  2.72869877e+05  6.25e-09 9.26e-10  5.47e-06  2154s
[2019-04-11 14:47:32] SOLVER   335   2.72930928e+05  2.72870897e+05  6.07e-09 8.90e-10  5.25e-06  2163s
[2019-04-11 14:47:39] SOLVER   336   2.72929986e+05  2.72872581e+05  5.89e-09 8.30e-10  5.02e-06  2170s
[2019-04-11 14:47:46] SOLVER   337   2.72928284e+05  2.72873129e+05  5.60e-09 8.10e-10  4.83e-06  2177s
[2019-04-11 14:47:52] SOLVER   338   2.72927780e+05  2.72873549e+05  5.51e-09 7.95e-10  4.75e-06  2183s
[2019-04-11 14:48:01] SOLVER   339   2.72926289e+05  2.72874631e+05  5.26e-09 7.57e-10  4.52e-06  2192s
[2019-04-11 14:48:11] SOLVER   340   2.72924316e+05  2.72876141e+05  4.93e-09 7.03e-10  4.22e-06  2202s
[2019-04-11 14:48:20] SOLVER   341   2.72921675e+05  2.72877067e+05  4.49e-09 6.70e-10  3.90e-06  2211s
[2019-04-11 14:48:26] SOLVER   342   2.72920939e+05  2.72877774e+05  4.37e-09 6.44e-10  3.78e-06  2217s
[2019-04-11 14:48:32] SOLVER   343   2.72920399e+05  2.72878271e+05  4.27e-09 6.26e-10  3.69e-06  2223s
[2019-04-11 14:48:39] SOLVER   344   2.72920110e+05  2.72878812e+05  4.22e-09 6.07e-10  3.61e-06  2230s
[2019-04-11 14:48:46] SOLVER   345   2.72919055e+05  2.72880473e+05  3.89e-09 5.47e-10  3.38e-06  2237s
[2019-04-11 14:48:55] SOLVER   346   2.72917639e+05  2.72881151e+05  3.65e-09 5.21e-10  3.19e-06  2246s
[2019-04-11 14:49:08] SOLVER   347   2.72915588e+05  2.72881873e+05  3.32e-09 4.94e-10  2.95e-06  2259s
[2019-04-11 14:49:17] SOLVER   348   2.72914180e+05  2.72882363e+05  2.77e-09 4.76e-10  2.78e-06  2268s
[2019-04-11 14:49:25] SOLVER   349   2.72913906e+05  2.72882980e+05  2.73e-09 4.54e-10  2.71e-06  2276s
[2019-04-11 14:49:32] SOLVER   350   2.72912966e+05  2.72883193e+05  2.59e-09 4.47e-10  2.61e-06  2283s
[2019-04-11 14:49:38] SOLVER   351   2.72912643e+05  2.72883514e+05  2.54e-09 4.35e-10  2.55e-06  2289s
[2019-04-11 14:49:45] SOLVER   352   2.72912392e+05  2.72883883e+05  2.50e-09 4.22e-10  2.49e-06  2296s
[2019-04-11 14:49:51] SOLVER   353   2.72911941e+05  2.72884240e+05  2.43e-09 4.10e-10  2.42e-06  2302s
[2019-04-11 14:49:58] SOLVER   354   2.72911420e+05  2.72884490e+05  2.35e-09 4.01e-10  2.36e-06  2309s
[2019-04-11 14:50:04] SOLVER   355   2.72910908e+05  2.72884820e+05  2.28e-09 3.89e-10  2.28e-06  2315s
[2019-04-11 14:50:12] SOLVER   356   2.72909671e+05  2.72885469e+05  2.10e-09 3.67e-10  2.12e-06  2323s
[2019-04-11 14:50:19] SOLVER   357   2.72909370e+05  2.72885807e+05  2.05e-09 3.55e-10  2.06e-06  2330s
[2019-04-11 14:50:27] SOLVER   358   2.72908504e+05  2.72886458e+05  1.92e-09 3.31e-10  1.93e-06  2338s
[2019-04-11 14:50:37] SOLVER   359   2.72907936e+05  2.72886916e+05  1.84e-09 3.15e-10  1.84e-06  2348s
[2019-04-11 14:50:46] SOLVER   360   2.72907789e+05  2.72887314e+05  1.82e-09 3.01e-10  1.79e-06  2357s
[2019-04-11 14:50:52] SOLVER   361   2.72907475e+05  2.72887551e+05  1.77e-09 2.91e-10  1.74e-06  2363s
[2019-04-11 14:50:59] SOLVER   362   2.72907108e+05  2.72887826e+05  1.71e-09 2.81e-10  1.69e-06  2370s
[2019-04-11 14:51:07] SOLVER   363   2.72906497e+05  2.72888345e+05  1.62e-09 2.63e-10  1.59e-06  2378s
[2019-04-11 14:51:13] SOLVER   364   2.72906114e+05  2.72888547e+05  1.57e-09 2.56e-10  1.54e-06  2384s
[2019-04-11 14:51:22] SOLVER   365   2.72905790e+05  2.72888867e+05  1.52e-09 2.45e-10  1.48e-06  2393s
[2019-04-11 14:51:31] SOLVER   366   2.72905509e+05  2.72889323e+05  1.48e-09 2.28e-10  1.42e-06  2402s
[2019-04-11 14:51:40] SOLVER   367   2.72905008e+05  2.72889529e+05  1.41e-09 2.21e-10  1.35e-06  2411s
[2019-04-11 14:51:46] SOLVER   368   2.72904712e+05  2.72889635e+05  1.36e-09 2.17e-10  1.32e-06  2417s
[2019-04-11 14:51:53] SOLVER   369   2.72904493e+05  2.72889826e+05  1.33e-09 2.10e-10  1.28e-06  2424s
[2019-04-11 14:51:59] SOLVER   370   2.72904211e+05  2.72889938e+05  1.29e-09 2.06e-10  1.25e-06  2430s
[2019-04-11 14:52:07] SOLVER   371   2.72903995e+05  2.72890135e+05  1.30e-09 1.99e-10  1.21e-06  2438s
[2019-04-11 14:52:17] SOLVER   372   2.72903525e+05  2.72890545e+05  1.23e-09 1.84e-10  1.14e-06  2448s
[2019-04-11 14:52:26] SOLVER   373   2.72903452e+05  2.72890728e+05  1.22e-09 1.78e-10  1.11e-06  2457s
[2019-04-11 14:52:32] SOLVER   374   2.72903174e+05  2.72890775e+05  1.17e-09 1.76e-10  1.08e-06  2463s
[2019-04-11 14:52:39] SOLVER   375   2.72903010e+05  2.72890852e+05  1.15e-09 1.73e-10  1.06e-06  2470s
[2019-04-11 14:52:47] SOLVER   376   2.72902862e+05  2.72891025e+05  1.12e-09 1.67e-10  1.04e-06  2478s
[2019-04-11 14:52:53] SOLVER   377   2.72902715e+05  2.72891143e+05  1.10e-09 1.62e-10  1.01e-06  2484s
[2019-04-11 14:53:02] SOLVER   378   2.72902398e+05  2.72891309e+05  1.05e-09 1.56e-10  9.70e-07  2493s
[2019-04-11 14:53:12] SOLVER   379   2.72902061e+05  2.72891620e+05  1.00e-09 1.45e-10  9.14e-07  2503s
[2019-04-11 14:53:21] SOLVER   380   2.72901983e+05  2.72891763e+05  9.92e-10 1.39e-10  8.94e-07  2512s
[2019-04-11 14:53:27] SOLVER   381   2.72901875e+05  2.72891867e+05  9.75e-10 1.36e-10  8.76e-07  2518s
[2019-04-11 14:53:34] SOLVER   382   2.72901866e+05  2.72891884e+05  9.74e-10 1.35e-10  8.73e-07  2525s
[2019-04-11 14:53:40] SOLVER   383   2.72901698e+05  2.72891950e+05  9.48e-10 1.32e-10  8.53e-07  2531s
[2019-04-11 14:53:49] SOLVER   384   2.72901669e+05  2.72891956e+05  9.43e-10 1.32e-10  8.50e-07  2540s
[2019-04-11 14:53:55] SOLVER   385   2.72901644e+05  2.72892007e+05  9.39e-10 1.30e-10  8.43e-07  2546s
[2019-04-11 14:54:04] SOLVER   386   2.72901391e+05  2.72892142e+05  9.01e-10 1.25e-10  8.09e-07  2554s
[2019-04-11 14:54:14] SOLVER   387   2.72901250e+05  2.72892272e+05  8.79e-10 1.21e-10  7.86e-07  2565s
[2019-04-11 14:54:23] SOLVER   388   2.72900893e+05  2.72892385e+05  8.24e-10 1.16e-10  7.44e-07  2574s
[2019-04-11 14:54:29] SOLVER   389   2.72900702e+05  2.72892487e+05  7.95e-10 1.13e-10  7.19e-07  2580s
[2019-04-11 14:54:36] SOLVER   390   2.72900499e+05  2.72892615e+05  7.64e-10 1.08e-10  6.90e-07  2587s
[2019-04-11 14:54:42] SOLVER   391   2.72900453e+05  2.72892644e+05  7.57e-10 1.07e-10  6.83e-07  2593s
[2019-04-11 14:54:51] SOLVER   392   2.72900218e+05  2.72892726e+05  7.22e-10 1.04e-10  6.55e-07  2602s
[2019-04-11 14:55:01] SOLVER   393   2.72900108e+05  2.72892870e+05  7.05e-10 9.83e-11  6.33e-07  2612s
[2019-04-11 14:55:10] SOLVER   394   2.72900029e+05  2.72893020e+05  6.93e-10 9.28e-11  6.13e-07  2621s
[2019-04-11 14:55:16] SOLVER   395   2.72899787e+05  2.72893063e+05  6.56e-10 9.10e-11  5.88e-07  2627s
[2019-04-11 14:55:23] SOLVER   396   2.72899575e+05  2.72893140e+05  6.23e-10 8.81e-11  5.63e-07  2634s
[2019-04-11 14:55:29] SOLVER   397   2.72899407e+05  2.72893173e+05  5.97e-10 8.69e-11  5.45e-07  2640s
[2019-04-11 14:55:37] SOLVER   398   2.72899328e+05  2.72893285e+05  5.85e-10 8.27e-11  5.29e-07  2648s
[2019-04-11 14:55:44] SOLVER   399   2.72899238e+05  2.72893325e+05  5.71e-10 8.12e-11  5.17e-07  2655s
[2019-04-11 14:55:52] SOLVER   400   2.72899144e+05  2.72893492e+05  5.57e-10 7.52e-11  4.95e-07  2663s
[2019-04-11 14:56:03] SOLVER   401   2.72898858e+05  2.72893576e+05  5.14e-10 7.21e-11  4.62e-07  2674s
[2019-04-11 14:56:12] SOLVER   402   2.72898750e+05  2.72893673e+05  4.97e-10 6.86e-11  4.44e-07  2683s
[2019-04-11 14:56:18] SOLVER   403   2.72898722e+05  2.72893717e+05  4.92e-10 6.70e-11  4.38e-07  2689s
[2019-04-11 14:56:24] SOLVER   404   2.72898659e+05  2.72893758e+05  4.82e-10 6.55e-11  4.29e-07  2695s
[2019-04-11 14:56:31] SOLVER   405   2.72898542e+05  2.72893800e+05  4.64e-10 6.39e-11  4.15e-07  2702s
[2019-04-11 14:56:39] SOLVER   406   2.72898410e+05  2.72893849e+05  4.44e-10 6.22e-11  3.99e-07  2710s
[2019-04-11 14:56:50] SOLVER   407   2.72898273e+05  2.72893934e+05  4.24e-10 5.91e-11  3.80e-07  2721s
[2019-04-11 14:56:59] SOLVER   408   2.72898139e+05  2.72894058e+05  4.04e-10 5.46e-11  3.57e-07  2730s
[2019-04-11 14:57:05] SOLVER   409   2.72898060e+05  2.72894109e+05  3.92e-10 5.27e-11  3.46e-07  2736s
[2019-04-11 14:57:12] SOLVER   410   2.72897991e+05  2.72894169e+05  3.81e-10 5.05e-11  3.34e-07  2743s
[2019-04-11 14:57:18] SOLVER   411   2.72897960e+05  2.72894201e+05  3.76e-10 4.93e-11  3.29e-07  2749s
[2019-04-11 14:57:26] SOLVER   412   2.72897852e+05  2.72894248e+05  3.60e-10 4.76e-11  3.15e-07  2757s
[2019-04-11 14:57:33] SOLVER   413   2.72897800e+05  2.72894252e+05  3.51e-10 4.74e-11  3.10e-07  2764s
[2019-04-11 14:57:41] SOLVER   414   2.72897780e+05  2.72894286e+05  3.48e-10 4.61e-11  3.06e-07  2772s
[2019-04-11 14:57:52] SOLVER   415   2.72897678e+05  2.72894364e+05  3.33e-10 4.33e-11  2.90e-07  2783s
[2019-04-11 14:58:01] SOLVER   416   2.72897598e+05  2.72894379e+05  3.21e-10 4.27e-11  2.82e-07  2792s
[2019-04-11 14:58:07] SOLVER   417   2.72897583e+05  2.72894391e+05  3.18e-10 4.23e-11  2.79e-07  2798s
[2019-04-11 14:58:14] SOLVER   418   2.72897571e+05  2.72894411e+05  3.17e-10 4.15e-11  2.76e-07  2805s
[2019-04-11 14:58:20] SOLVER   419   2.72897531e+05  2.72894448e+05  3.10e-10 4.01e-11  2.70e-07  2811s
[2019-04-11 14:58:29] SOLVER   420   2.72897423e+05  2.72894496e+05  2.94e-10 3.84e-11  2.56e-07  2820s
[2019-04-11 14:58:42] SOLVER   421   2.72897346e+05  2.72894615e+05  2.82e-10 3.40e-11  2.39e-07  2833s
[2019-04-11 14:58:52] SOLVER   422   2.72897285e+05  2.72894684e+05  2.73e-10 3.14e-11  2.28e-07  2843s
[2019-04-11 14:58:59] SOLVER   423   2.72897236e+05  2.72894709e+05  2.66e-10 3.05e-11  2.21e-07  2850s
[2019-04-11 14:59:05] SOLVER   424   2.72897165e+05  2.72894730e+05  2.55e-10 2.97e-11  2.13e-07  2856s
[2019-04-11 14:59:12] SOLVER   425   2.72897096e+05  2.72894758e+05  2.44e-10 2.87e-11  2.05e-07  2863s
[2019-04-11 14:59:18] SOLVER   426   2.72897019e+05  2.72894786e+05  2.32e-10 2.76e-11  1.95e-07  2869s
[2019-04-11 14:59:28] SOLVER   427   2.72896978e+05  2.72894800e+05  2.25e-10 6.35e-09  1.91e-07  2879s
[2019-04-11 14:59:39] SOLVER   428   2.72896904e+05  2.72894833e+05  2.13e-10 6.07e-09  1.81e-07  2890s
[2019-04-11 14:59:49] SOLVER   429   2.72896857e+05  2.72894857e+05  2.16e-10 1.28e-07  1.75e-07  2900s
[2019-04-11 14:59:56] SOLVER   430   2.72896830e+05  2.72894862e+05  2.12e-10 1.01e-06  1.72e-07  2907s
[2019-04-11 15:00:03] SOLVER   431   2.72896803e+05  2.72894900e+05  2.07e-10 9.56e-07  1.67e-07  2914s
[2019-04-11 15:00:09] SOLVER   432   2.72896780e+05  2.72894907e+05  2.04e-10 9.44e-07  1.64e-07  2920s
[2019-04-11 15:00:17] SOLVER   433   2.72896702e+05  2.72894955e+05  4.43e-10 8.72e-07  1.53e-07  2928s
[2019-04-11 15:00:27] SOLVER   434   2.72896595e+05  2.72894998e+05  4.04e-10 8.07e-07  1.40e-07  2938s
[2019-04-11 15:00:35] SOLVER   435   2.72896532e+05  2.72895031e+05  1.18e-09 7.56e-07  1.31e-07  2946s
[2019-04-11 15:00:41] SOLVER   436   2.72896516e+05  2.72895049e+05  1.16e-09 7.29e-07  1.28e-07  2952s
[2019-04-11 15:00:48] SOLVER   437   2.72896449e+05  2.72895072e+05  1.08e-09 6.94e-07  1.21e-07  2959s
[2019-04-11 15:00:54] SOLVER   438   2.72896395e+05  2.72895105e+05  1.01e-09 6.43e-07  1.13e-07  2965s
[2019-04-11 15:01:03] SOLVER   439   2.72896336e+05  2.72895137e+05  9.48e-10 5.94e-07  1.05e-07  2974s
[2019-04-11 15:01:14] SOLVER   440   2.72896276e+05  2.72895151e+05  1.06e-08 4.20e-05  9.77e-08  2985s
[2019-04-11 15:01:21] SOLVER   441   2.72896230e+05  2.72895173e+05  1.01e-08 3.94e-05  9.18e-08  2992s
[2019-04-11 15:01:26] SOLVER   442   2.72896205e+05  2.72895183e+05  9.73e-09 3.83e-05  8.88e-08  2997s
[2019-04-11 15:01:31] SOLVER   443   2.72896182e+05  2.72895198e+05  1.04e-08 3.66e-05  8.55e-08  3002s
[2019-04-11 15:01:36] SOLVER   444   2.72896158e+05  2.72895213e+05  1.08e-08 3.50e-05  8.21e-08  3007s
[2019-04-11 15:01:42] SOLVER   445   2.72896130e+05  2.72895225e+05  8.86e-09 3.36e-05  7.86e-08  3013s
[2019-04-11 15:01:49] SOLVER   446   2.72896075e+05  2.72895251e+05  6.73e-09 3.06e-05  7.15e-08  3020s
[2019-04-11 15:01:55] SOLVER   447   2.72896036e+05  2.72895264e+05  8.41e-09 2.92e-05  6.70e-08  3026s
[2019-04-11 15:02:00] SOLVER   448   2.72896016e+05  2.72895280e+05  7.98e-09 2.74e-05  6.39e-08  3031s
[2019-04-11 15:02:07] SOLVER   449   2.72896000e+05  2.72895283e+05  8.41e-09 2.71e-05  6.23e-08  3038s
[2019-04-11 15:02:13] SOLVER   450   2.72895978e+05  2.72895307e+05  8.39e-09 2.43e-05  5.82e-08  3044s
[2019-04-11 15:02:21] SOLVER   451   2.72895966e+05  2.72895315e+05  8.17e-09 2.37e-05  5.66e-08  3052s
[2019-04-11 15:02:30] SOLVER   452   2.72895929e+05  2.72895327e+05  1.10e-08 2.23e-05  5.22e-08  3061s
[2019-04-11 15:02:39] SOLVER   453   2.72895909e+05  2.72895335e+05  1.09e-08 2.14e-05  4.98e-08  3070s
[2019-04-11 15:02:46] SOLVER   454   2.72895887e+05  2.72895342e+05  1.11e-08 2.06e-05  4.73e-08  3077s
[2019-04-11 15:02:52] SOLVER   455   2.72895874e+05  2.72895352e+05  1.08e-08 1.95e-05  4.53e-08  3083s
[2019-04-11 15:02:59] SOLVER   456   2.72895844e+05  2.72895358e+05  1.40e-08 1.87e-05  4.22e-08  3090s
[2019-04-11 15:03:08] SOLVER   457   2.72895817e+05  2.72895389e+05  1.17e-08 1.52e-05  3.72e-08  3099s
[2019-04-11 15:03:17] SOLVER   458   2.72895789e+05  2.72895399e+05  8.66e-09 1.33e-05  3.42e-08  3108s
[2019-04-11 15:03:24] SOLVER   459   2.72895780e+05  2.72895408e+05  8.73e-09 1.18e-05  3.26e-08  3115s
[2019-04-11 15:03:30] SOLVER   460   2.72895773e+05  2.72895413e+05  8.55e-09 1.13e-05  3.16e-08  3121s
[2019-04-11 15:03:30] SOLVER   Barrier solved model in 460 iterations and 3121.00 seconds
[2019-04-11 15:03:30] SOLVER   Optimal objective 2.72895773e+05
[2019-04-11 15:03:34] SOLVER   Crossover log...
[2019-04-11 15:03:36] SOLVER   583534 DPushes remaining with DInf 4.2018207e+03              3127s
[2019-04-11 15:03:49] SOLVER   206116 DPushes remaining with DInf 3.9086784e+03              3140s
[2019-04-11 15:03:55] SOLVER   138179 DPushes remaining with DInf 3.8317330e+03              3146s
[2019-04-11 15:04:00] SOLVER   121181 DPushes remaining with DInf 3.6927957e+03              3151s
[2019-04-11 15:04:04] SOLVER   119050 DPushes remaining with DInf 3.6867297e+03              3155s
[2019-04-11 15:04:11] SOLVER   112860 DPushes remaining with DInf 3.6865881e+03              3162s
[2019-04-11 15:04:15] SOLVER   109251 DPushes remaining with DInf 3.6864543e+03              3166s
[2019-04-11 15:04:19] SOLVER   105647 DPushes remaining with DInf 3.6862952e+03              3170s
[2019-04-11 15:04:24] SOLVER   101493 DPushes remaining with DInf 3.6861256e+03              3175s
[2019-04-11 15:04:34] SOLVER   72457 DPushes remaining with DInf 3.6782487e+03              3185s
[2019-04-11 15:04:36] SOLVER   66561 DPushes remaining with DInf 3.7023966e+03              3187s
[2019-04-11 15:04:41] SOLVER   61262 DPushes remaining with DInf 3.7021711e+03              3192s
[2019-04-11 15:04:45] SOLVER   43854 DPushes remaining with DInf 3.7013197e+03              3196s
[2019-04-11 15:04:51] SOLVER   34513 DPushes remaining with DInf 3.7013019e+03              3202s
[2019-04-11 15:04:54] SOLVER   22393 DPushes remaining with DInf 3.7012929e+03              3205s
[2019-04-11 15:05:01] SOLVER   1125 DPushes remaining with DInf 3.6531503e+03              3212s
[2019-04-11 15:05:05] SOLVER   0 DPushes remaining with DInf 3.5131087e+03              3216s
[2019-04-11 15:05:06] SOLVER   Warning: Markowitz tolerance tightened to 0.5
[2019-04-11 15:05:06] SOLVER   547989 PPushes remaining with PInf 5.9856237e+00              3217s
[2019-04-11 15:05:11] SOLVER   352494 PPushes remaining with PInf 2.1535941e+00              3222s
[2019-04-11 15:05:56] SOLVER   282779 PPushes remaining with PInf 2.2331856e+02              3267s
[2019-04-11 15:06:43] SOLVER   239616 PPushes remaining with PInf 2.0841828e+02              3314s
[2019-04-11 15:06:54] SOLVER   214581 PPushes remaining with PInf 2.3044857e+02              3325s
[2019-04-11 15:07:02] SOLVER   198941 PPushes remaining with PInf 2.1241806e+02              3333s
[2019-04-11 15:07:08] SOLVER   188913 PPushes remaining with PInf 2.0135586e+02              3339s
[2019-04-11 15:07:14] SOLVER   181296 PPushes remaining with PInf 2.0090992e+02              3345s
[2019-04-11 15:07:19] SOLVER   176513 PPushes remaining with PInf 2.0078444e+02              3350s
[2019-04-11 15:07:31] SOLVER   172991 PPushes remaining with PInf 2.0077769e+02              3362s
[2019-04-11 15:07:40] SOLVER   170651 PPushes remaining with PInf 2.0076856e+02              3371s
[2019-04-11 15:07:47] SOLVER   168431 PPushes remaining with PInf 2.0074070e+02              3378s
[2019-04-11 15:07:57] SOLVER   166595 PPushes remaining with PInf 2.0073215e+02              3388s
[2019-04-11 15:08:49] SOLVER   165344 PPushes remaining with PInf 2.0408050e+02              3440s
[2019-04-11 15:09:32] SOLVER   164260 PPushes remaining with PInf 1.9226352e+02              3483s
[2019-04-11 15:09:58] SOLVER   163203 PPushes remaining with PInf 1.8269896e+02              3509s
[2019-04-11 15:10:02] SOLVER   160968 PPushes remaining with PInf 1.6163072e+02              3513s
[2019-04-11 15:10:05] SOLVER   158747 PPushes remaining with PInf 1.3539316e+02              3516s
[2019-04-11 15:10:10] SOLVER   154416 PPushes remaining with PInf 1.1415071e+02              3521s
[2019-04-11 15:10:15] SOLVER   150106 PPushes remaining with PInf 1.0819482e+02              3526s
[2019-04-11 15:10:24] SOLVER   137067 PPushes remaining with PInf 1.0031204e+02              3535s
[2019-04-11 15:10:31] SOLVER   119894 PPushes remaining with PInf 1.3266647e+04              3542s
[2019-04-11 15:10:35] SOLVER   116995 PPushes remaining with PInf 1.3095419e+04              3546s
[2019-04-11 15:10:41] SOLVER   110787 PPushes remaining with PInf 1.2391681e+04              3552s
[2019-04-11 15:10:46] SOLVER   105458 PPushes remaining with PInf 1.1652499e+04              3557s
[2019-04-11 15:10:50] SOLVER   103039 PPushes remaining with PInf 1.1367059e+04              3561s
[2019-04-11 15:10:56] SOLVER   98382 PPushes remaining with PInf 1.0630661e+04              3567s
[2019-04-11 15:10:59] SOLVER   96063 PPushes remaining with PInf 1.0325479e+04              3570s
[2019-04-11 15:11:06] SOLVER   91540 PPushes remaining with PInf 9.7327625e+03              3577s
[2019-04-11 15:11:10] SOLVER   89305 PPushes remaining with PInf 9.5265170e+03              3581s
[2019-04-11 15:11:19] SOLVER   84892 PPushes remaining with PInf 9.0275490e+03              3590s
[2019-04-11 15:11:22] SOLVER   82687 PPushes remaining with PInf 8.9107144e+03              3593s
[2019-04-11 15:11:24] SOLVER   80480 PPushes remaining with PInf 8.7467973e+03              3595s
[2019-04-11 15:11:32] SOLVER   76126 PPushes remaining with PInf 8.3384534e+03              3603s
[2019-04-11 15:11:36] SOLVER   73957 PPushes remaining with PInf 8.2295214e+03              3607s
[2019-04-11 15:11:42] SOLVER   69560 PPushes remaining with PInf 8.1179729e+03              3613s
[2019-04-11 15:11:44] SOLVER   67402 PPushes remaining with PInf 8.0679315e+03              3615s
[2019-04-11 15:11:52] SOLVER   59280 PPushes remaining with PInf 1.9719767e+04              3623s
[2019-04-11 15:11:55] SOLVER   57073 PPushes remaining with PInf 1.9691970e+04              3626s
[2019-04-11 15:12:02] SOLVER   54946 PPushes remaining with PInf 1.9638111e+04              3633s
[2019-04-11 15:13:29] SOLVER   53643 PPushes remaining with PInf 1.9252823e+04              3720s
[2019-04-11 15:14:31] SOLVER   52608 PPushes remaining with PInf 1.8992813e+04              3782s
[2019-04-11 15:14:59] SOLVER   50447 PPushes remaining with PInf 1.8291656e+04              3810s
[2019-04-11 15:15:06] SOLVER   45692 PPushes remaining with PInf 1.8022721e+04              3817s
[2019-04-11 15:16:14] SOLVER   44472 PPushes remaining with PInf 1.7973868e+04              3885s
[2019-04-11 15:16:53] SOLVER   43405 PPushes remaining with PInf 1.7914080e+04              3923s
[2019-04-11 15:18:06] SOLVER   42353 PPushes remaining with PInf 1.7850977e+04              3997s
[2019-04-11 15:18:16] SOLVER   40983 PPushes remaining with PInf 1.8059617e+04              4007s
[2019-04-11 15:19:42] SOLVER   39894 PPushes remaining with PInf 1.7979529e+04              4093s
[2019-04-11 15:22:04] SOLVER   38148 PPushes remaining with PInf 1.7896477e+04              4235s
[2019-04-11 15:23:54] SOLVER   37125 PPushes remaining with PInf 1.7877635e+04              4345s
[2019-04-11 15:24:26] SOLVER   36182 PPushes remaining with PInf 2.9044146e+04              4377s
[2019-04-11 15:24:27] SOLVER   Restart crossover...
[2019-04-11 15:24:31] SOLVER   583534 DPushes remaining with DInf 3.0664018e+03              4382s
[2019-04-11 15:24:44] SOLVER   206091 DPushes remaining with DInf 2.7502304e+03              4395s
[2019-04-11 15:24:51] SOLVER   138121 DPushes remaining with DInf 2.6973548e+03              4402s
[2019-04-11 15:24:56] SOLVER   121152 DPushes remaining with DInf 2.5960854e+03              4407s
[2019-04-11 15:25:00] SOLVER   119030 DPushes remaining with DInf 2.5994856e+03              4411s
[2019-04-11 15:25:04] SOLVER   114969 DPushes remaining with DInf 2.5993888e+03              4415s
[2019-04-11 15:25:11] SOLVER   109379 DPushes remaining with DInf 2.5992123e+03              4422s
[2019-04-11 15:25:16] SOLVER   105776 DPushes remaining with DInf 2.5943082e+03              4427s
[2019-04-11 15:25:19] SOLVER   103961 DPushes remaining with DInf 2.5942411e+03              4430s
[2019-04-11 15:25:25] SOLVER   100074 DPushes remaining with DInf 2.5940760e+03              4436s
[2019-04-11 15:25:30] SOLVER   95486 DPushes remaining with DInf 2.5939711e+03              4441s
[2019-04-11 15:25:35] SOLVER   86924 DPushes remaining with DInf 2.5939019e+03              4446s
[2019-04-11 15:25:41] SOLVER   79915 DPushes remaining with DInf 2.5886427e+03              4452s
[2019-04-11 15:25:45] SOLVER   75550 DPushes remaining with DInf 2.5884905e+03              4456s
[2019-04-11 15:25:50] SOLVER   69035 DPushes remaining with DInf 2.5516365e+03              4461s
[2019-04-11 15:25:54] SOLVER   65857 DPushes remaining with DInf 2.5516183e+03              4465s
[2019-04-11 15:26:00] SOLVER   59349 DPushes remaining with DInf 2.5443188e+03              4471s
[2019-04-11 15:26:06] SOLVER   52844 DPushes remaining with DInf 2.5441228e+03              4477s
[2019-04-11 15:26:10] SOLVER   48487 DPushes remaining with DInf 2.5438074e+03              4481s
[2019-04-11 15:26:16] SOLVER   43146 DPushes remaining with DInf 2.5434641e+03              4487s
[2019-04-11 15:26:20] SOLVER   38827 DPushes remaining with DInf 2.5434569e+03              4491s
[2019-04-11 15:26:26] SOLVER   32347 DPushes remaining with DInf 2.5434563e+03              4497s
[2019-04-11 15:26:29] SOLVER   28025 DPushes remaining with DInf 2.5434534e+03              4500s
[2019-04-11 15:26:35] SOLVER   21536 DPushes remaining with DInf 2.5434477e+03              4506s
[2019-04-11 15:26:40] SOLVER   14983 DPushes remaining with DInf 2.5434414e+03              4511s
[2019-04-11 15:26:46] SOLVER   8367 DPushes remaining with DInf 2.5434414e+03              4517s
[2019-04-11 15:26:49] SOLVER   3888 DPushes remaining with DInf 2.5388250e+03              4520s
[2019-04-11 15:26:56] SOLVER   0 DPushes remaining with DInf 2.4265736e+03              4527s
[2019-04-11 15:26:56] SOLVER   421317 PPushes remaining with PInf 8.9163248e+03              4527s
[2019-04-11 15:27:01] SOLVER   259427 PPushes remaining with PInf 6.9049977e+03              4532s
[2019-04-11 15:27:05] SOLVER   202648 PPushes remaining with PInf 6.4181094e+03              4536s
[2019-04-11 15:27:10] SOLVER   153479 PPushes remaining with PInf 5.9205565e+03              4541s
[2019-04-11 15:27:15] SOLVER   134525 PPushes remaining with PInf 5.7835818e+03              4546s
[2019-04-11 15:27:20] SOLVER   124888 PPushes remaining with PInf 5.7485017e+03              4551s
[2019-04-11 15:27:25] SOLVER   119729 PPushes remaining with PInf 5.7382606e+03              4556s
[2019-04-11 15:27:30] SOLVER   115642 PPushes remaining with PInf 6.3067883e+03              4561s
[2019-04-11 15:27:42] SOLVER   111640 PPushes remaining with PInf 6.2334295e+03              4573s
[2019-04-11 15:28:02] SOLVER   110636 PPushes remaining with PInf 6.2075046e+03              4593s
[2019-04-11 15:28:28] SOLVER   108900 PPushes remaining with PInf 6.1993846e+03              4619s
[2019-04-11 15:29:04] SOLVER   106648 PPushes remaining with PInf 6.1802774e+03              4655s
[2019-04-11 15:29:36] SOLVER   102840 PPushes remaining with PInf 6.1886714e+03              4687s
[2019-04-11 15:29:39] SOLVER   99788 PPushes remaining with PInf 6.2042434e+03              4690s
[2019-04-11 15:29:45] SOLVER   94184 PPushes remaining with PInf 6.2770824e+03              4696s
[2019-04-11 15:29:52] SOLVER   93075 PPushes remaining with PInf 6.2670808e+03              4703s
[2019-04-11 15:29:59] SOLVER   91985 PPushes remaining with PInf 6.2552451e+03              4710s
[2019-04-11 15:30:46] SOLVER   89679 PPushes remaining with PInf 6.2223315e+03              4757s
[2019-04-11 15:30:53] SOLVER   85093 PPushes remaining with PInf 6.1057903e+03              4764s
[2019-04-11 15:31:40] SOLVER   84049 PPushes remaining with PInf 6.0918185e+03              4811s
[2019-04-11 15:32:09] SOLVER   81812 PPushes remaining with PInf 6.0259805e+03              4840s
[2019-04-11 15:32:15] SOLVER   80062 PPushes remaining with PInf 5.9939393e+03              4846s
[2019-04-11 15:32:21] SOLVER   77980 PPushes remaining with PInf 5.9647397e+03              4852s
[2019-04-11 15:32:27] SOLVER   75770 PPushes remaining with PInf 5.9013801e+03              4858s
[2019-04-11 15:32:39] SOLVER   74478 PPushes remaining with PInf 5.8677577e+03              4870s
[2019-04-11 15:33:14] SOLVER   72950 PPushes remaining with PInf 5.8593274e+03              4905s
[2019-04-11 15:33:48] SOLVER   71947 PPushes remaining with PInf 5.8416684e+03              4939s
[2019-04-11 15:33:51] SOLVER   69758 PPushes remaining with PInf 5.8299962e+03              4942s
[2019-04-11 15:33:55] SOLVER   67600 PPushes remaining with PInf 5.8143557e+03              4946s
[2019-04-11 15:34:02] SOLVER   63280 PPushes remaining with PInf 5.7907573e+03              4953s
[2019-04-11 15:34:06] SOLVER   60415 PPushes remaining with PInf 5.7676418e+03              4957s
[2019-04-11 15:34:09] SOLVER   58230 PPushes remaining with PInf 5.7644493e+03              4960s
[2019-04-11 15:34:18] SOLVER   56663 PPushes remaining with PInf 6.2370354e+03              4969s
[2019-04-11 15:36:10] SOLVER   55605 PPushes remaining with PInf 6.1197824e+03              5081s
[2019-04-11 15:37:58] SOLVER   54603 PPushes remaining with PInf 5.9540117e+03              5189s
[2019-04-11 15:39:35] SOLVER   53602 PPushes remaining with PInf 5.9038484e+03              5286s
[2019-04-11 15:40:23] SOLVER   52601 PPushes remaining with PInf 5.7825463e+03              5334s
[2019-04-11 15:41:16] SOLVER   49697 PPushes remaining with PInf 5.8084980e+03              5387s
[2019-04-11 15:41:48] SOLVER   48430 PPushes remaining with PInf 5.7871642e+03              5419s
[2019-04-11 15:43:02] SOLVER   47405 PPushes remaining with PInf 5.6955524e+03              5493s
[2019-04-11 15:43:48] SOLVER   46709 PPushes remaining with PInf 1.1419861e+04              5539s
[2019-04-11 15:45:50] SOLVER   45690 PPushes remaining with PInf 1.1077273e+04              5661s
[2019-04-11 15:48:49] SOLVER   43209 PPushes remaining with PInf 1.0729794e+04              5840s
[2019-04-11 15:49:01] SOLVER   43135 PPushes remaining with PInf 1.0714971e+04              5852s
[2019-04-11 15:49:02] SOLVER   Push phase complete: Pinf 1.0714971e+04, Dinf 7.7179521e+03   5853s
[2019-04-11 15:49:16] SOLVER   Iteration    Objective       Primal Inf.    Dual Inf.      Time
[2019-04-11 15:49:16] SOLVER   748296    2.7301800e+05   2.908710e+06   0.000000e+00   5867s
[2019-04-11 15:55:40] SOLVER   748936    2.7292789e+05   9.395914e+07   0.000000e+00   6251s
[2019-04-11 16:02:44] SOLVER   749626    2.7292790e+05   1.533906e+08   0.000000e+00   6675s
[2019-04-11 16:09:54] SOLVER   750366    2.7292806e+05   1.410974e+08   0.000000e+00   7105s
[2019-04-11 16:16:06] SOLVER   751086    2.7292811e+05   1.766704e+09   0.000000e+00   7477s
[2019-04-11 16:22:40] SOLVER   751866    2.7292814e+05   6.667360e+08   0.000000e+00   7871s
[2019-04-11 16:30:00] SOLVER   752616    2.7293287e+05   1.910076e+09   0.000000e+00   8311s
[2019-04-11 16:37:29] SOLVER   753346    2.7293562e+05   1.995062e+09   0.000000e+00   8760s
[2019-04-11 16:45:39] SOLVER   754296    2.7294152e+05   6.609237e+09   0.000000e+00   9250s
[2019-04-11 16:47:43] SOLVER   755297    2.7294737e+05   9.980472e+08   0.000000e+00   9374s
[2019-04-11 16:50:24] SOLVER   756298    2.7295161e+05   5.883595e+08   0.000000e+00   9535s
[2019-04-11 16:52:34] SOLVER   757299    2.7295489e+05   4.220939e+08   0.000000e+00   9665s
[2019-04-11 16:55:53] SOLVER   758300    2.7295758e+05   8.925334e+07   0.000000e+00   9863s
[2019-04-11 16:59:03] SOLVER   759301    2.7296134e+05   4.124308e+08   0.000000e+00  10054s
[2019-04-11 17:01:17] SOLVER   760302    2.7296470e+05   1.480735e+09   0.000000e+00  10188s
[2019-04-11 17:02:58] SOLVER   761303    2.7296644e+05   7.493232e+08   0.000000e+00  10289s
[2019-04-11 17:04:17] SOLVER   762304    2.7296921e+05   1.434125e+09   0.000000e+00  10368s
[2019-04-11 17:06:18] SOLVER   763305    2.7297015e+05   9.414741e+08   0.000000e+00  10489s
[2019-04-11 17:08:31] SOLVER   764306    2.7297158e+05   6.935258e+08   0.000000e+00  10622s
[2019-04-11 17:09:49] SOLVER   765307    2.7297329e+05   9.295784e+08   0.000000e+00  10700s
[2019-04-11 17:13:14] SOLVER   766308    2.7297444e+05   3.408405e+07   0.000000e+00  10905s
[2019-04-11 17:17:17] SOLVER   767309    2.7297533e+05   9.416991e+08   0.000000e+00  11148s
[2019-04-11 17:20:25] SOLVER   768310    2.7297572e+05   2.779645e+09   0.000000e+00  11336s
[2019-04-11 17:24:33] SOLVER   769311    2.7297654e+05   2.382192e+08   0.000000e+00  11583s
[2019-04-11 17:29:31] SOLVER   770312    2.7297699e+05   6.981520e+08   0.000000e+00  11882s
[2019-04-11 17:33:42] SOLVER   771313    2.7297805e+05   3.690901e+08   0.000000e+00  12133s
[2019-04-11 17:36:59] SOLVER   772314    2.7297941e+05   6.364026e+07   0.000000e+00  12330s
[2019-04-11 17:38:47] SOLVER   773315    2.7298056e+05   3.934150e+08   0.000000e+00  12438s
[2019-04-11 17:41:10] SOLVER   774316    2.7298133e+05   9.614221e+07   0.000000e+00  12581s
[2019-04-11 17:46:57] SOLVER   775317    2.7298187e+05   1.632641e+08   0.000000e+00  12928s
[2019-04-11 17:51:52] SOLVER   776318    2.7298238e+05   1.440261e+09   0.000000e+00  13223s
[2019-04-11 17:57:57] SOLVER   777319    2.7298302e+05   2.507125e+08   0.000000e+00  13588s
[2019-04-11 18:04:42] SOLVER   778089    2.7298334e+05   4.931030e+07   0.000000e+00  13993s
[2019-04-11 18:11:28] SOLVER   778869    2.7298372e+05   3.813438e+08   0.000000e+00  14399s
[2019-04-11 18:18:02] SOLVER   779589    2.7298403e+05   7.618196e+07   0.000000e+00  14793s
[2019-04-11 18:24:23] SOLVER   780309    2.7298449e+05   2.486806e+09   0.000000e+00  15174s
[2019-04-11 18:31:08] SOLVER   781099    2.7298478e+05   2.576783e+09   0.000000e+00  15579s
[2019-04-11 18:38:53] SOLVER   782009    2.7298494e+05   1.488271e+09   0.000000e+00  16044s
[2019-04-11 18:45:34] SOLVER   782929    2.7298533e+05   1.366061e+10   0.000000e+00  16445s
[2019-04-11 18:49:33] SOLVER   783930    2.7298589e+05   7.285477e+08   0.000000e+00  16684s
[2019-04-11 18:52:05] SOLVER   784931    2.7298624e+05   1.996520e+08   0.000000e+00  16836s
[2019-04-11 18:54:21] SOLVER   785932    2.7298661e+05   2.107304e+08   0.000000e+00  16972s
[2019-04-11 18:57:02] SOLVER   786933    2.7298713e+05   7.689988e+07   0.000000e+00  17133s
[2019-04-11 18:59:21] SOLVER   787934    2.7298752e+05   5.306969e+07   0.000000e+00  17272s
[2019-04-11 19:01:44] SOLVER   788935    2.7298777e+05   8.986492e+07   0.000000e+00  17415s
[2019-04-11 19:04:22] SOLVER   789936    2.7298807e+05   4.067618e+07   0.000000e+00  17573s
[2019-04-11 19:07:26] SOLVER   790937    2.7298843e+05   1.269127e+08   0.000000e+00  17757s
[2019-04-11 19:11:56] SOLVER   791938    2.7298882e+05   3.545474e+07   0.000000e+00  18024s
[2019-04-11 19:14:39] SOLVER   792939    2.7298900e+05   3.808401e+07   0.000000e+00  18190s
[2019-04-11 19:17:25] SOLVER   793940    2.7298933e+05   3.233447e+07   0.000000e+00  18356s
[2019-04-11 19:20:38] SOLVER   794941    2.7298960e+05   2.247473e+08   0.000000e+00  18549s
[2019-04-11 19:28:16] SOLVER   795661    2.7298976e+05   9.274770e+07   0.000000e+00  19007s
[2019-04-11 19:35:02] SOLVER   796341    2.7299005e+05   5.341736e+07   0.000000e+00  19413s
[2019-04-11 19:42:12] SOLVER   797101    2.7299032e+05   4.668467e+07   0.000000e+00  19843s
[2019-04-11 19:49:20] SOLVER   797841    2.7299047e+05   3.366574e+07   0.000000e+00  20271s
[2019-04-11 19:56:37] SOLVER   798631    2.7299072e+05   1.021488e+08   0.000000e+00  20708s
[2019-04-11 20:03:18] SOLVER   799611    2.7299162e+05   9.900257e+08   0.000000e+00  21109s
[2019-04-11 20:10:46] SOLVER   800471    2.7299192e+05   6.513346e+07   0.000000e+00  21557s
[2019-04-11 20:18:14] SOLVER   801472    2.7299210e+05   4.824866e+09   0.000000e+00  22005s
[2019-04-11 20:26:26] SOLVER   802472    2.7299256e+05   1.022560e+08   0.000000e+00  22497s
[2019-04-11 20:34:12] SOLVER   803342    2.7299302e+05   5.192284e+07   0.000000e+00  22963s
[2019-04-11 20:41:52] SOLVER   804343    2.7299322e+05   6.111887e+07   0.000000e+00  23423s
[2019-04-11 20:49:46] SOLVER   805133    2.7299337e+05   2.111283e+08   0.000000e+00  23897s
[2019-04-11 20:58:08] SOLVER   806134    2.7299363e+05   2.559099e+08   0.000000e+00  24399s
[2019-04-11 21:08:09] SOLVER   807084    2.7299390e+05   1.552679e+08   0.000000e+00  25000s
[2019-04-11 21:17:17] SOLVER   808044    2.7299431e+05   2.905942e+08   0.000000e+00  25548s
[2019-04-11 21:26:06] SOLVER   809045    2.7299463e+05   1.952681e+09   0.000000e+00  26077s
[2019-04-11 21:33:13] SOLVER   810046    2.7299483e+05   1.122163e+08   0.000000e+00  26504s
[2019-04-11 21:39:25] SOLVER   811047    2.7299501e+05   3.679893e+07   0.000000e+00  26876s
[2019-04-11 21:47:45] SOLVER   811877    2.7299537e+05   1.212110e+07   0.000000e+00  27376s
[2019-04-11 21:56:43] SOLVER   812837    2.7299564e+05   2.962713e+08   0.000000e+00  27914s
[2019-04-11 22:05:05] SOLVER   813838    2.7299591e+05   9.185244e+08   0.000000e+00  28416s
[2019-04-11 22:13:17] SOLVER   814738    2.7299604e+05   7.170140e+08   0.000000e+00  28907s
[2019-04-11 22:21:39] SOLVER   815648    2.7299622e+05   1.886893e+08   0.000000e+00  29410s
[2019-04-11 22:29:25] SOLVER   816649    2.7299644e+05   3.358487e+07   0.000000e+00  29876s
[2019-04-11 22:37:34] SOLVER   817650    2.7299671e+05   8.429376e+08   0.000000e+00  30365s
[2019-04-11 22:46:32] SOLVER   818430    2.7299693e+05   4.447736e+08   0.000000e+00  30903s
[2019-04-11 22:54:52] SOLVER   819240    2.7299712e+05   4.035812e+08   0.000000e+00  31403s
[2019-04-11 23:00:48] SOLVER   820241    2.7299740e+05   7.806975e+07   0.000000e+00  31759s
[2019-04-11 23:04:49] SOLVER   821242    2.7299787e+05   4.540982e+08   0.000000e+00  32000s
[2019-04-11 23:11:41] SOLVER   822012    2.7299805e+05   7.794044e+07   0.000000e+00  32412s
[2019-04-11 23:18:43] SOLVER   822712    2.7299832e+05   6.352644e+07   0.000000e+00  32834s
[2019-04-11 23:26:03] SOLVER   823512    2.7299854e+05   8.053378e+07   0.000000e+00  33274s
[2019-04-11 23:33:08] SOLVER   824302    2.7299871e+05   6.704402e+07   0.000000e+00  33699s
[2019-04-11 23:40:12] SOLVER   825052    2.7299892e+05   9.290942e+07   0.000000e+00  34123s
[2019-04-11 23:47:06] SOLVER   825822    2.7299914e+05   3.612099e+07   0.000000e+00  34537s
[2019-04-11 23:53:41] SOLVER   826512    2.7299930e+05   3.489185e+07   0.000000e+00  34932s
[2019-04-12 00:01:14] SOLVER   827262    2.7299955e+05   3.888256e+08   0.000000e+00  35385s
[2019-04-12 00:09:21] SOLVER   827952    2.7299987e+05   2.509862e+07   0.000000e+00  35872s
[2019-04-12 00:17:50] SOLVER   828672    2.7300023e+05   6.045693e+08   0.000000e+00  36381s
[2019-04-12 00:26:16] SOLVER   829422    2.7300048e+05   4.870412e+07   0.000000e+00  36887s
[2019-04-12 00:34:17] SOLVER   830282    2.7300065e+05   2.267862e+08   0.000000e+00  37368s
[2019-04-12 00:41:42] SOLVER   831122    2.7300087e+05   4.433308e+07   0.000000e+00  37813s
[2019-04-12 00:49:08] SOLVER   831872    2.7300108e+05   1.130115e+08   0.000000e+00  38259s
[2019-04-12 00:56:52] SOLVER   832632    2.7300124e+05   3.040996e+08   0.000000e+00  38722s
[2019-04-12 01:04:30] SOLVER   833402    2.7300149e+05   1.408664e+07   0.000000e+00  39181s
[2019-04-12 01:12:21] SOLVER   834212    2.7300162e+05   1.524977e+07   0.000000e+00  39652s
[2019-04-12 01:19:51] SOLVER   835213    2.7300191e+05   8.029660e+07   0.000000e+00  40102s
[2019-04-12 01:24:14] SOLVER   836214    2.7300219e+05   1.091052e+08   0.000000e+00  40365s
[2019-04-12 01:31:01] SOLVER   836964    2.7300248e+05   5.197736e+06   0.000000e+00  40772s
[2019-04-12 01:36:47] SOLVER   837965    2.7300278e+05   9.418332e+07   0.000000e+00  41118s
[2019-04-12 01:43:34] SOLVER   838725    2.7300298e+05   8.792968e+07   0.000000e+00  41525s
[2019-04-12 01:51:01] SOLVER   839565    2.7300325e+05   5.848444e+06   0.000000e+00  41972s
[2019-04-12 01:58:25] SOLVER   840235    2.7300342e+05   4.201925e+07   0.000000e+00  42416s
[2019-04-12 02:06:00] SOLVER   841005    2.7300367e+05   3.258755e+07   0.000000e+00  42871s
[2019-04-12 02:12:53] SOLVER   842006    2.7300398e+05   4.056267e+07   0.000000e+00  43284s
[2019-04-12 02:18:36] SOLVER   842706    2.7300414e+05   4.400024e+07   0.000000e+00  43627s
[2019-04-12 02:23:57] SOLVER   843376    2.7300430e+05   2.262482e+07   0.000000e+00  43948s
[2019-04-12 02:29:38] SOLVER   844016    2.7300459e+05   1.050176e+09   0.000000e+00  44289s
[2019-04-12 02:35:37] SOLVER   844696    2.7300470e+05   7.037102e+07   0.000000e+00  44648s
[2019-04-12 02:41:44] SOLVER   845376    2.7300481e+05   8.143140e+07   0.000000e+00  45015s
[2019-04-12 02:48:07] SOLVER   846086    2.7300495e+05   2.027104e+07   0.000000e+00  45398s
[2019-04-12 02:54:07] SOLVER   846816    2.7300508e+05   2.177887e+08   0.000000e+00  45758s
[2019-04-12 03:00:10] SOLVER   847566    2.7300522e+05   4.849975e+08   0.000000e+00  46121s
[2019-04-12 03:06:01] SOLVER   848226    2.7300539e+05   1.587621e+08   0.000000e+00  46472s
[2019-04-12 03:12:05] SOLVER   849036    2.7300557e+05   1.861161e+08   0.000000e+00  46836s
[2019-04-12 03:18:21] SOLVER   850037    2.7300618e+05   4.815864e+07   0.000000e+00  47212s
[2019-04-12 03:24:23] SOLVER   850707    2.7300628e+05   3.966404e+07   0.000000e+00  47574s
[2019-04-12 03:31:24] SOLVER   851417    2.7300641e+05   4.552906e+07   0.000000e+00  47995s
[2019-04-12 03:38:24] SOLVER   852077    2.7300656e+05   1.314783e+07   0.000000e+00  48415s
[2019-04-12 03:45:34] SOLVER   852757    2.7300669e+05   1.049939e+07   0.000000e+00  48845s
[2019-04-12 03:52:36] SOLVER   853487    2.7300682e+05   4.795904e+07   0.000000e+00  49267s
[2019-04-12 03:56:53] SOLVER   854488    2.7300696e+05   3.453641e+07   0.000000e+00  49524s
[2019-04-12 04:00:58] SOLVER   855489    2.7300705e+05   1.387825e+07   0.000000e+00  49769s
[2019-04-12 04:04:44] SOLVER   856490    2.7300725e+05   7.237529e+06   0.000000e+00  49995s
[2019-04-12 04:11:05] SOLVER   857350    2.7300734e+05   1.030268e+07   0.000000e+00  50376s
[2019-04-12 04:17:20] SOLVER   858100    2.7300746e+05   1.765186e+06   0.000000e+00  50751s
[2019-04-12 04:23:53] SOLVER   859000    2.7300765e+05   1.322709e+08   0.000000e+00  51144s
[2019-04-12 04:29:15] SOLVER   860001    2.7300789e+05   3.135634e+08   0.000000e+00  51466s
[2019-04-12 04:32:15] SOLVER   861002    2.7300804e+05   1.138355e+09   0.000000e+00  51646s
[2019-04-12 04:37:46] SOLVER   862003    2.7300824e+05   2.728246e+08   0.000000e+00  51977s
[2019-04-12 04:43:09] SOLVER   862663    2.7300836e+05   2.142782e+09   0.000000e+00  52300s
[2019-04-12 04:48:49] SOLVER   863353    2.7300848e+05   2.730096e+07   0.000000e+00  52640s
[2019-04-12 04:54:55] SOLVER   864083    2.7300861e+05   2.155070e+08   0.000000e+00  53006s
[2019-04-12 05:01:16] SOLVER   864813    2.7300872e+05   2.108150e+07   0.000000e+00  53387s
[2019-04-12 05:07:38] SOLVER   865503    2.7300884e+05   2.521012e+08   0.000000e+00  53769s
[2019-04-12 05:14:41] SOLVER   866233    2.7300896e+05   1.178849e+07   0.000000e+00  54192s
[2019-04-12 05:21:16] SOLVER   866873    2.7300907e+05   8.022449e+07   0.000000e+00  54587s
[2019-04-12 05:27:52] SOLVER   867553    2.7300918e+05   3.284889e+08   0.000000e+00  54983s
[2019-04-12 05:34:54] SOLVER   868483    2.7300936e+05   1.306137e+08   0.000000e+00  55405s
[2019-04-12 05:40:14] SOLVER   869484    2.7300953e+05   1.971699e+08   0.000000e+00  55725s
[2019-04-12 05:46:01] SOLVER   870204    2.7300966e+05   4.399621e+08   0.000000e+00  56072s
[2019-04-12 05:52:08] SOLVER   870924    2.7300982e+05   1.530144e+07   0.000000e+00  56439s
[2019-04-12 05:58:07] SOLVER   871574    2.7300997e+05   2.483081e+07   0.000000e+00  56798s
[2019-04-12 06:04:12] SOLVER   872204    2.7301019e+05   1.762723e+08   0.000000e+00  57163s
[2019-04-12 06:10:35] SOLVER   872834    2.7301038e+05   1.260817e+08   0.000000e+00  57546s
[2019-04-12 06:16:55] SOLVER   873464    2.7301061e+05   1.805704e+08   0.000000e+00  57926s
[2019-04-12 06:23:16] SOLVER   874094    2.7301082e+05   6.237746e+08   0.000000e+00  58307s
[2019-04-12 06:29:44] SOLVER   874774    2.7301102e+05   8.620426e+07   0.000000e+00  58695s
[2019-04-12 06:36:19] SOLVER   875434    2.7301121e+05   8.871952e+08   0.000000e+00  59090s
[2019-04-12 06:42:51] SOLVER   876064    2.7301139e+05   1.246854e+09   0.000000e+00  59482s
[2019-04-12 06:50:06] SOLVER   876744    2.7301159e+05   1.036543e+08   0.000000e+00  59917s
[2019-04-12 06:57:43] SOLVER   877424    2.7301177e+05   6.490007e+08   0.000000e+00  60374s
[2019-04-12 07:05:16] SOLVER   878124    2.7301191e+05   2.063934e+08   0.000000e+00  60827s
[2019-04-12 07:12:28] SOLVER   878754    2.7301208e+05   1.088389e+09   0.000000e+00  61259s
[2019-04-12 07:18:59] SOLVER   879394    2.7301220e+05   2.797391e+07   0.000000e+00  61650s
[2019-04-12 07:25:26] SOLVER   880104    2.7301247e+05   2.133596e+08   0.000000e+00  62037s
[2019-04-12 07:32:04] SOLVER   880874    2.7301271e+05   9.255886e+08   0.000000e+00  62435s
[2019-04-12 07:38:37] SOLVER   881774    2.7301300e+05   1.534328e+08   0.000000e+00  62828s
[2019-04-12 07:45:22] SOLVER   882754    2.7301326e+05   3.316271e+07   0.000000e+00  63233s
[2019-04-12 07:51:20] SOLVER   883474    2.7301339e+05   2.956239e+08   0.000000e+00  63591s
[2019-04-12 07:57:09] SOLVER   884184    2.7301352e+05   2.281439e+07   0.000000e+00  63940s
[2019-04-12 08:03:19] SOLVER   884984    2.7301368e+05   2.204465e+08   0.000000e+00  64310s
[2019-04-12 08:09:09] SOLVER   885834    2.7301385e+05   1.839729e+08   0.000000e+00  64660s
[2019-04-12 08:14:52] SOLVER   886614    2.7301397e+05   2.444036e+07   0.000000e+00  65003s
[2019-04-12 08:20:54] SOLVER   887324    2.7301409e+05   6.016775e+07   0.000000e+00  65365s
[2019-04-12 08:27:10] SOLVER   888074    2.7301418e+05   2.287581e+07   0.000000e+00  65740s
[2019-04-12 08:33:59] SOLVER   888944    2.7301440e+05   1.737754e+08   0.000000e+00  66150s
[2019-04-12 08:40:24] SOLVER   889654    2.7301451e+05   8.189728e+07   0.000000e+00  66535s
[2019-04-12 08:46:52] SOLVER   890334    2.7301466e+05   6.640461e+06   0.000000e+00  66923s
[2019-04-12 08:53:16] SOLVER   890994    2.7301475e+05   4.847373e+07   0.000000e+00  67307s
[2019-04-12 08:59:12] SOLVER   891744    2.7301486e+05   1.393830e+07   0.000000e+00  67663s
[2019-04-12 09:05:36] SOLVER   892614    2.7301497e+05   1.630059e+08   0.000000e+00  68047s
[2019-04-12 09:12:01] SOLVER   893294    2.7301505e+05   8.616129e+08   0.000000e+00  68432s
[2019-04-12 09:19:06] SOLVER   894034    2.7301515e+05   4.816066e+08   0.000000e+00  68857s
[2019-04-12 09:25:53] SOLVER   894734    2.7301526e+05   2.432527e+08   0.000000e+00  69264s
[2019-04-12 09:31:57] SOLVER   895394    2.7301533e+05   7.833620e+07   0.000000e+00  69628s
[2019-04-12 09:38:04] SOLVER   896144    2.7301544e+05   1.870817e+08   0.000000e+00  69995s
[2019-04-12 09:44:22] SOLVER   896834    2.7301554e+05   3.255409e+08   0.000000e+00  70373s
[2019-04-12 09:50:56] SOLVER   897584    2.7301565e+05   4.225924e+07   0.000000e+00  70767s
[2019-04-12 09:56:49] SOLVER   898264    2.7301573e+05   1.743355e+07   0.000000e+00  71120s
[2019-04-12 10:03:10] SOLVER   898934    2.7301584e+05   1.367355e+08   0.000000e+00  71501s
[2019-04-12 10:09:23] SOLVER   899574    2.7301597e+05   7.022508e+07   0.000000e+00  71874s
[2019-04-12 10:16:32] SOLVER   900324    2.7301615e+05   5.297069e+08   0.000000e+00  72303s
[2019-04-12 10:23:53] SOLVER   900984    2.7301628e+05   2.123977e+09   0.000000e+00  72744s
[2019-04-12 10:31:23] SOLVER   901664    2.7301646e+05   2.304831e+08   0.000000e+00  73194s
[2019-04-12 10:38:03] SOLVER   902354    2.7301656e+05   3.071743e+08   0.000000e+00  73594s
[2019-04-12 10:44:32] SOLVER   903044    2.7301666e+05   1.483219e+08   0.000000e+00  73983s
[2019-04-12 10:51:27] SOLVER   903914    2.7301681e+05   5.432984e+08   0.000000e+00  74398s
[2019-04-12 10:58:06] SOLVER   904734    2.7301692e+05   1.040162e+08   0.000000e+00  74797s
[2019-04-12 11:04:35] SOLVER   905454    2.7301703e+05   3.327199e+08   0.000000e+00  75186s
[2019-04-12 11:11:09] SOLVER   906154    2.7301712e+05   1.669050e+07   0.000000e+00  75580s
[2019-04-12 11:17:36] SOLVER   906834    2.7301723e+05   4.844723e+07   0.000000e+00  75967s
[2019-04-12 11:24:20] SOLVER   907504    2.7301733e+05   9.824941e+07   0.000000e+00  76371s
[2019-04-12 11:31:07] SOLVER   908244    2.7301742e+05   1.083573e+07   0.000000e+00  76778s
[2019-04-12 11:37:28] SOLVER   908944    2.7301747e+05   2.890719e+07   0.000000e+00  77159s
[2019-04-12 11:43:55] SOLVER   909624    2.7301755e+05   3.826909e+07   0.000000e+00  77546s
[2019-04-12 11:50:56] SOLVER   910284    2.7301764e+05   3.048092e+08   0.000000e+00  77967s
[2019-04-12 11:57:39] SOLVER   911094    2.7301777e+05   1.183492e+08   0.000000e+00  78370s
[2019-04-12 12:04:11] SOLVER   911814    2.7301785e+05   7.021327e+07   0.000000e+00  78762s
[2019-04-12 12:10:17] SOLVER   912474    2.7301793e+05   1.937664e+07   0.000000e+00  79128s
[2019-04-12 12:14:52] SOLVER   913475    2.7301801e+05   4.862520e+08   0.000000e+00  79403s
[2019-04-12 12:20:12] SOLVER   914115    2.7301809e+05   1.608340e+08   0.000000e+00  79720s
[2019-04-12 12:25:49] SOLVER   914785    2.7301819e+05   1.727093e+07   0.000000e+00  80060s
User defined signal 2
