Job <calliope run build/model/model.yaml --save_netcdf build/output/minus6/07.nc --scenario baseline --override_dict "{run.solver_options.FeasibilityTol: 1e-6, run.solver_options.OptimalityTol: 1e-6}"> was submitted from host <eu-login-14-ng> by user <trtim> in cluster <euler> at Mon Mar 25 18:22:58 2019
Job was executed on host(s) <4*eu-a6-001-15>, in queue <normal.24h>, as user <trtim> in cluster <euler> at Mon Mar 25 18:54:04 2019
</cluster/home/trtim> was used as the home directory.
</cluster/home/trtim/Develop/ose-model-comparison> was used as the working directory.
Started at Mon Mar 25 18:54:04 2019
Terminated at Mon Mar 25 22:58:47 2019
Results reported at Mon Mar 25 22:58:47 2019

Your job looked like:

------------------------------------------------------------
# LSBATCH: User input
calliope run build/model/model.yaml --save_netcdf build/output/minus6/07.nc --scenario baseline --override_dict "{run.solver_options.FeasibilityTol: 1e-6, run.solver_options.OptimalityTol: 1e-6}"
------------------------------------------------------------

Exited with exit code 1.

Resource usage summary:

   CPU time :                                   16364.81 sec.
   Max Memory :                                 37926 MB
   Average Memory :                             30706.31 MB
   Total Requested Memory :                     48000.00 MB
   Delta Memory :                               10074.00 MB
   Max Swap :                                   -
   Max Processes :                              4
   Max Threads :                                9
   Run time :                                   14699 sec.
   Turnaround time :                            16549 sec.

The output (if any) follows:

/cluster/work/cpesm/trtim/.conda/envs/ose-model-comparison/lib/python3.6/site-packages/dask/config.py:168: YAMLLoadWarning:

calling yaml.load() without Loader=... is deprecated, as the default Loader is unsafe. Please read https://msg.pyyaml.org/load for full details.

[2019-03-25 18:54:14] INFO     Model: initialising
[2019-03-25 18:54:15] INFO     `run.solver_options.FeasibilityTol`:1e-06 applied from override as new configuration
`run.solver_options.OptimalityTol`:1e-06 applied from override as new configuration
[2019-03-25 18:54:15] INFO     Using scenario `baseline` leading to the application of overrides `['diw_assumptions', 'diw_battery_baseline_cost', 'equal_interest_rate', 'no_hydrogen']`.
[2019-03-25 18:54:15] INFO     `locations.ALB.techs.hydrogen.exists`:False applied from override as new configuration
`locations.AUT.techs.hydrogen.exists`:False applied from override as new configuration
`locations.BEL.techs.hydrogen.exists`:False applied from override as new configuration
`locations.BGR.techs.hydrogen.exists`:False applied from override as new configuration
`locations.BIH.techs.hydrogen.exists`:False applied from override as new configuration
`locations.CHE.techs.hydrogen.exists`:False applied from override as new configuration
`locations.CYP.techs.hydrogen.exists`:False applied from override as new configuration
`locations.CZE.techs.hydrogen.exists`:False applied from override as new configuration
`locations.DEU.techs.hydrogen.exists`:False applied from override as new configuration
`locations.DNK.techs.hydrogen.exists`:False applied from override as new configuration
`locations.ESP.techs.hydrogen.exists`:False applied from override as new configuration
`locations.EST.techs.hydrogen.exists`:False applied from override as new configuration
`locations.FIN.techs.hydrogen.exists`:False applied from override as new configuration
`locations.FRA.techs.hydrogen.exists`:False applied from override as new configuration
`locations.GBR.techs.hydrogen.exists`:False applied from override as new configuration
`locations.GRC.techs.hydrogen.exists`:False applied from override as new configuration
`locations.HRV.techs.hydrogen.exists`:False applied from override as new configuration
`locations.HUN.techs.hydrogen.exists`:False applied from override as new configuration
`locations.IRL.techs.hydrogen.exists`:False applied from override as new configuration
`locations.ITA.techs.hydrogen.exists`:False applied from override as new configuration
`locations.LTU.techs.hydrogen.exists`:False applied from override as new configuration
`locations.LUX.techs.hydrogen.exists`:False applied from override as new configuration
`locations.LVA.techs.hydrogen.exists`:False applied from override as new configuration
`locations.MKD.techs.hydrogen.exists`:False applied from override as new configuration
`locations.MNE.techs.hydrogen.exists`:False applied from override as new configuration
`locations.NLD.techs.hydrogen.exists`:False applied from override as new configuration
`locations.NOR.techs.hydrogen.exists`:False applied from override as new configuration
`locations.POL.techs.hydrogen.exists`:False applied from override as new configuration
`locations.PRT.techs.hydrogen.exists`:False applied from override as new configuration
`locations.ROU.techs.hydrogen.exists`:False applied from override as new configuration
`locations.SRB.techs.hydrogen.exists`:False applied from override as new configuration
`locations.SVK.techs.hydrogen.exists`:False applied from override as new configuration
`locations.SVN.techs.hydrogen.exists`:False applied from override as new configuration
`locations.SWE.techs.hydrogen.exists`:False applied from override as new configuration
`tech_groups.conversion.costs.monetary.interest_rate`:0.04 applied from override as new configuration
`tech_groups.conversion_plus.costs.monetary.interest_rate`:0.04 applied from override as new configuration
`tech_groups.storage.costs.monetary.interest_rate`:0.04 applied from override as new configuration
`tech_groups.supply.costs.monetary.interest_rate`:0.04 applied from override as new configuration
`tech_groups.supply_plus.costs.monetary.interest_rate`:0.04 applied from override as new configuration
`tech_groups.transmission.costs.monetary.interest_rate`:0.04 applied from override as new configuration
Override applied to techs.battery.costs.monetary.energy_cap: 713.47 -> 135.14000000000001
`techs.battery.costs.monetary.interest_rate`:0.04 applied from override as new configuration
Override applied to techs.battery.costs.monetary.om_annual: 12.48 -> 0
Override applied to techs.battery.costs.monetary.om_prod: 0.0028 -> 0
Override applied to techs.battery.costs.monetary.storage_cap: 322.73 -> 315.32
`techs.battery.energy_eff`:0.9591663046625439 applied from override as new configuration
Override applied to techs.ccgt.costs.monetary.om_con: 0.03761 -> 0.03168
Override applied to techs.ccgt.costs.monetary.om_prod: 0.000132 -> 0.014832000000000001
Override applied to techs.coal.costs.monetary.om_con: 0.010920000000000001 -> 0.009720000000000001
Override applied to techs.coal.costs.monetary.om_prod: 0.001315 -> 0.025915
Override applied to techs.lignite.costs.monetary.om_con: 0.010920000000000001 -> 0.00396
Override applied to techs.lignite.costs.monetary.om_prod: 0.001315 -> 0.028614999999999998
Override applied to techs.nuclear.costs.monetary.om_con: 0.0064 -> 0.0016899999999999999
Override applied to techs.nuclear.costs.monetary.om_prod: 0.0006580000000000001 -> 0.001018
[2019-03-25 18:54:16] INFO     Model: preprocessing stage 1 (model_run)
[2019-03-25 18:54:24] INFO     Model: preprocessing stage 2 (model_data)
[2019-03-25 18:55:31] INFO     Model: preprocessing complete. Time since start: 0:01:16.814149
[2019-03-25 18:55:31] INFO     Backend: starting model run
[2019-03-25 19:10:17] INFO     Backend: model generated. Time since start: 0:16:02.733001
[2019-03-25 19:10:17] INFO     Backend: sending model to solver
[2019-03-25 19:23:04] SOLVER   Parameter OutputFlag unchanged
[2019-03-25 19:23:04] SOLVER   Value: 1  Min: 0  Max: 1  Default: 1
[2019-03-25 19:23:04] SOLVER   Changed value of parameter LogFile to /cluster/work/cpesm/trtim/ose-model-comparison/tmpio8_ij2w.log
[2019-03-25 19:23:04] SOLVER   Prev: gurobi.log  Default:
[2019-03-25 19:23:04] SOLVER   Parameter FeasibilityTol unchanged
[2019-03-25 19:23:04] SOLVER   Value: 1e-06  Min: 1e-09  Max: 0.01  Default: 1e-06
[2019-03-25 19:23:04] SOLVER   Changed value of parameter Method to 2
[2019-03-25 19:23:04] SOLVER   Prev: -1  Min: -1  Max: 5  Default: -1
[2019-03-25 19:23:04] SOLVER   Parameter OptimalityTol unchanged
[2019-03-25 19:23:04] SOLVER   Value: 1e-06  Min: 1e-09  Max: 0.01  Default: 1e-06
[2019-03-25 19:23:04] SOLVER   Changed value of parameter Threads to 4
[2019-03-25 19:23:04] SOLVER   Prev: 0  Min: 0  Max: 1024  Default: 0
[2019-03-25 19:23:04] SOLVER   Optimize a model with 9340786 rows, 7221010 columns and 24514096 nonzeros
[2019-03-25 19:23:04] SOLVER   Coefficient statistics:
[2019-03-25 19:23:04] SOLVER   Matrix range     [1e-05, 4e+02]
[2019-03-25 19:23:04] SOLVER   Objective range  [1e+00, 1e+00]
[2019-03-25 19:23:04] SOLVER   Bounds range     [5e-02, 2e+03]
[2019-03-25 19:23:04] SOLVER   RHS range        [7e-03, 2e+03]
[2019-03-25 19:23:09] SOLVER   Presolve removed 6267467 rows and 4374384 columns (presolve time = 5s) ...
[2019-03-25 19:23:17] SOLVER   Presolve removed 6909505 rows and 5016422 columns (presolve time = 13s) ...
[2019-03-25 19:23:19] SOLVER   Presolve removed 6939760 rows and 5016432 columns (presolve time = 15s) ...
[2019-03-25 19:23:21] SOLVER   Presolve removed 6939760 rows and 5016432 columns
[2019-03-25 19:23:21] SOLVER   Presolve time: 17.23s
[2019-03-25 19:23:21] SOLVER   Presolved: 2401026 rows, 2204578 columns, 8737607 nonzeros
[2019-03-25 19:23:46] SOLVER   Ordering time: 0.00s
[2019-03-25 19:23:50] SOLVER   Barrier statistics:
[2019-03-25 19:23:50] SOLVER   Dense cols : 270
[2019-03-25 19:23:50] SOLVER   AA' NZ     : 8.083e+06
[2019-03-25 19:23:50] SOLVER   Factor NZ  : 4.940e+07 (roughly 2.3 GBytes of memory)
[2019-03-25 19:23:50] SOLVER   Factor Ops : 1.057e+10 (less than 1 second per iteration)
[2019-03-25 19:23:50] SOLVER   Threads    : 4
[2019-03-25 19:23:52] SOLVER   Objective                Residual
[2019-03-25 19:23:52] SOLVER   Iter       Primal          Dual         Primal    Dual     Compl     Time
[2019-03-25 19:23:53] SOLVER   0   1.11153753e+08 -1.09281141e+08  1.68e+07 4.56e-01  9.17e+04    49s
[2019-03-25 19:23:55] SOLVER   1   1.30648078e+08 -1.13882685e+08  1.06e+07 3.84e+01  6.98e+04    52s
[2019-03-25 19:23:59] SOLVER   2   1.32078584e+08 -1.40766502e+08  1.01e+07 3.20e+01  6.26e+04    55s
[2019-03-25 19:24:03] SOLVER   3   1.23095719e+08 -3.58900188e+08  8.97e+06 2.46e+01  5.35e+04    60s
[2019-03-25 19:24:07] SOLVER   4   9.36192792e+07 -1.44204157e+09  7.69e+06 1.63e+01  4.42e+04    63s
[2019-03-25 19:24:09] SOLVER   5   8.15208662e+07 -2.24141212e+09  6.75e+06 8.48e+00  3.67e+04    66s
[2019-03-25 19:24:12] SOLVER   6   5.68046491e+07 -2.48555857e+09  3.95e+06 5.89e+00  2.22e+04    68s
[2019-03-25 19:24:15] SOLVER   7   3.80743051e+07 -2.39931590e+09  2.12e+06 1.23e+00  1.13e+04    72s
[2019-03-25 19:24:19] SOLVER   8   3.51901174e+07 -2.04319518e+09  1.83e+06 4.21e-01  9.34e+03    76s
[2019-03-25 19:24:23] SOLVER   9   3.03657149e+07 -1.87338630e+09  1.38e+06 2.59e-01  7.11e+03    79s
[2019-03-25 19:24:25] SOLVER   10   2.34514864e+07 -1.47249698e+09  6.96e+05 1.02e-01  3.63e+03    82s
[2019-03-25 19:24:28] SOLVER   11   1.85594637e+07 -1.06705442e+09  2.81e+05 3.99e-02  1.51e+03    84s
[2019-03-25 19:24:31] SOLVER   12   1.70125276e+07 -7.86111045e+08  1.27e+05 1.95e-02  7.25e+02    88s
[2019-03-25 19:24:34] SOLVER   13   1.66567839e+07 -7.09085865e+08  7.91e+04 1.60e-02  4.93e+02    91s
[2019-03-25 19:24:38] SOLVER   14   1.61623033e+07 -5.57183588e+08  4.16e+04 1.04e-02  2.90e+02    94s
[2019-03-25 19:24:42] SOLVER   15   1.54746560e+07 -2.35031627e+08  1.87e+04 1.15e-03  1.16e+02    98s
[2019-03-25 19:24:45] SOLVER   16   1.32902003e+07 -1.26833730e+08  1.01e+04 3.58e-07  5.61e+01   102s
[2019-03-25 19:24:48] SOLVER   17   1.24678143e+07 -1.22881883e+08  8.64e+03 3.31e-07  5.08e+01   104s
[2019-03-25 19:24:51] SOLVER   18   1.08720142e+07 -9.41353737e+07  6.08e+03 1.13e-07  3.56e+01   107s
[2019-03-25 19:24:54] SOLVER   19   9.42150732e+06 -5.79085510e+07  4.48e+03 1.63e-09  2.19e+01   111s
[2019-03-25 19:24:57] SOLVER   20   7.49127949e+06 -2.75402141e+07  3.03e+03 3.84e-08  1.09e+01   113s
[2019-03-25 19:25:00] SOLVER   21   4.85717390e+06 -1.58810691e+07  1.58e+03 4.36e-09  5.70e+00   117s
[2019-03-25 19:25:04] SOLVER   22   3.96106676e+06 -1.03487850e+07  1.18e+03 8.87e-10  3.76e+00   121s
[2019-03-25 19:25:08] SOLVER   23   3.19678788e+06 -7.43373501e+06  8.74e+02 1.19e-09  2.68e+00   124s
[2019-03-25 19:25:11] SOLVER   24   2.61480903e+06 -6.06325454e+06  6.61e+02 5.81e-10  2.11e+00   127s
[2019-03-25 19:25:13] SOLVER   25   2.01330028e+06 -4.86009491e+06  4.47e+02 4.52e-10  1.59e+00   130s
[2019-03-25 19:25:17] SOLVER   26   1.57594537e+06 -3.03943232e+06  2.22e+02 3.30e-10  1.04e+00   133s
[2019-03-25 19:25:19] SOLVER   27   1.26304831e+06 -2.23429011e+06  1.47e+02 2.52e-10  7.64e-01   136s
[2019-03-25 19:25:23] SOLVER   28   1.11513757e+06 -1.09135666e+06  1.20e+02 3.29e-10  4.78e-01   139s
[2019-03-25 19:25:26] SOLVER   29   9.42217370e+05 -7.31378501e+05  9.07e+01 1.15e-09  3.57e-01   143s
[2019-03-25 19:25:30] SOLVER   30   8.61229413e+05 -6.12806639e+05  7.72e+01 9.45e-10  3.12e-01   146s
[2019-03-25 19:25:32] SOLVER   31   8.15449976e+05 -5.61084078e+05  6.75e+01 8.85e-10  2.90e-01   149s
[2019-03-25 19:25:35] SOLVER   32   7.51645061e+05 -3.45482306e+05  4.67e+01 4.64e-10  2.29e-01   152s
[2019-03-25 19:25:39] SOLVER   33   6.51976272e+05 -2.22999301e+05  4.37e+01 4.13e-10  1.81e-01   156s
[2019-03-25 19:25:43] SOLVER   34   5.80753699e+05 -2.88087330e+04  2.25e+01 2.63e-10  1.25e-01   159s
[2019-03-25 19:25:45] SOLVER   35   5.46577835e+05  5.81398759e+04  1.90e+01 2.24e-10  9.97e-02   162s
[2019-03-25 19:25:48] SOLVER   36   5.38492975e+05  1.05015767e+05  1.82e+01 1.86e-10  8.85e-02   164s
[2019-03-25 19:25:51] SOLVER   37   5.07423156e+05  1.72902577e+05  1.50e+01 1.59e-10  6.81e-02   167s
[2019-03-25 19:25:54] SOLVER   38   4.67045754e+05  2.12846183e+05  1.11e+01 1.06e-10  5.15e-02   171s
[2019-03-25 19:25:58] SOLVER   39   4.43498797e+05  2.37204404e+05  8.85e+00 8.61e-11  4.17e-02   175s
[2019-03-25 19:26:02] SOLVER   40   4.28731010e+05  2.58397247e+05  7.23e+00 6.31e-11  3.43e-02   178s
[2019-03-25 19:26:04] SOLVER   41   4.22142261e+05  2.70450155e+05  6.57e+00 5.15e-11  3.05e-02   181s
[2019-03-25 19:26:07] SOLVER   42   4.08651099e+05  2.79049181e+05  5.16e+00 4.91e-11  2.61e-02   184s
[2019-03-25 19:26:11] SOLVER   43   3.96398042e+05  2.83927867e+05  3.72e+00 5.46e-11  2.26e-02   187s
[2019-03-25 19:26:13] SOLVER   44   3.89586378e+05  2.90629950e+05  2.75e+00 3.67e-11  1.98e-02   190s
[2019-03-25 19:26:17] SOLVER   45   3.82047685e+05  2.96478260e+05  2.15e+00 3.18e-11  1.71e-02   193s
[2019-03-25 19:26:21] SOLVER   46   3.72678159e+05  3.04270979e+05  1.73e+00 2.27e-11  1.37e-02   197s
[2019-03-25 19:26:24] SOLVER   47   3.70231568e+05  3.11978280e+05  1.61e+00 1.65e-11  1.17e-02   201s
[2019-03-25 19:26:27] SOLVER   48   3.67725961e+05  3.14703407e+05  1.49e+00 3.00e-11  1.06e-02   203s
[2019-03-25 19:26:30] SOLVER   49   3.63148248e+05  3.16035621e+05  1.28e+00 1.82e-11  9.41e-03   206s
[2019-03-25 19:26:33] SOLVER   50   3.62397855e+05  3.17553153e+05  1.24e+00 1.48e-11  8.96e-03   210s
[2019-03-25 19:26:36] SOLVER   51   3.60156157e+05  3.19632555e+05  1.13e+00 1.18e-11  8.09e-03   212s
[2019-03-25 19:26:39] SOLVER   52   3.58894421e+05  3.21282903e+05  1.08e+00 1.71e-11  7.51e-03   216s
[2019-03-25 19:26:43] SOLVER   53   3.56364651e+05  3.24273662e+05  9.58e-01 2.86e-11  6.41e-03   220s
[2019-03-25 19:26:47] SOLVER   54   3.52480118e+05  3.25259197e+05  7.88e-01 1.51e-11  5.43e-03   223s
[2019-03-25 19:26:49] SOLVER   55   3.51134469e+05  3.26793245e+05  7.21e-01 1.92e-11  4.86e-03   226s
[2019-03-25 19:26:52] SOLVER   56   3.50402402e+05  3.27122857e+05  6.84e-01 3.56e-11  4.64e-03   229s
[2019-03-25 19:26:55] SOLVER   57   3.49742011e+05  3.27440764e+05  6.53e-01 1.01e-11  4.45e-03   232s
[2019-03-25 19:26:58] SOLVER   58   3.49545932e+05  3.27505438e+05  6.44e-01 2.24e-11  4.40e-03   235s
[2019-03-25 19:27:02] SOLVER   59   3.48764363e+05  3.28076898e+05  6.05e-01 2.79e-11  4.13e-03   238s
[2019-03-25 19:27:06] SOLVER   60   3.47621073e+05  3.29734437e+05  5.49e-01 2.79e-11  3.57e-03   242s
[2019-03-25 19:27:09] SOLVER   61   3.47399487e+05  3.30064754e+05  5.38e-01 3.97e-11  3.46e-03   245s
[2019-03-25 19:27:11] SOLVER   62   3.47151705e+05  3.30198567e+05  5.26e-01 2.01e-11  3.38e-03   248s
[2019-03-25 19:27:14] SOLVER   63   3.46456622e+05  3.30800115e+05  4.94e-01 3.97e-11  3.12e-03   250s
[2019-03-25 19:27:17] SOLVER   64   3.44393033e+05  3.31393282e+05  3.98e-01 3.60e-11  2.59e-03   254s
[2019-03-25 19:27:20] SOLVER   65   3.43823240e+05  3.31789335e+05  3.71e-01 3.42e-11  2.40e-03   256s
[2019-03-25 19:27:23] SOLVER   66   3.43160277e+05  3.32244185e+05  3.38e-01 3.61e-11  2.18e-03   259s
[2019-03-25 19:27:26] SOLVER   67   3.43024151e+05  3.32512867e+05  3.32e-01 3.29e-11  2.09e-03   262s
[2019-03-25 19:27:31] SOLVER   68   3.41784529e+05  3.32836616e+05  2.73e-01 3.29e-11  1.78e-03   267s
[2019-03-25 19:27:34] SOLVER   69   3.41470805e+05  3.32956816e+05  2.58e-01 3.29e-11  1.70e-03   271s
[2019-03-25 19:27:38] SOLVER   70   3.41323598e+05  3.33343718e+05  2.51e-01 2.79e-11  1.59e-03   274s
[2019-03-25 19:27:40] SOLVER   71   3.40665121e+05  3.33565388e+05  2.18e-01 1.92e-11  1.41e-03   277s
[2019-03-25 19:27:42] SOLVER   72   3.40609678e+05  3.33593464e+05  2.15e-01 2.92e-11  1.40e-03   279s
[2019-03-25 19:27:45] SOLVER   73   3.40411828e+05  3.33775312e+05  2.06e-01 3.38e-11  1.32e-03   282s
[2019-03-25 19:27:48] SOLVER   74   3.40224119e+05  3.33888123e+05  1.96e-01 2.88e-11  1.26e-03   284s
[2019-03-25 19:27:50] SOLVER   75   3.39941992e+05  3.34121774e+05  1.80e-01 1.86e-11  1.16e-03   287s
[2019-03-25 19:27:53] SOLVER   76   3.39836590e+05  3.34386340e+05  1.75e-01 3.33e-11  1.09e-03   289s
[2019-03-25 19:27:55] SOLVER   77   3.39424942e+05  3.34716545e+05  1.54e-01 8.41e-11  9.38e-04   292s
[2019-03-25 19:27:58] SOLVER   78   3.39132137e+05  3.34948299e+05  1.40e-01 1.03e-10  8.33e-04   295s
[2019-03-25 19:28:02] SOLVER   79   3.38900873e+05  3.35243160e+05  1.28e-01 1.16e-10  7.28e-04   299s
[2019-03-25 19:28:06] SOLVER   80   3.38381245e+05  3.35383425e+05  1.03e-01 1.12e-10  5.97e-04   302s
[2019-03-25 19:28:08] SOLVER   81   3.38334018e+05  3.35448764e+05  1.01e-01 5.87e-11  5.74e-04   305s
[2019-03-25 19:28:11] SOLVER   82   3.38300035e+05  3.35469425e+05  9.91e-02 5.42e-11  5.63e-04   307s
[2019-03-25 19:28:14] SOLVER   83   3.38120499e+05  3.35531812e+05  9.02e-02 4.83e-11  5.15e-04   310s
[2019-03-25 19:28:17] SOLVER   84   3.38048718e+05  3.35556877e+05  8.65e-02 4.97e-11  4.96e-04   313s
[2019-03-25 19:28:20] SOLVER   85   3.37845077e+05  3.35684626e+05  7.68e-02 6.80e-11  4.30e-04   316s
[2019-03-25 19:28:24] SOLVER   86   3.37779004e+05  3.35782471e+05  7.36e-02 8.31e-11  3.97e-04   320s
[2019-03-25 19:28:27] SOLVER   87   3.37539767e+05  3.35827144e+05  6.15e-02 7.04e-11  3.41e-04   324s
[2019-03-25 19:28:30] SOLVER   88   3.37514328e+05  3.35855397e+05  6.02e-02 6.47e-11  3.30e-04   326s
[2019-03-25 19:28:32] SOLVER   89   3.37472561e+05  3.35864313e+05  5.79e-02 6.61e-11  3.20e-04   329s
[2019-03-25 19:28:35] SOLVER   90   3.37374313e+05  3.35886919e+05  5.30e-02 6.22e-11  2.96e-04   332s
[2019-03-25 19:28:38] SOLVER   91   3.37308109e+05  3.35902215e+05  4.95e-02 6.47e-11  2.80e-04   334s
[2019-03-25 19:28:41] SOLVER   92   3.37246080e+05  3.35934103e+05  4.65e-02 5.30e-11  2.61e-04   338s
[2019-03-25 19:28:45] SOLVER   93   3.37150630e+05  3.35986805e+05  4.18e-02 5.83e-11  2.31e-04   342s
[2019-03-25 19:28:48] SOLVER   94   3.37109740e+05  3.36010026e+05  3.97e-02 5.09e-11  2.19e-04   345s
[2019-03-25 19:28:51] SOLVER   95   3.37100529e+05  3.36017592e+05  3.92e-02 4.38e-11  2.15e-04   347s
[2019-03-25 19:28:53] SOLVER   96   3.37075365e+05  3.36035971e+05  3.78e-02 4.41e-11  2.07e-04   350s
[2019-03-25 19:28:57] SOLVER   97   3.37007434e+05  3.36061496e+05  3.40e-02 6.30e-11  1.88e-04   353s
[2019-03-25 19:28:59] SOLVER   98   3.36966389e+05  3.36076019e+05  3.18e-02 6.50e-11  1.77e-04   356s
[2019-03-25 19:29:02] SOLVER   99   3.36927679e+05  3.36108294e+05  2.97e-02 3.51e-11  1.63e-04   359s
[2019-03-25 19:29:06] SOLVER   100   3.36904917e+05  3.36121094e+05  2.85e-02 5.73e-11  1.56e-04   363s
[2019-03-25 19:29:10] SOLVER   101   3.36875408e+05  3.36130561e+05  2.70e-02 3.82e-11  1.48e-04   366s
[2019-03-25 19:29:12] SOLVER   102   3.36868713e+05  3.36134071e+05  2.67e-02 3.46e-11  1.46e-04   369s
[2019-03-25 19:29:15] SOLVER   103   3.36859499e+05  3.36138950e+05  2.62e-02 4.64e-11  1.43e-04   371s
[2019-03-25 19:29:18] SOLVER   104   3.36827999e+05  3.36151657e+05  2.45e-02 3.55e-11  1.34e-04   374s
[2019-03-25 19:29:20] SOLVER   105   3.36816710e+05  3.36154904e+05  2.39e-02 4.50e-11  1.32e-04   377s
[2019-03-25 19:29:24] SOLVER   106   3.36792666e+05  3.36178058e+05  2.26e-02 5.28e-11  1.22e-04   380s
[2019-03-25 19:29:28] SOLVER   107   3.36743450e+05  3.36187464e+05  2.01e-02 4.00e-11  1.10e-04   384s
[2019-03-25 19:29:31] SOLVER   108   3.36741394e+05  3.36194391e+05  2.00e-02 4.00e-11  1.09e-04   388s
[2019-03-25 19:29:34] SOLVER   109   3.36730881e+05  3.36212361e+05  1.94e-02 5.78e-11  1.03e-04   390s
[2019-03-25 19:29:36] SOLVER   110   3.36708307e+05  3.36220898e+05  1.81e-02 4.41e-11  9.69e-05   393s
[2019-03-25 19:29:39] SOLVER   111   3.36686053e+05  3.36232973e+05  1.70e-02 3.37e-11  9.01e-05   396s
[2019-03-25 19:29:42] SOLVER   112   3.36651848e+05  3.36249293e+05  1.51e-02 2.09e-10  8.00e-05   398s
[2019-03-25 19:29:45] SOLVER   113   3.36631062e+05  3.36258092e+05  1.39e-02 1.98e-10  7.41e-05   401s
[2019-03-25 19:29:49] SOLVER   114   3.36581380e+05  3.36278810e+05  1.13e-02 1.13e-09  6.01e-05   406s
[2019-03-25 19:29:52] SOLVER   115   3.36563808e+05  3.36302179e+05  1.03e-02 6.15e-11  5.20e-05   409s
[2019-03-25 19:29:55] SOLVER   116   3.36553467e+05  3.36309021e+05  9.74e-03 3.22e-10  4.86e-05   411s
[2019-03-25 19:29:57] SOLVER   117   3.36530151e+05  3.36315963e+05  8.43e-03 1.58e-09  4.26e-05   414s
[2019-03-25 19:30:01] SOLVER   118   3.36513349e+05  3.36329130e+05  7.52e-03 1.45e-09  3.66e-05   417s
[2019-03-25 19:30:05] SOLVER   119   3.36489320e+05  3.36334092e+05  6.25e-03 2.40e-10  3.09e-05   421s
[2019-03-25 19:30:08] SOLVER   120   3.36475933e+05  3.36343030e+05  5.52e-03 8.93e-11  2.64e-05   424s
[2019-03-25 19:30:10] SOLVER   121   3.36466823e+05  3.36344965e+05  5.02e-03 9.05e-11  2.42e-05   427s
[2019-03-25 19:30:13] SOLVER   122   3.36464686e+05  3.36346422e+05  4.91e-03 8.82e-11  2.35e-05   429s
[2019-03-25 19:30:15] SOLVER   123   3.36459127e+05  3.36349338e+05  4.60e-03 8.61e-11  2.18e-05   432s
[2019-03-25 19:30:19] SOLVER   124   3.36445368e+05  3.36351791e+05  3.90e-03 1.07e-09  1.86e-05   435s
[2019-03-25 19:30:23] SOLVER   125   3.36439274e+05  3.36356820e+05  3.56e-03 9.73e-11  1.64e-05   439s
[2019-03-25 19:30:26] SOLVER   126   3.36427121e+05  3.36358486e+05  2.91e-03 7.35e-11  1.36e-05   442s
[2019-03-25 19:30:28] SOLVER   127   3.36423121e+05  3.36359886e+05  2.68e-03 7.05e-11  1.26e-05   445s
[2019-03-25 19:30:31] SOLVER   128   3.36421208e+05  3.36360879e+05  2.58e-03 6.74e-11  1.20e-05   447s
[2019-03-25 19:30:34] SOLVER   129   3.36418011e+05  3.36362549e+05  2.39e-03 6.70e-11  1.10e-05   450s
[2019-03-25 19:30:37] SOLVER   130   3.36416127e+05  3.36362875e+05  2.28e-03 6.69e-11  1.06e-05   453s
[2019-03-25 19:30:40] SOLVER   131   3.36408190e+05  3.36363858e+05  1.87e-03 6.24e-11  8.81e-06   456s
[2019-03-25 19:30:44] SOLVER   132   3.36403594e+05  3.36366379e+05  1.60e-03 6.14e-11  7.40e-06   460s
[2019-03-25 19:30:47] SOLVER   133   3.36401302e+05  3.36367966e+05  1.48e-03 6.48e-11  6.63e-06   463s
[2019-03-25 19:30:50] SOLVER   134   3.36399704e+05  3.36368700e+05  1.38e-03 6.27e-11  6.16e-06   466s
[2019-03-25 19:30:52] SOLVER   135   3.36396906e+05  3.36369388e+05  1.22e-03 1.30e-10  5.47e-06   469s
[2019-03-25 19:30:55] SOLVER   136   3.36393985e+05  3.36370414e+05  1.05e-03 1.67e-10  4.69e-06   472s
[2019-03-25 19:30:58] SOLVER   137   3.36392877e+05  3.36370848e+05  9.87e-04 1.92e-10  4.38e-06   474s
[2019-03-25 19:31:01] SOLVER   138   3.36389133e+05  3.36371143e+05  7.87e-04 2.06e-10  3.58e-06   477s
[2019-03-25 19:31:05] SOLVER   139   3.36388671e+05  3.36371326e+05  7.63e-04 2.09e-10  3.45e-06   481s
[2019-03-25 19:31:08] SOLVER   140   3.36386331e+05  3.36371742e+05  6.28e-04 1.87e-07  2.90e-06   485s
[2019-03-25 19:31:11] SOLVER   141   3.36384623e+05  3.36372075e+05  5.28e-04 1.70e-07  2.49e-06   487s
[2019-03-25 19:31:13] SOLVER   142   3.36383799e+05  3.36372516e+05  4.80e-04 1.46e-07  2.24e-06   490s
[2019-03-25 19:31:16] SOLVER   143   3.36382336e+05  3.36373365e+05  3.98e-04 1.01e-07  1.78e-06   493s
[2019-03-25 19:31:19] SOLVER   144   3.36381611e+05  3.36373485e+05  3.56e-04 9.50e-08  1.61e-06   495s
[2019-03-25 19:31:22] SOLVER   145   3.36380803e+05  3.36373921e+05  3.13e-04 7.18e-08  1.37e-06   498s
[2019-03-25 19:31:26] SOLVER   146   3.36380208e+05  3.36374072e+05  2.82e-04 6.38e-08  1.22e-06   502s
[2019-03-25 19:31:29] SOLVER   147   3.36379823e+05  3.36374213e+05  2.61e-04 5.45e-08  1.12e-06   506s
[2019-03-25 19:31:32] SOLVER   148   3.36379515e+05  3.36374262e+05  2.43e-04 5.16e-08  1.04e-06   508s
[2019-03-25 19:31:34] SOLVER   149   3.36379387e+05  3.36374321e+05  2.36e-04 4.81e-08  1.01e-06   511s
[2019-03-25 19:31:37] SOLVER   150   3.36379036e+05  3.36374375e+05  2.15e-04 4.54e-08  9.27e-07   514s
[2019-03-25 19:31:40] SOLVER   151   3.36378863e+05  3.36374447e+05  2.05e-04 4.18e-08  8.78e-07   517s
[2019-03-25 19:31:43] SOLVER   152   3.36378526e+05  3.36374660e+05  1.85e-04 3.12e-08  7.69e-07   519s
[2019-03-25 19:31:47] SOLVER   153   3.36377664e+05  3.36374736e+05  1.35e-04 2.70e-08  5.82e-07   523s
[2019-03-25 19:31:50] SOLVER   154   3.36377432e+05  3.36374849e+05  1.22e-04 2.19e-08  5.14e-07   526s
[2019-03-25 19:31:52] SOLVER   155   3.36377352e+05  3.36374869e+05  1.17e-04 2.09e-08  4.94e-07   529s
[2019-03-25 19:31:55] SOLVER   156   3.36377171e+05  3.36374893e+05  1.07e-04 1.96e-08  4.53e-07   531s
[2019-03-25 19:31:58] SOLVER   157   3.36376881e+05  3.36375002e+05  9.11e-05 1.40e-08  3.74e-07   534s
[2019-03-25 19:32:01] SOLVER   158   3.36376703e+05  3.36375028e+05  8.03e-05 1.00e-04  3.33e-07   538s
[2019-03-25 19:32:05] SOLVER   159   3.36376593e+05  3.36375057e+05  7.44e-05 8.93e-05  3.06e-07   541s
[2019-03-25 19:32:08] SOLVER   160   3.36376446e+05  3.36375075e+05  6.59e-05 8.22e-05  2.73e-07   544s
[2019-03-25 19:32:12] SOLVER   161   3.36376314e+05  3.36375120e+05  5.90e-05 6.52e-05  2.38e-07   549s
[2019-03-25 19:32:16] SOLVER   162   3.36376232e+05  3.36375131e+05  5.45e-05 6.09e-05  2.19e-07   553s
[2019-03-25 19:32:20] SOLVER   163   3.36376103e+05  3.36375148e+05  4.73e-05 5.42e-05  1.90e-07   556s
[2019-03-25 19:32:22] SOLVER   164   3.36376065e+05  3.36375156e+05  4.52e-05 5.05e-05  1.81e-07   558s
[2019-03-25 19:32:24] SOLVER   165   3.36376025e+05  3.36375166e+05  4.28e-05 4.68e-05  1.71e-07   561s
[2019-03-25 19:32:27] SOLVER   166   3.36375957e+05  3.36375184e+05  3.88e-05 3.87e-05  1.54e-07   563s
[2019-03-25 19:32:29] SOLVER   167   3.36375860e+05  3.36375190e+05  3.31e-05 3.65e-05  1.33e-07   566s
[2019-03-25 19:32:32] SOLVER   168   3.36375831e+05  3.36375206e+05  3.14e-05 2.02e-05  1.24e-07   568s
[2019-03-25 19:32:34] SOLVER   169   3.36375717e+05  3.36375218e+05  2.48e-05 1.70e-05  9.94e-08   571s
[2019-03-25 19:32:37] SOLVER   170   3.36375663e+05  3.36375223e+05  2.18e-05 1.57e-05  8.75e-08   574s
[2019-03-25 19:32:40] SOLVER   171   3.36375646e+05  3.36375225e+05  2.07e-05 1.54e-05  8.37e-08   576s
[2019-03-25 19:32:43] SOLVER   172   3.36375618e+05  3.36375232e+05  1.91e-05 1.37e-05  7.67e-08   579s
[2019-03-25 19:32:46] SOLVER   173   3.36375605e+05  3.36375234e+05  1.83e-05 1.31e-05  7.37e-08   582s
[2019-03-25 19:32:46] SOLVER   Barrier solved model in 173 iterations and 582.48 seconds
[2019-03-25 19:32:46] SOLVER   Optimal objective 3.36375605e+05
[2019-03-25 19:32:48] SOLVER   Crossover log...
[2019-03-25 19:32:49] SOLVER   658518 DPushes remaining with DInf 1.8336515e+02               585s
[2019-03-25 19:32:54] SOLVER   567825 DPushes remaining with DInf 1.8240738e+02               590s
[2019-03-25 19:32:59] SOLVER   564849 DPushes remaining with DInf 1.8240738e+02               595s
[2019-03-25 19:33:04] SOLVER   561873 DPushes remaining with DInf 1.8240738e+02               600s
[2019-03-25 19:33:10] SOLVER   554704 DPushes remaining with DInf 1.8193181e+02               607s
[2019-03-25 19:33:14] SOLVER   551313 DPushes remaining with DInf 1.8191450e+02               610s
[2019-03-25 19:33:19] SOLVER   548059 DPushes remaining with DInf 4.0168252e+02               615s
[2019-03-25 19:33:24] SOLVER   543595 DPushes remaining with DInf 4.0167288e+02               621s
[2019-03-25 19:33:33] SOLVER   542107 DPushes remaining with DInf 4.0167288e+02               630s
[2019-03-25 19:33:38] SOLVER   541363 DPushes remaining with DInf 4.0167288e+02               635s
[2019-03-25 19:33:43] SOLVER   540619 DPushes remaining with DInf 4.0167288e+02               639s
[2019-03-25 19:33:47] SOLVER   539875 DPushes remaining with DInf 4.0167288e+02               644s
[2019-03-25 19:33:52] SOLVER   539131 DPushes remaining with DInf 4.0167288e+02               648s
[2019-03-25 19:33:55] SOLVER   538387 DPushes remaining with DInf 4.0167288e+02               651s
[2019-03-25 19:33:59] SOLVER   536899 DPushes remaining with DInf 4.0167288e+02               655s
[2019-03-25 19:34:04] SOLVER   533923 DPushes remaining with DInf 4.0167288e+02               660s
[2019-03-25 19:34:09] SOLVER   530947 DPushes remaining with DInf 4.0167288e+02               666s
[2019-03-25 19:34:15] SOLVER   528715 DPushes remaining with DInf 4.0167288e+02               672s
[2019-03-25 19:34:19] SOLVER   527227 DPushes remaining with DInf 4.0167288e+02               675s
[2019-03-25 19:34:25] SOLVER   524251 DPushes remaining with DInf 4.0167288e+02               681s
[2019-03-25 19:34:29] SOLVER   521275 DPushes remaining with DInf 4.0167288e+02               686s
[2019-03-25 19:34:35] SOLVER   518299 DPushes remaining with DInf 4.0167288e+02               691s
[2019-03-25 19:34:40] SOLVER   515323 DPushes remaining with DInf 4.0167288e+02               696s
[2019-03-25 19:34:44] SOLVER   513091 DPushes remaining with DInf 4.0167288e+02               701s
[2019-03-25 19:34:49] SOLVER   510859 DPushes remaining with DInf 4.0167288e+02               705s
[2019-03-25 19:34:55] SOLVER   507883 DPushes remaining with DInf 4.0167288e+02               711s
[2019-03-25 19:34:59] SOLVER   505651 DPushes remaining with DInf 4.0167288e+02               716s
[2019-03-25 19:35:04] SOLVER   501931 DPushes remaining with DInf 4.0167288e+02               721s
[2019-03-25 19:35:09] SOLVER   498211 DPushes remaining with DInf 4.0167288e+02               726s
[2019-03-25 19:35:14] SOLVER   494491 DPushes remaining with DInf 4.0164480e+02               730s
[2019-03-25 19:35:19] SOLVER   492259 DPushes remaining with DInf 4.0164480e+02               735s
[2019-03-25 19:35:24] SOLVER   490027 DPushes remaining with DInf 4.0164480e+02               741s
[2019-03-25 19:35:31] SOLVER   487795 DPushes remaining with DInf 4.0164480e+02               747s
[2019-03-25 19:35:34] SOLVER   487051 DPushes remaining with DInf 4.0164480e+02               750s
[2019-03-25 19:35:40] SOLVER   485563 DPushes remaining with DInf 4.0164480e+02               757s
[2019-03-25 19:35:46] SOLVER   484075 DPushes remaining with DInf 4.0164480e+02               763s
[2019-03-25 19:35:49] SOLVER   483331 DPushes remaining with DInf 4.0164480e+02               766s
[2019-03-25 19:35:56] SOLVER   481843 DPushes remaining with DInf 4.0164480e+02               773s
[2019-03-25 19:35:59] SOLVER   481099 DPushes remaining with DInf 4.0164480e+02               776s
[2019-03-25 19:36:06] SOLVER   478867 DPushes remaining with DInf 4.0164480e+02               783s
[2019-03-25 19:36:10] SOLVER   478123 DPushes remaining with DInf 4.0164480e+02               786s
[2019-03-25 19:36:16] SOLVER   476635 DPushes remaining with DInf 4.0164480e+02               793s
[2019-03-25 19:36:19] SOLVER   475891 DPushes remaining with DInf 4.0164480e+02               796s
[2019-03-25 19:36:26] SOLVER   474403 DPushes remaining with DInf 4.0164480e+02               802s
[2019-03-25 19:36:29] SOLVER   473659 DPushes remaining with DInf 4.0164480e+02               805s
[2019-03-25 19:36:34] SOLVER   472171 DPushes remaining with DInf 4.0164480e+02               811s
[2019-03-25 19:36:39] SOLVER   470683 DPushes remaining with DInf 4.0164480e+02               816s
[2019-03-25 19:36:44] SOLVER   469195 DPushes remaining with DInf 4.0164480e+02               821s
[2019-03-25 19:36:50] SOLVER   467707 DPushes remaining with DInf 4.0164480e+02               826s
[2019-03-25 19:36:55] SOLVER   466219 DPushes remaining with DInf 4.0164480e+02               831s
[2019-03-25 19:37:01] SOLVER   464731 DPushes remaining with DInf 4.0164480e+02               837s
[2019-03-25 19:37:06] SOLVER   463243 DPushes remaining with DInf 4.0164480e+02               842s
[2019-03-25 19:37:11] SOLVER   461755 DPushes remaining with DInf 4.0164480e+02               847s
[2019-03-25 19:37:16] SOLVER   460267 DPushes remaining with DInf 4.0164480e+02               853s
[2019-03-25 19:37:19] SOLVER   459523 DPushes remaining with DInf 4.0164480e+02               855s
[2019-03-25 19:37:26] SOLVER   457291 DPushes remaining with DInf 4.0164480e+02               862s
[2019-03-25 19:37:31] SOLVER   455803 DPushes remaining with DInf 4.0164480e+02               867s
[2019-03-25 19:37:36] SOLVER   454315 DPushes remaining with DInf 4.0164480e+02               872s
[2019-03-25 19:37:41] SOLVER   452827 DPushes remaining with DInf 4.0164480e+02               878s
[2019-03-25 19:37:44] SOLVER   452083 DPushes remaining with DInf 4.0164480e+02               880s
[2019-03-25 19:37:49] SOLVER   450595 DPushes remaining with DInf 4.0164480e+02               885s
[2019-03-25 19:37:54] SOLVER   449106 DPushes remaining with DInf 4.0164480e+02               890s
[2019-03-25 19:38:01] SOLVER   446874 DPushes remaining with DInf 4.0164480e+02               898s
[2019-03-25 19:38:05] SOLVER   446130 DPushes remaining with DInf 4.0164480e+02               902s
[2019-03-25 19:38:12] SOLVER   444642 DPushes remaining with DInf 4.0164480e+02               908s
[2019-03-25 19:38:15] SOLVER   443154 DPushes remaining with DInf 4.0164480e+02               912s
[2019-03-25 19:38:19] SOLVER   441666 DPushes remaining with DInf 4.0164480e+02               915s
[2019-03-25 19:38:24] SOLVER   440177 DPushes remaining with DInf 4.0164480e+02               920s
[2019-03-25 19:38:29] SOLVER   437945 DPushes remaining with DInf 4.0164480e+02               925s
[2019-03-25 19:38:37] SOLVER   436457 DPushes remaining with DInf 4.0164480e+02               934s
[2019-03-25 19:38:41] SOLVER   435713 DPushes remaining with DInf 4.0164480e+02               938s
[2019-03-25 19:38:46] SOLVER   434969 DPushes remaining with DInf 4.0164480e+02               942s
[2019-03-25 19:38:50] SOLVER   434225 DPushes remaining with DInf 4.0164480e+02               947s
[2019-03-25 19:38:54] SOLVER   433481 DPushes remaining with DInf 4.0164480e+02               951s
[2019-03-25 19:39:02] SOLVER   431993 DPushes remaining with DInf 4.0164480e+02               959s
[2019-03-25 19:39:05] SOLVER   431249 DPushes remaining with DInf 4.0164480e+02               962s
[2019-03-25 19:39:09] SOLVER   430505 DPushes remaining with DInf 4.0164480e+02               966s
[2019-03-25 19:39:16] SOLVER   429017 DPushes remaining with DInf 4.0164480e+02               973s
[2019-03-25 19:39:20] SOLVER   428273 DPushes remaining with DInf 4.0164480e+02               976s
[2019-03-25 19:39:26] SOLVER   426785 DPushes remaining with DInf 4.0164480e+02               982s
[2019-03-25 19:39:29] SOLVER   426041 DPushes remaining with DInf 4.0164480e+02               985s
[2019-03-25 19:39:35] SOLVER   424553 DPushes remaining with DInf 4.0164480e+02               991s
[2019-03-25 19:39:40] SOLVER   423065 DPushes remaining with DInf 4.0164480e+02               997s
[2019-03-25 19:39:46] SOLVER   421577 DPushes remaining with DInf 4.0164480e+02              1002s
[2019-03-25 19:39:51] SOLVER   420089 DPushes remaining with DInf 4.0164480e+02              1007s
[2019-03-25 19:39:56] SOLVER   418600 DPushes remaining with DInf 4.0164480e+02              1012s
[2019-03-25 19:40:01] SOLVER   417112 DPushes remaining with DInf 4.0164480e+02              1017s
[2019-03-25 19:40:05] SOLVER   415624 DPushes remaining with DInf 4.0164480e+02              1022s
[2019-03-25 19:40:10] SOLVER   414136 DPushes remaining with DInf 4.0164480e+02              1027s
[2019-03-25 19:40:14] SOLVER   413392 DPushes remaining with DInf 4.0164480e+02              1030s
[2019-03-25 19:40:20] SOLVER   410416 DPushes remaining with DInf 4.0164480e+02              1037s
[2019-03-25 19:40:25] SOLVER   408928 DPushes remaining with DInf 4.0164480e+02              1041s
[2019-03-25 19:40:30] SOLVER   406696 DPushes remaining with DInf 4.0164480e+02              1047s
[2019-03-25 19:40:34] SOLVER   405208 DPushes remaining with DInf 4.0164480e+02              1050s
[2019-03-25 19:40:40] SOLVER   402231 DPushes remaining with DInf 4.0164480e+02              1057s
[2019-03-25 19:40:44] SOLVER   400743 DPushes remaining with DInf 4.0164480e+02              1060s
[2019-03-25 19:40:49] SOLVER   398511 DPushes remaining with DInf 4.0164480e+02              1066s
[2019-03-25 19:40:55] SOLVER   396278 DPushes remaining with DInf 4.0163109e+02              1072s
[2019-03-25 19:41:00] SOLVER   394046 DPushes remaining with DInf 4.0162319e+02              1076s
[2019-03-25 19:41:04] SOLVER   391814 DPushes remaining with DInf 4.0162319e+02              1080s
[2019-03-25 19:41:10] SOLVER   388838 DPushes remaining with DInf 4.2338977e+02              1086s
[2019-03-25 19:41:14] SOLVER   385862 DPushes remaining with DInf 4.2338977e+02              1091s
[2019-03-25 19:41:19] SOLVER   383630 DPushes remaining with DInf 4.2338977e+02              1096s
[2019-03-25 19:41:24] SOLVER   379909 DPushes remaining with DInf 4.2338977e+02              1101s
[2019-03-25 19:41:29] SOLVER   376932 DPushes remaining with DInf 4.1982621e+02              1105s
[2019-03-25 19:41:36] SOLVER   373953 DPushes remaining with DInf 4.1978899e+02              1112s
[2019-03-25 19:41:41] SOLVER   372462 DPushes remaining with DInf 4.1976634e+02              1118s
[2019-03-25 19:41:44] SOLVER   371718 DPushes remaining with DInf 4.1975289e+02              1121s
[2019-03-25 19:41:50] SOLVER   370227 DPushes remaining with DInf 4.1973589e+02              1126s
[2019-03-25 19:41:55] SOLVER   368738 DPushes remaining with DInf 4.1972515e+02              1131s
[2019-03-25 19:42:00] SOLVER   367250 DPushes remaining with DInf 4.1971467e+02              1137s
[2019-03-25 19:42:06] SOLVER   365762 DPushes remaining with DInf 4.1969630e+02              1142s
[2019-03-25 19:42:11] SOLVER   364274 DPushes remaining with DInf 4.1968284e+02              1148s
[2019-03-25 19:42:14] SOLVER   363530 DPushes remaining with DInf 4.1967928e+02              1151s
[2019-03-25 19:42:19] SOLVER   362042 DPushes remaining with DInf 4.1967046e+02              1156s
[2019-03-25 19:42:25] SOLVER   359810 DPushes remaining with DInf 4.1965676e+02              1161s
[2019-03-25 19:42:29] SOLVER   358322 DPushes remaining with DInf 4.1964531e+02              1165s
[2019-03-25 19:42:35] SOLVER   355345 DPushes remaining with DInf 4.1962824e+02              1171s
[2019-03-25 19:42:39] SOLVER   353113 DPushes remaining with DInf 4.1962307e+02              1176s
[2019-03-25 19:42:45] SOLVER   350137 DPushes remaining with DInf 4.1961105e+02              1181s
[2019-03-25 19:42:49] SOLVER   347904 DPushes remaining with DInf 4.1960124e+02              1185s
[2019-03-25 19:42:55] SOLVER   344928 DPushes remaining with DInf 4.1959396e+02              1192s
[2019-03-25 19:42:59] SOLVER   343439 DPushes remaining with DInf 4.1958659e+02              1195s
[2019-03-25 19:43:05] SOLVER   341207 DPushes remaining with DInf 2.7877966e+02              1201s
[2019-03-25 19:43:10] SOLVER   338975 DPushes remaining with DInf 2.7877966e+02              1206s
[2019-03-25 19:43:14] SOLVER   336743 DPushes remaining with DInf 2.7877966e+02              1211s
[2019-03-25 19:43:19] SOLVER   333767 DPushes remaining with DInf 2.7877966e+02              1216s
[2019-03-25 19:43:24] SOLVER   330791 DPushes remaining with DInf 2.7877966e+02              1221s
[2019-03-25 19:43:29] SOLVER   326922 DPushes remaining with DInf 2.7712721e+02              1225s
[2019-03-25 19:43:34] SOLVER   323503 DPushes remaining with DInf 8.0092844e+03              1230s
[2019-03-25 19:43:40] SOLVER   318493 DPushes remaining with DInf 7.6918591e+03              1236s
[2019-03-25 19:43:44] SOLVER   315715 DPushes remaining with DInf 7.6890909e+03              1240s
[2019-03-25 19:43:50] SOLVER   312367 DPushes remaining with DInf 7.6269109e+03              1247s
[2019-03-25 19:43:55] SOLVER   309625 DPushes remaining with DInf 7.6204118e+03              1251s
[2019-03-25 19:43:59] SOLVER   306578 DPushes remaining with DInf 7.6144421e+03              1255s
[2019-03-25 19:44:04] SOLVER   303365 DPushes remaining with DInf 7.6099270e+03              1260s
[2019-03-25 19:44:09] SOLVER   300037 DPushes remaining with DInf 7.6055872e+03              1266s
[2019-03-25 19:44:14] SOLVER   297093 DPushes remaining with DInf 7.6029026e+03              1270s
[2019-03-25 19:44:19] SOLVER   293499 DPushes remaining with DInf 7.5070916e+03              1275s
[2019-03-25 19:44:25] SOLVER   287916 DPushes remaining with DInf 7.4941180e+03              1281s
[2019-03-25 19:44:30] SOLVER   284325 DPushes remaining with DInf 7.4914071e+03              1286s
[2019-03-25 19:44:34] SOLVER   281732 DPushes remaining with DInf 7.4900469e+03              1291s
[2019-03-25 19:44:39] SOLVER   278499 DPushes remaining with DInf 7.4888590e+03              1296s
[2019-03-25 19:44:44] SOLVER   275262 DPushes remaining with DInf 7.4875286e+03              1300s
[2019-03-25 19:44:51] SOLVER   272665 DPushes remaining with DInf 7.4654124e+03              1307s
[2019-03-25 19:44:56] SOLVER   270892 DPushes remaining with DInf 7.4500968e+03              1313s
[2019-03-25 19:45:00] SOLVER   269113 DPushes remaining with DInf 7.4464483e+03              1316s
[2019-03-25 19:45:05] SOLVER   266510 DPushes remaining with DInf 7.4417546e+03              1322s
[2019-03-25 19:45:10] SOLVER   264757 DPushes remaining with DInf 7.4386448e+03              1327s
[2019-03-25 19:45:15] SOLVER   263116 DPushes remaining with DInf 7.4372701e+03              1331s
[2019-03-25 19:45:22] SOLVER   261558 DPushes remaining with DInf 7.4365651e+03              1338s
[2019-03-25 19:45:25] SOLVER   259963 DPushes remaining with DInf 7.4358228e+03              1341s
[2019-03-25 19:45:30] SOLVER   258355 DPushes remaining with DInf 7.4347501e+03              1346s
[2019-03-25 19:45:36] SOLVER   256715 DPushes remaining with DInf 7.4334806e+03              1353s
[2019-03-25 19:45:41] SOLVER   255890 DPushes remaining with DInf 7.4324511e+03              1358s
[2019-03-25 19:45:45] SOLVER   255098 DPushes remaining with DInf 7.4317303e+03              1361s
[2019-03-25 19:45:49] SOLVER   254315 DPushes remaining with DInf 7.4309524e+03              1365s
[2019-03-25 19:45:55] SOLVER   252778 DPushes remaining with DInf 7.4295817e+03              1371s
[2019-03-25 19:46:00] SOLVER   251230 DPushes remaining with DInf 7.4246017e+03              1377s
[2019-03-25 19:46:10] SOLVER   249260 DPushes remaining with DInf 7.4240303e+03              1386s
[2019-03-25 19:46:18] SOLVER   248438 DPushes remaining with DInf 7.4239822e+03              1394s
[2019-03-25 19:46:23] SOLVER   247663 DPushes remaining with DInf 7.4237896e+03              1400s
[2019-03-25 19:46:27] SOLVER   246908 DPushes remaining with DInf 7.4234927e+03              1403s
[2019-03-25 19:46:29] SOLVER   246159 DPushes remaining with DInf 7.4233421e+03              1405s
[2019-03-25 19:46:34] SOLVER   243907 DPushes remaining with DInf 7.4229726e+03              1411s
[2019-03-25 19:46:39] SOLVER   241564 DPushes remaining with DInf 7.4110349e+03              1416s
[2019-03-25 19:46:47] SOLVER   238898 DPushes remaining with DInf 7.4053168e+03              1423s
[2019-03-25 19:46:51] SOLVER   238002 DPushes remaining with DInf 7.4033238e+03              1428s
[2019-03-25 19:46:54] SOLVER   237033 DPushes remaining with DInf 7.3905445e+03              1430s
[2019-03-25 19:46:59] SOLVER   234176 DPushes remaining with DInf 7.3821716e+03              1436s
[2019-03-25 19:47:04] SOLVER   229855 DPushes remaining with DInf 7.3524109e+03              1440s
[2019-03-25 19:47:09] SOLVER   226721 DPushes remaining with DInf 7.3399337e+03              1446s
[2019-03-25 19:47:14] SOLVER   224747 DPushes remaining with DInf 6.4624653e+03              1450s
[2019-03-25 19:47:20] SOLVER   219462 DPushes remaining with DInf 6.2658543e+03              1456s
[2019-03-25 19:47:24] SOLVER   215419 DPushes remaining with DInf 6.2514843e+03              1461s
[2019-03-25 19:47:31] SOLVER   211311 DPushes remaining with DInf 6.2370445e+03              1468s
[2019-03-25 19:47:35] SOLVER   210373 DPushes remaining with DInf 6.2341285e+03              1472s
[2019-03-25 19:47:40] SOLVER   209421 DPushes remaining with DInf 6.2309140e+03              1477s
[2019-03-25 19:47:45] SOLVER   208476 DPushes remaining with DInf 6.2275877e+03              1481s
[2019-03-25 19:47:50] SOLVER   207528 DPushes remaining with DInf 6.2243187e+03              1486s
[2019-03-25 19:47:55] SOLVER   206646 DPushes remaining with DInf 6.2220927e+03              1492s
[2019-03-25 19:48:01] SOLVER   205734 DPushes remaining with DInf 6.2197543e+03              1498s
[2019-03-25 19:48:07] SOLVER   204824 DPushes remaining with DInf 6.2173600e+03              1504s
[2019-03-25 19:48:13] SOLVER   203934 DPushes remaining with DInf 6.2153072e+03              1510s
[2019-03-25 19:48:19] SOLVER   203059 DPushes remaining with DInf 6.2132213e+03              1516s
[2019-03-25 19:48:25] SOLVER   202180 DPushes remaining with DInf 6.2110006e+03              1522s
[2019-03-25 19:48:30] SOLVER   201320 DPushes remaining with DInf 6.2091657e+03              1527s
[2019-03-25 19:48:35] SOLVER   200481 DPushes remaining with DInf 6.2075147e+03              1531s
[2019-03-25 19:48:41] SOLVER   199633 DPushes remaining with DInf 6.2057698e+03              1537s
[2019-03-25 19:48:46] SOLVER   198777 DPushes remaining with DInf 3.9329215e+04              1542s
[2019-03-25 19:48:52] SOLVER   198015 DPushes remaining with DInf 3.9328836e+04              1548s
[2019-03-25 19:48:57] SOLVER   197255 DPushes remaining with DInf 3.9328486e+04              1553s
[2019-03-25 19:49:03] SOLVER   196494 DPushes remaining with DInf 3.9328166e+04              1559s
[2019-03-25 19:49:08] SOLVER   195732 DPushes remaining with DInf 3.9327836e+04              1564s
[2019-03-25 19:49:12] SOLVER   194972 DPushes remaining with DInf 3.9327463e+04              1568s
[2019-03-25 19:49:17] SOLVER   194211 DPushes remaining with DInf 3.9327062e+04              1573s
[2019-03-25 19:49:21] SOLVER   193453 DPushes remaining with DInf 3.9326795e+04              1578s
[2019-03-25 19:49:25] SOLVER   192695 DPushes remaining with DInf 3.9326517e+04              1582s
[2019-03-25 19:49:29] SOLVER   191935 DPushes remaining with DInf 3.9326132e+04              1586s
[2019-03-25 19:49:34] SOLVER   191175 DPushes remaining with DInf 3.9325794e+04              1591s
[2019-03-25 19:49:39] SOLVER   190422 DPushes remaining with DInf 3.9325587e+04              1596s
[2019-03-25 19:49:45] SOLVER   189660 DPushes remaining with DInf 3.9325210e+04              1602s
[2019-03-25 19:49:50] SOLVER   188907 DPushes remaining with DInf 3.9324975e+04              1607s
[2019-03-25 19:49:55] SOLVER   188144 DPushes remaining with DInf 3.9324540e+04              1612s
[2019-03-25 19:50:00] SOLVER   187387 DPushes remaining with DInf 3.9324216e+04              1616s
[2019-03-25 19:50:04] SOLVER   186632 DPushes remaining with DInf 3.9323922e+04              1621s
[2019-03-25 19:50:09] SOLVER   185879 DPushes remaining with DInf 3.9323687e+04              1625s
[2019-03-25 19:50:19] SOLVER   184376 DPushes remaining with DInf 3.9323226e+04              1635s
[2019-03-25 19:50:27] SOLVER   182869 DPushes remaining with DInf 3.9322778e+04              1643s
[2019-03-25 19:50:30] SOLVER   182119 DPushes remaining with DInf 3.9322593e+04              1646s
[2019-03-25 19:50:36] SOLVER   180616 DPushes remaining with DInf 3.9322214e+04              1653s
[2019-03-25 19:50:39] SOLVER   179868 DPushes remaining with DInf 3.9322062e+04              1655s
[2019-03-25 19:50:44] SOLVER   178365 DPushes remaining with DInf 3.9321545e+04              1661s
[2019-03-25 19:50:51] SOLVER   176870 DPushes remaining with DInf 3.9321072e+04              1668s
[2019-03-25 19:50:55] SOLVER   176124 DPushes remaining with DInf 3.9320856e+04              1672s
[2019-03-25 19:50:59] SOLVER   175380 DPushes remaining with DInf 3.9320587e+04              1675s
[2019-03-25 19:51:07] SOLVER   173892 DPushes remaining with DInf 3.9319504e+04              1684s
[2019-03-25 19:51:11] SOLVER   173148 DPushes remaining with DInf 3.9319059e+04              1687s
[2019-03-25 19:51:14] SOLVER   172403 DPushes remaining with DInf 3.9318757e+04              1691s
[2019-03-25 19:51:19] SOLVER   171659 DPushes remaining with DInf 3.9318519e+04              1695s
[2019-03-25 19:51:31] SOLVER   170384 DPushes remaining with DInf 3.9318107e+04              1708s
[2019-03-25 19:51:36] SOLVER   169639 DPushes remaining with DInf 3.9317900e+04              1713s
[2019-03-25 19:51:40] SOLVER   168894 DPushes remaining with DInf 3.9317695e+04              1716s
[2019-03-25 19:51:47] SOLVER   168148 DPushes remaining with DInf 3.9317636e+04              1723s
[2019-03-25 19:51:54] SOLVER   167402 DPushes remaining with DInf 3.9317539e+04              1730s
[2019-03-25 19:52:02] SOLVER   166730 DPushes remaining with DInf 3.9317484e+04              1738s
[2019-03-25 19:52:07] SOLVER   165984 DPushes remaining with DInf 3.9317322e+04              1743s
[2019-03-25 19:52:10] SOLVER   165240 DPushes remaining with DInf 3.9317100e+04              1747s
[2019-03-25 19:52:14] SOLVER   164494 DPushes remaining with DInf 3.9316831e+04              1751s
[2019-03-25 19:52:19] SOLVER   163748 DPushes remaining with DInf 3.9316563e+04              1755s
[2019-03-25 19:52:27] SOLVER   162258 DPushes remaining with DInf 3.9316263e+04              1763s
[2019-03-25 19:52:30] SOLVER   161513 DPushes remaining with DInf 3.9316101e+04              1767s
[2019-03-25 19:52:36] SOLVER   160023 DPushes remaining with DInf 3.9315592e+04              1773s
[2019-03-25 19:52:40] SOLVER   159279 DPushes remaining with DInf 3.9315434e+04              1776s
[2019-03-25 19:52:44] SOLVER   158534 DPushes remaining with DInf 3.9315294e+04              1781s
[2019-03-25 19:52:50] SOLVER   157790 DPushes remaining with DInf 3.9315176e+04              1786s
[2019-03-25 19:52:54] SOLVER   157046 DPushes remaining with DInf 3.9314967e+04              1790s
[2019-03-25 19:53:00] SOLVER   155557 DPushes remaining with DInf 3.9314817e+04              1796s
[2019-03-25 19:53:05] SOLVER   154813 DPushes remaining with DInf 3.9314714e+04              1801s
[2019-03-25 19:53:10] SOLVER   154065 DPushes remaining with DInf 3.9314539e+04              1806s
[2019-03-25 19:53:14] SOLVER   153321 DPushes remaining with DInf 3.9314524e+04              1811s
[2019-03-25 19:53:20] SOLVER   152577 DPushes remaining with DInf 3.9314368e+04              1816s
[2019-03-25 19:53:24] SOLVER   151833 DPushes remaining with DInf 3.9314276e+04              1821s
[2019-03-25 19:53:29] SOLVER   151088 DPushes remaining with DInf 3.9314169e+04              1825s
[2019-03-25 19:53:37] SOLVER   149600 DPushes remaining with DInf 3.9313927e+04              1833s
[2019-03-25 19:53:43] SOLVER   148856 DPushes remaining with DInf 3.9313870e+04              1840s
[2019-03-25 19:53:51] SOLVER   148126 DPushes remaining with DInf 3.9313836e+04              1848s
[2019-03-25 19:53:58] SOLVER   147426 DPushes remaining with DInf 3.9313786e+04              1855s
[2019-03-25 19:54:04] SOLVER   146682 DPushes remaining with DInf 3.9313708e+04              1861s
[2019-03-25 19:54:10] SOLVER   145937 DPushes remaining with DInf 3.9313639e+04              1866s
[2019-03-25 19:54:17] SOLVER   145193 DPushes remaining with DInf 3.9313626e+04              1874s
[2019-03-25 19:54:23] SOLVER   144449 DPushes remaining with DInf 3.9313610e+04              1879s
[2019-03-25 19:54:26] SOLVER   143703 DPushes remaining with DInf 3.9313481e+04              1882s
[2019-03-25 19:54:29] SOLVER   142958 DPushes remaining with DInf 3.9313434e+04              1885s
[2019-03-25 19:54:36] SOLVER   141469 DPushes remaining with DInf 3.9313232e+04              1892s
[2019-03-25 19:54:39] SOLVER   140725 DPushes remaining with DInf 3.9313169e+04              1895s
[2019-03-25 19:54:46] SOLVER   139237 DPushes remaining with DInf 3.9313051e+04              1903s
[2019-03-25 19:54:49] SOLVER   138493 DPushes remaining with DInf 3.9312972e+04              1906s
[2019-03-25 19:54:54] SOLVER   137749 DPushes remaining with DInf 3.9312889e+04              1911s
[2019-03-25 19:54:59] SOLVER   137005 DPushes remaining with DInf 3.9312857e+04              1915s
[2019-03-25 19:55:08] SOLVER   135517 DPushes remaining with DInf 3.9312833e+04              1924s
[2019-03-25 19:55:12] SOLVER   134773 DPushes remaining with DInf 3.9312782e+04              1929s
[2019-03-25 19:55:17] SOLVER   134029 DPushes remaining with DInf 3.9312772e+04              1933s
[2019-03-25 19:55:20] SOLVER   133285 DPushes remaining with DInf 3.9312768e+04              1937s
[2019-03-25 19:55:27] SOLVER   131797 DPushes remaining with DInf 3.9312690e+04              1944s
[2019-03-25 19:55:31] SOLVER   131052 DPushes remaining with DInf 3.9312601e+04              1947s
[2019-03-25 19:55:35] SOLVER   130306 DPushes remaining with DInf 3.9312577e+04              1951s
[2019-03-25 19:55:42] SOLVER   128817 DPushes remaining with DInf 3.9312443e+04              1958s
[2019-03-25 19:55:45] SOLVER   128072 DPushes remaining with DInf 3.9312328e+04              1961s
[2019-03-25 19:55:51] SOLVER   126583 DPushes remaining with DInf 3.9312120e+04              1967s
[2019-03-25 19:55:54] SOLVER   125839 DPushes remaining with DInf 3.9311935e+04              1970s
[2019-03-25 19:56:00] SOLVER   124351 DPushes remaining with DInf 3.9311702e+04              1976s
[2019-03-25 19:56:06] SOLVER   122860 DPushes remaining with DInf 3.9311522e+04              1982s
[2019-03-25 19:56:09] SOLVER   122115 DPushes remaining with DInf 3.9311353e+04              1986s
[2019-03-25 19:56:16] SOLVER   120626 DPushes remaining with DInf 3.9311121e+04              1992s
[2019-03-25 19:56:19] SOLVER   119882 DPushes remaining with DInf 3.9310982e+04              1995s
[2019-03-25 19:56:25] SOLVER   118393 DPushes remaining with DInf 3.9310771e+04              2001s
[2019-03-25 19:56:31] SOLVER   116905 DPushes remaining with DInf 3.9310489e+04              2008s
[2019-03-25 19:56:34] SOLVER   116161 DPushes remaining with DInf 3.9310270e+04              2011s
[2019-03-25 19:56:40] SOLVER   114673 DPushes remaining with DInf 3.9104227e+05              2016s
[2019-03-25 19:56:44] SOLVER   113180 DPushes remaining with DInf 3.9104210e+05              2021s
[2019-03-25 19:56:51] SOLVER   110902 DPushes remaining with DInf 3.9103837e+05              2027s
[2019-03-25 19:56:54] SOLVER   109384 DPushes remaining with DInf 3.9103075e+05              2031s
[2019-03-25 19:57:00] SOLVER   107132 DPushes remaining with DInf 3.9102841e+05              2036s
[2019-03-25 19:57:05] SOLVER   104891 DPushes remaining with DInf 3.9102728e+05              2041s
[2019-03-25 19:57:09] SOLVER   103402 DPushes remaining with DInf 3.9102710e+05              2046s
[2019-03-25 19:57:15] SOLVER   101168 DPushes remaining with DInf 3.9102672e+05              2052s
[2019-03-25 19:57:20] SOLVER   99679 DPushes remaining with DInf 3.9102642e+05              2056s
[2019-03-25 19:57:24] SOLVER   98189 DPushes remaining with DInf 3.9102615e+05              2061s
[2019-03-25 19:57:29] SOLVER   96700 DPushes remaining with DInf 3.9102576e+05              2065s
[2019-03-25 19:57:34] SOLVER   95210 DPushes remaining with DInf 3.9102531e+05              2071s
[2019-03-25 19:57:39] SOLVER   93722 DPushes remaining with DInf 3.9102437e+05              2075s
[2019-03-25 19:57:45] SOLVER   91490 DPushes remaining with DInf 3.9102302e+05              2081s
[2019-03-25 19:57:49] SOLVER   90002 DPushes remaining with DInf 3.9102278e+05              2085s
[2019-03-25 19:57:54] SOLVER   87770 DPushes remaining with DInf 3.9102236e+05              2091s
[2019-03-25 19:58:00] SOLVER   85538 DPushes remaining with DInf 3.9102168e+05              2097s
[2019-03-25 19:58:05] SOLVER   84049 DPushes remaining with DInf 3.9101950e+05              2101s
[2019-03-25 19:58:10] SOLVER   82561 DPushes remaining with DInf 3.9101863e+05              2107s
[2019-03-25 19:58:15] SOLVER   81071 DPushes remaining with DInf 3.9101834e+05              2112s
[2019-03-25 19:58:19] SOLVER   79583 DPushes remaining with DInf 3.9101809e+05              2116s
[2019-03-25 19:58:24] SOLVER   78077 DPushes remaining with DInf 3.9101779e+05              2121s
[2019-03-25 19:58:29] SOLVER   76560 DPushes remaining with DInf 3.9101736e+05              2126s
[2019-03-25 19:58:35] SOLVER   75039 DPushes remaining with DInf 3.9101713e+05              2131s
[2019-03-25 19:58:40] SOLVER   73492 DPushes remaining with DInf 3.9101678e+05              2136s
[2019-03-25 19:58:45] SOLVER   71934 DPushes remaining with DInf 3.9101621e+05              2141s
[2019-03-25 19:58:50] SOLVER   70351 DPushes remaining with DInf 3.9101558e+05              2146s
[2019-03-25 19:58:55] SOLVER   68759 DPushes remaining with DInf 3.9101503e+05              2151s
[2019-03-25 19:59:00] SOLVER   67182 DPushes remaining with DInf 3.9101457e+05              2156s
[2019-03-25 19:59:05] SOLVER   65601 DPushes remaining with DInf 3.9101399e+05              2162s
[2019-03-25 19:59:11] SOLVER   64005 DPushes remaining with DInf 3.9101328e+05              2167s
[2019-03-25 19:59:16] SOLVER   62413 DPushes remaining with DInf 3.9101248e+05              2172s
[2019-03-25 19:59:19] SOLVER   61595 DPushes remaining with DInf 3.9101211e+05              2175s
[2019-03-25 19:59:24] SOLVER   59188 DPushes remaining with DInf 3.9075346e+05              2181s
[2019-03-25 19:59:34] SOLVER   22648 DPushes remaining with DInf 9.3822148e+03              2191s
[2019-03-25 19:59:39] SOLVER   5848 DPushes remaining with DInf 2.3391740e+04              2195s
[2019-03-25 19:59:43] SOLVER   0 DPushes remaining with DInf 8.2327664e+05              2199s
[2019-03-25 19:59:43] SOLVER   Restart crossover...
[2019-03-25 19:59:44] SOLVER   2323654 variables added to crossover basis                     2200s
[2019-03-25 19:59:44] SOLVER   658518 DPushes remaining with DInf 4.4929416e+02              2201s
[2019-03-25 19:59:49] SOLVER   561379 DPushes remaining with DInf 5.2697542e+02              2205s
[2019-03-25 19:59:54] SOLVER   556171 DPushes remaining with DInf 5.2697542e+02              2210s
[2019-03-25 19:59:59] SOLVER   553195 DPushes remaining with DInf 5.2697542e+02              2215s
[2019-03-25 20:00:04] SOLVER   549475 DPushes remaining with DInf 5.2697542e+02              2221s
[2019-03-25 20:00:09] SOLVER   545011 DPushes remaining with DInf 5.2697542e+02              2226s
[2019-03-25 20:00:14] SOLVER   539803 DPushes remaining with DInf 5.2697542e+02              2230s
[2019-03-25 20:00:20] SOLVER   537571 DPushes remaining with DInf 5.2697542e+02              2236s
[2019-03-25 20:00:24] SOLVER   534595 DPushes remaining with DInf 5.2697542e+02              2241s
[2019-03-25 20:00:29] SOLVER   530131 DPushes remaining with DInf 5.2697542e+02              2245s
[2019-03-25 20:00:34] SOLVER   526411 DPushes remaining with DInf 5.2697542e+02              2251s
[2019-03-25 20:00:39] SOLVER   524179 DPushes remaining with DInf 5.2697542e+02              2255s
[2019-03-25 20:00:44] SOLVER   521203 DPushes remaining with DInf 5.2697542e+02              2261s
[2019-03-25 20:00:49] SOLVER   518971 DPushes remaining with DInf 5.2697542e+02              2266s
[2019-03-25 20:00:54] SOLVER   517483 DPushes remaining with DInf 5.2697542e+02              2270s
[2019-03-25 20:01:00] SOLVER   515251 DPushes remaining with DInf 5.2697542e+02              2276s
[2019-03-25 20:01:04] SOLVER   513763 DPushes remaining with DInf 5.2697542e+02              2280s
[2019-03-25 20:01:10] SOLVER   511531 DPushes remaining with DInf 5.2697542e+02              2287s
[2019-03-25 20:01:14] SOLVER   510043 DPushes remaining with DInf 5.2697542e+02              2290s
[2019-03-25 20:01:19] SOLVER   507811 DPushes remaining with DInf 5.2697542e+02              2295s
[2019-03-25 20:01:25] SOLVER   505579 DPushes remaining with DInf 5.2697542e+02              2301s
[2019-03-25 20:01:29] SOLVER   503347 DPushes remaining with DInf 5.2697542e+02              2306s
[2019-03-25 20:01:34] SOLVER   499627 DPushes remaining with DInf 5.2697542e+02              2310s
[2019-03-25 20:01:39] SOLVER   495907 DPushes remaining with DInf 5.2697542e+02              2315s
[2019-03-25 20:01:45] SOLVER   492187 DPushes remaining with DInf 5.2697542e+02              2321s
[2019-03-25 20:01:49] SOLVER   489955 DPushes remaining with DInf 5.2697542e+02              2326s
[2019-03-25 20:01:54] SOLVER   487723 DPushes remaining with DInf 5.2697542e+02              2331s
[2019-03-25 20:01:59] SOLVER   485491 DPushes remaining with DInf 5.2697542e+02              2336s
[2019-03-25 20:02:05] SOLVER   483259 DPushes remaining with DInf 5.2697542e+02              2341s
[2019-03-25 20:02:10] SOLVER   481027 DPushes remaining with DInf 5.2697542e+02              2346s
[2019-03-25 20:02:15] SOLVER   478795 DPushes remaining with DInf 5.2697542e+02              2351s
[2019-03-25 20:02:19] SOLVER   475075 DPushes remaining with DInf 5.2697542e+02              2356s
[2019-03-25 20:02:25] SOLVER   473587 DPushes remaining with DInf 5.2697542e+02              2362s
[2019-03-25 20:02:29] SOLVER   472843 DPushes remaining with DInf 5.2697542e+02              2366s
[2019-03-25 20:02:34] SOLVER   472099 DPushes remaining with DInf 5.2697542e+02              2370s
[2019-03-25 20:02:41] SOLVER   470611 DPushes remaining with DInf 5.2697542e+02              2377s
[2019-03-25 20:02:44] SOLVER   469867 DPushes remaining with DInf 5.2697542e+02              2381s
[2019-03-25 20:02:51] SOLVER   468379 DPushes remaining with DInf 5.2697542e+02              2387s
[2019-03-25 20:02:54] SOLVER   467635 DPushes remaining with DInf 5.2697542e+02              2391s
[2019-03-25 20:03:01] SOLVER   466147 DPushes remaining with DInf 5.2697542e+02              2398s
[2019-03-25 20:03:04] SOLVER   465403 DPushes remaining with DInf 5.2697542e+02              2401s
[2019-03-25 20:03:11] SOLVER   463915 DPushes remaining with DInf 5.2697542e+02              2407s
[2019-03-25 20:03:14] SOLVER   463171 DPushes remaining with DInf 5.2697542e+02              2410s
[2019-03-25 20:03:19] SOLVER   461683 DPushes remaining with DInf 5.2697542e+02              2416s
[2019-03-25 20:03:24] SOLVER   460195 DPushes remaining with DInf 5.2697542e+02              2421s
[2019-03-25 20:03:29] SOLVER   458707 DPushes remaining with DInf 5.2697542e+02              2426s
[2019-03-25 20:03:34] SOLVER   457219 DPushes remaining with DInf 5.2697542e+02              2430s
[2019-03-25 20:03:40] SOLVER   454987 DPushes remaining with DInf 5.2697542e+02              2436s
[2019-03-25 20:03:44] SOLVER   453499 DPushes remaining with DInf 5.2697542e+02              2440s
[2019-03-25 20:03:50] SOLVER   451267 DPushes remaining with DInf 5.2697542e+02              2446s
[2019-03-25 20:03:54] SOLVER   449779 DPushes remaining with DInf 5.2697542e+02              2450s
[2019-03-25 20:04:00] SOLVER   446803 DPushes remaining with DInf 5.2697542e+02              2456s
[2019-03-25 20:04:04] SOLVER   445315 DPushes remaining with DInf 5.2697542e+02              2460s
[2019-03-25 20:04:09] SOLVER   443083 DPushes remaining with DInf 5.2697542e+02              2466s
[2019-03-25 20:04:15] SOLVER   440106 DPushes remaining with DInf 5.2697542e+02              2471s
[2019-03-25 20:04:19] SOLVER   438618 DPushes remaining with DInf 5.2697542e+02              2475s
[2019-03-25 20:04:25] SOLVER   436386 DPushes remaining with DInf 5.2697542e+02              2481s
[2019-03-25 20:04:29] SOLVER   434898 DPushes remaining with DInf 5.2697542e+02              2486s
[2019-03-25 20:04:34] SOLVER   433410 DPushes remaining with DInf 5.2697542e+02              2490s
[2019-03-25 20:04:40] SOLVER   431178 DPushes remaining with DInf 5.2697542e+02              2497s
[2019-03-25 20:04:44] SOLVER   429690 DPushes remaining with DInf 5.2697542e+02              2501s
[2019-03-25 20:04:51] SOLVER   427458 DPushes remaining with DInf 5.2697542e+02              2507s
[2019-03-25 20:04:55] SOLVER   425970 DPushes remaining with DInf 5.2697542e+02              2512s
[2019-03-25 20:05:00] SOLVER   424482 DPushes remaining with DInf 5.2697542e+02              2517s
[2019-03-25 20:05:05] SOLVER   422994 DPushes remaining with DInf 5.2697542e+02              2521s
[2019-03-25 20:05:09] SOLVER   421506 DPushes remaining with DInf 5.2697542e+02              2525s
[2019-03-25 20:05:15] SOLVER   419274 DPushes remaining with DInf 5.2697542e+02              2532s
[2019-03-25 20:05:19] SOLVER   417786 DPushes remaining with DInf 5.2697542e+02              2536s
[2019-03-25 20:05:25] SOLVER   415554 DPushes remaining with DInf 5.2697542e+02              2541s
[2019-03-25 20:05:29] SOLVER   414066 DPushes remaining with DInf 5.2697542e+02              2546s
[2019-03-25 20:05:35] SOLVER   411834 DPushes remaining with DInf 5.2697542e+02              2551s
[2019-03-25 20:05:39] SOLVER   410346 DPushes remaining with DInf 5.2697542e+02              2556s
[2019-03-25 20:05:45] SOLVER   408858 DPushes remaining with DInf 5.2697542e+02              2562s
[2019-03-25 20:05:50] SOLVER   407370 DPushes remaining with DInf 5.2697542e+02              2566s
[2019-03-25 20:05:54] SOLVER   405882 DPushes remaining with DInf 5.2697542e+02              2570s
[2019-03-25 20:06:00] SOLVER   403650 DPushes remaining with DInf 5.2697542e+02              2576s
[2019-03-25 20:06:04] SOLVER   402161 DPushes remaining with DInf 5.2697542e+02              2580s
[2019-03-25 20:06:10] SOLVER   399929 DPushes remaining with DInf 5.2697542e+02              2586s
[2019-03-25 20:06:14] SOLVER   398441 DPushes remaining with DInf 5.2697542e+02              2591s
[2019-03-25 20:06:19] SOLVER   396953 DPushes remaining with DInf 5.2697542e+02              2595s
[2019-03-25 20:06:25] SOLVER   394721 DPushes remaining with DInf 5.2696285e+02              2601s
[2019-03-25 20:06:31] SOLVER   392489 DPushes remaining with DInf 5.2658264e+02              2607s
[2019-03-25 20:06:35] SOLVER   391001 DPushes remaining with DInf 5.2658264e+02              2611s
[2019-03-25 20:06:39] SOLVER   389513 DPushes remaining with DInf 5.2658264e+02              2616s
[2019-03-25 20:06:44] SOLVER   388025 DPushes remaining with DInf 5.2658264e+02              2621s
[2019-03-25 20:06:51] SOLVER   385793 DPushes remaining with DInf 5.2658264e+02              2627s
[2019-03-25 20:06:55] SOLVER   384305 DPushes remaining with DInf 5.2658264e+02              2632s
[2019-03-25 20:07:00] SOLVER   382817 DPushes remaining with DInf 5.2658264e+02              2636s
[2019-03-25 20:07:05] SOLVER   379841 DPushes remaining with DInf 5.2658264e+02              2641s
[2019-03-25 20:07:09] SOLVER   377609 DPushes remaining with DInf 5.2658264e+02              2645s
[2019-03-25 20:07:14] SOLVER   375376 DPushes remaining with DInf 5.2658264e+02              2650s
[2019-03-25 20:07:19] SOLVER   373144 DPushes remaining with DInf 5.2658264e+02              2655s
[2019-03-25 20:07:26] SOLVER   370912 DPushes remaining with DInf 5.2658264e+02              2663s
[2019-03-25 20:07:29] SOLVER   370168 DPushes remaining with DInf 5.2658264e+02              2665s
[2019-03-25 20:07:35] SOLVER   367936 DPushes remaining with DInf 5.2658264e+02              2672s
[2019-03-25 20:07:40] SOLVER   366448 DPushes remaining with DInf 5.2658264e+02              2676s
[2019-03-25 20:07:44] SOLVER   364960 DPushes remaining with DInf 5.2658264e+02              2680s
[2019-03-25 20:07:49] SOLVER   363472 DPushes remaining with DInf 5.2658264e+02              2685s
[2019-03-25 20:07:55] SOLVER   361984 DPushes remaining with DInf 5.2650275e+02              2691s
[2019-03-25 20:07:59] SOLVER   360496 DPushes remaining with DInf 5.2650275e+02              2695s
[2019-03-25 20:08:05] SOLVER   358264 DPushes remaining with DInf 5.2650275e+02              2701s
[2019-03-25 20:08:10] SOLVER   356032 DPushes remaining with DInf 5.2650275e+02              2706s
[2019-03-25 20:08:15] SOLVER   353800 DPushes remaining with DInf 5.2650275e+02              2712s
[2019-03-25 20:08:19] SOLVER   351568 DPushes remaining with DInf 5.2650275e+02              2716s
[2019-03-25 20:08:25] SOLVER   348089 DPushes remaining with DInf 5.2457292e+02              2721s
[2019-03-25 20:08:30] SOLVER   345736 DPushes remaining with DInf 5.2418909e+02              2726s
[2019-03-25 20:08:34] SOLVER   343317 DPushes remaining with DInf 5.2357285e+02              2731s
[2019-03-25 20:08:39] SOLVER   340870 DPushes remaining with DInf 5.2282551e+02              2736s
[2019-03-25 20:08:44] SOLVER   338510 DPushes remaining with DInf 5.2235491e+02              2740s
[2019-03-25 20:08:49] SOLVER   334647 DPushes remaining with DInf 5.2179786e+02              2745s
[2019-03-25 20:08:54] SOLVER   330439 DPushes remaining with DInf 5.1897067e+02              2750s
[2019-03-25 20:08:59] SOLVER   325582 DPushes remaining with DInf 5.1619842e+02              2755s
[2019-03-25 20:09:05] SOLVER   318094 DPushes remaining with DInf 5.0455334e+02              2761s
[2019-03-25 20:09:09] SOLVER   312430 DPushes remaining with DInf 4.9954813e+02              2765s
[2019-03-25 20:09:14] SOLVER   308174 DPushes remaining with DInf 4.9284284e+02              2770s
[2019-03-25 20:09:19] SOLVER   303286 DPushes remaining with DInf 4.8944118e+02              2775s
[2019-03-25 20:09:24] SOLVER   298428 DPushes remaining with DInf 4.8792747e+02              2781s
[2019-03-25 20:09:29] SOLVER   294192 DPushes remaining with DInf 4.8656503e+02              2785s
[2019-03-25 20:09:35] SOLVER   290631 DPushes remaining with DInf 4.8600874e+02              2791s
[2019-03-25 20:09:39] SOLVER   286696 DPushes remaining with DInf 4.8520988e+02              2795s
[2019-03-25 20:09:44] SOLVER   280962 DPushes remaining with DInf 4.8422646e+02              2800s
[2019-03-25 20:09:49] SOLVER   274975 DPushes remaining with DInf 4.8377483e+02              2806s
[2019-03-25 20:09:55] SOLVER   270766 DPushes remaining with DInf 4.8341413e+02              2811s
[2019-03-25 20:10:00] SOLVER   268083 DPushes remaining with DInf 4.7808974e+02              2816s
[2019-03-25 20:10:06] SOLVER   264621 DPushes remaining with DInf 4.7779956e+02              2822s
[2019-03-25 20:10:09] SOLVER   262946 DPushes remaining with DInf 4.7756719e+02              2826s
[2019-03-25 20:10:14] SOLVER   261174 DPushes remaining with DInf 4.7717154e+02              2830s
[2019-03-25 20:10:23] SOLVER   259557 DPushes remaining with DInf 4.7697970e+02              2839s
[2019-03-25 20:10:26] SOLVER   258768 DPushes remaining with DInf 4.7692591e+02              2842s
[2019-03-25 20:10:29] SOLVER   257956 DPushes remaining with DInf 4.7685858e+02              2846s
[2019-03-25 20:10:35] SOLVER   255499 DPushes remaining with DInf 4.7638584e+02              2852s
[2019-03-25 20:10:43] SOLVER   253816 DPushes remaining with DInf 4.7601227e+02              2859s
[2019-03-25 20:10:47] SOLVER   252983 DPushes remaining with DInf 4.7581036e+02              2864s
[2019-03-25 20:10:51] SOLVER   252192 DPushes remaining with DInf 4.7567215e+02              2867s
[2019-03-25 20:10:55] SOLVER   251408 DPushes remaining with DInf 4.7554882e+02              2871s
[2019-03-25 20:11:00] SOLVER   249885 DPushes remaining with DInf 4.7500746e+02              2876s
[2019-03-25 20:11:04] SOLVER   248378 DPushes remaining with DInf 4.7470175e+02              2880s
[2019-03-25 20:11:14] SOLVER   246886 DPushes remaining with DInf 5.1876021e+02              2890s
[2019-03-25 20:11:22] SOLVER   245398 DPushes remaining with DInf 5.1876021e+02              2898s
[2019-03-25 20:11:26] SOLVER   244654 DPushes remaining with DInf 5.1876021e+02              2903s
[2019-03-25 20:11:29] SOLVER   243907 DPushes remaining with DInf 5.1876021e+02              2905s
[2019-03-25 20:11:34] SOLVER   241672 DPushes remaining with DInf 5.1862458e+02              2910s
[2019-03-25 20:11:40] SOLVER   238694 DPushes remaining with DInf 5.1862458e+02              2916s
[2019-03-25 20:11:45] SOLVER   236462 DPushes remaining with DInf 8.4695069e+02              2921s
[2019-03-25 20:11:49] SOLVER   234971 DPushes remaining with DInf 8.4695069e+02              2925s
[2019-03-25 20:11:57] SOLVER   233481 DPushes remaining with DInf 1.4097168e+03              2933s
[2019-03-25 20:12:00] SOLVER   232688 DPushes remaining with DInf 1.4071406e+03              2937s
[2019-03-25 20:12:05] SOLVER   231015 DPushes remaining with DInf 1.4045504e+03              2941s
[2019-03-25 20:12:09] SOLVER   229213 DPushes remaining with DInf 1.3941087e+03              2945s
[2019-03-25 20:12:16] SOLVER   225296 DPushes remaining with DInf 1.3708445e+03              2953s
[2019-03-25 20:12:20] SOLVER   224157 DPushes remaining with DInf 1.3708445e+03              2956s
[2019-03-25 20:12:26] SOLVER   223067 DPushes remaining with DInf 1.3215954e+03              2962s
[2019-03-25 20:12:32] SOLVER   221927 DPushes remaining with DInf 8.7016696e+03              2968s
[2019-03-25 20:12:38] SOLVER   221033 DPushes remaining with DInf 8.6995477e+03              2974s
[2019-03-25 20:12:43] SOLVER   220100 DPushes remaining with DInf 8.6968979e+03              2979s
[2019-03-25 20:12:49] SOLVER   219183 DPushes remaining with DInf 8.6945199e+03              2985s
[2019-03-25 20:12:54] SOLVER   218247 DPushes remaining with DInf 8.6920079e+03              2991s
[2019-03-25 20:13:00] SOLVER   217330 DPushes remaining with DInf 8.6897703e+03              2996s
[2019-03-25 20:13:04] SOLVER   216447 DPushes remaining with DInf 8.6880150e+03              3001s
[2019-03-25 20:13:09] SOLVER   215535 DPushes remaining with DInf 8.6649376e+03              3006s
[2019-03-25 20:13:17] SOLVER   213554 DPushes remaining with DInf 8.6611867e+03              3014s
[2019-03-25 20:13:21] SOLVER   212586 DPushes remaining with DInf 8.6591601e+03              3018s
[2019-03-25 20:13:25] SOLVER   211618 DPushes remaining with DInf 8.6569701e+03              3022s
[2019-03-25 20:13:30] SOLVER   210675 DPushes remaining with DInf 8.6547668e+03              3026s
[2019-03-25 20:13:34] SOLVER   209748 DPushes remaining with DInf 8.6527283e+03              3031s
[2019-03-25 20:13:39] SOLVER   208844 DPushes remaining with DInf 8.6510297e+03              3035s
[2019-03-25 20:13:46] SOLVER   207013 DPushes remaining with DInf 8.6470509e+03              3043s
[2019-03-25 20:13:50] SOLVER   206091 DPushes remaining with DInf 8.6448263e+03              3046s
[2019-03-25 20:13:54] SOLVER   205180 DPushes remaining with DInf 8.6425578e+03              3050s
[2019-03-25 20:14:02] SOLVER   203338 DPushes remaining with DInf 8.6374483e+03              3058s
[2019-03-25 20:14:07] SOLVER   202401 DPushes remaining with DInf 8.6345309e+03              3063s
[2019-03-25 20:14:11] SOLVER   201503 DPushes remaining with DInf 8.6315836e+03              3068s
[2019-03-25 20:14:15] SOLVER   200647 DPushes remaining with DInf 8.6292833e+03              3072s
[2019-03-25 20:14:19] SOLVER   199816 DPushes remaining with DInf 8.6267275e+03              3076s
[2019-03-25 20:14:27] SOLVER   198176 DPushes remaining with DInf 8.6224840e+03              3084s
[2019-03-25 20:14:32] SOLVER   197338 DPushes remaining with DInf 8.6201606e+03              3089s
[2019-03-25 20:14:37] SOLVER   196498 DPushes remaining with DInf 8.6162195e+03              3093s
[2019-03-25 20:14:40] SOLVER   195671 DPushes remaining with DInf 8.6142391e+03              3097s
[2019-03-25 20:14:44] SOLVER   194844 DPushes remaining with DInf 8.6124430e+03              3100s
[2019-03-25 20:14:50] SOLVER   193226 DPushes remaining with DInf 8.6098021e+03              3107s
[2019-03-25 20:14:55] SOLVER   191615 DPushes remaining with DInf 8.6071339e+03              3112s
[2019-03-25 20:15:01] SOLVER   190010 DPushes remaining with DInf 8.6041531e+03              3117s
[2019-03-25 20:15:04] SOLVER   189217 DPushes remaining with DInf 8.6029564e+03              3120s
[2019-03-25 20:15:09] SOLVER   187637 DPushes remaining with DInf 8.6006456e+03              3126s
[2019-03-25 20:15:15] SOLVER   186030 DPushes remaining with DInf 8.5976231e+03              3132s
[2019-03-25 20:15:21] SOLVER   184441 DPushes remaining with DInf 8.5951331e+03              3138s
[2019-03-25 20:15:26] SOLVER   182866 DPushes remaining with DInf 8.5929086e+03              3143s
[2019-03-25 20:15:30] SOLVER   181305 DPushes remaining with DInf 8.5913866e+03              3147s
[2019-03-25 20:15:35] SOLVER   179748 DPushes remaining with DInf 8.5896345e+03              3151s
[2019-03-25 20:15:39] SOLVER   178184 DPushes remaining with DInf 8.5878591e+03              3155s
[2019-03-25 20:15:45] SOLVER   175870 DPushes remaining with DInf 8.5861036e+03              3162s
[2019-03-25 20:15:50] SOLVER   174323 DPushes remaining with DInf 8.5847691e+03              3167s
[2019-03-25 20:15:55] SOLVER   172789 DPushes remaining with DInf 8.5831493e+03              3171s
[2019-03-25 20:16:00] SOLVER   171238 DPushes remaining with DInf 8.5819177e+03              3176s
[2019-03-25 20:16:04] SOLVER   168954 DPushes remaining with DInf 8.5808962e+03              3181s
[2019-03-25 20:16:09] SOLVER   166681 DPushes remaining with DInf 8.5802370e+03              3185s
[2019-03-25 20:16:15] SOLVER   164407 DPushes remaining with DInf 8.5793553e+03              3191s
[2019-03-25 20:16:20] SOLVER   162888 DPushes remaining with DInf 8.5783696e+03              3197s
[2019-03-25 20:16:26] SOLVER   161368 DPushes remaining with DInf 8.5771284e+03              3202s
[2019-03-25 20:16:31] SOLVER   159874 DPushes remaining with DInf 8.5765248e+03              3207s
[2019-03-25 20:16:36] SOLVER   158377 DPushes remaining with DInf 8.5755386e+03              3213s
[2019-03-25 20:16:41] SOLVER   156882 DPushes remaining with DInf 8.5747923e+03              3217s
[2019-03-25 20:16:44] SOLVER   155384 DPushes remaining with DInf 8.5740546e+03              3221s
[2019-03-25 20:16:50] SOLVER   152385 DPushes remaining with DInf 8.5731821e+03              3226s
[2019-03-25 20:16:54] SOLVER   150888 DPushes remaining with DInf 8.5725392e+03              3231s
[2019-03-25 20:17:01] SOLVER   148642 DPushes remaining with DInf 8.5715778e+03              3237s
[2019-03-25 20:17:04] SOLVER   147149 DPushes remaining with DInf 8.5712340e+03              3241s
[2019-03-25 20:17:10] SOLVER   144906 DPushes remaining with DInf 8.5705711e+03              3246s
[2019-03-25 20:17:14] SOLVER   143415 DPushes remaining with DInf 8.5703338e+03              3251s
[2019-03-25 20:17:20] SOLVER   141168 DPushes remaining with DInf 8.5697578e+03              3257s
[2019-03-25 20:17:24] SOLVER   139675 DPushes remaining with DInf 8.5692162e+03              3260s
[2019-03-25 20:17:29] SOLVER   137435 DPushes remaining with DInf 8.5687860e+03              3266s
[2019-03-25 20:17:35] SOLVER   135945 DPushes remaining with DInf 8.5685389e+03              3272s
[2019-03-25 20:17:39] SOLVER   135199 DPushes remaining with DInf 8.5684557e+03              3275s
[2019-03-25 20:17:45] SOLVER   133707 DPushes remaining with DInf 8.5682913e+03              3282s
[2019-03-25 20:17:51] SOLVER   132217 DPushes remaining with DInf 8.5681859e+03              3287s
[2019-03-25 20:17:55] SOLVER   130722 DPushes remaining with DInf 8.5679148e+03              3292s
[2019-03-25 20:18:01] SOLVER   129225 DPushes remaining with DInf 8.5664751e+03              3297s
[2019-03-25 20:18:04] SOLVER   128477 DPushes remaining with DInf 8.5664218e+03              3300s
[2019-03-25 20:18:09] SOLVER   126982 DPushes remaining with DInf 8.5661342e+03              3306s
[2019-03-25 20:18:15] SOLVER   125489 DPushes remaining with DInf 8.5658444e+03              3311s
[2019-03-25 20:18:20] SOLVER   123995 DPushes remaining with DInf 8.5649018e+03              3316s
[2019-03-25 20:18:26] SOLVER   122499 DPushes remaining with DInf 8.5637086e+03              3322s
[2019-03-25 20:18:29] SOLVER   121750 DPushes remaining with DInf 8.5630675e+03              3325s
[2019-03-25 20:18:34] SOLVER   120248 DPushes remaining with DInf 8.5618366e+03              3330s
[2019-03-25 20:18:39] SOLVER   118748 DPushes remaining with DInf 8.5599046e+03              3336s
[2019-03-25 20:18:44] SOLVER   117244 DPushes remaining with DInf 8.5568455e+03              3341s
[2019-03-25 20:18:49] SOLVER   115747 DPushes remaining with DInf 8.5553595e+03              3345s
[2019-03-25 20:18:54] SOLVER   114246 DPushes remaining with DInf 8.5485843e+03              3351s
[2019-03-25 20:18:59] SOLVER   112736 DPushes remaining with DInf 8.5461515e+03              3355s
[2019-03-25 20:19:04] SOLVER   111187 DPushes remaining with DInf 8.5417602e+03              3360s
[2019-03-25 20:19:09] SOLVER   109636 DPushes remaining with DInf 8.5362403e+03              3365s
[2019-03-25 20:19:14] SOLVER   108092 DPushes remaining with DInf 8.5254229e+03              3370s
[2019-03-25 20:19:19] SOLVER   106532 DPushes remaining with DInf 8.5131233e+03              3375s
[2019-03-25 20:19:26] SOLVER   104243 DPushes remaining with DInf 8.4990839e+03              3382s
[2019-03-25 20:19:31] SOLVER   102677 DPushes remaining with DInf 8.4762714e+03              3388s
[2019-03-25 20:19:34] SOLVER   101894 DPushes remaining with DInf 8.4664586e+03              3390s
[2019-03-25 20:19:39] SOLVER   100286 DPushes remaining with DInf 8.4335974e+03              3396s
[2019-03-25 20:19:45] SOLVER   98751 DPushes remaining with DInf 8.4251295e+03              3401s
[2019-03-25 20:19:51] SOLVER   97249 DPushes remaining with DInf 8.4245141e+03              3407s
[2019-03-25 20:19:54] SOLVER   96502 DPushes remaining with DInf 8.4241199e+03              3411s
[2019-03-25 20:20:01] SOLVER   95005 DPushes remaining with DInf 8.4236591e+03              3417s
[2019-03-25 20:20:04] SOLVER   94250 DPushes remaining with DInf 8.4233161e+03              3420s
[2019-03-25 20:20:10] SOLVER   92753 DPushes remaining with DInf 8.4227196e+03              3427s
[2019-03-25 20:20:15] SOLVER   91258 DPushes remaining with DInf 8.4223407e+03              3432s
[2019-03-25 20:20:20] SOLVER   89767 DPushes remaining with DInf 8.4220392e+03              3436s
[2019-03-25 20:20:24] SOLVER   88272 DPushes remaining with DInf 8.4216689e+03              3441s
[2019-03-25 20:20:29] SOLVER   86780 DPushes remaining with DInf 8.4211167e+03              3446s
[2019-03-25 20:20:35] SOLVER   85283 DPushes remaining with DInf 8.4205927e+03              3451s
[2019-03-25 20:20:41] SOLVER   83778 DPushes remaining with DInf 8.4199520e+03              3458s
[2019-03-25 20:20:44] SOLVER   83028 DPushes remaining with DInf 8.4196717e+03              3461s
[2019-03-25 20:20:50] SOLVER   81531 DPushes remaining with DInf 8.4187855e+03              3466s
[2019-03-25 20:20:55] SOLVER   80031 DPushes remaining with DInf 8.4180862e+03              3472s
[2019-03-25 20:21:01] SOLVER   78527 DPushes remaining with DInf 8.4172250e+03              3478s
[2019-03-25 20:21:04] SOLVER   77764 DPushes remaining with DInf 8.4168887e+03              3481s
[2019-03-25 20:21:11] SOLVER   76231 DPushes remaining with DInf 8.4158073e+03              3487s
[2019-03-25 20:21:14] SOLVER   75456 DPushes remaining with DInf 8.4153352e+03              3490s
[2019-03-25 20:21:20] SOLVER   73911 DPushes remaining with DInf 8.4142207e+03              3496s
[2019-03-25 20:21:27] SOLVER   72326 DPushes remaining with DInf 8.4129444e+03              3503s
[2019-03-25 20:21:30] SOLVER   71523 DPushes remaining with DInf 8.4123926e+03              3506s
[2019-03-25 20:21:36] SOLVER   69876 DPushes remaining with DInf 8.4111145e+03              3513s
[2019-03-25 20:21:39] SOLVER   69023 DPushes remaining with DInf 8.4104856e+03              3516s
[2019-03-25 20:21:45] SOLVER   67323 DPushes remaining with DInf 8.4093571e+03              3522s
[2019-03-25 20:21:51] SOLVER   65634 DPushes remaining with DInf 8.4079265e+03              3527s
[2019-03-25 20:21:54] SOLVER   64774 DPushes remaining with DInf 8.4071490e+03              3530s
[2019-03-25 20:22:00] SOLVER   62235 DPushes remaining with DInf 8.4045827e+03              3536s
[2019-03-25 20:22:04] SOLVER   60510 DPushes remaining with DInf 8.4026121e+03              3540s
[2019-03-25 20:22:11] SOLVER   38534 DPushes remaining with DInf 7.9322620e+03              3547s
[2019-03-25 20:22:14] SOLVER   20342 DPushes remaining with DInf 7.3282207e+02              3551s
[2019-03-25 20:22:19] SOLVER   1712 DPushes remaining with DInf 8.2359761e+02              3556s
[2019-03-25 20:22:21] SOLVER   0 DPushes remaining with DInf 6.5849552e+03              3557s
[2019-03-25 20:22:22] SOLVER   1540332 PPushes remaining with PInf 4.2679367e+02              3558s
[2019-03-25 20:22:29] SOLVER   562062 PPushes remaining with PInf 3.4691777e+02              3566s
[2019-03-25 20:22:34] SOLVER   400543 PPushes remaining with PInf 5.4277468e+02              3570s
[2019-03-25 20:22:39] SOLVER   363777 PPushes remaining with PInf 5.3613590e+02              3576s
[2019-03-25 20:22:48] SOLVER   354015 PPushes remaining with PInf 5.3521869e+02              3584s
[2019-03-25 20:22:54] SOLVER   351582 PPushes remaining with PInf 5.3499573e+02              3591s
[2019-03-25 20:23:06] SOLVER   348133 PPushes remaining with PInf 5.3452185e+02              3602s
[2019-03-25 20:23:12] SOLVER   345972 PPushes remaining with PInf 5.3437259e+02              3608s
[2019-03-25 20:23:20] SOLVER   343360 PPushes remaining with PInf 5.3375199e+02              3616s
[2019-03-25 20:23:27] SOLVER   340032 PPushes remaining with PInf 5.3263748e+02              3623s
[2019-03-25 20:23:31] SOLVER   338796 PPushes remaining with PInf 5.3255758e+02              3628s
[2019-03-25 20:55:35] SOLVER   273391 PPushes remaining with PInf 4.8006809e+02              5551s
[2019-03-25 20:55:41] SOLVER   271978 PPushes remaining with PInf 4.7823402e+02              5557s
[2019-03-25 20:55:45] SOLVER   269285 PPushes remaining with PInf 4.7706495e+02              5562s
[2019-03-25 20:55:50] SOLVER   267785 PPushes remaining with PInf 4.7530416e+02              5566s
[2019-03-25 20:55:54] SOLVER   263221 PPushes remaining with PInf 4.7322742e+02              5571s
[2019-03-25 21:32:47] SOLVER   194572 PPushes remaining with PInf 3.9607694e+02              7783s
[2019-03-25 22:04:49] SOLVER   131100 PPushes remaining with PInf 3.3913584e+02              9705s
[2019-03-25 22:08:04] SOLVER   119583 PPushes remaining with PInf 3.5015178e+02              9900s
[2019-03-25 22:10:40] SOLVER   111374 PPushes remaining with PInf 3.5217095e+02             10056s
[2019-03-25 22:11:26] SOLVER   109184 PPushes remaining with PInf 3.3659627e+02             10103s
[2019-03-25 22:11:52] SOLVER   106037 PPushes remaining with PInf 2.9826081e+02             10129s
[2019-03-25 22:11:56] SOLVER   103895 PPushes remaining with PInf 2.9476812e+02             10132s
[2019-03-25 22:12:02] SOLVER   100857 PPushes remaining with PInf 2.9235800e+02             10138s
[2019-03-25 22:12:05] SOLVER   99619 PPushes remaining with PInf 2.9015454e+02             10141s
[2019-03-25 22:12:10] SOLVER   97617 PPushes remaining with PInf 2.8594627e+02             10147s
[2019-03-25 22:12:15] SOLVER   95731 PPushes remaining with PInf 2.8372297e+02             10151s
[2019-03-25 22:12:21] SOLVER   93879 PPushes remaining with PInf 2.8237114e+02             10157s
[2019-03-25 22:12:26] SOLVER   90583 PPushes remaining with PInf 2.8086859e+02             10162s
[2019-03-25 22:12:30] SOLVER   88406 PPushes remaining with PInf 2.7849376e+02             10167s
[2019-03-25 22:13:10] SOLVER   84368 PPushes remaining with PInf 2.7593383e+02             10207s
[2019-03-25 22:13:15] SOLVER   81659 PPushes remaining with PInf 2.7562858e+02             10211s
[2019-03-25 22:13:20] SOLVER   80764 PPushes remaining with PInf 2.7510189e+02             10216s
[2019-03-25 22:13:25] SOLVER   78303 PPushes remaining with PInf 2.7498268e+02             10222s
[2019-03-25 22:13:36] SOLVER   76739 PPushes remaining with PInf 2.7368922e+02             10232s
[2019-03-25 22:13:46] SOLVER   75965 PPushes remaining with PInf 2.7368033e+02             10243s
[2019-03-25 22:13:50] SOLVER   74784 PPushes remaining with PInf 2.7367999e+02             10246s
[2019-03-25 22:14:01] SOLVER   73883 PPushes remaining with PInf 2.7345048e+02             10257s
[2019-03-25 22:14:05] SOLVER   73033 PPushes remaining with PInf 2.7065366e+02             10261s
[2019-03-25 22:27:54] SOLVER   36414 PPushes remaining with PInf 2.6966312e+02             11090s
[2019-03-25 22:33:18] SOLVER   20263 PPushes remaining with PInf 2.6838949e+02             11415s
[2019-03-25 22:34:06] SOLVER   16957 PPushes remaining with PInf 2.6675144e+02             11462s
[2019-03-25 22:34:17] SOLVER   13649 PPushes remaining with PInf 2.6471220e+02             11474s
[2019-03-25 22:34:24] SOLVER   12480 PPushes remaining with PInf 2.6242679e+02             11481s
[2019-03-25 22:34:31] SOLVER   6880 PPushes remaining with PInf 2.5927805e+02             11488s
[2019-03-25 22:34:39] SOLVER   23 PPushes remaining with PInf 2.5868449e+02             11495s
[2019-03-25 22:34:42] SOLVER   0 PPushes remaining with PInf 2.5866630e+02             11499s
[2019-03-25 22:34:43] SOLVER   Push phase complete: Pinf 2.5866630e+02, Dinf 1.5653194e+05  11499s
[2019-03-25 22:34:46] SOLVER   Iteration    Objective       Primal Inf.    Dual Inf.      Time
[2019-03-25 22:34:46] SOLVER   2153448    3.3637498e+05   0.000000e+00   1.565319e+05  11502s
[2019-03-25 22:35:32] SOLVER   2154192    3.3637494e+05   0.000000e+00   1.704148e+05  11549s
[2019-03-25 22:36:16] SOLVER   2154936    3.3637494e+05   0.000000e+00   1.702999e+05  11592s
[2019-03-25 22:37:01] SOLVER   2155680    3.3637494e+05   0.000000e+00   1.702291e+05  11637s
[2019-03-25 22:37:48] SOLVER   2156424    3.3637494e+05   0.000000e+00   1.701582e+05  11684s
[2019-03-25 22:38:34] SOLVER   2157168    3.3637494e+05   0.000000e+00   1.700873e+05  11730s
[2019-03-25 22:39:20] SOLVER   2157912    3.3637494e+05   0.000000e+00   1.700165e+05  11776s
[2019-03-25 22:40:07] SOLVER   2158656    3.3637494e+05   0.000000e+00   1.699456e+05  11823s
[2019-03-25 22:40:55] SOLVER   2159400    3.3637494e+05   0.000000e+00   1.698748e+05  11871s
[2019-03-25 22:41:42] SOLVER   2160144    3.3637494e+05   0.000000e+00   1.698039e+05  11919s
[2019-03-25 22:42:30] SOLVER   2160888    3.3637494e+05   0.000000e+00   4.635046e+05  11966s
[2019-03-25 22:43:07] SOLVER   2161632    3.3637494e+05   0.000000e+00   1.819197e+05  12004s
[2019-03-25 22:43:55] SOLVER   2162376    3.3637491e+05   0.000000e+00   2.262268e+04  12051s
[2019-03-25 22:44:39] SOLVER   2163120    3.3637477e+05   0.000000e+00   1.158230e+05  12096s
[2019-03-25 22:45:18] SOLVER   2163865    3.3637470e+05   0.000000e+00   8.038529e+06  12135s
[2019-03-25 22:46:03] SOLVER   2164611    3.3637451e+05   0.000000e+00   3.825898e+05  12179s
[2019-03-25 22:46:55] SOLVER   2165355    3.3637446e+05   0.000000e+00   5.513279e+05  12231s
[2019-03-25 22:47:47] SOLVER   2166101    3.3637442e+05   0.000000e+00   1.015527e+07  12284s
[2019-03-25 22:48:58] SOLVER   2166845    3.3637439e+05   0.000000e+00   1.542239e+04  12355s
[2019-03-25 22:49:42] SOLVER   2167591    3.3637437e+05   0.000000e+00   1.528377e+05  12398s
[2019-03-25 22:50:27] SOLVER   2168337    3.3637435e+05   0.000000e+00   5.622580e+02  12444s
[2019-03-25 22:51:14] SOLVER   2169085    3.3637434e+05   0.000000e+00   1.649715e+01  12491s
[2019-03-25 22:52:00] SOLVER   2169595    3.3637458e+05   1.565129e+02   0.000000e+00  12537s
[2019-03-25 22:52:48] SOLVER   2170133    3.3637529e+05   0.000000e+00   0.000000e+00  12584s
[2019-03-25 22:53:00] SOLVER   2170133    3.3637529e+05   0.000000e+00   0.000000e+00  12596s
[2019-03-25 22:53:00] SOLVER   Solved in 2170133 iterations and 12596.19 seconds
[2019-03-25 22:53:00] SOLVER   Optimal objective  3.363752918e+05
[2019-03-25 22:53:00] SOLVER   Changed value of parameter LogFile to
[2019-03-25 22:53:00] SOLVER   Prev: /cluster/work/cpesm/trtim/ose-model-comparison/tmpio8_ij2w.log  Default:
[2019-03-25 22:55:03] INFO     Backend: solver finished running. Time since start: 4:00:49.106572
[2019-03-25 22:55:06] INFO     Backend: loaded results
[2019-03-25 22:55:56] INFO     Backend: generated solution array. Time since start: 4:01:41.517675
[2019-03-25 22:55:56] INFO     Postprocessing: started
[2019-03-25 22:57:41] INFO     Postprocessing: All values < 1e-10 set to 0 in carrier_prod, carrier_con, storage
[2019-03-25 22:57:41] INFO     Postprocessing: ended. Time since start: 4:03:26.947221
[2019-03-25 22:57:42] WARNING  /cluster/work/cpesm/trtim/.conda/envs/ose-model-comparison/lib/python3.6/site-packages/distributed/config.py:20: YAMLLoadWarning:

calling yaml.load() without Loader=... is deprecated, as the default Loader is unsafe. Please read https://msg.pyyaml.org/load for full details.


HDF5-DIAG: Error detected in HDF5 (1.10.4) thread 47013762854528:
 #000: H5F.c line 444 in H5Fcreate(): unable to create file
   major: File accessibilty
   minor: Unable to open file
 #001: H5Fint.c line 1364 in H5F__create(): unable to open file
   major: File accessibilty
   minor: Unable to open file
 #002: H5Fint.c line 1559 in H5F_open(): unable to open file: name = '/cluster/work/cpesm/trtim/ose-model-comparison/build/output/minus6/07.nc', tent_flags = 13
   major: File accessibilty
   minor: Unable to open file
 #003: H5FD.c line 734 in H5FD_open(): open failed
   major: Virtual File Layer
   minor: Unable to initialize object
 #004: H5FDsec2.c line 346 in H5FD_sec2_open(): unable to open file: name = '/cluster/work/cpesm/trtim/ose-model-comparison/build/output/minus6/07.nc', errno = 2, error message = 'No such file or directory', flags = 13, o_flags = 242
   major: File accessibilty
   minor: Unable to open file
Calliope 0.6.4-dev starting at 2019-03-25 18:54:14

Model name:   Open Source Modelling -- Euro Calliope model
Model size:   34 locations, 17 technologies, 4380 timesteps

Starting model run...
Saving NetCDF results to file: build/output/minus6/07.nc

Error in save_netcdf:
[Errno 13] Permission denied: b'/cluster/work/cpesm/trtim/ose-model-comparison/build/output/minus6/07.nc'

Calliope run aborted due to an error. Elapsed: 14608.1 seconds (time at exit: 2019-03-25 22:57:42)


PS:

Fail to open output file build/output/minus6/07.log: No such file or directory.
Output is stored in this mail.
