
b <calliope run build/model/model.yaml --save_netcdf build/output/minus6/09.nc --scenario baseline --override_dict "{run.solver_options.FeasibilityTol: 1e-6, run.solver_options.OptimalityTol: 1e-6}"> was submitted from host <eu-login-14-ng> by user <trtim> in cluster <euler> at Mon Mar 25 18:22:58 2019
Job was executed on host(s) <4*eu-a6-009-19>, in queue <normal.24h>, as user <trtim> in cluster <euler> at Mon Mar 25 18:57:05 2019
</cluster/home/trtim> was used as the home directory.
</cluster/home/trtim/Develop/ose-model-comparison> was used as the working directory.
Started at Mon Mar 25 18:57:05 2019
Terminated at Mon Mar 25 22:35:15 2019
Results reported at Mon Mar 25 22:35:15 2019

Your job looked like:

------------------------------------------------------------
# LSBATCH: User input
calliope run build/model/model.yaml --save_netcdf build/output/minus6/09.nc --scenario baseline --override_dict "{run.solver_options.FeasibilityTol: 1e-6, run.solver_options.OptimalityTol: 1e-6}"
------------------------------------------------------------

Exited with exit code 1.

Resource usage summary:

   CPU time :                                   14292.77 sec.
   Max Memory :                                 37926 MB
   Average Memory :                             30488.58 MB
   Total Requested Memory :                     48000.00 MB
   Delta Memory :                               10074.00 MB
   Max Swap :                                   -
   Max Processes :                              4
   Max Threads :                                9
   Run time :                                   13089 sec.
   Turnaround time :                            15137 sec.

The output (if any) follows:

/cluster/work/cpesm/trtim/.conda/envs/ose-model-comparison/lib/python3.6/site-packages/dask/config.py:168: YAMLLoadWarning:

calling yaml.load() without Loader=... is deprecated, as the default Loader is unsafe. Please read https://msg.pyyaml.org/load for full details.

[2019-03-25 18:57:16] INFO     Model: initialising
[2019-03-25 18:57:17] INFO     `run.solver_options.FeasibilityTol`:1e-06 applied from override as new configuration
`run.solver_options.OptimalityTol`:1e-06 applied from override as new configuration
[2019-03-25 18:57:17] INFO     Using scenario `baseline` leading to the application of overrides `['diw_assumptions', 'diw_battery_baseline_cost', 'equal_interest_rate', 'no_hydrogen']`.
[2019-03-25 18:57:17] INFO     `locations.ALB.techs.hydrogen.exists`:False applied from override as new configuration
`locations.AUT.techs.hydrogen.exists`:False applied from override as new configuration
`locations.BEL.techs.hydrogen.exists`:False applied from override as new configuration
`locations.BGR.techs.hydrogen.exists`:False applied from override as new configuration
`locations.BIH.techs.hydrogen.exists`:False applied from override as new configuration
`locations.CHE.techs.hydrogen.exists`:False applied from override as new configuration
`locations.CYP.techs.hydrogen.exists`:False applied from override as new configuration
`locations.CZE.techs.hydrogen.exists`:False applied from override as new configuration
`locations.DEU.techs.hydrogen.exists`:False applied from override as new configuration
`locations.DNK.techs.hydrogen.exists`:False applied from override as new configuration
`locations.ESP.techs.hydrogen.exists`:False applied from override as new configuration
`locations.EST.techs.hydrogen.exists`:False applied from override as new configuration
`locations.FIN.techs.hydrogen.exists`:False applied from override as new configuration
`locations.FRA.techs.hydrogen.exists`:False applied from override as new configuration
`locations.GBR.techs.hydrogen.exists`:False applied from override as new configuration
`locations.GRC.techs.hydrogen.exists`:False applied from override as new configuration
`locations.HRV.techs.hydrogen.exists`:False applied from override as new configuration
`locations.HUN.techs.hydrogen.exists`:False applied from override as new configuration
`locations.IRL.techs.hydrogen.exists`:False applied from override as new configuration
`locations.ITA.techs.hydrogen.exists`:False applied from override as new configuration
`locations.LTU.techs.hydrogen.exists`:False applied from override as new configuration
`locations.LUX.techs.hydrogen.exists`:False applied from override as new configuration
`locations.LVA.techs.hydrogen.exists`:False applied from override as new configuration
`locations.MKD.techs.hydrogen.exists`:False applied from override as new configuration
`locations.MNE.techs.hydrogen.exists`:False applied from override as new configuration
`locations.NLD.techs.hydrogen.exists`:False applied from override as new configuration
`locations.NOR.techs.hydrogen.exists`:False applied from override as new configuration
`locations.POL.techs.hydrogen.exists`:False applied from override as new configuration
`locations.PRT.techs.hydrogen.exists`:False applied from override as new configuration
`locations.ROU.techs.hydrogen.exists`:False applied from override as new configuration
`locations.SRB.techs.hydrogen.exists`:False applied from override as new configuration
`locations.SVK.techs.hydrogen.exists`:False applied from override as new configuration
`locations.SVN.techs.hydrogen.exists`:False applied from override as new configuration
`locations.SWE.techs.hydrogen.exists`:False applied from override as new configuration
`tech_groups.conversion.costs.monetary.interest_rate`:0.04 applied from override as new configuration
`tech_groups.conversion_plus.costs.monetary.interest_rate`:0.04 applied from override as new configuration
`tech_groups.storage.costs.monetary.interest_rate`:0.04 applied from override as new configuration
`tech_groups.supply.costs.monetary.interest_rate`:0.04 applied from override as new configuration
`tech_groups.supply_plus.costs.monetary.interest_rate`:0.04 applied from override as new configuration
`tech_groups.transmission.costs.monetary.interest_rate`:0.04 applied from override as new configuration
Override applied to techs.battery.costs.monetary.energy_cap: 713.47 -> 135.14000000000001
`techs.battery.costs.monetary.interest_rate`:0.04 applied from override as new configuration
Override applied to techs.battery.costs.monetary.om_annual: 12.48 -> 0
Override applied to techs.battery.costs.monetary.om_prod: 0.0028 -> 0
Override applied to techs.battery.costs.monetary.storage_cap: 322.73 -> 315.32
`techs.battery.energy_eff`:0.9591663046625439 applied from override as new configuration
Override applied to techs.ccgt.costs.monetary.om_con: 0.03761 -> 0.03168
Override applied to techs.ccgt.costs.monetary.om_prod: 0.000132 -> 0.014832000000000001
Override applied to techs.coal.costs.monetary.om_con: 0.010920000000000001 -> 0.009720000000000001
Override applied to techs.coal.costs.monetary.om_prod: 0.001315 -> 0.025915
Override applied to techs.lignite.costs.monetary.om_con: 0.010920000000000001 -> 0.00396
Override applied to techs.lignite.costs.monetary.om_prod: 0.001315 -> 0.028614999999999998
Override applied to techs.nuclear.costs.monetary.om_con: 0.0064 -> 0.0016899999999999999
Override applied to techs.nuclear.costs.monetary.om_prod: 0.0006580000000000001 -> 0.001018
[2019-03-25 18:57:18] INFO     Model: preprocessing stage 1 (model_run)
[2019-03-25 18:57:25] INFO     Model: preprocessing stage 2 (model_data)
[2019-03-25 18:58:33] INFO     Model: preprocessing complete. Time since start: 0:01:16.742934
[2019-03-25 18:58:33] INFO     Backend: starting model run
[2019-03-25 19:13:26] INFO     Backend: model generated. Time since start: 0:16:10.024225
[2019-03-25 19:13:26] INFO     Backend: sending model to solver
[2019-03-25 19:25:32] SOLVER   Parameter OutputFlag unchanged
[2019-03-25 19:25:32] SOLVER   Value: 1  Min: 0  Max: 1  Default: 1
[2019-03-25 19:25:32] SOLVER   Changed value of parameter LogFile to /cluster/work/cpesm/trtim/ose-model-comparison/tmpfu40fsr3.log
[2019-03-25 19:25:32] SOLVER   Prev: gurobi.log  Default:
[2019-03-25 19:25:32] SOLVER   Parameter FeasibilityTol unchanged
[2019-03-25 19:25:32] SOLVER   Value: 1e-06  Min: 1e-09  Max: 0.01  Default: 1e-06
[2019-03-25 19:25:32] SOLVER   Changed value of parameter Method to 2
[2019-03-25 19:25:32] SOLVER   Prev: -1  Min: -1  Max: 5  Default: -1
[2019-03-25 19:25:32] SOLVER   Parameter OptimalityTol unchanged
[2019-03-25 19:25:32] SOLVER   Value: 1e-06  Min: 1e-09  Max: 0.01  Default: 1e-06
[2019-03-25 19:25:32] SOLVER   Changed value of parameter Threads to 4
[2019-03-25 19:25:32] SOLVER   Prev: 0  Min: 0  Max: 1024  Default: 0
[2019-03-25 19:25:32] SOLVER   Optimize a model with 9340786 rows, 7221010 columns and 24514096 nonzeros
[2019-03-25 19:25:32] SOLVER   Coefficient statistics:
[2019-03-25 19:25:32] SOLVER   Matrix range     [1e-05, 4e+02]
[2019-03-25 19:25:32] SOLVER   Objective range  [1e+00, 1e+00]
[2019-03-25 19:25:32] SOLVER   Bounds range     [5e-02, 2e+03]
[2019-03-25 19:25:32] SOLVER   RHS range        [7e-03, 2e+03]
[2019-03-25 19:25:38] SOLVER   Presolve removed 6267467 rows and 4374384 columns (presolve time = 5s) ...
[2019-03-25 19:25:42] SOLVER   Presolve removed 6909505 rows and 5016422 columns (presolve time = 10s) ...
[2019-03-25 19:25:45] SOLVER   Presolve removed 6939760 rows and 5016432 columns
[2019-03-25 19:25:46] SOLVER   Presolve time: 13.91s
[2019-03-25 19:25:46] SOLVER   Presolved: 2401026 rows, 2204578 columns, 8737607 nonzeros
[2019-03-25 19:26:03] SOLVER   Ordering time: 0.00s
[2019-03-25 19:26:06] SOLVER   Barrier statistics:
[2019-03-25 19:26:06] SOLVER   Dense cols : 270
[2019-03-25 19:26:06] SOLVER   AA' NZ     : 8.083e+06
[2019-03-25 19:26:06] SOLVER   Factor NZ  : 4.940e+07 (roughly 2.3 GBytes of memory)
[2019-03-25 19:26:06] SOLVER   Factor Ops : 1.057e+10 (less than 1 second per iteration)
[2019-03-25 19:26:06] SOLVER   Threads    : 4
[2019-03-25 19:26:08] SOLVER   Objective                Residual
[2019-03-25 19:26:08] SOLVER   Iter       Primal          Dual         Primal    Dual     Compl     Time
[2019-03-25 19:26:08] SOLVER   0   1.11153753e+08 -1.09281141e+08  1.68e+07 4.56e-01  9.17e+04    36s
[2019-03-25 19:26:10] SOLVER   1   1.30648078e+08 -1.13882685e+08  1.06e+07 3.84e+01  6.98e+04    38s
[2019-03-25 19:26:13] SOLVER   2   1.32078584e+08 -1.40766502e+08  1.01e+07 3.20e+01  6.26e+04    41s
[2019-03-25 19:26:15] SOLVER   3   1.23095719e+08 -3.58900188e+08  8.97e+06 2.46e+01  5.35e+04    43s
[2019-03-25 19:26:18] SOLVER   4   9.36192792e+07 -1.44204157e+09  7.69e+06 1.63e+01  4.42e+04    46s
[2019-03-25 19:26:20] SOLVER   5   8.15208662e+07 -2.24141212e+09  6.75e+06 8.48e+00  3.67e+04    48s
[2019-03-25 19:26:22] SOLVER   6   5.68046491e+07 -2.48555857e+09  3.95e+06 5.89e+00  2.22e+04    50s
[2019-03-25 19:26:24] SOLVER   7   3.80743051e+07 -2.39931590e+09  2.12e+06 1.23e+00  1.13e+04    52s
[2019-03-25 19:26:27] SOLVER   8   3.51901174e+07 -2.04319518e+09  1.83e+06 4.21e-01  9.34e+03    55s
[2019-03-25 19:26:29] SOLVER   9   3.03657149e+07 -1.87338630e+09  1.38e+06 2.59e-01  7.11e+03    57s
[2019-03-25 19:26:31] SOLVER   10   2.34514864e+07 -1.47249698e+09  6.96e+05 1.02e-01  3.63e+03    59s
[2019-03-25 19:26:33] SOLVER   11   1.85594637e+07 -1.06705442e+09  2.81e+05 3.99e-02  1.51e+03    61s
[2019-03-25 19:26:35] SOLVER   12   1.70125276e+07 -7.86111045e+08  1.27e+05 1.95e-02  7.25e+02    63s
[2019-03-25 19:26:37] SOLVER   13   1.66567839e+07 -7.09085865e+08  7.91e+04 1.60e-02  4.93e+02    65s
[2019-03-25 19:26:39] SOLVER   14   1.61623033e+07 -5.57183588e+08  4.16e+04 1.04e-02  2.90e+02    67s
[2019-03-25 19:26:42] SOLVER   15   1.54746560e+07 -2.35031627e+08  1.87e+04 1.15e-03  1.16e+02    70s
[2019-03-25 19:26:44] SOLVER   16   1.32902003e+07 -1.26833730e+08  1.01e+04 3.58e-07  5.61e+01    72s
[2019-03-25 19:26:46] SOLVER   17   1.24678143e+07 -1.22881883e+08  8.64e+03 3.31e-07  5.08e+01    74s
[2019-03-25 19:26:48] SOLVER   18   1.08720142e+07 -9.41353737e+07  6.08e+03 1.13e-07  3.56e+01    76s
[2019-03-25 19:26:51] SOLVER   19   9.42150732e+06 -5.79085510e+07  4.48e+03 1.63e-09  2.19e+01    79s
[2019-03-25 19:26:53] SOLVER   20   7.49127949e+06 -2.75402141e+07  3.03e+03 3.84e-08  1.09e+01    81s
[2019-03-25 19:26:55] SOLVER   21   4.85717390e+06 -1.58810691e+07  1.58e+03 4.36e-09  5.70e+00    83s
[2019-03-25 19:26:58] SOLVER   22   3.96106676e+06 -1.03487850e+07  1.18e+03 8.87e-10  3.76e+00    86s
[2019-03-25 19:27:00] SOLVER   23   3.19678788e+06 -7.43373501e+06  8.74e+02 1.19e-09  2.68e+00    88s
[2019-03-25 19:27:02] SOLVER   24   2.61480903e+06 -6.06325454e+06  6.61e+02 5.81e-10  2.11e+00    90s
[2019-03-25 19:27:04] SOLVER   25   2.01330028e+06 -4.86009491e+06  4.47e+02 4.52e-10  1.59e+00    92s
[2019-03-25 19:27:06] SOLVER   26   1.57594537e+06 -3.03943232e+06  2.22e+02 3.30e-10  1.04e+00    94s
[2019-03-25 19:27:08] SOLVER   27   1.26304831e+06 -2.23429011e+06  1.47e+02 2.52e-10  7.64e-01    96s
[2019-03-25 19:27:10] SOLVER   28   1.11513757e+06 -1.09135666e+06  1.20e+02 3.29e-10  4.78e-01    98s
[2019-03-25 19:27:12] SOLVER   29   9.42217370e+05 -7.31378501e+05  9.07e+01 1.15e-09  3.57e-01   100s
[2019-03-25 19:27:15] SOLVER   30   8.61229413e+05 -6.12806639e+05  7.72e+01 9.45e-10  3.12e-01   103s
[2019-03-25 19:27:16] SOLVER   31   8.15449976e+05 -5.61084078e+05  6.75e+01 8.85e-10  2.90e-01   105s
[2019-03-25 19:27:19] SOLVER   32   7.51645061e+05 -3.45482306e+05  4.67e+01 4.64e-10  2.29e-01   107s
[2019-03-25 19:27:22] SOLVER   33   6.51976272e+05 -2.22999301e+05  4.37e+01 4.13e-10  1.81e-01   110s
[2019-03-25 19:27:24] SOLVER   34   5.80753699e+05 -2.88087330e+04  2.25e+01 2.63e-10  1.25e-01   112s
[2019-03-25 19:27:26] SOLVER   35   5.46577835e+05  5.81398759e+04  1.90e+01 2.24e-10  9.97e-02   114s
[2019-03-25 19:27:28] SOLVER   36   5.38492975e+05  1.05015767e+05  1.82e+01 1.86e-10  8.85e-02   116s
[2019-03-25 19:27:30] SOLVER   37   5.07423156e+05  1.72902577e+05  1.50e+01 1.59e-10  6.81e-02   118s
[2019-03-25 19:27:32] SOLVER   38   4.67045754e+05  2.12846183e+05  1.11e+01 1.06e-10  5.15e-02   120s
[2019-03-25 19:27:35] SOLVER   39   4.43498797e+05  2.37204404e+05  8.85e+00 8.61e-11  4.17e-02   123s
[2019-03-25 19:27:37] SOLVER   40   4.28731010e+05  2.58397247e+05  7.23e+00 6.31e-11  3.43e-02   125s
[2019-03-25 19:27:39] SOLVER   41   4.22142261e+05  2.70450155e+05  6.57e+00 5.15e-11  3.05e-02   127s
[2019-03-25 19:27:41] SOLVER   42   4.08651099e+05  2.79049181e+05  5.16e+00 4.91e-11  2.61e-02   129s
[2019-03-25 19:27:43] SOLVER   43   3.96398042e+05  2.83927867e+05  3.72e+00 5.46e-11  2.26e-02   131s
[2019-03-25 19:27:45] SOLVER   44   3.89586378e+05  2.90629950e+05  2.75e+00 3.67e-11  1.98e-02   133s
[2019-03-25 19:27:47] SOLVER   45   3.82047685e+05  2.96478260e+05  2.15e+00 3.18e-11  1.71e-02   135s
[2019-03-25 19:27:50] SOLVER   46   3.72678159e+05  3.04270979e+05  1.73e+00 2.27e-11  1.37e-02   138s
[2019-03-25 19:27:52] SOLVER   47   3.70231568e+05  3.11978280e+05  1.61e+00 1.65e-11  1.17e-02   140s
[2019-03-25 19:27:54] SOLVER   48   3.67725961e+05  3.14703407e+05  1.49e+00 3.00e-11  1.06e-02   142s
[2019-03-25 19:27:56] SOLVER   49   3.63148248e+05  3.16035621e+05  1.28e+00 1.82e-11  9.41e-03   144s
[2019-03-25 19:27:58] SOLVER   50   3.62397855e+05  3.17553153e+05  1.24e+00 1.48e-11  8.96e-03   146s
[2019-03-25 19:28:00] SOLVER   51   3.60156157e+05  3.19632555e+05  1.13e+00 1.18e-11  8.09e-03   148s
[2019-03-25 19:28:03] SOLVER   52   3.58894421e+05  3.21282903e+05  1.08e+00 1.71e-11  7.51e-03   151s
[2019-03-25 19:28:05] SOLVER   53   3.56364651e+05  3.24273662e+05  9.58e-01 2.86e-11  6.41e-03   153s
[2019-03-25 19:28:08] SOLVER   54   3.52480118e+05  3.25259197e+05  7.88e-01 1.51e-11  5.43e-03   156s
[2019-03-25 19:28:09] SOLVER   55   3.51134469e+05  3.26793245e+05  7.21e-01 1.92e-11  4.86e-03   158s
[2019-03-25 19:28:11] SOLVER   56   3.50402402e+05  3.27122857e+05  6.84e-01 3.56e-11  4.64e-03   159s
[2019-03-25 19:28:13] SOLVER   57   3.49742011e+05  3.27440764e+05  6.53e-01 1.01e-11  4.45e-03   162s
[2019-03-25 19:28:15] SOLVER   58   3.49545932e+05  3.27505438e+05  6.44e-01 2.24e-11  4.40e-03   163s
[2019-03-25 19:28:17] SOLVER   59   3.48764363e+05  3.28076898e+05  6.05e-01 2.79e-11  4.13e-03   166s
[2019-03-25 19:28:20] SOLVER   60   3.47621073e+05  3.29734437e+05  5.49e-01 2.79e-11  3.57e-03   168s
[2019-03-25 19:28:23] SOLVER   61   3.47399487e+05  3.30064754e+05  5.38e-01 3.97e-11  3.46e-03   171s
[2019-03-25 19:28:25] SOLVER   62   3.47151705e+05  3.30198567e+05  5.26e-01 2.01e-11  3.38e-03   173s
[2019-03-25 19:28:26] SOLVER   63   3.46456622e+05  3.30800115e+05  4.94e-01 3.97e-11  3.12e-03   175s
[2019-03-25 19:28:29] SOLVER   64   3.44393033e+05  3.31393282e+05  3.98e-01 3.60e-11  2.59e-03   177s
[2019-03-25 19:28:31] SOLVER   65   3.43823240e+05  3.31789335e+05  3.71e-01 3.42e-11  2.40e-03   179s
[2019-03-25 19:28:33] SOLVER   66   3.43160277e+05  3.32244185e+05  3.38e-01 3.61e-11  2.18e-03   181s
[2019-03-25 19:28:35] SOLVER   67   3.43024151e+05  3.32512867e+05  3.32e-01 3.29e-11  2.09e-03   183s
[2019-03-25 19:28:39] SOLVER   68   3.41784529e+05  3.32836616e+05  2.73e-01 3.29e-11  1.78e-03   187s
[2019-03-25 19:28:42] SOLVER   69   3.41470805e+05  3.32956816e+05  2.58e-01 3.29e-11  1.70e-03   190s
[2019-03-25 19:28:44] SOLVER   70   3.41323598e+05  3.33343718e+05  2.51e-01 2.79e-11  1.59e-03   192s
[2019-03-25 19:28:46] SOLVER   71   3.40665121e+05  3.33565388e+05  2.18e-01 1.92e-11  1.41e-03   194s
[2019-03-25 19:28:48] SOLVER   72   3.40609678e+05  3.33593464e+05  2.15e-01 2.92e-11  1.40e-03   196s
[2019-03-25 19:28:50] SOLVER   73   3.40411828e+05  3.33775312e+05  2.06e-01 3.38e-11  1.32e-03   198s
[2019-03-25 19:28:52] SOLVER   74   3.40224119e+05  3.33888123e+05  1.96e-01 2.88e-11  1.26e-03   200s
[2019-03-25 19:28:53] SOLVER   75   3.39941992e+05  3.34121774e+05  1.80e-01 1.86e-11  1.16e-03   202s
[2019-03-25 19:28:55] SOLVER   76   3.39836590e+05  3.34386340e+05  1.75e-01 3.33e-11  1.09e-03   204s
[2019-03-25 19:28:57] SOLVER   77   3.39424942e+05  3.34716545e+05  1.54e-01 8.41e-11  9.38e-04   205s
[2019-03-25 19:29:00] SOLVER   78   3.39132137e+05  3.34948299e+05  1.40e-01 1.03e-10  8.33e-04   208s
[2019-03-25 19:29:03] SOLVER   79   3.38900873e+05  3.35243160e+05  1.28e-01 1.16e-10  7.28e-04   211s
[2019-03-25 19:29:05] SOLVER   80   3.38381245e+05  3.35383425e+05  1.03e-01 1.12e-10  5.97e-04   213s
[2019-03-25 19:29:07] SOLVER   81   3.38334018e+05  3.35448764e+05  1.01e-01 5.87e-11  5.74e-04   215s
[2019-03-25 19:29:09] SOLVER   82   3.38300035e+05  3.35469425e+05  9.91e-02 5.42e-11  5.63e-04   217s
[2019-03-25 19:29:11] SOLVER   83   3.38120499e+05  3.35531812e+05  9.02e-02 4.83e-11  5.15e-04   219s
[2019-03-25 19:29:13] SOLVER   84   3.38048718e+05  3.35556877e+05  8.65e-02 4.97e-11  4.96e-04   221s
[2019-03-25 19:29:16] SOLVER   85   3.37845077e+05  3.35684626e+05  7.68e-02 6.80e-11  4.30e-04   224s
[2019-03-25 19:29:18] SOLVER   86   3.37779004e+05  3.35782471e+05  7.36e-02 8.31e-11  3.97e-04   226s
[2019-03-25 19:29:21] SOLVER   87   3.37539767e+05  3.35827144e+05  6.15e-02 7.04e-11  3.41e-04   229s
[2019-03-25 19:29:22] SOLVER   88   3.37514328e+05  3.35855397e+05  6.02e-02 6.47e-11  3.30e-04   230s
[2019-03-25 19:29:24] SOLVER   89   3.37472561e+05  3.35864313e+05  5.79e-02 6.61e-11  3.20e-04   232s
[2019-03-25 19:29:27] SOLVER   90   3.37374313e+05  3.35886919e+05  5.30e-02 6.22e-11  2.96e-04   235s
[2019-03-25 19:29:28] SOLVER   91   3.37308109e+05  3.35902215e+05  4.95e-02 6.47e-11  2.80e-04   237s
[2019-03-25 19:29:31] SOLVER   92   3.37246080e+05  3.35934103e+05  4.65e-02 5.30e-11  2.61e-04   239s
[2019-03-25 19:29:34] SOLVER   93   3.37150630e+05  3.35986805e+05  4.18e-02 5.83e-11  2.31e-04   242s
[2019-03-25 19:29:36] SOLVER   94   3.37109740e+05  3.36010026e+05  3.97e-02 5.09e-11  2.19e-04   244s
[2019-03-25 19:29:38] SOLVER   95   3.37100529e+05  3.36017592e+05  3.92e-02 4.38e-11  2.15e-04   246s
[2019-03-25 19:29:39] SOLVER   96   3.37075365e+05  3.36035971e+05  3.78e-02 4.41e-11  2.07e-04   248s
[2019-03-25 19:29:42] SOLVER   97   3.37007434e+05  3.36061496e+05  3.40e-02 6.30e-11  1.88e-04   250s
[2019-03-25 19:29:44] SOLVER   98   3.36966389e+05  3.36076019e+05  3.18e-02 6.50e-11  1.77e-04   252s
[2019-03-25 19:29:46] SOLVER   99   3.36927679e+05  3.36108294e+05  2.97e-02 3.51e-11  1.63e-04   254s
[2019-03-25 19:29:49] SOLVER   100   3.36904917e+05  3.36121094e+05  2.85e-02 5.73e-11  1.56e-04   257s
[2019-03-25 19:29:51] SOLVER   101   3.36875408e+05  3.36130561e+05  2.70e-02 3.82e-11  1.48e-04   259s
[2019-03-25 19:29:53] SOLVER   102   3.36868713e+05  3.36134071e+05  2.67e-02 3.46e-11  1.46e-04   261s
[2019-03-25 19:29:55] SOLVER   103   3.36859499e+05  3.36138950e+05  2.62e-02 4.64e-11  1.43e-04   263s
[2019-03-25 19:29:57] SOLVER   104   3.36827999e+05  3.36151657e+05  2.45e-02 3.55e-11  1.34e-04   265s
[2019-03-25 19:29:59] SOLVER   105   3.36816710e+05  3.36154904e+05  2.39e-02 4.50e-11  1.32e-04   267s
[2019-03-25 19:30:01] SOLVER   106   3.36792666e+05  3.36178058e+05  2.26e-02 5.28e-11  1.22e-04   269s
[2019-03-25 19:30:04] SOLVER   107   3.36743450e+05  3.36187464e+05  2.01e-02 4.00e-11  1.10e-04   272s
[2019-03-25 19:30:06] SOLVER   108   3.36741394e+05  3.36194391e+05  2.00e-02 4.00e-11  1.09e-04   274s
[2019-03-25 19:30:08] SOLVER   109   3.36730881e+05  3.36212361e+05  1.94e-02 5.78e-11  1.03e-04   276s
[2019-03-25 19:30:10] SOLVER   110   3.36708307e+05  3.36220898e+05  1.81e-02 4.41e-11  9.69e-05   278s
[2019-03-25 19:30:12] SOLVER   111   3.36686053e+05  3.36232973e+05  1.70e-02 3.37e-11  9.01e-05   280s
[2019-03-25 19:30:14] SOLVER   112   3.36651848e+05  3.36249293e+05  1.51e-02 2.09e-10  8.00e-05   282s
[2019-03-25 19:30:16] SOLVER   113   3.36631062e+05  3.36258092e+05  1.39e-02 1.98e-10  7.41e-05   285s
[2019-03-25 19:30:19] SOLVER   114   3.36581380e+05  3.36278810e+05  1.13e-02 1.13e-09  6.01e-05   287s
[2019-03-25 19:30:22] SOLVER   115   3.36563808e+05  3.36302179e+05  1.03e-02 6.15e-11  5.20e-05   290s
[2019-03-25 19:30:24] SOLVER   116   3.36553467e+05  3.36309021e+05  9.74e-03 3.22e-10  4.86e-05   292s
[2019-03-25 19:30:25] SOLVER   117   3.36530151e+05  3.36315963e+05  8.43e-03 1.58e-09  4.26e-05   293s
[2019-03-25 19:30:28] SOLVER   118   3.36513349e+05  3.36329130e+05  7.52e-03 1.45e-09  3.66e-05   296s
[2019-03-25 19:30:31] SOLVER   119   3.36489320e+05  3.36334092e+05  6.25e-03 2.40e-10  3.09e-05   299s
[2019-03-25 19:30:33] SOLVER   120   3.36475933e+05  3.36343030e+05  5.52e-03 8.93e-11  2.64e-05   301s
[2019-03-25 19:30:35] SOLVER   121   3.36466823e+05  3.36344965e+05  5.02e-03 9.05e-11  2.42e-05   303s
[2019-03-25 19:30:37] SOLVER   122   3.36464686e+05  3.36346422e+05  4.91e-03 8.82e-11  2.35e-05   305s
[2019-03-25 19:30:39] SOLVER   123   3.36459127e+05  3.36349338e+05  4.60e-03 8.61e-11  2.18e-05   307s
[2019-03-25 19:30:41] SOLVER   124   3.36445368e+05  3.36351791e+05  3.90e-03 1.07e-09  1.86e-05   309s
[2019-03-25 19:30:44] SOLVER   125   3.36439274e+05  3.36356820e+05  3.56e-03 9.73e-11  1.64e-05   312s
[2019-03-25 19:30:46] SOLVER   126   3.36427121e+05  3.36358486e+05  2.91e-03 7.35e-11  1.36e-05   314s
[2019-03-25 19:30:48] SOLVER   127   3.36423121e+05  3.36359886e+05  2.68e-03 7.05e-11  1.26e-05   316s
[2019-03-25 19:30:50] SOLVER   128   3.36421208e+05  3.36360879e+05  2.58e-03 6.74e-11  1.20e-05   318s
[2019-03-25 19:30:52] SOLVER   129   3.36418011e+05  3.36362549e+05  2.39e-03 6.70e-11  1.10e-05   321s
[2019-03-25 19:30:54] SOLVER   130   3.36416127e+05  3.36362875e+05  2.28e-03 6.69e-11  1.06e-05   322s
[2019-03-25 19:30:57] SOLVER   131   3.36408190e+05  3.36363858e+05  1.87e-03 6.24e-11  8.81e-06   325s
[2019-03-25 19:30:59] SOLVER   132   3.36403594e+05  3.36366379e+05  1.60e-03 6.14e-11  7.40e-06   327s
[2019-03-25 19:31:02] SOLVER   133   3.36401302e+05  3.36367966e+05  1.48e-03 6.48e-11  6.63e-06   330s
[2019-03-25 19:31:04] SOLVER   134   3.36399704e+05  3.36368700e+05  1.38e-03 6.27e-11  6.16e-06   332s
[2019-03-25 19:31:05] SOLVER   135   3.36396906e+05  3.36369388e+05  1.22e-03 1.30e-10  5.47e-06   334s
[2019-03-25 19:31:08] SOLVER   136   3.36393985e+05  3.36370414e+05  1.05e-03 1.67e-10  4.69e-06   336s
[2019-03-25 19:31:10] SOLVER   137   3.36392877e+05  3.36370848e+05  9.87e-04 1.92e-10  4.38e-06   338s
[2019-03-25 19:31:12] SOLVER   138   3.36389133e+05  3.36371143e+05  7.87e-04 2.06e-10  3.58e-06   340s
[2019-03-25 19:31:15] SOLVER   139   3.36388671e+05  3.36371326e+05  7.63e-04 2.09e-10  3.45e-06   343s
[2019-03-25 19:31:17] SOLVER   140   3.36386331e+05  3.36371742e+05  6.28e-04 1.87e-07  2.90e-06   345s
[2019-03-25 19:31:19] SOLVER   141   3.36384623e+05  3.36372075e+05  5.28e-04 1.70e-07  2.49e-06   347s
[2019-03-25 19:31:21] SOLVER   142   3.36383799e+05  3.36372516e+05  4.80e-04 1.46e-07  2.24e-06   349s
[2019-03-25 19:31:23] SOLVER   143   3.36382336e+05  3.36373365e+05  3.98e-04 1.01e-07  1.78e-06   351s
[2019-03-25 19:31:25] SOLVER   144   3.36381611e+05  3.36373485e+05  3.56e-04 9.50e-08  1.61e-06   353s
[2019-03-25 19:31:27] SOLVER   145   3.36380803e+05  3.36373921e+05  3.13e-04 7.18e-08  1.37e-06   355s
[2019-03-25 19:31:30] SOLVER   146   3.36380208e+05  3.36374072e+05  2.82e-04 6.38e-08  1.22e-06   358s
[2019-03-25 19:31:32] SOLVER   147   3.36379823e+05  3.36374213e+05  2.61e-04 5.45e-08  1.12e-06   360s
[2019-03-25 19:31:34] SOLVER   148   3.36379515e+05  3.36374262e+05  2.43e-04 5.16e-08  1.04e-06   362s
[2019-03-25 19:31:36] SOLVER   149   3.36379387e+05  3.36374321e+05  2.36e-04 4.81e-08  1.01e-06   364s
[2019-03-25 19:31:39] SOLVER   150   3.36379036e+05  3.36374375e+05  2.15e-04 4.54e-08  9.27e-07   367s
[2019-03-25 19:31:41] SOLVER   151   3.36378863e+05  3.36374447e+05  2.05e-04 4.18e-08  8.78e-07   369s
[2019-03-25 19:31:44] SOLVER   152   3.36378526e+05  3.36374660e+05  1.85e-04 3.12e-08  7.69e-07   372s
[2019-03-25 19:31:47] SOLVER   153   3.36377664e+05  3.36374736e+05  1.35e-04 2.70e-08  5.82e-07   375s
[2019-03-25 19:31:49] SOLVER   154   3.36377432e+05  3.36374849e+05  1.22e-04 2.19e-08  5.14e-07   377s
[2019-03-25 19:31:51] SOLVER   155   3.36377352e+05  3.36374869e+05  1.17e-04 2.09e-08  4.94e-07   379s
[2019-03-25 19:31:53] SOLVER   156   3.36377171e+05  3.36374893e+05  1.07e-04 1.96e-08  4.53e-07   381s
[2019-03-25 19:31:55] SOLVER   157   3.36376881e+05  3.36375002e+05  9.11e-05 1.40e-08  3.74e-07   383s
[2019-03-25 19:31:57] SOLVER   158   3.36376703e+05  3.36375028e+05  8.03e-05 1.00e-04  3.33e-07   385s
[2019-03-25 19:32:00] SOLVER   159   3.36376593e+05  3.36375057e+05  7.44e-05 8.93e-05  3.06e-07   388s
[2019-03-25 19:32:02] SOLVER   160   3.36376446e+05  3.36375075e+05  6.59e-05 8.22e-05  2.73e-07   390s
[2019-03-25 19:32:05] SOLVER   161   3.36376314e+05  3.36375120e+05  5.90e-05 6.52e-05  2.38e-07   394s
[2019-03-25 19:32:08] SOLVER   162   3.36376232e+05  3.36375131e+05  5.45e-05 6.09e-05  2.19e-07   397s
[2019-03-25 19:32:11] SOLVER   163   3.36376103e+05  3.36375148e+05  4.73e-05 5.42e-05  1.90e-07   399s
[2019-03-25 19:32:13] SOLVER   164   3.36376065e+05  3.36375156e+05  4.52e-05 5.05e-05  1.81e-07   401s
[2019-03-25 19:32:14] SOLVER   165   3.36376025e+05  3.36375166e+05  4.28e-05 4.68e-05  1.71e-07   403s
[2019-03-25 19:32:16] SOLVER   166   3.36375957e+05  3.36375184e+05  3.88e-05 3.87e-05  1.54e-07   404s
[2019-03-25 19:32:18] SOLVER   167   3.36375860e+05  3.36375190e+05  3.31e-05 3.65e-05  1.33e-07   406s
[2019-03-25 19:32:20] SOLVER   168   3.36375831e+05  3.36375206e+05  3.14e-05 2.02e-05  1.24e-07   408s
[2019-03-25 19:32:22] SOLVER   169   3.36375717e+05  3.36375218e+05  2.48e-05 1.70e-05  9.94e-08   410s
[2019-03-25 19:32:24] SOLVER   170   3.36375663e+05  3.36375223e+05  2.18e-05 1.57e-05  8.75e-08   412s
[2019-03-25 19:32:26] SOLVER   171   3.36375646e+05  3.36375225e+05  2.07e-05 1.54e-05  8.37e-08   414s
[2019-03-25 19:32:28] SOLVER   172   3.36375618e+05  3.36375232e+05  1.91e-05 1.37e-05  7.67e-08   416s
[2019-03-25 19:32:31] SOLVER   173   3.36375605e+05  3.36375234e+05  1.83e-05 1.31e-05  7.37e-08   419s
[2019-03-25 19:32:31] SOLVER   Barrier solved model in 173 iterations and 418.73 seconds
[2019-03-25 19:32:31] SOLVER   Optimal objective 3.36375605e+05
[2019-03-25 19:32:32] SOLVER   Crossover log...
[2019-03-25 19:32:33] SOLVER   658518 DPushes remaining with DInf 1.8336515e+02               421s
[2019-03-25 19:32:38] SOLVER   566337 DPushes remaining with DInf 1.8240738e+02               426s
[2019-03-25 19:32:42] SOLVER   561873 DPushes remaining with DInf 1.8240738e+02               431s
[2019-03-25 19:32:47] SOLVER   554704 DPushes remaining with DInf 1.8193181e+02               435s
[2019-03-25 19:32:53] SOLVER   548059 DPushes remaining with DInf 4.0168252e+02               441s
[2019-03-25 19:32:59] SOLVER   542851 DPushes remaining with DInf 4.0167288e+02               447s
[2019-03-25 19:33:04] SOLVER   541363 DPushes remaining with DInf 4.0167288e+02               452s
[2019-03-25 19:33:09] SOLVER   539875 DPushes remaining with DInf 4.0167288e+02               457s
[2019-03-25 19:33:13] SOLVER   538387 DPushes remaining with DInf 4.0167288e+02               462s
[2019-03-25 19:33:17] SOLVER   536155 DPushes remaining with DInf 4.0167288e+02               465s
[2019-03-25 19:33:22] SOLVER   531691 DPushes remaining with DInf 4.0167288e+02               470s
[2019-03-25 19:33:27] SOLVER   528715 DPushes remaining with DInf 4.0167288e+02               475s
[2019-03-25 19:33:32] SOLVER   524995 DPushes remaining with DInf 4.0167288e+02               480s
[2019-03-25 19:33:37] SOLVER   520531 DPushes remaining with DInf 4.0167288e+02               485s
[2019-03-25 19:33:43] SOLVER   515323 DPushes remaining with DInf 4.0167288e+02               491s
[2019-03-25 19:33:47] SOLVER   511603 DPushes remaining with DInf 4.0167288e+02               495s
[2019-03-25 19:33:52] SOLVER   507883 DPushes remaining with DInf 4.0167288e+02               500s
[2019-03-25 19:33:57] SOLVER   503419 DPushes remaining with DInf 4.0167288e+02               505s
[2019-03-25 19:34:02] SOLVER   498211 DPushes remaining with DInf 4.0167288e+02               510s
[2019-03-25 19:34:07] SOLVER   493003 DPushes remaining with DInf 4.0164480e+02               515s
[2019-03-25 19:34:12] SOLVER   490027 DPushes remaining with DInf 4.0164480e+02               520s
[2019-03-25 19:34:18] SOLVER   487051 DPushes remaining with DInf 4.0164480e+02               526s
[2019-03-25 19:34:24] SOLVER   484819 DPushes remaining with DInf 4.0164480e+02               532s
[2019-03-25 19:34:27] SOLVER   483331 DPushes remaining with DInf 4.0164480e+02               535s
[2019-03-25 19:34:34] SOLVER   481099 DPushes remaining with DInf 4.0164480e+02               542s
[2019-03-25 19:34:37] SOLVER   479611 DPushes remaining with DInf 4.0164480e+02               545s
[2019-03-25 19:34:43] SOLVER   477379 DPushes remaining with DInf 4.0164480e+02               551s
[2019-03-25 19:34:47] SOLVER   475891 DPushes remaining with DInf 4.0164480e+02               555s
[2019-03-25 19:34:53] SOLVER   473659 DPushes remaining with DInf 4.0164480e+02               561s
[2019-03-25 19:34:58] SOLVER   471427 DPushes remaining with DInf 4.0164480e+02               566s
[2019-03-25 19:35:03] SOLVER   469195 DPushes remaining with DInf 4.0164480e+02               571s
[2019-03-25 19:35:08] SOLVER   466963 DPushes remaining with DInf 4.0164480e+02               576s
[2019-03-25 19:35:13] SOLVER   464731 DPushes remaining with DInf 4.0164480e+02               581s
[2019-03-25 19:35:18] SOLVER   462499 DPushes remaining with DInf 4.0164480e+02               586s
[2019-03-25 19:35:23] SOLVER   460267 DPushes remaining with DInf 4.0164480e+02               591s
[2019-03-25 19:35:28] SOLVER   458035 DPushes remaining with DInf 4.0164480e+02               596s
[2019-03-25 19:35:32] SOLVER   455803 DPushes remaining with DInf 4.0164480e+02               600s
[2019-03-25 19:35:37] SOLVER   453571 DPushes remaining with DInf 4.0164480e+02               605s
[2019-03-25 19:35:42] SOLVER   451339 DPushes remaining with DInf 4.0164480e+02               611s
[2019-03-25 19:35:47] SOLVER   449106 DPushes remaining with DInf 4.0164480e+02               615s
[2019-03-25 19:35:52] SOLVER   446874 DPushes remaining with DInf 4.0164480e+02               620s
[2019-03-25 19:35:58] SOLVER   444642 DPushes remaining with DInf 4.0164480e+02               626s
[2019-03-25 19:36:02] SOLVER   442410 DPushes remaining with DInf 4.0164480e+02               630s
[2019-03-25 19:36:08] SOLVER   439433 DPushes remaining with DInf 4.0164480e+02               636s
[2019-03-25 19:36:12] SOLVER   437201 DPushes remaining with DInf 4.0164480e+02               640s
[2019-03-25 19:36:17] SOLVER   435713 DPushes remaining with DInf 4.0164480e+02               645s
[2019-03-25 19:36:22] SOLVER   434225 DPushes remaining with DInf 4.0164480e+02               650s
[2019-03-25 19:36:27] SOLVER   432737 DPushes remaining with DInf 4.0164480e+02               655s
[2019-03-25 19:36:34] SOLVER   430505 DPushes remaining with DInf 4.0164480e+02               662s
[2019-03-25 19:36:38] SOLVER   429017 DPushes remaining with DInf 4.0164480e+02               666s
[2019-03-25 19:36:43] SOLVER   427529 DPushes remaining with DInf 4.0164480e+02               671s
[2019-03-25 19:36:49] SOLVER   425297 DPushes remaining with DInf 4.0164480e+02               677s
[2019-03-25 19:36:53] SOLVER   423809 DPushes remaining with DInf 4.0164480e+02               681s
[2019-03-25 19:36:58] SOLVER   421577 DPushes remaining with DInf 4.0164480e+02               686s
[2019-03-25 19:37:03] SOLVER   419345 DPushes remaining with DInf 4.0164480e+02               691s
[2019-03-25 19:37:08] SOLVER   417112 DPushes remaining with DInf 4.0164480e+02               696s
[2019-03-25 19:37:13] SOLVER   414880 DPushes remaining with DInf 4.0164480e+02               701s
[2019-03-25 19:37:18] SOLVER   412648 DPushes remaining with DInf 4.0164480e+02               706s
[2019-03-25 19:37:22] SOLVER   410416 DPushes remaining with DInf 4.0164480e+02               711s
[2019-03-25 19:37:28] SOLVER   407440 DPushes remaining with DInf 4.0164480e+02               716s
[2019-03-25 19:37:32] SOLVER   404464 DPushes remaining with DInf 4.0164480e+02               720s
[2019-03-25 19:37:38] SOLVER   400743 DPushes remaining with DInf 4.0164480e+02               726s
[2019-03-25 19:37:42] SOLVER   398511 DPushes remaining with DInf 4.0164480e+02               730s
[2019-03-25 19:37:48] SOLVER   395534 DPushes remaining with DInf 4.0163109e+02               736s
[2019-03-25 19:37:53] SOLVER   391814 DPushes remaining with DInf 4.0162319e+02               741s
[2019-03-25 19:37:57] SOLVER   388838 DPushes remaining with DInf 4.2338977e+02               745s
[2019-03-25 19:38:03] SOLVER   384374 DPushes remaining with DInf 4.2338977e+02               751s
[2019-03-25 19:38:08] SOLVER   380653 DPushes remaining with DInf 4.2338977e+02               756s
[2019-03-25 19:38:12] SOLVER   376932 DPushes remaining with DInf 4.1982621e+02               760s
[2019-03-25 19:38:18] SOLVER   373953 DPushes remaining with DInf 4.1978899e+02               766s
[2019-03-25 19:38:24] SOLVER   371718 DPushes remaining with DInf 4.1975289e+02               772s
[2019-03-25 19:38:28] SOLVER   370227 DPushes remaining with DInf 4.1973589e+02               776s
[2019-03-25 19:38:32] SOLVER   368738 DPushes remaining with DInf 4.1972515e+02               780s
[2019-03-25 19:38:39] SOLVER   366506 DPushes remaining with DInf 4.1971052e+02               787s
[2019-03-25 19:38:43] SOLVER   365018 DPushes remaining with DInf 4.1969068e+02               791s
[2019-03-25 19:38:47] SOLVER   363530 DPushes remaining with DInf 4.1967928e+02               795s
[2019-03-25 19:38:52] SOLVER   361298 DPushes remaining with DInf 4.1966552e+02               800s
[2019-03-25 19:38:58] SOLVER   358322 DPushes remaining with DInf 4.1964531e+02               806s
[2019-03-25 19:39:03] SOLVER   355345 DPushes remaining with DInf 4.1962824e+02               811s
[2019-03-25 19:39:07] SOLVER   352369 DPushes remaining with DInf 4.1961824e+02               816s
[2019-03-25 19:39:13] SOLVER   348649 DPushes remaining with DInf 4.1960723e+02               821s
[2019-03-25 19:39:17] SOLVER   345672 DPushes remaining with DInf 4.1959556e+02               825s
[2019-03-25 19:39:23] SOLVER   342695 DPushes remaining with DInf 4.1958362e+02               831s
[2019-03-25 19:39:27] SOLVER   340463 DPushes remaining with DInf 2.7877966e+02               835s
[2019-03-25 19:39:32] SOLVER   337487 DPushes remaining with DInf 2.7877966e+02               840s
[2019-03-25 19:39:37] SOLVER   333767 DPushes remaining with DInf 2.7877966e+02               845s
[2019-03-25 19:39:43] SOLVER   329303 DPushes remaining with DInf 2.7877966e+02               851s
[2019-03-25 19:39:48] SOLVER   324315 DPushes remaining with DInf 2.7451424e+02               856s
[2019-03-25 19:39:52] SOLVER   319576 DPushes remaining with DInf 7.6933090e+03               860s
[2019-03-25 19:39:58] SOLVER   314571 DPushes remaining with DInf 7.6301379e+03               866s
[2019-03-25 19:40:03] SOLVER   311002 DPushes remaining with DInf 7.6229336e+03               872s
[2019-03-25 19:40:07] SOLVER   307634 DPushes remaining with DInf 7.6183399e+03               875s
[2019-03-25 19:40:12] SOLVER   303365 DPushes remaining with DInf 7.6099270e+03               880s
[2019-03-25 19:40:18] SOLVER   299110 DPushes remaining with DInf 7.6048168e+03               886s
[2019-03-25 19:40:23] SOLVER   294481 DPushes remaining with DInf 7.6013484e+03               891s
[2019-03-25 19:40:27] SOLVER   289741 DPushes remaining with DInf 7.4955690e+03               895s
[2019-03-25 19:40:32] SOLVER   285203 DPushes remaining with DInf 7.4919393e+03               901s
[2019-03-25 19:40:38] SOLVER   280935 DPushes remaining with DInf 7.4898293e+03               906s
[2019-03-25 19:40:42] SOLVER   276888 DPushes remaining with DInf 7.4881997e+03               911s
[2019-03-25 19:40:47] SOLVER   273553 DPushes remaining with DInf 7.4870303e+03               915s
[2019-03-25 19:40:53] SOLVER   270892 DPushes remaining with DInf 7.4500968e+03               922s
[2019-03-25 19:40:57] SOLVER   268267 DPushes remaining with DInf 7.4450425e+03               925s
[2019-03-25 19:41:02] SOLVER   265639 DPushes remaining with DInf 7.4400825e+03               930s
[2019-03-25 19:41:08] SOLVER   263116 DPushes remaining with DInf 7.4372701e+03               936s
[2019-03-25 19:41:13] SOLVER   261558 DPushes remaining with DInf 7.4365651e+03               941s
[2019-03-25 19:41:19] SOLVER   258355 DPushes remaining with DInf 7.4347501e+03               947s
[2019-03-25 19:41:24] SOLVER   256715 DPushes remaining with DInf 7.4334806e+03               952s
[2019-03-25 19:41:27] SOLVER   255890 DPushes remaining with DInf 7.4324511e+03               955s
[2019-03-25 19:41:32] SOLVER   254315 DPushes remaining with DInf 7.4309524e+03               961s
[2019-03-25 19:41:37] SOLVER   252778 DPushes remaining with DInf 7.4295817e+03               965s
[2019-03-25 19:41:43] SOLVER   250141 DPushes remaining with DInf 7.4241791e+03               971s
[2019-03-25 19:41:48] SOLVER   249260 DPushes remaining with DInf 7.4240303e+03               976s
[2019-03-25 19:41:53] SOLVER   248438 DPushes remaining with DInf 7.4239822e+03               982s
[2019-03-25 19:41:57] SOLVER   247663 DPushes remaining with DInf 7.4237896e+03               985s
[2019-03-25 19:42:03] SOLVER   245407 DPushes remaining with DInf 7.4232079e+03               991s
[2019-03-25 19:42:07] SOLVER   242412 DPushes remaining with DInf 7.4228365e+03               995s
[2019-03-25 19:42:15] SOLVER   238898 DPushes remaining with DInf 7.4053168e+03              1003s
[2019-03-25 19:42:18] SOLVER   238002 DPushes remaining with DInf 7.4033238e+03              1006s
[2019-03-25 19:42:22] SOLVER   236080 DPushes remaining with DInf 7.3877301e+03              1010s
[2019-03-25 19:42:27] SOLVER   230894 DPushes remaining with DInf 7.3564029e+03              1015s
[2019-03-25 19:42:33] SOLVER   226721 DPushes remaining with DInf 7.3399337e+03              1021s
[2019-03-25 19:42:37] SOLVER   223672 DPushes remaining with DInf 6.2827941e+03              1025s
[2019-03-25 19:42:43] SOLVER   218392 DPushes remaining with DInf 6.2622691e+03              1031s
[2019-03-25 19:42:47] SOLVER   214423 DPushes remaining with DInf 6.2475946e+03              1035s
[2019-03-25 19:42:54] SOLVER   210373 DPushes remaining with DInf 6.2341285e+03              1043s
[2019-03-25 19:42:58] SOLVER   209421 DPushes remaining with DInf 6.2309140e+03              1047s
[2019-03-25 19:43:02] SOLVER   208476 DPushes remaining with DInf 6.2275877e+03              1050s
[2019-03-25 19:43:10] SOLVER   206646 DPushes remaining with DInf 6.2220927e+03              1059s
[2019-03-25 19:43:15] SOLVER   205734 DPushes remaining with DInf 6.2197543e+03              1063s
[2019-03-25 19:43:20] SOLVER   204824 DPushes remaining with DInf 6.2173600e+03              1068s
[2019-03-25 19:43:24] SOLVER   203934 DPushes remaining with DInf 6.2153072e+03              1072s
[2019-03-25 19:43:29] SOLVER   203059 DPushes remaining with DInf 6.2132213e+03              1077s
[2019-03-25 19:43:34] SOLVER   202180 DPushes remaining with DInf 6.2110006e+03              1082s
[2019-03-25 19:43:39] SOLVER   201320 DPushes remaining with DInf 6.2091657e+03              1087s
[2019-03-25 19:43:44] SOLVER   200481 DPushes remaining with DInf 6.2075147e+03              1092s
[2019-03-25 19:43:49] SOLVER   199633 DPushes remaining with DInf 6.2057698e+03              1097s
[2019-03-25 19:43:53] SOLVER   198777 DPushes remaining with DInf 3.9329215e+04              1101s
[2019-03-25 19:43:58] SOLVER   198015 DPushes remaining with DInf 3.9328836e+04              1106s
[2019-03-25 19:44:03] SOLVER   197255 DPushes remaining with DInf 3.9328486e+04              1111s
[2019-03-25 19:44:08] SOLVER   196494 DPushes remaining with DInf 3.9328166e+04              1116s
[2019-03-25 19:44:12] SOLVER   195732 DPushes remaining with DInf 3.9327836e+04              1120s
[2019-03-25 19:44:20] SOLVER   194211 DPushes remaining with DInf 3.9327062e+04              1128s
[2019-03-25 19:44:24] SOLVER   193453 DPushes remaining with DInf 3.9326795e+04              1132s
[2019-03-25 19:44:27] SOLVER   192695 DPushes remaining with DInf 3.9326517e+04              1135s
[2019-03-25 19:44:34] SOLVER   191175 DPushes remaining with DInf 3.9325794e+04              1143s
[2019-03-25 19:44:39] SOLVER   190422 DPushes remaining with DInf 3.9325587e+04              1147s
[2019-03-25 19:44:44] SOLVER   189660 DPushes remaining with DInf 3.9325210e+04              1152s
[2019-03-25 19:44:48] SOLVER   188907 DPushes remaining with DInf 3.9324975e+04              1157s
[2019-03-25 19:44:53] SOLVER   188144 DPushes remaining with DInf 3.9324540e+04              1161s
[2019-03-25 19:45:00] SOLVER   186632 DPushes remaining with DInf 3.9323922e+04              1169s
[2019-03-25 19:45:05] SOLVER   185879 DPushes remaining with DInf 3.9323687e+04              1173s
[2019-03-25 19:45:08] SOLVER   185124 DPushes remaining with DInf 3.9323379e+04              1176s
[2019-03-25 19:45:13] SOLVER   184376 DPushes remaining with DInf 3.9323226e+04              1182s
[2019-03-25 19:45:17] SOLVER   183619 DPushes remaining with DInf 3.9322933e+04              1185s
[2019-03-25 19:45:24] SOLVER   182119 DPushes remaining with DInf 3.9322593e+04              1192s
[2019-03-25 19:45:29] SOLVER   180616 DPushes remaining with DInf 3.9322214e+04              1197s
[2019-03-25 19:45:34] SOLVER   179116 DPushes remaining with DInf 3.9321799e+04              1202s
[2019-03-25 19:45:39] SOLVER   177615 DPushes remaining with DInf 3.9321325e+04              1208s
[2019-03-25 19:45:43] SOLVER   176870 DPushes remaining with DInf 3.9321072e+04              1211s
[2019-03-25 19:45:50] SOLVER   175380 DPushes remaining with DInf 3.9320587e+04              1218s
[2019-03-25 19:45:53] SOLVER   174636 DPushes remaining with DInf 3.9319961e+04              1221s
[2019-03-25 19:46:00] SOLVER   173148 DPushes remaining with DInf 3.9319059e+04              1228s
[2019-03-25 19:46:03] SOLVER   172403 DPushes remaining with DInf 3.9318757e+04              1231s
[2019-03-25 19:46:11] SOLVER   170914 DPushes remaining with DInf 3.9318172e+04              1239s
[2019-03-25 19:46:18] SOLVER   170384 DPushes remaining with DInf 3.9318107e+04              1246s
[2019-03-25 19:46:22] SOLVER   169639 DPushes remaining with DInf 3.9317900e+04              1250s
[2019-03-25 19:46:31] SOLVER   168148 DPushes remaining with DInf 3.9317636e+04              1259s
[2019-03-25 19:46:37] SOLVER   167402 DPushes remaining with DInf 3.9317539e+04              1265s
[2019-03-25 19:46:44] SOLVER   166730 DPushes remaining with DInf 3.9317484e+04              1272s
[2019-03-25 19:46:48] SOLVER   165984 DPushes remaining with DInf 3.9317322e+04              1277s
[2019-03-25 19:46:55] SOLVER   164494 DPushes remaining with DInf 3.9316831e+04              1283s
[2019-03-25 19:46:59] SOLVER   163748 DPushes remaining with DInf 3.9316563e+04              1287s
[2019-03-25 19:47:03] SOLVER   163002 DPushes remaining with DInf 3.9316374e+04              1291s
[2019-03-25 19:47:10] SOLVER   161513 DPushes remaining with DInf 3.9316101e+04              1298s
[2019-03-25 19:47:13] SOLVER   160767 DPushes remaining with DInf 3.9315828e+04              1301s
[2019-03-25 19:47:20] SOLVER   159279 DPushes remaining with DInf 3.9315434e+04              1308s
[2019-03-25 19:47:24] SOLVER   158534 DPushes remaining with DInf 3.9315294e+04              1312s
[2019-03-25 19:47:30] SOLVER   157790 DPushes remaining with DInf 3.9315176e+04              1318s
[2019-03-25 19:47:35] SOLVER   157046 DPushes remaining with DInf 3.9314967e+04              1323s
[2019-03-25 19:47:38] SOLVER   156301 DPushes remaining with DInf 3.9314866e+04              1327s
[2019-03-25 19:47:42] SOLVER   155557 DPushes remaining with DInf 3.9314817e+04              1330s
[2019-03-25 19:47:48] SOLVER   154813 DPushes remaining with DInf 3.9314714e+04              1336s
[2019-03-25 19:47:53] SOLVER   154065 DPushes remaining with DInf 3.9314539e+04              1341s
[2019-03-25 19:48:01] SOLVER   152577 DPushes remaining with DInf 3.9314368e+04              1349s
[2019-03-25 19:48:05] SOLVER   151833 DPushes remaining with DInf 3.9314276e+04              1353s
[2019-03-25 19:48:09] SOLVER   151088 DPushes remaining with DInf 3.9314169e+04              1357s
[2019-03-25 19:48:12] SOLVER   150344 DPushes remaining with DInf 3.9313998e+04              1361s
[2019-03-25 19:48:22] SOLVER   148856 DPushes remaining with DInf 3.9313870e+04              1371s
[2019-03-25 19:48:29] SOLVER   148126 DPushes remaining with DInf 3.9313836e+04              1377s
[2019-03-25 19:48:36] SOLVER   147426 DPushes remaining with DInf 3.9313786e+04              1384s
[2019-03-25 19:48:42] SOLVER   146682 DPushes remaining with DInf 3.9313708e+04              1390s
[2019-03-25 19:48:47] SOLVER   145937 DPushes remaining with DInf 3.9313639e+04              1395s
[2019-03-25 19:48:54] SOLVER   145193 DPushes remaining with DInf 3.9313626e+04              1402s
[2019-03-25 19:48:59] SOLVER   144449 DPushes remaining with DInf 3.9313610e+04              1407s
[2019-03-25 19:49:02] SOLVER   143703 DPushes remaining with DInf 3.9313481e+04              1410s
[2019-03-25 19:49:08] SOLVER   142213 DPushes remaining with DInf 3.9313340e+04              1416s
[2019-03-25 19:49:15] SOLVER   140725 DPushes remaining with DInf 3.9313169e+04              1423s
[2019-03-25 19:49:18] SOLVER   139981 DPushes remaining with DInf 3.9313068e+04              1426s
[2019-03-25 19:49:24] SOLVER   138493 DPushes remaining with DInf 3.9312972e+04              1432s
[2019-03-25 19:49:28] SOLVER   137749 DPushes remaining with DInf 3.9312889e+04              1436s
[2019-03-25 19:49:32] SOLVER   137005 DPushes remaining with DInf 3.9312857e+04              1440s
[2019-03-25 19:49:40] SOLVER   135517 DPushes remaining with DInf 3.9312833e+04              1448s
[2019-03-25 19:49:44] SOLVER   134773 DPushes remaining with DInf 3.9312782e+04              1452s
[2019-03-25 19:49:48] SOLVER   134029 DPushes remaining with DInf 3.9312772e+04              1456s
[2019-03-25 19:49:54] SOLVER   132541 DPushes remaining with DInf 3.9312759e+04              1462s
[2019-03-25 19:49:57] SOLVER   131797 DPushes remaining with DInf 3.9312690e+04              1465s
[2019-03-25 19:50:04] SOLVER   130306 DPushes remaining with DInf 3.9312577e+04              1472s
[2019-03-25 19:50:07] SOLVER   129561 DPushes remaining with DInf 3.9312555e+04              1475s
[2019-03-25 19:50:13] SOLVER   128072 DPushes remaining with DInf 3.9312328e+04              1481s
[2019-03-25 19:50:18] SOLVER   126583 DPushes remaining with DInf 3.9312120e+04              1487s
[2019-03-25 19:50:24] SOLVER   125095 DPushes remaining with DInf 3.9311824e+04              1492s
[2019-03-25 19:50:29] SOLVER   123607 DPushes remaining with DInf 3.9311617e+04              1497s
[2019-03-25 19:50:35] SOLVER   122115 DPushes remaining with DInf 3.9311353e+04              1503s
[2019-03-25 19:50:37] SOLVER   121370 DPushes remaining with DInf 3.9311223e+04              1505s
[2019-03-25 19:50:43] SOLVER   119882 DPushes remaining with DInf 3.9310982e+04              1511s
[2019-03-25 19:50:48] SOLVER   118393 DPushes remaining with DInf 3.9310771e+04              1516s
[2019-03-25 19:50:54] SOLVER   116905 DPushes remaining with DInf 3.9310489e+04              1522s
[2019-03-25 19:50:59] SOLVER   115417 DPushes remaining with DInf 3.9104235e+05              1527s
[2019-03-25 19:51:03] SOLVER   113927 DPushes remaining with DInf 3.9104219e+05              1531s
[2019-03-25 19:51:07] SOLVER   112422 DPushes remaining with DInf 3.9104114e+05              1535s
[2019-03-25 19:51:13] SOLVER   110138 DPushes remaining with DInf 3.9103166e+05              1541s
[2019-03-25 19:51:19] SOLVER   107882 DPushes remaining with DInf 3.9102926e+05              1547s
[2019-03-25 19:51:22] SOLVER   106381 DPushes remaining with DInf 3.9102766e+05              1550s
[2019-03-25 19:51:28] SOLVER   104147 DPushes remaining with DInf 3.9102720e+05              1556s
[2019-03-25 19:51:33] SOLVER   102658 DPushes remaining with DInf 3.9102700e+05              1561s
[2019-03-25 19:51:38] SOLVER   100424 DPushes remaining with DInf 3.9102657e+05              1566s
[2019-03-25 19:51:42] SOLVER   98935 DPushes remaining with DInf 3.9102630e+05              1570s
[2019-03-25 19:51:48] SOLVER   96700 DPushes remaining with DInf 3.9102576e+05              1576s
[2019-03-25 19:51:53] SOLVER   95210 DPushes remaining with DInf 3.9102531e+05              1581s
[2019-03-25 19:51:57] SOLVER   93722 DPushes remaining with DInf 3.9102437e+05              1585s
[2019-03-25 19:52:02] SOLVER   91490 DPushes remaining with DInf 3.9102302e+05              1590s
[2019-03-25 19:52:07] SOLVER   89258 DPushes remaining with DInf 3.9102260e+05              1595s
[2019-03-25 19:52:13] SOLVER   86282 DPushes remaining with DInf 3.9102201e+05              1601s
[2019-03-25 19:52:17] SOLVER   84794 DPushes remaining with DInf 3.9102083e+05              1605s
[2019-03-25 19:52:23] SOLVER   82561 DPushes remaining with DInf 3.9101863e+05              1611s
[2019-03-25 19:52:27] SOLVER   81071 DPushes remaining with DInf 3.9101834e+05              1615s
[2019-03-25 19:52:33] SOLVER   78839 DPushes remaining with DInf 3.9101798e+05              1621s
[2019-03-25 19:52:39] SOLVER   76560 DPushes remaining with DInf 3.9101736e+05              1627s
[2019-03-25 19:52:43] SOLVER   75039 DPushes remaining with DInf 3.9101713e+05              1631s
[2019-03-25 19:52:47] SOLVER   73492 DPushes remaining with DInf 3.9101678e+05              1635s
[2019-03-25 19:52:53] SOLVER   71137 DPushes remaining with DInf 3.9101594e+05              1641s
[2019-03-25 19:52:57] SOLVER   69563 DPushes remaining with DInf 3.9101531e+05              1645s
[2019-03-25 19:53:03] SOLVER   67182 DPushes remaining with DInf 3.9101457e+05              1651s
[2019-03-25 19:53:07] SOLVER   65601 DPushes remaining with DInf 3.9101399e+05              1656s
[2019-03-25 19:53:14] SOLVER   63224 DPushes remaining with DInf 3.9101283e+05              1662s
[2019-03-25 19:53:18] SOLVER   61595 DPushes remaining with DInf 3.9101211e+05              1666s
[2019-03-25 19:53:22] SOLVER   59188 DPushes remaining with DInf 3.9075346e+05              1670s
[2019-03-25 19:53:31] SOLVER   22648 DPushes remaining with DInf 9.3822148e+03              1679s
[2019-03-25 19:53:34] SOLVER   12858 DPushes remaining with DInf 3.3074852e+04              1682s
[2019-03-25 19:53:37] SOLVER   1873 DPushes remaining with DInf 8.3294940e+05              1685s
[2019-03-25 19:53:39] SOLVER   0 DPushes remaining with DInf 8.2327664e+05              1687s
[2019-03-25 19:53:39] SOLVER   Restart crossover...
[2019-03-25 19:53:40] SOLVER   658518 DPushes remaining with DInf 4.4929416e+02              1688s
[2019-03-25 19:53:42] SOLVER   565987 DPushes remaining with DInf 5.2699696e+02              1690s
[2019-03-25 19:53:47] SOLVER   557659 DPushes remaining with DInf 5.2697542e+02              1695s
[2019-03-25 19:53:53] SOLVER   553195 DPushes remaining with DInf 5.2697542e+02              1701s
[2019-03-25 19:53:57] SOLVER   549475 DPushes remaining with DInf 5.2697542e+02              1705s
[2019-03-25 19:54:02] SOLVER   543523 DPushes remaining with DInf 5.2697542e+02              1710s
[2019-03-25 19:54:08] SOLVER   538315 DPushes remaining with DInf 5.2697542e+02              1716s
[2019-03-25 19:54:12] SOLVER   535339 DPushes remaining with DInf 5.2697542e+02              1720s
[2019-03-25 19:54:17] SOLVER   530131 DPushes remaining with DInf 5.2697542e+02              1725s
[2019-03-25 19:54:23] SOLVER   525667 DPushes remaining with DInf 5.2697542e+02              1731s
[2019-03-25 19:54:27] SOLVER   522691 DPushes remaining with DInf 5.2697542e+02              1735s
[2019-03-25 19:54:33] SOLVER   518971 DPushes remaining with DInf 5.2697542e+02              1741s
[2019-03-25 19:54:38] SOLVER   516739 DPushes remaining with DInf 5.2697542e+02              1746s
[2019-03-25 19:54:42] SOLVER   514507 DPushes remaining with DInf 5.2697542e+02              1750s
[2019-03-25 19:54:48] SOLVER   511531 DPushes remaining with DInf 5.2697542e+02              1756s
[2019-03-25 19:54:53] SOLVER   509299 DPushes remaining with DInf 5.2697542e+02              1761s
[2019-03-25 19:54:58] SOLVER   507067 DPushes remaining with DInf 5.2697542e+02              1766s
[2019-03-25 19:55:03] SOLVER   504091 DPushes remaining with DInf 5.2697542e+02              1771s
[2019-03-25 19:55:07] SOLVER   500371 DPushes remaining with DInf 5.2697542e+02              1775s
[2019-03-25 19:55:13] SOLVER   495163 DPushes remaining with DInf 5.2697542e+02              1781s
[2019-03-25 19:55:18] SOLVER   491443 DPushes remaining with DInf 5.2697542e+02              1786s
[2019-03-25 19:55:23] SOLVER   488467 DPushes remaining with DInf 5.2697542e+02              1791s
[2019-03-25 19:55:28] SOLVER   485491 DPushes remaining with DInf 5.2697542e+02              1796s
[2019-03-25 19:55:32] SOLVER   483259 DPushes remaining with DInf 5.2697542e+02              1800s
[2019-03-25 19:55:38] SOLVER   480283 DPushes remaining with DInf 5.2697542e+02              1806s
[2019-03-25 19:55:42] SOLVER   477307 DPushes remaining with DInf 5.2697542e+02              1810s
[2019-03-25 19:55:49] SOLVER   473587 DPushes remaining with DInf 5.2697542e+02              1817s
[2019-03-25 19:55:52] SOLVER   472843 DPushes remaining with DInf 5.2697542e+02              1820s
[2019-03-25 19:55:59] SOLVER   471355 DPushes remaining with DInf 5.2697542e+02              1827s
[2019-03-25 19:56:04] SOLVER   469867 DPushes remaining with DInf 5.2697542e+02              1832s
[2019-03-25 19:56:09] SOLVER   468379 DPushes remaining with DInf 5.2697542e+02              1837s
[2019-03-25 19:56:12] SOLVER   467635 DPushes remaining with DInf 5.2697542e+02              1840s
[2019-03-25 19:56:17] SOLVER   466147 DPushes remaining with DInf 5.2697542e+02              1845s
[2019-03-25 19:56:22] SOLVER   464659 DPushes remaining with DInf 5.2697542e+02              1851s
[2019-03-25 19:56:27] SOLVER   463171 DPushes remaining with DInf 5.2697542e+02              1855s
[2019-03-25 19:56:33] SOLVER   460939 DPushes remaining with DInf 5.2697542e+02              1862s
[2019-03-25 19:56:37] SOLVER   459451 DPushes remaining with DInf 5.2697542e+02              1866s
[2019-03-25 19:56:43] SOLVER   457219 DPushes remaining with DInf 5.2697542e+02              1871s
[2019-03-25 19:56:48] SOLVER   454987 DPushes remaining with DInf 5.2697542e+02              1876s
[2019-03-25 19:56:52] SOLVER   452755 DPushes remaining with DInf 5.2697542e+02              1880s
[2019-03-25 19:56:57] SOLVER   450523 DPushes remaining with DInf 5.2697542e+02              1885s
[2019-03-25 19:57:03] SOLVER   447547 DPushes remaining with DInf 5.2697542e+02              1891s
[2019-03-25 19:57:08] SOLVER   444571 DPushes remaining with DInf 5.2697542e+02              1897s
[2019-03-25 19:57:12] SOLVER   442339 DPushes remaining with DInf 5.2697542e+02              1900s
[2019-03-25 19:57:18] SOLVER   439362 DPushes remaining with DInf 5.2697542e+02              1906s
[2019-03-25 19:57:22] SOLVER   437130 DPushes remaining with DInf 5.2697542e+02              1910s
[2019-03-25 19:57:27] SOLVER   434898 DPushes remaining with DInf 5.2697542e+02              1915s
[2019-03-25 19:57:32] SOLVER   432666 DPushes remaining with DInf 5.2697542e+02              1920s
[2019-03-25 19:57:38] SOLVER   429690 DPushes remaining with DInf 5.2697542e+02              1926s
[2019-03-25 19:57:43] SOLVER   427458 DPushes remaining with DInf 5.2697542e+02              1931s
[2019-03-25 19:57:49] SOLVER   425226 DPushes remaining with DInf 5.2697542e+02              1937s
[2019-03-25 19:57:52] SOLVER   423738 DPushes remaining with DInf 5.2697542e+02              1941s
[2019-03-25 19:57:58] SOLVER   421506 DPushes remaining with DInf 5.2697542e+02              1946s
[2019-03-25 19:58:03] SOLVER   419274 DPushes remaining with DInf 5.2697542e+02              1951s
[2019-03-25 19:58:07] SOLVER   417042 DPushes remaining with DInf 5.2697542e+02              1956s
[2019-03-25 19:58:12] SOLVER   414810 DPushes remaining with DInf 5.2697542e+02              1960s
[2019-03-25 19:58:17] SOLVER   412578 DPushes remaining with DInf 5.2697542e+02              1965s
[2019-03-25 19:58:22] SOLVER   410346 DPushes remaining with DInf 5.2697542e+02              1970s
[2019-03-25 19:58:27] SOLVER   408858 DPushes remaining with DInf 5.2697542e+02              1975s
[2019-03-25 19:58:32] SOLVER   406626 DPushes remaining with DInf 5.2697542e+02              1980s
[2019-03-25 19:58:37] SOLVER   404394 DPushes remaining with DInf 5.2697542e+02              1985s
[2019-03-25 19:58:44] SOLVER   401417 DPushes remaining with DInf 5.2697542e+02              1992s
[2019-03-25 19:58:47] SOLVER   399929 DPushes remaining with DInf 5.2697542e+02              1996s
[2019-03-25 19:58:53] SOLVER   397697 DPushes remaining with DInf 5.2697542e+02              2001s
[2019-03-25 19:58:58] SOLVER   395465 DPushes remaining with DInf 5.2696285e+02              2006s
[2019-03-25 19:59:03] SOLVER   393233 DPushes remaining with DInf 5.2658264e+02              2011s
[2019-03-25 19:59:08] SOLVER   391001 DPushes remaining with DInf 5.2658264e+02              2016s
[2019-03-25 19:59:14] SOLVER   388769 DPushes remaining with DInf 5.2658264e+02              2022s
[2019-03-25 19:59:18] SOLVER   387281 DPushes remaining with DInf 5.2658264e+02              2026s
[2019-03-25 19:59:23] SOLVER   385049 DPushes remaining with DInf 5.2658264e+02              2031s
[2019-03-25 19:59:29] SOLVER   382817 DPushes remaining with DInf 5.2658264e+02              2037s
[2019-03-25 19:59:33] SOLVER   379841 DPushes remaining with DInf 5.2658264e+02              2041s
[2019-03-25 19:59:38] SOLVER   376864 DPushes remaining with DInf 5.2658264e+02              2046s
[2019-03-25 19:59:43] SOLVER   373888 DPushes remaining with DInf 5.2658264e+02              2051s
[2019-03-25 19:59:49] SOLVER   371656 DPushes remaining with DInf 5.2658264e+02              2057s
[2019-03-25 19:59:53] SOLVER   370168 DPushes remaining with DInf 5.2658264e+02              2061s
[2019-03-25 19:59:58] SOLVER   367936 DPushes remaining with DInf 5.2658264e+02              2066s
[2019-03-25 20:00:04] SOLVER   365704 DPushes remaining with DInf 5.2658264e+02              2072s
[2019-03-25 20:00:09] SOLVER   363472 DPushes remaining with DInf 5.2658264e+02              2077s
[2019-03-25 20:00:13] SOLVER   361984 DPushes remaining with DInf 5.2650275e+02              2081s
[2019-03-25 20:00:18] SOLVER   359752 DPushes remaining with DInf 5.2650275e+02              2086s
[2019-03-25 20:00:23] SOLVER   357520 DPushes remaining with DInf 5.2650275e+02              2091s
[2019-03-25 20:00:28] SOLVER   354544 DPushes remaining with DInf 5.2650275e+02              2096s
[2019-03-25 20:00:33] SOLVER   351568 DPushes remaining with DInf 5.2650275e+02              2101s
[2019-03-25 20:00:38] SOLVER   348089 DPushes remaining with DInf 5.2457292e+02              2106s
[2019-03-25 20:00:42] SOLVER   345736 DPushes remaining with DInf 5.2418909e+02              2110s
[2019-03-25 20:00:48] SOLVER   342508 DPushes remaining with DInf 5.2335129e+02              2116s
[2019-03-25 20:00:52] SOLVER   340078 DPushes remaining with DInf 5.2265179e+02              2120s
[2019-03-25 20:00:58] SOLVER   335443 DPushes remaining with DInf 5.2200384e+02              2126s
[2019-03-25 20:01:03] SOLVER   330439 DPushes remaining with DInf 5.1897067e+02              2131s
[2019-03-25 20:01:07] SOLVER   325582 DPushes remaining with DInf 5.1619842e+02              2135s
[2019-03-25 20:01:12] SOLVER   318094 DPushes remaining with DInf 5.0455334e+02              2140s
[2019-03-25 20:01:17] SOLVER   311122 DPushes remaining with DInf 4.9913024e+02              2146s
[2019-03-25 20:01:23] SOLVER   305579 DPushes remaining with DInf 4.9079225e+02              2151s
[2019-03-25 20:01:28] SOLVER   299606 DPushes remaining with DInf 4.8842740e+02              2156s
[2019-03-25 20:01:33] SOLVER   294192 DPushes remaining with DInf 4.8656503e+02              2161s
[2019-03-25 20:01:38] SOLVER   290631 DPushes remaining with DInf 4.8600874e+02              2166s
[2019-03-25 20:01:42] SOLVER   285730 DPushes remaining with DInf 4.8506061e+02              2170s
[2019-03-25 20:01:47] SOLVER   280047 DPushes remaining with DInf 4.8411223e+02              2175s
[2019-03-25 20:01:52] SOLVER   273290 DPushes remaining with DInf 4.8369138e+02              2180s
[2019-03-25 20:01:57] SOLVER   269941 DPushes remaining with DInf 4.8332808e+02              2185s
[2019-03-25 20:02:03] SOLVER   265460 DPushes remaining with DInf 4.7789677e+02              2191s
[2019-03-25 20:02:08] SOLVER   262946 DPushes remaining with DInf 4.7756719e+02              2196s
[2019-03-25 20:02:14] SOLVER   260346 DPushes remaining with DInf 4.7708606e+02              2202s
[2019-03-25 20:02:19] SOLVER   259557 DPushes remaining with DInf 4.7697970e+02              2207s
[2019-03-25 20:02:24] SOLVER   257956 DPushes remaining with DInf 4.7685858e+02              2212s
[2019-03-25 20:02:27] SOLVER   256323 DPushes remaining with DInf 4.7657287e+02              2215s
[2019-03-25 20:02:35] SOLVER   253816 DPushes remaining with DInf 4.7601227e+02              2223s
[2019-03-25 20:02:38] SOLVER   252983 DPushes remaining with DInf 4.7581036e+02              2226s
[2019-03-25 20:02:44] SOLVER   251408 DPushes remaining with DInf 4.7554882e+02              2232s
[2019-03-25 20:02:49] SOLVER   249885 DPushes remaining with DInf 4.7500746e+02              2237s
[2019-03-25 20:02:55] SOLVER   247630 DPushes remaining with DInf 5.1876021e+02              2243s
[2019-03-25 20:03:00] SOLVER   246886 DPushes remaining with DInf 5.1876021e+02              2248s
[2019-03-25 20:03:03] SOLVER   246142 DPushes remaining with DInf 5.1876021e+02              2251s
[2019-03-25 20:03:10] SOLVER   244654 DPushes remaining with DInf 5.1876021e+02              2258s
[2019-03-25 20:03:13] SOLVER   243907 DPushes remaining with DInf 5.1876021e+02              2261s
[2019-03-25 20:03:17] SOLVER   241672 DPushes remaining with DInf 5.1862458e+02              2265s
[2019-03-25 20:03:22] SOLVER   238694 DPushes remaining with DInf 5.1862458e+02              2270s
[2019-03-25 20:03:28] SOLVER   235716 DPushes remaining with DInf 8.4695069e+02              2276s
[2019-03-25 20:03:32] SOLVER   234226 DPushes remaining with DInf 1.4097168e+03              2281s
[2019-03-25 20:03:38] SOLVER   232688 DPushes remaining with DInf 1.4071406e+03              2287s
[2019-03-25 20:03:42] SOLVER   231015 DPushes remaining with DInf 1.4045504e+03              2290s
[2019-03-25 20:03:48] SOLVER   227375 DPushes remaining with DInf 1.3730989e+03              2296s
[2019-03-25 20:03:55] SOLVER   224157 DPushes remaining with DInf 1.3708445e+03              2303s
[2019-03-25 20:04:00] SOLVER   223067 DPushes remaining with DInf 1.3215954e+03              2308s
[2019-03-25 20:04:05] SOLVER   221927 DPushes remaining with DInf 8.7016696e+03              2313s
[2019-03-25 20:04:10] SOLVER   221033 DPushes remaining with DInf 8.6995477e+03              2318s
[2019-03-25 20:04:14] SOLVER   220100 DPushes remaining with DInf 8.6968979e+03              2322s
[2019-03-25 20:04:19] SOLVER   219183 DPushes remaining with DInf 8.6945199e+03              2327s
[2019-03-25 20:04:23] SOLVER   218247 DPushes remaining with DInf 8.6920079e+03              2331s
[2019-03-25 20:04:27] SOLVER   217330 DPushes remaining with DInf 8.6897703e+03              2336s
[2019-03-25 20:04:35] SOLVER   215535 DPushes remaining with DInf 8.6649376e+03              2343s
[2019-03-25 20:04:38] SOLVER   214531 DPushes remaining with DInf 8.6629519e+03              2346s
[2019-03-25 20:04:44] SOLVER   212586 DPushes remaining with DInf 8.6591601e+03              2353s
[2019-03-25 20:04:48] SOLVER   211618 DPushes remaining with DInf 8.6569701e+03              2356s
[2019-03-25 20:04:55] SOLVER   209748 DPushes remaining with DInf 8.6527283e+03              2363s
[2019-03-25 20:04:59] SOLVER   208844 DPushes remaining with DInf 8.6510297e+03              2367s
[2019-03-25 20:05:02] SOLVER   207932 DPushes remaining with DInf 8.6490188e+03              2370s
[2019-03-25 20:05:09] SOLVER   206091 DPushes remaining with DInf 8.6448263e+03              2377s
[2019-03-25 20:05:12] SOLVER   205180 DPushes remaining with DInf 8.6425578e+03              2380s
[2019-03-25 20:05:19] SOLVER   203338 DPushes remaining with DInf 8.6374483e+03              2387s
[2019-03-25 20:05:23] SOLVER   202401 DPushes remaining with DInf 8.6345309e+03              2391s
[2019-03-25 20:05:30] SOLVER   200647 DPushes remaining with DInf 8.6292833e+03              2398s
[2019-03-25 20:05:33] SOLVER   199816 DPushes remaining with DInf 8.6267275e+03              2401s
[2019-03-25 20:05:39] SOLVER   198176 DPushes remaining with DInf 8.6224840e+03              2407s
[2019-03-25 20:05:43] SOLVER   197338 DPushes remaining with DInf 8.6201606e+03              2411s
[2019-03-25 20:05:49] SOLVER   195671 DPushes remaining with DInf 8.6142391e+03              2417s
[2019-03-25 20:05:54] SOLVER   194025 DPushes remaining with DInf 8.6108928e+03              2422s
[2019-03-25 20:05:58] SOLVER   192426 DPushes remaining with DInf 8.6086478e+03              2426s
[2019-03-25 20:06:03] SOLVER   190805 DPushes remaining with DInf 8.6055829e+03              2431s
[2019-03-25 20:06:09] SOLVER   188432 DPushes remaining with DInf 8.6018868e+03              2437s
[2019-03-25 20:06:14] SOLVER   186838 DPushes remaining with DInf 8.5991968e+03              2442s
[2019-03-25 20:06:18] SOLVER   185235 DPushes remaining with DInf 8.5961718e+03              2447s
[2019-03-25 20:06:23] SOLVER   183665 DPushes remaining with DInf 8.5940728e+03              2451s
[2019-03-25 20:06:28] SOLVER   181305 DPushes remaining with DInf 8.5913866e+03              2456s
[2019-03-25 20:06:33] SOLVER   178963 DPushes remaining with DInf 8.5886774e+03              2461s
[2019-03-25 20:06:38] SOLVER   176635 DPushes remaining with DInf 8.5866212e+03              2466s
[2019-03-25 20:06:42] SOLVER   175102 DPushes remaining with DInf 8.5856148e+03              2470s
[2019-03-25 20:06:48] SOLVER   172789 DPushes remaining with DInf 8.5831493e+03              2476s
[2019-03-25 20:06:53] SOLVER   170478 DPushes remaining with DInf 8.5815513e+03              2481s
[2019-03-25 20:06:57] SOLVER   167441 DPushes remaining with DInf 8.5803718e+03              2486s
[2019-03-25 20:07:02] SOLVER   165166 DPushes remaining with DInf 8.5796919e+03              2490s
[2019-03-25 20:07:08] SOLVER   162888 DPushes remaining with DInf 8.5783696e+03              2497s
[2019-03-25 20:07:13] SOLVER   161368 DPushes remaining with DInf 8.5771284e+03              2501s
[2019-03-25 20:07:19] SOLVER   159124 DPushes remaining with DInf 8.5759718e+03              2507s
[2019-03-25 20:07:23] SOLVER   157631 DPushes remaining with DInf 8.5751656e+03              2511s
[2019-03-25 20:07:28] SOLVER   155384 DPushes remaining with DInf 8.5740546e+03              2516s
[2019-03-25 20:07:32] SOLVER   152385 DPushes remaining with DInf 8.5731821e+03              2520s
[2019-03-25 20:07:37] SOLVER   150140 DPushes remaining with DInf 8.5722988e+03              2525s
[2019-03-25 20:07:43] SOLVER   147895 DPushes remaining with DInf 8.5713368e+03              2531s
[2019-03-25 20:07:48] SOLVER   144906 DPushes remaining with DInf 8.5705711e+03              2536s
[2019-03-25 20:07:54] SOLVER   142667 DPushes remaining with DInf 8.5701568e+03              2542s
[2019-03-25 20:07:58] SOLVER   140421 DPushes remaining with DInf 8.5695572e+03              2546s
[2019-03-25 20:08:03] SOLVER   138181 DPushes remaining with DInf 8.5689000e+03              2551s
[2019-03-25 20:08:07] SOLVER   136689 DPushes remaining with DInf 8.5686494e+03              2555s
[2019-03-25 20:08:12] SOLVER   135199 DPushes remaining with DInf 8.5684557e+03              2561s
[2019-03-25 20:08:18] SOLVER   133707 DPushes remaining with DInf 8.5682913e+03              2566s
[2019-03-25 20:08:22] SOLVER   132217 DPushes remaining with DInf 8.5681859e+03              2570s
[2019-03-25 20:08:27] SOLVER   130722 DPushes remaining with DInf 8.5679148e+03              2575s
[2019-03-25 20:08:32] SOLVER   129225 DPushes remaining with DInf 8.5664751e+03              2580s
[2019-03-25 20:08:39] SOLVER   126982 DPushes remaining with DInf 8.5661342e+03              2587s
[2019-03-25 20:08:44] SOLVER   125489 DPushes remaining with DInf 8.5658444e+03              2592s
[2019-03-25 20:08:48] SOLVER   123995 DPushes remaining with DInf 8.5649018e+03              2596s
[2019-03-25 20:08:53] SOLVER   122499 DPushes remaining with DInf 8.5637086e+03              2601s
[2019-03-25 20:08:58] SOLVER   120997 DPushes remaining with DInf 8.5623344e+03              2606s
[2019-03-25 20:09:02] SOLVER   119496 DPushes remaining with DInf 8.5609840e+03              2610s
[2019-03-25 20:09:08] SOLVER   117244 DPushes remaining with DInf 8.5568455e+03              2617s
[2019-03-25 20:09:13] SOLVER   115747 DPushes remaining with DInf 8.5553595e+03              2621s
[2019-03-25 20:09:17] SOLVER   114246 DPushes remaining with DInf 8.5485843e+03              2625s
[2019-03-25 20:09:23] SOLVER   111957 DPushes remaining with DInf 8.5431560e+03              2631s
[2019-03-25 20:09:27] SOLVER   110412 DPushes remaining with DInf 8.5396117e+03              2636s
[2019-03-25 20:09:34] SOLVER   108092 DPushes remaining with DInf 8.5254229e+03              2642s
[2019-03-25 20:09:38] SOLVER   106532 DPushes remaining with DInf 8.5131233e+03              2646s
[2019-03-25 20:09:42] SOLVER   105004 DPushes remaining with DInf 8.5050859e+03              2650s
[2019-03-25 20:09:49] SOLVER   102677 DPushes remaining with DInf 8.4762714e+03              2657s
[2019-03-25 20:09:53] SOLVER   101100 DPushes remaining with DInf 8.4529979e+03              2662s
[2019-03-25 20:09:58] SOLVER   99503 DPushes remaining with DInf 8.4256418e+03              2666s
[2019-03-25 20:10:03] SOLVER   97999 DPushes remaining with DInf 8.4248389e+03              2671s
[2019-03-25 20:10:08] SOLVER   96502 DPushes remaining with DInf 8.4241199e+03              2676s
[2019-03-25 20:10:14] SOLVER   95005 DPushes remaining with DInf 8.4236591e+03              2682s
[2019-03-25 20:10:19] SOLVER   93501 DPushes remaining with DInf 8.4230662e+03              2687s
[2019-03-25 20:10:24] SOLVER   92004 DPushes remaining with DInf 8.4225242e+03              2692s
[2019-03-25 20:10:28] SOLVER   90514 DPushes remaining with DInf 8.4222078e+03              2696s
[2019-03-25 20:10:34] SOLVER   88272 DPushes remaining with DInf 8.4216689e+03              2702s
[2019-03-25 20:10:38] SOLVER   86780 DPushes remaining with DInf 8.4211167e+03              2706s
[2019-03-25 20:10:43] SOLVER   85283 DPushes remaining with DInf 8.4205927e+03              2711s
[2019-03-25 20:10:48] SOLVER   83778 DPushes remaining with DInf 8.4199520e+03              2716s
[2019-03-25 20:10:52] SOLVER   82279 DPushes remaining with DInf 8.4192911e+03              2721s
[2019-03-25 20:10:59] SOLVER   80031 DPushes remaining with DInf 8.4180862e+03              2727s
[2019-03-25 20:11:04] SOLVER   78527 DPushes remaining with DInf 8.4172250e+03              2732s
[2019-03-25 20:11:09] SOLVER   76996 DPushes remaining with DInf 8.4162833e+03              2737s
[2019-03-25 20:11:14] SOLVER   75456 DPushes remaining with DInf 8.4153352e+03              2742s
[2019-03-25 20:11:19] SOLVER   73911 DPushes remaining with DInf 8.4142207e+03              2747s
[2019-03-25 20:11:24] SOLVER   72326 DPushes remaining with DInf 8.4129444e+03              2752s
[2019-03-25 20:11:29] SOLVER   70697 DPushes remaining with DInf 8.4117588e+03              2757s
[2019-03-25 20:11:34] SOLVER   69023 DPushes remaining with DInf 8.4104856e+03              2762s
[2019-03-25 20:11:39] SOLVER   67323 DPushes remaining with DInf 8.4093571e+03              2767s
[2019-03-25 20:11:44] SOLVER   65634 DPushes remaining with DInf 8.4079265e+03              2772s
[2019-03-25 20:11:48] SOLVER   63937 DPushes remaining with DInf 8.4062889e+03              2776s
[2019-03-25 20:11:52] SOLVER   62235 DPushes remaining with DInf 8.4045827e+03              2780s
[2019-03-25 20:11:58] SOLVER   58777 DPushes remaining with DInf 8.2534925e+03              2786s
[2019-03-25 20:12:05] SOLVER   20342 DPushes remaining with DInf 7.3282207e+02              2793s
[2019-03-25 20:12:07] SOLVER   7761 DPushes remaining with DInf 9.1712711e+02              2796s
[2019-03-25 20:12:11] SOLVER   0 DPushes remaining with DInf 6.5849552e+03              2799s
[2019-03-25 20:12:11] SOLVER   1540332 PPushes remaining with PInf 4.2679367e+02              2799s
[2019-03-25 20:12:18] SOLVER   562062 PPushes remaining with PInf 3.4691777e+02              2806s
[2019-03-25 20:12:22] SOLVER   400543 PPushes remaining with PInf 5.4277468e+02              2810s
[2019-03-25 20:12:27] SOLVER   363777 PPushes remaining with PInf 5.3613590e+02              2815s
[2019-03-25 20:12:34] SOLVER   354015 PPushes remaining with PInf 5.3521869e+02              2822s
[2019-03-25 20:12:39] SOLVER   351582 PPushes remaining with PInf 5.3499573e+02              2828s
[2019-03-25 20:12:49] SOLVER   348133 PPushes remaining with PInf 5.3452185e+02              2837s
[2019-03-25 20:12:54] SOLVER   345972 PPushes remaining with PInf 5.3437259e+02              2842s
[2019-03-25 20:13:01] SOLVER   343360 PPushes remaining with PInf 5.3375199e+02              2849s
[2019-03-25 20:13:06] SOLVER   340032 PPushes remaining with PInf 5.3263748e+02              2855s
[2019-03-25 20:13:11] SOLVER   338796 PPushes remaining with PInf 5.3255758e+02              2859s
[2019-03-25 20:40:04] SOLVER   273391 PPushes remaining with PInf 4.8006809e+02              4472s
[2019-03-25 20:40:10] SOLVER   271978 PPushes remaining with PInf 4.7823402e+02              4478s
[2019-03-25 20:40:14] SOLVER   269285 PPushes remaining with PInf 4.7706495e+02              4482s
[2019-03-25 20:40:18] SOLVER   267785 PPushes remaining with PInf 4.7530416e+02              4486s
[2019-03-25 20:40:22] SOLVER   263221 PPushes remaining with PInf 4.7322742e+02              4490s
[2019-03-25 21:15:33] SOLVER   194572 PPushes remaining with PInf 3.9607694e+02              6601s
[2019-03-25 21:45:03] SOLVER   131100 PPushes remaining with PInf 3.3913584e+02              8371s
[2019-03-25 21:48:07] SOLVER   119583 PPushes remaining with PInf 3.5015178e+02              8555s
[2019-03-25 21:50:30] SOLVER   111374 PPushes remaining with PInf 3.5217095e+02              8699s
[2019-03-25 21:51:13] SOLVER   109184 PPushes remaining with PInf 3.3659627e+02              8741s
[2019-03-25 21:51:36] SOLVER   106037 PPushes remaining with PInf 2.9826081e+02              8764s
[2019-03-25 21:51:39] SOLVER   103895 PPushes remaining with PInf 2.9476812e+02              8767s
[2019-03-25 21:51:45] SOLVER   100857 PPushes remaining with PInf 2.9235800e+02              8773s
[2019-03-25 21:51:48] SOLVER   99619 PPushes remaining with PInf 2.9015454e+02              8776s
[2019-03-25 21:51:53] SOLVER   97617 PPushes remaining with PInf 2.8594627e+02              8781s
[2019-03-25 21:51:57] SOLVER   95731 PPushes remaining with PInf 2.8372297e+02              8786s
[2019-03-25 21:52:03] SOLVER   93879 PPushes remaining with PInf 2.8237114e+02              8791s
[2019-03-25 21:52:07] SOLVER   90583 PPushes remaining with PInf 2.8086859e+02              8796s
[2019-03-25 21:52:47] SOLVER   84368 PPushes remaining with PInf 2.7593383e+02              8835s
[2019-03-25 21:52:51] SOLVER   81659 PPushes remaining with PInf 2.7562858e+02              8839s
[2019-03-25 21:52:55] SOLVER   80764 PPushes remaining with PInf 2.7510189e+02              8843s
[2019-03-25 21:52:58] SOLVER   79935 PPushes remaining with PInf 2.7506931e+02              8846s
[2019-03-25 21:53:02] SOLVER   77501 PPushes remaining with PInf 2.7457793e+02              8850s
[2019-03-25 21:53:09] SOLVER   76739 PPushes remaining with PInf 2.7368922e+02              8858s
[2019-03-25 21:53:19] SOLVER   75965 PPushes remaining with PInf 2.7368033e+02              8867s
[2019-03-25 21:53:22] SOLVER   74784 PPushes remaining with PInf 2.7367999e+02              8870s
[2019-03-25 21:53:32] SOLVER   73883 PPushes remaining with PInf 2.7345048e+02              8880s
[2019-03-25 21:53:38] SOLVER   71841 PPushes remaining with PInf 2.6995093e+02              8886s
[2019-03-25 22:06:27] SOLVER   36414 PPushes remaining with PInf 2.6966312e+02              9655s
[2019-03-25 22:11:27] SOLVER   20263 PPushes remaining with PInf 2.6838949e+02              9955s
[2019-03-25 22:12:10] SOLVER   16957 PPushes remaining with PInf 2.6675144e+02              9998s
[2019-03-25 22:12:20] SOLVER   13649 PPushes remaining with PInf 2.6471220e+02             10008s
[2019-03-25 22:12:26] SOLVER   12480 PPushes remaining with PInf 2.6242679e+02             10015s
[2019-03-25 22:12:29] SOLVER   11531 PPushes remaining with PInf 2.5934081e+02             10017s
[2019-03-25 22:12:33] SOLVER   6880 PPushes remaining with PInf 2.5927805e+02             10021s
[2019-03-25 22:12:42] SOLVER   23 PPushes remaining with PInf 2.5868449e+02             10030s
[2019-03-25 22:12:45] SOLVER   0 PPushes remaining with PInf 2.5866630e+02             10033s
[2019-03-25 22:12:45] SOLVER   Push phase complete: Pinf 2.5866630e+02, Dinf 1.5653194e+05  10034s
[2019-03-25 22:12:49] SOLVER   Iteration    Objective       Primal Inf.    Dual Inf.      Time
[2019-03-25 22:12:49] SOLVER   2153448    3.3637498e+05   0.000000e+00   1.565319e+05  10037s
[2019-03-25 22:13:36] SOLVER   2154192    3.3637494e+05   0.000000e+00   1.704148e+05  10084s
[2019-03-25 22:14:16] SOLVER   2154936    3.3637494e+05   0.000000e+00   1.702999e+05  10124s
[2019-03-25 22:14:58] SOLVER   2155680    3.3637494e+05   0.000000e+00   1.702291e+05  10166s
[2019-03-25 22:15:41] SOLVER   2156424    3.3637494e+05   0.000000e+00   1.701582e+05  10209s
[2019-03-25 22:16:23] SOLVER   2157168    3.3637494e+05   0.000000e+00   1.700873e+05  10251s
[2019-03-25 22:17:06] SOLVER   2157912    3.3637494e+05   0.000000e+00   1.700165e+05  10294s
[2019-03-25 22:17:49] SOLVER   2158656    3.3637494e+05   0.000000e+00   1.699456e+05  10337s
[2019-03-25 22:18:32] SOLVER   2159400    3.3637494e+05   0.000000e+00   1.698748e+05  10380s
[2019-03-25 22:19:15] SOLVER   2160144    3.3637494e+05   0.000000e+00   1.698039e+05  10423s
[2019-03-25 22:19:58] SOLVER   2160888    3.3637494e+05   0.000000e+00   4.635046e+05  10466s
[2019-03-25 22:20:32] SOLVER   2161632    3.3637494e+05   0.000000e+00   1.819197e+05  10500s
[2019-03-25 22:21:16] SOLVER   2162376    3.3637491e+05   0.000000e+00   2.262268e+04  10544s
[2019-03-25 22:21:57] SOLVER   2163120    3.3637477e+05   0.000000e+00   1.158230e+05  10586s
[2019-03-25 22:22:33] SOLVER   2163865    3.3637470e+05   0.000000e+00   8.038529e+06  10621s
[2019-03-25 22:23:15] SOLVER   2164611    3.3637451e+05   0.000000e+00   3.825898e+05  10663s
[2019-03-25 22:24:04] SOLVER   2165355    3.3637446e+05   0.000000e+00   5.513279e+05  10712s
[2019-03-25 22:24:52] SOLVER   2166101    3.3637442e+05   0.000000e+00   1.015527e+07  10760s
[2019-03-25 22:26:00] SOLVER   2166845    3.3637439e+05   0.000000e+00   1.542239e+04  10828s
[2019-03-25 22:26:41] SOLVER   2167591    3.3637437e+05   0.000000e+00   1.528377e+05  10869s
[2019-03-25 22:27:24] SOLVER   2168337    3.3637435e+05   0.000000e+00   5.622580e+02  10912s
[2019-03-25 22:28:08] SOLVER   2169085    3.3637434e+05   0.000000e+00   1.649715e+01  10956s
[2019-03-25 22:28:51] SOLVER   2169595    3.3637458e+05   1.565129e+02   0.000000e+00  10999s
[2019-03-25 22:29:36] SOLVER   2170133    3.3637529e+05   0.000000e+00   0.000000e+00  11044s
[2019-03-25 22:29:46] SOLVER   2170133    3.3637529e+05   0.000000e+00   0.000000e+00  11054s
[2019-03-25 22:29:46] SOLVER   Solved in 2170133 iterations and 11054.37 seconds
[2019-03-25 22:29:46] SOLVER   Optimal objective  3.363752918e+05
[2019-03-25 22:29:46] SOLVER   Changed value of parameter LogFile to
[2019-03-25 22:29:46] SOLVER   Prev: /cluster/work/cpesm/trtim/ose-model-comparison/tmpfu40fsr3.log  Default:
[2019-03-25 22:31:35] INFO     Backend: solver finished running. Time since start: 3:34:19.530051
[2019-03-25 22:31:38] INFO     Backend: loaded results
[2019-03-25 22:32:27] INFO     Backend: generated solution array. Time since start: 3:35:11.567864
[2019-03-25 22:32:27] INFO     Postprocessing: started
[2019-03-25 22:34:08] INFO     Postprocessing: All values < 1e-10 set to 0 in carrier_prod, carrier_con, storage
[2019-03-25 22:34:08] INFO     Postprocessing: ended. Time since start: 3:36:51.884784
[2019-03-25 22:34:09] WARNING  /cluster/work/cpesm/trtim/.conda/envs/ose-model-comparison/lib/python3.6/site-packages/distributed/config.py:20: YAMLLoadWarning:

calling yaml.load() without Loader=... is deprecated, as the default Loader is unsafe. Please read https://msg.pyyaml.org/load for full details.


HDF5-DIAG: Error detected in HDF5 (1.10.4) thread 47547388046976:
 #000: H5F.c line 444 in H5Fcreate(): unable to create file
   major: File accessibilty
   minor: Unable to open file
 #001: H5Fint.c line 1364 in H5F__create(): unable to open file
   major: File accessibilty
   minor: Unable to open file
 #002: H5Fint.c line 1559 in H5F_open(): unable to open file: name = '/cluster/work/cpesm/trtim/ose-model-comparison/build/output/minus6/09.nc', tent_flags = 13
   major: File accessibilty
   minor: Unable to open file
 #003: H5FD.c line 734 in H5FD_open(): open failed
   major: Virtual File Layer
   minor: Unable to initialize object
 #004: H5FDsec2.c line 346 in H5FD_sec2_open(): unable to open file: name = '/cluster/work/cpesm/trtim/ose-model-comparison/build/output/minus6/09.nc', errno = 2, error message = 'No such file or directory', flags = 13, o_flags = 242
   major: File accessibilty
   minor: Unable to open file
Calliope 0.6.4-dev starting at 2019-03-25 18:57:16

Model name:   Open Source Modelling -- Euro Calliope model
Model size:   34 locations, 17 technologies, 4380 timesteps

Starting model run...
Saving NetCDF results to file: build/output/minus6/09.nc

Error in save_netcdf:
[Errno 13] Permission denied: b'/cluster/work/cpesm/trtim/ose-model-comparison/build/output/minus6/09.nc'

Calliope run aborted due to an error. Elapsed: 13013.3 seconds (time at exit: 2019-03-25 22:34:09)


PS:

Fail to open output file build/output/minus6/09.log: No such file or directory.
Output is stored in this mail.
