Job <calliope run build/model/model.yaml --save_netcdf build/output/minus6/10.nc --scenario baseline --override_dict "{run.solver_options.FeasibilityTol: 1e-6, run.solver_options.OptimalityTol: 1e-6}"> was submitted from host <eu-login-14-ng> by user <trtim> in cluster <euler> at Mon Mar 25 18:22:58 2019
Job was executed on host(s) <4*eu-a6-009-16>, in queue <normal.24h>, as user <trtim> in cluster <euler> at Mon Mar 25 18:57:05 2019
</cluster/home/trtim> was used as the home directory.
</cluster/home/trtim/Develop/ose-model-comparison> was used as the working directory.
Started at Mon Mar 25 18:57:05 2019
Terminated at Mon Mar 25 22:09:33 2019
Results reported at Mon Mar 25 22:09:33 2019

Your job looked like:

------------------------------------------------------------
# LSBATCH: User input
calliope run build/model/model.yaml --save_netcdf build/output/minus6/10.nc --scenario baseline --override_dict "{run.solver_options.FeasibilityTol: 1e-6, run.solver_options.OptimalityTol: 1e-6}"
------------------------------------------------------------

Exited with exit code 1.

Resource usage summary:

   CPU time :                                   12768.88 sec.
   Max Memory :                                 37926 MB
   Average Memory :                             30102.62 MB
   Total Requested Memory :                     48000.00 MB
   Delta Memory :                               10074.00 MB
   Max Swap :                                   -
   Max Processes :                              4
   Max Threads :                                9
   Run time :                                   11550 sec.
   Turnaround time :                            13595 sec.

The output (if any) follows:

/cluster/work/cpesm/trtim/.conda/envs/ose-model-comparison/lib/python3.6/site-packages/dask/config.py:168: YAMLLoadWarning:

calling yaml.load() without Loader=... is deprecated, as the default Loader is unsafe. Please read https://msg.pyyaml.org/load for full details.

[2019-03-25 18:57:14] INFO     Model: initialising
[2019-03-25 18:57:15] INFO     `run.solver_options.FeasibilityTol`:1e-06 applied from override as new configuration
`run.solver_options.OptimalityTol`:1e-06 applied from override as new configuration
[2019-03-25 18:57:15] INFO     Using scenario `baseline` leading to the application of overrides `['diw_assumptions', 'diw_battery_baseline_cost', 'equal_interest_rate', 'no_hydrogen']`.
[2019-03-25 18:57:16] INFO     `locations.ALB.techs.hydrogen.exists`:False applied from override as new configuration
`locations.AUT.techs.hydrogen.exists`:False applied from override as new configuration
`locations.BEL.techs.hydrogen.exists`:False applied from override as new configuration
`locations.BGR.techs.hydrogen.exists`:False applied from override as new configuration
`locations.BIH.techs.hydrogen.exists`:False applied from override as new configuration
`locations.CHE.techs.hydrogen.exists`:False applied from override as new configuration
`locations.CYP.techs.hydrogen.exists`:False applied from override as new configuration
`locations.CZE.techs.hydrogen.exists`:False applied from override as new configuration
`locations.DEU.techs.hydrogen.exists`:False applied from override as new configuration
`locations.DNK.techs.hydrogen.exists`:False applied from override as new configuration
`locations.ESP.techs.hydrogen.exists`:False applied from override as new configuration
`locations.EST.techs.hydrogen.exists`:False applied from override as new configuration
`locations.FIN.techs.hydrogen.exists`:False applied from override as new configuration
`locations.FRA.techs.hydrogen.exists`:False applied from override as new configuration
`locations.GBR.techs.hydrogen.exists`:False applied from override as new configuration
`locations.GRC.techs.hydrogen.exists`:False applied from override as new configuration
`locations.HRV.techs.hydrogen.exists`:False applied from override as new configuration
`locations.HUN.techs.hydrogen.exists`:False applied from override as new configuration
`locations.IRL.techs.hydrogen.exists`:False applied from override as new configuration
`locations.ITA.techs.hydrogen.exists`:False applied from override as new configuration
`locations.LTU.techs.hydrogen.exists`:False applied from override as new configuration
`locations.LUX.techs.hydrogen.exists`:False applied from override as new configuration
`locations.LVA.techs.hydrogen.exists`:False applied from override as new configuration
`locations.MKD.techs.hydrogen.exists`:False applied from override as new configuration
`locations.MNE.techs.hydrogen.exists`:False applied from override as new configuration
`locations.NLD.techs.hydrogen.exists`:False applied from override as new configuration
`locations.NOR.techs.hydrogen.exists`:False applied from override as new configuration
`locations.POL.techs.hydrogen.exists`:False applied from override as new configuration
`locations.PRT.techs.hydrogen.exists`:False applied from override as new configuration
`locations.ROU.techs.hydrogen.exists`:False applied from override as new configuration
`locations.SRB.techs.hydrogen.exists`:False applied from override as new configuration
`locations.SVK.techs.hydrogen.exists`:False applied from override as new configuration
`locations.SVN.techs.hydrogen.exists`:False applied from override as new configuration
`locations.SWE.techs.hydrogen.exists`:False applied from override as new configuration
`tech_groups.conversion.costs.monetary.interest_rate`:0.04 applied from override as new configuration
`tech_groups.conversion_plus.costs.monetary.interest_rate`:0.04 applied from override as new configuration
`tech_groups.storage.costs.monetary.interest_rate`:0.04 applied from override as new configuration
`tech_groups.supply.costs.monetary.interest_rate`:0.04 applied from override as new configuration
`tech_groups.supply_plus.costs.monetary.interest_rate`:0.04 applied from override as new configuration
`tech_groups.transmission.costs.monetary.interest_rate`:0.04 applied from override as new configuration
Override applied to techs.battery.costs.monetary.energy_cap: 713.47 -> 135.14000000000001
`techs.battery.costs.monetary.interest_rate`:0.04 applied from override as new configuration
Override applied to techs.battery.costs.monetary.om_annual: 12.48 -> 0
Override applied to techs.battery.costs.monetary.om_prod: 0.0028 -> 0
Override applied to techs.battery.costs.monetary.storage_cap: 322.73 -> 315.32
`techs.battery.energy_eff`:0.9591663046625439 applied from override as new configuration
Override applied to techs.ccgt.costs.monetary.om_con: 0.03761 -> 0.03168
Override applied to techs.ccgt.costs.monetary.om_prod: 0.000132 -> 0.014832000000000001
Override applied to techs.coal.costs.monetary.om_con: 0.010920000000000001 -> 0.009720000000000001
Override applied to techs.coal.costs.monetary.om_prod: 0.001315 -> 0.025915
Override applied to techs.lignite.costs.monetary.om_con: 0.010920000000000001 -> 0.00396
Override applied to techs.lignite.costs.monetary.om_prod: 0.001315 -> 0.028614999999999998
Override applied to techs.nuclear.costs.monetary.om_con: 0.0064 -> 0.0016899999999999999
Override applied to techs.nuclear.costs.monetary.om_prod: 0.0006580000000000001 -> 0.001018
[2019-03-25 18:57:16] INFO     Model: preprocessing stage 1 (model_run)
[2019-03-25 18:57:24] INFO     Model: preprocessing stage 2 (model_data)
[2019-03-25 18:58:30] INFO     Model: preprocessing complete. Time since start: 0:01:16.321608
[2019-03-25 18:58:30] INFO     Backend: starting model run
[2019-03-25 19:13:22] INFO     Backend: model generated. Time since start: 0:16:07.993388
[2019-03-25 19:13:22] INFO     Backend: sending model to solver
[2019-03-25 19:25:54] SOLVER   Parameter OutputFlag unchanged
[2019-03-25 19:25:54] SOLVER   Value: 1  Min: 0  Max: 1  Default: 1
[2019-03-25 19:25:54] SOLVER   Changed value of parameter LogFile to /cluster/work/cpesm/trtim/ose-model-comparison/tmpupn_22o3.log
[2019-03-25 19:25:54] SOLVER   Prev: gurobi.log  Default:
[2019-03-25 19:25:54] SOLVER   Parameter FeasibilityTol unchanged
[2019-03-25 19:25:54] SOLVER   Value: 1e-06  Min: 1e-09  Max: 0.01  Default: 1e-06
[2019-03-25 19:25:54] SOLVER   Changed value of parameter Method to 2
[2019-03-25 19:25:54] SOLVER   Prev: -1  Min: -1  Max: 5  Default: -1
[2019-03-25 19:25:54] SOLVER   Parameter OptimalityTol unchanged
[2019-03-25 19:25:54] SOLVER   Value: 1e-06  Min: 1e-09  Max: 0.01  Default: 1e-06
[2019-03-25 19:25:54] SOLVER   Changed value of parameter Threads to 4
[2019-03-25 19:25:54] SOLVER   Prev: 0  Min: 0  Max: 1024  Default: 0
[2019-03-25 19:25:54] SOLVER   Optimize a model with 9340786 rows, 7221010 columns and 24514096 nonzeros
[2019-03-25 19:25:54] SOLVER   Coefficient statistics:
[2019-03-25 19:25:54] SOLVER   Matrix range     [1e-05, 4e+02]
[2019-03-25 19:25:54] SOLVER   Objective range  [1e+00, 1e+00]
[2019-03-25 19:25:54] SOLVER   Bounds range     [5e-02, 2e+03]
[2019-03-25 19:25:54] SOLVER   RHS range        [7e-03, 2e+03]
[2019-03-25 19:26:00] SOLVER   Presolve removed 6267467 rows and 4374384 columns (presolve time = 5s) ...
[2019-03-25 19:26:04] SOLVER   Presolve removed 6909505 rows and 5016422 columns (presolve time = 10s) ...
[2019-03-25 19:26:07] SOLVER   Presolve removed 6939760 rows and 5016432 columns
[2019-03-25 19:26:08] SOLVER   Presolve time: 13.58s
[2019-03-25 19:26:08] SOLVER   Presolved: 2401026 rows, 2204578 columns, 8737607 nonzeros
[2019-03-25 19:26:25] SOLVER   Ordering time: 0.00s
[2019-03-25 19:26:28] SOLVER   Barrier statistics:
[2019-03-25 19:26:28] SOLVER   Dense cols : 270
[2019-03-25 19:26:28] SOLVER   AA' NZ     : 8.083e+06
[2019-03-25 19:26:28] SOLVER   Factor NZ  : 4.940e+07 (roughly 2.3 GBytes of memory)
[2019-03-25 19:26:28] SOLVER   Factor Ops : 1.057e+10 (less than 1 second per iteration)
[2019-03-25 19:26:28] SOLVER   Threads    : 4
[2019-03-25 19:26:29] SOLVER   Objective                Residual
[2019-03-25 19:26:29] SOLVER   Iter       Primal          Dual         Primal    Dual     Compl     Time
[2019-03-25 19:26:30] SOLVER   0   1.11153753e+08 -1.09281141e+08  1.68e+07 4.56e-01  9.17e+04    36s
[2019-03-25 19:26:32] SOLVER   1   1.30648078e+08 -1.13882685e+08  1.06e+07 3.84e+01  6.98e+04    38s
[2019-03-25 19:26:34] SOLVER   2   1.32078584e+08 -1.40766502e+08  1.01e+07 3.20e+01  6.26e+04    40s
[2019-03-25 19:26:37] SOLVER   3   1.23095719e+08 -3.58900188e+08  8.97e+06 2.46e+01  5.35e+04    43s
[2019-03-25 19:26:39] SOLVER   4   9.36192792e+07 -1.44204157e+09  7.69e+06 1.63e+01  4.42e+04    45s
[2019-03-25 19:26:41] SOLVER   5   8.15208662e+07 -2.24141212e+09  6.75e+06 8.48e+00  3.67e+04    47s
[2019-03-25 19:26:43] SOLVER   6   5.68046491e+07 -2.48555857e+09  3.95e+06 5.89e+00  2.22e+04    49s
[2019-03-25 19:26:45] SOLVER   7   3.80743051e+07 -2.39931590e+09  2.12e+06 1.23e+00  1.13e+04    51s
[2019-03-25 19:26:49] SOLVER   8   3.51901174e+07 -2.04319518e+09  1.83e+06 4.21e-01  9.34e+03    55s
[2019-03-25 19:26:51] SOLVER   9   3.03657149e+07 -1.87338630e+09  1.38e+06 2.59e-01  7.11e+03    57s
[2019-03-25 19:26:53] SOLVER   10   2.34514864e+07 -1.47249698e+09  6.96e+05 1.02e-01  3.63e+03    59s
[2019-03-25 19:26:55] SOLVER   11   1.85594637e+07 -1.06705442e+09  2.81e+05 3.99e-02  1.51e+03    61s
[2019-03-25 19:26:57] SOLVER   12   1.70125276e+07 -7.86111045e+08  1.27e+05 1.95e-02  7.25e+02    63s
[2019-03-25 19:26:59] SOLVER   13   1.66567839e+07 -7.09085865e+08  7.91e+04 1.60e-02  4.93e+02    65s
[2019-03-25 19:27:01] SOLVER   14   1.61623033e+07 -5.57183588e+08  4.16e+04 1.04e-02  2.90e+02    67s
[2019-03-25 19:27:04] SOLVER   15   1.54746560e+07 -2.35031627e+08  1.87e+04 1.15e-03  1.16e+02    70s
[2019-03-25 19:27:07] SOLVER   16   1.32902003e+07 -1.26833730e+08  1.01e+04 3.58e-07  5.61e+01    73s
[2019-03-25 19:27:09] SOLVER   17   1.24678143e+07 -1.22881883e+08  8.64e+03 3.31e-07  5.08e+01    75s
[2019-03-25 19:27:10] SOLVER   18   1.08720142e+07 -9.41353737e+07  6.08e+03 1.13e-07  3.56e+01    76s
[2019-03-25 19:27:13] SOLVER   19   9.42150732e+06 -5.79085510e+07  4.48e+03 1.63e-09  2.19e+01    79s
[2019-03-25 19:27:15] SOLVER   20   7.49127949e+06 -2.75402141e+07  3.03e+03 3.84e-08  1.09e+01    80s
[2019-03-25 19:27:17] SOLVER   21   4.85717390e+06 -1.58810691e+07  1.58e+03 4.36e-09  5.70e+00    83s
[2019-03-25 19:27:20] SOLVER   22   3.96106676e+06 -1.03487850e+07  1.18e+03 8.87e-10  3.76e+00    86s
[2019-03-25 19:27:22] SOLVER   23   3.19678788e+06 -7.43373501e+06  8.74e+02 1.19e-09  2.68e+00    88s
[2019-03-25 19:27:24] SOLVER   24   2.61480903e+06 -6.06325454e+06  6.61e+02 5.81e-10  2.11e+00    90s
[2019-03-25 19:27:26] SOLVER   25   2.01330028e+06 -4.86009491e+06  4.47e+02 4.52e-10  1.59e+00    92s
[2019-03-25 19:27:28] SOLVER   26   1.57594537e+06 -3.03943232e+06  2.22e+02 3.30e-10  1.04e+00    94s
[2019-03-25 19:27:30] SOLVER   27   1.26304831e+06 -2.23429011e+06  1.47e+02 2.52e-10  7.64e-01    96s
[2019-03-25 19:27:33] SOLVER   28   1.11513757e+06 -1.09135666e+06  1.20e+02 3.29e-10  4.78e-01    99s
[2019-03-25 19:27:35] SOLVER   29   9.42217370e+05 -7.31378501e+05  9.07e+01 1.15e-09  3.57e-01   101s
[2019-03-25 19:27:38] SOLVER   30   8.61229413e+05 -6.12806639e+05  7.72e+01 9.45e-10  3.12e-01   104s
[2019-03-25 19:27:39] SOLVER   31   8.15449976e+05 -5.61084078e+05  6.75e+01 8.85e-10  2.90e-01   105s
[2019-03-25 19:27:42] SOLVER   32   7.51645061e+05 -3.45482306e+05  4.67e+01 4.64e-10  2.29e-01   108s
[2019-03-25 19:27:45] SOLVER   33   6.51976272e+05 -2.22999301e+05  4.37e+01 4.13e-10  1.81e-01   111s
[2019-03-25 19:27:47] SOLVER   34   5.80753699e+05 -2.88087330e+04  2.25e+01 2.63e-10  1.25e-01   113s
[2019-03-25 19:27:49] SOLVER   35   5.46577835e+05  5.81398759e+04  1.90e+01 2.24e-10  9.97e-02   115s
[2019-03-25 19:27:51] SOLVER   36   5.38492975e+05  1.05015767e+05  1.82e+01 1.86e-10  8.85e-02   117s
[2019-03-25 19:27:53] SOLVER   37   5.07423156e+05  1.72902577e+05  1.50e+01 1.59e-10  6.81e-02   119s
[2019-03-25 19:27:55] SOLVER   38   4.67045754e+05  2.12846183e+05  1.11e+01 1.06e-10  5.15e-02   121s
[2019-03-25 19:27:58] SOLVER   39   4.43498797e+05  2.37204404e+05  8.85e+00 8.61e-11  4.17e-02   124s
[2019-03-25 19:28:00] SOLVER   40   4.28731010e+05  2.58397247e+05  7.23e+00 6.31e-11  3.43e-02   126s
[2019-03-25 19:28:02] SOLVER   41   4.22142261e+05  2.70450155e+05  6.57e+00 5.15e-11  3.05e-02   128s
[2019-03-25 19:28:04] SOLVER   42   4.08651099e+05  2.79049181e+05  5.16e+00 4.91e-11  2.61e-02   130s
[2019-03-25 19:28:06] SOLVER   43   3.96398042e+05  2.83927867e+05  3.72e+00 5.46e-11  2.26e-02   132s
[2019-03-25 19:28:08] SOLVER   44   3.89586378e+05  2.90629950e+05  2.75e+00 3.67e-11  1.98e-02   134s
[2019-03-25 19:28:11] SOLVER   45   3.82047685e+05  2.96478260e+05  2.15e+00 3.18e-11  1.71e-02   137s
[2019-03-25 19:28:14] SOLVER   46   3.72678159e+05  3.04270979e+05  1.73e+00 2.27e-11  1.37e-02   139s
[2019-03-25 19:28:16] SOLVER   47   3.70231568e+05  3.11978280e+05  1.61e+00 1.65e-11  1.17e-02   142s
[2019-03-25 19:28:18] SOLVER   48   3.67725961e+05  3.14703407e+05  1.49e+00 3.00e-11  1.06e-02   144s
[2019-03-25 19:28:20] SOLVER   49   3.63148248e+05  3.16035621e+05  1.28e+00 1.82e-11  9.41e-03   146s
[2019-03-25 19:28:22] SOLVER   50   3.62397855e+05  3.17553153e+05  1.24e+00 1.48e-11  8.96e-03   148s
[2019-03-25 19:28:24] SOLVER   51   3.60156157e+05  3.19632555e+05  1.13e+00 1.18e-11  8.09e-03   150s
[2019-03-25 19:28:27] SOLVER   52   3.58894421e+05  3.21282903e+05  1.08e+00 1.71e-11  7.51e-03   153s
[2019-03-25 19:28:29] SOLVER   53   3.56364651e+05  3.24273662e+05  9.58e-01 2.86e-11  6.41e-03   155s
[2019-03-25 19:28:32] SOLVER   54   3.52480118e+05  3.25259197e+05  7.88e-01 1.51e-11  5.43e-03   158s
[2019-03-25 19:28:34] SOLVER   55   3.51134469e+05  3.26793245e+05  7.21e-01 1.92e-11  4.86e-03   160s
[2019-03-25 19:28:36] SOLVER   56   3.50402402e+05  3.27122857e+05  6.84e-01 3.56e-11  4.64e-03   161s
[2019-03-25 19:28:38] SOLVER   57   3.49742011e+05  3.27440764e+05  6.53e-01 1.01e-11  4.45e-03   164s
[2019-03-25 19:28:40] SOLVER   58   3.49545932e+05  3.27505438e+05  6.44e-01 2.24e-11  4.40e-03   166s
[2019-03-25 19:28:42] SOLVER   59   3.48764363e+05  3.28076898e+05  6.05e-01 2.79e-11  4.13e-03   168s
[2019-03-25 19:28:45] SOLVER   60   3.47621073e+05  3.29734437e+05  5.49e-01 2.79e-11  3.57e-03   171s
[2019-03-25 19:28:48] SOLVER   61   3.47399487e+05  3.30064754e+05  5.38e-01 3.97e-11  3.46e-03   174s
[2019-03-25 19:28:49] SOLVER   62   3.47151705e+05  3.30198567e+05  5.26e-01 2.01e-11  3.38e-03   175s
[2019-03-25 19:28:51] SOLVER   63   3.46456622e+05  3.30800115e+05  4.94e-01 3.97e-11  3.12e-03   177s
[2019-03-25 19:28:54] SOLVER   64   3.44393033e+05  3.31393282e+05  3.98e-01 3.60e-11  2.59e-03   180s
[2019-03-25 19:28:55] SOLVER   65   3.43823240e+05  3.31789335e+05  3.71e-01 3.42e-11  2.40e-03   181s
[2019-03-25 19:28:58] SOLVER   66   3.43160277e+05  3.32244185e+05  3.38e-01 3.61e-11  2.18e-03   184s
[2019-03-25 19:29:00] SOLVER   67   3.43024151e+05  3.32512867e+05  3.32e-01 3.29e-11  2.09e-03   186s
[2019-03-25 19:29:04] SOLVER   68   3.41784529e+05  3.32836616e+05  2.73e-01 3.29e-11  1.78e-03   190s
[2019-03-25 19:29:07] SOLVER   69   3.41470805e+05  3.32956816e+05  2.58e-01 3.29e-11  1.70e-03   193s
[2019-03-25 19:29:09] SOLVER   70   3.41323598e+05  3.33343718e+05  2.51e-01 2.79e-11  1.59e-03   195s
[2019-03-25 19:29:11] SOLVER   71   3.40665121e+05  3.33565388e+05  2.18e-01 1.92e-11  1.41e-03   197s
[2019-03-25 19:29:13] SOLVER   72   3.40609678e+05  3.33593464e+05  2.15e-01 2.92e-11  1.40e-03   199s
[2019-03-25 19:29:15] SOLVER   73   3.40411828e+05  3.33775312e+05  2.06e-01 3.38e-11  1.32e-03   201s
[2019-03-25 19:29:17] SOLVER   74   3.40224119e+05  3.33888123e+05  1.96e-01 2.88e-11  1.26e-03   203s
[2019-03-25 19:29:19] SOLVER   75   3.39941992e+05  3.34121774e+05  1.80e-01 1.86e-11  1.16e-03   205s
[2019-03-25 19:29:21] SOLVER   76   3.39836590e+05  3.34386340e+05  1.75e-01 3.33e-11  1.09e-03   207s
[2019-03-25 19:29:22] SOLVER   77   3.39424942e+05  3.34716545e+05  1.54e-01 8.41e-11  9.38e-04   208s
[2019-03-25 19:29:25] SOLVER   78   3.39132137e+05  3.34948299e+05  1.40e-01 1.03e-10  8.33e-04   211s
[2019-03-25 19:29:28] SOLVER   79   3.38900873e+05  3.35243160e+05  1.28e-01 1.16e-10  7.28e-04   214s
[2019-03-25 19:29:30] SOLVER   80   3.38381245e+05  3.35383425e+05  1.03e-01 1.12e-10  5.97e-04   216s
[2019-03-25 19:29:32] SOLVER   81   3.38334018e+05  3.35448764e+05  1.01e-01 5.87e-11  5.74e-04   218s
[2019-03-25 19:29:34] SOLVER   82   3.38300035e+05  3.35469425e+05  9.91e-02 5.42e-11  5.63e-04   220s
[2019-03-25 19:29:36] SOLVER   83   3.38120499e+05  3.35531812e+05  9.02e-02 4.83e-11  5.15e-04   222s
[2019-03-25 19:29:38] SOLVER   84   3.38048718e+05  3.35556877e+05  8.65e-02 4.97e-11  4.96e-04   224s
[2019-03-25 19:29:41] SOLVER   85   3.37845077e+05  3.35684626e+05  7.68e-02 6.80e-11  4.30e-04   226s
[2019-03-25 19:29:43] SOLVER   86   3.37779004e+05  3.35782471e+05  7.36e-02 8.31e-11  3.97e-04   229s
[2019-03-25 19:29:46] SOLVER   87   3.37539767e+05  3.35827144e+05  6.15e-02 7.04e-11  3.41e-04   232s
[2019-03-25 19:29:48] SOLVER   88   3.37514328e+05  3.35855397e+05  6.02e-02 6.47e-11  3.30e-04   233s
[2019-03-25 19:29:49] SOLVER   89   3.37472561e+05  3.35864313e+05  5.79e-02 6.61e-11  3.20e-04   235s
[2019-03-25 19:29:52] SOLVER   90   3.37374313e+05  3.35886919e+05  5.30e-02 6.22e-11  2.96e-04   238s
[2019-03-25 19:29:54] SOLVER   91   3.37308109e+05  3.35902215e+05  4.95e-02 6.47e-11  2.80e-04   240s
[2019-03-25 19:29:56] SOLVER   92   3.37246080e+05  3.35934103e+05  4.65e-02 5.30e-11  2.61e-04   242s
[2019-03-25 19:29:59] SOLVER   93   3.37150630e+05  3.35986805e+05  4.18e-02 5.83e-11  2.31e-04   245s
[2019-03-25 19:30:02] SOLVER   94   3.37109740e+05  3.36010026e+05  3.97e-02 5.09e-11  2.19e-04   247s
[2019-03-25 19:30:03] SOLVER   95   3.37100529e+05  3.36017592e+05  3.92e-02 4.38e-11  2.15e-04   249s
[2019-03-25 19:30:05] SOLVER   96   3.37075365e+05  3.36035971e+05  3.78e-02 4.41e-11  2.07e-04   251s
[2019-03-25 19:30:08] SOLVER   97   3.37007434e+05  3.36061496e+05  3.40e-02 6.30e-11  1.88e-04   254s
[2019-03-25 19:30:10] SOLVER   98   3.36966389e+05  3.36076019e+05  3.18e-02 6.50e-11  1.77e-04   256s
[2019-03-25 19:30:12] SOLVER   99   3.36927679e+05  3.36108294e+05  2.97e-02 3.51e-11  1.63e-04   258s
[2019-03-25 19:30:15] SOLVER   100   3.36904917e+05  3.36121094e+05  2.85e-02 5.73e-11  1.56e-04   261s
[2019-03-25 19:30:17] SOLVER   101   3.36875408e+05  3.36130561e+05  2.70e-02 3.82e-11  1.48e-04   263s
[2019-03-25 19:30:19] SOLVER   102   3.36868713e+05  3.36134071e+05  2.67e-02 3.46e-11  1.46e-04   265s
[2019-03-25 19:30:21] SOLVER   103   3.36859499e+05  3.36138950e+05  2.62e-02 4.64e-11  1.43e-04   267s
[2019-03-25 19:30:23] SOLVER   104   3.36827999e+05  3.36151657e+05  2.45e-02 3.55e-11  1.34e-04   269s
[2019-03-25 19:30:25] SOLVER   105   3.36816710e+05  3.36154904e+05  2.39e-02 4.50e-11  1.32e-04   271s
[2019-03-25 19:30:28] SOLVER   106   3.36792666e+05  3.36178058e+05  2.26e-02 5.28e-11  1.22e-04   274s
[2019-03-25 19:30:30] SOLVER   107   3.36743450e+05  3.36187464e+05  2.01e-02 4.00e-11  1.10e-04   276s
[2019-03-25 19:30:33] SOLVER   108   3.36741394e+05  3.36194391e+05  2.00e-02 4.00e-11  1.09e-04   279s
[2019-03-25 19:30:35] SOLVER   109   3.36730881e+05  3.36212361e+05  1.94e-02 5.78e-11  1.03e-04   281s
[2019-03-25 19:30:37] SOLVER   110   3.36708307e+05  3.36220898e+05  1.81e-02 4.41e-11  9.69e-05   283s
[2019-03-25 19:30:39] SOLVER   111   3.36686053e+05  3.36232973e+05  1.70e-02 3.37e-11  9.01e-05   285s
[2019-03-25 19:30:41] SOLVER   112   3.36651848e+05  3.36249293e+05  1.51e-02 2.09e-10  8.00e-05   287s
[2019-03-25 19:30:44] SOLVER   113   3.36631062e+05  3.36258092e+05  1.39e-02 1.98e-10  7.41e-05   290s
[2019-03-25 19:30:46] SOLVER   114   3.36581380e+05  3.36278810e+05  1.13e-02 1.13e-09  6.01e-05   292s
[2019-03-25 19:30:49] SOLVER   115   3.36563808e+05  3.36302179e+05  1.03e-02 6.15e-11  5.20e-05   295s
[2019-03-25 19:30:51] SOLVER   116   3.36553467e+05  3.36309021e+05  9.74e-03 3.22e-10  4.86e-05   297s
[2019-03-25 19:30:53] SOLVER   117   3.36530151e+05  3.36315963e+05  8.43e-03 1.58e-09  4.26e-05   298s
[2019-03-25 19:30:55] SOLVER   118   3.36513349e+05  3.36329130e+05  7.52e-03 1.45e-09  3.66e-05   301s
[2019-03-25 19:30:58] SOLVER   119   3.36489320e+05  3.36334092e+05  6.25e-03 2.40e-10  3.09e-05   304s
[2019-03-25 19:31:00] SOLVER   120   3.36475933e+05  3.36343030e+05  5.52e-03 8.93e-11  2.64e-05   306s
[2019-03-25 19:31:02] SOLVER   121   3.36466823e+05  3.36344965e+05  5.02e-03 9.05e-11  2.42e-05   308s
[2019-03-25 19:31:04] SOLVER   122   3.36464686e+05  3.36346422e+05  4.91e-03 8.82e-11  2.35e-05   310s
[2019-03-25 19:31:06] SOLVER   123   3.36459127e+05  3.36349338e+05  4.60e-03 8.61e-11  2.18e-05   312s
[2019-03-25 19:31:08] SOLVER   124   3.36445368e+05  3.36351791e+05  3.90e-03 1.07e-09  1.86e-05   314s
[2019-03-25 19:31:11] SOLVER   125   3.36439274e+05  3.36356820e+05  3.56e-03 9.73e-11  1.64e-05   317s
[2019-03-25 19:31:13] SOLVER   126   3.36427121e+05  3.36358486e+05  2.91e-03 7.35e-11  1.36e-05   319s
[2019-03-25 19:31:15] SOLVER   127   3.36423121e+05  3.36359886e+05  2.68e-03 7.05e-11  1.26e-05   321s
[2019-03-25 19:31:17] SOLVER   128   3.36421208e+05  3.36360879e+05  2.58e-03 6.74e-11  1.20e-05   323s
[2019-03-25 19:31:20] SOLVER   129   3.36418011e+05  3.36362549e+05  2.39e-03 6.70e-11  1.10e-05   325s
[2019-03-25 19:31:21] SOLVER   130   3.36416127e+05  3.36362875e+05  2.28e-03 6.69e-11  1.06e-05   327s
[2019-03-25 19:31:24] SOLVER   131   3.36408190e+05  3.36363858e+05  1.87e-03 6.24e-11  8.81e-06   330s
[2019-03-25 19:31:27] SOLVER   132   3.36403594e+05  3.36366379e+05  1.60e-03 6.14e-11  7.40e-06   333s
[2019-03-25 19:31:29] SOLVER   133   3.36401302e+05  3.36367966e+05  1.48e-03 6.48e-11  6.63e-06   335s
[2019-03-25 19:31:31] SOLVER   134   3.36399704e+05  3.36368700e+05  1.38e-03 6.27e-11  6.16e-06   337s
[2019-03-25 19:31:33] SOLVER   135   3.36396906e+05  3.36369388e+05  1.22e-03 1.30e-10  5.47e-06   339s
[2019-03-25 19:31:35] SOLVER   136   3.36393985e+05  3.36370414e+05  1.05e-03 1.67e-10  4.69e-06   341s
[2019-03-25 19:31:37] SOLVER   137   3.36392877e+05  3.36370848e+05  9.87e-04 1.92e-10  4.38e-06   343s
[2019-03-25 19:31:40] SOLVER   138   3.36389133e+05  3.36371143e+05  7.87e-04 2.06e-10  3.58e-06   346s
[2019-03-25 19:31:43] SOLVER   139   3.36388671e+05  3.36371326e+05  7.63e-04 2.09e-10  3.45e-06   349s
[2019-03-25 19:31:45] SOLVER   140   3.36386331e+05  3.36371742e+05  6.28e-04 1.87e-07  2.90e-06   351s
[2019-03-25 19:31:47] SOLVER   141   3.36384623e+05  3.36372075e+05  5.28e-04 1.70e-07  2.49e-06   353s
[2019-03-25 19:31:49] SOLVER   142   3.36383799e+05  3.36372516e+05  4.80e-04 1.46e-07  2.24e-06   355s
[2019-03-25 19:31:51] SOLVER   143   3.36382336e+05  3.36373365e+05  3.98e-04 1.01e-07  1.78e-06   357s
[2019-03-25 19:31:53] SOLVER   144   3.36381611e+05  3.36373485e+05  3.56e-04 9.50e-08  1.61e-06   359s
[2019-03-25 19:31:55] SOLVER   145   3.36380803e+05  3.36373921e+05  3.13e-04 7.18e-08  1.37e-06   361s
[2019-03-25 19:31:58] SOLVER   146   3.36380208e+05  3.36374072e+05  2.82e-04 6.38e-08  1.22e-06   364s
[2019-03-25 19:32:01] SOLVER   147   3.36379823e+05  3.36374213e+05  2.61e-04 5.45e-08  1.12e-06   366s
[2019-03-25 19:32:02] SOLVER   148   3.36379515e+05  3.36374262e+05  2.43e-04 5.16e-08  1.04e-06   368s
[2019-03-25 19:32:04] SOLVER   149   3.36379387e+05  3.36374321e+05  2.36e-04 4.81e-08  1.01e-06   370s
[2019-03-25 19:32:07] SOLVER   150   3.36379036e+05  3.36374375e+05  2.15e-04 4.54e-08  9.27e-07   373s
[2019-03-25 19:32:09] SOLVER   151   3.36378863e+05  3.36374447e+05  2.05e-04 4.18e-08  8.78e-07   375s
[2019-03-25 19:32:11] SOLVER   152   3.36378526e+05  3.36374660e+05  1.85e-04 3.12e-08  7.69e-07   377s
[2019-03-25 19:32:14] SOLVER   153   3.36377664e+05  3.36374736e+05  1.35e-04 2.70e-08  5.82e-07   380s
[2019-03-25 19:32:16] SOLVER   154   3.36377432e+05  3.36374849e+05  1.22e-04 2.19e-08  5.14e-07   382s
[2019-03-25 19:32:18] SOLVER   155   3.36377352e+05  3.36374869e+05  1.17e-04 2.09e-08  4.94e-07   384s
[2019-03-25 19:32:20] SOLVER   156   3.36377171e+05  3.36374893e+05  1.07e-04 1.96e-08  4.53e-07   386s
[2019-03-25 19:32:23] SOLVER   157   3.36376881e+05  3.36375002e+05  9.11e-05 1.40e-08  3.74e-07   389s
[2019-03-25 19:32:25] SOLVER   158   3.36376703e+05  3.36375028e+05  8.03e-05 1.00e-04  3.33e-07   391s
[2019-03-25 19:32:27] SOLVER   159   3.36376593e+05  3.36375057e+05  7.44e-05 8.93e-05  3.06e-07   393s
[2019-03-25 19:32:30] SOLVER   160   3.36376446e+05  3.36375075e+05  6.59e-05 8.22e-05  2.73e-07   396s
[2019-03-25 19:32:33] SOLVER   161   3.36376314e+05  3.36375120e+05  5.90e-05 6.52e-05  2.38e-07   399s
[2019-03-25 19:32:36] SOLVER   162   3.36376232e+05  3.36375131e+05  5.45e-05 6.09e-05  2.19e-07   402s
[2019-03-25 19:32:39] SOLVER   163   3.36376103e+05  3.36375148e+05  4.73e-05 5.42e-05  1.90e-07   405s
[2019-03-25 19:32:41] SOLVER   164   3.36376065e+05  3.36375156e+05  4.52e-05 5.05e-05  1.81e-07   407s
[2019-03-25 19:32:43] SOLVER   165   3.36376025e+05  3.36375166e+05  4.28e-05 4.68e-05  1.71e-07   408s
[2019-03-25 19:32:44] SOLVER   166   3.36375957e+05  3.36375184e+05  3.88e-05 3.87e-05  1.54e-07   410s
[2019-03-25 19:32:46] SOLVER   167   3.36375860e+05  3.36375190e+05  3.31e-05 3.65e-05  1.33e-07   412s
[2019-03-25 19:32:48] SOLVER   168   3.36375831e+05  3.36375206e+05  3.14e-05 2.02e-05  1.24e-07   414s
[2019-03-25 19:32:50] SOLVER   169   3.36375717e+05  3.36375218e+05  2.48e-05 1.70e-05  9.94e-08   416s
[2019-03-25 19:32:52] SOLVER   170   3.36375663e+05  3.36375223e+05  2.18e-05 1.57e-05  8.75e-08   418s
[2019-03-25 19:32:54] SOLVER   171   3.36375646e+05  3.36375225e+05  2.07e-05 1.54e-05  8.37e-08   420s
[2019-03-25 19:32:57] SOLVER   172   3.36375618e+05  3.36375232e+05  1.91e-05 1.37e-05  7.67e-08   423s
[2019-03-25 19:32:59] SOLVER   173   3.36375605e+05  3.36375234e+05  1.83e-05 1.31e-05  7.37e-08   425s
[2019-03-25 19:32:59] SOLVER   Barrier solved model in 173 iterations and 425.27 seconds
[2019-03-25 19:32:59] SOLVER   Optimal objective 3.36375605e+05
[2019-03-25 19:33:00] SOLVER   Crossover log...
[2019-03-25 19:33:01] SOLVER   658518 DPushes remaining with DInf 1.8336515e+02               427s
[2019-03-25 19:33:05] SOLVER   567825 DPushes remaining with DInf 1.8240738e+02               431s
[2019-03-25 19:33:10] SOLVER   563361 DPushes remaining with DInf 1.8240738e+02               436s
[2019-03-25 19:33:15] SOLVER   557341 DPushes remaining with DInf 1.8223717e+02               441s
[2019-03-25 19:33:19] SOLVER   550348 DPushes remaining with DInf 4.0168252e+02               445s
[2019-03-25 19:33:24] SOLVER   545827 DPushes remaining with DInf 4.0167288e+02               450s
[2019-03-25 19:33:30] SOLVER   542107 DPushes remaining with DInf 4.0167288e+02               456s
[2019-03-25 19:33:36] SOLVER   540619 DPushes remaining with DInf 4.0167288e+02               462s
[2019-03-25 19:33:40] SOLVER   539131 DPushes remaining with DInf 4.0167288e+02               466s
[2019-03-25 19:33:45] SOLVER   536899 DPushes remaining with DInf 4.0167288e+02               471s
[2019-03-25 19:33:49] SOLVER   533179 DPushes remaining with DInf 4.0167288e+02               475s
[2019-03-25 19:33:55] SOLVER   529459 DPushes remaining with DInf 4.0167288e+02               481s
[2019-03-25 19:34:00] SOLVER   525739 DPushes remaining with DInf 4.0167288e+02               486s
[2019-03-25 19:34:04] SOLVER   522019 DPushes remaining with DInf 4.0167288e+02               490s
[2019-03-25 19:34:10] SOLVER   516811 DPushes remaining with DInf 4.0167288e+02               496s
[2019-03-25 19:34:14] SOLVER   513091 DPushes remaining with DInf 4.0167288e+02               500s
[2019-03-25 19:34:20] SOLVER   508627 DPushes remaining with DInf 4.0167288e+02               506s
[2019-03-25 19:34:25] SOLVER   504907 DPushes remaining with DInf 4.0167288e+02               511s
[2019-03-25 19:34:30] SOLVER   499699 DPushes remaining with DInf 4.0167288e+02               516s
[2019-03-25 19:34:34] SOLVER   494491 DPushes remaining with DInf 4.0164480e+02               520s
[2019-03-25 19:34:40] SOLVER   490771 DPushes remaining with DInf 4.0164480e+02               526s
[2019-03-25 19:34:45] SOLVER   487795 DPushes remaining with DInf 4.0164480e+02               531s
[2019-03-25 19:34:50] SOLVER   485563 DPushes remaining with DInf 4.0164480e+02               536s
[2019-03-25 19:34:54] SOLVER   484075 DPushes remaining with DInf 4.0164480e+02               540s
[2019-03-25 19:35:01] SOLVER   481843 DPushes remaining with DInf 4.0164480e+02               547s
[2019-03-25 19:35:04] SOLVER   480355 DPushes remaining with DInf 4.0164480e+02               550s
[2019-03-25 19:35:10] SOLVER   478123 DPushes remaining with DInf 4.0164480e+02               556s
[2019-03-25 19:35:17] SOLVER   475891 DPushes remaining with DInf 4.0164480e+02               563s
[2019-03-25 19:35:21] SOLVER   474403 DPushes remaining with DInf 4.0164480e+02               567s
[2019-03-25 19:35:24] SOLVER   472915 DPushes remaining with DInf 4.0164480e+02               570s
[2019-03-25 19:35:29] SOLVER   470683 DPushes remaining with DInf 4.0164480e+02               575s
[2019-03-25 19:35:34] SOLVER   468451 DPushes remaining with DInf 4.0164480e+02               580s
[2019-03-25 19:35:40] SOLVER   466219 DPushes remaining with DInf 4.0164480e+02               586s
[2019-03-25 19:35:45] SOLVER   463987 DPushes remaining with DInf 4.0164480e+02               591s
[2019-03-25 19:35:50] SOLVER   461755 DPushes remaining with DInf 4.0164480e+02               596s
[2019-03-25 19:35:55] SOLVER   459523 DPushes remaining with DInf 4.0164480e+02               601s
[2019-03-25 19:35:59] SOLVER   457291 DPushes remaining with DInf 4.0164480e+02               605s
[2019-03-25 19:36:04] SOLVER   455059 DPushes remaining with DInf 4.0164480e+02               610s
[2019-03-25 19:36:09] SOLVER   452827 DPushes remaining with DInf 4.0164480e+02               615s
[2019-03-25 19:36:15] SOLVER   450595 DPushes remaining with DInf 4.0164480e+02               620s
[2019-03-25 19:36:20] SOLVER   447618 DPushes remaining with DInf 4.0164480e+02               626s
[2019-03-25 19:36:25] SOLVER   446130 DPushes remaining with DInf 4.0164480e+02               631s
[2019-03-25 19:36:30] SOLVER   443898 DPushes remaining with DInf 4.0164480e+02               636s
[2019-03-25 19:36:35] SOLVER   440921 DPushes remaining with DInf 4.0164480e+02               641s
[2019-03-25 19:36:40] SOLVER   437945 DPushes remaining with DInf 4.0164480e+02               646s
[2019-03-25 19:36:45] SOLVER   436457 DPushes remaining with DInf 4.0164480e+02               651s
[2019-03-25 19:36:50] SOLVER   434969 DPushes remaining with DInf 4.0164480e+02               656s
[2019-03-25 19:36:55] SOLVER   433481 DPushes remaining with DInf 4.0164480e+02               661s
[2019-03-25 19:37:00] SOLVER   431993 DPushes remaining with DInf 4.0164480e+02               666s
[2019-03-25 19:37:04] SOLVER   430505 DPushes remaining with DInf 4.0164480e+02               670s
[2019-03-25 19:37:11] SOLVER   428273 DPushes remaining with DInf 4.0164480e+02               677s
[2019-03-25 19:37:16] SOLVER   426785 DPushes remaining with DInf 4.0164480e+02               682s
[2019-03-25 19:37:20] SOLVER   425297 DPushes remaining with DInf 4.0164480e+02               686s
[2019-03-25 19:37:25] SOLVER   423065 DPushes remaining with DInf 4.0164480e+02               691s
[2019-03-25 19:37:30] SOLVER   420833 DPushes remaining with DInf 4.0164480e+02               696s
[2019-03-25 19:37:34] SOLVER   419345 DPushes remaining with DInf 4.0164480e+02               700s
[2019-03-25 19:37:39] SOLVER   417112 DPushes remaining with DInf 4.0164480e+02               705s
[2019-03-25 19:37:46] SOLVER   414136 DPushes remaining with DInf 4.0164480e+02               711s
[2019-03-25 19:37:50] SOLVER   411904 DPushes remaining with DInf 4.0164480e+02               716s
[2019-03-25 19:37:55] SOLVER   409672 DPushes remaining with DInf 4.0164480e+02               721s
[2019-03-25 19:38:00] SOLVER   406696 DPushes remaining with DInf 4.0164480e+02               726s
[2019-03-25 19:38:04] SOLVER   403720 DPushes remaining with DInf 4.0164480e+02               730s
[2019-03-25 19:38:09] SOLVER   400743 DPushes remaining with DInf 4.0164480e+02               735s
[2019-03-25 19:38:15] SOLVER   397767 DPushes remaining with DInf 4.0164480e+02               741s
[2019-03-25 19:38:20] SOLVER   394790 DPushes remaining with DInf 4.0162319e+02               746s
[2019-03-25 19:38:24] SOLVER   391814 DPushes remaining with DInf 4.0162319e+02               750s
[2019-03-25 19:38:30] SOLVER   388094 DPushes remaining with DInf 4.2338977e+02               756s
[2019-03-25 19:38:34] SOLVER   384374 DPushes remaining with DInf 4.2338977e+02               760s
[2019-03-25 19:38:40] SOLVER   379909 DPushes remaining with DInf 4.2338977e+02               766s
[2019-03-25 19:38:44] SOLVER   376187 DPushes remaining with DInf 4.1981289e+02               770s
[2019-03-25 19:38:49] SOLVER   373953 DPushes remaining with DInf 4.1978899e+02               775s
[2019-03-25 19:38:55] SOLVER   371718 DPushes remaining with DInf 4.1975289e+02               781s
[2019-03-25 19:38:59] SOLVER   370227 DPushes remaining with DInf 4.1973589e+02               785s
[2019-03-25 19:39:06] SOLVER   367994 DPushes remaining with DInf 4.1971960e+02               792s
[2019-03-25 19:39:11] SOLVER   366506 DPushes remaining with DInf 4.1971052e+02               796s
[2019-03-25 19:39:16] SOLVER   364274 DPushes remaining with DInf 4.1968284e+02               802s
[2019-03-25 19:39:20] SOLVER   362786 DPushes remaining with DInf 4.1967366e+02               806s
[2019-03-25 19:39:25] SOLVER   360554 DPushes remaining with DInf 4.1966098e+02               811s
[2019-03-25 19:39:29] SOLVER   358322 DPushes remaining with DInf 4.1964531e+02               815s
[2019-03-25 19:39:34] SOLVER   355345 DPushes remaining with DInf 4.1962824e+02               820s
[2019-03-25 19:39:39] SOLVER   351625 DPushes remaining with DInf 4.1961555e+02               825s
[2019-03-25 19:39:45] SOLVER   347904 DPushes remaining with DInf 4.1960124e+02               831s
[2019-03-25 19:39:50] SOLVER   344928 DPushes remaining with DInf 4.1959396e+02               836s
[2019-03-25 19:39:54] SOLVER   342695 DPushes remaining with DInf 4.1958362e+02               840s
[2019-03-25 19:40:00] SOLVER   339719 DPushes remaining with DInf 2.7877966e+02               846s
[2019-03-25 19:40:05] SOLVER   336743 DPushes remaining with DInf 2.7877966e+02               851s
[2019-03-25 19:40:10] SOLVER   333023 DPushes remaining with DInf 2.7877966e+02               856s
[2019-03-25 19:40:14] SOLVER   329303 DPushes remaining with DInf 2.7877966e+02               860s
[2019-03-25 19:40:20] SOLVER   324315 DPushes remaining with DInf 2.7451424e+02               866s
[2019-03-25 19:40:25] SOLVER   318493 DPushes remaining with DInf 7.6918591e+03               871s
[2019-03-25 19:40:30] SOLVER   314571 DPushes remaining with DInf 7.6301379e+03               876s
[2019-03-25 19:40:35] SOLVER   311002 DPushes remaining with DInf 7.6229336e+03               881s
[2019-03-25 19:40:40] SOLVER   306578 DPushes remaining with DInf 7.6144421e+03               886s
[2019-03-25 19:40:45] SOLVER   302184 DPushes remaining with DInf 7.6080690e+03               891s
[2019-03-25 19:40:49] SOLVER   299110 DPushes remaining with DInf 7.6048168e+03               895s
[2019-03-25 19:40:54] SOLVER   294481 DPushes remaining with DInf 7.6013484e+03               900s
[2019-03-25 19:41:00] SOLVER   288875 DPushes remaining with DInf 7.4950743e+03               906s
[2019-03-25 19:41:04] SOLVER   285203 DPushes remaining with DInf 7.4919393e+03               910s
[2019-03-25 19:41:09] SOLVER   280935 DPushes remaining with DInf 7.4898293e+03               915s
[2019-03-25 19:41:14] SOLVER   276888 DPushes remaining with DInf 7.4881997e+03               920s
[2019-03-25 19:41:21] SOLVER   272665 DPushes remaining with DInf 7.4654124e+03               927s
[2019-03-25 19:41:25] SOLVER   270892 DPushes remaining with DInf 7.4500968e+03               931s
[2019-03-25 19:41:30] SOLVER   268267 DPushes remaining with DInf 7.4450425e+03               936s
[2019-03-25 19:41:35] SOLVER   265639 DPushes remaining with DInf 7.4400825e+03               941s
[2019-03-25 19:41:40] SOLVER   263116 DPushes remaining with DInf 7.4372701e+03               946s
[2019-03-25 19:41:45] SOLVER   261558 DPushes remaining with DInf 7.4365651e+03               951s
[2019-03-25 19:41:49] SOLVER   259155 DPushes remaining with DInf 7.4351856e+03               955s
[2019-03-25 19:41:55] SOLVER   256715 DPushes remaining with DInf 7.4334806e+03               961s
[2019-03-25 19:42:00] SOLVER   255098 DPushes remaining with DInf 7.4317303e+03               966s
[2019-03-25 19:42:04] SOLVER   253550 DPushes remaining with DInf 7.4303438e+03               970s
[2019-03-25 19:42:10] SOLVER   251230 DPushes remaining with DInf 7.4246017e+03               976s
[2019-03-25 19:42:16] SOLVER   249260 DPushes remaining with DInf 7.4240303e+03               982s
[2019-03-25 19:42:20] SOLVER   248438 DPushes remaining with DInf 7.4239822e+03               986s
[2019-03-25 19:42:25] SOLVER   246908 DPushes remaining with DInf 7.4234927e+03               991s
[2019-03-25 19:42:29] SOLVER   244656 DPushes remaining with DInf 7.4230399e+03               995s
[2019-03-25 19:42:35] SOLVER   240661 DPushes remaining with DInf 7.4089469e+03              1001s
[2019-03-25 19:42:41] SOLVER   238002 DPushes remaining with DInf 7.4033238e+03              1007s
[2019-03-25 19:42:44] SOLVER   236080 DPushes remaining with DInf 7.3877301e+03              1010s
[2019-03-25 19:42:50] SOLVER   229855 DPushes remaining with DInf 7.3524109e+03              1016s
[2019-03-25 19:42:55] SOLVER   225732 DPushes remaining with DInf 7.3366587e+03              1021s
[2019-03-25 19:43:00] SOLVER   221572 DPushes remaining with DInf 6.2740984e+03              1026s
[2019-03-25 19:43:04] SOLVER   216398 DPushes remaining with DInf 6.2550279e+03              1030s
[2019-03-25 19:43:10] SOLVER   211311 DPushes remaining with DInf 6.2370445e+03              1036s
[2019-03-25 19:43:16] SOLVER   209421 DPushes remaining with DInf 6.2309140e+03              1042s
[2019-03-25 19:43:19] SOLVER   208476 DPushes remaining with DInf 6.2275877e+03              1045s
[2019-03-25 19:43:26] SOLVER   206646 DPushes remaining with DInf 6.2220927e+03              1052s
[2019-03-25 19:43:33] SOLVER   204824 DPushes remaining with DInf 6.2173600e+03              1059s
[2019-03-25 19:43:37] SOLVER   203934 DPushes remaining with DInf 6.2153072e+03              1062s
[2019-03-25 19:43:41] SOLVER   203059 DPushes remaining with DInf 6.2132213e+03              1067s
[2019-03-25 19:43:46] SOLVER   202180 DPushes remaining with DInf 6.2110006e+03              1072s
[2019-03-25 19:43:49] SOLVER   201320 DPushes remaining with DInf 6.2091657e+03              1075s
[2019-03-25 19:43:57] SOLVER   199633 DPushes remaining with DInf 6.2057698e+03              1083s
[2019-03-25 19:44:00] SOLVER   198777 DPushes remaining with DInf 3.9329215e+04              1086s
[2019-03-25 19:44:05] SOLVER   198015 DPushes remaining with DInf 3.9328836e+04              1090s
[2019-03-25 19:44:09] SOLVER   197255 DPushes remaining with DInf 3.9328486e+04              1095s
[2019-03-25 19:44:16] SOLVER   195732 DPushes remaining with DInf 3.9327836e+04              1102s
[2019-03-25 19:44:19] SOLVER   194972 DPushes remaining with DInf 3.9327463e+04              1105s
[2019-03-25 19:44:25] SOLVER   193453 DPushes remaining with DInf 3.9326795e+04              1111s
[2019-03-25 19:44:31] SOLVER   191935 DPushes remaining with DInf 3.9326132e+04              1117s
[2019-03-25 19:44:35] SOLVER   191175 DPushes remaining with DInf 3.9325794e+04              1121s
[2019-03-25 19:44:42] SOLVER   189660 DPushes remaining with DInf 3.9325210e+04              1128s
[2019-03-25 19:44:46] SOLVER   188907 DPushes remaining with DInf 3.9324975e+04              1132s
[2019-03-25 19:44:49] SOLVER   188144 DPushes remaining with DInf 3.9324540e+04              1135s
[2019-03-25 19:44:57] SOLVER   186632 DPushes remaining with DInf 3.9323922e+04              1143s
[2019-03-25 19:45:00] SOLVER   185879 DPushes remaining with DInf 3.9323687e+04              1146s
[2019-03-25 19:45:07] SOLVER   184376 DPushes remaining with DInf 3.9323226e+04              1153s
[2019-03-25 19:45:10] SOLVER   183619 DPushes remaining with DInf 3.9322933e+04              1156s
[2019-03-25 19:45:16] SOLVER   182119 DPushes remaining with DInf 3.9322593e+04              1162s
[2019-03-25 19:45:21] SOLVER   180616 DPushes remaining with DInf 3.9322214e+04              1167s
[2019-03-25 19:45:25] SOLVER   179116 DPushes remaining with DInf 3.9321799e+04              1171s
[2019-03-25 19:45:29] SOLVER   177615 DPushes remaining with DInf 3.9321325e+04              1175s
[2019-03-25 19:45:35] SOLVER   176124 DPushes remaining with DInf 3.9320856e+04              1181s
[2019-03-25 19:45:42] SOLVER   174636 DPushes remaining with DInf 3.9319961e+04              1188s
[2019-03-25 19:45:45] SOLVER   173892 DPushes remaining with DInf 3.9319504e+04              1191s
[2019-03-25 19:45:50] SOLVER   172403 DPushes remaining with DInf 3.9318757e+04              1196s
[2019-03-25 19:45:56] SOLVER   170914 DPushes remaining with DInf 3.9318172e+04              1202s
[2019-03-25 19:46:02] SOLVER   170384 DPushes remaining with DInf 3.9318107e+04              1208s
[2019-03-25 19:46:06] SOLVER   169639 DPushes remaining with DInf 3.9317900e+04              1212s
[2019-03-25 19:46:14] SOLVER   168148 DPushes remaining with DInf 3.9317636e+04              1220s
[2019-03-25 19:46:18] SOLVER   167402 DPushes remaining with DInf 3.9317539e+04              1224s
[2019-03-25 19:46:24] SOLVER   166730 DPushes remaining with DInf 3.9317484e+04              1230s
[2019-03-25 19:46:31] SOLVER   165240 DPushes remaining with DInf 3.9317100e+04              1237s
[2019-03-25 19:46:37] SOLVER   163748 DPushes remaining with DInf 3.9316563e+04              1243s
[2019-03-25 19:46:39] SOLVER   163002 DPushes remaining with DInf 3.9316374e+04              1245s
[2019-03-25 19:46:46] SOLVER   161513 DPushes remaining with DInf 3.9316101e+04              1252s
[2019-03-25 19:46:51] SOLVER   160023 DPushes remaining with DInf 3.9315592e+04              1257s
[2019-03-25 19:46:58] SOLVER   158534 DPushes remaining with DInf 3.9315294e+04              1264s
[2019-03-25 19:47:02] SOLVER   157790 DPushes remaining with DInf 3.9315176e+04              1268s
[2019-03-25 19:47:06] SOLVER   157046 DPushes remaining with DInf 3.9314967e+04              1272s
[2019-03-25 19:47:10] SOLVER   156301 DPushes remaining with DInf 3.9314866e+04              1276s
[2019-03-25 19:47:18] SOLVER   154813 DPushes remaining with DInf 3.9314714e+04              1284s
[2019-03-25 19:47:22] SOLVER   154065 DPushes remaining with DInf 3.9314539e+04              1288s
[2019-03-25 19:47:25] SOLVER   153321 DPushes remaining with DInf 3.9314524e+04              1291s
[2019-03-25 19:47:33] SOLVER   151833 DPushes remaining with DInf 3.9314276e+04              1298s
[2019-03-25 19:47:36] SOLVER   151088 DPushes remaining with DInf 3.9314169e+04              1302s
[2019-03-25 19:47:42] SOLVER   149600 DPushes remaining with DInf 3.9313927e+04              1308s
[2019-03-25 19:47:47] SOLVER   148856 DPushes remaining with DInf 3.9313870e+04              1313s
[2019-03-25 19:47:53] SOLVER   148126 DPushes remaining with DInf 3.9313836e+04              1319s
[2019-03-25 19:48:00] SOLVER   147426 DPushes remaining with DInf 3.9313786e+04              1326s
[2019-03-25 19:48:04] SOLVER   146682 DPushes remaining with DInf 3.9313708e+04              1330s
[2019-03-25 19:48:14] SOLVER   145193 DPushes remaining with DInf 3.9313626e+04              1340s
[2019-03-25 19:48:19] SOLVER   144449 DPushes remaining with DInf 3.9313610e+04              1345s
[2019-03-25 19:48:22] SOLVER   143703 DPushes remaining with DInf 3.9313481e+04              1347s
[2019-03-25 19:48:27] SOLVER   142213 DPushes remaining with DInf 3.9313340e+04              1353s
[2019-03-25 19:48:30] SOLVER   141469 DPushes remaining with DInf 3.9313232e+04              1356s
[2019-03-25 19:48:35] SOLVER   139981 DPushes remaining with DInf 3.9313068e+04              1361s
[2019-03-25 19:48:40] SOLVER   138493 DPushes remaining with DInf 3.9312972e+04              1366s
[2019-03-25 19:48:45] SOLVER   137749 DPushes remaining with DInf 3.9312889e+04              1370s
[2019-03-25 19:48:51] SOLVER   136261 DPushes remaining with DInf 3.9312844e+04              1377s
[2019-03-25 19:48:55] SOLVER   135517 DPushes remaining with DInf 3.9312833e+04              1381s
[2019-03-25 19:49:01] SOLVER   134029 DPushes remaining with DInf 3.9312772e+04              1387s
[2019-03-25 19:49:07] SOLVER   132541 DPushes remaining with DInf 3.9312759e+04              1393s
[2019-03-25 19:49:10] SOLVER   131797 DPushes remaining with DInf 3.9312690e+04              1396s
[2019-03-25 19:49:16] SOLVER   130306 DPushes remaining with DInf 3.9312577e+04              1401s
[2019-03-25 19:49:21] SOLVER   128817 DPushes remaining with DInf 3.9312443e+04              1407s
[2019-03-25 19:49:26] SOLVER   127328 DPushes remaining with DInf 3.9312171e+04              1412s
[2019-03-25 19:49:31] SOLVER   125839 DPushes remaining with DInf 3.9311935e+04              1417s
[2019-03-25 19:49:36] SOLVER   124351 DPushes remaining with DInf 3.9311702e+04              1422s
[2019-03-25 19:49:40] SOLVER   122860 DPushes remaining with DInf 3.9311522e+04              1426s
[2019-03-25 19:49:45] SOLVER   121370 DPushes remaining with DInf 3.9311223e+04              1431s
[2019-03-25 19:49:50] SOLVER   119882 DPushes remaining with DInf 3.9310982e+04              1436s
[2019-03-25 19:49:55] SOLVER   118393 DPushes remaining with DInf 3.9310771e+04              1441s
[2019-03-25 19:50:00] SOLVER   116905 DPushes remaining with DInf 3.9310489e+04              1446s
[2019-03-25 19:50:05] SOLVER   115417 DPushes remaining with DInf 3.9104235e+05              1451s
[2019-03-25 19:50:10] SOLVER   113180 DPushes remaining with DInf 3.9104210e+05              1456s
[2019-03-25 19:50:16] SOLVER   110902 DPushes remaining with DInf 3.9103837e+05              1462s
[2019-03-25 19:50:19] SOLVER   109384 DPushes remaining with DInf 3.9103075e+05              1465s
[2019-03-25 19:50:26] SOLVER   106381 DPushes remaining with DInf 3.9102766e+05              1472s
[2019-03-25 19:50:29] SOLVER   104891 DPushes remaining with DInf 3.9102728e+05              1475s
[2019-03-25 19:50:35] SOLVER   102658 DPushes remaining with DInf 3.9102700e+05              1481s
[2019-03-25 19:50:40] SOLVER   100424 DPushes remaining with DInf 3.9102657e+05              1486s
[2019-03-25 19:50:46] SOLVER   98189 DPushes remaining with DInf 3.9102615e+05              1492s
[2019-03-25 19:50:49] SOLVER   96700 DPushes remaining with DInf 3.9102576e+05              1495s
[2019-03-25 19:50:55] SOLVER   94466 DPushes remaining with DInf 3.9102480e+05              1501s
[2019-03-25 19:51:00] SOLVER   92234 DPushes remaining with DInf 3.9102329e+05              1506s
[2019-03-25 19:51:05] SOLVER   90002 DPushes remaining with DInf 3.9102278e+05              1511s
[2019-03-25 19:51:09] SOLVER   87770 DPushes remaining with DInf 3.9102236e+05              1515s
[2019-03-25 19:51:16] SOLVER   84794 DPushes remaining with DInf 3.9102083e+05              1521s
[2019-03-25 19:51:21] SOLVER   82561 DPushes remaining with DInf 3.9101863e+05              1527s
[2019-03-25 19:51:25] SOLVER   81071 DPushes remaining with DInf 3.9101834e+05              1531s
[2019-03-25 19:51:30] SOLVER   78839 DPushes remaining with DInf 3.9101798e+05              1536s
[2019-03-25 19:51:35] SOLVER   76560 DPushes remaining with DInf 3.9101736e+05              1541s
[2019-03-25 19:51:41] SOLVER   74273 DPushes remaining with DInf 3.9101696e+05              1547s
[2019-03-25 19:51:44] SOLVER   72726 DPushes remaining with DInf 3.9101648e+05              1550s
[2019-03-25 19:51:51] SOLVER   70351 DPushes remaining with DInf 3.9101558e+05              1557s
[2019-03-25 19:51:55] SOLVER   67970 DPushes remaining with DInf 3.9101481e+05              1561s
[2019-03-25 19:51:59] SOLVER   66390 DPushes remaining with DInf 3.9101428e+05              1565s
[2019-03-25 19:52:05] SOLVER   64005 DPushes remaining with DInf 3.9101328e+05              1570s
[2019-03-25 19:52:11] SOLVER   61595 DPushes remaining with DInf 3.9101211e+05              1577s
[2019-03-25 19:52:15] SOLVER   59188 DPushes remaining with DInf 3.9075346e+05              1581s
[2019-03-25 19:52:23] SOLVER   22648 DPushes remaining with DInf 9.3822148e+03              1589s
[2019-03-25 19:52:26] SOLVER   12858 DPushes remaining with DInf 3.3074852e+04              1592s
[2019-03-25 19:52:29] SOLVER   1873 DPushes remaining with DInf 8.3294940e+05              1595s
[2019-03-25 19:52:31] SOLVER   0 DPushes remaining with DInf 8.2327664e+05              1597s
[2019-03-25 19:52:31] SOLVER   Restart crossover...
[2019-03-25 19:52:32] SOLVER   658518 DPushes remaining with DInf 4.4929416e+02              1598s
[2019-03-25 19:52:34] SOLVER   563951 DPushes remaining with DInf 5.2699696e+02              1600s
[2019-03-25 19:52:39] SOLVER   556915 DPushes remaining with DInf 5.2697542e+02              1605s
[2019-03-25 19:52:44] SOLVER   553195 DPushes remaining with DInf 5.2697542e+02              1610s
[2019-03-25 19:52:49] SOLVER   548731 DPushes remaining with DInf 5.2697542e+02              1615s
[2019-03-25 19:52:54] SOLVER   543523 DPushes remaining with DInf 5.2697542e+02              1620s
[2019-03-25 19:53:00] SOLVER   538315 DPushes remaining with DInf 5.2697542e+02              1626s
[2019-03-25 19:53:05] SOLVER   534595 DPushes remaining with DInf 5.2697542e+02              1631s
[2019-03-25 19:53:09] SOLVER   529387 DPushes remaining with DInf 5.2697542e+02              1635s
[2019-03-25 19:53:15] SOLVER   524923 DPushes remaining with DInf 5.2697542e+02              1641s
[2019-03-25 19:53:19] SOLVER   521947 DPushes remaining with DInf 5.2697542e+02              1645s
[2019-03-25 19:53:24] SOLVER   518971 DPushes remaining with DInf 5.2697542e+02              1650s
[2019-03-25 19:53:30] SOLVER   515995 DPushes remaining with DInf 5.2697542e+02              1656s
[2019-03-25 19:53:34] SOLVER   513763 DPushes remaining with DInf 5.2697542e+02              1660s
[2019-03-25 19:53:41] SOLVER   510787 DPushes remaining with DInf 5.2697542e+02              1666s
[2019-03-25 19:53:45] SOLVER   508555 DPushes remaining with DInf 5.2697542e+02              1671s
[2019-03-25 19:53:49] SOLVER   506323 DPushes remaining with DInf 5.2697542e+02              1675s
[2019-03-25 19:53:55] SOLVER   502603 DPushes remaining with DInf 5.2697542e+02              1681s
[2019-03-25 19:54:00] SOLVER   497395 DPushes remaining with DInf 5.2697542e+02              1686s
[2019-03-25 19:54:05] SOLVER   492931 DPushes remaining with DInf 5.2697542e+02              1691s
[2019-03-25 19:54:10] SOLVER   489955 DPushes remaining with DInf 5.2697542e+02              1696s
[2019-03-25 19:54:14] SOLVER   486979 DPushes remaining with DInf 5.2697542e+02              1700s
[2019-03-25 19:54:20] SOLVER   484003 DPushes remaining with DInf 5.2697542e+02              1705s
[2019-03-25 19:54:24] SOLVER   481027 DPushes remaining with DInf 5.2697542e+02              1710s
[2019-03-25 19:54:30] SOLVER   478051 DPushes remaining with DInf 5.2697542e+02              1715s
[2019-03-25 19:54:37] SOLVER   473587 DPushes remaining with DInf 5.2697542e+02              1723s
[2019-03-25 19:54:40] SOLVER   472843 DPushes remaining with DInf 5.2697542e+02              1726s
[2019-03-25 19:54:46] SOLVER   471355 DPushes remaining with DInf 5.2697542e+02              1731s
[2019-03-25 19:54:51] SOLVER   469867 DPushes remaining with DInf 5.2697542e+02              1737s
[2019-03-25 19:54:56] SOLVER   468379 DPushes remaining with DInf 5.2697542e+02              1742s
[2019-03-25 19:55:00] SOLVER   466891 DPushes remaining with DInf 5.2697542e+02              1746s
[2019-03-25 19:55:06] SOLVER   465403 DPushes remaining with DInf 5.2697542e+02              1752s
[2019-03-25 19:55:10] SOLVER   463915 DPushes remaining with DInf 5.2697542e+02              1755s
[2019-03-25 19:55:15] SOLVER   462427 DPushes remaining with DInf 5.2697542e+02              1761s
[2019-03-25 19:55:20] SOLVER   460195 DPushes remaining with DInf 5.2697542e+02              1766s
[2019-03-25 19:55:26] SOLVER   457963 DPushes remaining with DInf 5.2697542e+02              1772s
[2019-03-25 19:55:30] SOLVER   455731 DPushes remaining with DInf 5.2697542e+02              1776s
[2019-03-25 19:55:34] SOLVER   453499 DPushes remaining with DInf 5.2697542e+02              1780s
[2019-03-25 19:55:39] SOLVER   451267 DPushes remaining with DInf 5.2697542e+02              1785s
[2019-03-25 19:55:45] SOLVER   448291 DPushes remaining with DInf 5.2697542e+02              1791s
[2019-03-25 19:55:50] SOLVER   445315 DPushes remaining with DInf 5.2697542e+02              1796s
[2019-03-25 19:55:55] SOLVER   442339 DPushes remaining with DInf 5.2697542e+02              1801s
[2019-03-25 19:56:00] SOLVER   439362 DPushes remaining with DInf 5.2697542e+02              1806s
[2019-03-25 19:56:05] SOLVER   437130 DPushes remaining with DInf 5.2697542e+02              1811s
[2019-03-25 19:56:09] SOLVER   434898 DPushes remaining with DInf 5.2697542e+02              1815s
[2019-03-25 19:56:14] SOLVER   432666 DPushes remaining with DInf 5.2697542e+02              1820s
[2019-03-25 19:56:19] SOLVER   430434 DPushes remaining with DInf 5.2697542e+02              1825s
[2019-03-25 19:56:26] SOLVER   427458 DPushes remaining with DInf 5.2697542e+02              1832s
[2019-03-25 19:56:29] SOLVER   425970 DPushes remaining with DInf 5.2697542e+02              1835s
[2019-03-25 19:56:34] SOLVER   423738 DPushes remaining with DInf 5.2697542e+02              1840s
[2019-03-25 19:56:39] SOLVER   421506 DPushes remaining with DInf 5.2697542e+02              1845s
[2019-03-25 19:56:44] SOLVER   419274 DPushes remaining with DInf 5.2697542e+02              1850s
[2019-03-25 19:56:50] SOLVER   416298 DPushes remaining with DInf 5.2697542e+02              1856s
[2019-03-25 19:56:55] SOLVER   414066 DPushes remaining with DInf 5.2697542e+02              1861s
[2019-03-25 19:57:00] SOLVER   411834 DPushes remaining with DInf 5.2697542e+02              1866s
[2019-03-25 19:57:06] SOLVER   409602 DPushes remaining with DInf 5.2697542e+02              1872s
[2019-03-25 19:57:09] SOLVER   408114 DPushes remaining with DInf 5.2697542e+02              1875s
[2019-03-25 19:57:14] SOLVER   405882 DPushes remaining with DInf 5.2697542e+02              1880s
[2019-03-25 19:57:20] SOLVER   402906 DPushes remaining with DInf 5.2697542e+02              1886s
[2019-03-25 19:57:25] SOLVER   400673 DPushes remaining with DInf 5.2697542e+02              1891s
[2019-03-25 19:57:30] SOLVER   398441 DPushes remaining with DInf 5.2697542e+02              1896s
[2019-03-25 19:57:35] SOLVER   396209 DPushes remaining with DInf 5.2697542e+02              1901s
[2019-03-25 19:57:39] SOLVER   393977 DPushes remaining with DInf 5.2658264e+02              1905s
[2019-03-25 19:57:44] SOLVER   391745 DPushes remaining with DInf 5.2658264e+02              1910s
[2019-03-25 19:57:51] SOLVER   388769 DPushes remaining with DInf 5.2658264e+02              1917s
[2019-03-25 19:57:55] SOLVER   387281 DPushes remaining with DInf 5.2658264e+02              1921s
[2019-03-25 19:58:00] SOLVER   385049 DPushes remaining with DInf 5.2658264e+02              1926s
[2019-03-25 19:58:05] SOLVER   382817 DPushes remaining with DInf 5.2658264e+02              1931s
[2019-03-25 19:58:10] SOLVER   379097 DPushes remaining with DInf 5.2658264e+02              1936s
[2019-03-25 19:58:14] SOLVER   376120 DPushes remaining with DInf 5.2658264e+02              1940s
[2019-03-25 19:58:20] SOLVER   373144 DPushes remaining with DInf 5.2658264e+02              1946s
[2019-03-25 19:58:25] SOLVER   370912 DPushes remaining with DInf 5.2658264e+02              1951s
[2019-03-25 19:58:30] SOLVER   368680 DPushes remaining with DInf 5.2658264e+02              1956s
[2019-03-25 19:58:35] SOLVER   366448 DPushes remaining with DInf 5.2658264e+02              1961s
[2019-03-25 19:58:40] SOLVER   364216 DPushes remaining with DInf 5.2658264e+02              1966s
[2019-03-25 19:58:45] SOLVER   362728 DPushes remaining with DInf 5.2650275e+02              1971s
[2019-03-25 19:58:50] SOLVER   360496 DPushes remaining with DInf 5.2650275e+02              1976s
[2019-03-25 19:58:54] SOLVER   358264 DPushes remaining with DInf 5.2650275e+02              1980s
[2019-03-25 19:58:59] SOLVER   355288 DPushes remaining with DInf 5.2650275e+02              1985s
[2019-03-25 19:59:04] SOLVER   352312 DPushes remaining with DInf 5.2650275e+02              1990s
[2019-03-25 19:59:09] SOLVER   348901 DPushes remaining with DInf 5.2478480e+02              1995s
[2019-03-25 19:59:14] SOLVER   345736 DPushes remaining with DInf 5.2418909e+02              2000s
[2019-03-25 19:59:20] SOLVER   341681 DPushes remaining with DInf 5.2306292e+02              2006s
[2019-03-25 19:59:24] SOLVER   339272 DPushes remaining with DInf 5.2242256e+02              2010s
[2019-03-25 19:59:30] SOLVER   334647 DPushes remaining with DInf 5.2179786e+02              2016s
[2019-03-25 19:59:35] SOLVER   328764 DPushes remaining with DInf 5.1880094e+02              2021s
[2019-03-25 19:59:39] SOLVER   322361 DPushes remaining with DInf 5.1200624e+02              2025s
[2019-03-25 19:59:45] SOLVER   312430 DPushes remaining with DInf 4.9954813e+02              2031s
[2019-03-25 19:59:50] SOLVER   306682 DPushes remaining with DInf 4.9100072e+02              2036s
[2019-03-25 19:59:54] SOLVER   302030 DPushes remaining with DInf 4.8919639e+02              2040s
[2019-03-25 20:00:00] SOLVER   295172 DPushes remaining with DInf 4.8680866e+02              2046s
[2019-03-25 20:00:05] SOLVER   290631 DPushes remaining with DInf 4.8600874e+02              2051s
[2019-03-25 20:00:09] SOLVER   285730 DPushes remaining with DInf 4.8506061e+02              2055s
[2019-03-25 20:00:14] SOLVER   279128 DPushes remaining with DInf 4.8401861e+02              2060s
[2019-03-25 20:00:19] SOLVER   272423 DPushes remaining with DInf 4.8357621e+02              2065s
[2019-03-25 20:00:25] SOLVER   268083 DPushes remaining with DInf 4.7808974e+02              2071s
[2019-03-25 20:00:29] SOLVER   264621 DPushes remaining with DInf 4.7779956e+02              2075s
[2019-03-25 20:00:36] SOLVER   261174 DPushes remaining with DInf 4.7717154e+02              2082s
[2019-03-25 20:00:42] SOLVER   259557 DPushes remaining with DInf 4.7697970e+02              2088s
[2019-03-25 20:00:44] SOLVER   258768 DPushes remaining with DInf 4.7692591e+02              2090s
[2019-03-25 20:00:50] SOLVER   256323 DPushes remaining with DInf 4.7657287e+02              2096s
[2019-03-25 20:00:56] SOLVER   253816 DPushes remaining with DInf 4.7601227e+02              2102s
[2019-03-25 20:01:00] SOLVER   252983 DPushes remaining with DInf 4.7581036e+02              2106s
[2019-03-25 20:01:05] SOLVER   251408 DPushes remaining with DInf 4.7554882e+02              2111s
[2019-03-25 20:01:10] SOLVER   249135 DPushes remaining with DInf 4.7481635e+02              2116s
[2019-03-25 20:01:14] SOLVER   247630 DPushes remaining with DInf 5.1876021e+02              2120s
[2019-03-25 20:01:22] SOLVER   246142 DPushes remaining with DInf 5.1876021e+02              2128s
[2019-03-25 20:01:25] SOLVER   245398 DPushes remaining with DInf 5.1876021e+02              2131s
[2019-03-25 20:01:30] SOLVER   243907 DPushes remaining with DInf 5.1876021e+02              2136s
[2019-03-25 20:01:34] SOLVER   241672 DPushes remaining with DInf 5.1862458e+02              2140s
[2019-03-25 20:01:40] SOLVER   237950 DPushes remaining with DInf 5.1862458e+02              2146s
[2019-03-25 20:01:44] SOLVER   235716 DPushes remaining with DInf 8.4695069e+02              2150s
[2019-03-25 20:01:51] SOLVER   233481 DPushes remaining with DInf 1.4097168e+03              2157s
[2019-03-25 20:01:55] SOLVER   231877 DPushes remaining with DInf 1.4071406e+03              2161s
[2019-03-25 20:02:00] SOLVER   229213 DPushes remaining with DInf 1.3941087e+03              2166s
[2019-03-25 20:02:06] SOLVER   225296 DPushes remaining with DInf 1.3708445e+03              2172s
[2019-03-25 20:02:13] SOLVER   223067 DPushes remaining with DInf 1.3215954e+03              2179s
[2019-03-25 20:02:17] SOLVER   221927 DPushes remaining with DInf 8.7016696e+03              2183s
[2019-03-25 20:02:21] SOLVER   221033 DPushes remaining with DInf 8.6995477e+03              2187s
[2019-03-25 20:02:24] SOLVER   220100 DPushes remaining with DInf 8.6968979e+03              2190s
[2019-03-25 20:02:33] SOLVER   218247 DPushes remaining with DInf 8.6920079e+03              2199s
[2019-03-25 20:02:36] SOLVER   217330 DPushes remaining with DInf 8.6897703e+03              2202s
[2019-03-25 20:02:39] SOLVER   216447 DPushes remaining with DInf 8.6880150e+03              2205s
[2019-03-25 20:02:46] SOLVER   214531 DPushes remaining with DInf 8.6629519e+03              2211s
[2019-03-25 20:02:51] SOLVER   212586 DPushes remaining with DInf 8.6591601e+03              2217s
[2019-03-25 20:02:54] SOLVER   211618 DPushes remaining with DInf 8.6569701e+03              2220s
[2019-03-25 20:03:01] SOLVER   209748 DPushes remaining with DInf 8.6527283e+03              2227s
[2019-03-25 20:03:04] SOLVER   208844 DPushes remaining with DInf 8.6510297e+03              2230s
[2019-03-25 20:03:10] SOLVER   207013 DPushes remaining with DInf 8.6470509e+03              2236s
[2019-03-25 20:03:16] SOLVER   205180 DPushes remaining with DInf 8.6425578e+03              2242s
[2019-03-25 20:03:20] SOLVER   204252 DPushes remaining with DInf 8.6400706e+03              2246s
[2019-03-25 20:03:25] SOLVER   202401 DPushes remaining with DInf 8.6345309e+03              2251s
[2019-03-25 20:03:32] SOLVER   200647 DPushes remaining with DInf 8.6292833e+03              2258s
[2019-03-25 20:03:34] SOLVER   199816 DPushes remaining with DInf 8.6267275e+03              2260s
[2019-03-25 20:03:40] SOLVER   198176 DPushes remaining with DInf 8.6224840e+03              2266s
[2019-03-25 20:03:44] SOLVER   197338 DPushes remaining with DInf 8.6201606e+03              2270s
[2019-03-25 20:03:49] SOLVER   195671 DPushes remaining with DInf 8.6142391e+03              2275s
[2019-03-25 20:03:54] SOLVER   194025 DPushes remaining with DInf 8.6108928e+03              2280s
[2019-03-25 20:04:00] SOLVER   191615 DPushes remaining with DInf 8.6071339e+03              2286s
[2019-03-25 20:04:06] SOLVER   189217 DPushes remaining with DInf 8.6029564e+03              2292s
[2019-03-25 20:04:10] SOLVER   187637 DPushes remaining with DInf 8.6006456e+03              2296s
[2019-03-25 20:04:16] SOLVER   185235 DPushes remaining with DInf 8.5961718e+03              2302s
[2019-03-25 20:04:20] SOLVER   183665 DPushes remaining with DInf 8.5940728e+03              2306s
[2019-03-25 20:04:25] SOLVER   181305 DPushes remaining with DInf 8.5913866e+03              2311s
[2019-03-25 20:04:30] SOLVER   178963 DPushes remaining with DInf 8.5886774e+03              2316s
[2019-03-25 20:04:35] SOLVER   176635 DPushes remaining with DInf 8.5866212e+03              2320s
[2019-03-25 20:04:40] SOLVER   174323 DPushes remaining with DInf 8.5847691e+03              2326s
[2019-03-25 20:04:45] SOLVER   172013 DPushes remaining with DInf 8.5825137e+03              2331s
[2019-03-25 20:04:50] SOLVER   169719 DPushes remaining with DInf 8.5812790e+03              2336s
[2019-03-25 20:04:55] SOLVER   166681 DPushes remaining with DInf 8.5802370e+03              2341s
[2019-03-25 20:05:01] SOLVER   163647 DPushes remaining with DInf 8.5788460e+03              2347s
[2019-03-25 20:05:05] SOLVER   162127 DPushes remaining with DInf 8.5777435e+03              2351s
[2019-03-25 20:05:11] SOLVER   159874 DPushes remaining with DInf 8.5765248e+03              2357s
[2019-03-25 20:05:16] SOLVER   158377 DPushes remaining with DInf 8.5755386e+03              2361s
[2019-03-25 20:05:20] SOLVER   156135 DPushes remaining with DInf 8.5744522e+03              2366s
[2019-03-25 20:05:24] SOLVER   153884 DPushes remaining with DInf 8.5734139e+03              2370s
[2019-03-25 20:05:29] SOLVER   150888 DPushes remaining with DInf 8.5725392e+03              2375s
[2019-03-25 20:05:34] SOLVER   148642 DPushes remaining with DInf 8.5715778e+03              2380s
[2019-03-25 20:05:40] SOLVER   145654 DPushes remaining with DInf 8.5709064e+03              2386s
[2019-03-25 20:05:45] SOLVER   143415 DPushes remaining with DInf 8.5703338e+03              2391s
[2019-03-25 20:05:49] SOLVER   141168 DPushes remaining with DInf 8.5697578e+03              2395s
[2019-03-25 20:05:55] SOLVER   138181 DPushes remaining with DInf 8.5689000e+03              2401s
[2019-03-25 20:05:59] SOLVER   136689 DPushes remaining with DInf 8.5686494e+03              2405s
[2019-03-25 20:06:04] SOLVER   135199 DPushes remaining with DInf 8.5684557e+03              2410s
[2019-03-25 20:06:09] SOLVER   133707 DPushes remaining with DInf 8.5682913e+03              2415s
[2019-03-25 20:06:16] SOLVER   131470 DPushes remaining with DInf 8.5681047e+03              2422s
[2019-03-25 20:06:21] SOLVER   129974 DPushes remaining with DInf 8.5677588e+03              2427s
[2019-03-25 20:06:25] SOLVER   128477 DPushes remaining with DInf 8.5664218e+03              2431s
[2019-03-25 20:06:30] SOLVER   126982 DPushes remaining with DInf 8.5661342e+03              2435s
[2019-03-25 20:06:36] SOLVER   124741 DPushes remaining with DInf 8.5656438e+03              2442s
[2019-03-25 20:06:40] SOLVER   123248 DPushes remaining with DInf 8.5647069e+03              2446s
[2019-03-25 20:06:45] SOLVER   121750 DPushes remaining with DInf 8.5630675e+03              2451s
[2019-03-25 20:06:49] SOLVER   120248 DPushes remaining with DInf 8.5618366e+03              2455s
[2019-03-25 20:06:56] SOLVER   117995 DPushes remaining with DInf 8.5584773e+03              2462s
[2019-03-25 20:06:59] SOLVER   116497 DPushes remaining with DInf 8.5566703e+03              2465s
[2019-03-25 20:07:05] SOLVER   114246 DPushes remaining with DInf 8.5485843e+03              2471s
[2019-03-25 20:07:10] SOLVER   112736 DPushes remaining with DInf 8.5461515e+03              2476s
[2019-03-25 20:07:15] SOLVER   110412 DPushes remaining with DInf 8.5396117e+03              2481s
[2019-03-25 20:07:19] SOLVER   108861 DPushes remaining with DInf 8.5307647e+03              2485s
[2019-03-25 20:07:25] SOLVER   106532 DPushes remaining with DInf 8.5131233e+03              2491s
[2019-03-25 20:07:31] SOLVER   104243 DPushes remaining with DInf 8.4990839e+03              2497s
[2019-03-25 20:07:35] SOLVER   102677 DPushes remaining with DInf 8.4762714e+03              2501s
[2019-03-25 20:07:40] SOLVER   101100 DPushes remaining with DInf 8.4529979e+03              2506s
[2019-03-25 20:07:46] SOLVER   98751 DPushes remaining with DInf 8.4251295e+03              2512s
[2019-03-25 20:07:51] SOLVER   97249 DPushes remaining with DInf 8.4245141e+03              2517s
[2019-03-25 20:07:56] SOLVER   95756 DPushes remaining with DInf 8.4238678e+03              2522s
[2019-03-25 20:08:01] SOLVER   94250 DPushes remaining with DInf 8.4233161e+03              2527s
[2019-03-25 20:08:06] SOLVER   92753 DPushes remaining with DInf 8.4227196e+03              2532s
[2019-03-25 20:08:09] SOLVER   91258 DPushes remaining with DInf 8.4223407e+03              2535s
[2019-03-25 20:08:15] SOLVER   89021 DPushes remaining with DInf 8.4218873e+03              2541s
[2019-03-25 20:08:19] SOLVER   87525 DPushes remaining with DInf 8.4214130e+03              2545s
[2019-03-25 20:08:25] SOLVER   85283 DPushes remaining with DInf 8.4205927e+03              2551s
[2019-03-25 20:08:30] SOLVER   83778 DPushes remaining with DInf 8.4199520e+03              2556s
[2019-03-25 20:08:34] SOLVER   82279 DPushes remaining with DInf 8.4192911e+03              2560s
[2019-03-25 20:08:41] SOLVER   80031 DPushes remaining with DInf 8.4180862e+03              2567s
[2019-03-25 20:08:45] SOLVER   78527 DPushes remaining with DInf 8.4172250e+03              2571s
[2019-03-25 20:08:52] SOLVER   76231 DPushes remaining with DInf 8.4158073e+03              2578s
[2019-03-25 20:08:56] SOLVER   74689 DPushes remaining with DInf 8.4148504e+03              2582s
[2019-03-25 20:09:01] SOLVER   73118 DPushes remaining with DInf 8.4136072e+03              2587s
[2019-03-25 20:09:06] SOLVER   71523 DPushes remaining with DInf 8.4123926e+03              2592s
[2019-03-25 20:09:10] SOLVER   69876 DPushes remaining with DInf 8.4111145e+03              2596s
[2019-03-25 20:09:15] SOLVER   68170 DPushes remaining with DInf 8.4098561e+03              2601s
[2019-03-25 20:09:20] SOLVER   66481 DPushes remaining with DInf 8.4086547e+03              2605s
[2019-03-25 20:09:24] SOLVER   64774 DPushes remaining with DInf 8.4071490e+03              2610s
[2019-03-25 20:09:30] SOLVER   62235 DPushes remaining with DInf 8.4045827e+03              2616s
[2019-03-25 20:09:34] SOLVER   58777 DPushes remaining with DInf 8.2534925e+03              2620s
[2019-03-25 20:09:41] SOLVER   20342 DPushes remaining with DInf 7.3282207e+02              2627s
[2019-03-25 20:09:44] SOLVER   7761 DPushes remaining with DInf 9.1712711e+02              2630s
[2019-03-25 20:09:47] SOLVER   0 DPushes remaining with DInf 6.5849552e+03              2633s
[2019-03-25 20:09:48] SOLVER   1540332 PPushes remaining with PInf 4.2679367e+02              2634s
[2019-03-25 20:09:54] SOLVER   562062 PPushes remaining with PInf 3.4691777e+02              2640s
[2019-03-25 20:09:59] SOLVER   378257 PPushes remaining with PInf 5.4001920e+02              2645s
[2019-03-25 20:10:04] SOLVER   357420 PPushes remaining with PInf 5.3491438e+02              2650s
[2019-03-25 20:10:09] SOLVER   354015 PPushes remaining with PInf 5.3521869e+02              2655s
[2019-03-25 20:10:15] SOLVER   351582 PPushes remaining with PInf 5.3499573e+02              2661s
[2019-03-25 20:10:22] SOLVER   348133 PPushes remaining with PInf 5.3452185e+02              2668s
[2019-03-25 20:10:26] SOLVER   345972 PPushes remaining with PInf 5.3437259e+02              2672s
[2019-03-25 20:10:32] SOLVER   343360 PPushes remaining with PInf 5.3375199e+02              2678s
[2019-03-25 20:10:38] SOLVER   340032 PPushes remaining with PInf 5.3263748e+02              2684s
[2019-03-25 20:10:41] SOLVER   338796 PPushes remaining with PInf 5.3255758e+02              2687s
[2019-03-25 20:33:57] SOLVER   273391 PPushes remaining with PInf 4.8006809e+02              4083s
[2019-03-25 20:34:01] SOLVER   271978 PPushes remaining with PInf 4.7823402e+02              4087s
[2019-03-25 20:34:05] SOLVER   269285 PPushes remaining with PInf 4.7706495e+02              4091s
[2019-03-25 20:34:10] SOLVER   265361 PPushes remaining with PInf 4.7505126e+02              4096s
[2019-03-25 20:34:15] SOLVER   262022 PPushes remaining with PInf 4.5949947e+02              4101s
[2019-03-25 21:02:55] SOLVER   194572 PPushes remaining with PInf 3.9607694e+02              5821s
[2019-03-25 21:26:39] SOLVER   131100 PPushes remaining with PInf 3.3913584e+02              7245s
[2019-03-25 21:29:05] SOLVER   119583 PPushes remaining with PInf 3.5015178e+02              7391s
[2019-03-25 21:31:07] SOLVER   111374 PPushes remaining with PInf 3.5217095e+02              7513s
[2019-03-25 21:31:41] SOLVER   109184 PPushes remaining with PInf 3.3659627e+02              7547s
[2019-03-25 21:32:00] SOLVER   106037 PPushes remaining with PInf 2.9826081e+02              7566s
[2019-03-25 21:32:05] SOLVER   102195 PPushes remaining with PInf 2.9437399e+02              7571s
[2019-03-25 21:32:10] SOLVER   99619 PPushes remaining with PInf 2.9015454e+02              7576s
[2019-03-25 21:32:14] SOLVER   97617 PPushes remaining with PInf 2.8594627e+02              7580s
[2019-03-25 21:32:20] SOLVER   94814 PPushes remaining with PInf 2.8338050e+02              7586s
[2019-03-25 21:32:25] SOLVER   92520 PPushes remaining with PInf 2.8200377e+02              7591s
[2019-03-25 21:32:29] SOLVER   89648 PPushes remaining with PInf 2.8035563e+02              7595s
[2019-03-25 21:32:58] SOLVER   84368 PPushes remaining with PInf 2.7593383e+02              7624s
[2019-03-25 21:33:02] SOLVER   81659 PPushes remaining with PInf 2.7562858e+02              7628s
[2019-03-25 21:33:05] SOLVER   80764 PPushes remaining with PInf 2.7510189e+02              7631s
[2019-03-25 21:33:10] SOLVER   78303 PPushes remaining with PInf 2.7498268e+02              7636s
[2019-03-25 21:33:18] SOLVER   76739 PPushes remaining with PInf 2.7368922e+02              7644s
[2019-03-25 21:33:26] SOLVER   75965 PPushes remaining with PInf 2.7368033e+02              7652s
[2019-03-25 21:33:38] SOLVER   73883 PPushes remaining with PInf 2.7345048e+02              7664s
[2019-03-25 21:33:41] SOLVER   73033 PPushes remaining with PInf 2.7065366e+02              7667s
[2019-03-25 21:44:38] SOLVER   36414 PPushes remaining with PInf 2.6966312e+02              8324s
[2019-03-25 21:48:44] SOLVER   20263 PPushes remaining with PInf 2.6838949e+02              8570s
[2019-03-25 21:49:21] SOLVER   16957 PPushes remaining with PInf 2.6675144e+02              8607s
[2019-03-25 21:49:29] SOLVER   13649 PPushes remaining with PInf 2.6471220e+02              8615s
[2019-03-25 21:49:34] SOLVER   12480 PPushes remaining with PInf 2.6242679e+02              8620s
[2019-03-25 21:49:41] SOLVER   6880 PPushes remaining with PInf 2.5927805e+02              8627s
[2019-03-25 21:49:48] SOLVER   23 PPushes remaining with PInf 2.5868449e+02              8634s
[2019-03-25 21:49:51] SOLVER   0 PPushes remaining with PInf 2.5866630e+02              8637s
[2019-03-25 21:49:51] SOLVER   Push phase complete: Pinf 2.5866630e+02, Dinf 1.5653194e+05   8637s
[2019-03-25 21:49:54] SOLVER   Iteration    Objective       Primal Inf.    Dual Inf.      Time
[2019-03-25 21:49:54] SOLVER   2153448    3.3637498e+05   0.000000e+00   1.565319e+05   8640s
[2019-03-25 21:50:34] SOLVER   2154192    3.3637494e+05   0.000000e+00   1.704148e+05   8680s
[2019-03-25 21:51:09] SOLVER   2154936    3.3637494e+05   0.000000e+00   1.702999e+05   8715s
[2019-03-25 21:51:43] SOLVER   2155680    3.3637494e+05   0.000000e+00   1.702291e+05   8749s
[2019-03-25 21:52:19] SOLVER   2156424    3.3637494e+05   0.000000e+00   1.701582e+05   8785s
[2019-03-25 21:52:54] SOLVER   2157168    3.3637494e+05   0.000000e+00   1.700873e+05   8820s
[2019-03-25 21:53:30] SOLVER   2157912    3.3637494e+05   0.000000e+00   1.700165e+05   8856s
[2019-03-25 21:54:05] SOLVER   2158656    3.3637494e+05   0.000000e+00   1.699456e+05   8891s
[2019-03-25 21:54:42] SOLVER   2159400    3.3637494e+05   0.000000e+00   1.698748e+05   8928s
[2019-03-25 21:55:18] SOLVER   2160144    3.3637494e+05   0.000000e+00   1.698039e+05   8964s
[2019-03-25 21:55:54] SOLVER   2160888    3.3637494e+05   0.000000e+00   4.635046e+05   9000s
[2019-03-25 21:56:24] SOLVER   2161632    3.3637494e+05   0.000000e+00   1.819197e+05   9029s
[2019-03-25 21:57:00] SOLVER   2162376    3.3637491e+05   0.000000e+00   2.262268e+04   9066s
[2019-03-25 21:57:34] SOLVER   2163120    3.3637477e+05   0.000000e+00   1.158230e+05   9100s
[2019-03-25 21:58:05] SOLVER   2163865    3.3637470e+05   0.000000e+00   8.038529e+06   9131s
[2019-03-25 21:58:41] SOLVER   2164611    3.3637451e+05   0.000000e+00   3.825898e+05   9166s
[2019-03-25 21:59:22] SOLVER   2165355    3.3637446e+05   0.000000e+00   5.513279e+05   9208s
[2019-03-25 22:00:03] SOLVER   2166101    3.3637442e+05   0.000000e+00   1.015527e+07   9249s
[2019-03-25 22:00:58] SOLVER   2166845    3.3637439e+05   0.000000e+00   1.542239e+04   9304s
[2019-03-25 22:01:34] SOLVER   2167591    3.3637437e+05   0.000000e+00   1.528377e+05   9340s
[2019-03-25 22:02:09] SOLVER   2168337    3.3637435e+05   0.000000e+00   5.622580e+02   9375s
[2019-03-25 22:02:48] SOLVER   2169085    3.3637434e+05   0.000000e+00   1.649715e+01   9414s
[2019-03-25 22:03:25] SOLVER   2169595    3.3637458e+05   1.565129e+02   0.000000e+00   9451s
[2019-03-25 22:04:03] SOLVER   2170133    3.3637529e+05   0.000000e+00   0.000000e+00   9489s
[2019-03-25 22:04:13] SOLVER   2170133    3.3637529e+05   0.000000e+00   0.000000e+00   9499s
[2019-03-25 22:04:13] SOLVER   Solved in 2170133 iterations and 9498.79 seconds
[2019-03-25 22:04:13] SOLVER   Optimal objective  3.363752918e+05
[2019-03-25 22:04:13] SOLVER   Changed value of parameter LogFile to
[2019-03-25 22:04:13] SOLVER   Prev: /cluster/work/cpesm/trtim/ose-model-comparison/tmpupn_22o3.log  Default:
[2019-03-25 22:05:58] INFO     Backend: solver finished running. Time since start: 3:08:43.889366
[2019-03-25 22:06:01] INFO     Backend: loaded results
[2019-03-25 22:06:49] INFO     Backend: generated solution array. Time since start: 3:09:34.630937
[2019-03-25 22:06:49] INFO     Postprocessing: started
[2019-03-25 22:08:29] INFO     Postprocessing: All values < 1e-10 set to 0 in carrier_prod, carrier_con, storage
[2019-03-25 22:08:29] INFO     Postprocessing: ended. Time since start: 3:11:14.653929
[2019-03-25 22:08:30] WARNING  /cluster/work/cpesm/trtim/.conda/envs/ose-model-comparison/lib/python3.6/site-packages/distributed/config.py:20: YAMLLoadWarning:

calling yaml.load() without Loader=... is deprecated, as the default Loader is unsafe. Please read https://msg.pyyaml.org/load for full details.


HDF5-DIAG: Error detected in HDF5 (1.10.4) thread 47248404807296:
 #000: H5F.c line 444 in H5Fcreate(): unable to create file
   major: File accessibilty
   minor: Unable to open file
 #001: H5Fint.c line 1364 in H5F__create(): unable to open file
   major: File accessibilty
   minor: Unable to open file
 #002: H5Fint.c line 1559 in H5F_open(): unable to open file: name = '/cluster/work/cpesm/trtim/ose-model-comparison/build/output/minus6/10.nc', tent_flags = 13
   major: File accessibilty
   minor: Unable to open file
 #003: H5FD.c line 734 in H5FD_open(): open failed
   major: Virtual File Layer
   minor: Unable to initialize object
 #004: H5FDsec2.c line 346 in H5FD_sec2_open(): unable to open file: name = '/cluster/work/cpesm/trtim/ose-model-comparison/build/output/minus6/10.nc', errno = 2, error message = 'No such file or directory', flags = 13, o_flags = 242
   major: File accessibilty
   minor: Unable to open file
Calliope 0.6.4-dev starting at 2019-03-25 18:57:14

Model name:   Open Source Modelling -- Euro Calliope model
Model size:   34 locations, 17 technologies, 4380 timesteps

Starting model run...
Saving NetCDF results to file: build/output/minus6/10.nc

Error in save_netcdf:
[Errno 13] Permission denied: b'/cluster/work/cpesm/trtim/ose-model-comparison/build/output/minus6/10.nc'

Calliope run aborted due to an error. Elapsed: 11475.8 seconds (time at exit: 2019-03-25 22:08:30)


PS:

Fail to open output file build/output/minus6/10.log: No such file or directory.
Output is stored in this mail.
