Job <calliope run build/model/model.yaml --save_netcdf build/output/minus6/03.nc --scenario baseline --override_dict "{run.solver_options.FeasibilityTol: 1e-6, run.solver_options.OptimalityTol: 1e-6}"> was submitted from host <eu-login-14-ng> by user <trtim> in cluster <euler> at Mon Mar 25 18:22:57 2019
Job was executed on host(s) <4*eu-a6-010-11>, in queue <normal.24h>, as user <trtim> in cluster <euler> at Mon Mar 25 18:41:03 2019
</cluster/home/trtim> was used as the home directory.
</cluster/home/trtim/Develop/ose-model-comparison> was used as the working directory.
Started at Mon Mar 25 18:41:03 2019
Terminated at Mon Mar 25 22:52:56 2019
Results reported at Mon Mar 25 22:52:56 2019

Your job looked like:

------------------------------------------------------------
# LSBATCH: User input
calliope run build/model/model.yaml --save_netcdf build/output/minus6/03.nc --scenario baseline --override_dict "{run.solver_options.FeasibilityTol: 1e-6, run.solver_options.OptimalityTol: 1e-6}"
------------------------------------------------------------

Exited with exit code 1.

Resource usage summary:

   CPU time :                                   16343.33 sec.
   Max Memory :                                 37926 MB
   Average Memory :                             30805.60 MB
   Total Requested Memory :                     48000.00 MB
   Delta Memory :                               10074.00 MB
   Max Swap :                                   -
   Max Processes :                              4
   Max Threads :                                9
   Run time :                                   15116 sec.
   Turnaround time :                            16199 sec.

The output (if any) follows:

/cluster/work/cpesm/trtim/.conda/envs/ose-model-comparison/lib/python3.6/site-packages/dask/config.py:168: YAMLLoadWarning:

calling yaml.load() without Loader=... is deprecated, as the default Loader is unsafe. Please read https://msg.pyyaml.org/load for full details.

[2019-03-25 18:41:33] INFO     Model: initialising
[2019-03-25 18:41:34] INFO     `run.solver_options.FeasibilityTol`:1e-06 applied from override as new configuration
`run.solver_options.OptimalityTol`:1e-06 applied from override as new configuration
[2019-03-25 18:41:34] INFO     Using scenario `baseline` leading to the application of overrides `['diw_assumptions', 'diw_battery_baseline_cost', 'equal_interest_rate', 'no_hydrogen']`.
[2019-03-25 18:41:35] INFO     `locations.ALB.techs.hydrogen.exists`:False applied from override as new configuration
`locations.AUT.techs.hydrogen.exists`:False applied from override as new configuration
`locations.BEL.techs.hydrogen.exists`:False applied from override as new configuration
`locations.BGR.techs.hydrogen.exists`:False applied from override as new configuration
`locations.BIH.techs.hydrogen.exists`:False applied from override as new configuration
`locations.CHE.techs.hydrogen.exists`:False applied from override as new configuration
`locations.CYP.techs.hydrogen.exists`:False applied from override as new configuration
`locations.CZE.techs.hydrogen.exists`:False applied from override as new configuration
`locations.DEU.techs.hydrogen.exists`:False applied from override as new configuration
`locations.DNK.techs.hydrogen.exists`:False applied from override as new configuration
`locations.ESP.techs.hydrogen.exists`:False applied from override as new configuration
`locations.EST.techs.hydrogen.exists`:False applied from override as new configuration
`locations.FIN.techs.hydrogen.exists`:False applied from override as new configuration
`locations.FRA.techs.hydrogen.exists`:False applied from override as new configuration
`locations.GBR.techs.hydrogen.exists`:False applied from override as new configuration
`locations.GRC.techs.hydrogen.exists`:False applied from override as new configuration
`locations.HRV.techs.hydrogen.exists`:False applied from override as new configuration
`locations.HUN.techs.hydrogen.exists`:False applied from override as new configuration
`locations.IRL.techs.hydrogen.exists`:False applied from override as new configuration
`locations.ITA.techs.hydrogen.exists`:False applied from override as new configuration
`locations.LTU.techs.hydrogen.exists`:False applied from override as new configuration
`locations.LUX.techs.hydrogen.exists`:False applied from override as new configuration
`locations.LVA.techs.hydrogen.exists`:False applied from override as new configuration
`locations.MKD.techs.hydrogen.exists`:False applied from override as new configuration
`locations.MNE.techs.hydrogen.exists`:False applied from override as new configuration
`locations.NLD.techs.hydrogen.exists`:False applied from override as new configuration
`locations.NOR.techs.hydrogen.exists`:False applied from override as new configuration
`locations.POL.techs.hydrogen.exists`:False applied from override as new configuration
`locations.PRT.techs.hydrogen.exists`:False applied from override as new configuration
`locations.ROU.techs.hydrogen.exists`:False applied from override as new configuration
`locations.SRB.techs.hydrogen.exists`:False applied from override as new configuration
`locations.SVK.techs.hydrogen.exists`:False applied from override as new configuration
`locations.SVN.techs.hydrogen.exists`:False applied from override as new configuration
`locations.SWE.techs.hydrogen.exists`:False applied from override as new configuration
`tech_groups.conversion.costs.monetary.interest_rate`:0.04 applied from override as new configuration
`tech_groups.conversion_plus.costs.monetary.interest_rate`:0.04 applied from override as new configuration
`tech_groups.storage.costs.monetary.interest_rate`:0.04 applied from override as new configuration
`tech_groups.supply.costs.monetary.interest_rate`:0.04 applied from override as new configuration
`tech_groups.supply_plus.costs.monetary.interest_rate`:0.04 applied from override as new configuration
`tech_groups.transmission.costs.monetary.interest_rate`:0.04 applied from override as new configuration
Override applied to techs.battery.costs.monetary.energy_cap: 713.47 -> 135.14000000000001
`techs.battery.costs.monetary.interest_rate`:0.04 applied from override as new configuration
Override applied to techs.battery.costs.monetary.om_annual: 12.48 -> 0
Override applied to techs.battery.costs.monetary.om_prod: 0.0028 -> 0
Override applied to techs.battery.costs.monetary.storage_cap: 322.73 -> 315.32
`techs.battery.energy_eff`:0.9591663046625439 applied from override as new configuration
Override applied to techs.ccgt.costs.monetary.om_con: 0.03761 -> 0.03168
Override applied to techs.ccgt.costs.monetary.om_prod: 0.000132 -> 0.014832000000000001
Override applied to techs.coal.costs.monetary.om_con: 0.010920000000000001 -> 0.009720000000000001
Override applied to techs.coal.costs.monetary.om_prod: 0.001315 -> 0.025915
Override applied to techs.lignite.costs.monetary.om_con: 0.010920000000000001 -> 0.00396
Override applied to techs.lignite.costs.monetary.om_prod: 0.001315 -> 0.028614999999999998
Override applied to techs.nuclear.costs.monetary.om_con: 0.0064 -> 0.0016899999999999999
Override applied to techs.nuclear.costs.monetary.om_prod: 0.0006580000000000001 -> 0.001018
[2019-03-25 18:41:36] INFO     Model: preprocessing stage 1 (model_run)
[2019-03-25 18:41:43] INFO     Model: preprocessing stage 2 (model_data)
[2019-03-25 18:42:50] INFO     Model: preprocessing complete. Time since start: 0:01:17.034902
[2019-03-25 18:42:50] INFO     Backend: starting model run
[2019-03-25 18:57:43] INFO     Backend: model generated. Time since start: 0:16:09.193061
[2019-03-25 18:57:43] INFO     Backend: sending model to solver
[2019-03-25 19:10:07] SOLVER   Parameter OutputFlag unchanged
[2019-03-25 19:10:07] SOLVER   Value: 1  Min: 0  Max: 1  Default: 1
[2019-03-25 19:10:07] SOLVER   Changed value of parameter LogFile to /cluster/work/cpesm/trtim/ose-model-comparison/tmpicyzodls.log
[2019-03-25 19:10:07] SOLVER   Prev: gurobi.log  Default:
[2019-03-25 19:10:07] SOLVER   Parameter FeasibilityTol unchanged
[2019-03-25 19:10:07] SOLVER   Value: 1e-06  Min: 1e-09  Max: 0.01  Default: 1e-06
[2019-03-25 19:10:07] SOLVER   Changed value of parameter Method to 2
[2019-03-25 19:10:07] SOLVER   Prev: -1  Min: -1  Max: 5  Default: -1
[2019-03-25 19:10:07] SOLVER   Parameter OptimalityTol unchanged
[2019-03-25 19:10:07] SOLVER   Value: 1e-06  Min: 1e-09  Max: 0.01  Default: 1e-06
[2019-03-25 19:10:07] SOLVER   Changed value of parameter Threads to 4
[2019-03-25 19:10:07] SOLVER   Prev: 0  Min: 0  Max: 1024  Default: 0
[2019-03-25 19:10:07] SOLVER   Optimize a model with 9340786 rows, 7221010 columns and 24514096 nonzeros
[2019-03-25 19:10:08] SOLVER   Coefficient statistics:
[2019-03-25 19:10:08] SOLVER   Matrix range     [1e-05, 4e+02]
[2019-03-25 19:10:08] SOLVER   Objective range  [1e+00, 1e+00]
[2019-03-25 19:10:08] SOLVER   Bounds range     [5e-02, 2e+03]
[2019-03-25 19:10:08] SOLVER   RHS range        [7e-03, 2e+03]
[2019-03-25 19:10:13] SOLVER   Presolve removed 6267467 rows and 4374384 columns (presolve time = 5s) ...
[2019-03-25 19:10:18] SOLVER   Presolve removed 6939760 rows and 5016432 columns (presolve time = 11s) ...
[2019-03-25 19:10:21] SOLVER   Presolve removed 6939760 rows and 5016432 columns
[2019-03-25 19:10:21] SOLVER   Presolve time: 13.33s
[2019-03-25 19:10:21] SOLVER   Presolved: 2401026 rows, 2204578 columns, 8737607 nonzeros
[2019-03-25 19:10:38] SOLVER   Ordering time: 0.00s
[2019-03-25 19:10:43] SOLVER   Barrier statistics:
[2019-03-25 19:10:43] SOLVER   Dense cols : 270
[2019-03-25 19:10:43] SOLVER   AA' NZ     : 8.083e+06
[2019-03-25 19:10:43] SOLVER   Factor NZ  : 4.940e+07 (roughly 2.3 GBytes of memory)
[2019-03-25 19:10:43] SOLVER   Factor Ops : 1.057e+10 (less than 1 second per iteration)
[2019-03-25 19:10:43] SOLVER   Threads    : 4
[2019-03-25 19:10:45] SOLVER   Objective                Residual
[2019-03-25 19:10:45] SOLVER   Iter       Primal          Dual         Primal    Dual     Compl     Time
[2019-03-25 19:10:45] SOLVER   0   1.11153753e+08 -1.09281141e+08  1.68e+07 4.56e-01  9.17e+04    37s
[2019-03-25 19:10:47] SOLVER   1   1.30648078e+08 -1.13882685e+08  1.06e+07 3.84e+01  6.98e+04    39s
[2019-03-25 19:10:49] SOLVER   2   1.32078584e+08 -1.40766502e+08  1.01e+07 3.20e+01  6.26e+04    42s
[2019-03-25 19:10:52] SOLVER   3   1.23095719e+08 -3.58900188e+08  8.97e+06 2.46e+01  5.35e+04    45s
[2019-03-25 19:10:55] SOLVER   4   9.36192792e+07 -1.44204157e+09  7.69e+06 1.63e+01  4.42e+04    47s
[2019-03-25 19:10:56] SOLVER   5   8.15208662e+07 -2.24141212e+09  6.75e+06 8.48e+00  3.67e+04    49s
[2019-03-25 19:10:58] SOLVER   6   5.68046491e+07 -2.48555857e+09  3.95e+06 5.89e+00  2.22e+04    51s
[2019-03-25 19:11:01] SOLVER   7   3.80743051e+07 -2.39931590e+09  2.12e+06 1.23e+00  1.13e+04    53s
[2019-03-25 19:11:04] SOLVER   8   3.51901174e+07 -2.04319518e+09  1.83e+06 4.21e-01  9.34e+03    56s
[2019-03-25 19:11:06] SOLVER   9   3.03657149e+07 -1.87338630e+09  1.38e+06 2.59e-01  7.11e+03    59s
[2019-03-25 19:11:08] SOLVER   10   2.34514864e+07 -1.47249698e+09  6.96e+05 1.02e-01  3.63e+03    61s
[2019-03-25 19:11:10] SOLVER   11   1.85594637e+07 -1.06705442e+09  2.81e+05 3.99e-02  1.51e+03    62s
[2019-03-25 19:11:12] SOLVER   12   1.70125276e+07 -7.86111045e+08  1.27e+05 1.95e-02  7.25e+02    65s
[2019-03-25 19:11:14] SOLVER   13   1.66567839e+07 -7.09085865e+08  7.91e+04 1.60e-02  4.93e+02    67s
[2019-03-25 19:11:16] SOLVER   14   1.61623033e+07 -5.57183588e+08  4.16e+04 1.04e-02  2.90e+02    69s
[2019-03-25 19:11:19] SOLVER   15   1.54746560e+07 -2.35031627e+08  1.87e+04 1.15e-03  1.16e+02    72s
[2019-03-25 19:11:22] SOLVER   16   1.32902003e+07 -1.26833730e+08  1.01e+04 3.58e-07  5.61e+01    74s
[2019-03-25 19:11:24] SOLVER   17   1.24678143e+07 -1.22881883e+08  8.64e+03 3.31e-07  5.08e+01    76s
[2019-03-25 19:11:25] SOLVER   18   1.08720142e+07 -9.41353737e+07  6.08e+03 1.13e-07  3.56e+01    78s
[2019-03-25 19:11:28] SOLVER   19   9.42150732e+06 -5.79085510e+07  4.48e+03 1.63e-09  2.19e+01    80s
[2019-03-25 19:11:30] SOLVER   20   7.49127949e+06 -2.75402141e+07  3.03e+03 3.84e-08  1.09e+01    82s
[2019-03-25 19:11:32] SOLVER   21   4.85717390e+06 -1.58810691e+07  1.58e+03 4.36e-09  5.70e+00    85s
[2019-03-25 19:11:35] SOLVER   22   3.96106676e+06 -1.03487850e+07  1.18e+03 8.87e-10  3.76e+00    88s
[2019-03-25 19:11:38] SOLVER   23   3.19678788e+06 -7.43373501e+06  8.74e+02 1.19e-09  2.68e+00    90s
[2019-03-25 19:11:40] SOLVER   24   2.61480903e+06 -6.06325454e+06  6.61e+02 5.81e-10  2.11e+00    92s
[2019-03-25 19:11:41] SOLVER   25   2.01330028e+06 -4.86009491e+06  4.47e+02 4.52e-10  1.59e+00    94s
[2019-03-25 19:11:44] SOLVER   26   1.57594537e+06 -3.03943232e+06  2.22e+02 3.30e-10  1.04e+00    96s
[2019-03-25 19:11:46] SOLVER   27   1.26304831e+06 -2.23429011e+06  1.47e+02 2.52e-10  7.64e-01    98s
[2019-03-25 19:11:48] SOLVER   28   1.11513757e+06 -1.09135666e+06  1.20e+02 3.29e-10  4.78e-01   101s
[2019-03-25 19:11:51] SOLVER   29   9.42217370e+05 -7.31378501e+05  9.07e+01 1.15e-09  3.57e-01   103s
[2019-03-25 19:11:53] SOLVER   30   8.61229413e+05 -6.12806639e+05  7.72e+01 9.45e-10  3.12e-01   105s
[2019-03-25 19:11:55] SOLVER   31   8.15449976e+05 -5.61084078e+05  6.75e+01 8.85e-10  2.90e-01   107s
[2019-03-25 19:11:57] SOLVER   32   7.51645061e+05 -3.45482306e+05  4.67e+01 4.64e-10  2.29e-01   110s
[2019-03-25 19:12:00] SOLVER   33   6.51976272e+05 -2.22999301e+05  4.37e+01 4.13e-10  1.81e-01   113s
[2019-03-25 19:12:02] SOLVER   34   5.80753699e+05 -2.88087330e+04  2.25e+01 2.63e-10  1.25e-01   115s
[2019-03-25 19:12:04] SOLVER   35   5.46577835e+05  5.81398759e+04  1.90e+01 2.24e-10  9.97e-02   117s
[2019-03-25 19:12:06] SOLVER   36   5.38492975e+05  1.05015767e+05  1.82e+01 1.86e-10  8.85e-02   119s
[2019-03-25 19:12:08] SOLVER   37   5.07423156e+05  1.72902577e+05  1.50e+01 1.59e-10  6.81e-02   120s
[2019-03-25 19:12:10] SOLVER   38   4.67045754e+05  2.12846183e+05  1.11e+01 1.06e-10  5.15e-02   123s
[2019-03-25 19:12:13] SOLVER   39   4.43498797e+05  2.37204404e+05  8.85e+00 8.61e-11  4.17e-02   126s
[2019-03-25 19:12:16] SOLVER   40   4.28731010e+05  2.58397247e+05  7.23e+00 6.31e-11  3.43e-02   128s
[2019-03-25 19:12:18] SOLVER   41   4.22142261e+05  2.70450155e+05  6.57e+00 5.15e-11  3.05e-02   130s
[2019-03-25 19:12:20] SOLVER   42   4.08651099e+05  2.79049181e+05  5.16e+00 4.91e-11  2.61e-02   132s
[2019-03-25 19:12:22] SOLVER   43   3.96398042e+05  2.83927867e+05  3.72e+00 5.46e-11  2.26e-02   135s
[2019-03-25 19:12:24] SOLVER   44   3.89586378e+05  2.90629950e+05  2.75e+00 3.67e-11  1.98e-02   137s
[2019-03-25 19:12:27] SOLVER   45   3.82047685e+05  2.96478260e+05  2.15e+00 3.18e-11  1.71e-02   139s
[2019-03-25 19:12:29] SOLVER   46   3.72678159e+05  3.04270979e+05  1.73e+00 2.27e-11  1.37e-02   142s
[2019-03-25 19:12:32] SOLVER   47   3.70231568e+05  3.11978280e+05  1.61e+00 1.65e-11  1.17e-02   144s
[2019-03-25 19:12:34] SOLVER   48   3.67725961e+05  3.14703407e+05  1.49e+00 3.00e-11  1.06e-02   146s
[2019-03-25 19:12:35] SOLVER   49   3.63148248e+05  3.16035621e+05  1.28e+00 1.82e-11  9.41e-03   148s
[2019-03-25 19:12:38] SOLVER   50   3.62397855e+05  3.17553153e+05  1.24e+00 1.48e-11  8.96e-03   150s
[2019-03-25 19:12:40] SOLVER   51   3.60156157e+05  3.19632555e+05  1.13e+00 1.18e-11  8.09e-03   152s
[2019-03-25 19:12:42] SOLVER   52   3.58894421e+05  3.21282903e+05  1.08e+00 1.71e-11  7.51e-03   155s
[2019-03-25 19:12:45] SOLVER   53   3.56364651e+05  3.24273662e+05  9.58e-01 2.86e-11  6.41e-03   158s
[2019-03-25 19:12:48] SOLVER   54   3.52480118e+05  3.25259197e+05  7.88e-01 1.51e-11  5.43e-03   160s
[2019-03-25 19:12:49] SOLVER   55   3.51134469e+05  3.26793245e+05  7.21e-01 1.92e-11  4.86e-03   162s
[2019-03-25 19:12:51] SOLVER   56   3.50402402e+05  3.27122857e+05  6.84e-01 3.56e-11  4.64e-03   164s
[2019-03-25 19:12:54] SOLVER   57   3.49742011e+05  3.27440764e+05  6.53e-01 1.01e-11  4.45e-03   166s
[2019-03-25 19:12:55] SOLVER   58   3.49545932e+05  3.27505438e+05  6.44e-01 2.24e-11  4.40e-03   168s
[2019-03-25 19:12:58] SOLVER   59   3.48764363e+05  3.28076898e+05  6.05e-01 2.79e-11  4.13e-03   170s
[2019-03-25 19:13:01] SOLVER   60   3.47621073e+05  3.29734437e+05  5.49e-01 2.79e-11  3.57e-03   173s
[2019-03-25 19:13:03] SOLVER   61   3.47399487e+05  3.30064754e+05  5.38e-01 3.97e-11  3.46e-03   175s
[2019-03-25 19:13:05] SOLVER   62   3.47151705e+05  3.30198567e+05  5.26e-01 2.01e-11  3.38e-03   177s
[2019-03-25 19:13:07] SOLVER   63   3.46456622e+05  3.30800115e+05  4.94e-01 3.97e-11  3.12e-03   179s
[2019-03-25 19:13:09] SOLVER   64   3.44393033e+05  3.31393282e+05  3.98e-01 3.60e-11  2.59e-03   182s
[2019-03-25 19:13:11] SOLVER   65   3.43823240e+05  3.31789335e+05  3.71e-01 3.42e-11  2.40e-03   184s
[2019-03-25 19:13:14] SOLVER   66   3.43160277e+05  3.32244185e+05  3.38e-01 3.61e-11  2.18e-03   186s
[2019-03-25 19:13:16] SOLVER   67   3.43024151e+05  3.32512867e+05  3.32e-01 3.29e-11  2.09e-03   189s
[2019-03-25 19:13:20] SOLVER   68   3.41784529e+05  3.32836616e+05  2.73e-01 3.29e-11  1.78e-03   192s
[2019-03-25 19:13:23] SOLVER   69   3.41470805e+05  3.32956816e+05  2.58e-01 3.29e-11  1.70e-03   195s
[2019-03-25 19:13:25] SOLVER   70   3.41323598e+05  3.33343718e+05  2.51e-01 2.79e-11  1.59e-03   198s
[2019-03-25 19:13:27] SOLVER   71   3.40665121e+05  3.33565388e+05  2.18e-01 1.92e-11  1.41e-03   200s
[2019-03-25 19:13:29] SOLVER   72   3.40609678e+05  3.33593464e+05  2.15e-01 2.92e-11  1.40e-03   201s
[2019-03-25 19:13:31] SOLVER   73   3.40411828e+05  3.33775312e+05  2.06e-01 3.38e-11  1.32e-03   203s
[2019-03-25 19:13:33] SOLVER   74   3.40224119e+05  3.33888123e+05  1.96e-01 2.88e-11  1.26e-03   205s
[2019-03-25 19:13:35] SOLVER   75   3.39941992e+05  3.34121774e+05  1.80e-01 1.86e-11  1.16e-03   207s
[2019-03-25 19:13:36] SOLVER   76   3.39836590e+05  3.34386340e+05  1.75e-01 3.33e-11  1.09e-03   209s
[2019-03-25 19:13:38] SOLVER   77   3.39424942e+05  3.34716545e+05  1.54e-01 8.41e-11  9.38e-04   211s
[2019-03-25 19:13:41] SOLVER   78   3.39132137e+05  3.34948299e+05  1.40e-01 1.03e-10  8.33e-04   213s
[2019-03-25 19:13:44] SOLVER   79   3.38900873e+05  3.35243160e+05  1.28e-01 1.16e-10  7.28e-04   216s
[2019-03-25 19:13:46] SOLVER   80   3.38381245e+05  3.35383425e+05  1.03e-01 1.12e-10  5.97e-04   218s
[2019-03-25 19:13:48] SOLVER   81   3.38334018e+05  3.35448764e+05  1.01e-01 5.87e-11  5.74e-04   220s
[2019-03-25 19:13:50] SOLVER   82   3.38300035e+05  3.35469425e+05  9.91e-02 5.42e-11  5.63e-04   222s
[2019-03-25 19:13:52] SOLVER   83   3.38120499e+05  3.35531812e+05  9.02e-02 4.83e-11  5.15e-04   224s
[2019-03-25 19:13:54] SOLVER   84   3.38048718e+05  3.35556877e+05  8.65e-02 4.97e-11  4.96e-04   227s
[2019-03-25 19:13:57] SOLVER   85   3.37845077e+05  3.35684626e+05  7.68e-02 6.80e-11  4.30e-04   230s
[2019-03-25 19:14:00] SOLVER   86   3.37779004e+05  3.35782471e+05  7.36e-02 8.31e-11  3.97e-04   233s
[2019-03-25 19:14:03] SOLVER   87   3.37539767e+05  3.35827144e+05  6.15e-02 7.04e-11  3.41e-04   235s
[2019-03-25 19:14:05] SOLVER   88   3.37514328e+05  3.35855397e+05  6.02e-02 6.47e-11  3.30e-04   237s
[2019-03-25 19:14:07] SOLVER   89   3.37472561e+05  3.35864313e+05  5.79e-02 6.61e-11  3.20e-04   239s
[2019-03-25 19:14:09] SOLVER   90   3.37374313e+05  3.35886919e+05  5.30e-02 6.22e-11  2.96e-04   241s
[2019-03-25 19:14:11] SOLVER   91   3.37308109e+05  3.35902215e+05  4.95e-02 6.47e-11  2.80e-04   243s
[2019-03-25 19:14:13] SOLVER   92   3.37246080e+05  3.35934103e+05  4.65e-02 5.30e-11  2.61e-04   245s
[2019-03-25 19:14:16] SOLVER   93   3.37150630e+05  3.35986805e+05  4.18e-02 5.83e-11  2.31e-04   248s
[2019-03-25 19:14:18] SOLVER   94   3.37109740e+05  3.36010026e+05  3.97e-02 5.09e-11  2.19e-04   251s
[2019-03-25 19:14:20] SOLVER   95   3.37100529e+05  3.36017592e+05  3.92e-02 4.38e-11  2.15e-04   253s
[2019-03-25 19:14:22] SOLVER   96   3.37075365e+05  3.36035971e+05  3.78e-02 4.41e-11  2.07e-04   255s
[2019-03-25 19:14:25] SOLVER   97   3.37007434e+05  3.36061496e+05  3.40e-02 6.30e-11  1.88e-04   257s
[2019-03-25 19:14:26] SOLVER   98   3.36966389e+05  3.36076019e+05  3.18e-02 6.50e-11  1.77e-04   259s
[2019-03-25 19:14:29] SOLVER   99   3.36927679e+05  3.36108294e+05  2.97e-02 3.51e-11  1.63e-04   261s
[2019-03-25 19:14:32] SOLVER   100   3.36904917e+05  3.36121094e+05  2.85e-02 5.73e-11  1.56e-04   264s
[2019-03-25 19:14:34] SOLVER   101   3.36875408e+05  3.36130561e+05  2.70e-02 3.82e-11  1.48e-04   267s
[2019-03-25 19:14:36] SOLVER   102   3.36868713e+05  3.36134071e+05  2.67e-02 3.46e-11  1.46e-04   268s
[2019-03-25 19:14:38] SOLVER   103   3.36859499e+05  3.36138950e+05  2.62e-02 4.64e-11  1.43e-04   270s
[2019-03-25 19:14:40] SOLVER   104   3.36827999e+05  3.36151657e+05  2.45e-02 3.55e-11  1.34e-04   272s
[2019-03-25 19:14:42] SOLVER   105   3.36816710e+05  3.36154904e+05  2.39e-02 4.50e-11  1.32e-04   274s
[2019-03-25 19:14:44] SOLVER   106   3.36792666e+05  3.36178058e+05  2.26e-02 5.28e-11  1.22e-04   277s
[2019-03-25 19:14:47] SOLVER   107   3.36743450e+05  3.36187464e+05  2.01e-02 4.00e-11  1.10e-04   280s
[2019-03-25 19:14:50] SOLVER   108   3.36741394e+05  3.36194391e+05  2.00e-02 4.00e-11  1.09e-04   282s
[2019-03-25 19:14:52] SOLVER   109   3.36730881e+05  3.36212361e+05  1.94e-02 5.78e-11  1.03e-04   284s
[2019-03-25 19:14:54] SOLVER   110   3.36708307e+05  3.36220898e+05  1.81e-02 4.41e-11  9.69e-05   286s
[2019-03-25 19:14:56] SOLVER   111   3.36686053e+05  3.36232973e+05  1.70e-02 3.37e-11  9.01e-05   289s
[2019-03-25 19:14:58] SOLVER   112   3.36651848e+05  3.36249293e+05  1.51e-02 2.09e-10  8.00e-05   290s
[2019-03-25 19:15:00] SOLVER   113   3.36631062e+05  3.36258092e+05  1.39e-02 1.98e-10  7.41e-05   293s
[2019-03-25 19:15:03] SOLVER   114   3.36581380e+05  3.36278810e+05  1.13e-02 1.13e-09  6.01e-05   296s
[2019-03-25 19:15:06] SOLVER   115   3.36563808e+05  3.36302179e+05  1.03e-02 6.15e-11  5.20e-05   298s
[2019-03-25 19:15:08] SOLVER   116   3.36553467e+05  3.36309021e+05  9.74e-03 3.22e-10  4.86e-05   300s
[2019-03-25 19:15:10] SOLVER   117   3.36530151e+05  3.36315963e+05  8.43e-03 1.58e-09  4.26e-05   302s
[2019-03-25 19:15:12] SOLVER   118   3.36513349e+05  3.36329130e+05  7.52e-03 1.45e-09  3.66e-05   305s
[2019-03-25 19:15:15] SOLVER   119   3.36489320e+05  3.36334092e+05  6.25e-03 2.40e-10  3.09e-05   308s
[2019-03-25 19:15:18] SOLVER   120   3.36475933e+05  3.36343030e+05  5.52e-03 8.93e-11  2.64e-05   310s
[2019-03-25 19:15:20] SOLVER   121   3.36466823e+05  3.36344965e+05  5.02e-03 9.05e-11  2.42e-05   312s
[2019-03-25 19:15:21] SOLVER   122   3.36464686e+05  3.36346422e+05  4.91e-03 8.82e-11  2.35e-05   314s
[2019-03-25 19:15:23] SOLVER   123   3.36459127e+05  3.36349338e+05  4.60e-03 8.61e-11  2.18e-05   316s
[2019-03-25 19:15:26] SOLVER   124   3.36445368e+05  3.36351791e+05  3.90e-03 1.07e-09  1.86e-05   318s
[2019-03-25 19:15:29] SOLVER   125   3.36439274e+05  3.36356820e+05  3.56e-03 9.73e-11  1.64e-05   321s
[2019-03-25 19:15:31] SOLVER   126   3.36427121e+05  3.36358486e+05  2.91e-03 7.35e-11  1.36e-05   324s
[2019-03-25 19:15:33] SOLVER   127   3.36423121e+05  3.36359886e+05  2.68e-03 7.05e-11  1.26e-05   326s
[2019-03-25 19:15:35] SOLVER   128   3.36421208e+05  3.36360879e+05  2.58e-03 6.74e-11  1.20e-05   328s
[2019-03-25 19:15:37] SOLVER   129   3.36418011e+05  3.36362549e+05  2.39e-03 6.70e-11  1.10e-05   330s
[2019-03-25 19:15:40] SOLVER   130   3.36416127e+05  3.36362875e+05  2.28e-03 6.69e-11  1.06e-05   332s
[2019-03-25 19:15:42] SOLVER   131   3.36408190e+05  3.36363858e+05  1.87e-03 6.24e-11  8.81e-06   335s
[2019-03-25 19:15:45] SOLVER   132   3.36403594e+05  3.36366379e+05  1.60e-03 6.14e-11  7.40e-06   338s
[2019-03-25 19:15:48] SOLVER   133   3.36401302e+05  3.36367966e+05  1.48e-03 6.48e-11  6.63e-06   340s
[2019-03-25 19:15:49] SOLVER   134   3.36399704e+05  3.36368700e+05  1.38e-03 6.27e-11  6.16e-06   342s
[2019-03-25 19:15:51] SOLVER   135   3.36396906e+05  3.36369388e+05  1.22e-03 1.30e-10  5.47e-06   344s
[2019-03-25 19:15:54] SOLVER   136   3.36393985e+05  3.36370414e+05  1.05e-03 1.67e-10  4.69e-06   346s
[2019-03-25 19:15:56] SOLVER   137   3.36392877e+05  3.36370848e+05  9.87e-04 1.92e-10  4.38e-06   348s
[2019-03-25 19:15:58] SOLVER   138   3.36389133e+05  3.36371143e+05  7.87e-04 2.06e-10  3.58e-06   351s
[2019-03-25 19:16:01] SOLVER   139   3.36388671e+05  3.36371326e+05  7.63e-04 2.09e-10  3.45e-06   354s
[2019-03-25 19:16:04] SOLVER   140   3.36386331e+05  3.36371742e+05  6.28e-04 1.87e-07  2.90e-06   356s
[2019-03-25 19:16:06] SOLVER   141   3.36384623e+05  3.36372075e+05  5.28e-04 1.70e-07  2.49e-06   358s
[2019-03-25 19:16:07] SOLVER   142   3.36383799e+05  3.36372516e+05  4.80e-04 1.46e-07  2.24e-06   360s
[2019-03-25 19:16:10] SOLVER   143   3.36382336e+05  3.36373365e+05  3.98e-04 1.01e-07  1.78e-06   362s
[2019-03-25 19:16:12] SOLVER   144   3.36381611e+05  3.36373485e+05  3.56e-04 9.50e-08  1.61e-06   364s
[2019-03-25 19:16:14] SOLVER   145   3.36380803e+05  3.36373921e+05  3.13e-04 7.18e-08  1.37e-06   367s
[2019-03-25 19:16:17] SOLVER   146   3.36380208e+05  3.36374072e+05  2.82e-04 6.38e-08  1.22e-06   370s
[2019-03-25 19:16:20] SOLVER   147   3.36379823e+05  3.36374213e+05  2.61e-04 5.45e-08  1.12e-06   372s
[2019-03-25 19:16:21] SOLVER   148   3.36379515e+05  3.36374262e+05  2.43e-04 5.16e-08  1.04e-06   374s
[2019-03-25 19:16:24] SOLVER   149   3.36379387e+05  3.36374321e+05  2.36e-04 4.81e-08  1.01e-06   376s
[2019-03-25 19:16:26] SOLVER   150   3.36379036e+05  3.36374375e+05  2.15e-04 4.54e-08  9.27e-07   378s
[2019-03-25 19:16:28] SOLVER   151   3.36378863e+05  3.36374447e+05  2.05e-04 4.18e-08  8.78e-07   381s
[2019-03-25 19:16:31] SOLVER   152   3.36378526e+05  3.36374660e+05  1.85e-04 3.12e-08  7.69e-07   383s
[2019-03-25 19:16:34] SOLVER   153   3.36377664e+05  3.36374736e+05  1.35e-04 2.70e-08  5.82e-07   386s
[2019-03-25 19:16:36] SOLVER   154   3.36377432e+05  3.36374849e+05  1.22e-04 2.19e-08  5.14e-07   388s
[2019-03-25 19:16:38] SOLVER   155   3.36377352e+05  3.36374869e+05  1.17e-04 2.09e-08  4.94e-07   390s
[2019-03-25 19:16:40] SOLVER   156   3.36377171e+05  3.36374893e+05  1.07e-04 1.96e-08  4.53e-07   392s
[2019-03-25 19:16:42] SOLVER   157   3.36376881e+05  3.36375002e+05  9.11e-05 1.40e-08  3.74e-07   395s
[2019-03-25 19:16:45] SOLVER   158   3.36376703e+05  3.36375028e+05  8.03e-05 1.00e-04  3.33e-07   398s
[2019-03-25 19:16:47] SOLVER   159   3.36376593e+05  3.36375057e+05  7.44e-05 8.93e-05  3.06e-07   400s
[2019-03-25 19:16:50] SOLVER   160   3.36376446e+05  3.36375075e+05  6.59e-05 8.22e-05  2.73e-07   402s
[2019-03-25 19:16:54] SOLVER   161   3.36376314e+05  3.36375120e+05  5.90e-05 6.52e-05  2.38e-07   406s
[2019-03-25 19:16:57] SOLVER   162   3.36376232e+05  3.36375131e+05  5.45e-05 6.09e-05  2.19e-07   409s
[2019-03-25 19:16:59] SOLVER   163   3.36376103e+05  3.36375148e+05  4.73e-05 5.42e-05  1.90e-07   411s
[2019-03-25 19:17:01] SOLVER   164   3.36376065e+05  3.36375156e+05  4.52e-05 5.05e-05  1.81e-07   413s
[2019-03-25 19:17:03] SOLVER   165   3.36376025e+05  3.36375166e+05  4.28e-05 4.68e-05  1.71e-07   415s
[2019-03-25 19:17:04] SOLVER   166   3.36375957e+05  3.36375184e+05  3.88e-05 3.87e-05  1.54e-07   417s
[2019-03-25 19:17:06] SOLVER   167   3.36375860e+05  3.36375190e+05  3.31e-05 3.65e-05  1.33e-07   419s
[2019-03-25 19:17:08] SOLVER   168   3.36375831e+05  3.36375206e+05  3.14e-05 2.02e-05  1.24e-07   421s
[2019-03-25 19:17:10] SOLVER   169   3.36375717e+05  3.36375218e+05  2.48e-05 1.70e-05  9.94e-08   423s
[2019-03-25 19:17:13] SOLVER   170   3.36375663e+05  3.36375223e+05  2.18e-05 1.57e-05  8.75e-08   425s
[2019-03-25 19:17:15] SOLVER   171   3.36375646e+05  3.36375225e+05  2.07e-05 1.54e-05  8.37e-08   427s
[2019-03-25 19:17:17] SOLVER   172   3.36375618e+05  3.36375232e+05  1.91e-05 1.37e-05  7.67e-08   430s
[2019-03-25 19:17:20] SOLVER   173   3.36375605e+05  3.36375234e+05  1.83e-05 1.31e-05  7.37e-08   432s
[2019-03-25 19:17:20] SOLVER   Barrier solved model in 173 iterations and 432.44 seconds
[2019-03-25 19:17:20] SOLVER   Optimal objective 3.36375605e+05
[2019-03-25 19:17:21] SOLVER   Crossover log...
[2019-03-25 19:17:22] SOLVER   658518 DPushes remaining with DInf 1.8336515e+02               435s
[2019-03-25 19:17:23] SOLVER   593061 DPushes remaining with DInf 1.8272364e+02               435s
[2019-03-25 19:17:28] SOLVER   566337 DPushes remaining with DInf 1.8240738e+02               440s
[2019-03-25 19:17:33] SOLVER   561873 DPushes remaining with DInf 1.8240738e+02               445s
[2019-03-25 19:17:38] SOLVER   554704 DPushes remaining with DInf 1.8193181e+02               450s
[2019-03-25 19:17:43] SOLVER   548803 DPushes remaining with DInf 4.0168252e+02               456s
[2019-03-25 19:17:48] SOLVER   544339 DPushes remaining with DInf 4.0167288e+02               460s
[2019-03-25 19:17:54] SOLVER   542107 DPushes remaining with DInf 4.0167288e+02               466s
[2019-03-25 19:18:00] SOLVER   540619 DPushes remaining with DInf 4.0167288e+02               473s
[2019-03-25 19:18:04] SOLVER   539875 DPushes remaining with DInf 4.0167288e+02               476s
[2019-03-25 19:18:09] SOLVER   538387 DPushes remaining with DInf 4.0167288e+02               481s
[2019-03-25 19:18:13] SOLVER   536155 DPushes remaining with DInf 4.0167288e+02               485s
[2019-03-25 19:18:18] SOLVER   531691 DPushes remaining with DInf 4.0167288e+02               491s
[2019-03-25 19:18:24] SOLVER   528715 DPushes remaining with DInf 4.0167288e+02               496s
[2019-03-25 19:18:28] SOLVER   525739 DPushes remaining with DInf 4.0167288e+02               501s
[2019-03-25 19:18:33] SOLVER   522019 DPushes remaining with DInf 4.0167288e+02               505s
[2019-03-25 19:18:38] SOLVER   517555 DPushes remaining with DInf 4.0167288e+02               510s
[2019-03-25 19:18:43] SOLVER   513835 DPushes remaining with DInf 4.0167288e+02               515s
[2019-03-25 19:18:48] SOLVER   510115 DPushes remaining with DInf 4.0167288e+02               520s
[2019-03-25 19:18:53] SOLVER   507139 DPushes remaining with DInf 4.0167288e+02               525s
[2019-03-25 19:18:58] SOLVER   502675 DPushes remaining with DInf 4.0167288e+02               531s
[2019-03-25 19:19:03] SOLVER   497467 DPushes remaining with DInf 4.0167288e+02               536s
[2019-03-25 19:19:08] SOLVER   493003 DPushes remaining with DInf 4.0164480e+02               541s
[2019-03-25 19:19:13] SOLVER   490027 DPushes remaining with DInf 4.0164480e+02               546s
[2019-03-25 19:19:18] SOLVER   487795 DPushes remaining with DInf 4.0164480e+02               550s
[2019-03-25 19:19:24] SOLVER   485563 DPushes remaining with DInf 4.0164480e+02               557s
[2019-03-25 19:19:28] SOLVER   484075 DPushes remaining with DInf 4.0164480e+02               561s
[2019-03-25 19:19:33] SOLVER   482587 DPushes remaining with DInf 4.0164480e+02               566s
[2019-03-25 19:19:38] SOLVER   481099 DPushes remaining with DInf 4.0164480e+02               570s
[2019-03-25 19:19:44] SOLVER   478867 DPushes remaining with DInf 4.0164480e+02               577s
[2019-03-25 19:19:49] SOLVER   477379 DPushes remaining with DInf 4.0164480e+02               582s
[2019-03-25 19:19:54] SOLVER   475891 DPushes remaining with DInf 4.0164480e+02               586s
[2019-03-25 19:19:58] SOLVER   474403 DPushes remaining with DInf 4.0164480e+02               590s
[2019-03-25 19:20:04] SOLVER   472171 DPushes remaining with DInf 4.0164480e+02               597s
[2019-03-25 19:20:08] SOLVER   470683 DPushes remaining with DInf 4.0164480e+02               600s
[2019-03-25 19:20:14] SOLVER   468451 DPushes remaining with DInf 4.0164480e+02               606s
[2019-03-25 19:20:19] SOLVER   466219 DPushes remaining with DInf 4.0164480e+02               612s
[2019-03-25 19:20:23] SOLVER   464731 DPushes remaining with DInf 4.0164480e+02               616s
[2019-03-25 19:20:29] SOLVER   462499 DPushes remaining with DInf 4.0164480e+02               622s
[2019-03-25 19:20:33] SOLVER   461011 DPushes remaining with DInf 4.0164480e+02               625s
[2019-03-25 19:20:38] SOLVER   458779 DPushes remaining with DInf 4.0164480e+02               631s
[2019-03-25 19:20:44] SOLVER   456547 DPushes remaining with DInf 4.0164480e+02               636s
[2019-03-25 19:20:49] SOLVER   454315 DPushes remaining with DInf 4.0164480e+02               641s
[2019-03-25 19:20:53] SOLVER   452827 DPushes remaining with DInf 4.0164480e+02               645s
[2019-03-25 19:20:58] SOLVER   450595 DPushes remaining with DInf 4.0164480e+02               651s
[2019-03-25 19:21:03] SOLVER   448362 DPushes remaining with DInf 4.0164480e+02               656s
[2019-03-25 19:21:10] SOLVER   446130 DPushes remaining with DInf 4.0164480e+02               663s
[2019-03-25 19:21:12] SOLVER   445386 DPushes remaining with DInf 4.0164480e+02               665s
[2019-03-25 19:21:18] SOLVER   443154 DPushes remaining with DInf 4.0164480e+02               670s
[2019-03-25 19:21:24] SOLVER   440177 DPushes remaining with DInf 4.0164480e+02               676s
[2019-03-25 19:21:28] SOLVER   437945 DPushes remaining with DInf 4.0164480e+02               680s
[2019-03-25 19:21:34] SOLVER   436457 DPushes remaining with DInf 4.0164480e+02               686s
[2019-03-25 19:21:40] SOLVER   434969 DPushes remaining with DInf 4.0164480e+02               692s
[2019-03-25 19:21:43] SOLVER   434225 DPushes remaining with DInf 4.0164480e+02               695s
[2019-03-25 19:21:49] SOLVER   432737 DPushes remaining with DInf 4.0164480e+02               701s
[2019-03-25 19:21:54] SOLVER   431249 DPushes remaining with DInf 4.0164480e+02               706s
[2019-03-25 19:21:59] SOLVER   429761 DPushes remaining with DInf 4.0164480e+02               712s
[2019-03-25 19:22:05] SOLVER   428273 DPushes remaining with DInf 4.0164480e+02               717s
[2019-03-25 19:22:10] SOLVER   426785 DPushes remaining with DInf 4.0164480e+02               722s
[2019-03-25 19:22:14] SOLVER   425297 DPushes remaining with DInf 4.0164480e+02               727s
[2019-03-25 19:22:18] SOLVER   423809 DPushes remaining with DInf 4.0164480e+02               731s
[2019-03-25 19:22:23] SOLVER   422321 DPushes remaining with DInf 4.0164480e+02               735s
[2019-03-25 19:22:28] SOLVER   420089 DPushes remaining with DInf 4.0164480e+02               741s
[2019-03-25 19:22:34] SOLVER   417856 DPushes remaining with DInf 4.0164480e+02               747s
[2019-03-25 19:22:38] SOLVER   416368 DPushes remaining with DInf 4.0164480e+02               751s
[2019-03-25 19:22:43] SOLVER   414136 DPushes remaining with DInf 4.0164480e+02               756s
[2019-03-25 19:22:48] SOLVER   412648 DPushes remaining with DInf 4.0164480e+02               760s
[2019-03-25 19:22:54] SOLVER   409672 DPushes remaining with DInf 4.0164480e+02               767s
[2019-03-25 19:22:58] SOLVER   407440 DPushes remaining with DInf 4.0164480e+02               771s
[2019-03-25 19:23:03] SOLVER   404464 DPushes remaining with DInf 4.0164480e+02               776s
[2019-03-25 19:23:09] SOLVER   401487 DPushes remaining with DInf 4.0164480e+02               781s
[2019-03-25 19:23:13] SOLVER   399255 DPushes remaining with DInf 4.0164480e+02               786s
[2019-03-25 19:23:18] SOLVER   397023 DPushes remaining with DInf 4.0163109e+02               790s
[2019-03-25 19:23:23] SOLVER   394046 DPushes remaining with DInf 4.0162319e+02               796s
[2019-03-25 19:23:28] SOLVER   391070 DPushes remaining with DInf 4.0162319e+02               800s
[2019-03-25 19:23:33] SOLVER   387350 DPushes remaining with DInf 4.2338977e+02               806s
[2019-03-25 19:23:38] SOLVER   384374 DPushes remaining with DInf 4.2338977e+02               810s
[2019-03-25 19:23:43] SOLVER   380653 DPushes remaining with DInf 4.2338977e+02               816s
[2019-03-25 19:23:48] SOLVER   377676 DPushes remaining with DInf 4.2338977e+02               820s
[2019-03-25 19:23:55] SOLVER   373953 DPushes remaining with DInf 4.1978899e+02               827s
[2019-03-25 19:23:59] SOLVER   372462 DPushes remaining with DInf 4.1976634e+02               832s
[2019-03-25 19:24:05] SOLVER   370971 DPushes remaining with DInf 4.1974028e+02               837s
[2019-03-25 19:24:09] SOLVER   369482 DPushes remaining with DInf 4.1973102e+02               841s
[2019-03-25 19:24:14] SOLVER   367994 DPushes remaining with DInf 4.1971960e+02               847s
[2019-03-25 19:24:19] SOLVER   366506 DPushes remaining with DInf 4.1971052e+02               852s
[2019-03-25 19:24:24] SOLVER   365018 DPushes remaining with DInf 4.1969068e+02               856s
[2019-03-25 19:24:29] SOLVER   363530 DPushes remaining with DInf 4.1967928e+02               861s
[2019-03-25 19:24:33] SOLVER   362042 DPushes remaining with DInf 4.1967046e+02               865s
[2019-03-25 19:24:38] SOLVER   359810 DPushes remaining with DInf 4.1965676e+02               870s
[2019-03-25 19:24:43] SOLVER   357577 DPushes remaining with DInf 4.1963612e+02               875s
[2019-03-25 19:24:48] SOLVER   354601 DPushes remaining with DInf 4.1962562e+02               880s
[2019-03-25 19:24:53] SOLVER   351625 DPushes remaining with DInf 4.1961555e+02               885s
[2019-03-25 19:24:57] SOLVER   348649 DPushes remaining with DInf 4.1960723e+02               890s
[2019-03-25 19:25:03] SOLVER   345672 DPushes remaining with DInf 4.1959556e+02               895s
[2019-03-25 19:25:09] SOLVER   342695 DPushes remaining with DInf 4.1958362e+02               901s
[2019-03-25 19:25:13] SOLVER   341207 DPushes remaining with DInf 2.7877966e+02               905s
[2019-03-25 19:25:18] SOLVER   338231 DPushes remaining with DInf 2.7877966e+02               911s
[2019-03-25 19:25:23] SOLVER   335255 DPushes remaining with DInf 2.7877966e+02               916s
[2019-03-25 19:25:28] SOLVER   332279 DPushes remaining with DInf 2.7877966e+02               920s
[2019-03-25 19:25:33] SOLVER   327735 DPushes remaining with DInf 2.7766437e+02               926s
[2019-03-25 19:25:38] SOLVER   324315 DPushes remaining with DInf 2.7451424e+02               930s
[2019-03-25 19:25:43] SOLVER   319576 DPushes remaining with DInf 7.6933090e+03               936s
[2019-03-25 19:25:48] SOLVER   315715 DPushes remaining with DInf 7.6890909e+03               941s
[2019-03-25 19:25:54] SOLVER   312367 DPushes remaining with DInf 7.6269109e+03               946s
[2019-03-25 19:25:58] SOLVER   309625 DPushes remaining with DInf 7.6204118e+03               950s
[2019-03-25 19:26:03] SOLVER   305507 DPushes remaining with DInf 7.6129436e+03               955s
[2019-03-25 19:26:08] SOLVER   302184 DPushes remaining with DInf 7.6080690e+03               960s
[2019-03-25 19:26:14] SOLVER   298109 DPushes remaining with DInf 7.6038925e+03               966s
[2019-03-25 19:26:18] SOLVER   294481 DPushes remaining with DInf 7.6013484e+03               970s
[2019-03-25 19:26:23] SOLVER   289741 DPushes remaining with DInf 7.4955690e+03               976s
[2019-03-25 19:26:28] SOLVER   286045 DPushes remaining with DInf 7.4923417e+03               980s
[2019-03-25 19:26:33] SOLVER   282547 DPushes remaining with DInf 7.4903548e+03               985s
[2019-03-25 19:26:38] SOLVER   278499 DPushes remaining with DInf 7.4888590e+03               991s
[2019-03-25 19:26:44] SOLVER   274409 DPushes remaining with DInf 7.4872628e+03               996s
[2019-03-25 19:26:48] SOLVER   272665 DPushes remaining with DInf 7.4654124e+03              1001s
[2019-03-25 19:26:53] SOLVER   270892 DPushes remaining with DInf 7.4500968e+03              1005s
[2019-03-25 19:26:59] SOLVER   267390 DPushes remaining with DInf 7.4434127e+03              1011s
[2019-03-25 19:27:03] SOLVER   265639 DPushes remaining with DInf 7.4400825e+03              1016s
[2019-03-25 19:27:08] SOLVER   263920 DPushes remaining with DInf 7.4377387e+03              1020s
[2019-03-25 19:27:15] SOLVER   261558 DPushes remaining with DInf 7.4365651e+03              1028s
[2019-03-25 19:27:18] SOLVER   259963 DPushes remaining with DInf 7.4358228e+03              1030s
[2019-03-25 19:27:24] SOLVER   257528 DPushes remaining with DInf 7.4341102e+03              1037s
[2019-03-25 19:27:28] SOLVER   256715 DPushes remaining with DInf 7.4334806e+03              1040s
[2019-03-25 19:27:35] SOLVER   255098 DPushes remaining with DInf 7.4317303e+03              1047s
[2019-03-25 19:27:38] SOLVER   254315 DPushes remaining with DInf 7.4309524e+03              1051s
[2019-03-25 19:27:44] SOLVER   252778 DPushes remaining with DInf 7.4295817e+03              1056s
[2019-03-25 19:27:48] SOLVER   251230 DPushes remaining with DInf 7.4246017e+03              1061s
[2019-03-25 19:27:57] SOLVER   249260 DPushes remaining with DInf 7.4240303e+03              1069s
[2019-03-25 19:28:03] SOLVER   248438 DPushes remaining with DInf 7.4239822e+03              1076s
[2019-03-25 19:28:08] SOLVER   247663 DPushes remaining with DInf 7.4237896e+03              1080s
[2019-03-25 19:28:13] SOLVER   246159 DPushes remaining with DInf 7.4233421e+03              1085s
[2019-03-25 19:28:18] SOLVER   243160 DPushes remaining with DInf 7.4228932e+03              1091s
[2019-03-25 19:28:23] SOLVER   240661 DPushes remaining with DInf 7.4089469e+03              1095s
[2019-03-25 19:28:28] SOLVER   238898 DPushes remaining with DInf 7.4053168e+03              1101s
[2019-03-25 19:28:35] SOLVER   237033 DPushes remaining with DInf 7.3905445e+03              1107s
[2019-03-25 19:28:38] SOLVER   235090 DPushes remaining with DInf 7.3844572e+03              1111s
[2019-03-25 19:28:43] SOLVER   230894 DPushes remaining with DInf 7.3564029e+03              1115s
[2019-03-25 19:28:48] SOLVER   227752 DPushes remaining with DInf 7.3438903e+03              1120s
[2019-03-25 19:28:54] SOLVER   224747 DPushes remaining with DInf 6.4624653e+03              1126s
[2019-03-25 19:28:58] SOLVER   220481 DPushes remaining with DInf 6.2692740e+03              1131s
[2019-03-25 19:29:03] SOLVER   216398 DPushes remaining with DInf 6.2550279e+03              1136s
[2019-03-25 19:29:08] SOLVER   212355 DPushes remaining with DInf 6.2403409e+03              1141s
[2019-03-25 19:29:15] SOLVER   210373 DPushes remaining with DInf 6.2341285e+03              1148s
[2019-03-25 19:29:20] SOLVER   209421 DPushes remaining with DInf 6.2309140e+03              1152s
[2019-03-25 19:29:24] SOLVER   208476 DPushes remaining with DInf 6.2275877e+03              1157s
[2019-03-25 19:29:29] SOLVER   207528 DPushes remaining with DInf 6.2243187e+03              1162s
[2019-03-25 19:29:34] SOLVER   206646 DPushes remaining with DInf 6.2220927e+03              1167s
[2019-03-25 19:29:40] SOLVER   205734 DPushes remaining with DInf 6.2197543e+03              1172s
[2019-03-25 19:29:45] SOLVER   204824 DPushes remaining with DInf 6.2173600e+03              1178s
[2019-03-25 19:29:51] SOLVER   203934 DPushes remaining with DInf 6.2153072e+03              1183s
[2019-03-25 19:29:57] SOLVER   203059 DPushes remaining with DInf 6.2132213e+03              1189s
[2019-03-25 19:30:03] SOLVER   202180 DPushes remaining with DInf 6.2110006e+03              1196s
[2019-03-25 19:30:09] SOLVER   201320 DPushes remaining with DInf 6.2091657e+03              1201s
[2019-03-25 19:30:15] SOLVER   200481 DPushes remaining with DInf 6.2075147e+03              1208s
[2019-03-25 19:30:21] SOLVER   199633 DPushes remaining with DInf 6.2057698e+03              1213s
[2019-03-25 19:30:26] SOLVER   198777 DPushes remaining with DInf 3.9329215e+04              1219s
[2019-03-25 19:30:32] SOLVER   198015 DPushes remaining with DInf 3.9328836e+04              1224s
[2019-03-25 19:30:38] SOLVER   197255 DPushes remaining with DInf 3.9328486e+04              1230s
[2019-03-25 19:30:44] SOLVER   196494 DPushes remaining with DInf 3.9328166e+04              1236s
[2019-03-25 19:30:49] SOLVER   195732 DPushes remaining with DInf 3.9327836e+04              1241s
[2019-03-25 19:30:53] SOLVER   194972 DPushes remaining with DInf 3.9327463e+04              1246s
[2019-03-25 19:30:59] SOLVER   194211 DPushes remaining with DInf 3.9327062e+04              1251s
[2019-03-25 19:31:03] SOLVER   193453 DPushes remaining with DInf 3.9326795e+04              1256s
[2019-03-25 19:31:11] SOLVER   191935 DPushes remaining with DInf 3.9326132e+04              1264s
[2019-03-25 19:31:16] SOLVER   191175 DPushes remaining with DInf 3.9325794e+04              1269s
[2019-03-25 19:31:22] SOLVER   190422 DPushes remaining with DInf 3.9325587e+04              1274s
[2019-03-25 19:31:28] SOLVER   189660 DPushes remaining with DInf 3.9325210e+04              1281s
[2019-03-25 19:31:34] SOLVER   188907 DPushes remaining with DInf 3.9324975e+04              1286s
[2019-03-25 19:31:39] SOLVER   188144 DPushes remaining with DInf 3.9324540e+04              1292s
[2019-03-25 19:31:44] SOLVER   187387 DPushes remaining with DInf 3.9324216e+04              1297s
[2019-03-25 19:31:49] SOLVER   186632 DPushes remaining with DInf 3.9323922e+04              1302s
[2019-03-25 19:31:54] SOLVER   185879 DPushes remaining with DInf 3.9323687e+04              1307s
[2019-03-25 19:31:59] SOLVER   185124 DPushes remaining with DInf 3.9323379e+04              1312s
[2019-03-25 19:32:05] SOLVER   184376 DPushes remaining with DInf 3.9323226e+04              1318s
[2019-03-25 19:32:10] SOLVER   183619 DPushes remaining with DInf 3.9322933e+04              1322s
[2019-03-25 19:32:14] SOLVER   182869 DPushes remaining with DInf 3.9322778e+04              1327s
[2019-03-25 19:32:18] SOLVER   182119 DPushes remaining with DInf 3.9322593e+04              1330s
[2019-03-25 19:32:24] SOLVER   180616 DPushes remaining with DInf 3.9322214e+04              1337s
[2019-03-25 19:32:30] SOLVER   179116 DPushes remaining with DInf 3.9321799e+04              1342s
[2019-03-25 19:32:34] SOLVER   178365 DPushes remaining with DInf 3.9321545e+04              1346s
[2019-03-25 19:32:41] SOLVER   176870 DPushes remaining with DInf 3.9321072e+04              1354s
[2019-03-25 19:32:46] SOLVER   176124 DPushes remaining with DInf 3.9320856e+04              1358s
[2019-03-25 19:32:50] SOLVER   175380 DPushes remaining with DInf 3.9320587e+04              1363s
[2019-03-25 19:32:55] SOLVER   174636 DPushes remaining with DInf 3.9319961e+04              1367s
[2019-03-25 19:32:59] SOLVER   173892 DPushes remaining with DInf 3.9319504e+04              1372s
[2019-03-25 19:33:03] SOLVER   173148 DPushes remaining with DInf 3.9319059e+04              1376s
[2019-03-25 19:33:11] SOLVER   171659 DPushes remaining with DInf 3.9318519e+04              1384s
[2019-03-25 19:33:16] SOLVER   170914 DPushes remaining with DInf 3.9318172e+04              1389s
[2019-03-25 19:33:25] SOLVER   170384 DPushes remaining with DInf 3.9318107e+04              1397s
[2019-03-25 19:33:30] SOLVER   169639 DPushes remaining with DInf 3.9317900e+04              1403s
[2019-03-25 19:33:34] SOLVER   168894 DPushes remaining with DInf 3.9317695e+04              1407s
[2019-03-25 19:33:41] SOLVER   168148 DPushes remaining with DInf 3.9317636e+04              1413s
[2019-03-25 19:33:48] SOLVER   167402 DPushes remaining with DInf 3.9317539e+04              1421s
[2019-03-25 19:33:57] SOLVER   166730 DPushes remaining with DInf 3.9317484e+04              1429s
[2019-03-25 19:34:02] SOLVER   165984 DPushes remaining with DInf 3.9317322e+04              1434s
[2019-03-25 19:34:06] SOLVER   165240 DPushes remaining with DInf 3.9317100e+04              1438s
[2019-03-25 19:34:10] SOLVER   164494 DPushes remaining with DInf 3.9316831e+04              1442s
[2019-03-25 19:34:14] SOLVER   163748 DPushes remaining with DInf 3.9316563e+04              1447s
[2019-03-25 19:34:19] SOLVER   163002 DPushes remaining with DInf 3.9316374e+04              1451s
[2019-03-25 19:34:23] SOLVER   162258 DPushes remaining with DInf 3.9316263e+04              1455s
[2019-03-25 19:34:31] SOLVER   160767 DPushes remaining with DInf 3.9315828e+04              1464s
[2019-03-25 19:34:35] SOLVER   160023 DPushes remaining with DInf 3.9315592e+04              1468s
[2019-03-25 19:34:39] SOLVER   159279 DPushes remaining with DInf 3.9315434e+04              1472s
[2019-03-25 19:34:45] SOLVER   158534 DPushes remaining with DInf 3.9315294e+04              1477s
[2019-03-25 19:34:52] SOLVER   157790 DPushes remaining with DInf 3.9315176e+04              1484s
[2019-03-25 19:34:57] SOLVER   157046 DPushes remaining with DInf 3.9314967e+04              1490s
[2019-03-25 19:35:02] SOLVER   156301 DPushes remaining with DInf 3.9314866e+04              1494s
[2019-03-25 19:35:07] SOLVER   155557 DPushes remaining with DInf 3.9314817e+04              1499s
[2019-03-25 19:35:14] SOLVER   154813 DPushes remaining with DInf 3.9314714e+04              1506s
[2019-03-25 19:35:19] SOLVER   154065 DPushes remaining with DInf 3.9314539e+04              1511s
[2019-03-25 19:35:24] SOLVER   153321 DPushes remaining with DInf 3.9314524e+04              1516s
[2019-03-25 19:35:30] SOLVER   152577 DPushes remaining with DInf 3.9314368e+04              1522s
[2019-03-25 19:35:34] SOLVER   151833 DPushes remaining with DInf 3.9314276e+04              1527s
[2019-03-25 19:35:39] SOLVER   151088 DPushes remaining with DInf 3.9314169e+04              1532s
[2019-03-25 19:35:43] SOLVER   150344 DPushes remaining with DInf 3.9313998e+04              1536s
[2019-03-25 19:35:49] SOLVER   149600 DPushes remaining with DInf 3.9313927e+04              1541s
[2019-03-25 19:35:56] SOLVER   148856 DPushes remaining with DInf 3.9313870e+04              1549s
[2019-03-25 19:36:04] SOLVER   148126 DPushes remaining with DInf 3.9313836e+04              1557s
[2019-03-25 19:36:12] SOLVER   147426 DPushes remaining with DInf 3.9313786e+04              1565s
[2019-03-25 19:36:19] SOLVER   146682 DPushes remaining with DInf 3.9313708e+04              1571s
[2019-03-25 19:36:25] SOLVER   145937 DPushes remaining with DInf 3.9313639e+04              1577s
[2019-03-25 19:36:32] SOLVER   145193 DPushes remaining with DInf 3.9313626e+04              1585s
[2019-03-25 19:36:39] SOLVER   144449 DPushes remaining with DInf 3.9313610e+04              1592s
[2019-03-25 19:36:45] SOLVER   142958 DPushes remaining with DInf 3.9313434e+04              1598s
[2019-03-25 19:36:49] SOLVER   142213 DPushes remaining with DInf 3.9313340e+04              1602s
[2019-03-25 19:36:53] SOLVER   141469 DPushes remaining with DInf 3.9313232e+04              1605s
[2019-03-25 19:37:01] SOLVER   139981 DPushes remaining with DInf 3.9313068e+04              1613s
[2019-03-25 19:37:04] SOLVER   139237 DPushes remaining with DInf 3.9313051e+04              1617s
[2019-03-25 19:37:08] SOLVER   138493 DPushes remaining with DInf 3.9312972e+04              1620s
[2019-03-25 19:37:18] SOLVER   137005 DPushes remaining with DInf 3.9312857e+04              1630s
[2019-03-25 19:37:27] SOLVER   135517 DPushes remaining with DInf 3.9312833e+04              1639s
[2019-03-25 19:37:32] SOLVER   134773 DPushes remaining with DInf 3.9312782e+04              1644s
[2019-03-25 19:37:36] SOLVER   134029 DPushes remaining with DInf 3.9312772e+04              1648s
[2019-03-25 19:37:40] SOLVER   133285 DPushes remaining with DInf 3.9312768e+04              1652s
[2019-03-25 19:37:43] SOLVER   132541 DPushes remaining with DInf 3.9312759e+04              1656s
[2019-03-25 19:37:51] SOLVER   131052 DPushes remaining with DInf 3.9312601e+04              1663s
[2019-03-25 19:37:55] SOLVER   130306 DPushes remaining with DInf 3.9312577e+04              1667s
[2019-03-25 19:37:58] SOLVER   129561 DPushes remaining with DInf 3.9312555e+04              1671s
[2019-03-25 19:38:05] SOLVER   128072 DPushes remaining with DInf 3.9312328e+04              1677s
[2019-03-25 19:38:08] SOLVER   127328 DPushes remaining with DInf 3.9312171e+04              1681s
[2019-03-25 19:38:14] SOLVER   125839 DPushes remaining with DInf 3.9311935e+04              1687s
[2019-03-25 19:38:18] SOLVER   125095 DPushes remaining with DInf 3.9311824e+04              1690s
[2019-03-25 19:38:24] SOLVER   123607 DPushes remaining with DInf 3.9311617e+04              1696s
[2019-03-25 19:38:30] SOLVER   122115 DPushes remaining with DInf 3.9311353e+04              1702s
[2019-03-25 19:38:33] SOLVER   121370 DPushes remaining with DInf 3.9311223e+04              1706s
[2019-03-25 19:38:40] SOLVER   119882 DPushes remaining with DInf 3.9310982e+04              1712s
[2019-03-25 19:38:43] SOLVER   119138 DPushes remaining with DInf 3.9310889e+04              1715s
[2019-03-25 19:38:49] SOLVER   117649 DPushes remaining with DInf 3.9310624e+04              1721s
[2019-03-25 19:38:55] SOLVER   116161 DPushes remaining with DInf 3.9310270e+04              1728s
[2019-03-25 19:38:58] SOLVER   115417 DPushes remaining with DInf 3.9104235e+05              1731s
[2019-03-25 19:39:04] SOLVER   113927 DPushes remaining with DInf 3.9104219e+05              1736s
[2019-03-25 19:39:08] SOLVER   112422 DPushes remaining with DInf 3.9104114e+05              1741s
[2019-03-25 19:39:13] SOLVER   110902 DPushes remaining with DInf 3.9103837e+05              1745s
[2019-03-25 19:39:19] SOLVER   108632 DPushes remaining with DInf 3.9103001e+05              1752s
[2019-03-25 19:39:24] SOLVER   107132 DPushes remaining with DInf 3.9102841e+05              1757s
[2019-03-25 19:39:29] SOLVER   105636 DPushes remaining with DInf 3.9102738e+05              1761s
[2019-03-25 19:39:33] SOLVER   104147 DPushes remaining with DInf 3.9102720e+05              1766s
[2019-03-25 19:39:38] SOLVER   102658 DPushes remaining with DInf 3.9102700e+05              1770s
[2019-03-25 19:39:44] SOLVER   100424 DPushes remaining with DInf 3.9102657e+05              1777s
[2019-03-25 19:39:49] SOLVER   98935 DPushes remaining with DInf 3.9102630e+05              1782s
[2019-03-25 19:39:54] SOLVER   97444 DPushes remaining with DInf 3.9102597e+05              1787s
[2019-03-25 19:39:59] SOLVER   95955 DPushes remaining with DInf 3.9102555e+05              1792s
[2019-03-25 19:40:04] SOLVER   94466 DPushes remaining with DInf 3.9102480e+05              1797s
[2019-03-25 19:40:09] SOLVER   92978 DPushes remaining with DInf 3.9102385e+05              1801s
[2019-03-25 19:40:14] SOLVER   90746 DPushes remaining with DInf 3.9102292e+05              1807s
[2019-03-25 19:40:18] SOLVER   89258 DPushes remaining with DInf 3.9102260e+05              1810s
[2019-03-25 19:40:23] SOLVER   87026 DPushes remaining with DInf 3.9102222e+05              1815s
[2019-03-25 19:40:29] SOLVER   84794 DPushes remaining with DInf 3.9102083e+05              1821s
[2019-03-25 19:40:34] SOLVER   83305 DPushes remaining with DInf 3.9101874e+05              1826s
[2019-03-25 19:40:39] SOLVER   81816 DPushes remaining with DInf 3.9101852e+05              1831s
[2019-03-25 19:40:43] SOLVER   80327 DPushes remaining with DInf 3.9101822e+05              1835s
[2019-03-25 19:40:50] SOLVER   78077 DPushes remaining with DInf 3.9101779e+05              1842s
[2019-03-25 19:40:54] SOLVER   76560 DPushes remaining with DInf 3.9101736e+05              1847s
[2019-03-25 19:40:59] SOLVER   75039 DPushes remaining with DInf 3.9101713e+05              1852s
[2019-03-25 19:41:04] SOLVER   73492 DPushes remaining with DInf 3.9101678e+05              1857s
[2019-03-25 19:41:09] SOLVER   71934 DPushes remaining with DInf 3.9101621e+05              1861s
[2019-03-25 19:41:14] SOLVER   70351 DPushes remaining with DInf 3.9101558e+05              1866s
[2019-03-25 19:41:18] SOLVER   68759 DPushes remaining with DInf 3.9101503e+05              1871s
[2019-03-25 19:41:23] SOLVER   67182 DPushes remaining with DInf 3.9101457e+05              1876s
[2019-03-25 19:41:28] SOLVER   65601 DPushes remaining with DInf 3.9101399e+05              1881s
[2019-03-25 19:41:33] SOLVER   64005 DPushes remaining with DInf 3.9101328e+05              1886s
[2019-03-25 19:41:38] SOLVER   62413 DPushes remaining with DInf 3.9101248e+05              1891s
[2019-03-25 19:41:44] SOLVER   59980 DPushes remaining with DInf 3.9075406e+05              1897s
[2019-03-25 19:41:48] SOLVER   53597 DPushes remaining with DInf 3.9052009e+05              1900s
[2019-03-25 19:41:55] SOLVER   22648 DPushes remaining with DInf 9.3822148e+03              1907s
[2019-03-25 19:41:59] SOLVER   5848 DPushes remaining with DInf 2.3391740e+04              1911s
[2019-03-25 19:42:03] SOLVER   0 DPushes remaining with DInf 8.2327664e+05              1915s
[2019-03-25 19:42:03] SOLVER   Restart crossover...
[2019-03-25 19:42:04] SOLVER   658518 DPushes remaining with DInf 4.4929416e+02              1917s
[2019-03-25 19:42:08] SOLVER   562867 DPushes remaining with DInf 5.2697542e+02              1920s
[2019-03-25 19:42:13] SOLVER   556915 DPushes remaining with DInf 5.2697542e+02              1925s
[2019-03-25 19:42:18] SOLVER   553195 DPushes remaining with DInf 5.2697542e+02              1931s
[2019-03-25 19:42:23] SOLVER   549475 DPushes remaining with DInf 5.2697542e+02              1936s
[2019-03-25 19:42:28] SOLVER   545011 DPushes remaining with DInf 5.2697542e+02              1940s
[2019-03-25 19:42:34] SOLVER   539059 DPushes remaining with DInf 5.2697542e+02              1946s
[2019-03-25 19:42:38] SOLVER   537571 DPushes remaining with DInf 5.2697542e+02              1950s
[2019-03-25 19:42:43] SOLVER   533107 DPushes remaining with DInf 5.2697542e+02              1956s
[2019-03-25 19:42:48] SOLVER   528643 DPushes remaining with DInf 5.2697542e+02              1960s
[2019-03-25 19:42:54] SOLVER   524923 DPushes remaining with DInf 5.2697542e+02              1966s
[2019-03-25 19:42:59] SOLVER   521947 DPushes remaining with DInf 5.2697542e+02              1971s
[2019-03-25 19:43:03] SOLVER   519715 DPushes remaining with DInf 5.2697542e+02              1976s
[2019-03-25 19:43:09] SOLVER   517483 DPushes remaining with DInf 5.2697542e+02              1981s
[2019-03-25 19:43:14] SOLVER   515251 DPushes remaining with DInf 5.2697542e+02              1987s
[2019-03-25 19:43:18] SOLVER   513763 DPushes remaining with DInf 5.2697542e+02              1990s
[2019-03-25 19:43:24] SOLVER   511531 DPushes remaining with DInf 5.2697542e+02              1996s
[2019-03-25 19:43:28] SOLVER   510043 DPushes remaining with DInf 5.2697542e+02              2000s
[2019-03-25 19:43:33] SOLVER   507811 DPushes remaining with DInf 5.2697542e+02              2006s
[2019-03-25 19:43:38] SOLVER   505579 DPushes remaining with DInf 5.2697542e+02              2011s
[2019-03-25 19:43:43] SOLVER   503347 DPushes remaining with DInf 5.2697542e+02              2015s
[2019-03-25 19:43:48] SOLVER   498883 DPushes remaining with DInf 5.2697542e+02              2021s
[2019-03-25 19:43:53] SOLVER   495163 DPushes remaining with DInf 5.2697542e+02              2025s
[2019-03-25 19:43:58] SOLVER   492187 DPushes remaining with DInf 5.2697542e+02              2030s
[2019-03-25 19:44:04] SOLVER   489211 DPushes remaining with DInf 5.2697542e+02              2036s
[2019-03-25 19:44:08] SOLVER   487723 DPushes remaining with DInf 5.2697542e+02              2040s
[2019-03-25 19:44:13] SOLVER   485491 DPushes remaining with DInf 5.2697542e+02              2045s
[2019-03-25 19:44:18] SOLVER   483259 DPushes remaining with DInf 5.2697542e+02              2050s
[2019-03-25 19:44:23] SOLVER   481027 DPushes remaining with DInf 5.2697542e+02              2055s
[2019-03-25 19:44:29] SOLVER   478795 DPushes remaining with DInf 5.2697542e+02              2061s
[2019-03-25 19:44:33] SOLVER   475819 DPushes remaining with DInf 5.2697542e+02              2065s
[2019-03-25 19:44:40] SOLVER   473587 DPushes remaining with DInf 5.2697542e+02              2073s
[2019-03-25 19:44:45] SOLVER   472843 DPushes remaining with DInf 5.2697542e+02              2077s
[2019-03-25 19:44:49] SOLVER   472099 DPushes remaining with DInf 5.2697542e+02              2082s
[2019-03-25 19:44:54] SOLVER   471355 DPushes remaining with DInf 5.2697542e+02              2086s
[2019-03-25 19:45:01] SOLVER   469867 DPushes remaining with DInf 5.2697542e+02              2093s
[2019-03-25 19:45:04] SOLVER   469123 DPushes remaining with DInf 5.2697542e+02              2097s
[2019-03-25 19:45:08] SOLVER   468379 DPushes remaining with DInf 5.2697542e+02              2100s
[2019-03-25 19:45:15] SOLVER   466891 DPushes remaining with DInf 5.2697542e+02              2107s
[2019-03-25 19:45:18] SOLVER   466147 DPushes remaining with DInf 5.2697542e+02              2111s
[2019-03-25 19:45:26] SOLVER   464659 DPushes remaining with DInf 5.2697542e+02              2118s
[2019-03-25 19:45:29] SOLVER   463915 DPushes remaining with DInf 5.2697542e+02              2121s
[2019-03-25 19:45:35] SOLVER   462427 DPushes remaining with DInf 5.2697542e+02              2127s
[2019-03-25 19:45:38] SOLVER   461683 DPushes remaining with DInf 5.2697542e+02              2130s
[2019-03-25 19:45:43] SOLVER   460195 DPushes remaining with DInf 5.2697542e+02              2136s
[2019-03-25 19:45:48] SOLVER   458707 DPushes remaining with DInf 5.2697542e+02              2141s
[2019-03-25 19:45:53] SOLVER   457219 DPushes remaining with DInf 5.2697542e+02              2145s
[2019-03-25 19:45:59] SOLVER   454987 DPushes remaining with DInf 5.2697542e+02              2151s
[2019-03-25 19:46:03] SOLVER   453499 DPushes remaining with DInf 5.2697542e+02              2155s
[2019-03-25 19:46:09] SOLVER   451267 DPushes remaining with DInf 5.2697542e+02              2162s
[2019-03-25 19:46:13] SOLVER   449779 DPushes remaining with DInf 5.2697542e+02              2166s
[2019-03-25 19:46:18] SOLVER   447547 DPushes remaining with DInf 5.2697542e+02              2171s
[2019-03-25 19:46:23] SOLVER   445315 DPushes remaining with DInf 5.2697542e+02              2176s
[2019-03-25 19:46:29] SOLVER   443083 DPushes remaining with DInf 5.2697542e+02              2182s
[2019-03-25 19:46:33] SOLVER   440851 DPushes remaining with DInf 5.2697542e+02              2186s
[2019-03-25 19:46:39] SOLVER   438618 DPushes remaining with DInf 5.2697542e+02              2192s
[2019-03-25 19:46:43] SOLVER   437130 DPushes remaining with DInf 5.2697542e+02              2196s
[2019-03-25 19:46:48] SOLVER   435642 DPushes remaining with DInf 5.2697542e+02              2200s
[2019-03-25 19:46:54] SOLVER   433410 DPushes remaining with DInf 5.2697542e+02              2207s
[2019-03-25 19:46:59] SOLVER   431922 DPushes remaining with DInf 5.2697542e+02              2211s
[2019-03-25 19:47:03] SOLVER   430434 DPushes remaining with DInf 5.2697542e+02              2215s
[2019-03-25 19:47:09] SOLVER   428202 DPushes remaining with DInf 5.2697542e+02              2222s
[2019-03-25 19:47:14] SOLVER   426714 DPushes remaining with DInf 5.2697542e+02              2227s
[2019-03-25 19:47:19] SOLVER   425226 DPushes remaining with DInf 5.2697542e+02              2232s
[2019-03-25 19:47:24] SOLVER   423738 DPushes remaining with DInf 5.2697542e+02              2236s
[2019-03-25 19:47:28] SOLVER   422250 DPushes remaining with DInf 5.2697542e+02              2241s
[2019-03-25 19:47:35] SOLVER   420018 DPushes remaining with DInf 5.2697542e+02              2247s
[2019-03-25 19:47:39] SOLVER   418530 DPushes remaining with DInf 5.2697542e+02              2251s
[2019-03-25 19:47:43] SOLVER   417042 DPushes remaining with DInf 5.2697542e+02              2255s
[2019-03-25 19:47:49] SOLVER   414810 DPushes remaining with DInf 5.2697542e+02              2261s
[2019-03-25 19:47:53] SOLVER   413322 DPushes remaining with DInf 5.2697542e+02              2266s
[2019-03-25 19:48:00] SOLVER   411090 DPushes remaining with DInf 5.2697542e+02              2272s
[2019-03-25 19:48:06] SOLVER   409602 DPushes remaining with DInf 5.2697542e+02              2279s
[2019-03-25 19:48:08] SOLVER   408858 DPushes remaining with DInf 5.2697542e+02              2281s
[2019-03-25 19:48:13] SOLVER   407370 DPushes remaining with DInf 5.2697542e+02              2285s
[2019-03-25 19:48:19] SOLVER   405138 DPushes remaining with DInf 5.2697542e+02              2292s
[2019-03-25 19:48:23] SOLVER   403650 DPushes remaining with DInf 5.2697542e+02              2296s
[2019-03-25 19:48:29] SOLVER   401417 DPushes remaining with DInf 5.2697542e+02              2302s
[2019-03-25 19:48:34] SOLVER   399929 DPushes remaining with DInf 5.2697542e+02              2307s
[2019-03-25 19:48:39] SOLVER   398441 DPushes remaining with DInf 5.2697542e+02              2311s
[2019-03-25 19:48:43] SOLVER   396953 DPushes remaining with DInf 5.2697542e+02              2316s
[2019-03-25 19:48:47] SOLVER   395465 DPushes remaining with DInf 5.2696285e+02              2320s
[2019-03-25 19:48:54] SOLVER   393233 DPushes remaining with DInf 5.2658264e+02              2326s
[2019-03-25 19:48:58] SOLVER   391745 DPushes remaining with DInf 5.2658264e+02              2330s
[2019-03-25 19:49:02] SOLVER   390257 DPushes remaining with DInf 5.2658264e+02              2335s
[2019-03-25 19:49:10] SOLVER   388025 DPushes remaining with DInf 5.2658264e+02              2342s
[2019-03-25 19:49:14] SOLVER   386537 DPushes remaining with DInf 5.2658264e+02              2347s
[2019-03-25 19:49:19] SOLVER   385049 DPushes remaining with DInf 5.2658264e+02              2351s
[2019-03-25 19:49:24] SOLVER   383561 DPushes remaining with DInf 5.2658264e+02              2356s
[2019-03-25 19:49:28] SOLVER   382073 DPushes remaining with DInf 5.2658264e+02              2361s
[2019-03-25 19:49:34] SOLVER   378353 DPushes remaining with DInf 5.2658264e+02              2366s
[2019-03-25 19:49:38] SOLVER   376864 DPushes remaining with DInf 5.2658264e+02              2370s
[2019-03-25 19:49:44] SOLVER   373888 DPushes remaining with DInf 5.2658264e+02              2376s
[2019-03-25 19:49:48] SOLVER   372400 DPushes remaining with DInf 5.2658264e+02              2380s
[2019-03-25 19:49:53] SOLVER   370912 DPushes remaining with DInf 5.2658264e+02              2386s
[2019-03-25 19:49:58] SOLVER   369424 DPushes remaining with DInf 5.2658264e+02              2391s
[2019-03-25 19:50:05] SOLVER   367192 DPushes remaining with DInf 5.2658264e+02              2397s
[2019-03-25 19:50:10] SOLVER   365704 DPushes remaining with DInf 5.2658264e+02              2402s
[2019-03-25 19:50:14] SOLVER   364216 DPushes remaining with DInf 5.2658264e+02              2407s
[2019-03-25 19:50:20] SOLVER   362728 DPushes remaining with DInf 5.2650275e+02              2413s
[2019-03-25 19:50:23] SOLVER   361984 DPushes remaining with DInf 5.2650275e+02              2415s
[2019-03-25 19:50:29] SOLVER   359752 DPushes remaining with DInf 5.2650275e+02              2422s
[2019-03-25 19:50:33] SOLVER   358264 DPushes remaining with DInf 5.2650275e+02              2426s
[2019-03-25 19:50:39] SOLVER   356032 DPushes remaining with DInf 5.2650275e+02              2431s
[2019-03-25 19:50:44] SOLVER   353800 DPushes remaining with DInf 5.2650275e+02              2437s
[2019-03-25 19:50:49] SOLVER   351568 DPushes remaining with DInf 5.2650275e+02              2441s
[2019-03-25 19:50:53] SOLVER   348901 DPushes remaining with DInf 5.2478480e+02              2446s
[2019-03-25 19:50:59] SOLVER   346514 DPushes remaining with DInf 5.2429800e+02              2451s
[2019-03-25 19:51:04] SOLVER   344134 DPushes remaining with DInf 5.2381695e+02              2456s
[2019-03-25 19:51:09] SOLVER   341681 DPushes remaining with DInf 5.2306292e+02              2461s
[2019-03-25 19:51:14] SOLVER   339272 DPushes remaining with DInf 5.2242256e+02              2467s
[2019-03-25 19:51:18] SOLVER   336972 DPushes remaining with DInf 5.2216370e+02              2470s
[2019-03-25 19:51:23] SOLVER   333001 DPushes remaining with DInf 5.2025618e+02              2475s
[2019-03-25 19:51:28] SOLVER   328764 DPushes remaining with DInf 5.1880094e+02              2480s
[2019-03-25 19:51:33] SOLVER   323567 DPushes remaining with DInf 5.1370591e+02              2486s
[2019-03-25 19:51:38] SOLVER   317044 DPushes remaining with DInf 5.0081548e+02              2490s
[2019-03-25 19:51:44] SOLVER   311122 DPushes remaining with DInf 4.9913024e+02              2496s
[2019-03-25 19:51:49] SOLVER   306682 DPushes remaining with DInf 4.9100072e+02              2501s
[2019-03-25 19:51:54] SOLVER   302030 DPushes remaining with DInf 4.8919639e+02              2506s
[2019-03-25 19:51:57] SOLVER   298428 DPushes remaining with DInf 4.8792747e+02              2510s
[2019-03-25 19:52:03] SOLVER   293323 DPushes remaining with DInf 4.8639277e+02              2516s
[2019-03-25 19:52:09] SOLVER   290631 DPushes remaining with DInf 4.8600874e+02              2521s
[2019-03-25 19:52:13] SOLVER   287668 DPushes remaining with DInf 4.8534112e+02              2525s
[2019-03-25 19:52:18] SOLVER   281880 DPushes remaining with DInf 4.8432561e+02              2531s
[2019-03-25 19:52:23] SOLVER   276619 DPushes remaining with DInf 4.8388602e+02              2536s
[2019-03-25 19:52:27] SOLVER   272423 DPushes remaining with DInf 4.8357621e+02              2540s
[2019-03-25 19:52:33] SOLVER   269941 DPushes remaining with DInf 4.8332808e+02              2545s
[2019-03-25 19:52:39] SOLVER   266351 DPushes remaining with DInf 4.7797831e+02              2551s
[2019-03-25 19:52:45] SOLVER   263838 DPushes remaining with DInf 4.7775021e+02              2557s
[2019-03-25 19:52:48] SOLVER   262040 DPushes remaining with DInf 4.7733495e+02              2561s
[2019-03-25 19:52:54] SOLVER   260346 DPushes remaining with DInf 4.7708606e+02              2567s
[2019-03-25 19:53:00] SOLVER   259557 DPushes remaining with DInf 4.7697970e+02              2573s
[2019-03-25 19:53:04] SOLVER   258768 DPushes remaining with DInf 4.7692591e+02              2576s
[2019-03-25 19:53:09] SOLVER   257152 DPushes remaining with DInf 4.7671982e+02              2582s
[2019-03-25 19:53:13] SOLVER   255499 DPushes remaining with DInf 4.7638584e+02              2586s
[2019-03-25 19:53:22] SOLVER   253816 DPushes remaining with DInf 4.7601227e+02              2594s
[2019-03-25 19:53:26] SOLVER   252983 DPushes remaining with DInf 4.7581036e+02              2599s
[2019-03-25 19:53:30] SOLVER   252192 DPushes remaining with DInf 4.7567215e+02              2603s
[2019-03-25 19:53:34] SOLVER   251408 DPushes remaining with DInf 4.7554882e+02              2606s
[2019-03-25 19:53:40] SOLVER   249885 DPushes remaining with DInf 4.7500746e+02              2612s
[2019-03-25 19:53:44] SOLVER   248378 DPushes remaining with DInf 4.7470175e+02              2616s
[2019-03-25 19:53:48] SOLVER   247630 DPushes remaining with DInf 5.1876021e+02              2621s
[2019-03-25 19:53:55] SOLVER   246886 DPushes remaining with DInf 5.1876021e+02              2627s
[2019-03-25 19:53:59] SOLVER   246142 DPushes remaining with DInf 5.1876021e+02              2632s
[2019-03-25 19:54:03] SOLVER   245398 DPushes remaining with DInf 5.1876021e+02              2636s
[2019-03-25 19:54:09] SOLVER   244654 DPushes remaining with DInf 5.1876021e+02              2641s
[2019-03-25 19:54:14] SOLVER   243163 DPushes remaining with DInf 5.1876021e+02              2646s
[2019-03-25 19:54:19] SOLVER   240927 DPushes remaining with DInf 5.1862458e+02              2651s
[2019-03-25 19:54:24] SOLVER   238694 DPushes remaining with DInf 5.1862458e+02              2656s
[2019-03-25 19:54:29] SOLVER   236462 DPushes remaining with DInf 8.4695069e+02              2662s
[2019-03-25 19:54:33] SOLVER   234971 DPushes remaining with DInf 8.4695069e+02              2666s
[2019-03-25 19:54:41] SOLVER   233481 DPushes remaining with DInf 1.4097168e+03              2674s
[2019-03-25 19:54:45] SOLVER   232688 DPushes remaining with DInf 1.4071406e+03              2677s
[2019-03-25 19:54:50] SOLVER   231015 DPushes remaining with DInf 1.4045504e+03              2682s
[2019-03-25 19:54:54] SOLVER   229213 DPushes remaining with DInf 1.3941087e+03              2687s
[2019-03-25 19:54:58] SOLVER   227375 DPushes remaining with DInf 1.3730989e+03              2690s
[2019-03-25 19:55:05] SOLVER   224157 DPushes remaining with DInf 1.3708445e+03              2698s
[2019-03-25 19:55:12] SOLVER   223067 DPushes remaining with DInf 1.3215954e+03              2705s
[2019-03-25 19:55:19] SOLVER   221927 DPushes remaining with DInf 8.7016696e+03              2711s
[2019-03-25 19:55:25] SOLVER   221033 DPushes remaining with DInf 8.6995477e+03              2717s
[2019-03-25 19:55:30] SOLVER   220100 DPushes remaining with DInf 8.6968979e+03              2722s
[2019-03-25 19:55:35] SOLVER   219183 DPushes remaining with DInf 8.6945199e+03              2728s
[2019-03-25 19:55:41] SOLVER   218247 DPushes remaining with DInf 8.6920079e+03              2733s
[2019-03-25 19:55:46] SOLVER   217330 DPushes remaining with DInf 8.6897703e+03              2739s
[2019-03-25 19:55:51] SOLVER   216447 DPushes remaining with DInf 8.6880150e+03              2744s
[2019-03-25 19:55:56] SOLVER   215535 DPushes remaining with DInf 8.6649376e+03              2748s
[2019-03-25 19:56:00] SOLVER   214531 DPushes remaining with DInf 8.6629519e+03              2752s
[2019-03-25 19:56:04] SOLVER   213554 DPushes remaining with DInf 8.6611867e+03              2757s
[2019-03-25 19:56:08] SOLVER   212586 DPushes remaining with DInf 8.6591601e+03              2761s
[2019-03-25 19:56:17] SOLVER   210675 DPushes remaining with DInf 8.6547668e+03              2769s
[2019-03-25 19:56:21] SOLVER   209748 DPushes remaining with DInf 8.6527283e+03              2774s
[2019-03-25 19:56:26] SOLVER   208844 DPushes remaining with DInf 8.6510297e+03              2779s
[2019-03-25 19:56:31] SOLVER   207932 DPushes remaining with DInf 8.6490188e+03              2784s
[2019-03-25 19:56:35] SOLVER   207013 DPushes remaining with DInf 8.6470509e+03              2787s
[2019-03-25 19:56:39] SOLVER   206091 DPushes remaining with DInf 8.6448263e+03              2791s
[2019-03-25 19:56:43] SOLVER   205180 DPushes remaining with DInf 8.6425578e+03              2795s
[2019-03-25 19:56:51] SOLVER   203338 DPushes remaining with DInf 8.6374483e+03              2804s
[2019-03-25 19:56:56] SOLVER   202401 DPushes remaining with DInf 8.6345309e+03              2809s
[2019-03-25 19:57:01] SOLVER   201503 DPushes remaining with DInf 8.6315836e+03              2813s
[2019-03-25 19:57:05] SOLVER   200647 DPushes remaining with DInf 8.6292833e+03              2817s
[2019-03-25 19:57:09] SOLVER   199816 DPushes remaining with DInf 8.6267275e+03              2821s
[2019-03-25 19:57:13] SOLVER   198987 DPushes remaining with DInf 8.6244662e+03              2826s
[2019-03-25 19:57:22] SOLVER   197338 DPushes remaining with DInf 8.6201606e+03              2835s
[2019-03-25 19:57:26] SOLVER   196498 DPushes remaining with DInf 8.6162195e+03              2839s
[2019-03-25 19:57:30] SOLVER   195671 DPushes remaining with DInf 8.6142391e+03              2842s
[2019-03-25 19:57:34] SOLVER   194844 DPushes remaining with DInf 8.6124430e+03              2846s
[2019-03-25 19:57:40] SOLVER   193226 DPushes remaining with DInf 8.6098021e+03              2852s
[2019-03-25 19:57:45] SOLVER   191615 DPushes remaining with DInf 8.6071339e+03              2857s
[2019-03-25 19:57:48] SOLVER   190805 DPushes remaining with DInf 8.6055829e+03              2860s
[2019-03-25 19:57:53] SOLVER   189217 DPushes remaining with DInf 8.6029564e+03              2866s
[2019-03-25 19:57:59] SOLVER   187637 DPushes remaining with DInf 8.6006456e+03              2871s
[2019-03-25 19:58:05] SOLVER   186030 DPushes remaining with DInf 8.5976231e+03              2877s
[2019-03-25 19:58:10] SOLVER   184441 DPushes remaining with DInf 8.5951331e+03              2883s
[2019-03-25 19:58:15] SOLVER   182866 DPushes remaining with DInf 8.5929086e+03              2888s
[2019-03-25 19:58:19] SOLVER   181305 DPushes remaining with DInf 8.5913866e+03              2892s
[2019-03-25 19:58:23] SOLVER   179748 DPushes remaining with DInf 8.5896345e+03              2896s
[2019-03-25 19:58:28] SOLVER   178184 DPushes remaining with DInf 8.5878591e+03              2900s
[2019-03-25 19:58:34] SOLVER   175870 DPushes remaining with DInf 8.5861036e+03              2907s
[2019-03-25 19:58:39] SOLVER   174323 DPushes remaining with DInf 8.5847691e+03              2912s
[2019-03-25 19:58:44] SOLVER   172789 DPushes remaining with DInf 8.5831493e+03              2916s
[2019-03-25 19:58:48] SOLVER   171238 DPushes remaining with DInf 8.5819177e+03              2921s
[2019-03-25 19:58:53] SOLVER   168954 DPushes remaining with DInf 8.5808962e+03              2926s
[2019-03-25 19:58:58] SOLVER   166681 DPushes remaining with DInf 8.5802370e+03              2930s
[2019-03-25 19:59:04] SOLVER   164407 DPushes remaining with DInf 8.5793553e+03              2936s
[2019-03-25 19:59:09] SOLVER   162888 DPushes remaining with DInf 8.5783696e+03              2942s
[2019-03-25 19:59:15] SOLVER   161368 DPushes remaining with DInf 8.5771284e+03              2947s
[2019-03-25 19:59:20] SOLVER   159874 DPushes remaining with DInf 8.5765248e+03              2952s
[2019-03-25 19:59:25] SOLVER   158377 DPushes remaining with DInf 8.5755386e+03              2958s
[2019-03-25 19:59:30] SOLVER   156882 DPushes remaining with DInf 8.5747923e+03              2962s
[2019-03-25 19:59:33] SOLVER   155384 DPushes remaining with DInf 8.5740546e+03              2966s
[2019-03-25 19:59:39] SOLVER   152385 DPushes remaining with DInf 8.5731821e+03              2971s
[2019-03-25 19:59:43] SOLVER   150888 DPushes remaining with DInf 8.5725392e+03              2976s
[2019-03-25 19:59:48] SOLVER   149392 DPushes remaining with DInf 8.5719176e+03              2980s
[2019-03-25 19:59:53] SOLVER   147149 DPushes remaining with DInf 8.5712340e+03              2986s
[2019-03-25 19:59:59] SOLVER   144906 DPushes remaining with DInf 8.5705711e+03              2992s
[2019-03-25 20:00:04] SOLVER   143415 DPushes remaining with DInf 8.5703338e+03              2996s
[2019-03-25 20:00:08] SOLVER   141919 DPushes remaining with DInf 8.5699578e+03              3000s
[2019-03-25 20:00:14] SOLVER   139675 DPushes remaining with DInf 8.5692162e+03              3006s
[2019-03-25 20:00:19] SOLVER   137435 DPushes remaining with DInf 8.5687860e+03              3011s
[2019-03-25 20:00:26] SOLVER   135945 DPushes remaining with DInf 8.5685389e+03              3018s
[2019-03-25 20:00:29] SOLVER   135199 DPushes remaining with DInf 8.5684557e+03              3021s
[2019-03-25 20:00:33] SOLVER   134454 DPushes remaining with DInf 8.5683976e+03              3025s
[2019-03-25 20:00:39] SOLVER   132961 DPushes remaining with DInf 8.5682485e+03              3032s
[2019-03-25 20:00:45] SOLVER   131470 DPushes remaining with DInf 8.5681047e+03              3037s
[2019-03-25 20:00:48] SOLVER   130722 DPushes remaining with DInf 8.5679148e+03              3040s
[2019-03-25 20:00:54] SOLVER   129225 DPushes remaining with DInf 8.5664751e+03              3046s
[2019-03-25 20:01:00] SOLVER   127729 DPushes remaining with DInf 8.5662220e+03              3052s
[2019-03-25 20:01:03] SOLVER   126982 DPushes remaining with DInf 8.5661342e+03              3055s
[2019-03-25 20:01:08] SOLVER   125489 DPushes remaining with DInf 8.5658444e+03              3061s
[2019-03-25 20:01:14] SOLVER   123995 DPushes remaining with DInf 8.5649018e+03              3066s
[2019-03-25 20:01:20] SOLVER   122499 DPushes remaining with DInf 8.5637086e+03              3073s
[2019-03-25 20:01:23] SOLVER   121750 DPushes remaining with DInf 8.5630675e+03              3076s
[2019-03-25 20:01:29] SOLVER   120248 DPushes remaining with DInf 8.5618366e+03              3081s
[2019-03-25 20:01:34] SOLVER   118748 DPushes remaining with DInf 8.5599046e+03              3087s
[2019-03-25 20:01:39] SOLVER   117244 DPushes remaining with DInf 8.5568455e+03              3092s
[2019-03-25 20:01:45] SOLVER   115747 DPushes remaining with DInf 8.5553595e+03              3097s
[2019-03-25 20:01:50] SOLVER   114246 DPushes remaining with DInf 8.5485843e+03              3102s
[2019-03-25 20:01:55] SOLVER   112736 DPushes remaining with DInf 8.5461515e+03              3107s
[2019-03-25 20:01:58] SOLVER   111957 DPushes remaining with DInf 8.5431560e+03              3110s
[2019-03-25 20:02:03] SOLVER   110412 DPushes remaining with DInf 8.5396117e+03              3115s
[2019-03-25 20:02:08] SOLVER   108861 DPushes remaining with DInf 8.5307647e+03              3121s
[2019-03-25 20:02:13] SOLVER   107307 DPushes remaining with DInf 8.5185779e+03              3126s
[2019-03-25 20:02:19] SOLVER   105762 DPushes remaining with DInf 8.5082071e+03              3131s
[2019-03-25 20:02:23] SOLVER   104243 DPushes remaining with DInf 8.4990839e+03              3136s
[2019-03-25 20:02:29] SOLVER   102677 DPushes remaining with DInf 8.4762714e+03              3142s
[2019-03-25 20:02:35] SOLVER   101100 DPushes remaining with DInf 8.4529979e+03              3148s
[2019-03-25 20:02:38] SOLVER   100286 DPushes remaining with DInf 8.4335974e+03              3150s
[2019-03-25 20:02:43] SOLVER   98751 DPushes remaining with DInf 8.4251295e+03              3156s
[2019-03-25 20:02:50] SOLVER   97249 DPushes remaining with DInf 8.4245141e+03              3162s
[2019-03-25 20:02:53] SOLVER   96502 DPushes remaining with DInf 8.4241199e+03              3166s
[2019-03-25 20:03:00] SOLVER   95005 DPushes remaining with DInf 8.4236591e+03              3173s
[2019-03-25 20:03:04] SOLVER   94250 DPushes remaining with DInf 8.4233161e+03              3176s
[2019-03-25 20:03:11] SOLVER   92753 DPushes remaining with DInf 8.4227196e+03              3183s
[2019-03-25 20:03:13] SOLVER   92004 DPushes remaining with DInf 8.4225242e+03              3186s
[2019-03-25 20:03:18] SOLVER   90514 DPushes remaining with DInf 8.4222078e+03              3191s
[2019-03-25 20:03:23] SOLVER   89021 DPushes remaining with DInf 8.4218873e+03              3195s
[2019-03-25 20:03:28] SOLVER   87525 DPushes remaining with DInf 8.4214130e+03              3200s
[2019-03-25 20:03:33] SOLVER   86034 DPushes remaining with DInf 8.4208506e+03              3206s
[2019-03-25 20:03:39] SOLVER   84528 DPushes remaining with DInf 8.4202457e+03              3212s
[2019-03-25 20:03:46] SOLVER   83028 DPushes remaining with DInf 8.4196717e+03              3218s
[2019-03-25 20:03:48] SOLVER   82279 DPushes remaining with DInf 8.4192911e+03              3221s
[2019-03-25 20:03:54] SOLVER   80777 DPushes remaining with DInf 8.4184060e+03              3226s
[2019-03-25 20:04:00] SOLVER   79281 DPushes remaining with DInf 8.4176838e+03              3232s
[2019-03-25 20:04:03] SOLVER   78527 DPushes remaining with DInf 8.4172250e+03              3235s
[2019-03-25 20:04:09] SOLVER   76996 DPushes remaining with DInf 8.4162833e+03              3241s
[2019-03-25 20:04:15] SOLVER   75456 DPushes remaining with DInf 8.4153352e+03              3248s
[2019-03-25 20:04:18] SOLVER   74689 DPushes remaining with DInf 8.4148504e+03              3251s
[2019-03-25 20:04:25] SOLVER   73118 DPushes remaining with DInf 8.4136072e+03              3257s
[2019-03-25 20:04:28] SOLVER   72326 DPushes remaining with DInf 8.4129444e+03              3260s
[2019-03-25 20:04:35] SOLVER   70697 DPushes remaining with DInf 8.4117588e+03              3267s
[2019-03-25 20:04:38] SOLVER   69876 DPushes remaining with DInf 8.4111145e+03              3270s
[2019-03-25 20:04:44] SOLVER   68170 DPushes remaining with DInf 8.4098561e+03              3276s
[2019-03-25 20:04:50] SOLVER   66481 DPushes remaining with DInf 8.4086547e+03              3282s
[2019-03-25 20:04:55] SOLVER   64774 DPushes remaining with DInf 8.4071490e+03              3288s
[2019-03-25 20:04:58] SOLVER   63937 DPushes remaining with DInf 8.4062889e+03              3290s
[2019-03-25 20:05:02] SOLVER   62235 DPushes remaining with DInf 8.4045827e+03              3295s
[2019-03-25 20:05:08] SOLVER   59633 DPushes remaining with DInf 8.2545426e+03              3301s
[2019-03-25 20:05:13] SOLVER   38534 DPushes remaining with DInf 7.9322620e+03              3306s
[2019-03-25 20:05:18] SOLVER   15796 DPushes remaining with DInf 7.1034380e+02              3311s
[2019-03-25 20:05:23] SOLVER   141 DPushes remaining with DInf 6.6265429e+03              3316s
[2019-03-25 20:05:24] SOLVER   0 DPushes remaining with DInf 6.5849552e+03              3316s
[2019-03-25 20:05:24] SOLVER   1540332 PPushes remaining with PInf 4.2679367e+02              3317s
[2019-03-25 20:05:32] SOLVER   562062 PPushes remaining with PInf 3.4691777e+02              3324s
[2019-03-25 20:05:33] SOLVER   491699 PPushes remaining with PInf 3.3968024e+02              3326s
[2019-03-25 20:05:39] SOLVER   370229 PPushes remaining with PInf 5.3866699e+02              3332s
[2019-03-25 20:05:44] SOLVER   357420 PPushes remaining with PInf 5.3491438e+02              3336s
[2019-03-25 20:05:50] SOLVER   354015 PPushes remaining with PInf 5.3521869e+02              3343s
[2019-03-25 20:05:57] SOLVER   351582 PPushes remaining with PInf 5.3499573e+02              3349s
[2019-03-25 20:06:08] SOLVER   348133 PPushes remaining with PInf 5.3452185e+02              3361s
[2019-03-25 20:06:15] SOLVER   345972 PPushes remaining with PInf 5.3437259e+02              3367s
[2019-03-25 20:06:23] SOLVER   343360 PPushes remaining with PInf 5.3375199e+02              3375s
[2019-03-25 20:06:30] SOLVER   340032 PPushes remaining with PInf 5.3263748e+02              3382s
[2019-03-25 20:06:35] SOLVER   338796 PPushes remaining with PInf 5.3255758e+02              3387s
[2019-03-25 20:39:59] SOLVER   273391 PPushes remaining with PInf 4.8006809e+02              5391s
[2019-03-25 20:40:05] SOLVER   271978 PPushes remaining with PInf 4.7823402e+02              5397s
[2019-03-25 20:40:09] SOLVER   269285 PPushes remaining with PInf 4.7706495e+02              5401s
[2019-03-25 20:40:14] SOLVER   267785 PPushes remaining with PInf 4.7530416e+02              5406s
[2019-03-25 20:40:18] SOLVER   263221 PPushes remaining with PInf 4.7322742e+02              5411s
[2019-03-25 21:19:35] SOLVER   194572 PPushes remaining with PInf 3.9607694e+02              7767s
[2019-03-25 21:54:03] SOLVER   131100 PPushes remaining with PInf 3.3913584e+02              9836s
[2019-03-25 21:57:34] SOLVER   119583 PPushes remaining with PInf 3.5015178e+02             10047s
[2019-03-25 22:00:22] SOLVER   111374 PPushes remaining with PInf 3.5217095e+02             10214s
[2019-03-25 22:01:12] SOLVER   109184 PPushes remaining with PInf 3.3659627e+02             10264s
[2019-03-25 22:01:40] SOLVER   106037 PPushes remaining with PInf 2.9826081e+02             10292s
[2019-03-25 22:01:43] SOLVER   103895 PPushes remaining with PInf 2.9476812e+02             10296s
[2019-03-25 22:01:50] SOLVER   100857 PPushes remaining with PInf 2.9235800e+02             10302s
[2019-03-25 22:01:53] SOLVER   99619 PPushes remaining with PInf 2.9015454e+02             10306s
[2019-03-25 22:01:59] SOLVER   97617 PPushes remaining with PInf 2.8594627e+02             10312s
[2019-03-25 22:02:04] SOLVER   95731 PPushes remaining with PInf 2.8372297e+02             10317s
[2019-03-25 22:02:11] SOLVER   93879 PPushes remaining with PInf 2.8237114e+02             10323s
[2019-03-25 22:02:13] SOLVER   92520 PPushes remaining with PInf 2.8200377e+02             10325s
[2019-03-25 22:02:18] SOLVER   89648 PPushes remaining with PInf 2.8035563e+02             10331s
[2019-03-25 22:03:03] SOLVER   84368 PPushes remaining with PInf 2.7593383e+02             10376s
[2019-03-25 22:03:08] SOLVER   81659 PPushes remaining with PInf 2.7562858e+02             10381s
[2019-03-25 22:03:13] SOLVER   80764 PPushes remaining with PInf 2.7510189e+02             10386s
[2019-03-25 22:03:19] SOLVER   78303 PPushes remaining with PInf 2.7498268e+02             10392s
[2019-03-25 22:03:31] SOLVER   76739 PPushes remaining with PInf 2.7368922e+02             10403s
[2019-03-25 22:03:42] SOLVER   75965 PPushes remaining with PInf 2.7368033e+02             10414s
[2019-03-25 22:03:46] SOLVER   74784 PPushes remaining with PInf 2.7367999e+02             10418s
[2019-03-25 22:03:57] SOLVER   73883 PPushes remaining with PInf 2.7345048e+02             10430s
[2019-03-25 22:04:02] SOLVER   73033 PPushes remaining with PInf 2.7065366e+02             10434s
[2019-03-25 22:04:04] SOLVER   71841 PPushes remaining with PInf 2.6995093e+02             10437s
[2019-03-25 22:19:10] SOLVER   36414 PPushes remaining with PInf 2.6966312e+02             11342s
[2019-03-25 22:25:01] SOLVER   20263 PPushes remaining with PInf 2.6838949e+02             11693s
[2019-03-25 22:25:52] SOLVER   16957 PPushes remaining with PInf 2.6675144e+02             11744s
[2019-03-25 22:26:04] SOLVER   13649 PPushes remaining with PInf 2.6471220e+02             11756s
[2019-03-25 22:26:11] SOLVER   12480 PPushes remaining with PInf 2.6242679e+02             11764s
[2019-03-25 22:26:14] SOLVER   11531 PPushes remaining with PInf 2.5934081e+02             11766s
[2019-03-25 22:26:19] SOLVER   6880 PPushes remaining with PInf 2.5927805e+02             11772s
[2019-03-25 22:26:29] SOLVER   23 PPushes remaining with PInf 2.5868449e+02             11782s
[2019-03-25 22:26:33] SOLVER   0 PPushes remaining with PInf 2.5866630e+02             11786s
[2019-03-25 22:26:34] SOLVER   Push phase complete: Pinf 2.5866630e+02, Dinf 1.5653194e+05  11786s
[2019-03-25 22:26:38] SOLVER   Iteration    Objective       Primal Inf.    Dual Inf.      Time
[2019-03-25 22:26:38] SOLVER   2153448    3.3637498e+05   0.000000e+00   1.565319e+05  11790s
[2019-03-25 22:27:34] SOLVER   2154192    3.3637494e+05   0.000000e+00   1.704148e+05  11846s
[2019-03-25 22:28:23] SOLVER   2154936    3.3637494e+05   0.000000e+00   1.702999e+05  11895s
[2019-03-25 22:29:13] SOLVER   2155680    3.3637494e+05   0.000000e+00   1.702291e+05  11946s
[2019-03-25 22:30:05] SOLVER   2156424    3.3637494e+05   0.000000e+00   1.701582e+05  11998s
[2019-03-25 22:30:56] SOLVER   2157168    3.3637494e+05   0.000000e+00   1.700873e+05  12048s
[2019-03-25 22:31:49] SOLVER   2157912    3.3637494e+05   0.000000e+00   1.700165e+05  12101s
[2019-03-25 22:32:41] SOLVER   2158656    3.3637494e+05   0.000000e+00   1.699456e+05  12154s
[2019-03-25 22:33:34] SOLVER   2159400    3.3637494e+05   0.000000e+00   1.698748e+05  12206s
[2019-03-25 22:34:27] SOLVER   2160144    3.3637494e+05   0.000000e+00   1.698039e+05  12259s
[2019-03-25 22:35:19] SOLVER   2160888    3.3637494e+05   0.000000e+00   4.635046e+05  12312s
[2019-03-25 22:36:02] SOLVER   2161632    3.3637494e+05   0.000000e+00   1.819197e+05  12354s
[2019-03-25 22:36:54] SOLVER   2162376    3.3637491e+05   0.000000e+00   2.262268e+04  12407s
[2019-03-25 22:37:44] SOLVER   2163120    3.3637477e+05   0.000000e+00   1.158230e+05  12457s
[2019-03-25 22:38:27] SOLVER   2163865    3.3637470e+05   0.000000e+00   8.038529e+06  12500s
[2019-03-25 22:39:17] SOLVER   2164611    3.3637451e+05   0.000000e+00   3.825898e+05  12549s
[2019-03-25 22:40:16] SOLVER   2165355    3.3637446e+05   0.000000e+00   5.513279e+05  12608s
[2019-03-25 22:41:13] SOLVER   2166101    3.3637442e+05   0.000000e+00   1.015527e+07  12665s
[2019-03-25 22:42:32] SOLVER   2166845    3.3637439e+05   0.000000e+00   1.542239e+04  12745s
[2019-03-25 22:43:21] SOLVER   2167591    3.3637437e+05   0.000000e+00   1.528377e+05  12794s
[2019-03-25 22:44:12] SOLVER   2168337    3.3637435e+05   0.000000e+00   5.622580e+02  12844s
[2019-03-25 22:45:06] SOLVER   2169085    3.3637434e+05   0.000000e+00   1.649715e+01  12898s
[2019-03-25 22:45:57] SOLVER   2169595    3.3637458e+05   1.565129e+02   0.000000e+00  12949s
[2019-03-25 22:46:51] SOLVER   2170133    3.3637529e+05   0.000000e+00   0.000000e+00  13004s
[2019-03-25 22:47:03] SOLVER   2170133    3.3637529e+05   0.000000e+00   0.000000e+00  13015s
[2019-03-25 22:47:03] SOLVER   Solved in 2170133 iterations and 13015.18 seconds
[2019-03-25 22:47:03] SOLVER   Optimal objective  3.363752918e+05
[2019-03-25 22:47:03] SOLVER   Changed value of parameter LogFile to
[2019-03-25 22:47:03] SOLVER   Prev: /cluster/work/cpesm/trtim/ose-model-comparison/tmpicyzodls.log  Default:
[2019-03-25 22:49:03] INFO     Backend: solver finished running. Time since start: 4:07:29.291360
[2019-03-25 22:49:07] INFO     Backend: loaded results
[2019-03-25 22:49:58] INFO     Backend: generated solution array. Time since start: 4:08:24.355252
[2019-03-25 22:49:58] INFO     Postprocessing: started
[2019-03-25 22:51:42] INFO     Postprocessing: All values < 1e-10 set to 0 in carrier_prod, carrier_con, storage
[2019-03-25 22:51:42] INFO     Postprocessing: ended. Time since start: 4:10:08.231019
[2019-03-25 22:51:43] WARNING  /cluster/work/cpesm/trtim/.conda/envs/ose-model-comparison/lib/python3.6/site-packages/distributed/config.py:20: YAMLLoadWarning:

calling yaml.load() without Loader=... is deprecated, as the default Loader is unsafe. Please read https://msg.pyyaml.org/load for full details.


HDF5-DIAG: Error detected in HDF5 (1.10.4) thread 47322731056768:
 #000: H5F.c line 444 in H5Fcreate(): unable to create file
   major: File accessibilty
   minor: Unable to open file
 #001: H5Fint.c line 1364 in H5F__create(): unable to open file
   major: File accessibilty
   minor: Unable to open file
 #002: H5Fint.c line 1559 in H5F_open(): unable to open file: name = '/cluster/work/cpesm/trtim/ose-model-comparison/build/output/minus6/03.nc', tent_flags = 13
   major: File accessibilty
   minor: Unable to open file
 #003: H5FD.c line 734 in H5FD_open(): open failed
   major: Virtual File Layer
   minor: Unable to initialize object
 #004: H5FDsec2.c line 346 in H5FD_sec2_open(): unable to open file: name = '/cluster/work/cpesm/trtim/ose-model-comparison/build/output/minus6/03.nc', errno = 2, error message = 'No such file or directory', flags = 13, o_flags = 242
   major: File accessibilty
   minor: Unable to open file
Calliope 0.6.4-dev starting at 2019-03-25 18:41:33

Model name:   Open Source Modelling -- Euro Calliope model
Model size:   34 locations, 17 technologies, 4380 timesteps

Starting model run...
Saving NetCDF results to file: build/output/minus6/03.nc

Error in save_netcdf:
[Errno 13] Permission denied: b'/cluster/work/cpesm/trtim/ose-model-comparison/build/output/minus6/03.nc'

Calliope run aborted due to an error. Elapsed: 15010.1 seconds (time at exit: 2019-03-25 22:51:43)


PS:

Fail to open output file build/output/minus6/03.log: No such file or directory.
Output is stored in this mail.
