Job <calliope run build/model/model.yaml --save_netcdf build/output/minus6/08.nc --scenario baseline --override_dict "{run.solver_options.FeasibilityTol: 1e-6, run.solver_options.OptimalityTol: 1e-6}"> was submitted from host <eu-login-14-ng> by user <trtim> in cluster <euler> at Mon Mar 25 18:22:58 2019
Job was executed on host(s) <4*eu-a6-010-15>, in queue <normal.24h>, as user <trtim> in cluster <euler> at Mon Mar 25 18:56:05 2019
</cluster/home/trtim> was used as the home directory.
</cluster/home/trtim/Develop/ose-model-comparison> was used as the working directory.
Started at Mon Mar 25 18:56:05 2019
Terminated at Mon Mar 25 21:59:51 2019
Results reported at Mon Mar 25 21:59:51 2019

Your job looked like:

------------------------------------------------------------
# LSBATCH: User input
calliope run build/model/model.yaml --save_netcdf build/output/minus6/08.nc --scenario baseline --override_dict "{run.solver_options.FeasibilityTol: 1e-6, run.solver_options.OptimalityTol: 1e-6}"
------------------------------------------------------------

Exited with exit code 1.

Resource usage summary:

   CPU time :                                   12122.38 sec.
   Max Memory :                                 37928 MB
   Average Memory :                             29892.41 MB
   Total Requested Memory :                     48000.00 MB
   Delta Memory :                               10072.00 MB
   Max Swap :                                   -
   Max Processes :                              4
   Max Threads :                                9
   Run time :                                   11032 sec.
   Turnaround time :                            13013 sec.

The output (if any) follows:

/cluster/work/cpesm/trtim/.conda/envs/ose-model-comparison/lib/python3.6/site-packages/dask/config.py:168: YAMLLoadWarning:

calling yaml.load() without Loader=... is deprecated, as the default Loader is unsafe. Please read https://msg.pyyaml.org/load for full details.

[2019-03-25 18:56:14] INFO     Model: initialising
[2019-03-25 18:56:15] INFO     `run.solver_options.FeasibilityTol`:1e-06 applied from override as new configuration
`run.solver_options.OptimalityTol`:1e-06 applied from override as new configuration
[2019-03-25 18:56:15] INFO     Using scenario `baseline` leading to the application of overrides `['diw_assumptions', 'diw_battery_baseline_cost', 'equal_interest_rate', 'no_hydrogen']`.
[2019-03-25 18:56:16] INFO     `locations.ALB.techs.hydrogen.exists`:False applied from override as new configuration
`locations.AUT.techs.hydrogen.exists`:False applied from override as new configuration
`locations.BEL.techs.hydrogen.exists`:False applied from override as new configuration
`locations.BGR.techs.hydrogen.exists`:False applied from override as new configuration
`locations.BIH.techs.hydrogen.exists`:False applied from override as new configuration
`locations.CHE.techs.hydrogen.exists`:False applied from override as new configuration
`locations.CYP.techs.hydrogen.exists`:False applied from override as new configuration
`locations.CZE.techs.hydrogen.exists`:False applied from override as new configuration
`locations.DEU.techs.hydrogen.exists`:False applied from override as new configuration
`locations.DNK.techs.hydrogen.exists`:False applied from override as new configuration
`locations.ESP.techs.hydrogen.exists`:False applied from override as new configuration
`locations.EST.techs.hydrogen.exists`:False applied from override as new configuration
`locations.FIN.techs.hydrogen.exists`:False applied from override as new configuration
`locations.FRA.techs.hydrogen.exists`:False applied from override as new configuration
`locations.GBR.techs.hydrogen.exists`:False applied from override as new configuration
`locations.GRC.techs.hydrogen.exists`:False applied from override as new configuration
`locations.HRV.techs.hydrogen.exists`:False applied from override as new configuration
`locations.HUN.techs.hydrogen.exists`:False applied from override as new configuration
`locations.IRL.techs.hydrogen.exists`:False applied from override as new configuration
`locations.ITA.techs.hydrogen.exists`:False applied from override as new configuration
`locations.LTU.techs.hydrogen.exists`:False applied from override as new configuration
`locations.LUX.techs.hydrogen.exists`:False applied from override as new configuration
`locations.LVA.techs.hydrogen.exists`:False applied from override as new configuration
`locations.MKD.techs.hydrogen.exists`:False applied from override as new configuration
`locations.MNE.techs.hydrogen.exists`:False applied from override as new configuration
`locations.NLD.techs.hydrogen.exists`:False applied from override as new configuration
`locations.NOR.techs.hydrogen.exists`:False applied from override as new configuration
`locations.POL.techs.hydrogen.exists`:False applied from override as new configuration
`locations.PRT.techs.hydrogen.exists`:False applied from override as new configuration
`locations.ROU.techs.hydrogen.exists`:False applied from override as new configuration
`locations.SRB.techs.hydrogen.exists`:False applied from override as new configuration
`locations.SVK.techs.hydrogen.exists`:False applied from override as new configuration
`locations.SVN.techs.hydrogen.exists`:False applied from override as new configuration
`locations.SWE.techs.hydrogen.exists`:False applied from override as new configuration
`tech_groups.conversion.costs.monetary.interest_rate`:0.04 applied from override as new configuration
`tech_groups.conversion_plus.costs.monetary.interest_rate`:0.04 applied from override as new configuration
`tech_groups.storage.costs.monetary.interest_rate`:0.04 applied from override as new configuration
`tech_groups.supply.costs.monetary.interest_rate`:0.04 applied from override as new configuration
`tech_groups.supply_plus.costs.monetary.interest_rate`:0.04 applied from override as new configuration
`tech_groups.transmission.costs.monetary.interest_rate`:0.04 applied from override as new configuration
Override applied to techs.battery.costs.monetary.energy_cap: 713.47 -> 135.14000000000001
`techs.battery.costs.monetary.interest_rate`:0.04 applied from override as new configuration
Override applied to techs.battery.costs.monetary.om_annual: 12.48 -> 0
Override applied to techs.battery.costs.monetary.om_prod: 0.0028 -> 0
Override applied to techs.battery.costs.monetary.storage_cap: 322.73 -> 315.32
`techs.battery.energy_eff`:0.9591663046625439 applied from override as new configuration
Override applied to techs.ccgt.costs.monetary.om_con: 0.03761 -> 0.03168
Override applied to techs.ccgt.costs.monetary.om_prod: 0.000132 -> 0.014832000000000001
Override applied to techs.coal.costs.monetary.om_con: 0.010920000000000001 -> 0.009720000000000001
Override applied to techs.coal.costs.monetary.om_prod: 0.001315 -> 0.025915
Override applied to techs.lignite.costs.monetary.om_con: 0.010920000000000001 -> 0.00396
Override applied to techs.lignite.costs.monetary.om_prod: 0.001315 -> 0.028614999999999998
Override applied to techs.nuclear.costs.monetary.om_con: 0.0064 -> 0.0016899999999999999
Override applied to techs.nuclear.costs.monetary.om_prod: 0.0006580000000000001 -> 0.001018
[2019-03-25 18:56:17] INFO     Model: preprocessing stage 1 (model_run)
[2019-03-25 18:56:24] INFO     Model: preprocessing stage 2 (model_data)
[2019-03-25 18:57:29] INFO     Model: preprocessing complete. Time since start: 0:01:14.437157
[2019-03-25 18:57:29] INFO     Backend: starting model run
[2019-03-25 19:11:57] INFO     Backend: model generated. Time since start: 0:15:43.121998
[2019-03-25 19:11:57] INFO     Backend: sending model to solver
[2019-03-25 19:23:49] SOLVER   Parameter OutputFlag unchanged
[2019-03-25 19:23:49] SOLVER   Value: 1  Min: 0  Max: 1  Default: 1
[2019-03-25 19:23:50] SOLVER   Changed value of parameter LogFile to /cluster/work/cpesm/trtim/ose-model-comparison/tmpltomon9s.log
[2019-03-25 19:23:50] SOLVER   Prev: gurobi.log  Default:
[2019-03-25 19:23:50] SOLVER   Parameter FeasibilityTol unchanged
[2019-03-25 19:23:50] SOLVER   Value: 1e-06  Min: 1e-09  Max: 0.01  Default: 1e-06
[2019-03-25 19:23:50] SOLVER   Changed value of parameter Method to 2
[2019-03-25 19:23:50] SOLVER   Prev: -1  Min: -1  Max: 5  Default: -1
[2019-03-25 19:23:50] SOLVER   Parameter OptimalityTol unchanged
[2019-03-25 19:23:50] SOLVER   Value: 1e-06  Min: 1e-09  Max: 0.01  Default: 1e-06
[2019-03-25 19:23:50] SOLVER   Changed value of parameter Threads to 4
[2019-03-25 19:23:50] SOLVER   Prev: 0  Min: 0  Max: 1024  Default: 0
[2019-03-25 19:23:50] SOLVER   Optimize a model with 9340786 rows, 7221010 columns and 24514096 nonzeros
[2019-03-25 19:23:50] SOLVER   Coefficient statistics:
[2019-03-25 19:23:50] SOLVER   Matrix range     [1e-05, 4e+02]
[2019-03-25 19:23:50] SOLVER   Objective range  [1e+00, 1e+00]
[2019-03-25 19:23:50] SOLVER   Bounds range     [5e-02, 2e+03]
[2019-03-25 19:23:50] SOLVER   RHS range        [7e-03, 2e+03]
[2019-03-25 19:23:55] SOLVER   Presolve removed 6267467 rows and 4374384 columns (presolve time = 5s) ...
[2019-03-25 19:24:00] SOLVER   Presolve removed 6939760 rows and 5016432 columns (presolve time = 10s) ...
[2019-03-25 19:24:02] SOLVER   Presolve removed 6939760 rows and 5016432 columns
[2019-03-25 19:24:02] SOLVER   Presolve time: 12.37s
[2019-03-25 19:24:02] SOLVER   Presolved: 2401026 rows, 2204578 columns, 8737607 nonzeros
[2019-03-25 19:24:17] SOLVER   Ordering time: 0.00s
[2019-03-25 19:24:19] SOLVER   Barrier statistics:
[2019-03-25 19:24:19] SOLVER   Dense cols : 270
[2019-03-25 19:24:19] SOLVER   AA' NZ     : 8.083e+06
[2019-03-25 19:24:19] SOLVER   Factor NZ  : 4.940e+07 (roughly 2.3 GBytes of memory)
[2019-03-25 19:24:19] SOLVER   Factor Ops : 1.057e+10 (less than 1 second per iteration)
[2019-03-25 19:24:19] SOLVER   Threads    : 4
[2019-03-25 19:24:21] SOLVER   Objective                Residual
[2019-03-25 19:24:21] SOLVER   Iter       Primal          Dual         Primal    Dual     Compl     Time
[2019-03-25 19:24:21] SOLVER   0   1.11153753e+08 -1.09281141e+08  1.68e+07 4.56e-01  9.17e+04    32s
[2019-03-25 19:24:23] SOLVER   1   1.30648078e+08 -1.13882685e+08  1.06e+07 3.84e+01  6.98e+04    34s
[2019-03-25 19:24:25] SOLVER   2   1.32078584e+08 -1.40766502e+08  1.01e+07 3.20e+01  6.26e+04    36s
[2019-03-25 19:24:28] SOLVER   3   1.23095719e+08 -3.58900188e+08  8.97e+06 2.46e+01  5.35e+04    38s
[2019-03-25 19:24:30] SOLVER   4   9.36192792e+07 -1.44204157e+09  7.69e+06 1.63e+01  4.42e+04    40s
[2019-03-25 19:24:32] SOLVER   5   8.15208662e+07 -2.24141212e+09  6.75e+06 8.48e+00  3.67e+04    42s
[2019-03-25 19:24:33] SOLVER   6   5.68046491e+07 -2.48555857e+09  3.95e+06 5.89e+00  2.22e+04    44s
[2019-03-25 19:24:36] SOLVER   7   3.80743051e+07 -2.39931590e+09  2.12e+06 1.23e+00  1.13e+04    46s
[2019-03-25 19:24:38] SOLVER   8   3.51901174e+07 -2.04319518e+09  1.83e+06 4.21e-01  9.34e+03    49s
[2019-03-25 19:24:40] SOLVER   9   3.03657149e+07 -1.87338630e+09  1.38e+06 2.59e-01  7.11e+03    51s
[2019-03-25 19:24:42] SOLVER   10   2.34514864e+07 -1.47249698e+09  6.96e+05 1.02e-01  3.63e+03    53s
[2019-03-25 19:24:44] SOLVER   11   1.85594637e+07 -1.06705442e+09  2.81e+05 3.99e-02  1.51e+03    54s
[2019-03-25 19:24:46] SOLVER   12   1.70125276e+07 -7.86111045e+08  1.27e+05 1.95e-02  7.25e+02    56s
[2019-03-25 19:24:48] SOLVER   13   1.66567839e+07 -7.09085865e+08  7.91e+04 1.60e-02  4.93e+02    58s
[2019-03-25 19:24:50] SOLVER   14   1.61623033e+07 -5.57183588e+08  4.16e+04 1.04e-02  2.90e+02    60s
[2019-03-25 19:24:52] SOLVER   15   1.54746560e+07 -2.35031627e+08  1.87e+04 1.15e-03  1.16e+02    63s
[2019-03-25 19:24:54] SOLVER   16   1.32902003e+07 -1.26833730e+08  1.01e+04 3.58e-07  5.61e+01    65s
[2019-03-25 19:24:56] SOLVER   17   1.24678143e+07 -1.22881883e+08  8.64e+03 3.31e-07  5.08e+01    67s
[2019-03-25 19:24:58] SOLVER   18   1.08720142e+07 -9.41353737e+07  6.08e+03 1.13e-07  3.56e+01    68s
[2019-03-25 19:25:00] SOLVER   19   9.42150732e+06 -5.79085510e+07  4.48e+03 1.63e-09  2.19e+01    71s
[2019-03-25 19:25:02] SOLVER   20   7.49127949e+06 -2.75402141e+07  3.03e+03 3.84e-08  1.09e+01    72s
[2019-03-25 19:25:04] SOLVER   21   4.85717390e+06 -1.58810691e+07  1.58e+03 4.36e-09  5.70e+00    74s
[2019-03-25 19:25:06] SOLVER   22   3.96106676e+06 -1.03487850e+07  1.18e+03 8.87e-10  3.76e+00    77s
[2019-03-25 19:25:09] SOLVER   23   3.19678788e+06 -7.43373501e+06  8.74e+02 1.19e-09  2.68e+00    79s
[2019-03-25 19:25:10] SOLVER   24   2.61480903e+06 -6.06325454e+06  6.61e+02 5.81e-10  2.11e+00    81s
[2019-03-25 19:25:12] SOLVER   25   2.01330028e+06 -4.86009491e+06  4.47e+02 4.52e-10  1.59e+00    82s
[2019-03-25 19:25:14] SOLVER   26   1.57594537e+06 -3.03943232e+06  2.22e+02 3.30e-10  1.04e+00    85s
[2019-03-25 19:25:16] SOLVER   27   1.26304831e+06 -2.23429011e+06  1.47e+02 2.52e-10  7.64e-01    86s
[2019-03-25 19:25:18] SOLVER   28   1.11513757e+06 -1.09135666e+06  1.20e+02 3.29e-10  4.78e-01    88s
[2019-03-25 19:25:20] SOLVER   29   9.42217370e+05 -7.31378501e+05  9.07e+01 1.15e-09  3.57e-01    91s
[2019-03-25 19:25:22] SOLVER   30   8.61229413e+05 -6.12806639e+05  7.72e+01 9.45e-10  3.12e-01    93s
[2019-03-25 19:25:24] SOLVER   31   8.15449976e+05 -5.61084078e+05  6.75e+01 8.85e-10  2.90e-01    94s
[2019-03-25 19:25:26] SOLVER   32   7.51645061e+05 -3.45482306e+05  4.67e+01 4.64e-10  2.29e-01    97s
[2019-03-25 19:25:29] SOLVER   33   6.51976272e+05 -2.22999301e+05  4.37e+01 4.13e-10  1.81e-01    99s
[2019-03-25 19:25:31] SOLVER   34   5.80753699e+05 -2.88087330e+04  2.25e+01 2.63e-10  1.25e-01   101s
[2019-03-25 19:25:33] SOLVER   35   5.46577835e+05  5.81398759e+04  1.90e+01 2.24e-10  9.97e-02   103s
[2019-03-25 19:25:34] SOLVER   36   5.38492975e+05  1.05015767e+05  1.82e+01 1.86e-10  8.85e-02   105s
[2019-03-25 19:25:36] SOLVER   37   5.07423156e+05  1.72902577e+05  1.50e+01 1.59e-10  6.81e-02   107s
[2019-03-25 19:25:38] SOLVER   38   4.67045754e+05  2.12846183e+05  1.11e+01 1.06e-10  5.15e-02   109s
[2019-03-25 19:25:41] SOLVER   39   4.43498797e+05  2.37204404e+05  8.85e+00 8.61e-11  4.17e-02   111s
[2019-03-25 19:25:43] SOLVER   40   4.28731010e+05  2.58397247e+05  7.23e+00 6.31e-11  3.43e-02   113s
[2019-03-25 19:25:45] SOLVER   41   4.22142261e+05  2.70450155e+05  6.57e+00 5.15e-11  3.05e-02   115s
[2019-03-25 19:25:46] SOLVER   42   4.08651099e+05  2.79049181e+05  5.16e+00 4.91e-11  2.61e-02   117s
[2019-03-25 19:25:48] SOLVER   43   3.96398042e+05  2.83927867e+05  3.72e+00 5.46e-11  2.26e-02   119s
[2019-03-25 19:25:50] SOLVER   44   3.89586378e+05  2.90629950e+05  2.75e+00 3.67e-11  1.98e-02   121s
[2019-03-25 19:25:52] SOLVER   45   3.82047685e+05  2.96478260e+05  2.15e+00 3.18e-11  1.71e-02   123s
[2019-03-25 19:25:55] SOLVER   46   3.72678159e+05  3.04270979e+05  1.73e+00 2.27e-11  1.37e-02   125s
[2019-03-25 19:25:57] SOLVER   47   3.70231568e+05  3.11978280e+05  1.61e+00 1.65e-11  1.17e-02   127s
[2019-03-25 19:25:59] SOLVER   48   3.67725961e+05  3.14703407e+05  1.49e+00 3.00e-11  1.06e-02   129s
[2019-03-25 19:26:00] SOLVER   49   3.63148248e+05  3.16035621e+05  1.28e+00 1.82e-11  9.41e-03   131s
[2019-03-25 19:26:02] SOLVER   50   3.62397855e+05  3.17553153e+05  1.24e+00 1.48e-11  8.96e-03   133s
[2019-03-25 19:26:04] SOLVER   51   3.60156157e+05  3.19632555e+05  1.13e+00 1.18e-11  8.09e-03   135s
[2019-03-25 19:26:06] SOLVER   52   3.58894421e+05  3.21282903e+05  1.08e+00 1.71e-11  7.51e-03   137s
[2019-03-25 19:26:09] SOLVER   53   3.56364651e+05  3.24273662e+05  9.58e-01 2.86e-11  6.41e-03   140s
[2019-03-25 19:26:11] SOLVER   54   3.52480118e+05  3.25259197e+05  7.88e-01 1.51e-11  5.43e-03   142s
[2019-03-25 19:26:13] SOLVER   55   3.51134469e+05  3.26793245e+05  7.21e-01 1.92e-11  4.86e-03   143s
[2019-03-25 19:26:14] SOLVER   56   3.50402402e+05  3.27122857e+05  6.84e-01 3.56e-11  4.64e-03   145s
[2019-03-25 19:26:17] SOLVER   57   3.49742011e+05  3.27440764e+05  6.53e-01 1.01e-11  4.45e-03   147s
[2019-03-25 19:26:18] SOLVER   58   3.49545932e+05  3.27505438e+05  6.44e-01 2.24e-11  4.40e-03   149s
[2019-03-25 19:26:21] SOLVER   59   3.48764363e+05  3.28076898e+05  6.05e-01 2.79e-11  4.13e-03   151s
[2019-03-25 19:26:23] SOLVER   60   3.47621073e+05  3.29734437e+05  5.49e-01 2.79e-11  3.57e-03   154s
[2019-03-25 19:26:25] SOLVER   61   3.47399487e+05  3.30064754e+05  5.38e-01 3.97e-11  3.46e-03   156s
[2019-03-25 19:26:27] SOLVER   62   3.47151705e+05  3.30198567e+05  5.26e-01 2.01e-11  3.38e-03   157s
[2019-03-25 19:26:29] SOLVER   63   3.46456622e+05  3.30800115e+05  4.94e-01 3.97e-11  3.12e-03   159s
[2019-03-25 19:26:31] SOLVER   64   3.44393033e+05  3.31393282e+05  3.98e-01 3.60e-11  2.59e-03   161s
[2019-03-25 19:26:33] SOLVER   65   3.43823240e+05  3.31789335e+05  3.71e-01 3.42e-11  2.40e-03   163s
[2019-03-25 19:26:35] SOLVER   66   3.43160277e+05  3.32244185e+05  3.38e-01 3.61e-11  2.18e-03   165s
[2019-03-25 19:26:37] SOLVER   67   3.43024151e+05  3.32512867e+05  3.32e-01 3.29e-11  2.09e-03   167s
[2019-03-25 19:26:40] SOLVER   68   3.41784529e+05  3.32836616e+05  2.73e-01 3.29e-11  1.78e-03   171s
[2019-03-25 19:26:43] SOLVER   69   3.41470805e+05  3.32956816e+05  2.58e-01 3.29e-11  1.70e-03   173s
[2019-03-25 19:26:45] SOLVER   70   3.41323598e+05  3.33343718e+05  2.51e-01 2.79e-11  1.59e-03   175s
[2019-03-25 19:26:47] SOLVER   71   3.40665121e+05  3.33565388e+05  2.18e-01 1.92e-11  1.41e-03   177s
[2019-03-25 19:26:48] SOLVER   72   3.40609678e+05  3.33593464e+05  2.15e-01 2.92e-11  1.40e-03   179s
[2019-03-25 19:26:50] SOLVER   73   3.40411828e+05  3.33775312e+05  2.06e-01 3.38e-11  1.32e-03   181s
[2019-03-25 19:26:52] SOLVER   74   3.40224119e+05  3.33888123e+05  1.96e-01 2.88e-11  1.26e-03   182s
[2019-03-25 19:26:53] SOLVER   75   3.39941992e+05  3.34121774e+05  1.80e-01 1.86e-11  1.16e-03   184s
[2019-03-25 19:26:55] SOLVER   76   3.39836590e+05  3.34386340e+05  1.75e-01 3.33e-11  1.09e-03   186s
[2019-03-25 19:26:57] SOLVER   77   3.39424942e+05  3.34716545e+05  1.54e-01 8.41e-11  9.38e-04   188s
[2019-03-25 19:26:59] SOLVER   78   3.39132137e+05  3.34948299e+05  1.40e-01 1.03e-10  8.33e-04   190s
[2019-03-25 19:27:02] SOLVER   79   3.38900873e+05  3.35243160e+05  1.28e-01 1.16e-10  7.28e-04   192s
[2019-03-25 19:27:04] SOLVER   80   3.38381245e+05  3.35383425e+05  1.03e-01 1.12e-10  5.97e-04   194s
[2019-03-25 19:27:06] SOLVER   81   3.38334018e+05  3.35448764e+05  1.01e-01 5.87e-11  5.74e-04   196s
[2019-03-25 19:27:07] SOLVER   82   3.38300035e+05  3.35469425e+05  9.91e-02 5.42e-11  5.63e-04   198s
[2019-03-25 19:27:10] SOLVER   83   3.38120499e+05  3.35531812e+05  9.02e-02 4.83e-11  5.15e-04   200s
[2019-03-25 19:27:11] SOLVER   84   3.38048718e+05  3.35556877e+05  8.65e-02 4.97e-11  4.96e-04   202s
[2019-03-25 19:27:13] SOLVER   85   3.37845077e+05  3.35684626e+05  7.68e-02 6.80e-11  4.30e-04   204s
[2019-03-25 19:27:16] SOLVER   86   3.37779004e+05  3.35782471e+05  7.36e-02 8.31e-11  3.97e-04   206s
[2019-03-25 19:27:18] SOLVER   87   3.37539767e+05  3.35827144e+05  6.15e-02 7.04e-11  3.41e-04   209s
[2019-03-25 19:27:20] SOLVER   88   3.37514328e+05  3.35855397e+05  6.02e-02 6.47e-11  3.30e-04   210s
[2019-03-25 19:27:22] SOLVER   89   3.37472561e+05  3.35864313e+05  5.79e-02 6.61e-11  3.20e-04   212s
[2019-03-25 19:27:24] SOLVER   90   3.37374313e+05  3.35886919e+05  5.30e-02 6.22e-11  2.96e-04   214s
[2019-03-25 19:27:25] SOLVER   91   3.37308109e+05  3.35902215e+05  4.95e-02 6.47e-11  2.80e-04   216s
[2019-03-25 19:27:28] SOLVER   92   3.37246080e+05  3.35934103e+05  4.65e-02 5.30e-11  2.61e-04   218s
[2019-03-25 19:27:30] SOLVER   93   3.37150630e+05  3.35986805e+05  4.18e-02 5.83e-11  2.31e-04   221s
[2019-03-25 19:27:32] SOLVER   94   3.37109740e+05  3.36010026e+05  3.97e-02 5.09e-11  2.19e-04   223s
[2019-03-25 19:27:34] SOLVER   95   3.37100529e+05  3.36017592e+05  3.92e-02 4.38e-11  2.15e-04   224s
[2019-03-25 19:27:36] SOLVER   96   3.37075365e+05  3.36035971e+05  3.78e-02 4.41e-11  2.07e-04   226s
[2019-03-25 19:27:38] SOLVER   97   3.37007434e+05  3.36061496e+05  3.40e-02 6.30e-11  1.88e-04   228s
[2019-03-25 19:27:39] SOLVER   98   3.36966389e+05  3.36076019e+05  3.18e-02 6.50e-11  1.77e-04   230s
[2019-03-25 19:27:42] SOLVER   99   3.36927679e+05  3.36108294e+05  2.97e-02 3.51e-11  1.63e-04   232s
[2019-03-25 19:27:44] SOLVER   100   3.36904917e+05  3.36121094e+05  2.85e-02 5.73e-11  1.56e-04   235s
[2019-03-25 19:27:46] SOLVER   101   3.36875408e+05  3.36130561e+05  2.70e-02 3.82e-11  1.48e-04   237s
[2019-03-25 19:27:48] SOLVER   102   3.36868713e+05  3.36134071e+05  2.67e-02 3.46e-11  1.46e-04   239s
[2019-03-25 19:27:50] SOLVER   103   3.36859499e+05  3.36138950e+05  2.62e-02 4.64e-11  1.43e-04   240s
[2019-03-25 19:27:52] SOLVER   104   3.36827999e+05  3.36151657e+05  2.45e-02 3.55e-11  1.34e-04   242s
[2019-03-25 19:27:54] SOLVER   105   3.36816710e+05  3.36154904e+05  2.39e-02 4.50e-11  1.32e-04   244s
[2019-03-25 19:27:56] SOLVER   106   3.36792666e+05  3.36178058e+05  2.26e-02 5.28e-11  1.22e-04   246s
[2019-03-25 19:27:58] SOLVER   107   3.36743450e+05  3.36187464e+05  2.01e-02 4.00e-11  1.10e-04   249s
[2019-03-25 19:28:01] SOLVER   108   3.36741394e+05  3.36194391e+05  2.00e-02 4.00e-11  1.09e-04   251s
[2019-03-25 19:28:02] SOLVER   109   3.36730881e+05  3.36212361e+05  1.94e-02 5.78e-11  1.03e-04   253s
[2019-03-25 19:28:04] SOLVER   110   3.36708307e+05  3.36220898e+05  1.81e-02 4.41e-11  9.69e-05   254s
[2019-03-25 19:28:06] SOLVER   111   3.36686053e+05  3.36232973e+05  1.70e-02 3.37e-11  9.01e-05   257s
[2019-03-25 19:28:08] SOLVER   112   3.36651848e+05  3.36249293e+05  1.51e-02 2.09e-10  8.00e-05   258s
[2019-03-25 19:28:10] SOLVER   113   3.36631062e+05  3.36258092e+05  1.39e-02 1.98e-10  7.41e-05   260s
[2019-03-25 19:28:13] SOLVER   114   3.36581380e+05  3.36278810e+05  1.13e-02 1.13e-09  6.01e-05   263s
[2019-03-25 19:28:15] SOLVER   115   3.36563808e+05  3.36302179e+05  1.03e-02 6.15e-11  5.20e-05   265s
[2019-03-25 19:28:16] SOLVER   116   3.36553467e+05  3.36309021e+05  9.74e-03 3.22e-10  4.86e-05   267s
[2019-03-25 19:28:18] SOLVER   117   3.36530151e+05  3.36315963e+05  8.43e-03 1.58e-09  4.26e-05   269s
[2019-03-25 19:28:20] SOLVER   118   3.36513349e+05  3.36329130e+05  7.52e-03 1.45e-09  3.66e-05   271s
[2019-03-25 19:28:23] SOLVER   119   3.36489320e+05  3.36334092e+05  6.25e-03 2.40e-10  3.09e-05   273s
[2019-03-25 19:28:25] SOLVER   120   3.36475933e+05  3.36343030e+05  5.52e-03 8.93e-11  2.64e-05   275s
[2019-03-25 19:28:27] SOLVER   121   3.36466823e+05  3.36344965e+05  5.02e-03 9.05e-11  2.42e-05   277s
[2019-03-25 19:28:28] SOLVER   122   3.36464686e+05  3.36346422e+05  4.91e-03 8.82e-11  2.35e-05   279s
[2019-03-25 19:28:30] SOLVER   123   3.36459127e+05  3.36349338e+05  4.60e-03 8.61e-11  2.18e-05   281s
[2019-03-25 19:28:32] SOLVER   124   3.36445368e+05  3.36351791e+05  3.90e-03 1.07e-09  1.86e-05   283s
[2019-03-25 19:28:35] SOLVER   125   3.36439274e+05  3.36356820e+05  3.56e-03 9.73e-11  1.64e-05   285s
[2019-03-25 19:28:37] SOLVER   126   3.36427121e+05  3.36358486e+05  2.91e-03 7.35e-11  1.36e-05   287s
[2019-03-25 19:28:39] SOLVER   127   3.36423121e+05  3.36359886e+05  2.68e-03 7.05e-11  1.26e-05   289s
[2019-03-25 19:28:40] SOLVER   128   3.36421208e+05  3.36360879e+05  2.58e-03 6.74e-11  1.20e-05   291s
[2019-03-25 19:28:43] SOLVER   129   3.36418011e+05  3.36362549e+05  2.39e-03 6.70e-11  1.10e-05   293s
[2019-03-25 19:28:44] SOLVER   130   3.36416127e+05  3.36362875e+05  2.28e-03 6.69e-11  1.06e-05   295s
[2019-03-25 19:28:46] SOLVER   131   3.36408190e+05  3.36363858e+05  1.87e-03 6.24e-11  8.81e-06   297s
[2019-03-25 19:28:49] SOLVER   132   3.36403594e+05  3.36366379e+05  1.60e-03 6.14e-11  7.40e-06   300s
[2019-03-25 19:28:51] SOLVER   133   3.36401302e+05  3.36367966e+05  1.48e-03 6.48e-11  6.63e-06   302s
[2019-03-25 19:28:53] SOLVER   134   3.36399704e+05  3.36368700e+05  1.38e-03 6.27e-11  6.16e-06   303s
[2019-03-25 19:28:54] SOLVER   135   3.36396906e+05  3.36369388e+05  1.22e-03 1.30e-10  5.47e-06   305s
[2019-03-25 19:28:57] SOLVER   136   3.36393985e+05  3.36370414e+05  1.05e-03 1.67e-10  4.69e-06   307s
[2019-03-25 19:28:58] SOLVER   137   3.36392877e+05  3.36370848e+05  9.87e-04 1.92e-10  4.38e-06   309s
[2019-03-25 19:29:01] SOLVER   138   3.36389133e+05  3.36371143e+05  7.87e-04 2.06e-10  3.58e-06   311s
[2019-03-25 19:29:03] SOLVER   139   3.36388671e+05  3.36371326e+05  7.63e-04 2.09e-10  3.45e-06   314s
[2019-03-25 19:29:05] SOLVER   140   3.36386331e+05  3.36371742e+05  6.28e-04 1.87e-07  2.90e-06   316s
[2019-03-25 19:29:07] SOLVER   141   3.36384623e+05  3.36372075e+05  5.28e-04 1.70e-07  2.49e-06   317s
[2019-03-25 19:29:09] SOLVER   142   3.36383799e+05  3.36372516e+05  4.80e-04 1.46e-07  2.24e-06   319s
[2019-03-25 19:29:11] SOLVER   143   3.36382336e+05  3.36373365e+05  3.98e-04 1.01e-07  1.78e-06   321s
[2019-03-25 19:29:12] SOLVER   144   3.36381611e+05  3.36373485e+05  3.56e-04 9.50e-08  1.61e-06   323s
[2019-03-25 19:29:15] SOLVER   145   3.36380803e+05  3.36373921e+05  3.13e-04 7.18e-08  1.37e-06   325s
[2019-03-25 19:29:17] SOLVER   146   3.36380208e+05  3.36374072e+05  2.82e-04 6.38e-08  1.22e-06   328s
[2019-03-25 19:29:19] SOLVER   147   3.36379823e+05  3.36374213e+05  2.61e-04 5.45e-08  1.12e-06   330s
[2019-03-25 19:29:21] SOLVER   148   3.36379515e+05  3.36374262e+05  2.43e-04 5.16e-08  1.04e-06   332s
[2019-03-25 19:29:23] SOLVER   149   3.36379387e+05  3.36374321e+05  2.36e-04 4.81e-08  1.01e-06   333s
[2019-03-25 19:29:25] SOLVER   150   3.36379036e+05  3.36374375e+05  2.15e-04 4.54e-08  9.27e-07   335s
[2019-03-25 19:29:27] SOLVER   151   3.36378863e+05  3.36374447e+05  2.05e-04 4.18e-08  8.78e-07   337s
[2019-03-25 19:29:29] SOLVER   152   3.36378526e+05  3.36374660e+05  1.85e-04 3.12e-08  7.69e-07   339s
[2019-03-25 19:29:31] SOLVER   153   3.36377664e+05  3.36374736e+05  1.35e-04 2.70e-08  5.82e-07   342s
[2019-03-25 19:29:34] SOLVER   154   3.36377432e+05  3.36374849e+05  1.22e-04 2.19e-08  5.14e-07   344s
[2019-03-25 19:29:35] SOLVER   155   3.36377352e+05  3.36374869e+05  1.17e-04 2.09e-08  4.94e-07   346s
[2019-03-25 19:29:37] SOLVER   156   3.36377171e+05  3.36374893e+05  1.07e-04 1.96e-08  4.53e-07   347s
[2019-03-25 19:29:39] SOLVER   157   3.36376881e+05  3.36375002e+05  9.11e-05 1.40e-08  3.74e-07   350s
[2019-03-25 19:29:41] SOLVER   158   3.36376703e+05  3.36375028e+05  8.03e-05 1.00e-04  3.33e-07   352s
[2019-03-25 19:29:44] SOLVER   159   3.36376593e+05  3.36375057e+05  7.44e-05 8.93e-05  3.06e-07   354s
[2019-03-25 19:29:46] SOLVER   160   3.36376446e+05  3.36375075e+05  6.59e-05 8.22e-05  2.73e-07   356s
[2019-03-25 19:29:49] SOLVER   161   3.36376314e+05  3.36375120e+05  5.90e-05 6.52e-05  2.38e-07   359s
[2019-03-25 19:29:52] SOLVER   162   3.36376232e+05  3.36375131e+05  5.45e-05 6.09e-05  2.19e-07   362s
[2019-03-25 19:29:54] SOLVER   163   3.36376103e+05  3.36375148e+05  4.73e-05 5.42e-05  1.90e-07   364s
[2019-03-25 19:29:55] SOLVER   164   3.36376065e+05  3.36375156e+05  4.52e-05 5.05e-05  1.81e-07   366s
[2019-03-25 19:29:57] SOLVER   165   3.36376025e+05  3.36375166e+05  4.28e-05 4.68e-05  1.71e-07   368s
[2019-03-25 19:29:59] SOLVER   166   3.36375957e+05  3.36375184e+05  3.88e-05 3.87e-05  1.54e-07   369s
[2019-03-25 19:30:00] SOLVER   167   3.36375860e+05  3.36375190e+05  3.31e-05 3.65e-05  1.33e-07   371s
[2019-03-25 19:30:02] SOLVER   168   3.36375831e+05  3.36375206e+05  3.14e-05 2.02e-05  1.24e-07   373s
[2019-03-25 19:30:04] SOLVER   169   3.36375717e+05  3.36375218e+05  2.48e-05 1.70e-05  9.94e-08   374s
[2019-03-25 19:30:06] SOLVER   170   3.36375663e+05  3.36375223e+05  2.18e-05 1.57e-05  8.75e-08   377s
[2019-03-25 19:30:08] SOLVER   171   3.36375646e+05  3.36375225e+05  2.07e-05 1.54e-05  8.37e-08   378s
[2019-03-25 19:30:10] SOLVER   172   3.36375618e+05  3.36375232e+05  1.91e-05 1.37e-05  7.67e-08   380s
[2019-03-25 19:30:12] SOLVER   173   3.36375605e+05  3.36375234e+05  1.83e-05 1.31e-05  7.37e-08   383s
[2019-03-25 19:30:12] SOLVER   Barrier solved model in 173 iterations and 382.55 seconds
[2019-03-25 19:30:12] SOLVER   Optimal objective 3.36375605e+05
[2019-03-25 19:30:13] SOLVER   Crossover log...
[2019-03-25 19:30:14] SOLVER   658518 DPushes remaining with DInf 1.8336515e+02               385s
[2019-03-25 19:30:15] SOLVER   593061 DPushes remaining with DInf 1.8272364e+02               385s
[2019-03-25 19:30:20] SOLVER   564849 DPushes remaining with DInf 1.8240738e+02               391s
[2019-03-25 19:30:25] SOLVER   559641 DPushes remaining with DInf 1.8240738e+02               396s
[2019-03-25 19:30:30] SOLVER   551313 DPushes remaining with DInf 1.8191450e+02               400s
[2019-03-25 19:30:35] SOLVER   545083 DPushes remaining with DInf 4.0167288e+02               405s
[2019-03-25 19:30:40] SOLVER   542107 DPushes remaining with DInf 4.0167288e+02               411s
[2019-03-25 19:30:46] SOLVER   539875 DPushes remaining with DInf 4.0167288e+02               417s
[2019-03-25 19:30:50] SOLVER   538387 DPushes remaining with DInf 4.0167288e+02               420s
[2019-03-25 19:30:55] SOLVER   533923 DPushes remaining with DInf 4.0167288e+02               425s
[2019-03-25 19:31:00] SOLVER   529459 DPushes remaining with DInf 4.0167288e+02               431s
[2019-03-25 19:31:05] SOLVER   525739 DPushes remaining with DInf 4.0167288e+02               435s
[2019-03-25 19:31:10] SOLVER   520531 DPushes remaining with DInf 4.0167288e+02               441s
[2019-03-25 19:31:15] SOLVER   516067 DPushes remaining with DInf 4.0167288e+02               445s
[2019-03-25 19:31:20] SOLVER   510859 DPushes remaining with DInf 4.0167288e+02               451s
[2019-03-25 19:31:25] SOLVER   507139 DPushes remaining with DInf 4.0167288e+02               455s
[2019-03-25 19:31:30] SOLVER   502675 DPushes remaining with DInf 4.0167288e+02               460s
[2019-03-25 19:31:35] SOLVER   496723 DPushes remaining with DInf 4.0167288e+02               465s
[2019-03-25 19:31:40] SOLVER   491515 DPushes remaining with DInf 4.0164480e+02               471s
[2019-03-25 19:31:45] SOLVER   488539 DPushes remaining with DInf 4.0164480e+02               475s
[2019-03-25 19:31:50] SOLVER   486307 DPushes remaining with DInf 4.0164480e+02               481s
[2019-03-25 19:31:55] SOLVER   484075 DPushes remaining with DInf 4.0164480e+02               486s
[2019-03-25 19:32:00] SOLVER   481843 DPushes remaining with DInf 4.0164480e+02               491s
[2019-03-25 19:32:05] SOLVER   479611 DPushes remaining with DInf 4.0164480e+02               496s
[2019-03-25 19:32:11] SOLVER   477379 DPushes remaining with DInf 4.0164480e+02               502s
[2019-03-25 19:32:15] SOLVER   475891 DPushes remaining with DInf 4.0164480e+02               505s
[2019-03-25 19:32:20] SOLVER   473659 DPushes remaining with DInf 4.0164480e+02               510s
[2019-03-25 19:32:25] SOLVER   471427 DPushes remaining with DInf 4.0164480e+02               515s
[2019-03-25 19:32:30] SOLVER   468451 DPushes remaining with DInf 4.0164480e+02               521s
[2019-03-25 19:32:35] SOLVER   466219 DPushes remaining with DInf 4.0164480e+02               526s
[2019-03-25 19:32:40] SOLVER   463987 DPushes remaining with DInf 4.0164480e+02               530s
[2019-03-25 19:32:46] SOLVER   461011 DPushes remaining with DInf 4.0164480e+02               536s
[2019-03-25 19:32:50] SOLVER   458779 DPushes remaining with DInf 4.0164480e+02               541s
[2019-03-25 19:32:56] SOLVER   455803 DPushes remaining with DInf 4.0164480e+02               546s
[2019-03-25 19:33:00] SOLVER   453571 DPushes remaining with DInf 4.0164480e+02               551s
[2019-03-25 19:33:05] SOLVER   451339 DPushes remaining with DInf 4.0164480e+02               556s
[2019-03-25 19:33:11] SOLVER   448362 DPushes remaining with DInf 4.0164480e+02               561s
[2019-03-25 19:33:16] SOLVER   446130 DPushes remaining with DInf 4.0164480e+02               566s
[2019-03-25 19:33:21] SOLVER   443898 DPushes remaining with DInf 4.0164480e+02               571s
[2019-03-25 19:33:25] SOLVER   440921 DPushes remaining with DInf 4.0164480e+02               576s
[2019-03-25 19:33:30] SOLVER   437945 DPushes remaining with DInf 4.0164480e+02               580s
[2019-03-25 19:33:36] SOLVER   435713 DPushes remaining with DInf 4.0164480e+02               587s
[2019-03-25 19:33:41] SOLVER   434225 DPushes remaining with DInf 4.0164480e+02               591s
[2019-03-25 19:33:45] SOLVER   432737 DPushes remaining with DInf 4.0164480e+02               596s
[2019-03-25 19:33:51] SOLVER   430505 DPushes remaining with DInf 4.0164480e+02               602s
[2019-03-25 19:33:55] SOLVER   429017 DPushes remaining with DInf 4.0164480e+02               606s
[2019-03-25 19:34:01] SOLVER   426785 DPushes remaining with DInf 4.0164480e+02               612s
[2019-03-25 19:34:05] SOLVER   425297 DPushes remaining with DInf 4.0164480e+02               615s
[2019-03-25 19:34:10] SOLVER   423065 DPushes remaining with DInf 4.0164480e+02               621s
[2019-03-25 19:34:15] SOLVER   420833 DPushes remaining with DInf 4.0164480e+02               625s
[2019-03-25 19:34:21] SOLVER   417856 DPushes remaining with DInf 4.0164480e+02               631s
[2019-03-25 19:34:25] SOLVER   415624 DPushes remaining with DInf 4.0164480e+02               636s
[2019-03-25 19:34:30] SOLVER   413392 DPushes remaining with DInf 4.0164480e+02               641s
[2019-03-25 19:34:36] SOLVER   410416 DPushes remaining with DInf 4.0164480e+02               646s
[2019-03-25 19:34:40] SOLVER   407440 DPushes remaining with DInf 4.0164480e+02               651s
[2019-03-25 19:34:45] SOLVER   404464 DPushes remaining with DInf 4.0164480e+02               655s
[2019-03-25 19:34:50] SOLVER   400743 DPushes remaining with DInf 4.0164480e+02               661s
[2019-03-25 19:34:55] SOLVER   397767 DPushes remaining with DInf 4.0164480e+02               666s
[2019-03-25 19:35:00] SOLVER   394790 DPushes remaining with DInf 4.0162319e+02               671s
[2019-03-25 19:35:05] SOLVER   391070 DPushes remaining with DInf 4.0162319e+02               675s
[2019-03-25 19:35:10] SOLVER   387350 DPushes remaining with DInf 4.2338977e+02               680s
[2019-03-25 19:35:15] SOLVER   382886 DPushes remaining with DInf 4.2338977e+02               686s
[2019-03-25 19:35:20] SOLVER   378421 DPushes remaining with DInf 4.2338977e+02               691s
[2019-03-25 19:35:25] SOLVER   374698 DPushes remaining with DInf 4.1979985e+02               696s
[2019-03-25 19:35:30] SOLVER   372462 DPushes remaining with DInf 4.1976634e+02               701s
[2019-03-25 19:35:35] SOLVER   370971 DPushes remaining with DInf 4.1974028e+02               705s
[2019-03-25 19:35:40] SOLVER   368738 DPushes remaining with DInf 4.1972515e+02               710s
[2019-03-25 19:35:46] SOLVER   366506 DPushes remaining with DInf 4.1971052e+02               716s
[2019-03-25 19:35:51] SOLVER   364274 DPushes remaining with DInf 4.1968284e+02               721s
[2019-03-25 19:35:55] SOLVER   362786 DPushes remaining with DInf 4.1967366e+02               725s
[2019-03-25 19:36:00] SOLVER   359810 DPushes remaining with DInf 4.1965676e+02               730s
[2019-03-25 19:36:05] SOLVER   356833 DPushes remaining with DInf 4.1963233e+02               736s
[2019-03-25 19:36:10] SOLVER   353113 DPushes remaining with DInf 4.1962307e+02               741s
[2019-03-25 19:36:15] SOLVER   349393 DPushes remaining with DInf 4.1960888e+02               746s
[2019-03-25 19:36:21] SOLVER   345672 DPushes remaining with DInf 4.1959556e+02               751s
[2019-03-25 19:36:25] SOLVER   342695 DPushes remaining with DInf 4.1958362e+02               756s
[2019-03-25 19:36:30] SOLVER   340463 DPushes remaining with DInf 2.7877966e+02               760s
[2019-03-25 19:36:35] SOLVER   336743 DPushes remaining with DInf 2.7877966e+02               766s
[2019-03-25 19:36:40] SOLVER   333023 DPushes remaining with DInf 2.7877966e+02               770s
[2019-03-25 19:36:45] SOLVER   327735 DPushes remaining with DInf 2.7766437e+02               776s
[2019-03-25 19:36:50] SOLVER   323503 DPushes remaining with DInf 8.0092844e+03               780s
[2019-03-25 19:36:55] SOLVER   317561 DPushes remaining with DInf 7.6910193e+03               785s
[2019-03-25 19:37:00] SOLVER   313483 DPushes remaining with DInf 7.6292617e+03               791s
[2019-03-25 19:37:05] SOLVER   309625 DPushes remaining with DInf 7.6204118e+03               795s
[2019-03-25 19:37:10] SOLVER   304337 DPushes remaining with DInf 7.6109851e+03               800s
[2019-03-25 19:37:15] SOLVER   300037 DPushes remaining with DInf 7.6055872e+03               806s
[2019-03-25 19:37:20] SOLVER   295375 DPushes remaining with DInf 7.6020085e+03               810s
[2019-03-25 19:37:25] SOLVER   289741 DPushes remaining with DInf 7.4955690e+03               816s
[2019-03-25 19:37:30] SOLVER   285203 DPushes remaining with DInf 7.4919393e+03               820s
[2019-03-25 19:37:35] SOLVER   280115 DPushes remaining with DInf 7.4894803e+03               826s
[2019-03-25 19:37:40] SOLVER   276082 DPushes remaining with DInf 7.4879025e+03               831s
[2019-03-25 19:37:45] SOLVER   272665 DPushes remaining with DInf 7.4654124e+03               836s
[2019-03-25 19:37:50] SOLVER   269979 DPushes remaining with DInf 7.4479967e+03               841s
[2019-03-25 19:37:56] SOLVER   266510 DPushes remaining with DInf 7.4417546e+03               846s
[2019-03-25 19:38:01] SOLVER   263920 DPushes remaining with DInf 7.4377387e+03               851s
[2019-03-25 19:38:07] SOLVER   261558 DPushes remaining with DInf 7.4365651e+03               857s
[2019-03-25 19:38:10] SOLVER   259155 DPushes remaining with DInf 7.4351856e+03               861s
[2019-03-25 19:38:16] SOLVER   256715 DPushes remaining with DInf 7.4334806e+03               867s
[2019-03-25 19:38:20] SOLVER   255890 DPushes remaining with DInf 7.4324511e+03               870s
[2019-03-25 19:38:25] SOLVER   254315 DPushes remaining with DInf 7.4309524e+03               875s
[2019-03-25 19:38:31] SOLVER   252020 DPushes remaining with DInf 7.4252776e+03               882s
[2019-03-25 19:38:35] SOLVER   250141 DPushes remaining with DInf 7.4241791e+03               885s
[2019-03-25 19:38:43] SOLVER   248438 DPushes remaining with DInf 7.4239822e+03               894s
[2019-03-25 19:38:47] SOLVER   247663 DPushes remaining with DInf 7.4237896e+03               898s
[2019-03-25 19:38:51] SOLVER   246159 DPushes remaining with DInf 7.4233421e+03               901s
[2019-03-25 19:38:55] SOLVER   243907 DPushes remaining with DInf 7.4229726e+03               905s
[2019-03-25 19:39:01] SOLVER   239774 DPushes remaining with DInf 7.4070815e+03               911s
[2019-03-25 19:39:06] SOLVER   238002 DPushes remaining with DInf 7.4033238e+03               916s
[2019-03-25 19:39:10] SOLVER   235090 DPushes remaining with DInf 7.3844572e+03               921s
[2019-03-25 19:39:15] SOLVER   229855 DPushes remaining with DInf 7.3524109e+03               926s
[2019-03-25 19:39:21] SOLVER   225732 DPushes remaining with DInf 7.3366587e+03               931s
[2019-03-25 19:39:25] SOLVER   221572 DPushes remaining with DInf 6.2740984e+03               936s
[2019-03-25 19:39:30] SOLVER   216398 DPushes remaining with DInf 6.2550279e+03               941s
[2019-03-25 19:39:36] SOLVER   211311 DPushes remaining with DInf 6.2370445e+03               946s
[2019-03-25 19:39:42] SOLVER   209421 DPushes remaining with DInf 6.2309140e+03               953s
[2019-03-25 19:39:46] SOLVER   208476 DPushes remaining with DInf 6.2275877e+03               956s
[2019-03-25 19:39:53] SOLVER   206646 DPushes remaining with DInf 6.2220927e+03               963s
[2019-03-25 19:39:57] SOLVER   205734 DPushes remaining with DInf 6.2197543e+03               967s
[2019-03-25 19:40:01] SOLVER   204824 DPushes remaining with DInf 6.2173600e+03               972s
[2019-03-25 19:40:06] SOLVER   203934 DPushes remaining with DInf 6.2153072e+03               976s
[2019-03-25 19:40:10] SOLVER   203059 DPushes remaining with DInf 6.2132213e+03               981s
[2019-03-25 19:40:15] SOLVER   202180 DPushes remaining with DInf 6.2110006e+03               985s
[2019-03-25 19:40:23] SOLVER   200481 DPushes remaining with DInf 6.2075147e+03               994s
[2019-03-25 19:40:28] SOLVER   199633 DPushes remaining with DInf 6.2057698e+03               998s
[2019-03-25 19:40:31] SOLVER   198777 DPushes remaining with DInf 3.9329215e+04              1002s
[2019-03-25 19:40:36] SOLVER   198015 DPushes remaining with DInf 3.9328836e+04              1006s
[2019-03-25 19:40:40] SOLVER   197255 DPushes remaining with DInf 3.9328486e+04              1010s
[2019-03-25 19:40:48] SOLVER   195732 DPushes remaining with DInf 3.9327836e+04              1019s
[2019-03-25 19:40:52] SOLVER   194972 DPushes remaining with DInf 3.9327463e+04              1022s
[2019-03-25 19:40:56] SOLVER   194211 DPushes remaining with DInf 3.9327062e+04              1026s
[2019-03-25 19:41:02] SOLVER   192695 DPushes remaining with DInf 3.9326517e+04              1033s
[2019-03-25 19:41:05] SOLVER   191935 DPushes remaining with DInf 3.9326132e+04              1036s
[2019-03-25 19:41:14] SOLVER   190422 DPushes remaining with DInf 3.9325587e+04              1044s
[2019-03-25 19:41:18] SOLVER   189660 DPushes remaining with DInf 3.9325210e+04              1048s
[2019-03-25 19:41:22] SOLVER   188907 DPushes remaining with DInf 3.9324975e+04              1053s
[2019-03-25 19:41:26] SOLVER   188144 DPushes remaining with DInf 3.9324540e+04              1056s
[2019-03-25 19:41:33] SOLVER   186632 DPushes remaining with DInf 3.9323922e+04              1064s
[2019-03-25 19:41:38] SOLVER   185879 DPushes remaining with DInf 3.9323687e+04              1068s
[2019-03-25 19:41:41] SOLVER   185124 DPushes remaining with DInf 3.9323379e+04              1071s
[2019-03-25 19:41:45] SOLVER   184376 DPushes remaining with DInf 3.9323226e+04              1076s
[2019-03-25 19:41:51] SOLVER   182869 DPushes remaining with DInf 3.9322778e+04              1082s
[2019-03-25 19:41:57] SOLVER   181368 DPushes remaining with DInf 3.9322431e+04              1087s
[2019-03-25 19:42:01] SOLVER   179868 DPushes remaining with DInf 3.9322062e+04              1092s
[2019-03-25 19:42:06] SOLVER   178365 DPushes remaining with DInf 3.9321545e+04              1097s
[2019-03-25 19:42:12] SOLVER   176870 DPushes remaining with DInf 3.9321072e+04              1102s
[2019-03-25 19:42:15] SOLVER   176124 DPushes remaining with DInf 3.9320856e+04              1106s
[2019-03-25 19:42:22] SOLVER   174636 DPushes remaining with DInf 3.9319961e+04              1112s
[2019-03-25 19:42:25] SOLVER   173892 DPushes remaining with DInf 3.9319504e+04              1116s
[2019-03-25 19:42:31] SOLVER   172403 DPushes remaining with DInf 3.9318757e+04              1122s
[2019-03-25 19:42:35] SOLVER   171659 DPushes remaining with DInf 3.9318519e+04              1125s
[2019-03-25 19:42:45] SOLVER   170384 DPushes remaining with DInf 3.9318107e+04              1135s
[2019-03-25 19:42:52] SOLVER   168894 DPushes remaining with DInf 3.9317695e+04              1143s
[2019-03-25 19:42:58] SOLVER   168148 DPushes remaining with DInf 3.9317636e+04              1148s
[2019-03-25 19:43:03] SOLVER   167402 DPushes remaining with DInf 3.9317539e+04              1154s
[2019-03-25 19:43:10] SOLVER   166730 DPushes remaining with DInf 3.9317484e+04              1160s
[2019-03-25 19:43:17] SOLVER   165240 DPushes remaining with DInf 3.9317100e+04              1167s
[2019-03-25 19:43:20] SOLVER   164494 DPushes remaining with DInf 3.9316831e+04              1170s
[2019-03-25 19:43:26] SOLVER   163002 DPushes remaining with DInf 3.9316374e+04              1177s
[2019-03-25 19:43:33] SOLVER   161513 DPushes remaining with DInf 3.9316101e+04              1183s
[2019-03-25 19:43:36] SOLVER   160767 DPushes remaining with DInf 3.9315828e+04              1186s
[2019-03-25 19:43:41] SOLVER   159279 DPushes remaining with DInf 3.9315434e+04              1192s
[2019-03-25 19:43:46] SOLVER   158534 DPushes remaining with DInf 3.9315294e+04              1196s
[2019-03-25 19:43:51] SOLVER   157790 DPushes remaining with DInf 3.9315176e+04              1201s
[2019-03-25 19:43:55] SOLVER   157046 DPushes remaining with DInf 3.9314967e+04              1206s
[2019-03-25 19:44:02] SOLVER   155557 DPushes remaining with DInf 3.9314817e+04              1213s
[2019-03-25 19:44:07] SOLVER   154813 DPushes remaining with DInf 3.9314714e+04              1218s
[2019-03-25 19:44:11] SOLVER   154065 DPushes remaining with DInf 3.9314539e+04              1222s
[2019-03-25 19:44:15] SOLVER   153321 DPushes remaining with DInf 3.9314524e+04              1226s
[2019-03-25 19:44:23] SOLVER   151833 DPushes remaining with DInf 3.9314276e+04              1234s
[2019-03-25 19:44:27] SOLVER   151088 DPushes remaining with DInf 3.9314169e+04              1237s
[2019-03-25 19:44:30] SOLVER   150344 DPushes remaining with DInf 3.9313998e+04              1240s
[2019-03-25 19:44:39] SOLVER   148856 DPushes remaining with DInf 3.9313870e+04              1249s
[2019-03-25 19:44:45] SOLVER   148126 DPushes remaining with DInf 3.9313836e+04              1256s
[2019-03-25 19:44:52] SOLVER   147426 DPushes remaining with DInf 3.9313786e+04              1262s
[2019-03-25 19:44:57] SOLVER   146682 DPushes remaining with DInf 3.9313708e+04              1267s
[2019-03-25 19:45:01] SOLVER   145937 DPushes remaining with DInf 3.9313639e+04              1272s
[2019-03-25 19:45:07] SOLVER   145193 DPushes remaining with DInf 3.9313626e+04              1278s
[2019-03-25 19:45:12] SOLVER   144449 DPushes remaining with DInf 3.9313610e+04              1282s
[2019-03-25 19:45:17] SOLVER   142958 DPushes remaining with DInf 3.9313434e+04              1287s
[2019-03-25 19:45:20] SOLVER   142213 DPushes remaining with DInf 3.9313340e+04              1291s
[2019-03-25 19:45:26] SOLVER   140725 DPushes remaining with DInf 3.9313169e+04              1296s
[2019-03-25 19:45:32] SOLVER   139237 DPushes remaining with DInf 3.9313051e+04              1303s
[2019-03-25 19:45:38] SOLVER   137749 DPushes remaining with DInf 3.9312889e+04              1309s
[2019-03-25 19:45:42] SOLVER   137005 DPushes remaining with DInf 3.9312857e+04              1313s
[2019-03-25 19:45:46] SOLVER   136261 DPushes remaining with DInf 3.9312844e+04              1316s
[2019-03-25 19:45:53] SOLVER   134773 DPushes remaining with DInf 3.9312782e+04              1323s
[2019-03-25 19:45:56] SOLVER   134029 DPushes remaining with DInf 3.9312772e+04              1327s
[2019-03-25 19:46:02] SOLVER   132541 DPushes remaining with DInf 3.9312759e+04              1332s
[2019-03-25 19:46:05] SOLVER   131797 DPushes remaining with DInf 3.9312690e+04              1336s
[2019-03-25 19:46:11] SOLVER   130306 DPushes remaining with DInf 3.9312577e+04              1341s
[2019-03-25 19:46:17] SOLVER   128817 DPushes remaining with DInf 3.9312443e+04              1347s
[2019-03-25 19:46:20] SOLVER   128072 DPushes remaining with DInf 3.9312328e+04              1350s
[2019-03-25 19:46:27] SOLVER   125839 DPushes remaining with DInf 3.9311935e+04              1357s
[2019-03-25 19:46:32] SOLVER   124351 DPushes remaining with DInf 3.9311702e+04              1362s
[2019-03-25 19:46:37] SOLVER   122860 DPushes remaining with DInf 3.9311522e+04              1367s
[2019-03-25 19:46:42] SOLVER   121370 DPushes remaining with DInf 3.9311223e+04              1372s
[2019-03-25 19:46:47] SOLVER   119882 DPushes remaining with DInf 3.9310982e+04              1377s
[2019-03-25 19:46:52] SOLVER   118393 DPushes remaining with DInf 3.9310771e+04              1382s
[2019-03-25 19:46:56] SOLVER   116905 DPushes remaining with DInf 3.9310489e+04              1387s
[2019-03-25 19:47:02] SOLVER   115417 DPushes remaining with DInf 3.9104235e+05              1392s
[2019-03-25 19:47:06] SOLVER   113927 DPushes remaining with DInf 3.9104219e+05              1396s
[2019-03-25 19:47:11] SOLVER   111655 DPushes remaining with DInf 3.9103912e+05              1401s
[2019-03-25 19:47:16] SOLVER   109384 DPushes remaining with DInf 3.9103075e+05              1406s
[2019-03-25 19:47:21] SOLVER   107132 DPushes remaining with DInf 3.9102841e+05              1412s
[2019-03-25 19:47:25] SOLVER   105636 DPushes remaining with DInf 3.9102738e+05              1415s
[2019-03-25 19:47:30] SOLVER   103402 DPushes remaining with DInf 3.9102710e+05              1421s
[2019-03-25 19:47:36] SOLVER   101168 DPushes remaining with DInf 3.9102672e+05              1426s
[2019-03-25 19:47:41] SOLVER   98935 DPushes remaining with DInf 3.9102630e+05              1431s
[2019-03-25 19:47:45] SOLVER   97444 DPushes remaining with DInf 3.9102597e+05              1435s
[2019-03-25 19:47:51] SOLVER   95210 DPushes remaining with DInf 3.9102531e+05              1441s
[2019-03-25 19:47:55] SOLVER   93722 DPushes remaining with DInf 3.9102437e+05              1445s
[2019-03-25 19:48:01] SOLVER   90746 DPushes remaining with DInf 3.9102292e+05              1451s
[2019-03-25 19:48:05] SOLVER   88514 DPushes remaining with DInf 3.9102248e+05              1456s
[2019-03-25 19:48:10] SOLVER   86282 DPushes remaining with DInf 3.9102201e+05              1460s
[2019-03-25 19:48:15] SOLVER   84049 DPushes remaining with DInf 3.9101950e+05              1466s
[2019-03-25 19:48:21] SOLVER   81816 DPushes remaining with DInf 3.9101852e+05              1471s
[2019-03-25 19:48:26] SOLVER   79583 DPushes remaining with DInf 3.9101809e+05              1476s
[2019-03-25 19:48:30] SOLVER   78077 DPushes remaining with DInf 3.9101779e+05              1480s
[2019-03-25 19:48:35] SOLVER   75798 DPushes remaining with DInf 3.9101725e+05              1486s
[2019-03-25 19:48:41] SOLVER   73492 DPushes remaining with DInf 3.9101678e+05              1492s
[2019-03-25 19:48:45] SOLVER   71934 DPushes remaining with DInf 3.9101621e+05              1495s
[2019-03-25 19:48:50] SOLVER   69563 DPushes remaining with DInf 3.9101531e+05              1501s
[2019-03-25 19:48:56] SOLVER   67182 DPushes remaining with DInf 3.9101457e+05              1506s
[2019-03-25 19:49:00] SOLVER   65601 DPushes remaining with DInf 3.9101399e+05              1510s
[2019-03-25 19:49:05] SOLVER   63224 DPushes remaining with DInf 3.9101283e+05              1516s
[2019-03-25 19:49:11] SOLVER   60791 DPushes remaining with DInf 3.9101142e+05              1521s
[2019-03-25 19:49:15] SOLVER   53597 DPushes remaining with DInf 3.9052009e+05              1526s
[2019-03-25 19:49:21] SOLVER   22648 DPushes remaining with DInf 9.3822148e+03              1532s
[2019-03-25 19:49:25] SOLVER   5848 DPushes remaining with DInf 2.3391740e+04              1536s
[2019-03-25 19:49:28] SOLVER   0 DPushes remaining with DInf 8.2327664e+05              1539s
[2019-03-25 19:49:28] SOLVER   Restart crossover...
[2019-03-25 19:49:29] SOLVER   658518 DPushes remaining with DInf 4.4929416e+02              1540s
[2019-03-25 19:49:30] SOLVER   589275 DPushes remaining with DInf 5.0069242e+02              1540s
[2019-03-25 19:49:35] SOLVER   559147 DPushes remaining with DInf 5.2697542e+02              1545s
[2019-03-25 19:49:40] SOLVER   553939 DPushes remaining with DInf 5.2697542e+02              1551s
[2019-03-25 19:49:45] SOLVER   550219 DPushes remaining with DInf 5.2697542e+02              1555s
[2019-03-25 19:49:50] SOLVER   544267 DPushes remaining with DInf 5.2697542e+02              1560s
[2019-03-25 19:49:56] SOLVER   538315 DPushes remaining with DInf 5.2697542e+02              1566s
[2019-03-25 19:50:00] SOLVER   535339 DPushes remaining with DInf 5.2697542e+02              1570s
[2019-03-25 19:50:05] SOLVER   529387 DPushes remaining with DInf 5.2697542e+02              1575s
[2019-03-25 19:50:10] SOLVER   524923 DPushes remaining with DInf 5.2697542e+02              1581s
[2019-03-25 19:50:15] SOLVER   521203 DPushes remaining with DInf 5.2697542e+02              1586s
[2019-03-25 19:50:20] SOLVER   518227 DPushes remaining with DInf 5.2697542e+02              1591s
[2019-03-25 19:50:25] SOLVER   515251 DPushes remaining with DInf 5.2697542e+02              1596s
[2019-03-25 19:50:30] SOLVER   513019 DPushes remaining with DInf 5.2697542e+02              1600s
[2019-03-25 19:50:36] SOLVER   510043 DPushes remaining with DInf 5.2697542e+02              1606s
[2019-03-25 19:50:41] SOLVER   507067 DPushes remaining with DInf 5.2697542e+02              1611s
[2019-03-25 19:50:45] SOLVER   504835 DPushes remaining with DInf 5.2697542e+02              1615s
[2019-03-25 19:50:50] SOLVER   499627 DPushes remaining with DInf 5.2697542e+02              1621s
[2019-03-25 19:50:55] SOLVER   495163 DPushes remaining with DInf 5.2697542e+02              1625s
[2019-03-25 19:51:00] SOLVER   490699 DPushes remaining with DInf 5.2697542e+02              1631s
[2019-03-25 19:51:05] SOLVER   487723 DPushes remaining with DInf 5.2697542e+02              1635s
[2019-03-25 19:51:10] SOLVER   484747 DPushes remaining with DInf 5.2697542e+02              1640s
[2019-03-25 19:51:15] SOLVER   481771 DPushes remaining with DInf 5.2697542e+02              1646s
[2019-03-25 19:51:20] SOLVER   478795 DPushes remaining with DInf 5.2697542e+02              1651s
[2019-03-25 19:51:25] SOLVER   474331 DPushes remaining with DInf 5.2697542e+02              1655s
[2019-03-25 19:51:31] SOLVER   472843 DPushes remaining with DInf 5.2697542e+02              1662s
[2019-03-25 19:51:37] SOLVER   471355 DPushes remaining with DInf 5.2697542e+02              1667s
[2019-03-25 19:51:42] SOLVER   469867 DPushes remaining with DInf 5.2697542e+02              1672s
[2019-03-25 19:51:47] SOLVER   468379 DPushes remaining with DInf 5.2697542e+02              1677s
[2019-03-25 19:51:51] SOLVER   466891 DPushes remaining with DInf 5.2697542e+02              1681s
[2019-03-25 19:51:56] SOLVER   465403 DPushes remaining with DInf 5.2697542e+02              1686s
[2019-03-25 19:52:00] SOLVER   463915 DPushes remaining with DInf 5.2697542e+02              1690s
[2019-03-25 19:52:06] SOLVER   461683 DPushes remaining with DInf 5.2697542e+02              1697s
[2019-03-25 19:52:10] SOLVER   460195 DPushes remaining with DInf 5.2697542e+02              1700s
[2019-03-25 19:52:15] SOLVER   457963 DPushes remaining with DInf 5.2697542e+02              1706s
[2019-03-25 19:52:20] SOLVER   455731 DPushes remaining with DInf 5.2697542e+02              1710s
[2019-03-25 19:52:25] SOLVER   452755 DPushes remaining with DInf 5.2697542e+02              1715s
[2019-03-25 19:52:31] SOLVER   449779 DPushes remaining with DInf 5.2697542e+02              1722s
[2019-03-25 19:52:35] SOLVER   447547 DPushes remaining with DInf 5.2697542e+02              1725s
[2019-03-25 19:52:40] SOLVER   444571 DPushes remaining with DInf 5.2697542e+02              1730s
[2019-03-25 19:52:45] SOLVER   440851 DPushes remaining with DInf 5.2697542e+02              1736s
[2019-03-25 19:52:51] SOLVER   437874 DPushes remaining with DInf 5.2697542e+02              1741s
[2019-03-25 19:52:55] SOLVER   435642 DPushes remaining with DInf 5.2697542e+02              1746s
[2019-03-25 19:53:00] SOLVER   433410 DPushes remaining with DInf 5.2697542e+02              1751s
[2019-03-25 19:53:05] SOLVER   431178 DPushes remaining with DInf 5.2697542e+02              1755s
[2019-03-25 19:53:11] SOLVER   428202 DPushes remaining with DInf 5.2697542e+02              1761s
[2019-03-25 19:53:16] SOLVER   425970 DPushes remaining with DInf 5.2697542e+02              1766s
[2019-03-25 19:53:21] SOLVER   423738 DPushes remaining with DInf 5.2697542e+02              1772s
[2019-03-25 19:53:25] SOLVER   421506 DPushes remaining with DInf 5.2697542e+02              1776s
[2019-03-25 19:53:30] SOLVER   419274 DPushes remaining with DInf 5.2697542e+02              1780s
[2019-03-25 19:53:36] SOLVER   416298 DPushes remaining with DInf 5.2697542e+02              1786s
[2019-03-25 19:53:40] SOLVER   414066 DPushes remaining with DInf 5.2697542e+02              1791s
[2019-03-25 19:53:45] SOLVER   411834 DPushes remaining with DInf 5.2697542e+02              1795s
[2019-03-25 19:53:51] SOLVER   409602 DPushes remaining with DInf 5.2697542e+02              1801s
[2019-03-25 19:53:56] SOLVER   407370 DPushes remaining with DInf 5.2697542e+02              1806s
[2019-03-25 19:54:00] SOLVER   405138 DPushes remaining with DInf 5.2697542e+02              1811s
[2019-03-25 19:54:05] SOLVER   402906 DPushes remaining with DInf 5.2697542e+02              1815s
[2019-03-25 19:54:11] SOLVER   399929 DPushes remaining with DInf 5.2697542e+02              1821s
[2019-03-25 19:54:16] SOLVER   397697 DPushes remaining with DInf 5.2697542e+02              1826s
[2019-03-25 19:54:20] SOLVER   395465 DPushes remaining with DInf 5.2696285e+02              1831s
[2019-03-25 19:54:25] SOLVER   393233 DPushes remaining with DInf 5.2658264e+02              1835s
[2019-03-25 19:54:31] SOLVER   390257 DPushes remaining with DInf 5.2658264e+02              1841s
[2019-03-25 19:54:36] SOLVER   388025 DPushes remaining with DInf 5.2658264e+02              1847s
[2019-03-25 19:54:41] SOLVER   385793 DPushes remaining with DInf 5.2658264e+02              1851s
[2019-03-25 19:54:46] SOLVER   383561 DPushes remaining with DInf 5.2658264e+02              1856s
[2019-03-25 19:54:50] SOLVER   380585 DPushes remaining with DInf 5.2658264e+02              1861s
[2019-03-25 19:54:55] SOLVER   376864 DPushes remaining with DInf 5.2658264e+02              1866s
[2019-03-25 19:55:01] SOLVER   373144 DPushes remaining with DInf 5.2658264e+02              1871s
[2019-03-25 19:55:06] SOLVER   370912 DPushes remaining with DInf 5.2658264e+02              1876s
[2019-03-25 19:55:10] SOLVER   368680 DPushes remaining with DInf 5.2658264e+02              1881s
[2019-03-25 19:55:15] SOLVER   366448 DPushes remaining with DInf 5.2658264e+02              1886s
[2019-03-25 19:55:20] SOLVER   364216 DPushes remaining with DInf 5.2658264e+02              1890s
[2019-03-25 19:55:25] SOLVER   361984 DPushes remaining with DInf 5.2650275e+02              1896s
[2019-03-25 19:55:30] SOLVER   359752 DPushes remaining with DInf 5.2650275e+02              1900s
[2019-03-25 19:55:35] SOLVER   356776 DPushes remaining with DInf 5.2650275e+02              1906s
[2019-03-25 19:55:40] SOLVER   353800 DPushes remaining with DInf 5.2650275e+02              1911s
[2019-03-25 19:55:45] SOLVER   349752 DPushes remaining with DInf 5.2511443e+02              1916s
[2019-03-25 19:55:50] SOLVER   346514 DPushes remaining with DInf 5.2429800e+02              1920s
[2019-03-25 19:55:55] SOLVER   343317 DPushes remaining with DInf 5.2357285e+02              1925s
[2019-03-25 19:56:00] SOLVER   340078 DPushes remaining with DInf 5.2265179e+02              1930s
[2019-03-25 19:56:05] SOLVER   335443 DPushes remaining with DInf 5.2200384e+02              1935s
[2019-03-25 19:56:10] SOLVER   329620 DPushes remaining with DInf 5.1889896e+02              1940s
[2019-03-25 19:56:15] SOLVER   322361 DPushes remaining with DInf 5.1200624e+02              1946s
[2019-03-25 19:56:20] SOLVER   313757 DPushes remaining with DInf 5.0013943e+02              1951s
[2019-03-25 19:56:26] SOLVER   306682 DPushes remaining with DInf 4.9100072e+02              1956s
[2019-03-25 19:56:30] SOLVER   300890 DPushes remaining with DInf 4.8894418e+02              1960s
[2019-03-25 19:56:35] SOLVER   295172 DPushes remaining with DInf 4.8680866e+02              1965s
[2019-03-25 19:56:40] SOLVER   290631 DPushes remaining with DInf 4.8600874e+02              1970s
[2019-03-25 19:56:45] SOLVER   283691 DPushes remaining with DInf 4.8453278e+02              1976s
[2019-03-25 19:56:50] SOLVER   277461 DPushes remaining with DInf 4.8394522e+02              1980s
[2019-03-25 19:56:56] SOLVER   270766 DPushes remaining with DInf 4.8341413e+02              1986s
[2019-03-25 19:57:00] SOLVER   267210 DPushes remaining with DInf 4.7803442e+02              1990s
[2019-03-25 19:57:05] SOLVER   263838 DPushes remaining with DInf 4.7775021e+02              1996s
[2019-03-25 19:57:10] SOLVER   261174 DPushes remaining with DInf 4.7717154e+02              2000s
[2019-03-25 19:57:15] SOLVER   259557 DPushes remaining with DInf 4.7697970e+02              2005s
[2019-03-25 19:57:20] SOLVER   257956 DPushes remaining with DInf 4.7685858e+02              2010s
[2019-03-25 19:57:26] SOLVER   254657 DPushes remaining with DInf 4.7615632e+02              2017s
[2019-03-25 19:57:32] SOLVER   252983 DPushes remaining with DInf 4.7581036e+02              2023s
[2019-03-25 19:57:35] SOLVER   252192 DPushes remaining with DInf 4.7567215e+02              2025s
[2019-03-25 19:57:41] SOLVER   249885 DPushes remaining with DInf 4.7500746e+02              2031s
[2019-03-25 19:57:46] SOLVER   247630 DPushes remaining with DInf 5.1876021e+02              2036s
[2019-03-25 19:57:50] SOLVER   246886 DPushes remaining with DInf 5.1876021e+02              2040s
[2019-03-25 19:57:56] SOLVER   245398 DPushes remaining with DInf 5.1876021e+02              2047s
[2019-03-25 19:58:01] SOLVER   243907 DPushes remaining with DInf 5.1876021e+02              2051s
[2019-03-25 19:58:06] SOLVER   240927 DPushes remaining with DInf 5.1862458e+02              2056s
[2019-03-25 19:58:10] SOLVER   237950 DPushes remaining with DInf 5.1862458e+02              2060s
[2019-03-25 19:58:16] SOLVER   234971 DPushes remaining with DInf 8.4695069e+02              2066s
[2019-03-25 19:58:21] SOLVER   233481 DPushes remaining with DInf 1.4097168e+03              2071s
[2019-03-25 19:58:25] SOLVER   231877 DPushes remaining with DInf 1.4071406e+03              2075s
[2019-03-25 19:58:30] SOLVER   228262 DPushes remaining with DInf 1.3836187e+03              2081s
[2019-03-25 19:58:37] SOLVER   224157 DPushes remaining with DInf 1.3708445e+03              2087s
[2019-03-25 19:58:41] SOLVER   223067 DPushes remaining with DInf 1.3215954e+03              2092s
[2019-03-25 19:58:45] SOLVER   221927 DPushes remaining with DInf 8.7016696e+03              2096s
[2019-03-25 19:58:52] SOLVER   220100 DPushes remaining with DInf 8.6968979e+03              2103s
[2019-03-25 19:58:56] SOLVER   219183 DPushes remaining with DInf 8.6945199e+03              2106s
[2019-03-25 19:59:03] SOLVER   217330 DPushes remaining with DInf 8.6897703e+03              2113s
[2019-03-25 19:59:06] SOLVER   216447 DPushes remaining with DInf 8.6880150e+03              2117s
[2019-03-25 19:59:12] SOLVER   214531 DPushes remaining with DInf 8.6629519e+03              2122s
[2019-03-25 19:59:15] SOLVER   213554 DPushes remaining with DInf 8.6611867e+03              2125s
[2019-03-25 19:59:22] SOLVER   210675 DPushes remaining with DInf 8.6547668e+03              2133s
[2019-03-25 19:59:26] SOLVER   209748 DPushes remaining with DInf 8.6527283e+03              2136s
[2019-03-25 19:59:32] SOLVER   207932 DPushes remaining with DInf 8.6490188e+03              2142s
[2019-03-25 19:59:37] SOLVER   206091 DPushes remaining with DInf 8.6448263e+03              2147s
[2019-03-25 19:59:40] SOLVER   205180 DPushes remaining with DInf 8.6425578e+03              2150s
[2019-03-25 19:59:45] SOLVER   203338 DPushes remaining with DInf 8.6374483e+03              2155s
[2019-03-25 19:59:51] SOLVER   201503 DPushes remaining with DInf 8.6315836e+03              2162s
[2019-03-25 19:59:56] SOLVER   199816 DPushes remaining with DInf 8.6267275e+03              2167s
[2019-03-25 20:00:02] SOLVER   198176 DPushes remaining with DInf 8.6224840e+03              2172s
[2019-03-25 20:00:07] SOLVER   196498 DPushes remaining with DInf 8.6162195e+03              2177s
[2019-03-25 20:00:12] SOLVER   194844 DPushes remaining with DInf 8.6124430e+03              2182s
[2019-03-25 20:00:16] SOLVER   193226 DPushes remaining with DInf 8.6098021e+03              2187s
[2019-03-25 20:00:21] SOLVER   190805 DPushes remaining with DInf 8.6055829e+03              2191s
[2019-03-25 20:00:25] SOLVER   189217 DPushes remaining with DInf 8.6029564e+03              2195s
[2019-03-25 20:00:30] SOLVER   186838 DPushes remaining with DInf 8.5991968e+03              2201s
[2019-03-25 20:00:36] SOLVER   184441 DPushes remaining with DInf 8.5951331e+03              2206s
[2019-03-25 20:00:41] SOLVER   182091 DPushes remaining with DInf 8.5922853e+03              2211s
[2019-03-25 20:00:45] SOLVER   179748 DPushes remaining with DInf 8.5896345e+03              2215s
[2019-03-25 20:00:51] SOLVER   176635 DPushes remaining with DInf 8.5866212e+03              2221s
[2019-03-25 20:00:56] SOLVER   174323 DPushes remaining with DInf 8.5847691e+03              2226s
[2019-03-25 20:01:01] SOLVER   172013 DPushes remaining with DInf 8.5825137e+03              2232s
[2019-03-25 20:01:05] SOLVER   169719 DPushes remaining with DInf 8.5812790e+03              2235s
[2019-03-25 20:01:11] SOLVER   165920 DPushes remaining with DInf 8.5798854e+03              2242s
[2019-03-25 20:01:15] SOLVER   163647 DPushes remaining with DInf 8.5788460e+03              2246s
[2019-03-25 20:01:21] SOLVER   161368 DPushes remaining with DInf 8.5771284e+03              2251s
[2019-03-25 20:01:25] SOLVER   159874 DPushes remaining with DInf 8.5765248e+03              2255s
[2019-03-25 20:01:30] SOLVER   157631 DPushes remaining with DInf 8.5751656e+03              2260s
[2019-03-25 20:01:35] SOLVER   154631 DPushes remaining with DInf 8.5734783e+03              2266s
[2019-03-25 20:01:40] SOLVER   151637 DPushes remaining with DInf 8.5729460e+03              2270s
[2019-03-25 20:01:46] SOLVER   148642 DPushes remaining with DInf 8.5715778e+03              2277s
[2019-03-25 20:01:50] SOLVER   146402 DPushes remaining with DInf 8.5711020e+03              2280s
[2019-03-25 20:01:55] SOLVER   143415 DPushes remaining with DInf 8.5703338e+03              2286s
[2019-03-25 20:02:00] SOLVER   141168 DPushes remaining with DInf 8.5697578e+03              2290s
[2019-03-25 20:02:05] SOLVER   138181 DPushes remaining with DInf 8.5689000e+03              2296s
[2019-03-25 20:02:11] SOLVER   135945 DPushes remaining with DInf 8.5685389e+03              2302s
[2019-03-25 20:02:16] SOLVER   134454 DPushes remaining with DInf 8.5683976e+03              2306s
[2019-03-25 20:02:20] SOLVER   132961 DPushes remaining with DInf 8.5682485e+03              2311s
[2019-03-25 20:02:26] SOLVER   130722 DPushes remaining with DInf 8.5679148e+03              2316s
[2019-03-25 20:02:30] SOLVER   129225 DPushes remaining with DInf 8.5664751e+03              2320s
[2019-03-25 20:02:37] SOLVER   126982 DPushes remaining with DInf 8.5661342e+03              2327s
[2019-03-25 20:02:40] SOLVER   125489 DPushes remaining with DInf 8.5658444e+03              2331s
[2019-03-25 20:02:47] SOLVER   123248 DPushes remaining with DInf 8.5647069e+03              2337s
[2019-03-25 20:02:50] SOLVER   121750 DPushes remaining with DInf 8.5630675e+03              2341s
[2019-03-25 20:02:56] SOLVER   119496 DPushes remaining with DInf 8.5609840e+03              2347s
[2019-03-25 20:03:00] SOLVER   117995 DPushes remaining with DInf 8.5584773e+03              2351s
[2019-03-25 20:03:06] SOLVER   115747 DPushes remaining with DInf 8.5553595e+03              2356s
[2019-03-25 20:03:11] SOLVER   113493 DPushes remaining with DInf 8.5480574e+03              2361s
[2019-03-25 20:03:16] SOLVER   111187 DPushes remaining with DInf 8.5417602e+03              2367s
[2019-03-25 20:03:20] SOLVER   109636 DPushes remaining with DInf 8.5362403e+03              2371s
[2019-03-25 20:03:25] SOLVER   107307 DPushes remaining with DInf 8.5185779e+03              2376s
[2019-03-25 20:03:31] SOLVER   105004 DPushes remaining with DInf 8.5050859e+03              2381s
[2019-03-25 20:03:36] SOLVER   102677 DPushes remaining with DInf 8.4762714e+03              2387s
[2019-03-25 20:03:41] SOLVER   101100 DPushes remaining with DInf 8.4529979e+03              2391s
[2019-03-25 20:03:47] SOLVER   98751 DPushes remaining with DInf 8.4251295e+03              2397s
[2019-03-25 20:03:51] SOLVER   97249 DPushes remaining with DInf 8.4245141e+03              2401s
[2019-03-25 20:03:56] SOLVER   95756 DPushes remaining with DInf 8.4238678e+03              2406s
[2019-03-25 20:04:00] SOLVER   94250 DPushes remaining with DInf 8.4233161e+03              2411s
[2019-03-25 20:04:05] SOLVER   92753 DPushes remaining with DInf 8.4227196e+03              2415s
[2019-03-25 20:04:10] SOLVER   90514 DPushes remaining with DInf 8.4222078e+03              2421s
[2019-03-25 20:04:15] SOLVER   88272 DPushes remaining with DInf 8.4216689e+03              2425s
[2019-03-25 20:04:21] SOLVER   86034 DPushes remaining with DInf 8.4208506e+03              2431s
[2019-03-25 20:04:25] SOLVER   84528 DPushes remaining with DInf 8.4202457e+03              2435s
[2019-03-25 20:04:31] SOLVER   82279 DPushes remaining with DInf 8.4192911e+03              2441s
[2019-03-25 20:04:35] SOLVER   80777 DPushes remaining with DInf 8.4184060e+03              2445s
[2019-03-25 20:04:40] SOLVER   78527 DPushes remaining with DInf 8.4172250e+03              2451s
[2019-03-25 20:04:46] SOLVER   76231 DPushes remaining with DInf 8.4158073e+03              2457s
[2019-03-25 20:04:51] SOLVER   74689 DPushes remaining with DInf 8.4148504e+03              2461s
[2019-03-25 20:04:55] SOLVER   73118 DPushes remaining with DInf 8.4136072e+03              2466s
[2019-03-25 20:05:00] SOLVER   71523 DPushes remaining with DInf 8.4123926e+03              2470s
[2019-03-25 20:05:06] SOLVER   69023 DPushes remaining with DInf 8.4104856e+03              2476s
[2019-03-25 20:05:10] SOLVER   67323 DPushes remaining with DInf 8.4093571e+03              2480s
[2019-03-25 20:05:16] SOLVER   64774 DPushes remaining with DInf 8.4071490e+03              2486s
[2019-03-25 20:05:21] SOLVER   62235 DPushes remaining with DInf 8.4045827e+03              2491s
[2019-03-25 20:05:25] SOLVER   58777 DPushes remaining with DInf 8.2534925e+03              2496s
[2019-03-25 20:05:32] SOLVER   20342 DPushes remaining with DInf 7.3282207e+02              2502s
[2019-03-25 20:05:35] SOLVER   7761 DPushes remaining with DInf 9.1712711e+02              2505s
[2019-03-25 20:05:37] SOLVER   0 DPushes remaining with DInf 6.5849552e+03              2508s
[2019-03-25 20:05:38] SOLVER   1540332 PPushes remaining with PInf 4.2679367e+02              2508s
[2019-03-25 20:05:44] SOLVER   562062 PPushes remaining with PInf 3.4691777e+02              2515s
[2019-03-25 20:05:46] SOLVER   491699 PPushes remaining with PInf 3.3968024e+02              2516s
[2019-03-25 20:05:50] SOLVER   370229 PPushes remaining with PInf 5.3866699e+02              2521s
[2019-03-25 20:05:57] SOLVER   354015 PPushes remaining with PInf 5.3521869e+02              2528s
[2019-03-25 20:06:02] SOLVER   351582 PPushes remaining with PInf 5.3499573e+02              2533s
[2019-03-25 20:06:10] SOLVER   348133 PPushes remaining with PInf 5.3452185e+02              2540s
[2019-03-25 20:06:19] SOLVER   343360 PPushes remaining with PInf 5.3375199e+02              2549s
[2019-03-25 20:06:23] SOLVER   340032 PPushes remaining with PInf 5.3263748e+02              2554s
[2019-03-25 20:06:27] SOLVER   338796 PPushes remaining with PInf 5.3255758e+02              2558s
[2019-03-25 20:28:04] SOLVER   273391 PPushes remaining with PInf 4.8006809e+02              3854s
[2019-03-25 20:28:08] SOLVER   271978 PPushes remaining with PInf 4.7823402e+02              3859s
[2019-03-25 20:28:10] SOLVER   270734 PPushes remaining with PInf 4.7813223e+02              3860s
[2019-03-25 20:28:15] SOLVER   267785 PPushes remaining with PInf 4.7530416e+02              3865s
[2019-03-25 20:28:20] SOLVER   262022 PPushes remaining with PInf 4.5949947e+02              3871s
[2019-03-25 20:55:29] SOLVER   194572 PPushes remaining with PInf 3.9607694e+02              5499s
[2019-03-25 21:19:03] SOLVER   131100 PPushes remaining with PInf 3.3913584e+02              6914s
[2019-03-25 21:21:20] SOLVER   119583 PPushes remaining with PInf 3.5015178e+02              7051s
[2019-03-25 21:23:15] SOLVER   111374 PPushes remaining with PInf 3.5217095e+02              7165s
[2019-03-25 21:23:46] SOLVER   109184 PPushes remaining with PInf 3.3659627e+02              7197s
[2019-03-25 21:24:04] SOLVER   106037 PPushes remaining with PInf 2.9826081e+02              7214s
[2019-03-25 21:24:06] SOLVER   103895 PPushes remaining with PInf 2.9476812e+02              7217s
[2019-03-25 21:24:11] SOLVER   100857 PPushes remaining with PInf 2.9235800e+02              7221s
[2019-03-25 21:24:16] SOLVER   98582 PPushes remaining with PInf 2.8758375e+02              7226s
[2019-03-25 21:24:20] SOLVER   96660 PPushes remaining with PInf 2.8463838e+02              7230s
[2019-03-25 21:24:26] SOLVER   93879 PPushes remaining with PInf 2.8237114e+02              7237s
[2019-03-25 21:24:30] SOLVER   90583 PPushes remaining with PInf 2.8086859e+02              7240s
[2019-03-25 21:24:58] SOLVER   84368 PPushes remaining with PInf 2.7593383e+02              7268s
[2019-03-25 21:25:01] SOLVER   81659 PPushes remaining with PInf 2.7562858e+02              7272s
[2019-03-25 21:25:07] SOLVER   79935 PPushes remaining with PInf 2.7506931e+02              7278s
[2019-03-25 21:25:11] SOLVER   77501 PPushes remaining with PInf 2.7457793e+02              7281s
[2019-03-25 21:25:16] SOLVER   76739 PPushes remaining with PInf 2.7368922e+02              7287s
[2019-03-25 21:25:24] SOLVER   75965 PPushes remaining with PInf 2.7368033e+02              7294s
[2019-03-25 21:25:26] SOLVER   74784 PPushes remaining with PInf 2.7367999e+02              7297s
[2019-03-25 21:25:34] SOLVER   73883 PPushes remaining with PInf 2.7345048e+02              7305s
[2019-03-25 21:25:37] SOLVER   73033 PPushes remaining with PInf 2.7065366e+02              7308s
[2019-03-25 21:35:38] SOLVER   36414 PPushes remaining with PInf 2.6966312e+02              7908s
[2019-03-25 21:39:33] SOLVER   20263 PPushes remaining with PInf 2.6838949e+02              8144s
[2019-03-25 21:40:07] SOLVER   16957 PPushes remaining with PInf 2.6675144e+02              8178s
[2019-03-25 21:40:15] SOLVER   13649 PPushes remaining with PInf 2.6471220e+02              8186s
[2019-03-25 21:40:20] SOLVER   12480 PPushes remaining with PInf 2.6242679e+02              8191s
[2019-03-25 21:40:26] SOLVER   6880 PPushes remaining with PInf 2.5927805e+02              8196s
[2019-03-25 21:40:33] SOLVER   23 PPushes remaining with PInf 2.5868449e+02              8203s
[2019-03-25 21:40:36] SOLVER   0 PPushes remaining with PInf 2.5866630e+02              8206s
[2019-03-25 21:40:36] SOLVER   Push phase complete: Pinf 2.5866630e+02, Dinf 1.5653194e+05   8207s
[2019-03-25 21:40:39] SOLVER   Iteration    Objective       Primal Inf.    Dual Inf.      Time
[2019-03-25 21:40:39] SOLVER   2153448    3.3637498e+05   0.000000e+00   1.565319e+05   8209s
[2019-03-25 21:41:17] SOLVER   2154192    3.3637494e+05   0.000000e+00   1.704148e+05   8247s
[2019-03-25 21:41:50] SOLVER   2154936    3.3637494e+05   0.000000e+00   1.702999e+05   8281s
[2019-03-25 21:42:26] SOLVER   2155680    3.3637494e+05   0.000000e+00   1.702291e+05   8317s
[2019-03-25 21:43:01] SOLVER   2156424    3.3637494e+05   0.000000e+00   1.701582e+05   8351s
[2019-03-25 21:43:38] SOLVER   2157168    3.3637494e+05   0.000000e+00   1.700873e+05   8388s
[2019-03-25 21:44:16] SOLVER   2157912    3.3637494e+05   0.000000e+00   1.700165e+05   8427s
[2019-03-25 21:44:50] SOLVER   2158656    3.3637494e+05   0.000000e+00   1.699456e+05   8460s
[2019-03-25 21:45:24] SOLVER   2159400    3.3637494e+05   0.000000e+00   1.698748e+05   8495s
[2019-03-25 21:45:58] SOLVER   2160144    3.3637494e+05   0.000000e+00   1.698039e+05   8528s
[2019-03-25 21:46:31] SOLVER   2160888    3.3637494e+05   0.000000e+00   4.635046e+05   8561s
[2019-03-25 21:46:59] SOLVER   2161632    3.3637494e+05   0.000000e+00   1.819197e+05   8589s
[2019-03-25 21:47:33] SOLVER   2162376    3.3637491e+05   0.000000e+00   2.262268e+04   8623s
[2019-03-25 21:48:04] SOLVER   2163120    3.3637477e+05   0.000000e+00   1.158230e+05   8655s
[2019-03-25 21:48:33] SOLVER   2163865    3.3637470e+05   0.000000e+00   8.038529e+06   8684s
[2019-03-25 21:49:07] SOLVER   2164611    3.3637451e+05   0.000000e+00   3.825898e+05   8718s
[2019-03-25 21:49:46] SOLVER   2165355    3.3637446e+05   0.000000e+00   5.513279e+05   8757s
[2019-03-25 21:50:26] SOLVER   2166101    3.3637442e+05   0.000000e+00   1.015527e+07   8796s
[2019-03-25 21:51:24] SOLVER   2166845    3.3637439e+05   0.000000e+00   1.542239e+04   8854s
[2019-03-25 21:51:57] SOLVER   2167591    3.3637437e+05   0.000000e+00   1.528377e+05   8887s
[2019-03-25 21:52:31] SOLVER   2168337    3.3637435e+05   0.000000e+00   5.622580e+02   8921s
[2019-03-25 21:53:09] SOLVER   2169085    3.3637434e+05   0.000000e+00   1.649715e+01   8960s
[2019-03-25 21:53:45] SOLVER   2169595    3.3637458e+05   1.565129e+02   0.000000e+00   8996s
[2019-03-25 21:54:26] SOLVER   2170133    3.3637529e+05   0.000000e+00   0.000000e+00   9036s
[2019-03-25 21:54:35] SOLVER   2170133    3.3637529e+05   0.000000e+00   0.000000e+00   9045s
[2019-03-25 21:54:35] SOLVER   Solved in 2170133 iterations and 9045.20 seconds
[2019-03-25 21:54:35] SOLVER   Optimal objective  3.363752918e+05
[2019-03-25 21:54:35] SOLVER   Changed value of parameter LogFile to
[2019-03-25 21:54:35] SOLVER   Prev: /cluster/work/cpesm/trtim/ose-model-comparison/tmpltomon9s.log  Default:
[2019-03-25 21:56:19] INFO     Backend: solver finished running. Time since start: 3:00:05.118892
[2019-03-25 21:56:22] INFO     Backend: loaded results
[2019-03-25 21:57:09] INFO     Backend: generated solution array. Time since start: 3:00:54.328313
[2019-03-25 21:57:09] INFO     Postprocessing: started
[2019-03-25 21:58:47] INFO     Postprocessing: All values < 1e-10 set to 0 in carrier_prod, carrier_con, storage
[2019-03-25 21:58:47] INFO     Postprocessing: ended. Time since start: 3:02:33.180059
[2019-03-25 21:58:49] WARNING  /cluster/work/cpesm/trtim/.conda/envs/ose-model-comparison/lib/python3.6/site-packages/distributed/config.py:20: YAMLLoadWarning:

calling yaml.load() without Loader=... is deprecated, as the default Loader is unsafe. Please read https://msg.pyyaml.org/load for full details.


HDF5-DIAG: Error detected in HDF5 (1.10.4) thread 47589573484160:
 #000: H5F.c line 444 in H5Fcreate(): unable to create file
   major: File accessibilty
   minor: Unable to open file
 #001: H5Fint.c line 1364 in H5F__create(): unable to open file
   major: File accessibilty
   minor: Unable to open file
 #002: H5Fint.c line 1559 in H5F_open(): unable to open file: name = '/cluster/work/cpesm/trtim/ose-model-comparison/build/output/minus6/08.nc', tent_flags = 13
   major: File accessibilty
   minor: Unable to open file
 #003: H5FD.c line 734 in H5FD_open(): open failed
   major: Virtual File Layer
   minor: Unable to initialize object
 #004: H5FDsec2.c line 346 in H5FD_sec2_open(): unable to open file: name = '/cluster/work/cpesm/trtim/ose-model-comparison/build/output/minus6/08.nc', errno = 2, error message = 'No such file or directory', flags = 13, o_flags = 242
   major: File accessibilty
   minor: Unable to open file
Calliope 0.6.4-dev starting at 2019-03-25 18:56:14

Model name:   Open Source Modelling -- Euro Calliope model
Model size:   34 locations, 17 technologies, 4380 timesteps

Starting model run...
Saving NetCDF results to file: build/output/minus6/08.nc

Error in save_netcdf:
[Errno 13] Permission denied: b'/cluster/work/cpesm/trtim/ose-model-comparison/build/output/minus6/08.nc'

Calliope run aborted due to an error. Elapsed: 10954.5 seconds (time at exit: 2019-03-25 21:58:49)


PS:

Fail to open output file build/output/minus6/08.log: No such file or directory.
Output is stored in this mail.
