Job <calliope run build/model/model.yaml --save_netcdf build/output/minus6/05.nc --scenario baseline --override_dict "{run.solver_options.FeasibilityTol: 1e-6, run.solver_options.OptimalityTol: 1e-6}"> was submitted from host <eu-login-14-ng> by user <trtim> in cluster <euler> at Mon Mar 25 18:22:58 2019
Job was executed on host(s) <4*eu-a6-009-02>, in queue <normal.24h>, as user <trtim> in cluster <euler> at Mon Mar 25 18:48:34 2019
</cluster/home/trtim> was used as the home directory.
</cluster/home/trtim/Develop/ose-model-comparison> was used as the working directory.
Started at Mon Mar 25 18:48:34 2019
Terminated at Mon Mar 25 22:14:04 2019
Results reported at Mon Mar 25 22:14:04 2019

Your job looked like:

------------------------------------------------------------
# LSBATCH: User input
calliope run build/model/model.yaml --save_netcdf build/output/minus6/05.nc --scenario baseline --override_dict "{run.solver_options.FeasibilityTol: 1e-6, run.solver_options.OptimalityTol: 1e-6}"
------------------------------------------------------------

Exited with exit code 1.

Resource usage summary:

   CPU time :                                   13935.13 sec.
   Max Memory :                                 37927 MB
   Average Memory :                             30442.54 MB
   Total Requested Memory :                     48000.00 MB
   Delta Memory :                               10073.00 MB
   Max Swap :                                   -
   Max Processes :                              4
   Max Threads :                                9
   Run time :                                   12354 sec.
   Turnaround time :                            13866 sec.

The output (if any) follows:

/cluster/work/cpesm/trtim/.conda/envs/ose-model-comparison/lib/python3.6/site-packages/dask/config.py:168: YAMLLoadWarning:

calling yaml.load() without Loader=... is deprecated, as the default Loader is unsafe. Please read https://msg.pyyaml.org/load for full details.

[2019-03-25 18:48:44] INFO     Model: initialising
[2019-03-25 18:48:45] INFO     `run.solver_options.FeasibilityTol`:1e-06 applied from override as new configuration
`run.solver_options.OptimalityTol`:1e-06 applied from override as new configuration
[2019-03-25 18:48:45] INFO     Using scenario `baseline` leading to the application of overrides `['diw_assumptions', 'diw_battery_baseline_cost', 'equal_interest_rate', 'no_hydrogen']`.
[2019-03-25 18:48:46] INFO     `locations.ALB.techs.hydrogen.exists`:False applied from override as new configuration
`locations.AUT.techs.hydrogen.exists`:False applied from override as new configuration
`locations.BEL.techs.hydrogen.exists`:False applied from override as new configuration
`locations.BGR.techs.hydrogen.exists`:False applied from override as new configuration
`locations.BIH.techs.hydrogen.exists`:False applied from override as new configuration
`locations.CHE.techs.hydrogen.exists`:False applied from override as new configuration
`locations.CYP.techs.hydrogen.exists`:False applied from override as new configuration
`locations.CZE.techs.hydrogen.exists`:False applied from override as new configuration
`locations.DEU.techs.hydrogen.exists`:False applied from override as new configuration
`locations.DNK.techs.hydrogen.exists`:False applied from override as new configuration
`locations.ESP.techs.hydrogen.exists`:False applied from override as new configuration
`locations.EST.techs.hydrogen.exists`:False applied from override as new configuration
`locations.FIN.techs.hydrogen.exists`:False applied from override as new configuration
`locations.FRA.techs.hydrogen.exists`:False applied from override as new configuration
`locations.GBR.techs.hydrogen.exists`:False applied from override as new configuration
`locations.GRC.techs.hydrogen.exists`:False applied from override as new configuration
`locations.HRV.techs.hydrogen.exists`:False applied from override as new configuration
`locations.HUN.techs.hydrogen.exists`:False applied from override as new configuration
`locations.IRL.techs.hydrogen.exists`:False applied from override as new configuration
`locations.ITA.techs.hydrogen.exists`:False applied from override as new configuration
`locations.LTU.techs.hydrogen.exists`:False applied from override as new configuration
`locations.LUX.techs.hydrogen.exists`:False applied from override as new configuration
`locations.LVA.techs.hydrogen.exists`:False applied from override as new configuration
`locations.MKD.techs.hydrogen.exists`:False applied from override as new configuration
`locations.MNE.techs.hydrogen.exists`:False applied from override as new configuration
`locations.NLD.techs.hydrogen.exists`:False applied from override as new configuration
`locations.NOR.techs.hydrogen.exists`:False applied from override as new configuration
`locations.POL.techs.hydrogen.exists`:False applied from override as new configuration
`locations.PRT.techs.hydrogen.exists`:False applied from override as new configuration
`locations.ROU.techs.hydrogen.exists`:False applied from override as new configuration
`locations.SRB.techs.hydrogen.exists`:False applied from override as new configuration
`locations.SVK.techs.hydrogen.exists`:False applied from override as new configuration
`locations.SVN.techs.hydrogen.exists`:False applied from override as new configuration
`locations.SWE.techs.hydrogen.exists`:False applied from override as new configuration
`tech_groups.conversion.costs.monetary.interest_rate`:0.04 applied from override as new configuration
`tech_groups.conversion_plus.costs.monetary.interest_rate`:0.04 applied from override as new configuration
`tech_groups.storage.costs.monetary.interest_rate`:0.04 applied from override as new configuration
`tech_groups.supply.costs.monetary.interest_rate`:0.04 applied from override as new configuration
`tech_groups.supply_plus.costs.monetary.interest_rate`:0.04 applied from override as new configuration
`tech_groups.transmission.costs.monetary.interest_rate`:0.04 applied from override as new configuration
Override applied to techs.battery.costs.monetary.energy_cap: 713.47 -> 135.14000000000001
`techs.battery.costs.monetary.interest_rate`:0.04 applied from override as new configuration
Override applied to techs.battery.costs.monetary.om_annual: 12.48 -> 0
Override applied to techs.battery.costs.monetary.om_prod: 0.0028 -> 0
Override applied to techs.battery.costs.monetary.storage_cap: 322.73 -> 315.32
`techs.battery.energy_eff`:0.9591663046625439 applied from override as new configuration
Override applied to techs.ccgt.costs.monetary.om_con: 0.03761 -> 0.03168
Override applied to techs.ccgt.costs.monetary.om_prod: 0.000132 -> 0.014832000000000001
Override applied to techs.coal.costs.monetary.om_con: 0.010920000000000001 -> 0.009720000000000001
Override applied to techs.coal.costs.monetary.om_prod: 0.001315 -> 0.025915
Override applied to techs.lignite.costs.monetary.om_con: 0.010920000000000001 -> 0.00396
Override applied to techs.lignite.costs.monetary.om_prod: 0.001315 -> 0.028614999999999998
Override applied to techs.nuclear.costs.monetary.om_con: 0.0064 -> 0.0016899999999999999
Override applied to techs.nuclear.costs.monetary.om_prod: 0.0006580000000000001 -> 0.001018
[2019-03-25 18:48:46] INFO     Model: preprocessing stage 1 (model_run)
[2019-03-25 18:48:54] INFO     Model: preprocessing stage 2 (model_data)
[2019-03-25 18:50:04] INFO     Model: preprocessing complete. Time since start: 0:01:20.162001
[2019-03-25 18:50:04] INFO     Backend: starting model run
[2019-03-25 19:05:28] INFO     Backend: model generated. Time since start: 0:16:44.275276
[2019-03-25 19:05:28] INFO     Backend: sending model to solver
[2019-03-25 19:17:54] SOLVER   Parameter OutputFlag unchanged
[2019-03-25 19:17:54] SOLVER   Value: 1  Min: 0  Max: 1  Default: 1
[2019-03-25 19:17:54] SOLVER   Changed value of parameter LogFile to /cluster/work/cpesm/trtim/ose-model-comparison/tmpx44873c4.log
[2019-03-25 19:17:54] SOLVER   Prev: gurobi.log  Default:
[2019-03-25 19:17:54] SOLVER   Parameter FeasibilityTol unchanged
[2019-03-25 19:17:54] SOLVER   Value: 1e-06  Min: 1e-09  Max: 0.01  Default: 1e-06
[2019-03-25 19:17:54] SOLVER   Changed value of parameter Method to 2
[2019-03-25 19:17:54] SOLVER   Prev: -1  Min: -1  Max: 5  Default: -1
[2019-03-25 19:17:54] SOLVER   Parameter OptimalityTol unchanged
[2019-03-25 19:17:54] SOLVER   Value: 1e-06  Min: 1e-09  Max: 0.01  Default: 1e-06
[2019-03-25 19:17:54] SOLVER   Changed value of parameter Threads to 4
[2019-03-25 19:17:54] SOLVER   Prev: 0  Min: 0  Max: 1024  Default: 0
[2019-03-25 19:17:54] SOLVER   Optimize a model with 9340786 rows, 7221010 columns and 24514096 nonzeros
[2019-03-25 19:17:54] SOLVER   Coefficient statistics:
[2019-03-25 19:17:54] SOLVER   Matrix range     [1e-05, 4e+02]
[2019-03-25 19:17:54] SOLVER   Objective range  [1e+00, 1e+00]
[2019-03-25 19:17:54] SOLVER   Bounds range     [5e-02, 2e+03]
[2019-03-25 19:17:54] SOLVER   RHS range        [7e-03, 2e+03]
[2019-03-25 19:18:00] SOLVER   Presolve removed 6267467 rows and 4374384 columns (presolve time = 6s) ...
[2019-03-25 19:18:05] SOLVER   Presolve removed 6909505 rows and 5016422 columns (presolve time = 10s) ...
[2019-03-25 19:18:08] SOLVER   Presolve removed 6939760 rows and 5016432 columns
[2019-03-25 19:18:08] SOLVER   Presolve time: 14.24s
[2019-03-25 19:18:08] SOLVER   Presolved: 2401026 rows, 2204578 columns, 8737607 nonzeros
[2019-03-25 19:18:33] SOLVER   Ordering time: 0.00s
[2019-03-25 19:18:37] SOLVER   Barrier statistics:
[2019-03-25 19:18:37] SOLVER   Dense cols : 270
[2019-03-25 19:18:37] SOLVER   AA' NZ     : 8.083e+06
[2019-03-25 19:18:37] SOLVER   Factor NZ  : 4.940e+07 (roughly 2.3 GBytes of memory)
[2019-03-25 19:18:37] SOLVER   Factor Ops : 1.057e+10 (less than 1 second per iteration)
[2019-03-25 19:18:37] SOLVER   Threads    : 4
[2019-03-25 19:18:39] SOLVER   Objective                Residual
[2019-03-25 19:18:39] SOLVER   Iter       Primal          Dual         Primal    Dual     Compl     Time
[2019-03-25 19:18:39] SOLVER   0   1.11153753e+08 -1.09281141e+08  1.68e+07 4.56e-01  9.17e+04    45s
[2019-03-25 19:18:42] SOLVER   1   1.30648078e+08 -1.13882685e+08  1.06e+07 3.84e+01  6.98e+04    48s
[2019-03-25 19:18:46] SOLVER   2   1.32078584e+08 -1.40766502e+08  1.01e+07 3.20e+01  6.26e+04    51s
[2019-03-25 19:18:50] SOLVER   3   1.23095719e+08 -3.58900188e+08  8.97e+06 2.46e+01  5.35e+04    56s
[2019-03-25 19:18:54] SOLVER   4   9.36192792e+07 -1.44204157e+09  7.69e+06 1.63e+01  4.42e+04    60s
[2019-03-25 19:18:59] SOLVER   5   8.15208662e+07 -2.24141212e+09  6.75e+06 8.48e+00  3.67e+04    65s
[2019-03-25 19:19:01] SOLVER   6   5.68046491e+07 -2.48555857e+09  3.95e+06 5.89e+00  2.22e+04    67s
[2019-03-25 19:19:04] SOLVER   7   3.80743051e+07 -2.39931590e+09  2.12e+06 1.23e+00  1.13e+04    70s
[2019-03-25 19:19:08] SOLVER   8   3.51901174e+07 -2.04319518e+09  1.83e+06 4.21e-01  9.34e+03    74s
[2019-03-25 19:19:11] SOLVER   9   3.03657149e+07 -1.87338630e+09  1.38e+06 2.59e-01  7.11e+03    77s
[2019-03-25 19:19:14] SOLVER   10   2.34514864e+07 -1.47249698e+09  6.96e+05 1.02e-01  3.63e+03    80s
[2019-03-25 19:19:16] SOLVER   11   1.85594637e+07 -1.06705442e+09  2.81e+05 3.99e-02  1.51e+03    82s
[2019-03-25 19:19:19] SOLVER   12   1.70125276e+07 -7.86111045e+08  1.27e+05 1.95e-02  7.25e+02    85s
[2019-03-25 19:19:22] SOLVER   13   1.66567839e+07 -7.09085865e+08  7.91e+04 1.60e-02  4.93e+02    88s
[2019-03-25 19:19:25] SOLVER   14   1.61623033e+07 -5.57183588e+08  4.16e+04 1.04e-02  2.90e+02    91s
[2019-03-25 19:19:29] SOLVER   15   1.54746560e+07 -2.35031627e+08  1.87e+04 1.15e-03  1.16e+02    95s
[2019-03-25 19:19:32] SOLVER   16   1.32902003e+07 -1.26833730e+08  1.01e+04 3.58e-07  5.61e+01    98s
[2019-03-25 19:19:34] SOLVER   17   1.24678143e+07 -1.22881883e+08  8.64e+03 3.31e-07  5.08e+01   100s
[2019-03-25 19:19:37] SOLVER   18   1.08720142e+07 -9.41353737e+07  6.08e+03 1.13e-07  3.56e+01   103s
[2019-03-25 19:19:40] SOLVER   19   9.42150732e+06 -5.79085510e+07  4.48e+03 1.63e-09  2.19e+01   106s
[2019-03-25 19:19:42] SOLVER   20   7.49127949e+06 -2.75402141e+07  3.03e+03 3.84e-08  1.09e+01   108s
[2019-03-25 19:19:45] SOLVER   21   4.85717390e+06 -1.58810691e+07  1.58e+03 4.36e-09  5.70e+00   111s
[2019-03-25 19:19:49] SOLVER   22   3.96106676e+06 -1.03487850e+07  1.18e+03 8.87e-10  3.76e+00   115s
[2019-03-25 19:19:52] SOLVER   23   3.19678788e+06 -7.43373501e+06  8.74e+02 1.19e-09  2.68e+00   118s
[2019-03-25 19:19:55] SOLVER   24   2.61480903e+06 -6.06325454e+06  6.61e+02 5.81e-10  2.11e+00   121s
[2019-03-25 19:19:57] SOLVER   25   2.01330028e+06 -4.86009491e+06  4.47e+02 4.52e-10  1.59e+00   123s
[2019-03-25 19:20:00] SOLVER   26   1.57594537e+06 -3.03943232e+06  2.22e+02 3.30e-10  1.04e+00   126s
[2019-03-25 19:20:02] SOLVER   27   1.26304831e+06 -2.23429011e+06  1.47e+02 2.52e-10  7.64e-01   128s
[2019-03-25 19:20:05] SOLVER   28   1.11513757e+06 -1.09135666e+06  1.20e+02 3.29e-10  4.78e-01   131s
[2019-03-25 19:20:09] SOLVER   29   9.42217370e+05 -7.31378501e+05  9.07e+01 1.15e-09  3.57e-01   135s
[2019-03-25 19:20:12] SOLVER   30   8.61229413e+05 -6.12806639e+05  7.72e+01 9.45e-10  3.12e-01   138s
[2019-03-25 19:20:14] SOLVER   31   8.15449976e+05 -5.61084078e+05  6.75e+01 8.85e-10  2.90e-01   140s
[2019-03-25 19:20:17] SOLVER   32   7.51645061e+05 -3.45482306e+05  4.67e+01 4.64e-10  2.29e-01   143s
[2019-03-25 19:20:21] SOLVER   33   6.51976272e+05 -2.22999301e+05  4.37e+01 4.13e-10  1.81e-01   147s
[2019-03-25 19:20:24] SOLVER   34   5.80753699e+05 -2.88087330e+04  2.25e+01 2.63e-10  1.25e-01   150s
[2019-03-25 19:20:27] SOLVER   35   5.46577835e+05  5.81398759e+04  1.90e+01 2.24e-10  9.97e-02   152s
[2019-03-25 19:20:29] SOLVER   36   5.38492975e+05  1.05015767e+05  1.82e+01 1.86e-10  8.85e-02   155s
[2019-03-25 19:20:31] SOLVER   37   5.07423156e+05  1.72902577e+05  1.50e+01 1.59e-10  6.81e-02   157s
[2019-03-25 19:20:34] SOLVER   38   4.67045754e+05  2.12846183e+05  1.11e+01 1.06e-10  5.15e-02   160s
[2019-03-25 19:20:38] SOLVER   39   4.43498797e+05  2.37204404e+05  8.85e+00 8.61e-11  4.17e-02   164s
[2019-03-25 19:20:41] SOLVER   40   4.28731010e+05  2.58397247e+05  7.23e+00 6.31e-11  3.43e-02   167s
[2019-03-25 19:20:43] SOLVER   41   4.22142261e+05  2.70450155e+05  6.57e+00 5.15e-11  3.05e-02   169s
[2019-03-25 19:20:46] SOLVER   42   4.08651099e+05  2.79049181e+05  5.16e+00 4.91e-11  2.61e-02   172s
[2019-03-25 19:20:49] SOLVER   43   3.96398042e+05  2.83927867e+05  3.72e+00 5.46e-11  2.26e-02   175s
[2019-03-25 19:20:51] SOLVER   44   3.89586378e+05  2.90629950e+05  2.75e+00 3.67e-11  1.98e-02   177s
[2019-03-25 19:20:54] SOLVER   45   3.82047685e+05  2.96478260e+05  2.15e+00 3.18e-11  1.71e-02   180s
[2019-03-25 19:20:58] SOLVER   46   3.72678159e+05  3.04270979e+05  1.73e+00 2.27e-11  1.37e-02   184s
[2019-03-25 19:21:01] SOLVER   47   3.70231568e+05  3.11978280e+05  1.61e+00 1.65e-11  1.17e-02   187s
[2019-03-25 19:21:04] SOLVER   48   3.67725961e+05  3.14703407e+05  1.49e+00 3.00e-11  1.06e-02   190s
[2019-03-25 19:21:06] SOLVER   49   3.63148248e+05  3.16035621e+05  1.28e+00 1.82e-11  9.41e-03   192s
[2019-03-25 19:21:09] SOLVER   50   3.62397855e+05  3.17553153e+05  1.24e+00 1.48e-11  8.96e-03   195s
[2019-03-25 19:21:12] SOLVER   51   3.60156157e+05  3.19632555e+05  1.13e+00 1.18e-11  8.09e-03   198s
[2019-03-25 19:21:14] SOLVER   52   3.58894421e+05  3.21282903e+05  1.08e+00 1.71e-11  7.51e-03   200s
[2019-03-25 19:21:18] SOLVER   53   3.56364651e+05  3.24273662e+05  9.58e-01 2.86e-11  6.41e-03   204s
[2019-03-25 19:21:21] SOLVER   54   3.52480118e+05  3.25259197e+05  7.88e-01 1.51e-11  5.43e-03   207s
[2019-03-25 19:21:24] SOLVER   55   3.51134469e+05  3.26793245e+05  7.21e-01 1.92e-11  4.86e-03   210s
[2019-03-25 19:21:26] SOLVER   56   3.50402402e+05  3.27122857e+05  6.84e-01 3.56e-11  4.64e-03   212s
[2019-03-25 19:21:29] SOLVER   57   3.49742011e+05  3.27440764e+05  6.53e-01 1.01e-11  4.45e-03   215s
[2019-03-25 19:21:32] SOLVER   58   3.49545932e+05  3.27505438e+05  6.44e-01 2.24e-11  4.40e-03   218s
[2019-03-25 19:21:35] SOLVER   59   3.48764363e+05  3.28076898e+05  6.05e-01 2.79e-11  4.13e-03   221s
[2019-03-25 19:21:38] SOLVER   60   3.47621073e+05  3.29734437e+05  5.49e-01 2.79e-11  3.57e-03   224s
[2019-03-25 19:21:41] SOLVER   61   3.47399487e+05  3.30064754e+05  5.38e-01 3.97e-11  3.46e-03   227s
[2019-03-25 19:21:44] SOLVER   62   3.47151705e+05  3.30198567e+05  5.26e-01 2.01e-11  3.38e-03   230s
[2019-03-25 19:21:46] SOLVER   63   3.46456622e+05  3.30800115e+05  4.94e-01 3.97e-11  3.12e-03   232s
[2019-03-25 19:21:49] SOLVER   64   3.44393033e+05  3.31393282e+05  3.98e-01 3.60e-11  2.59e-03   235s
[2019-03-25 19:21:52] SOLVER   65   3.43823240e+05  3.31789335e+05  3.71e-01 3.42e-11  2.40e-03   238s
[2019-03-25 19:21:55] SOLVER   66   3.43160277e+05  3.32244185e+05  3.38e-01 3.61e-11  2.18e-03   241s
[2019-03-25 19:21:58] SOLVER   67   3.43024151e+05  3.32512867e+05  3.32e-01 3.29e-11  2.09e-03   244s
[2019-03-25 19:22:03] SOLVER   68   3.41784529e+05  3.32836616e+05  2.73e-01 3.29e-11  1.78e-03   248s
[2019-03-25 19:22:06] SOLVER   69   3.41470805e+05  3.32956816e+05  2.58e-01 3.29e-11  1.70e-03   252s
[2019-03-25 19:22:10] SOLVER   70   3.41323598e+05  3.33343718e+05  2.51e-01 2.79e-11  1.59e-03   255s
[2019-03-25 19:22:12] SOLVER   71   3.40665121e+05  3.33565388e+05  2.18e-01 1.92e-11  1.41e-03   258s
[2019-03-25 19:22:14] SOLVER   72   3.40609678e+05  3.33593464e+05  2.15e-01 2.92e-11  1.40e-03   260s
[2019-03-25 19:22:17] SOLVER   73   3.40411828e+05  3.33775312e+05  2.06e-01 3.38e-11  1.32e-03   263s
[2019-03-25 19:22:19] SOLVER   74   3.40224119e+05  3.33888123e+05  1.96e-01 2.88e-11  1.26e-03   265s
[2019-03-25 19:22:22] SOLVER   75   3.39941992e+05  3.34121774e+05  1.80e-01 1.86e-11  1.16e-03   268s
[2019-03-25 19:22:24] SOLVER   76   3.39836590e+05  3.34386340e+05  1.75e-01 3.33e-11  1.09e-03   270s
[2019-03-25 19:22:27] SOLVER   77   3.39424942e+05  3.34716545e+05  1.54e-01 8.41e-11  9.38e-04   273s
[2019-03-25 19:22:30] SOLVER   78   3.39132137e+05  3.34948299e+05  1.40e-01 1.03e-10  8.33e-04   276s
[2019-03-25 19:22:34] SOLVER   79   3.38900873e+05  3.35243160e+05  1.28e-01 1.16e-10  7.28e-04   280s
[2019-03-25 19:22:37] SOLVER   80   3.38381245e+05  3.35383425e+05  1.03e-01 1.12e-10  5.97e-04   283s
[2019-03-25 19:22:39] SOLVER   81   3.38334018e+05  3.35448764e+05  1.01e-01 5.87e-11  5.74e-04   285s
[2019-03-25 19:22:42] SOLVER   82   3.38300035e+05  3.35469425e+05  9.91e-02 5.42e-11  5.63e-04   288s
[2019-03-25 19:22:45] SOLVER   83   3.38120499e+05  3.35531812e+05  9.02e-02 4.83e-11  5.15e-04   291s
[2019-03-25 19:22:47] SOLVER   84   3.38048718e+05  3.35556877e+05  8.65e-02 4.97e-11  4.96e-04   293s
[2019-03-25 19:22:50] SOLVER   85   3.37845077e+05  3.35684626e+05  7.68e-02 6.80e-11  4.30e-04   296s
[2019-03-25 19:22:54] SOLVER   86   3.37779004e+05  3.35782471e+05  7.36e-02 8.31e-11  3.97e-04   300s
[2019-03-25 19:22:57] SOLVER   87   3.37539767e+05  3.35827144e+05  6.15e-02 7.04e-11  3.41e-04   303s
[2019-03-25 19:23:00] SOLVER   88   3.37514328e+05  3.35855397e+05  6.02e-02 6.47e-11  3.30e-04   306s
[2019-03-25 19:23:02] SOLVER   89   3.37472561e+05  3.35864313e+05  5.79e-02 6.61e-11  3.20e-04   308s
[2019-03-25 19:23:05] SOLVER   90   3.37374313e+05  3.35886919e+05  5.30e-02 6.22e-11  2.96e-04   311s
[2019-03-25 19:23:08] SOLVER   91   3.37308109e+05  3.35902215e+05  4.95e-02 6.47e-11  2.80e-04   314s
[2019-03-25 19:23:11] SOLVER   92   3.37246080e+05  3.35934103e+05  4.65e-02 5.30e-11  2.61e-04   317s
[2019-03-25 19:23:15] SOLVER   93   3.37150630e+05  3.35986805e+05  4.18e-02 5.83e-11  2.31e-04   321s
[2019-03-25 19:23:18] SOLVER   94   3.37109740e+05  3.36010026e+05  3.97e-02 5.09e-11  2.19e-04   324s
[2019-03-25 19:23:20] SOLVER   95   3.37100529e+05  3.36017592e+05  3.92e-02 4.38e-11  2.15e-04   326s
[2019-03-25 19:23:23] SOLVER   96   3.37075365e+05  3.36035971e+05  3.78e-02 4.41e-11  2.07e-04   329s
[2019-03-25 19:23:26] SOLVER   97   3.37007434e+05  3.36061496e+05  3.40e-02 6.30e-11  1.88e-04   332s
[2019-03-25 19:23:28] SOLVER   98   3.36966389e+05  3.36076019e+05  3.18e-02 6.50e-11  1.77e-04   334s
[2019-03-25 19:23:31] SOLVER   99   3.36927679e+05  3.36108294e+05  2.97e-02 3.51e-11  1.63e-04   337s
[2019-03-25 19:23:35] SOLVER   100   3.36904917e+05  3.36121094e+05  2.85e-02 5.73e-11  1.56e-04   341s
[2019-03-25 19:23:38] SOLVER   101   3.36875408e+05  3.36130561e+05  2.70e-02 3.82e-11  1.48e-04   344s
[2019-03-25 19:23:41] SOLVER   102   3.36868713e+05  3.36134071e+05  2.67e-02 3.46e-11  1.46e-04   347s
[2019-03-25 19:23:43] SOLVER   103   3.36859499e+05  3.36138950e+05  2.62e-02 4.64e-11  1.43e-04   349s
[2019-03-25 19:23:46] SOLVER   104   3.36827999e+05  3.36151657e+05  2.45e-02 3.55e-11  1.34e-04   352s
[2019-03-25 19:23:49] SOLVER   105   3.36816710e+05  3.36154904e+05  2.39e-02 4.50e-11  1.32e-04   355s
[2019-03-25 19:23:52] SOLVER   106   3.36792666e+05  3.36178058e+05  2.26e-02 5.28e-11  1.22e-04   358s
[2019-03-25 19:23:55] SOLVER   107   3.36743450e+05  3.36187464e+05  2.01e-02 4.00e-11  1.10e-04   361s
[2019-03-25 19:23:59] SOLVER   108   3.36741394e+05  3.36194391e+05  2.00e-02 4.00e-11  1.09e-04   365s
[2019-03-25 19:24:01] SOLVER   109   3.36730881e+05  3.36212361e+05  1.94e-02 5.78e-11  1.03e-04   367s
[2019-03-25 19:24:04] SOLVER   110   3.36708307e+05  3.36220898e+05  1.81e-02 4.41e-11  9.69e-05   370s
[2019-03-25 19:24:07] SOLVER   111   3.36686053e+05  3.36232973e+05  1.70e-02 3.37e-11  9.01e-05   373s
[2019-03-25 19:24:09] SOLVER   112   3.36651848e+05  3.36249293e+05  1.51e-02 2.09e-10  8.00e-05   375s
[2019-03-25 19:24:12] SOLVER   113   3.36631062e+05  3.36258092e+05  1.39e-02 1.98e-10  7.41e-05   378s
[2019-03-25 19:24:16] SOLVER   114   3.36581380e+05  3.36278810e+05  1.13e-02 1.13e-09  6.01e-05   382s
[2019-03-25 19:24:19] SOLVER   115   3.36563808e+05  3.36302179e+05  1.03e-02 6.15e-11  5.20e-05   385s
[2019-03-25 19:24:22] SOLVER   116   3.36553467e+05  3.36309021e+05  9.74e-03 3.22e-10  4.86e-05   388s
[2019-03-25 19:24:24] SOLVER   117   3.36530151e+05  3.36315963e+05  8.43e-03 1.58e-09  4.26e-05   390s
[2019-03-25 19:24:27] SOLVER   118   3.36513349e+05  3.36329130e+05  7.52e-03 1.45e-09  3.66e-05   393s
[2019-03-25 19:24:31] SOLVER   119   3.36489320e+05  3.36334092e+05  6.25e-03 2.40e-10  3.09e-05   397s
[2019-03-25 19:24:34] SOLVER   120   3.36475933e+05  3.36343030e+05  5.52e-03 8.93e-11  2.64e-05   400s
[2019-03-25 19:24:37] SOLVER   121   3.36466823e+05  3.36344965e+05  5.02e-03 9.05e-11  2.42e-05   403s
[2019-03-25 19:24:39] SOLVER   122   3.36464686e+05  3.36346422e+05  4.91e-03 8.82e-11  2.35e-05   405s
[2019-03-25 19:24:42] SOLVER   123   3.36459127e+05  3.36349338e+05  4.60e-03 8.61e-11  2.18e-05   408s
[2019-03-25 19:24:45] SOLVER   124   3.36445368e+05  3.36351791e+05  3.90e-03 1.07e-09  1.86e-05   411s
[2019-03-25 19:24:49] SOLVER   125   3.36439274e+05  3.36356820e+05  3.56e-03 9.73e-11  1.64e-05   415s
[2019-03-25 19:24:52] SOLVER   126   3.36427121e+05  3.36358486e+05  2.91e-03 7.35e-11  1.36e-05   418s
[2019-03-25 19:24:54] SOLVER   127   3.36423121e+05  3.36359886e+05  2.68e-03 7.05e-11  1.26e-05   420s
[2019-03-25 19:24:57] SOLVER   128   3.36421208e+05  3.36360879e+05  2.58e-03 6.74e-11  1.20e-05   423s
[2019-03-25 19:25:00] SOLVER   129   3.36418011e+05  3.36362549e+05  2.39e-03 6.70e-11  1.10e-05   426s
[2019-03-25 19:25:02] SOLVER   130   3.36416127e+05  3.36362875e+05  2.28e-03 6.69e-11  1.06e-05   428s
[2019-03-25 19:25:05] SOLVER   131   3.36408190e+05  3.36363858e+05  1.87e-03 6.24e-11  8.81e-06   431s
[2019-03-25 19:25:09] SOLVER   132   3.36403594e+05  3.36366379e+05  1.60e-03 6.14e-11  7.40e-06   435s
[2019-03-25 19:25:12] SOLVER   133   3.36401302e+05  3.36367966e+05  1.48e-03 6.48e-11  6.63e-06   438s
[2019-03-25 19:25:15] SOLVER   134   3.36399704e+05  3.36368700e+05  1.38e-03 6.27e-11  6.16e-06   441s
[2019-03-25 19:25:17] SOLVER   135   3.36396906e+05  3.36369388e+05  1.22e-03 1.30e-10  5.47e-06   443s
[2019-03-25 19:25:20] SOLVER   136   3.36393985e+05  3.36370414e+05  1.05e-03 1.67e-10  4.69e-06   446s
[2019-03-25 19:25:23] SOLVER   137   3.36392877e+05  3.36370848e+05  9.87e-04 1.92e-10  4.38e-06   449s
[2019-03-25 19:25:26] SOLVER   138   3.36389133e+05  3.36371143e+05  7.87e-04 2.06e-10  3.58e-06   452s
[2019-03-25 19:25:30] SOLVER   139   3.36388671e+05  3.36371326e+05  7.63e-04 2.09e-10  3.45e-06   456s
[2019-03-25 19:25:33] SOLVER   140   3.36386331e+05  3.36371742e+05  6.28e-04 1.87e-07  2.90e-06   459s
[2019-03-25 19:25:35] SOLVER   141   3.36384623e+05  3.36372075e+05  5.28e-04 1.70e-07  2.49e-06   461s
[2019-03-25 19:25:38] SOLVER   142   3.36383799e+05  3.36372516e+05  4.80e-04 1.46e-07  2.24e-06   464s
[2019-03-25 19:25:41] SOLVER   143   3.36382336e+05  3.36373365e+05  3.98e-04 1.01e-07  1.78e-06   467s
[2019-03-25 19:25:44] SOLVER   144   3.36381611e+05  3.36373485e+05  3.56e-04 9.50e-08  1.61e-06   470s
[2019-03-25 19:25:47] SOLVER   145   3.36380803e+05  3.36373921e+05  3.13e-04 7.18e-08  1.37e-06   473s
[2019-03-25 19:25:51] SOLVER   146   3.36380208e+05  3.36374072e+05  2.82e-04 6.38e-08  1.22e-06   477s
[2019-03-25 19:25:54] SOLVER   147   3.36379823e+05  3.36374213e+05  2.61e-04 5.45e-08  1.12e-06   480s
[2019-03-25 19:25:57] SOLVER   148   3.36379515e+05  3.36374262e+05  2.43e-04 5.16e-08  1.04e-06   483s
[2019-03-25 19:26:00] SOLVER   149   3.36379387e+05  3.36374321e+05  2.36e-04 4.81e-08  1.01e-06   486s
[2019-03-25 19:26:03] SOLVER   150   3.36379036e+05  3.36374375e+05  2.15e-04 4.54e-08  9.27e-07   489s
[2019-03-25 19:26:06] SOLVER   151   3.36378863e+05  3.36374447e+05  2.05e-04 4.18e-08  8.78e-07   492s
[2019-03-25 19:26:09] SOLVER   152   3.36378526e+05  3.36374660e+05  1.85e-04 3.12e-08  7.69e-07   495s
[2019-03-25 19:26:13] SOLVER   153   3.36377664e+05  3.36374736e+05  1.35e-04 2.70e-08  5.82e-07   499s
[2019-03-25 19:26:16] SOLVER   154   3.36377432e+05  3.36374849e+05  1.22e-04 2.19e-08  5.14e-07   502s
[2019-03-25 19:26:19] SOLVER   155   3.36377352e+05  3.36374869e+05  1.17e-04 2.09e-08  4.94e-07   505s
[2019-03-25 19:26:21] SOLVER   156   3.36377171e+05  3.36374893e+05  1.07e-04 1.96e-08  4.53e-07   507s
[2019-03-25 19:26:24] SOLVER   157   3.36376881e+05  3.36375002e+05  9.11e-05 1.40e-08  3.74e-07   510s
[2019-03-25 19:26:28] SOLVER   158   3.36376703e+05  3.36375028e+05  8.03e-05 1.00e-04  3.33e-07   514s
[2019-03-25 19:26:31] SOLVER   159   3.36376593e+05  3.36375057e+05  7.44e-05 8.93e-05  3.06e-07   517s
[2019-03-25 19:26:34] SOLVER   160   3.36376446e+05  3.36375075e+05  6.59e-05 8.22e-05  2.73e-07   520s
[2019-03-25 19:26:39] SOLVER   161   3.36376314e+05  3.36375120e+05  5.90e-05 6.52e-05  2.38e-07   525s
[2019-03-25 19:26:43] SOLVER   162   3.36376232e+05  3.36375131e+05  5.45e-05 6.09e-05  2.19e-07   529s
[2019-03-25 19:26:46] SOLVER   163   3.36376103e+05  3.36375148e+05  4.73e-05 5.42e-05  1.90e-07   532s
[2019-03-25 19:26:48] SOLVER   164   3.36376065e+05  3.36375156e+05  4.52e-05 5.05e-05  1.81e-07   534s
[2019-03-25 19:26:51] SOLVER   165   3.36376025e+05  3.36375166e+05  4.28e-05 4.68e-05  1.71e-07   537s
[2019-03-25 19:26:53] SOLVER   166   3.36375957e+05  3.36375184e+05  3.88e-05 3.87e-05  1.54e-07   539s
[2019-03-25 19:26:56] SOLVER   167   3.36375860e+05  3.36375190e+05  3.31e-05 3.65e-05  1.33e-07   542s
[2019-03-25 19:26:58] SOLVER   168   3.36375831e+05  3.36375206e+05  3.14e-05 2.02e-05  1.24e-07   544s
[2019-03-25 19:27:01] SOLVER   169   3.36375717e+05  3.36375218e+05  2.48e-05 1.70e-05  9.94e-08   547s
[2019-03-25 19:27:04] SOLVER   170   3.36375663e+05  3.36375223e+05  2.18e-05 1.57e-05  8.75e-08   550s
[2019-03-25 19:27:06] SOLVER   171   3.36375646e+05  3.36375225e+05  2.07e-05 1.54e-05  8.37e-08   552s
[2019-03-25 19:27:09] SOLVER   172   3.36375618e+05  3.36375232e+05  1.91e-05 1.37e-05  7.67e-08   555s
[2019-03-25 19:27:13] SOLVER   173   3.36375605e+05  3.36375234e+05  1.83e-05 1.31e-05  7.37e-08   559s
[2019-03-25 19:27:13] SOLVER   Barrier solved model in 173 iterations and 558.57 seconds
[2019-03-25 19:27:13] SOLVER   Optimal objective 3.36375605e+05
[2019-03-25 19:27:14] SOLVER   Crossover log...
[2019-03-25 19:27:15] SOLVER   658518 DPushes remaining with DInf 1.8336515e+02               561s
[2019-03-25 19:27:19] SOLVER   567081 DPushes remaining with DInf 1.8240738e+02               565s
[2019-03-25 19:27:24] SOLVER   562617 DPushes remaining with DInf 1.8240738e+02               570s
[2019-03-25 19:27:30] SOLVER   554704 DPushes remaining with DInf 1.8193181e+02               576s
[2019-03-25 19:27:34] SOLVER   548803 DPushes remaining with DInf 4.0168252e+02               580s
[2019-03-25 19:27:41] SOLVER   542851 DPushes remaining with DInf 4.0167288e+02               587s
[2019-03-25 19:27:46] SOLVER   541363 DPushes remaining with DInf 4.0167288e+02               592s
[2019-03-25 19:27:51] SOLVER   539875 DPushes remaining with DInf 4.0167288e+02               597s
[2019-03-25 19:27:55] SOLVER   538387 DPushes remaining with DInf 4.0167288e+02               601s
[2019-03-25 19:27:59] SOLVER   535411 DPushes remaining with DInf 4.0167288e+02               605s
[2019-03-25 19:28:04] SOLVER   530947 DPushes remaining with DInf 4.0167288e+02               610s
[2019-03-25 19:28:10] SOLVER   527227 DPushes remaining with DInf 4.0167288e+02               616s
[2019-03-25 19:28:14] SOLVER   523507 DPushes remaining with DInf 4.0167288e+02               620s
[2019-03-25 19:28:20] SOLVER   518299 DPushes remaining with DInf 4.0167288e+02               626s
[2019-03-25 19:28:25] SOLVER   513835 DPushes remaining with DInf 4.0167288e+02               631s
[2019-03-25 19:28:30] SOLVER   510115 DPushes remaining with DInf 4.0167288e+02               635s
[2019-03-25 19:28:34] SOLVER   506395 DPushes remaining with DInf 4.0167288e+02               640s
[2019-03-25 19:28:39] SOLVER   501187 DPushes remaining with DInf 4.0167288e+02               645s
[2019-03-25 19:28:44] SOLVER   495235 DPushes remaining with DInf 4.0164480e+02               650s
[2019-03-25 19:28:49] SOLVER   491515 DPushes remaining with DInf 4.0164480e+02               655s
[2019-03-25 19:28:55] SOLVER   487795 DPushes remaining with DInf 4.0164480e+02               661s
[2019-03-25 19:29:01] SOLVER   485563 DPushes remaining with DInf 4.0164480e+02               667s
[2019-03-25 19:29:04] SOLVER   484075 DPushes remaining with DInf 4.0164480e+02               670s
[2019-03-25 19:29:10] SOLVER   481843 DPushes remaining with DInf 4.0164480e+02               676s
[2019-03-25 19:29:15] SOLVER   479611 DPushes remaining with DInf 4.0164480e+02               681s
[2019-03-25 19:29:19] SOLVER   478123 DPushes remaining with DInf 4.0164480e+02               685s
[2019-03-25 19:29:25] SOLVER   475891 DPushes remaining with DInf 4.0164480e+02               691s
[2019-03-25 19:29:30] SOLVER   473659 DPushes remaining with DInf 4.0164480e+02               696s
[2019-03-25 19:29:35] SOLVER   471427 DPushes remaining with DInf 4.0164480e+02               701s
[2019-03-25 19:29:40] SOLVER   469195 DPushes remaining with DInf 4.0164480e+02               706s
[2019-03-25 19:29:45] SOLVER   466963 DPushes remaining with DInf 4.0164480e+02               711s
[2019-03-25 19:29:50] SOLVER   464731 DPushes remaining with DInf 4.0164480e+02               716s
[2019-03-25 19:29:54] SOLVER   462499 DPushes remaining with DInf 4.0164480e+02               720s
[2019-03-25 19:29:59] SOLVER   460267 DPushes remaining with DInf 4.0164480e+02               725s
[2019-03-25 19:30:05] SOLVER   457291 DPushes remaining with DInf 4.0164480e+02               731s
[2019-03-25 19:30:09] SOLVER   455059 DPushes remaining with DInf 4.0164480e+02               735s
[2019-03-25 19:30:14] SOLVER   452827 DPushes remaining with DInf 4.0164480e+02               740s
[2019-03-25 19:30:19] SOLVER   450595 DPushes remaining with DInf 4.0164480e+02               745s
[2019-03-25 19:30:25] SOLVER   447618 DPushes remaining with DInf 4.0164480e+02               751s
[2019-03-25 19:30:31] SOLVER   445386 DPushes remaining with DInf 4.0164480e+02               757s
[2019-03-25 19:30:35] SOLVER   443154 DPushes remaining with DInf 4.0164480e+02               761s
[2019-03-25 19:30:40] SOLVER   440177 DPushes remaining with DInf 4.0164480e+02               766s
[2019-03-25 19:30:46] SOLVER   437201 DPushes remaining with DInf 4.0164480e+02               772s
[2019-03-25 19:30:50] SOLVER   435713 DPushes remaining with DInf 4.0164480e+02               776s
[2019-03-25 19:30:55] SOLVER   434225 DPushes remaining with DInf 4.0164480e+02               781s
[2019-03-25 19:31:00] SOLVER   432737 DPushes remaining with DInf 4.0164480e+02               786s
[2019-03-25 19:31:06] SOLVER   430505 DPushes remaining with DInf 4.0164480e+02               792s
[2019-03-25 19:31:10] SOLVER   429017 DPushes remaining with DInf 4.0164480e+02               796s
[2019-03-25 19:31:14] SOLVER   427529 DPushes remaining with DInf 4.0164480e+02               800s
[2019-03-25 19:31:20] SOLVER   425297 DPushes remaining with DInf 4.0164480e+02               806s
[2019-03-25 19:31:25] SOLVER   423065 DPushes remaining with DInf 4.0164480e+02               811s
[2019-03-25 19:31:30] SOLVER   420833 DPushes remaining with DInf 4.0164480e+02               816s
[2019-03-25 19:31:35] SOLVER   418600 DPushes remaining with DInf 4.0164480e+02               821s
[2019-03-25 19:31:40] SOLVER   416368 DPushes remaining with DInf 4.0164480e+02               826s
[2019-03-25 19:31:44] SOLVER   414136 DPushes remaining with DInf 4.0164480e+02               830s
[2019-03-25 19:31:49] SOLVER   411904 DPushes remaining with DInf 4.0164480e+02               835s
[2019-03-25 19:31:55] SOLVER   408928 DPushes remaining with DInf 4.0164480e+02               840s
[2019-03-25 19:31:59] SOLVER   405952 DPushes remaining with DInf 4.0164480e+02               845s
[2019-03-25 19:32:05] SOLVER   402231 DPushes remaining with DInf 4.0164480e+02               851s
[2019-03-25 19:32:10] SOLVER   399255 DPushes remaining with DInf 4.0164480e+02               856s
[2019-03-25 19:32:15] SOLVER   396278 DPushes remaining with DInf 4.0163109e+02               861s
[2019-03-25 19:32:19] SOLVER   393302 DPushes remaining with DInf 4.0162319e+02               865s
[2019-03-25 19:32:25] SOLVER   389582 DPushes remaining with DInf 4.2338977e+02               871s
[2019-03-25 19:32:29] SOLVER   385862 DPushes remaining with DInf 4.2338977e+02               875s
[2019-03-25 19:32:34] SOLVER   382141 DPushes remaining with DInf 4.2338977e+02               880s
[2019-03-25 19:32:39] SOLVER   377676 DPushes remaining with DInf 4.2338977e+02               885s
[2019-03-25 19:32:45] SOLVER   373953 DPushes remaining with DInf 4.1978899e+02               891s
[2019-03-25 19:32:49] SOLVER   372462 DPushes remaining with DInf 4.1976634e+02               895s
[2019-03-25 19:32:55] SOLVER   370227 DPushes remaining with DInf 4.1973589e+02               901s
[2019-03-25 19:33:01] SOLVER   367994 DPushes remaining with DInf 4.1971960e+02               907s
[2019-03-25 19:33:05] SOLVER   366506 DPushes remaining with DInf 4.1971052e+02               911s
[2019-03-25 19:33:10] SOLVER   364274 DPushes remaining with DInf 4.1968284e+02               916s
[2019-03-25 19:33:14] SOLVER   362786 DPushes remaining with DInf 4.1967366e+02               920s
[2019-03-25 19:33:20] SOLVER   359810 DPushes remaining with DInf 4.1965676e+02               926s
[2019-03-25 19:33:25] SOLVER   356833 DPushes remaining with DInf 4.1963233e+02               931s
[2019-03-25 19:33:29] SOLVER   353857 DPushes remaining with DInf 4.1962346e+02               935s
[2019-03-25 19:33:34] SOLVER   350137 DPushes remaining with DInf 4.1961105e+02               940s
[2019-03-25 19:33:40] SOLVER   346416 DPushes remaining with DInf 4.1959751e+02               946s
[2019-03-25 19:33:45] SOLVER   343439 DPushes remaining with DInf 4.1958659e+02               951s
[2019-03-25 19:33:49] SOLVER   341207 DPushes remaining with DInf 2.7877966e+02               955s
[2019-03-25 19:33:55] SOLVER   337487 DPushes remaining with DInf 2.7877966e+02               961s
[2019-03-25 19:33:59] SOLVER   334511 DPushes remaining with DInf 2.7877966e+02               965s
[2019-03-25 19:34:05] SOLVER   330047 DPushes remaining with DInf 2.7877966e+02               971s
[2019-03-25 19:34:09] SOLVER   325166 DPushes remaining with DInf 2.7499944e+02               975s
[2019-03-25 19:34:15] SOLVER   319576 DPushes remaining with DInf 7.6933090e+03               981s
[2019-03-25 19:34:21] SOLVER   314571 DPushes remaining with DInf 7.6301379e+03               987s
[2019-03-25 19:34:25] SOLVER   311002 DPushes remaining with DInf 7.6229336e+03               991s
[2019-03-25 19:34:29] SOLVER   307634 DPushes remaining with DInf 7.6183399e+03               995s
[2019-03-25 19:34:35] SOLVER   302184 DPushes remaining with DInf 7.6080690e+03              1001s
[2019-03-25 19:34:40] SOLVER   298109 DPushes remaining with DInf 7.6038925e+03              1006s
[2019-03-25 19:34:45] SOLVER   293499 DPushes remaining with DInf 7.5070916e+03              1011s
[2019-03-25 19:34:50] SOLVER   288875 DPushes remaining with DInf 7.4950743e+03              1016s
[2019-03-25 19:34:54] SOLVER   285203 DPushes remaining with DInf 7.4919393e+03              1020s
[2019-03-25 19:34:59] SOLVER   281732 DPushes remaining with DInf 7.4900469e+03              1025s
[2019-03-25 19:35:05] SOLVER   277701 DPushes remaining with DInf 7.4885822e+03              1031s
[2019-03-25 19:35:09] SOLVER   274409 DPushes remaining with DInf 7.4872628e+03              1035s
[2019-03-25 19:35:15] SOLVER   271809 DPushes remaining with DInf 7.4518546e+03              1041s
[2019-03-25 19:35:20] SOLVER   269113 DPushes remaining with DInf 7.4464483e+03              1046s
[2019-03-25 19:35:24] SOLVER   266510 DPushes remaining with DInf 7.4417546e+03              1050s
[2019-03-25 19:35:30] SOLVER   263920 DPushes remaining with DInf 7.4377387e+03              1056s
[2019-03-25 19:35:36] SOLVER   261558 DPushes remaining with DInf 7.4365651e+03              1062s
[2019-03-25 19:35:40] SOLVER   259155 DPushes remaining with DInf 7.4351856e+03              1066s
[2019-03-25 19:35:47] SOLVER   256715 DPushes remaining with DInf 7.4334806e+03              1073s
[2019-03-25 19:35:50] SOLVER   255890 DPushes remaining with DInf 7.4324511e+03              1076s
[2019-03-25 19:35:55] SOLVER   254315 DPushes remaining with DInf 7.4309524e+03              1081s
[2019-03-25 19:36:00] SOLVER   252778 DPushes remaining with DInf 7.4295817e+03              1086s
[2019-03-25 19:36:06] SOLVER   250141 DPushes remaining with DInf 7.4241791e+03              1092s
[2019-03-25 19:36:10] SOLVER   249260 DPushes remaining with DInf 7.4240303e+03              1096s
[2019-03-25 19:36:15] SOLVER   248438 DPushes remaining with DInf 7.4239822e+03              1101s
[2019-03-25 19:36:21] SOLVER   246908 DPushes remaining with DInf 7.4234927e+03              1107s
[2019-03-25 19:36:24] SOLVER   245407 DPushes remaining with DInf 7.4232079e+03              1110s
[2019-03-25 19:36:31] SOLVER   241564 DPushes remaining with DInf 7.4110349e+03              1116s
[2019-03-25 19:36:36] SOLVER   238898 DPushes remaining with DInf 7.4053168e+03              1122s
[2019-03-25 19:36:41] SOLVER   237033 DPushes remaining with DInf 7.3905445e+03              1127s
[2019-03-25 19:36:45] SOLVER   234176 DPushes remaining with DInf 7.3821716e+03              1131s
[2019-03-25 19:36:50] SOLVER   228786 DPushes remaining with DInf 7.3479071e+03              1136s
[2019-03-25 19:36:55] SOLVER   225732 DPushes remaining with DInf 7.3366587e+03              1141s
[2019-03-25 19:37:00] SOLVER   221572 DPushes remaining with DInf 6.2740984e+03              1145s
[2019-03-25 19:37:05] SOLVER   216398 DPushes remaining with DInf 6.2550279e+03              1151s
[2019-03-25 19:37:11] SOLVER   211311 DPushes remaining with DInf 6.2370445e+03              1157s
[2019-03-25 19:37:14] SOLVER   210373 DPushes remaining with DInf 6.2341285e+03              1160s
[2019-03-25 19:37:21] SOLVER   208476 DPushes remaining with DInf 6.2275877e+03              1167s
[2019-03-25 19:37:25] SOLVER   207528 DPushes remaining with DInf 6.2243187e+03              1171s
[2019-03-25 19:37:29] SOLVER   206646 DPushes remaining with DInf 6.2220927e+03              1175s
[2019-03-25 19:37:38] SOLVER   204824 DPushes remaining with DInf 6.2173600e+03              1184s
[2019-03-25 19:37:42] SOLVER   203934 DPushes remaining with DInf 6.2153072e+03              1188s
[2019-03-25 19:37:47] SOLVER   203059 DPushes remaining with DInf 6.2132213e+03              1193s
[2019-03-25 19:37:52] SOLVER   202180 DPushes remaining with DInf 6.2110006e+03              1198s
[2019-03-25 19:37:56] SOLVER   201320 DPushes remaining with DInf 6.2091657e+03              1202s
[2019-03-25 19:38:01] SOLVER   200481 DPushes remaining with DInf 6.2075147e+03              1207s
[2019-03-25 19:38:06] SOLVER   199633 DPushes remaining with DInf 6.2057698e+03              1212s
[2019-03-25 19:38:09] SOLVER   198777 DPushes remaining with DInf 3.9329215e+04              1215s
[2019-03-25 19:38:18] SOLVER   197255 DPushes remaining with DInf 3.9328486e+04              1224s
[2019-03-25 19:38:23] SOLVER   196494 DPushes remaining with DInf 3.9328166e+04              1229s
[2019-03-25 19:38:27] SOLVER   195732 DPushes remaining with DInf 3.9327836e+04              1233s
[2019-03-25 19:38:31] SOLVER   194972 DPushes remaining with DInf 3.9327463e+04              1237s
[2019-03-25 19:38:35] SOLVER   194211 DPushes remaining with DInf 3.9327062e+04              1241s
[2019-03-25 19:38:42] SOLVER   192695 DPushes remaining with DInf 3.9326517e+04              1248s
[2019-03-25 19:38:45] SOLVER   191935 DPushes remaining with DInf 3.9326132e+04              1251s
[2019-03-25 19:38:53] SOLVER   190422 DPushes remaining with DInf 3.9325587e+04              1259s
[2019-03-25 19:38:58] SOLVER   189660 DPushes remaining with DInf 3.9325210e+04              1264s
[2019-03-25 19:39:02] SOLVER   188907 DPushes remaining with DInf 3.9324975e+04              1268s
[2019-03-25 19:39:06] SOLVER   188144 DPushes remaining with DInf 3.9324540e+04              1272s
[2019-03-25 19:39:10] SOLVER   187387 DPushes remaining with DInf 3.9324216e+04              1276s
[2019-03-25 19:39:18] SOLVER   185879 DPushes remaining with DInf 3.9323687e+04              1284s
[2019-03-25 19:39:21] SOLVER   185124 DPushes remaining with DInf 3.9323379e+04              1287s
[2019-03-25 19:39:26] SOLVER   184376 DPushes remaining with DInf 3.9323226e+04              1292s
[2019-03-25 19:39:30] SOLVER   183619 DPushes remaining with DInf 3.9322933e+04              1296s
[2019-03-25 19:39:36] SOLVER   182119 DPushes remaining with DInf 3.9322593e+04              1302s
[2019-03-25 19:39:42] SOLVER   180616 DPushes remaining with DInf 3.9322214e+04              1308s
[2019-03-25 19:39:46] SOLVER   179116 DPushes remaining with DInf 3.9321799e+04              1312s
[2019-03-25 19:39:52] SOLVER   177615 DPushes remaining with DInf 3.9321325e+04              1318s
[2019-03-25 19:39:55] SOLVER   176870 DPushes remaining with DInf 3.9321072e+04              1321s
[2019-03-25 19:40:02] SOLVER   175380 DPushes remaining with DInf 3.9320587e+04              1328s
[2019-03-25 19:40:05] SOLVER   174636 DPushes remaining with DInf 3.9319961e+04              1331s
[2019-03-25 19:40:12] SOLVER   173148 DPushes remaining with DInf 3.9319059e+04              1338s
[2019-03-25 19:40:15] SOLVER   172403 DPushes remaining with DInf 3.9318757e+04              1341s
[2019-03-25 19:40:23] SOLVER   170914 DPushes remaining with DInf 3.9318172e+04              1348s
[2019-03-25 19:40:29] SOLVER   170384 DPushes remaining with DInf 3.9318107e+04              1355s
[2019-03-25 19:40:33] SOLVER   169639 DPushes remaining with DInf 3.9317900e+04              1359s
[2019-03-25 19:40:36] SOLVER   168894 DPushes remaining with DInf 3.9317695e+04              1362s
[2019-03-25 19:40:42] SOLVER   168148 DPushes remaining with DInf 3.9317636e+04              1368s
[2019-03-25 19:40:48] SOLVER   167402 DPushes remaining with DInf 3.9317539e+04              1374s
[2019-03-25 19:40:54] SOLVER   166730 DPushes remaining with DInf 3.9317484e+04              1380s
[2019-03-25 19:41:01] SOLVER   165240 DPushes remaining with DInf 3.9317100e+04              1387s
[2019-03-25 19:41:05] SOLVER   164494 DPushes remaining with DInf 3.9316831e+04              1391s
[2019-03-25 19:41:12] SOLVER   163002 DPushes remaining with DInf 3.9316374e+04              1398s
[2019-03-25 19:41:15] SOLVER   162258 DPushes remaining with DInf 3.9316263e+04              1401s
[2019-03-25 19:41:22] SOLVER   160767 DPushes remaining with DInf 3.9315828e+04              1408s
[2019-03-25 19:41:25] SOLVER   160023 DPushes remaining with DInf 3.9315592e+04              1411s
[2019-03-25 19:41:33] SOLVER   158534 DPushes remaining with DInf 3.9315294e+04              1418s
[2019-03-25 19:41:38] SOLVER   157790 DPushes remaining with DInf 3.9315176e+04              1424s
[2019-03-25 19:41:42] SOLVER   157046 DPushes remaining with DInf 3.9314967e+04              1428s
[2019-03-25 19:41:46] SOLVER   156301 DPushes remaining with DInf 3.9314866e+04              1432s
[2019-03-25 19:41:49] SOLVER   155557 DPushes remaining with DInf 3.9314817e+04              1435s
[2019-03-25 19:41:55] SOLVER   154813 DPushes remaining with DInf 3.9314714e+04              1441s
[2019-03-25 19:41:59] SOLVER   154065 DPushes remaining with DInf 3.9314539e+04              1445s
[2019-03-25 19:42:08] SOLVER   152577 DPushes remaining with DInf 3.9314368e+04              1454s
[2019-03-25 19:42:12] SOLVER   151833 DPushes remaining with DInf 3.9314276e+04              1457s
[2019-03-25 19:42:15] SOLVER   151088 DPushes remaining with DInf 3.9314169e+04              1461s
[2019-03-25 19:42:22] SOLVER   149600 DPushes remaining with DInf 3.9313927e+04              1468s
[2019-03-25 19:42:28] SOLVER   148856 DPushes remaining with DInf 3.9313870e+04              1474s
[2019-03-25 19:42:35] SOLVER   148126 DPushes remaining with DInf 3.9313836e+04              1481s
[2019-03-25 19:42:41] SOLVER   147426 DPushes remaining with DInf 3.9313786e+04              1487s
[2019-03-25 19:42:46] SOLVER   146682 DPushes remaining with DInf 3.9313708e+04              1492s
[2019-03-25 19:42:51] SOLVER   145937 DPushes remaining with DInf 3.9313639e+04              1497s
[2019-03-25 19:42:58] SOLVER   145193 DPushes remaining with DInf 3.9313626e+04              1504s
[2019-03-25 19:43:03] SOLVER   144449 DPushes remaining with DInf 3.9313610e+04              1509s
[2019-03-25 19:43:05] SOLVER   143703 DPushes remaining with DInf 3.9313481e+04              1511s
[2019-03-25 19:43:11] SOLVER   142213 DPushes remaining with DInf 3.9313340e+04              1517s
[2019-03-25 19:43:14] SOLVER   141469 DPushes remaining with DInf 3.9313232e+04              1520s
[2019-03-25 19:43:20] SOLVER   139981 DPushes remaining with DInf 3.9313068e+04              1526s
[2019-03-25 19:43:26] SOLVER   138493 DPushes remaining with DInf 3.9312972e+04              1532s
[2019-03-25 19:43:30] SOLVER   137749 DPushes remaining with DInf 3.9312889e+04              1536s
[2019-03-25 19:43:34] SOLVER   137005 DPushes remaining with DInf 3.9312857e+04              1540s
[2019-03-25 19:43:42] SOLVER   135517 DPushes remaining with DInf 3.9312833e+04              1548s
[2019-03-25 19:43:45] SOLVER   134773 DPushes remaining with DInf 3.9312782e+04              1551s
[2019-03-25 19:43:52] SOLVER   133285 DPushes remaining with DInf 3.9312768e+04              1558s
[2019-03-25 19:43:55] SOLVER   132541 DPushes remaining with DInf 3.9312759e+04              1561s
[2019-03-25 19:44:02] SOLVER   131052 DPushes remaining with DInf 3.9312601e+04              1568s
[2019-03-25 19:44:06] SOLVER   130306 DPushes remaining with DInf 3.9312577e+04              1572s
[2019-03-25 19:44:10] SOLVER   129561 DPushes remaining with DInf 3.9312555e+04              1576s
[2019-03-25 19:44:16] SOLVER   128072 DPushes remaining with DInf 3.9312328e+04              1582s
[2019-03-25 19:44:20] SOLVER   127328 DPushes remaining with DInf 3.9312171e+04              1586s
[2019-03-25 19:44:26] SOLVER   125839 DPushes remaining with DInf 3.9311935e+04              1591s
[2019-03-25 19:44:31] SOLVER   124351 DPushes remaining with DInf 3.9311702e+04              1597s
[2019-03-25 19:44:36] SOLVER   122860 DPushes remaining with DInf 3.9311522e+04              1602s
[2019-03-25 19:44:41] SOLVER   121370 DPushes remaining with DInf 3.9311223e+04              1607s
[2019-03-25 19:44:44] SOLVER   120626 DPushes remaining with DInf 3.9311121e+04              1610s
[2019-03-25 19:44:49] SOLVER   119138 DPushes remaining with DInf 3.9310889e+04              1615s
[2019-03-25 19:44:54] SOLVER   117649 DPushes remaining with DInf 3.9310624e+04              1620s
[2019-03-25 19:45:00] SOLVER   116161 DPushes remaining with DInf 3.9310270e+04              1626s
[2019-03-25 19:45:05] SOLVER   114673 DPushes remaining with DInf 3.9104227e+05              1631s
[2019-03-25 19:45:11] SOLVER   112422 DPushes remaining with DInf 3.9104114e+05              1637s
[2019-03-25 19:45:15] SOLVER   110902 DPushes remaining with DInf 3.9103837e+05              1640s
[2019-03-25 19:45:20] SOLVER   108632 DPushes remaining with DInf 3.9103001e+05              1646s
[2019-03-25 19:45:26] SOLVER   106381 DPushes remaining with DInf 3.9102766e+05              1651s
[2019-03-25 19:45:29] SOLVER   104891 DPushes remaining with DInf 3.9102728e+05              1655s
[2019-03-25 19:45:35] SOLVER   102658 DPushes remaining with DInf 3.9102700e+05              1661s
[2019-03-25 19:45:39] SOLVER   101168 DPushes remaining with DInf 3.9102672e+05              1665s
[2019-03-25 19:45:45] SOLVER   98935 DPushes remaining with DInf 3.9102630e+05              1671s
[2019-03-25 19:45:51] SOLVER   96700 DPushes remaining with DInf 3.9102576e+05              1677s
[2019-03-25 19:45:55] SOLVER   95210 DPushes remaining with DInf 3.9102531e+05              1681s
[2019-03-25 19:45:59] SOLVER   93722 DPushes remaining with DInf 3.9102437e+05              1685s
[2019-03-25 19:46:04] SOLVER   91490 DPushes remaining with DInf 3.9102302e+05              1690s
[2019-03-25 19:46:09] SOLVER   89258 DPushes remaining with DInf 3.9102260e+05              1695s
[2019-03-25 19:46:16] SOLVER   86282 DPushes remaining with DInf 3.9102201e+05              1702s
[2019-03-25 19:46:19] SOLVER   84794 DPushes remaining with DInf 3.9102083e+05              1705s
[2019-03-25 19:46:25] SOLVER   82561 DPushes remaining with DInf 3.9101863e+05              1711s
[2019-03-25 19:46:29] SOLVER   81071 DPushes remaining with DInf 3.9101834e+05              1715s
[2019-03-25 19:46:35] SOLVER   78839 DPushes remaining with DInf 3.9101798e+05              1721s
[2019-03-25 19:46:40] SOLVER   76560 DPushes remaining with DInf 3.9101736e+05              1726s
[2019-03-25 19:46:45] SOLVER   75039 DPushes remaining with DInf 3.9101713e+05              1731s
[2019-03-25 19:46:51] SOLVER   72726 DPushes remaining with DInf 3.9101648e+05              1737s
[2019-03-25 19:46:55] SOLVER   71137 DPushes remaining with DInf 3.9101594e+05              1741s
[2019-03-25 19:47:00] SOLVER   68759 DPushes remaining with DInf 3.9101503e+05              1746s
[2019-03-25 19:47:04] SOLVER   67182 DPushes remaining with DInf 3.9101457e+05              1750s
[2019-03-25 19:47:11] SOLVER   64798 DPushes remaining with DInf 3.9101368e+05              1757s
[2019-03-25 19:47:15] SOLVER   63224 DPushes remaining with DInf 3.9101283e+05              1761s
[2019-03-25 19:47:20] SOLVER   60791 DPushes remaining with DInf 3.9101142e+05              1766s
[2019-03-25 19:47:24] SOLVER   56596 DPushes remaining with DInf 3.9075175e+05              1770s
[2019-03-25 19:47:32] SOLVER   22648 DPushes remaining with DInf 9.3822148e+03              1778s
[2019-03-25 19:47:34] SOLVER   12858 DPushes remaining with DInf 3.3074852e+04              1780s
[2019-03-25 19:47:40] SOLVER   0 DPushes remaining with DInf 8.2327664e+05              1786s
[2019-03-25 19:47:40] SOLVER   Restart crossover...
[2019-03-25 19:47:41] SOLVER   658518 DPushes remaining with DInf 4.4929416e+02              1787s
[2019-03-25 19:47:44] SOLVER   562867 DPushes remaining with DInf 5.2697542e+02              1790s
[2019-03-25 19:47:50] SOLVER   556171 DPushes remaining with DInf 5.2697542e+02              1796s
[2019-03-25 19:47:54] SOLVER   553195 DPushes remaining with DInf 5.2697542e+02              1800s
[2019-03-25 19:48:00] SOLVER   548731 DPushes remaining with DInf 5.2697542e+02              1806s
[2019-03-25 19:48:04] SOLVER   543523 DPushes remaining with DInf 5.2697542e+02              1810s
[2019-03-25 19:48:11] SOLVER   538315 DPushes remaining with DInf 5.2697542e+02              1816s
[2019-03-25 19:48:15] SOLVER   535339 DPushes remaining with DInf 5.2697542e+02              1821s
[2019-03-25 19:48:20] SOLVER   530131 DPushes remaining with DInf 5.2697542e+02              1825s
[2019-03-25 19:48:25] SOLVER   525667 DPushes remaining with DInf 5.2697542e+02              1831s
[2019-03-25 19:48:30] SOLVER   522691 DPushes remaining with DInf 5.2697542e+02              1836s
[2019-03-25 19:48:35] SOLVER   519715 DPushes remaining with DInf 5.2697542e+02              1840s
[2019-03-25 19:48:39] SOLVER   517483 DPushes remaining with DInf 5.2697542e+02              1845s
[2019-03-25 19:48:45] SOLVER   514507 DPushes remaining with DInf 5.2697542e+02              1851s
[2019-03-25 19:48:50] SOLVER   512275 DPushes remaining with DInf 5.2697542e+02              1856s
[2019-03-25 19:48:55] SOLVER   510043 DPushes remaining with DInf 5.2697542e+02              1861s
[2019-03-25 19:48:59] SOLVER   507811 DPushes remaining with DInf 5.2697542e+02              1865s
[2019-03-25 19:49:05] SOLVER   504835 DPushes remaining with DInf 5.2697542e+02              1871s
[2019-03-25 19:49:10] SOLVER   501115 DPushes remaining with DInf 5.2697542e+02              1876s
[2019-03-25 19:49:14] SOLVER   496651 DPushes remaining with DInf 5.2697542e+02              1880s
[2019-03-25 19:49:20] SOLVER   492187 DPushes remaining with DInf 5.2697542e+02              1886s
[2019-03-25 19:49:25] SOLVER   489211 DPushes remaining with DInf 5.2697542e+02              1891s
[2019-03-25 19:49:30] SOLVER   486235 DPushes remaining with DInf 5.2697542e+02              1896s
[2019-03-25 19:49:34] SOLVER   484003 DPushes remaining with DInf 5.2697542e+02              1900s
[2019-03-25 19:49:40] SOLVER   481027 DPushes remaining with DInf 5.2697542e+02              1906s
[2019-03-25 19:49:44] SOLVER   478795 DPushes remaining with DInf 5.2697542e+02              1910s
[2019-03-25 19:49:49] SOLVER   474331 DPushes remaining with DInf 5.2697542e+02              1915s
[2019-03-25 19:49:56] SOLVER   472843 DPushes remaining with DInf 5.2697542e+02              1922s
[2019-03-25 19:50:00] SOLVER   472099 DPushes remaining with DInf 5.2697542e+02              1926s
[2019-03-25 19:50:06] SOLVER   470611 DPushes remaining with DInf 5.2697542e+02              1932s
[2019-03-25 19:50:11] SOLVER   469123 DPushes remaining with DInf 5.2697542e+02              1937s
[2019-03-25 19:50:16] SOLVER   467635 DPushes remaining with DInf 5.2697542e+02              1942s
[2019-03-25 19:50:21] SOLVER   466147 DPushes remaining with DInf 5.2697542e+02              1947s
[2019-03-25 19:50:27] SOLVER   464659 DPushes remaining with DInf 5.2697542e+02              1952s
[2019-03-25 19:50:31] SOLVER   463171 DPushes remaining with DInf 5.2697542e+02              1957s
[2019-03-25 19:50:36] SOLVER   461683 DPushes remaining with DInf 5.2697542e+02              1962s
[2019-03-25 19:50:40] SOLVER   460195 DPushes remaining with DInf 5.2697542e+02              1966s
[2019-03-25 19:50:46] SOLVER   457963 DPushes remaining with DInf 5.2697542e+02              1972s
[2019-03-25 19:50:49] SOLVER   456475 DPushes remaining with DInf 5.2697542e+02              1975s
[2019-03-25 19:50:55] SOLVER   453499 DPushes remaining with DInf 5.2697542e+02              1981s
[2019-03-25 19:51:00] SOLVER   451267 DPushes remaining with DInf 5.2697542e+02              1986s
[2019-03-25 19:51:05] SOLVER   449035 DPushes remaining with DInf 5.2697542e+02              1991s
[2019-03-25 19:51:10] SOLVER   446059 DPushes remaining with DInf 5.2697542e+02              1996s
[2019-03-25 19:51:14] SOLVER   443827 DPushes remaining with DInf 5.2697542e+02              2000s
[2019-03-25 19:51:19] SOLVER   440851 DPushes remaining with DInf 5.2697542e+02              2005s
[2019-03-25 19:51:25] SOLVER   437874 DPushes remaining with DInf 5.2697542e+02              2011s
[2019-03-25 19:51:30] SOLVER   435642 DPushes remaining with DInf 5.2697542e+02              2016s
[2019-03-25 19:51:36] SOLVER   433410 DPushes remaining with DInf 5.2697542e+02              2022s
[2019-03-25 19:51:41] SOLVER   431178 DPushes remaining with DInf 5.2697542e+02              2027s
[2019-03-25 19:51:45] SOLVER   428946 DPushes remaining with DInf 5.2697542e+02              2031s
[2019-03-25 19:51:51] SOLVER   426714 DPushes remaining with DInf 5.2697542e+02              2037s
[2019-03-25 19:51:55] SOLVER   425226 DPushes remaining with DInf 5.2697542e+02              2041s
[2019-03-25 19:52:00] SOLVER   422994 DPushes remaining with DInf 5.2697542e+02              2046s
[2019-03-25 19:52:05] SOLVER   420762 DPushes remaining with DInf 5.2697542e+02              2051s
[2019-03-25 19:52:10] SOLVER   418530 DPushes remaining with DInf 5.2697542e+02              2056s
[2019-03-25 19:52:15] SOLVER   416298 DPushes remaining with DInf 5.2697542e+02              2061s
[2019-03-25 19:52:20] SOLVER   414066 DPushes remaining with DInf 5.2697542e+02              2066s
[2019-03-25 19:52:25] SOLVER   411834 DPushes remaining with DInf 5.2697542e+02              2071s
[2019-03-25 19:52:31] SOLVER   409602 DPushes remaining with DInf 5.2697542e+02              2077s
[2019-03-25 19:52:35] SOLVER   408114 DPushes remaining with DInf 5.2697542e+02              2081s
[2019-03-25 19:52:40] SOLVER   405882 DPushes remaining with DInf 5.2697542e+02              2086s
[2019-03-25 19:52:45] SOLVER   403650 DPushes remaining with DInf 5.2697542e+02              2091s
[2019-03-25 19:52:50] SOLVER   401417 DPushes remaining with DInf 5.2697542e+02              2096s
[2019-03-25 19:52:55] SOLVER   399185 DPushes remaining with DInf 5.2697542e+02              2101s
[2019-03-25 19:53:01] SOLVER   396953 DPushes remaining with DInf 5.2697542e+02              2106s
[2019-03-25 19:53:06] SOLVER   394721 DPushes remaining with DInf 5.2696285e+02              2112s
[2019-03-25 19:53:10] SOLVER   392489 DPushes remaining with DInf 5.2658264e+02              2116s
[2019-03-25 19:53:14] SOLVER   391001 DPushes remaining with DInf 5.2658264e+02              2120s
[2019-03-25 19:53:21] SOLVER   388769 DPushes remaining with DInf 5.2658264e+02              2127s
[2019-03-25 19:53:25] SOLVER   387281 DPushes remaining with DInf 5.2658264e+02              2131s
[2019-03-25 19:53:30] SOLVER   385793 DPushes remaining with DInf 5.2658264e+02              2135s
[2019-03-25 19:53:36] SOLVER   383561 DPushes remaining with DInf 5.2658264e+02              2142s
[2019-03-25 19:53:39] SOLVER   382073 DPushes remaining with DInf 5.2658264e+02              2145s
[2019-03-25 19:53:45] SOLVER   377609 DPushes remaining with DInf 5.2658264e+02              2151s
[2019-03-25 19:53:49] SOLVER   375376 DPushes remaining with DInf 5.2658264e+02              2155s
[2019-03-25 19:53:55] SOLVER   372400 DPushes remaining with DInf 5.2658264e+02              2161s
[2019-03-25 19:54:01] SOLVER   370168 DPushes remaining with DInf 5.2658264e+02              2167s
[2019-03-25 19:54:04] SOLVER   368680 DPushes remaining with DInf 5.2658264e+02              2170s
[2019-03-25 19:54:09] SOLVER   366448 DPushes remaining with DInf 5.2658264e+02              2175s
[2019-03-25 19:54:15] SOLVER   364216 DPushes remaining with DInf 5.2658264e+02              2181s
[2019-03-25 19:54:21] SOLVER   361984 DPushes remaining with DInf 5.2650275e+02              2187s
[2019-03-25 19:54:25] SOLVER   360496 DPushes remaining with DInf 5.2650275e+02              2190s
[2019-03-25 19:54:29] SOLVER   358264 DPushes remaining with DInf 5.2650275e+02              2195s
[2019-03-25 19:54:35] SOLVER   355288 DPushes remaining with DInf 5.2650275e+02              2201s
[2019-03-25 19:54:40] SOLVER   352312 DPushes remaining with DInf 5.2650275e+02              2206s
[2019-03-25 19:54:45] SOLVER   348901 DPushes remaining with DInf 5.2478480e+02              2211s
[2019-03-25 19:54:50] SOLVER   345736 DPushes remaining with DInf 5.2418909e+02              2216s
[2019-03-25 19:54:55] SOLVER   342508 DPushes remaining with DInf 5.2335129e+02              2221s
[2019-03-25 19:55:00] SOLVER   340078 DPushes remaining with DInf 5.2265179e+02              2226s
[2019-03-25 19:55:04] SOLVER   336213 DPushes remaining with DInf 5.2210556e+02              2230s
[2019-03-25 19:55:09] SOLVER   331265 DPushes remaining with DInf 5.1923696e+02              2235s
[2019-03-25 19:55:15] SOLVER   325582 DPushes remaining with DInf 5.1619842e+02              2241s
[2019-03-25 19:55:20] SOLVER   318094 DPushes remaining with DInf 5.0455334e+02              2245s
[2019-03-25 19:55:25] SOLVER   311122 DPushes remaining with DInf 4.9913024e+02              2251s
[2019-03-25 19:55:30] SOLVER   305579 DPushes remaining with DInf 4.9079225e+02              2255s
[2019-03-25 19:55:35] SOLVER   299606 DPushes remaining with DInf 4.8842740e+02              2261s
[2019-03-25 19:55:40] SOLVER   294192 DPushes remaining with DInf 4.8656503e+02              2265s
[2019-03-25 19:55:44] SOLVER   290631 DPushes remaining with DInf 4.8600874e+02              2270s
[2019-03-25 19:55:50] SOLVER   284706 DPushes remaining with DInf 4.8484000e+02              2276s
[2019-03-25 19:55:54] SOLVER   279128 DPushes remaining with DInf 4.8401861e+02              2280s
[2019-03-25 19:56:00] SOLVER   272423 DPushes remaining with DInf 4.8357621e+02              2286s
[2019-03-25 19:56:05] SOLVER   269053 DPushes remaining with DInf 4.7819034e+02              2291s
[2019-03-25 19:56:09] SOLVER   265460 DPushes remaining with DInf 4.7789677e+02              2295s
[2019-03-25 19:56:15] SOLVER   262040 DPushes remaining with DInf 4.7733495e+02              2301s
[2019-03-25 19:56:20] SOLVER   260346 DPushes remaining with DInf 4.7708606e+02              2306s
[2019-03-25 19:56:24] SOLVER   259557 DPushes remaining with DInf 4.7697970e+02              2310s
[2019-03-25 19:56:29] SOLVER   257956 DPushes remaining with DInf 4.7685858e+02              2315s
[2019-03-25 19:56:34] SOLVER   255499 DPushes remaining with DInf 4.7638584e+02              2320s
[2019-03-25 19:56:40] SOLVER   253816 DPushes remaining with DInf 4.7601227e+02              2326s
[2019-03-25 19:56:46] SOLVER   252192 DPushes remaining with DInf 4.7567215e+02              2332s
[2019-03-25 19:56:51] SOLVER   250642 DPushes remaining with DInf 4.7519249e+02              2337s
[2019-03-25 19:56:55] SOLVER   249135 DPushes remaining with DInf 4.7481635e+02              2341s
[2019-03-25 19:56:59] SOLVER   247630 DPushes remaining with DInf 5.1876021e+02              2345s
[2019-03-25 19:57:07] SOLVER   246142 DPushes remaining with DInf 5.1876021e+02              2353s
[2019-03-25 19:57:10] SOLVER   245398 DPushes remaining with DInf 5.1876021e+02              2356s
[2019-03-25 19:57:16] SOLVER   243907 DPushes remaining with DInf 5.1876021e+02              2362s
[2019-03-25 19:57:19] SOLVER   242417 DPushes remaining with DInf 5.1876021e+02              2365s
[2019-03-25 19:57:26] SOLVER   238694 DPushes remaining with DInf 5.1862458e+02              2372s
[2019-03-25 19:57:30] SOLVER   236462 DPushes remaining with DInf 8.4695069e+02              2376s
[2019-03-25 19:57:36] SOLVER   234226 DPushes remaining with DInf 1.4097168e+03              2382s
[2019-03-25 19:57:41] SOLVER   232688 DPushes remaining with DInf 1.4071406e+03              2387s
[2019-03-25 19:57:45] SOLVER   231015 DPushes remaining with DInf 1.4045504e+03              2391s
[2019-03-25 19:57:49] SOLVER   228262 DPushes remaining with DInf 1.3836187e+03              2395s
[2019-03-25 19:57:54] SOLVER   225296 DPushes remaining with DInf 1.3708445e+03              2400s
[2019-03-25 19:58:02] SOLVER   223067 DPushes remaining with DInf 1.3215954e+03              2408s
[2019-03-25 19:58:06] SOLVER   221927 DPushes remaining with DInf 8.7016696e+03              2412s
[2019-03-25 19:58:11] SOLVER   221033 DPushes remaining with DInf 8.6995477e+03              2417s
[2019-03-25 19:58:15] SOLVER   220100 DPushes remaining with DInf 8.6968979e+03              2421s
[2019-03-25 19:58:23] SOLVER   218247 DPushes remaining with DInf 8.6920079e+03              2429s
[2019-03-25 19:58:27] SOLVER   217330 DPushes remaining with DInf 8.6897703e+03              2433s
[2019-03-25 19:58:30] SOLVER   216447 DPushes remaining with DInf 8.6880150e+03              2436s
[2019-03-25 19:58:37] SOLVER   214531 DPushes remaining with DInf 8.6629519e+03              2443s
[2019-03-25 19:58:40] SOLVER   213554 DPushes remaining with DInf 8.6611867e+03              2446s
[2019-03-25 19:58:46] SOLVER   211618 DPushes remaining with DInf 8.6569701e+03              2452s
[2019-03-25 19:58:49] SOLVER   210675 DPushes remaining with DInf 8.6547668e+03              2455s
[2019-03-25 19:58:56] SOLVER   208844 DPushes remaining with DInf 8.6510297e+03              2462s
[2019-03-25 19:58:59] SOLVER   207932 DPushes remaining with DInf 8.6490188e+03              2465s
[2019-03-25 19:59:05] SOLVER   206091 DPushes remaining with DInf 8.6448263e+03              2471s
[2019-03-25 19:59:12] SOLVER   204252 DPushes remaining with DInf 8.6400706e+03              2477s
[2019-03-25 19:59:15] SOLVER   203338 DPushes remaining with DInf 8.6374483e+03              2481s
[2019-03-25 19:59:22] SOLVER   201503 DPushes remaining with DInf 8.6315836e+03              2488s
[2019-03-25 19:59:25] SOLVER   200647 DPushes remaining with DInf 8.6292833e+03              2491s
[2019-03-25 19:59:31] SOLVER   198987 DPushes remaining with DInf 8.6244662e+03              2497s
[2019-03-25 19:59:37] SOLVER   197338 DPushes remaining with DInf 8.6201606e+03              2503s
[2019-03-25 19:59:40] SOLVER   196498 DPushes remaining with DInf 8.6162195e+03              2506s
[2019-03-25 19:59:45] SOLVER   194844 DPushes remaining with DInf 8.6124430e+03              2511s
[2019-03-25 19:59:50] SOLVER   193226 DPushes remaining with DInf 8.6098021e+03              2516s
[2019-03-25 19:59:56] SOLVER   190805 DPushes remaining with DInf 8.6055829e+03              2522s
[2019-03-25 20:00:00] SOLVER   189217 DPushes remaining with DInf 8.6029564e+03              2526s
[2019-03-25 20:00:04] SOLVER   187637 DPushes remaining with DInf 8.6006456e+03              2530s
[2019-03-25 20:00:11] SOLVER   185235 DPushes remaining with DInf 8.5961718e+03              2537s
[2019-03-25 20:00:15] SOLVER   183665 DPushes remaining with DInf 8.5940728e+03              2541s
[2019-03-25 20:00:20] SOLVER   181305 DPushes remaining with DInf 8.5913866e+03              2546s
[2019-03-25 20:00:25] SOLVER   178963 DPushes remaining with DInf 8.5886774e+03              2551s
[2019-03-25 20:00:30] SOLVER   176635 DPushes remaining with DInf 8.5866212e+03              2556s
[2019-03-25 20:00:36] SOLVER   174323 DPushes remaining with DInf 8.5847691e+03              2562s
[2019-03-25 20:00:39] SOLVER   172789 DPushes remaining with DInf 8.5831493e+03              2565s
[2019-03-25 20:00:45] SOLVER   170478 DPushes remaining with DInf 8.5815513e+03              2571s
[2019-03-25 20:00:51] SOLVER   166681 DPushes remaining with DInf 8.5802370e+03              2577s
[2019-03-25 20:00:55] SOLVER   164407 DPushes remaining with DInf 8.5793553e+03              2581s
[2019-03-25 20:01:00] SOLVER   162888 DPushes remaining with DInf 8.5783696e+03              2586s
[2019-03-25 20:01:06] SOLVER   160623 DPushes remaining with DInf 8.5768861e+03              2592s
[2019-03-25 20:01:10] SOLVER   159124 DPushes remaining with DInf 8.5759718e+03              2596s
[2019-03-25 20:01:14] SOLVER   157631 DPushes remaining with DInf 8.5751656e+03              2600s
[2019-03-25 20:01:20] SOLVER   154631 DPushes remaining with DInf 8.5734783e+03              2606s
[2019-03-25 20:01:25] SOLVER   151637 DPushes remaining with DInf 8.5729460e+03              2611s
[2019-03-25 20:01:30] SOLVER   149392 DPushes remaining with DInf 8.5719176e+03              2616s
[2019-03-25 20:01:35] SOLVER   147149 DPushes remaining with DInf 8.5712340e+03              2621s
[2019-03-25 20:01:39] SOLVER   144906 DPushes remaining with DInf 8.5705711e+03              2625s
[2019-03-25 20:01:44] SOLVER   142667 DPushes remaining with DInf 8.5701568e+03              2630s
[2019-03-25 20:01:49] SOLVER   140421 DPushes remaining with DInf 8.5695572e+03              2635s
[2019-03-25 20:01:55] SOLVER   137435 DPushes remaining with DInf 8.5687860e+03              2641s
[2019-03-25 20:02:00] SOLVER   135945 DPushes remaining with DInf 8.5685389e+03              2646s
[2019-03-25 20:02:06] SOLVER   134454 DPushes remaining with DInf 8.5683976e+03              2652s
[2019-03-25 20:02:11] SOLVER   132961 DPushes remaining with DInf 8.5682485e+03              2657s
[2019-03-25 20:02:15] SOLVER   131470 DPushes remaining with DInf 8.5681047e+03              2661s
[2019-03-25 20:02:21] SOLVER   129974 DPushes remaining with DInf 8.5677588e+03              2666s
[2019-03-25 20:02:26] SOLVER   128477 DPushes remaining with DInf 8.5664218e+03              2672s
[2019-03-25 20:02:32] SOLVER   126982 DPushes remaining with DInf 8.5661342e+03              2678s
[2019-03-25 20:02:35] SOLVER   126236 DPushes remaining with DInf 8.5659934e+03              2680s
[2019-03-25 20:02:40] SOLVER   124741 DPushes remaining with DInf 8.5656438e+03              2686s
[2019-03-25 20:02:45] SOLVER   123248 DPushes remaining with DInf 8.5647069e+03              2691s
[2019-03-25 20:02:50] SOLVER   121750 DPushes remaining with DInf 8.5630675e+03              2696s
[2019-03-25 20:02:54] SOLVER   120248 DPushes remaining with DInf 8.5618366e+03              2700s
[2019-03-25 20:03:01] SOLVER   117995 DPushes remaining with DInf 8.5584773e+03              2707s
[2019-03-25 20:03:05] SOLVER   116497 DPushes remaining with DInf 8.5566703e+03              2711s
[2019-03-25 20:03:09] SOLVER   114995 DPushes remaining with DInf 8.5487860e+03              2715s
[2019-03-25 20:03:15] SOLVER   112736 DPushes remaining with DInf 8.5461515e+03              2721s
[2019-03-25 20:03:20] SOLVER   111187 DPushes remaining with DInf 8.5417602e+03              2726s
[2019-03-25 20:03:26] SOLVER   108861 DPushes remaining with DInf 8.5307647e+03              2732s
[2019-03-25 20:03:30] SOLVER   107307 DPushes remaining with DInf 8.5185779e+03              2736s
[2019-03-25 20:03:34] SOLVER   105762 DPushes remaining with DInf 8.5082071e+03              2740s
[2019-03-25 20:03:40] SOLVER   103462 DPushes remaining with DInf 8.4890787e+03              2746s
[2019-03-25 20:03:45] SOLVER   101894 DPushes remaining with DInf 8.4664586e+03              2751s
[2019-03-25 20:03:49] SOLVER   100286 DPushes remaining with DInf 8.4335974e+03              2755s
[2019-03-25 20:03:54] SOLVER   98751 DPushes remaining with DInf 8.4251295e+03              2760s
[2019-03-25 20:04:02] SOLVER   96502 DPushes remaining with DInf 8.4241199e+03              2768s
[2019-03-25 20:04:04] SOLVER   95756 DPushes remaining with DInf 8.4238678e+03              2770s
[2019-03-25 20:04:09] SOLVER   94250 DPushes remaining with DInf 8.4233161e+03              2775s
[2019-03-25 20:04:15] SOLVER   92753 DPushes remaining with DInf 8.4227196e+03              2781s
[2019-03-25 20:04:21] SOLVER   90514 DPushes remaining with DInf 8.4222078e+03              2787s
[2019-03-25 20:04:24] SOLVER   89021 DPushes remaining with DInf 8.4218873e+03              2790s
[2019-03-25 20:04:30] SOLVER   86780 DPushes remaining with DInf 8.4211167e+03              2796s
[2019-03-25 20:04:35] SOLVER   85283 DPushes remaining with DInf 8.4205927e+03              2801s
[2019-03-25 20:04:40] SOLVER   83778 DPushes remaining with DInf 8.4199520e+03              2806s
[2019-03-25 20:04:44] SOLVER   82279 DPushes remaining with DInf 8.4192911e+03              2810s
[2019-03-25 20:04:51] SOLVER   80031 DPushes remaining with DInf 8.4180862e+03              2817s
[2019-03-25 20:04:55] SOLVER   78527 DPushes remaining with DInf 8.4172250e+03              2821s
[2019-03-25 20:05:00] SOLVER   76996 DPushes remaining with DInf 8.4162833e+03              2826s
[2019-03-25 20:05:05] SOLVER   75456 DPushes remaining with DInf 8.4153352e+03              2831s
[2019-03-25 20:05:10] SOLVER   73911 DPushes remaining with DInf 8.4142207e+03              2836s
[2019-03-25 20:05:15] SOLVER   72326 DPushes remaining with DInf 8.4129444e+03              2841s
[2019-03-25 20:05:20] SOLVER   70697 DPushes remaining with DInf 8.4117588e+03              2846s
[2019-03-25 20:05:24] SOLVER   69023 DPushes remaining with DInf 8.4104856e+03              2850s
[2019-03-25 20:05:31] SOLVER   66481 DPushes remaining with DInf 8.4086547e+03              2857s
[2019-03-25 20:05:35] SOLVER   64774 DPushes remaining with DInf 8.4071490e+03              2861s
[2019-03-25 20:05:39] SOLVER   63105 DPushes remaining with DInf 8.4053431e+03              2865s
[2019-03-25 20:05:44] SOLVER   60510 DPushes remaining with DInf 8.4026121e+03              2870s
[2019-03-25 20:05:51] SOLVER   38534 DPushes remaining with DInf 7.9322620e+03              2876s
[2019-03-25 20:05:54] SOLVER   18524 DPushes remaining with DInf 7.3086004e+02              2880s
[2019-03-25 20:06:00] SOLVER   0 DPushes remaining with DInf 6.5849552e+03              2886s
[2019-03-25 20:06:00] SOLVER   1540332 PPushes remaining with PInf 4.2679367e+02              2886s
[2019-03-25 20:06:07] SOLVER   562062 PPushes remaining with PInf 3.4691777e+02              2893s
[2019-03-25 20:06:10] SOLVER   447349 PPushes remaining with PInf 3.3486921e+02              2896s
[2019-03-25 20:06:16] SOLVER   363777 PPushes remaining with PInf 5.3613590e+02              2902s
[2019-03-25 20:06:22] SOLVER   354015 PPushes remaining with PInf 5.3521869e+02              2908s
[2019-03-25 20:06:27] SOLVER   351582 PPushes remaining with PInf 5.3499573e+02              2913s
[2019-03-25 20:06:36] SOLVER   348133 PPushes remaining with PInf 5.3452185e+02              2922s
[2019-03-25 20:06:41] SOLVER   345972 PPushes remaining with PInf 5.3437259e+02              2927s
[2019-03-25 20:06:47] SOLVER   343360 PPushes remaining with PInf 5.3375199e+02              2933s
[2019-03-25 20:06:52] SOLVER   340032 PPushes remaining with PInf 5.3263748e+02              2938s
[2019-03-25 20:06:56] SOLVER   338796 PPushes remaining with PInf 5.3255758e+02              2942s
[2019-03-25 20:31:28] SOLVER   273391 PPushes remaining with PInf 4.8006809e+02              4414s
[2019-03-25 20:31:33] SOLVER   271978 PPushes remaining with PInf 4.7823402e+02              4419s
[2019-03-25 20:31:35] SOLVER   270734 PPushes remaining with PInf 4.7813223e+02              4421s
[2019-03-25 20:31:41] SOLVER   267785 PPushes remaining with PInf 4.7530416e+02              4427s
[2019-03-25 20:31:45] SOLVER   263221 PPushes remaining with PInf 4.7322742e+02              4431s
[2019-03-25 21:02:45] SOLVER   194572 PPushes remaining with PInf 3.9607694e+02              6291s
[2019-03-25 21:28:18] SOLVER   131100 PPushes remaining with PInf 3.3913584e+02              7823s
[2019-03-25 21:30:53] SOLVER   119583 PPushes remaining with PInf 3.5015178e+02              7979s
[2019-03-25 21:33:07] SOLVER   111374 PPushes remaining with PInf 3.5217095e+02              8113s
[2019-03-25 21:33:46] SOLVER   109184 PPushes remaining with PInf 3.3659627e+02              8152s
[2019-03-25 21:34:07] SOLVER   106037 PPushes remaining with PInf 2.9826081e+02              8173s
[2019-03-25 21:34:09] SOLVER   103895 PPushes remaining with PInf 2.9476812e+02              8175s
[2019-03-25 21:34:15] SOLVER   100857 PPushes remaining with PInf 2.9235800e+02              8181s
[2019-03-25 21:34:20] SOLVER   98582 PPushes remaining with PInf 2.8758375e+02              8186s
[2019-03-25 21:34:24] SOLVER   96660 PPushes remaining with PInf 2.8463838e+02              8190s
[2019-03-25 21:34:31] SOLVER   93879 PPushes remaining with PInf 2.8237114e+02              8197s
[2019-03-25 21:34:36] SOLVER   90583 PPushes remaining with PInf 2.8086859e+02              8202s
[2019-03-25 21:34:40] SOLVER   88406 PPushes remaining with PInf 2.7849376e+02              8206s
[2019-03-25 21:35:08] SOLVER   84368 PPushes remaining with PInf 2.7593383e+02              8234s
[2019-03-25 21:35:12] SOLVER   81659 PPushes remaining with PInf 2.7562858e+02              8238s
[2019-03-25 21:35:16] SOLVER   80764 PPushes remaining with PInf 2.7510189e+02              8242s
[2019-03-25 21:35:21] SOLVER   78303 PPushes remaining with PInf 2.7498268e+02              8247s
[2019-03-25 21:35:29] SOLVER   76739 PPushes remaining with PInf 2.7368922e+02              8255s
[2019-03-25 21:35:37] SOLVER   75965 PPushes remaining with PInf 2.7368033e+02              8263s
[2019-03-25 21:35:40] SOLVER   74784 PPushes remaining with PInf 2.7367999e+02              8266s
[2019-03-25 21:35:49] SOLVER   73883 PPushes remaining with PInf 2.7345048e+02              8275s
[2019-03-25 21:35:53] SOLVER   73033 PPushes remaining with PInf 2.7065366e+02              8278s
[2019-03-25 21:35:54] SOLVER   71841 PPushes remaining with PInf 2.6995093e+02              8280s
[2019-03-25 21:47:17] SOLVER   36414 PPushes remaining with PInf 2.6966312e+02              8963s
[2019-03-25 21:51:45] SOLVER   20263 PPushes remaining with PInf 2.6838949e+02              9231s
[2019-03-25 21:52:24] SOLVER   16957 PPushes remaining with PInf 2.6675144e+02              9270s
[2019-03-25 21:52:33] SOLVER   13649 PPushes remaining with PInf 2.6471220e+02              9279s
[2019-03-25 21:52:39] SOLVER   12480 PPushes remaining with PInf 2.6242679e+02              9285s
[2019-03-25 21:52:41] SOLVER   11531 PPushes remaining with PInf 2.5934081e+02              9287s
[2019-03-25 21:52:45] SOLVER   6880 PPushes remaining with PInf 2.5927805e+02              9291s
[2019-03-25 21:52:53] SOLVER   23 PPushes remaining with PInf 2.5868449e+02              9299s
[2019-03-25 21:52:56] SOLVER   0 PPushes remaining with PInf 2.5866630e+02              9302s
[2019-03-25 21:52:56] SOLVER   Push phase complete: Pinf 2.5866630e+02, Dinf 1.5653194e+05   9302s
[2019-03-25 21:52:59] SOLVER   Iteration    Objective       Primal Inf.    Dual Inf.      Time
[2019-03-25 21:52:59] SOLVER   2153448    3.3637498e+05   0.000000e+00   1.565319e+05   9305s
[2019-03-25 21:53:42] SOLVER   2154192    3.3637494e+05   0.000000e+00   1.704148e+05   9348s
[2019-03-25 21:54:18] SOLVER   2154936    3.3637494e+05   0.000000e+00   1.702999e+05   9384s
[2019-03-25 21:54:55] SOLVER   2155680    3.3637494e+05   0.000000e+00   1.702291e+05   9421s
[2019-03-25 21:55:33] SOLVER   2156424    3.3637494e+05   0.000000e+00   1.701582e+05   9459s
[2019-03-25 21:56:11] SOLVER   2157168    3.3637494e+05   0.000000e+00   1.700873e+05   9497s
[2019-03-25 21:56:49] SOLVER   2157912    3.3637494e+05   0.000000e+00   1.700165e+05   9535s
[2019-03-25 21:57:27] SOLVER   2158656    3.3637494e+05   0.000000e+00   1.699456e+05   9573s
[2019-03-25 21:58:06] SOLVER   2159400    3.3637494e+05   0.000000e+00   1.698748e+05   9612s
[2019-03-25 21:58:44] SOLVER   2160144    3.3637494e+05   0.000000e+00   1.698039e+05   9650s
[2019-03-25 21:59:22] SOLVER   2160888    3.3637494e+05   0.000000e+00   4.635046e+05   9688s
[2019-03-25 21:59:54] SOLVER   2161632    3.3637494e+05   0.000000e+00   1.819197e+05   9720s
[2019-03-25 22:00:38] SOLVER   2162376    3.3637491e+05   0.000000e+00   2.262268e+04   9763s
[2019-03-25 22:01:13] SOLVER   2163120    3.3637477e+05   0.000000e+00   1.158230e+05   9799s
[2019-03-25 22:01:47] SOLVER   2163865    3.3637470e+05   0.000000e+00   8.038529e+06   9833s
[2019-03-25 22:02:24] SOLVER   2164611    3.3637451e+05   0.000000e+00   3.825898e+05   9870s
[2019-03-25 22:03:09] SOLVER   2165355    3.3637446e+05   0.000000e+00   5.513279e+05   9915s
[2019-03-25 22:03:52] SOLVER   2166101    3.3637442e+05   0.000000e+00   1.015527e+07   9958s
[2019-03-25 22:04:51] SOLVER   2166845    3.3637439e+05   0.000000e+00   1.542239e+04  10017s
[2019-03-25 22:05:28] SOLVER   2167591    3.3637437e+05   0.000000e+00   1.528377e+05  10054s
[2019-03-25 22:06:07] SOLVER   2168337    3.3637435e+05   0.000000e+00   5.622580e+02  10093s
[2019-03-25 22:06:47] SOLVER   2169085    3.3637434e+05   0.000000e+00   1.649715e+01  10133s
[2019-03-25 22:07:26] SOLVER   2169595    3.3637458e+05   1.565129e+02   0.000000e+00  10172s
[2019-03-25 22:08:07] SOLVER   2170133    3.3637529e+05   0.000000e+00   0.000000e+00  10213s
[2019-03-25 22:08:17] SOLVER   2170133    3.3637529e+05   0.000000e+00   0.000000e+00  10223s
[2019-03-25 22:08:17] SOLVER   Solved in 2170133 iterations and 10223.04 seconds
[2019-03-25 22:08:17] SOLVER   Optimal objective  3.363752918e+05
[2019-03-25 22:08:17] SOLVER   Changed value of parameter LogFile to
[2019-03-25 22:08:17] SOLVER   Prev: /cluster/work/cpesm/trtim/ose-model-comparison/tmpx44873c4.log  Default:
[2019-03-25 22:10:15] INFO     Backend: solver finished running. Time since start: 3:21:30.797896
[2019-03-25 22:10:18] INFO     Backend: loaded results
[2019-03-25 22:11:09] INFO     Backend: generated solution array. Time since start: 3:22:24.710191
[2019-03-25 22:11:09] INFO     Postprocessing: started
[2019-03-25 22:12:55] INFO     Postprocessing: All values < 1e-10 set to 0 in carrier_prod, carrier_con, storage
[2019-03-25 22:12:55] INFO     Postprocessing: ended. Time since start: 3:24:11.025626
[2019-03-25 22:12:56] WARNING  /cluster/work/cpesm/trtim/.conda/envs/ose-model-comparison/lib/python3.6/site-packages/distributed/config.py:20: YAMLLoadWarning:

calling yaml.load() without Loader=... is deprecated, as the default Loader is unsafe. Please read https://msg.pyyaml.org/load for full details.


HDF5-DIAG: Error detected in HDF5 (1.10.4) thread 47098047086208:
 #000: H5F.c line 444 in H5Fcreate(): unable to create file
   major: File accessibilty
   minor: Unable to open file
 #001: H5Fint.c line 1364 in H5F__create(): unable to open file
   major: File accessibilty
   minor: Unable to open file
 #002: H5Fint.c line 1559 in H5F_open(): unable to open file: name = '/cluster/work/cpesm/trtim/ose-model-comparison/build/output/minus6/05.nc', tent_flags = 13
   major: File accessibilty
   minor: Unable to open file
 #003: H5FD.c line 734 in H5FD_open(): open failed
   major: Virtual File Layer
   minor: Unable to initialize object
 #004: H5FDsec2.c line 346 in H5FD_sec2_open(): unable to open file: name = '/cluster/work/cpesm/trtim/ose-model-comparison/build/output/minus6/05.nc', errno = 2, error message = 'No such file or directory', flags = 13, o_flags = 242
   major: File accessibilty
   minor: Unable to open file
Calliope 0.6.4-dev starting at 2019-03-25 18:48:44

Model name:   Open Source Modelling -- Euro Calliope model
Model size:   34 locations, 17 technologies, 4380 timesteps

Starting model run...
Saving NetCDF results to file: build/output/minus6/05.nc

Error in save_netcdf:
[Errno 13] Permission denied: b'/cluster/work/cpesm/trtim/ose-model-comparison/build/output/minus6/05.nc'

Calliope run aborted due to an error. Elapsed: 12252.2 seconds (time at exit: 2019-03-25 22:12:56)


PS:

Fail to open output file build/output/minus6/05.log: No such file or directory.
Output is stored in this mail.
