[2019-03-21 21:03:11] INFO     Model: initialising
[2019-03-21 21:03:12] INFO     `run.solver_options.FeasibilityTol`:0.01 applied from override as new configuration
`run.solver_options.OptimalityTol`:0.01 applied from override as new configuration
[2019-03-21 21:03:12] INFO     Using scenario `baseline` leading to the application of overrides `['diw_assumptions', 'diw_battery_baseline_cost', 'equal_interest_rate', 'no_hydrogen']`.
[2019-03-21 21:03:13] INFO     `locations.ALB.techs.hydrogen.exists`:False applied from override as new configuration
`locations.AUT.techs.hydrogen.exists`:False applied from override as new configuration
`locations.BEL.techs.hydrogen.exists`:False applied from override as new configuration
`locations.BGR.techs.hydrogen.exists`:False applied from override as new configuration
`locations.BIH.techs.hydrogen.exists`:False applied from override as new configuration
`locations.CHE.techs.hydrogen.exists`:False applied from override as new configuration
`locations.CYP.techs.hydrogen.exists`:False applied from override as new configuration
`locations.CZE.techs.hydrogen.exists`:False applied from override as new configuration
`locations.DEU.techs.hydrogen.exists`:False applied from override as new configuration
`locations.DNK.techs.hydrogen.exists`:False applied from override as new configuration
`locations.ESP.techs.hydrogen.exists`:False applied from override as new configuration
`locations.EST.techs.hydrogen.exists`:False applied from override as new configuration
`locations.FIN.techs.hydrogen.exists`:False applied from override as new configuration
`locations.FRA.techs.hydrogen.exists`:False applied from override as new configuration
`locations.GBR.techs.hydrogen.exists`:False applied from override as new configuration
`locations.GRC.techs.hydrogen.exists`:False applied from override as new configuration
`locations.HRV.techs.hydrogen.exists`:False applied from override as new configuration
`locations.HUN.techs.hydrogen.exists`:False applied from override as new configuration
`locations.IRL.techs.hydrogen.exists`:False applied from override as new configuration
`locations.ITA.techs.hydrogen.exists`:False applied from override as new configuration
`locations.LTU.techs.hydrogen.exists`:False applied from override as new configuration
`locations.LUX.techs.hydrogen.exists`:False applied from override as new configuration
`locations.LVA.techs.hydrogen.exists`:False applied from override as new configuration
`locations.MKD.techs.hydrogen.exists`:False applied from override as new configuration
`locations.MNE.techs.hydrogen.exists`:False applied from override as new configuration
`locations.NLD.techs.hydrogen.exists`:False applied from override as new configuration
`locations.NOR.techs.hydrogen.exists`:False applied from override as new configuration
`locations.POL.techs.hydrogen.exists`:False applied from override as new configuration
`locations.PRT.techs.hydrogen.exists`:False applied from override as new configuration
`locations.ROU.techs.hydrogen.exists`:False applied from override as new configuration
`locations.SRB.techs.hydrogen.exists`:False applied from override as new configuration
`locations.SVK.techs.hydrogen.exists`:False applied from override as new configuration
`locations.SVN.techs.hydrogen.exists`:False applied from override as new configuration
`locations.SWE.techs.hydrogen.exists`:False applied from override as new configuration
`tech_groups.conversion.costs.monetary.interest_rate`:0.04 applied from override as new configuration
`tech_groups.conversion_plus.costs.monetary.interest_rate`:0.04 applied from override as new configuration
`tech_groups.storage.costs.monetary.interest_rate`:0.04 applied from override as new configuration
`tech_groups.supply.costs.monetary.interest_rate`:0.04 applied from override as new configuration
`tech_groups.supply_plus.costs.monetary.interest_rate`:0.04 applied from override as new configuration
`tech_groups.transmission.costs.monetary.interest_rate`:0.04 applied from override as new configuration
Override applied to techs.battery.costs.monetary.energy_cap: 713470 -> 135140
`techs.battery.costs.monetary.interest_rate`:0.04 applied from override as new configuration
Override applied to techs.battery.costs.monetary.om_annual: 12480 -> 0
Override applied to techs.battery.costs.monetary.om_prod: 2.8 -> 0
Override applied to techs.battery.costs.monetary.storage_cap: 322730 -> 315320
`techs.battery.energy_eff`:0.9591663046625439 applied from override as new configuration
Override applied to techs.ccgt.costs.monetary.om_con: 37.61 -> 31.68
Override applied to techs.ccgt.costs.monetary.om_prod: 0.132 -> 14.832
Override applied to techs.coal.costs.monetary.om_con: 10.92 -> 9.72
Override applied to techs.coal.costs.monetary.om_prod: 1.315 -> 25.915
Override applied to techs.lignite.costs.monetary.om_con: 10.92 -> 3.96
Override applied to techs.lignite.costs.monetary.om_prod: 1.315 -> 28.615
Override applied to techs.nuclear.costs.monetary.om_con: 6.4 -> 1.69
Override applied to techs.nuclear.costs.monetary.om_prod: 0.658 -> 1.018
[2019-03-21 21:03:14] INFO     Model: preprocessing stage 1 (model_run)
[2019-03-21 21:03:24] INFO     Model: preprocessing stage 2 (model_data)
[2019-03-21 21:05:02] INFO     Model: preprocessing complete. Time since start: 0:01:50.415183
[2019-03-21 21:05:02] INFO     Backend: starting model run
[2019-03-21 21:27:58] INFO     Backend: model generated. Time since start: 0:24:46.609553
[2019-03-21 21:27:58] INFO     Backend: sending model to solver
[2019-03-21 21:45:57] SOLVER   Parameter OutputFlag unchanged
[2019-03-21 21:45:57] SOLVER   Value: 1  Min: 0  Max: 1  Default: 1
[2019-03-21 21:45:57] SOLVER   Changed value of parameter LogFile to /cluster/work/cpesm/trtim/ose-model-comparison/tmp_a645eve.log
[2019-03-21 21:45:57] SOLVER   Prev: gurobi.log  Default:
[2019-03-21 21:45:57] SOLVER   Changed value of parameter FeasibilityTol to 0.01
[2019-03-21 21:45:57] SOLVER   Prev: 1e-06  Min: 1e-09  Max: 0.01  Default: 1e-06
[2019-03-21 21:45:57] SOLVER   Changed value of parameter OptimalityTol to 0.01
[2019-03-21 21:45:57] SOLVER   Prev: 1e-06  Min: 1e-09  Max: 0.01  Default: 1e-06
[2019-03-21 21:45:57] SOLVER   Changed value of parameter Threads to 4
[2019-03-21 21:45:57] SOLVER   Prev: 0  Min: 0  Max: 1024  Default: 0
[2019-03-21 21:45:57] SOLVER   Optimize a model with 9340786 rows, 7221010 columns and 24514096 nonzeros
[2019-03-21 21:45:58] SOLVER   Coefficient statistics:
[2019-03-21 21:45:58] SOLVER   Matrix range     [1e-05, 4e+05]
[2019-03-21 21:45:58] SOLVER   Objective range  [1e+00, 1e+00]
[2019-03-21 21:45:58] SOLVER   Bounds range     [5e+01, 3e+06]
[2019-03-21 21:45:58] SOLVER   RHS range        [7e+00, 3e+06]
[2019-03-21 21:45:58] SOLVER   Concurrent LP optimizer: dual simplex and barrier
[2019-03-21 21:45:58] SOLVER   Showing barrier log only...
[2019-03-21 21:46:06] SOLVER   Presolve removed 6236266 rows and 4374331 columns (presolve time = 5s) ...
[2019-03-21 21:46:12] SOLVER   Presolve removed 6273083 rows and 4380000 columns (presolve time = 10s) ...
[2019-03-21 21:46:17] SOLVER   Presolve removed 6909508 rows and 5016425 columns (presolve time = 16s) ...
[2019-03-21 21:46:21] SOLVER   Presolve removed 6935186 rows and 5016435 columns (presolve time = 20s) ...
[2019-03-21 21:46:23] SOLVER   Presolve removed 6935186 rows and 5016435 columns
[2019-03-21 21:46:24] SOLVER   Presolve time: 26.57s
[2019-03-21 21:46:24] SOLVER   Presolved: 2405600 rows, 2204575 columns, 8746758 nonzeros
[2019-03-21 21:47:00] SOLVER   Ordering time: 0.00s
[2019-03-21 21:47:05] SOLVER   Barrier statistics:
[2019-03-21 21:47:05] SOLVER   Dense cols : 270
[2019-03-21 21:47:05] SOLVER   AA' NZ     : 8.101e+06
[2019-03-21 21:47:05] SOLVER   Factor NZ  : 4.930e+07 (roughly 2.3 GBytes of memory)
[2019-03-21 21:47:05] SOLVER   Factor Ops : 1.050e+10 (roughly 1 second per iteration)
[2019-03-21 21:47:05] SOLVER   Threads    : 3
[2019-03-21 21:47:10] SOLVER   Objective                Residual
[2019-03-21 21:47:10] SOLVER   Iter       Primal          Dual         Primal    Dual     Compl     Time
[2019-03-21 21:47:10] SOLVER   0   5.04307048e+14 -7.63988953e+13  1.99e+10 5.72e+02  1.53e+11    73s
[2019-03-21 21:47:16] SOLVER   1   5.06815250e+14 -7.70576459e+13  1.33e+10 4.52e+04  1.24e+11    79s
[2019-03-21 21:47:22] SOLVER   2   5.05790528e+14 -8.59168456e+13  1.25e+10 3.38e+04  1.04e+11    85s
[2019-03-21 21:47:30] SOLVER   3   4.76246255e+14 -3.23294281e+14  1.13e+10 2.69e+04  9.10e+10    92s
[2019-03-21 21:47:35] SOLVER   4   3.61999363e+14 -4.81644725e+15  9.62e+09 3.20e+03  7.16e+10    98s
[2019-03-21 21:47:39] SOLVER   5   1.33557103e+14 -4.76485048e+15  3.22e+09 2.61e+03  2.58e+10   102s
[2019-03-21 21:47:44] SOLVER   6   6.15408141e+13 -3.79422801e+15  1.20e+09 6.71e+02  9.92e+09   107s
[2019-03-21 21:47:47] SOLVER   7   5.67813078e+13 -3.40826345e+15  1.06e+09 5.29e+02  8.74e+09   110s
[2019-03-21 21:47:51] SOLVER   8   4.73926452e+13 -2.95188082e+15  7.94e+08 3.66e+02  6.53e+09   114s
[2019-03-21 21:47:56] SOLVER   9   3.01961390e+13 -2.18998920e+15  2.64e+08 1.52e+02  2.41e+09   119s
[2019-03-21 21:48:00] SOLVER   10   2.16497838e+13 -1.18332127e+15  6.56e+07 4.79e+01  7.07e+08   123s
[2019-03-21 21:48:04] SOLVER   11   1.98691805e+13 -5.77845438e+14  3.02e+07 1.59e+01  3.16e+08   127s
[2019-03-21 21:48:07] SOLVER   12   1.95439341e+13 -5.58483433e+14  2.64e+07 1.57e+01  2.88e+08   130s
[2019-03-21 21:48:12] SOLVER   13   1.85819093e+13 -4.95962228e+14  1.61e+07 1.27e+01  2.09e+08   134s
[2019-03-21 21:48:16] SOLVER   14   1.84381588e+13 -3.91683606e+14  1.49e+07 9.36e+00  1.75e+08   139s
[2019-03-21 21:48:20] SOLVER   15   1.77615279e+13 -3.80910708e+14  1.05e+07 9.01e+00  1.47e+08   143s
[2019-03-21 21:48:23] SOLVER   16   1.70356203e+13 -2.40140873e+14  8.07e+06 6.98e+00  9.73e+07   146s
[2019-03-21 21:48:27] SOLVER   17   1.65309782e+13 -2.09264861e+14  6.84e+06 5.99e+00  8.28e+07   149s
[2019-03-21 21:48:31] SOLVER   18   1.50736428e+13 -1.74425855e+14  4.47e+06 4.71e+00  6.17e+07   153s
[2019-03-21 21:48:34] SOLVER   19   1.43098903e+13 -1.00360746e+14  3.55e+06 2.19e+00  3.89e+07   157s
[2019-03-21 21:48:38] SOLVER   20   1.25351953e+13 -4.31510388e+13  2.52e+06 5.74e-01  2.02e+07   160s
[2019-03-21 21:48:42] SOLVER   21   9.32242203e+12 -2.55823761e+13  1.61e+06 1.90e-01  1.18e+07   165s
[2019-03-21 21:48:46] SOLVER   22   7.73365905e+12 -1.23803006e+13  1.20e+06 4.97e-02  6.85e+06   168s
[2019-03-21 21:48:49] SOLVER   23   6.10591029e+12 -8.45436112e+12  8.96e+05 2.36e-03  4.67e+06   172s
[2019-03-21 21:48:52] SOLVER   24   4.78027919e+12 -6.27256422e+12  6.62e+05 3.00e-06  3.35e+06   175s
[2019-03-21 21:48:56] SOLVER   25   3.35082510e+12 -4.37956752e+12  4.23e+05 2.88e-06  2.16e+06   178s
[2019-03-21 21:49:00] SOLVER   26   2.74723342e+12 -2.97243656e+12  3.30e+05 1.18e-06  1.54e+06   182s
[2019-03-21 21:49:03] SOLVER   27   2.30819818e+12 -2.43692489e+12  2.66e+05 1.08e-06  1.24e+06   186s
[2019-03-21 21:49:06] SOLVER   28   2.03332410e+12 -1.77337977e+12  2.26e+05 6.99e-04  9.72e+05   189s
[2019-03-21 21:49:09] SOLVER   29   1.82885987e+12 -1.27206492e+12  1.97e+05 2.48e-03  7.78e+05   192s
[2019-03-21 21:49:13] SOLVER   30   1.26305881e+12 -1.03877835e+12  1.20e+05 2.81e-03  5.45e+05   196s
[2019-03-21 21:49:17] SOLVER   31   1.10921057e+12 -7.83737439e+11  9.96e+04 2.31e-03  4.40e+05   200s
[2019-03-21 21:49:21] SOLVER   32   1.00302042e+12 -5.18979008e+11  8.45e+04 2.15e-03  3.48e+05   204s
[2019-03-21 21:49:26] SOLVER   33   8.73983247e+11 -3.80995539e+11  6.76e+04 2.06e-03  2.81e+05   209s
[2019-03-21 21:49:30] SOLVER   34   7.78729061e+11 -3.36280428e+11  5.45e+04 1.89e-03  2.46e+05   213s
[2019-03-21 21:49:34] SOLVER   35   7.49051371e+11 -2.33988541e+11  5.07e+04 1.62e-03  2.16e+05   216s
[2019-03-21 21:49:36] SOLVER   36   7.18265912e+11 -1.40448770e+11  4.64e+04 1.85e-03  1.88e+05   219s
[2019-03-21 21:49:39] SOLVER   37   6.49025876e+11 -7.48007694e+10  3.74e+04 1.19e-03  1.56e+05   222s
[2019-03-21 21:49:43] SOLVER   38   6.11774218e+11 -2.76178455e+10  3.23e+04 1.04e-03  1.37e+05   226s
[2019-03-21 21:49:47] SOLVER   39   5.52732108e+11  5.21659662e+10  2.47e+04 7.84e-04  1.06e+05   230s
[2019-03-21 21:49:50] SOLVER   40   5.23180739e+11  7.66718012e+10  2.07e+04 7.01e-04  9.37e+04   233s
[2019-03-21 21:49:53] SOLVER   41   5.02479711e+11  1.34903604e+11  1.78e+04 4.91e-04  7.68e+04   236s
[2019-03-21 21:49:56] SOLVER   42   4.69843671e+11  1.96784465e+11  1.31e+04 3.83e-04  5.66e+04   239s
[2019-03-21 21:50:00] SOLVER   43   4.44222976e+11  2.26583710e+11  8.37e+03 2.81e-04  4.48e+04   243s
[2019-03-21 21:50:04] SOLVER   44   4.19699516e+11  2.46601307e+11  6.38e+03 2.40e-04  3.54e+04   247s
[2019-03-21 21:50:08] SOLVER   45   4.11994754e+11  2.55269604e+11  5.78e+03 2.19e-04  3.20e+04   250s
[2019-03-21 21:50:10] SOLVER   46   4.05644254e+11  2.66074728e+11  5.27e+03 1.87e-04  2.84e+04   253s
[2019-03-21 21:50:13] SOLVER   47   3.97483560e+11  2.71380272e+11  4.66e+03 1.72e-04  2.56e+04   256s
[2019-03-21 21:50:16] SOLVER   48   3.92753033e+11  2.73616414e+11  4.31e+03 1.65e-04  2.42e+04   259s
[2019-03-21 21:50:20] SOLVER   49   3.89542805e+11  2.80657916e+11  4.04e+03 1.46e-04  2.21e+04   263s
[2019-03-21 21:50:26] SOLVER   50   3.81832237e+11  2.91685355e+11  3.45e+03 1.16e-04  1.82e+04   268s
[2019-03-21 21:50:30] SOLVER   51   3.74579792e+11  2.95838172e+11  2.90e+03 1.05e-04  1.59e+04   273s
[2019-03-21 21:50:33] SOLVER   52   3.69882369e+11  3.01420697e+11  2.56e+03 8.92e-05  1.38e+04   276s
[2019-03-21 21:50:36] SOLVER   53   3.66869510e+11  3.06368089e+11  2.28e+03 7.58e-05  1.22e+04   279s
[2019-03-21 21:50:39] SOLVER   54   3.66057798e+11  3.08283169e+11  2.21e+03 7.05e-05  1.16e+04   282s
[2019-03-21 21:50:42] SOLVER   55   3.63995568e+11  3.09929980e+11  2.00e+03 6.58e-05  1.09e+04   285s
[2019-03-21 21:50:45] SOLVER   56   3.61446755e+11  3.12161422e+11  1.70e+03 5.95e-05  9.90e+03   288s
[2019-03-21 21:50:48] SOLVER   57   3.60109606e+11  3.13025359e+11  1.55e+03 5.72e-05  9.45e+03   290s
[2019-03-21 21:50:50] SOLVER   58   3.59459043e+11  3.14055064e+11  1.47e+03 5.45e-05  9.11e+03   293s
[2019-03-21 21:50:54] SOLVER   59   3.57086399e+11  3.14500395e+11  1.10e+03 5.33e-05  8.54e+03   297s
[2019-03-21 21:50:59] SOLVER   60   3.55822200e+11  3.17880705e+11  4.64e+02 4.45e-05  7.60e+03   301s
[2019-03-21 21:51:02] SOLVER   61   3.54152847e+11  3.19414468e+11  4.26e+02 4.02e-05  6.96e+03   305s
[2019-03-21 21:51:05] SOLVER   62   3.52866193e+11  3.20874920e+11  4.02e+02 3.64e-05  6.40e+03   308s
[2019-03-21 21:51:08] SOLVER   63   3.52192098e+11  3.21667023e+11  4.01e+02 3.43e-05  6.11e+03   311s
[2019-03-21 21:51:11] SOLVER   64   3.50928998e+11  3.22382899e+11  3.95e+02 3.26e-05  5.71e+03   314s
[2019-03-21 21:51:16] SOLVER   65   3.50295876e+11  3.22938807e+11  3.91e+02 3.13e-05  5.47e+03   319s
[2019-03-21 21:51:20] SOLVER   66   3.49917323e+11  3.23766378e+11  3.81e+02 2.93e-05  5.23e+03   323s
[2019-03-21 21:51:24] SOLVER   67   3.48527155e+11  3.24721033e+11  3.64e+02 2.70e-05  4.76e+03   327s
[2019-03-21 21:51:28] SOLVER   68   3.47699283e+11  3.25764312e+11  3.39e+02 2.45e-05  4.38e+03   330s
[2019-03-21 21:51:31] SOLVER   69   3.47522767e+11  3.26718046e+11  3.33e+02 2.23e-05  4.16e+03   334s
[2019-03-21 21:51:34] SOLVER   70   3.46774208e+11  3.27457673e+11  3.17e+02 2.05e-05  3.86e+03   337s
[2019-03-21 21:51:38] SOLVER   71   3.46020767e+11  3.27675802e+11  2.99e+02 2.00e-05  3.66e+03   341s
[2019-03-21 21:51:42] SOLVER   72   3.45313407e+11  3.28664789e+11  2.73e+02 1.77e-05  3.32e+03   345s
[2019-03-21 21:51:46] SOLVER   73   3.44825765e+11  3.29337063e+11  2.58e+02 1.61e-05  3.09e+03   349s
[2019-03-21 21:51:49] SOLVER   74   3.44725131e+11  3.29602524e+11  2.54e+02 1.55e-05  3.02e+03   352s
[2019-03-21 21:51:52] SOLVER   75   3.44348695e+11  3.29850665e+11  2.42e+02 1.49e-05  2.89e+03   354s
[2019-03-21 21:51:55] SOLVER   76   3.43491060e+11  3.30540443e+11  2.12e+02 1.33e-05  2.58e+03   358s
[2019-03-21 21:52:00] SOLVER   77   3.43255669e+11  3.30827490e+11  2.03e+02 1.26e-05  2.48e+03   362s
[2019-03-21 21:52:03] SOLVER   78   3.42808359e+11  3.31215756e+11  1.87e+02 1.17e-05  2.31e+03   366s
[2019-03-21 21:52:07] SOLVER   79   3.42592996e+11  3.31680581e+11  1.79e+02 1.06e-05  2.18e+03   370s
[2019-03-21 21:52:10] SOLVER   80   3.42411852e+11  3.31910272e+11  1.72e+02 1.00e-05  2.09e+03   373s
[2019-03-21 21:52:14] SOLVER   81   3.41908632e+11  3.32065734e+11  1.55e+02 9.58e-06  1.96e+03   377s
[2019-03-21 21:52:17] SOLVER   82   3.41841302e+11  3.32178351e+11  1.52e+02 9.32e-06  1.93e+03   380s
[2019-03-21 21:52:21] SOLVER   83   3.41418216e+11  3.32444310e+11  1.38e+02 8.71e-06  1.79e+03   384s
[2019-03-21 21:52:26] SOLVER   84   3.41092705e+11  3.32673202e+11  1.27e+02 8.19e-06  1.68e+03   389s
[2019-03-21 21:52:29] SOLVER   85   3.40820114e+11  3.32922691e+11  1.18e+02 7.62e-06  1.57e+03   392s
[2019-03-21 21:52:32] SOLVER   86   3.40685031e+11  3.33064374e+11  1.14e+02 7.28e-06  1.52e+03   395s
[2019-03-21 21:52:35] SOLVER   87   3.40533285e+11  3.33143471e+11  1.09e+02 7.10e-06  1.47e+03   398s
[2019-03-21 21:52:39] SOLVER   88   3.40337845e+11  3.33339352e+11  1.03e+02 6.65e-06  1.39e+03   401s
[2019-03-21 21:52:43] SOLVER   89   3.40057482e+11  3.33639844e+11  9.48e+01 5.98e-06  1.28e+03   405s
[2019-03-21 21:52:46] SOLVER   90   3.39929237e+11  3.33743574e+11  9.10e+01 5.74e-06  1.23e+03   408s
[2019-03-21 21:52:48] SOLVER   91   3.39693689e+11  3.33902278e+11  8.48e+01 5.39e-06  1.15e+03   411s
[2019-03-21 21:52:51] SOLVER   92   3.39400443e+11  3.34075127e+11  7.73e+01 5.00e-06  1.06e+03   414s
[2019-03-21 21:52:55] SOLVER   93   3.39230787e+11  3.34315751e+11  6.87e+01 4.46e-06  9.79e+02   417s
[2019-03-21 21:52:58] SOLVER   94   3.38929972e+11  3.34426742e+11  5.97e+01 4.21e-06  8.96e+02   420s
[2019-03-21 21:53:01] SOLVER   95   3.38789568e+11  3.34577987e+11  5.61e+01 3.87e-06  8.38e+02   424s
[2019-03-21 21:53:06] SOLVER   96   3.38566902e+11  3.34917887e+11  5.10e+01 3.12e-06  7.26e+02   429s
[2019-03-21 21:53:10] SOLVER   97   3.38436647e+11  3.35093728e+11  4.79e+01 2.74e-06  6.66e+02   433s
[2019-03-21 21:53:13] SOLVER   98   3.38349606e+11  3.35151632e+11  4.58e+01 2.61e-06  6.37e+02   436s
[2019-03-21 21:53:16] SOLVER   99   3.38271486e+11  3.35193144e+11  4.38e+01 2.52e-06  6.13e+02   439s
[2019-03-21 21:53:20] SOLVER   100   3.38170252e+11  3.35256584e+11  4.14e+01 2.38e-06  5.80e+02   443s
[2019-03-21 21:53:25] SOLVER   101   3.38121885e+11  3.35311258e+11  4.02e+01 2.27e-06  5.60e+02   447s
[2019-03-21 21:53:29] SOLVER   102   3.38072945e+11  3.35447477e+11  3.92e+01 2.17e-06  5.23e+02   451s
[2019-03-21 21:53:32] SOLVER   103   3.38015676e+11  3.35507930e+11  3.78e+01 2.46e-06  5.00e+02   455s
[2019-03-21 21:53:36] SOLVER   104   3.37875682e+11  3.35573828e+11  3.44e+01 2.12e-06  4.58e+02   458s
[2019-03-21 21:53:40] SOLVER   105   3.37721773e+11  3.35629225e+11  3.11e+01 1.79e-06  4.17e+02   463s
[2019-03-21 21:53:43] SOLVER   106   3.37668799e+11  3.35655989e+11  2.98e+01 1.88e-06  4.01e+02   466s
[2019-03-21 21:53:47] SOLVER   107   3.37587935e+11  3.35722571e+11  2.79e+01 1.44e-06  3.71e+02   470s
[2019-03-21 21:53:52] SOLVER   108   3.37495033e+11  3.35778504e+11  2.57e+01 1.26e-06  3.42e+02   475s
[2019-03-21 21:53:56] SOLVER   109   3.37402045e+11  3.35830272e+11  2.36e+01 1.37e-06  3.13e+02   479s
[2019-03-21 21:53:58] SOLVER   110   3.37372476e+11  3.35846960e+11  2.28e+01 1.56e-06  3.04e+02   481s
[2019-03-21 21:54:01] SOLVER   111   3.37317423e+11  3.35878641e+11  2.14e+01 1.59e-06  2.86e+02   484s
[2019-03-21 21:54:06] SOLVER   112   3.37281998e+11  3.35910395e+11  2.06e+01 1.75e-06  2.73e+02   488s
[2019-03-21 21:54:11] SOLVER   113   3.37163199e+11  3.36000907e+11  1.76e+01 2.14e-06  2.31e+02   494s
[2019-03-21 21:54:15] SOLVER   114   3.37127850e+11  3.36013798e+11  1.68e+01 2.58e-06  2.22e+02   498s
[2019-03-21 21:54:18] SOLVER   115   3.37115192e+11  3.36027480e+11  1.65e+01 2.81e-06  2.17e+02   501s
[2019-03-21 21:54:21] SOLVER   116   3.37100679e+11  3.36039606e+11  1.61e+01 3.00e-06  2.11e+02   504s
[2019-03-21 21:54:25] SOLVER   117   3.37082518e+11  3.36045883e+11  1.57e+01 2.98e-06  2.06e+02   508s
[2019-03-21 21:54:30] SOLVER   118   3.37018293e+11  3.36072406e+11  1.42e+01 3.30e-06  1.88e+02   513s
[2019-03-21 21:54:33] SOLVER   119   3.36995943e+11  3.36083431e+11  1.38e+01 3.16e-06  1.82e+02   516s
[2019-03-21 21:54:37] SOLVER   120   3.36982076e+11  3.36088401e+11  1.34e+01 3.16e-06  1.78e+02   519s
[2019-03-21 21:54:40] SOLVER   121   3.36957602e+11  3.36098260e+11  1.28e+01 3.25e-06  1.71e+02   522s
[2019-03-21 21:54:43] SOLVER   122   3.36891537e+11  3.36134202e+11  1.14e+01 3.28e-06  1.51e+02   526s
[2019-03-21 21:54:46] SOLVER   123   3.36867674e+11  3.36142267e+11  1.09e+01 2.68e-06  1.44e+02   529s
[2019-03-21 21:54:50] SOLVER   124   3.36861386e+11  3.36149168e+11  1.07e+01 2.28e-06  1.42e+02   533s
[2019-03-21 21:54:54] SOLVER   125   3.36848358e+11  3.36157927e+11  1.04e+01 1.94e-06  1.37e+02   537s
[2019-03-21 21:55:00] SOLVER   126   3.36830455e+11  3.36172759e+11  1.01e+01 1.22e-06  1.31e+02   542s
[2019-03-21 21:55:04] SOLVER   127   3.36804511e+11  3.36175372e+11  9.52e+00 1.21e-06  1.25e+02   547s
[2019-03-21 21:55:08] SOLVER   128   3.36793270e+11  3.36182770e+11  9.26e+00 1.20e-06  1.22e+02   551s
[2019-03-21 21:55:11] SOLVER   129   3.36787832e+11  3.36187738e+11  9.14e+00 1.20e-06  1.19e+02   554s
[2019-03-21 21:55:14] SOLVER   130   3.36760761e+11  3.36192994e+11  8.49e+00 1.19e-06  1.13e+02   557s
[2019-03-21 21:55:17] SOLVER   131   3.36748890e+11  3.36201564e+11  8.22e+00 1.17e-06  1.09e+02   559s
[2019-03-21 21:55:19] SOLVER   132   3.36736255e+11  3.36203907e+11  7.93e+00 1.18e-06  1.06e+02   562s
[2019-03-21 21:55:22] SOLVER   133   3.36725737e+11  3.36209582e+11  7.70e+00 1.16e-06  1.03e+02   565s
[2019-03-21 21:55:24] SOLVER   134   3.36714457e+11  3.36216629e+11  7.44e+00 1.14e-06  9.91e+01   567s
[2019-03-21 21:55:28] SOLVER   135   3.36695082e+11  3.36224883e+11  7.07e+00 1.13e-06  9.36e+01   570s
[2019-03-21 21:55:31] SOLVER   136   3.36688171e+11  3.36229568e+11  6.91e+00 1.11e-06  9.13e+01   574s
[2019-03-21 21:55:34] SOLVER   137   3.36664040e+11  3.36240948e+11  6.44e+00 1.10e-06  8.42e+01   577s
[2019-03-21 21:55:37] SOLVER   138   3.36660204e+11  3.36244011e+11  6.35e+00 1.10e-06  8.29e+01   580s
[2019-03-21 21:55:40] SOLVER   139   3.36651179e+11  3.36260919e+11  6.14e+00 1.05e-06  7.77e+01   583s
[2019-03-21 21:55:44] SOLVER   140   3.36605009e+11  3.36277546e+11  5.16e+00 9.71e-07  6.52e+01   587s
[2019-03-21 21:55:47] SOLVER   141   3.36578226e+11  3.36301148e+11  4.49e+00 8.45e-07  5.52e+01   590s
[2019-03-21 21:55:50] SOLVER   142   3.36560110e+11  3.36305869e+11  4.07e+00 8.13e-07  5.06e+01   593s
[2019-03-21 21:55:52] SOLVER   143   3.36550800e+11  3.36312866e+11  3.85e+00 7.39e-07  4.74e+01   595s
[2019-03-21 21:55:56] SOLVER   144   3.36528958e+11  3.36323963e+11  3.41e+00 6.46e-07  4.09e+01   598s
[2019-03-21 21:55:59] SOLVER   145   3.36515946e+11  3.36330837e+11  3.11e+00 7.55e-07  3.69e+01   601s
[2019-03-21 21:56:02] SOLVER   146   3.36504988e+11  3.36337334e+11  2.87e+00 6.24e-06  3.34e+01   605s
[2019-03-21 21:56:06] SOLVER   147   3.36486198e+11  3.36341609e+11  2.44e+00 5.63e-06  2.88e+01   608s
[2019-03-21 21:56:09] SOLVER   148   3.36481535e+11  3.36345511e+11  2.35e+00 1.36e-06  2.71e+01   612s
[2019-03-21 21:56:11] SOLVER   149   3.36472763e+11  3.36346537e+11  2.15e+00 1.40e-06  2.52e+01   614s
[2019-03-21 21:56:14] SOLVER   150   3.36470374e+11  3.36347971e+11  2.09e+00 1.55e-06  2.44e+01   617s
[2019-03-21 21:56:17] SOLVER   151   3.36458197e+11  3.36352330e+11  1.82e+00 1.56e-06  2.11e+01   620s
[2019-03-21 21:56:21] SOLVER   152   3.36449180e+11  3.36356361e+11  1.65e+00 1.12e-06  1.85e+01   624s
[2019-03-21 21:56:24] SOLVER   153   3.36438123e+11  3.36357906e+11  1.43e+00 1.03e-06  1.60e+01   627s
[2019-03-21 21:56:26] SOLVER   154   3.36432820e+11  3.36359116e+11  1.31e+00 7.72e-07  1.47e+01   629s
[2019-03-21 21:56:29] SOLVER   155   3.36429540e+11  3.36360928e+11  1.23e+00 4.76e-07  1.37e+01   632s
[2019-03-21 21:56:32] SOLVER   156   3.36420389e+11  3.36363524e+11  1.05e+00 4.72e-07  1.13e+01   635s
[2019-03-21 21:56:35] SOLVER   157   3.36417365e+11  3.36364109e+11  9.78e-01 5.05e-07  1.06e+01   638s
[2019-03-21 21:56:38] SOLVER   158   3.36412704e+11  3.36365057e+11  8.75e-01 7.54e-07  9.50e+00   641s
[2019-03-21 21:56:42] SOLVER   159   3.36407957e+11  3.36368233e+11  7.62e-01 6.84e-07  7.93e+00   645s
[2019-03-21 21:56:46] SOLVER   160   3.36405912e+11  3.36368724e+11  7.13e-01 6.89e-07  7.42e+00   649s
[2019-03-21 21:56:50] SOLVER   161   3.36402079e+11  3.36369376e+11  6.22e-01 7.23e-07  6.53e+00   653s
[2019-03-21 21:56:53] SOLVER   162   3.36400910e+11  3.36370061e+11  5.93e-01 6.80e-07  6.16e+00   656s
[2019-03-21 21:56:58] SOLVER   163   3.36397616e+11  3.36371350e+11  5.19e-01 1.11e-06  5.24e+00   660s
[2019-03-21 21:57:03] SOLVER   164   3.36393115e+11  3.36371848e+11  4.29e-01 2.52e-06  4.25e+00   665s
[2019-03-21 21:57:08] SOLVER   165   3.36392310e+11  3.36372131e+11  4.10e-01 2.10e-02  4.03e+00   671s
[2019-03-21 21:57:12] SOLVER   166   3.36390738e+11  3.36372552e+11  3.72e-01 1.82e-02  3.63e+00   675s
[2019-03-21 21:57:18] SOLVER   167   3.36390017e+11  3.36372775e+11  3.54e-01 5.78e-02  3.44e+00   681s
[2019-03-21 21:57:22] SOLVER   168   3.36387858e+11  3.36373144e+11  3.05e-01 4.83e-02  2.94e+00   685s
[2019-03-21 21:57:25] SOLVER   169   3.36385777e+11  3.36373445e+11  2.58e-01 4.15e-02  2.46e+00   688s
[2019-03-21 21:57:27] SOLVER   170   3.36385334e+11  3.36373562e+11  2.47e-01 3.89e-02  2.35e+00   690s
[2019-03-21 21:57:30] SOLVER   171   3.36384667e+11  3.36373736e+11  2.30e-01 3.41e-02  2.18e+00   693s
[2019-03-21 21:57:34] SOLVER   172   3.36383145e+11  3.36373919e+11  1.96e-01 2.93e-02  1.84e+00   697s
[2019-03-21 21:57:37] SOLVER   173   3.36382747e+11  3.36373951e+11  1.86e-01 2.86e-02  1.76e+00   699s
[2019-03-21 21:57:40] SOLVER   174   3.36381954e+11  3.36373991e+11  1.66e-01 1.43e+00  1.57e+00   703s
[2019-03-21 21:57:44] SOLVER   175   3.36380804e+11  3.36374199e+11  1.38e-01 1.20e+00  1.30e+00   707s
[2019-03-21 21:57:48] SOLVER   176   3.36380671e+11  3.36374251e+11  1.35e-01 1.14e+00  1.27e+00   710s
[2019-03-21 21:57:51] SOLVER   177   3.36380235e+11  3.36374322e+11  1.24e-01 1.05e+00  1.17e+00   714s
[2019-03-21 21:57:55] SOLVER   178   3.36379562e+11  3.36374376e+11  1.06e-01 9.90e-01  1.02e+00   717s
[2019-03-21 21:57:59] SOLVER   179   3.36379124e+11  3.36374507e+11  9.65e-02 8.46e-01  9.11e-01   722s
[2019-03-21 21:58:04] SOLVER   180   3.36378529e+11  3.36374575e+11  8.37e-02 7.73e-01  7.79e-01   727s
[2019-03-21 21:58:12] SOLVER   181   3.36378428e+11  3.36374620e+11  8.15e-02 1.57e+00  7.50e-01   735s
[2019-03-21 21:58:15] SOLVER   182   3.36378243e+11  3.36374729e+11  7.67e-02 1.31e+00  6.93e-01   738s
[2019-03-21 21:58:18] SOLVER   183   3.36378102e+11  3.36374764e+11  7.29e-02 1.23e+00  6.59e-01   741s
[2019-03-21 21:58:22] SOLVER   184   3.36377585e+11  3.36374812e+11  6.04e-02 1.10e+00  5.46e-01   745s
[2019-03-21 21:58:26] SOLVER   185   3.36377183e+11  3.36374836e+11  4.98e-02 1.05e+00  4.62e-01   748s
[2019-03-21 21:58:29] SOLVER   186   3.36376976e+11  3.36374852e+11  4.48e-02 1.01e+00  4.17e-01   752s
[2019-03-21 21:58:35] SOLVER   187   3.36376581e+11  3.36374891e+11  3.50e-02 1.29e+00  3.22e-01   758s
[2019-03-21 21:58:38] SOLVER   188   3.36376413e+11  3.36374947e+11  3.07e-02 1.11e+00  2.79e-01   761s
[2019-03-21 21:58:42] SOLVER   189   3.36376376e+11  3.36374956e+11  2.97e-02 1.08e+00  2.70e-01   765s
[2019-03-21 21:58:45] SOLVER   190   3.36376300e+11  3.36374994e+11  2.78e-02 9.56e-01  2.49e-01   768s
[2019-03-21 21:58:51] SOLVER   191   3.36376229e+11  3.36375019e+11  2.59e-02 8.75e-01  2.31e-01   774s
[2019-03-21 21:58:55] SOLVER   192   3.36376179e+11  3.36375027e+11  2.45e-02 8.45e-01  2.20e-01   778s
[2019-03-21 21:58:58] SOLVER   193   3.36376148e+11  3.36375037e+11  2.37e-02 8.11e-01  2.12e-01   781s
[2019-03-21 21:59:02] SOLVER   194   3.36376098e+11  3.36375046e+11  2.23e-02 7.78e-01  2.00e-01   784s
[2019-03-21 21:59:06] SOLVER   195   3.36376029e+11  3.36375074e+11  2.04e-02 6.91e-01  1.82e-01   788s
[2019-03-21 21:59:10] SOLVER   196   3.36375998e+11  3.36359031e+11  1.96e-02 1.75e+02  1.74e-01   792s
[2019-03-21 21:59:13] SOLVER   197   3.36375928e+11  3.36361163e+11  1.76e-02 1.52e+02  1.56e-01   796s
[2019-03-21 21:59:17] SOLVER   198   3.36375912e+11  3.36361774e+11  1.71e-02 1.45e+02  1.52e-01   800s
[2019-03-21 21:59:22] SOLVER   199   3.36375845e+11  3.36365490e+11  1.56e-02 1.05e+02  1.31e-01   805s
[2019-03-21 21:59:27] SOLVER   200   3.36375617e+11  3.36366530e+11  9.44e-03 9.41e+01  8.31e-02   810s
[2019-03-21 21:59:31] SOLVER   201   3.36375584e+11  3.36367855e+11  8.48e-03 7.98e+01  7.37e-02   814s
[2019-03-21 21:59:35] SOLVER   202   3.36375557e+11  3.36368004e+11  7.70e-03 7.82e+01  6.81e-02   818s
[2019-03-21 21:59:38] SOLVER   203   3.36375547e+11  3.36368253e+11  7.39e-03 7.56e+01  6.54e-02   821s
[2019-03-21 21:59:41] SOLVER   204   3.36375534e+11  3.36368383e+11  7.04e-03 7.42e+01  6.27e-02   824s
[2019-03-21 21:59:45] SOLVER   205   3.36375526e+11  3.36368603e+11  6.78e-03 7.18e+01  6.05e-02   828s
[2019-03-21 21:59:48] SOLVER   206   3.36375516e+11  3.36368904e+11  6.52e-03 6.86e+01  5.80e-02   831s
[2019-03-21 21:59:52] SOLVER   207   3.36375505e+11  3.36369299e+11  6.18e-03 6.43e+01  5.49e-02   834s
[2019-03-21 21:59:55] SOLVER   208   3.36375489e+11  3.36369538e+11  5.76e-03 6.18e+01  5.13e-02   838s
[2019-03-21 22:00:00] SOLVER   209   3.36375471e+11  3.36370441e+11  5.27e-03 5.21e+01  4.58e-02   843s
[2019-03-21 22:00:04] SOLVER   210   3.36375456e+11  3.36370813e+11  4.84e-03 4.81e+01  4.20e-02   846s
[2019-03-21 22:00:06] SOLVER   211   3.36375437e+11  3.36371190e+11  4.30e-03 4.40e+01  3.75e-02   849s
[2019-03-21 22:00:09] SOLVER   212   3.36375433e+11  3.36371407e+11  4.17e-03 4.17e+01  3.61e-02   852s
[2019-03-21 22:00:12] SOLVER   213   3.36375420e+11  3.36371803e+11  3.80e-03 3.75e+01  3.27e-02   855s
[2019-03-21 22:00:16] SOLVER   214   3.36375397e+11  3.36372027e+11  3.13e-03 3.51e+01  2.77e-02   859s
[2019-03-21 22:00:19] SOLVER   215   3.36375390e+11  3.36372275e+11  2.93e-03 3.24e+01  2.59e-02   862s
[2019-03-21 22:00:22] SOLVER   216   3.36375371e+11  3.36372399e+11  2.34e-03 3.11e+01  2.17e-02   865s
[2019-03-21 22:00:25] SOLVER   217   3.36375366e+11  3.36372549e+11  2.21e-03 2.94e+01  2.05e-02   868s
[2019-03-21 22:00:28] SOLVER   218   3.36375325e+11  3.36372840e+11  9.28e-04 2.63e+01  1.16e-02   871s
[2019-03-21 22:00:34] SOLVER   219   3.36375321e+11  3.36372972e+11  8.15e-04 2.52e+01  1.05e-02   877s
[2019-03-21 22:00:37] SOLVER   220   3.36375319e+11  3.36373485e+11  7.74e-04 1.96e+01  9.15e-03   880s
[2019-03-21 22:00:40] SOLVER   221   3.36375317e+11  3.36373546e+11  7.05e-04 1.90e+01  8.55e-03   883s
[2019-03-21 22:00:43] SOLVER   222   3.36375312e+11  3.36373612e+11  5.49e-04 1.83e+01  7.35e-03   886s
[2019-03-21 22:00:47] SOLVER   223   3.36375309e+11  3.36373672e+11  4.83e-04 1.76e+01  6.76e-03   890s
[2019-03-21 22:00:53] SOLVER   224   3.36375309e+11  3.36373888e+11  4.68e-04 1.53e+01  6.19e-03   895s
[2019-03-21 22:00:57] SOLVER   225   3.36375307e+11  3.36373957e+11  4.21e-04 1.45e+01  5.71e-03   900s
[2019-03-21 22:01:00] SOLVER   226   3.36375307e+11  3.36373970e+11  4.15e-04 1.44e+01  5.63e-03   903s
[2019-03-21 22:01:03] SOLVER   227   3.36375307e+11  3.36373996e+11  4.10e-04 1.41e+01  5.55e-03   905s
[2019-03-21 22:01:07] SOLVER   228   3.36375305e+11  3.36374059e+11  3.67e-04 1.34e+01  5.10e-03   909s
[2019-03-21 22:01:11] SOLVER   229   3.36375304e+11  3.36374212e+11  3.40e-04 1.17e+01  4.61e-03   914s
[2019-03-21 22:01:17] SOLVER   230   3.36375304e+11  3.36374212e+11  3.40e-04 1.17e+01  4.61e-03   920s
[2019-03-21 22:01:21] SOLVER   231   3.36375304e+11  3.36374201e+11  3.40e-04 1.17e+01  4.60e-03   924s
[2019-03-21 22:01:28] SOLVER   232   3.36375304e+11  3.36375934e+11  3.40e-04 1.79e+01  4.59e-03   931s
[2019-03-21 22:01:36] SOLVER   233   3.36375302e+11  3.36375645e+11  2.75e-04 8.71e+00  3.55e-03   939s
[2019-03-21 22:01:47] SOLVER   234   3.36375300e+11  3.36375591e+11  2.20e-04 7.38e+00  2.78e-03   949s
[2019-03-21 22:01:52] SOLVER   235   3.36375296e+11  3.36375543e+11  3.66e-04 6.17e+00  1.86e-03   955s
[2019-03-21 22:01:57] SOLVER   236   3.36375296e+11  3.36375532e+11  3.44e-04 5.88e+00  1.78e-03   960s
[2019-03-21 22:02:02] SOLVER   237   3.36375296e+11  3.36375532e+11  3.44e-04 5.88e+00  1.78e-03   965s
[2019-03-21 22:02:07] SOLVER   238   3.36375296e+11  3.36375532e+11  3.45e-04 5.88e+00  1.78e-03   970s
[2019-03-21 22:02:13] SOLVER   239   3.36375296e+11  3.36375532e+11  3.45e-04 5.88e+00  1.78e-03   976s
[2019-03-21 22:02:18] SOLVER   240   3.36375296e+11  3.36375532e+11  3.45e-04 5.88e+00  1.78e-03   981s
[2019-03-21 22:02:24] SOLVER   241   3.36375296e+11  3.36375532e+11  4.12e-04 5.88e+00  1.78e-03   987s
[2019-03-21 22:02:29] SOLVER   242   3.36375296e+11  3.36375532e+11  4.12e-04 5.88e+00  1.78e-03   992s
[2019-03-21 22:02:34] SOLVER   243   3.36375296e+11  3.36375532e+11  4.12e-04 5.88e+00  1.78e-03   997s
[2019-03-21 22:02:41] SOLVER   244   3.36375296e+11  3.36375532e+11  4.12e-04 5.88e+00  1.78e-03  1003s
[2019-03-21 22:02:47] SOLVER   245   3.36375296e+11  3.36375532e+11  4.12e-04 5.88e+00  1.78e-03  1010s
[2019-03-21 22:02:47] SOLVER   Barrier performed 245 iterations in 1009.64 seconds
[2019-03-21 22:02:47] SOLVER   Sub-optimal termination - objective 3.36376029e+11
[2019-03-21 22:02:49] SOLVER   Crossover log...
[2019-03-21 22:02:50] SOLVER   401912 DPushes remaining with DInf 2.4151694e+07              1013s
[2019-03-21 22:03:05] SOLVER   257844 DPushes remaining with DInf 2.3705033e+07              1028s
[2019-03-21 22:03:17] SOLVER   240287 DPushes remaining with DInf 2.3700662e+07              1040s
[2019-03-21 22:03:18] SOLVER   239251 DPushes remaining with DInf 2.3831732e+07              1041s
[2019-03-21 22:03:24] SOLVER   235847 DPushes remaining with DInf 2.3831732e+07              1047s
[2019-03-21 22:03:29] SOLVER   234074 DPushes remaining with DInf 2.3831732e+07              1052s
[2019-03-21 22:03:36] SOLVER   232411 DPushes remaining with DInf 2.3831732e+07              1059s
[2019-03-21 22:03:38] SOLVER   231513 DPushes remaining with DInf 2.3830368e+07              1061s
[2019-03-21 22:03:43] SOLVER   229388 DPushes remaining with DInf 2.3829386e+07              1066s
[2019-03-21 22:03:49] SOLVER   226148 DPushes remaining with DInf 2.3827684e+07              1072s
[2019-03-21 22:03:52] SOLVER   224021 DPushes remaining with DInf 2.3826523e+07              1075s
[2019-03-21 22:03:57] SOLVER   220977 DPushes remaining with DInf 2.3825000e+07              1080s
[2019-03-21 22:04:04] SOLVER   217665 DPushes remaining with DInf 2.3824238e+07              1086s
[2019-03-21 22:04:08] SOLVER   214444 DPushes remaining with DInf 2.3823599e+07              1091s
[2019-03-21 22:04:12] SOLVER   211281 DPushes remaining with DInf 2.3823126e+07              1095s
[2019-03-21 22:04:18] SOLVER   208186 DPushes remaining with DInf 2.3822806e+07              1101s
[2019-03-21 22:04:23] SOLVER   205083 DPushes remaining with DInf 2.3822465e+07              1106s
[2019-03-21 22:04:27] SOLVER   202789 DPushes remaining with DInf 2.3822255e+07              1110s
[2019-03-21 22:04:33] SOLVER   199005 DPushes remaining with DInf 2.3822038e+07              1116s
[2019-03-21 22:04:38] SOLVER   195148 DPushes remaining with DInf 2.3821524e+07              1120s
[2019-03-21 22:04:43] SOLVER   190347 DPushes remaining with DInf 2.3817405e+07              1126s
[2019-03-21 22:04:47] SOLVER   183665 DPushes remaining with DInf 2.3803834e+07              1130s
[2019-03-21 22:04:52] SOLVER   177254 DPushes remaining with DInf 2.3800105e+07              1135s
[2019-03-21 22:04:58] SOLVER   171437 DPushes remaining with DInf 2.3797525e+07              1140s
[2019-03-21 22:05:03] SOLVER   167230 DPushes remaining with DInf 2.3796490e+07              1146s
[2019-03-21 22:05:08] SOLVER   163023 DPushes remaining with DInf 2.3795281e+07              1151s
[2019-03-21 22:05:13] SOLVER   159054 DPushes remaining with DInf 2.3794621e+07              1156s
[2019-03-21 22:05:18] SOLVER   155819 DPushes remaining with DInf 2.3793975e+07              1161s
[2019-03-21 22:05:22] SOLVER   152542 DPushes remaining with DInf 2.3793073e+07              1165s
[2019-03-21 22:05:28] SOLVER   148532 DPushes remaining with DInf 2.3792121e+07              1171s
[2019-03-21 22:05:33] SOLVER   145365 DPushes remaining with DInf 2.3791306e+07              1176s
[2019-03-21 22:05:38] SOLVER   142341 DPushes remaining with DInf 2.3790978e+07              1181s
[2019-03-21 22:05:43] SOLVER   140100 DPushes remaining with DInf 2.3790715e+07              1186s
[2019-03-21 22:05:48] SOLVER   137856 DPushes remaining with DInf 2.3790437e+07              1191s
[2019-03-21 22:05:52] SOLVER   135543 DPushes remaining with DInf 2.3790163e+07              1195s
[2019-03-21 22:05:57] SOLVER   132448 DPushes remaining with DInf 2.3789945e+07              1200s
[2019-03-21 22:06:03] SOLVER   128078 DPushes remaining with DInf 2.3789693e+07              1206s
[2019-03-21 22:06:08] SOLVER   124213 DPushes remaining with DInf 2.3765560e+07              1211s
[2019-03-21 22:06:12] SOLVER   118897 DPushes remaining with DInf 2.3765515e+07              1215s
[2019-03-21 22:06:18] SOLVER   113317 DPushes remaining with DInf 2.3765091e+07              1221s
[2019-03-21 22:06:23] SOLVER   107744 DPushes remaining with DInf 2.3764878e+07              1225s
[2019-03-21 22:06:27] SOLVER   102288 DPushes remaining with DInf 2.3764734e+07              1230s
[2019-03-21 22:06:32] SOLVER   93445 DPushes remaining with DInf 2.3764091e+07              1235s
[2019-03-21 22:06:38] SOLVER   89049 DPushes remaining with DInf 2.3764091e+07              1241s
[2019-03-21 22:06:43] SOLVER   85999 DPushes remaining with DInf 2.3764091e+07              1246s
[2019-03-21 22:06:48] SOLVER   79625 DPushes remaining with DInf 2.3764091e+07              1251s
[2019-03-21 22:06:53] SOLVER   74316 DPushes remaining with DInf 2.3764091e+07              1256s
[2019-03-21 22:06:58] SOLVER   72026 DPushes remaining with DInf 2.3764091e+07              1261s
[2019-03-21 22:07:03] SOLVER   69648 DPushes remaining with DInf 2.3764091e+07              1266s
[2019-03-21 22:07:09] SOLVER   60420 DPushes remaining with DInf 2.3764089e+07              1272s
[2019-03-21 22:07:13] SOLVER   58762 DPushes remaining with DInf 2.3764089e+07              1276s
[2019-03-21 22:07:18] SOLVER   53095 DPushes remaining with DInf 2.3764089e+07              1281s
[2019-03-21 22:07:22] SOLVER   48294 DPushes remaining with DInf 2.3764089e+07              1285s
[2019-03-21 22:07:28] SOLVER   41885 DPushes remaining with DInf 2.3764089e+07              1291s
[2019-03-21 22:07:33] SOLVER   37052 DPushes remaining with DInf 2.3764089e+07              1296s
[2019-03-21 22:07:38] SOLVER   32159 DPushes remaining with DInf 2.3764089e+07              1301s
[2019-03-21 22:07:43] SOLVER   29102 DPushes remaining with DInf 2.3764089e+07              1306s
[2019-03-21 22:07:48] SOLVER   26792 DPushes remaining with DInf 2.3764089e+07              1311s
[2019-03-21 22:07:53] SOLVER   25247 DPushes remaining with DInf 2.3764089e+07              1316s
[2019-03-21 22:07:58] SOLVER   24484 DPushes remaining with DInf 2.3764089e+07              1321s
[2019-03-21 22:08:02] SOLVER   21571 DPushes remaining with DInf 2.3764089e+07              1325s
[2019-03-21 22:08:07] SOLVER   16545 DPushes remaining with DInf 2.3764089e+07              1330s
[2019-03-21 22:08:13] SOLVER   86 DPushes remaining with DInf 2.3755920e+07              1336s
[2019-03-21 22:08:14] SOLVER   0 DPushes remaining with DInf 2.3755920e+07              1337s
[2019-03-21 22:08:15] SOLVER   Warning: Markowitz tolerance tightened to 0.5
[2019-03-21 22:08:15] SOLVER   555599 PPushes remaining with PInf 4.4814232e+04              1337s
[2019-03-21 22:08:18] SOLVER   296823 PPushes remaining with PInf 2.9021045e+04              1341s
[2019-03-21 22:08:22] SOLVER   207970 PPushes remaining with PInf 2.6774738e+04              1345s
[2019-03-21 22:08:29] SOLVER   187850 PPushes remaining with PInf 2.6645534e+04              1352s
[2019-03-21 22:08:36] SOLVER   173212 PPushes remaining with PInf 2.6149817e+04              1359s
[2019-03-21 22:08:54] SOLVER   164337 PPushes remaining with PInf 2.6042019e+04              1377s
[2019-03-21 22:09:08] SOLVER   158072 PPushes remaining with PInf 2.5616604e+04              1391s
[2019-03-21 22:09:22] SOLVER   153242 PPushes remaining with PInf 2.5483414e+04              1405s
[2019-03-21 22:09:33] SOLVER   146264 PPushes remaining with PInf 2.4047265e+04              1416s
[2019-03-21 22:09:40] SOLVER   143472 PPushes remaining with PInf 2.4042442e+04              1422s
[2019-03-21 22:09:50] SOLVER   138569 PPushes remaining with PInf 2.4024643e+04              1433s
[2019-03-21 22:09:59] SOLVER   132333 PPushes remaining with PInf 2.4655380e+04              1442s
[2019-03-21 22:10:09] SOLVER   127502 PPushes remaining with PInf 2.4516765e+04              1452s
[2019-03-21 22:10:24] SOLVER   124955 PPushes remaining with PInf 2.4518866e+04              1466s
[2019-03-21 22:10:29] SOLVER   122719 PPushes remaining with PInf 2.4511558e+04              1472s
[2019-03-21 22:10:33] SOLVER   121133 PPushes remaining with PInf 2.4507602e+04              1475s
[2019-03-21 22:11:06] SOLVER   117933 PPushes remaining with PInf 2.3971023e+04              1509s
[2019-03-21 22:11:09] SOLVER   117175 PPushes remaining with PInf 2.3895896e+04              1512s
[2019-03-21 22:11:14] SOLVER   116148 PPushes remaining with PInf 2.3881719e+04              1517s
[2019-03-21 22:11:18] SOLVER   113728 PPushes remaining with PInf 2.3881719e+04              1521s
[2019-03-21 22:11:24] SOLVER   110325 PPushes remaining with PInf 2.3846719e+04              1527s
[2019-03-21 22:11:30] SOLVER   109489 PPushes remaining with PInf 2.3718407e+04              1533s
[2019-03-21 22:14:57] SOLVER   89297 PPushes remaining with PInf 2.4256661e+04              1740s
[2019-03-21 22:17:03] SOLVER   83438 PPushes remaining with PInf 3.4711474e+04              1866s
[2019-03-21 22:17:32] SOLVER   80851 PPushes remaining with PInf 3.4202989e+04              1895s
[2019-03-21 22:17:42] SOLVER   79807 PPushes remaining with PInf 3.4204209e+04              1904s
[2019-03-21 22:17:44] SOLVER   78961 PPushes remaining with PInf 3.4193448e+04              1907s
[2019-03-21 22:17:49] SOLVER   77928 PPushes remaining with PInf 3.4162517e+04              1911s
[2019-03-21 22:17:54] SOLVER   74072 PPushes remaining with PInf 3.4125778e+04              1916s
[2019-03-21 22:18:00] SOLVER   71775 PPushes remaining with PInf 3.4831158e+04              1923s
[2019-03-21 22:18:04] SOLVER   70092 PPushes remaining with PInf 3.4760246e+04              1927s
[2019-03-21 22:18:07] SOLVER   69066 PPushes remaining with PInf 3.4681611e+04              1930s
[2019-03-21 22:18:13] SOLVER   66853 PPushes remaining with PInf 3.4604494e+04              1936s
[2019-03-21 22:18:18] SOLVER   62855 PPushes remaining with PInf 3.5132291e+04              1941s
[2019-03-21 22:18:23] SOLVER   60044 PPushes remaining with PInf 3.5104675e+04              1946s
[2019-03-21 22:18:30] SOLVER   58172 PPushes remaining with PInf 3.4746173e+04              1953s
[2019-03-21 22:18:35] SOLVER   56194 PPushes remaining with PInf 3.4638894e+04              1957s
[2019-03-21 22:18:41] SOLVER   53895 PPushes remaining with PInf 3.4619271e+04              1964s
[2019-03-21 22:18:49] SOLVER   52890 PPushes remaining with PInf 3.4463631e+04              1972s
[2019-03-21 22:18:54] SOLVER   50409 PPushes remaining with PInf 3.4463462e+04              1977s
[2019-03-21 22:18:57] SOLVER   48305 PPushes remaining with PInf 3.4287840e+04              1980s
[2019-03-21 22:19:03] SOLVER   46624 PPushes remaining with PInf 3.4245152e+04              1986s
[2019-03-21 22:26:58] SOLVER   17982 PPushes remaining with PInf 2.8723543e+04              2460s
[2019-03-21 22:27:03] SOLVER   16149 PPushes remaining with PInf 2.8691525e+04              2466s
[2019-03-21 22:27:08] SOLVER   14425 PPushes remaining with PInf 2.8690839e+04              2470s
[2019-03-21 22:27:14] SOLVER   9720 PPushes remaining with PInf 2.8657825e+04              2477s
[2019-03-21 22:27:21] SOLVER   8276 PPushes remaining with PInf 2.8649494e+04              2483s
[2019-03-21 22:27:23] SOLVER   7230 PPushes remaining with PInf 2.8731714e+04              2486s
[2019-03-21 22:27:28] SOLVER   4294 PPushes remaining with PInf 2.8728260e+04              2491s
[2019-03-21 22:27:32] SOLVER   929 PPushes remaining with PInf 2.8716841e+04              2495s
[2019-03-21 22:27:48] SOLVER   372 PPushes remaining with PInf 2.6828506e+04              2511s
[2019-03-21 22:27:53] SOLVER   359 PPushes remaining with PInf 2.6826255e+04              2516s
[2019-03-21 22:27:53] SOLVER   Push phase complete: Pinf 2.6826255e+04, Dinf 1.0483380e+07   2516s
[2019-03-21 22:27:55] SOLVER   Iteration    Objective       Primal Inf.    Dual Inf.      Time
[2019-03-21 22:27:55] SOLVER   863304    3.3637492e+11   1.924958e+08   0.000000e+00   2518s
[2019-03-21 22:29:49] SOLVER   864044    3.3637535e+11   1.343591e+11   0.000000e+00   2632s
[2019-03-21 22:31:45] SOLVER   864788    3.3637537e+11   2.176352e+10   0.000000e+00   2748s
[2019-03-21 22:33:41] SOLVER   865532    3.3637543e+11   1.611486e+09   0.000000e+00   2864s
[2019-03-21 22:35:39] SOLVER   866276    3.3637546e+11   2.118591e+09   0.000000e+00   2981s
[2019-03-21 22:37:05] SOLVER   867020    3.3637550e+11   5.173921e+09   0.000000e+00   3067s
[2019-03-21 22:38:35] SOLVER   867764    3.3637557e+11   1.823963e+08   0.000000e+00   3158s
[2019-03-21 22:39:52] SOLVER   868508    3.3637560e+11   1.423015e+09   0.000000e+00   3235s
[2019-03-21 22:41:47] SOLVER   869252    3.3637561e+11   1.594878e+07   0.000000e+00   3349s
[2019-03-21 22:43:53] SOLVER   869996    3.3637562e+11   7.815946e+05   0.000000e+00   3476s
[2019-03-21 22:45:52] SOLVER   870740    3.3637563e+11   6.861184e+04   0.000000e+00   3595s
[2019-03-21 22:47:54] SOLVER   871440    3.3637563e+11   4.124810e+05   0.000000e+00   3717s
[2019-03-21 22:49:58] SOLVER   872160    3.3637564e+11   8.072200e+01   0.000000e+00   3840s
[2019-03-21 22:50:33] SOLVER   872336    3.3637564e+11   0.000000e+00   0.000000e+00   3875s
[2019-03-21 22:51:30] SOLVER   872847    3.3637539e+11   0.000000e+00   4.799201e+05   3933s
[2019-03-21 22:52:35] SOLVER   873591    3.3637531e+11   0.000000e+00   4.214771e+07   3998s
[2019-03-21 22:53:00] SOLVER   874335    3.3637530e+11   0.000000e+00   1.051776e+06   4023s
[2019-03-21 22:54:03] SOLVER   875080    3.3637530e+11   0.000000e+00   1.647214e+03   4086s
[2019-03-21 22:55:10] SOLVER   875824    3.3637529e+11   0.000000e+00   8.313011e+06   4153s
[2019-03-21 22:56:01] SOLVER   876569    3.3637529e+11   0.000000e+00   1.996192e+06   4204s
[2019-03-21 22:56:48] SOLVER   877313    3.3637529e+11   0.000000e+00   3.939890e+02   4251s
[2019-03-21 22:56:52] SOLVER   877444    3.3637529e+11   0.000000e+00   3.667065e+02   4255s
[2019-03-21 22:57:45] SOLVER   878254    3.3637529e+11   0.000000e+00   3.016358e+05   4308s
[2019-03-21 22:58:15] SOLVER   878604    3.3637529e+11   3.954056e-02   0.000000e+00   4338s
[2019-03-21 22:58:32] SOLVER   878606    3.3637529e+11   6.944404e-02   6.847853e+08   4355s
[2019-03-21 23:00:15] SOLVER   879976    3.3637529e+11   0.000000e+00   4.771868e+06   4458s
[2019-03-21 23:02:13] SOLVER   881346    3.3637529e+11   0.000000e+00   4.288826e+06   4576s
[2019-03-21 23:04:11] SOLVER   882716    3.3637529e+11   0.000000e+00   3.832043e+06   4694s
[2019-03-21 23:05:57] SOLVER   884086    3.3637529e+11   0.000000e+00   5.046097e+04   4800s
[2019-03-21 23:07:55] SOLVER   885456    3.3637529e+11   0.000000e+00   1.333823e+04   4918s
[2019-03-21 23:09:43] SOLVER   886826    3.3637529e+11   0.000000e+00   5.540351e+01   5026s
[2019-03-21 23:10:18] SOLVER   Extra 9 simplex iterations after uncrush
[2019-03-21 23:10:18] SOLVER   887148    3.3637529e+11   0.000000e+00   0.000000e+00   5061s
[2019-03-21 23:10:18] SOLVER   Solved with barrier
[2019-03-21 23:10:18] SOLVER   Solved in 887148 iterations and 5060.57 seconds
[2019-03-21 23:10:18] SOLVER   Optimal objective  3.363752926e+11
[2019-03-21 23:10:21] SOLVER   Changed value of parameter LogFile to
[2019-03-21 23:10:21] SOLVER   Prev: /cluster/work/cpesm/trtim/ose-model-comparison/tmp_a645eve.log  Default:
[2019-03-21 23:12:24] INFO     Backend: solver finished running. Time since start: 2:09:12.628876
[2019-03-21 23:12:28] INFO     Backend: loaded results
[2019-03-21 23:13:18] INFO     Backend: generated solution array. Time since start: 2:10:06.635079
[2019-03-21 23:13:18] INFO     Postprocessing: started
[2019-03-21 23:15:28] INFO     Postprocessing: All values < 1e-10 set to 0 in carrier_prod, carrier_con, storage_cap, storage, capacity_factor
[2019-03-21 23:15:28] INFO     Postprocessing: ended. Time since start: 2:12:16.716008
Calliope 0.6.4-dev starting at 2019-03-21 21:03:11

Model name:   Open Source Modelling -- Euro Calliope model
Model size:   34 locations, 17 technologies, 4380 timesteps

Starting model run...
Saving NetCDF results to file: build/output/minus2/06.nc

Calliope run complete. Elapsed: 7943.7 seconds (time at exit: 2019-03-21 23:15:35)
