Sender: LSF System <lsfadmin@eu-dl-f3-03>
Subject: Job 88996005: <calliope run ../../build/model/model.yaml --save_netcdf ../../build/output/minus5/02.nc --scenario baseline --override_dict "{run.solver_options.FeasibilityTol: 1e-5, run.solver_options.OptimalityTol: 1e-5}"> in cluster <euler> Done

Job <calliope run ../../build/model/model.yaml --save_netcdf ../../build/output/minus5/02.nc --scenario baseline --override_dict "{run.solver_options.FeasibilityTol: 1e-5, run.solver_options.OptimalityTol: 1e-5}"> was submitted from host <eu-login-14-ng> by user <trtim> in cluster <euler> at Thu Apr 11 12:20:55 2019
Job was executed on host(s) <4*eu-dl-f3-03>, in queue <bigmem.24h>, as user <trtim> in cluster <euler> at Thu Apr 11 12:21:18 2019
</cluster/home/trtim> was used as the home directory.
</cluster/home/trtim/Develop/ose-model-comparison/performance-analysis/2019-04-11> was used as the working directory.
Started at Thu Apr 11 12:21:18 2019
Terminated at Thu Apr 11 20:37:32 2019
Results reported at Thu Apr 11 20:37:32 2019

Your job looked like:

------------------------------------------------------------
# LSBATCH: User input
calliope run ../../build/model/model.yaml --save_netcdf ../../build/output/minus5/02.nc --scenario baseline --override_dict "{run.solver_options.FeasibilityTol: 1e-5, run.solver_options.OptimalityTol: 1e-5}"
------------------------------------------------------------

Successfully completed.

Resource usage summary:

    CPU time :                                   43190.78 sec.
    Max Memory :                                 94976 MB
    Average Memory :                             66892.88 MB
    Total Requested Memory :                     96000.00 MB
    Delta Memory :                               1024.00 MB
    Max Swap :                                   -
    Max Processes :                              3
    Max Threads :                                8
    Run time :                                   29804 sec.
    Turnaround time :                            29797 sec.

The output (if any) follows:

Calliope 0.6.4-dev starting at 2019-04-11 12:23:15

/cluster/work/cpesm/trtim/.conda/envs/ose-model-comparison/lib/python3.6/site-packages/dask/config.py:168: YAMLLoadWarning:

calling yaml.load() without Loader=... is deprecated, as the default Loader is unsafe. Please read https://msg.pyyaml.org/load for full details.

[2019-04-11 12:23:15] INFO     Model: initialising
[2019-04-11 12:23:16] INFO     Override applied to run.solver_options.FeasibilityTol: 1e-05 -> 1e-05
Override applied to run.solver_options.OptimalityTol: 1e-05 -> 1e-05
[2019-04-11 12:23:16] INFO     Using scenario `baseline` leading to the application of overrides `['diw_assumptions', 'diw_battery_baseline_cost', 'jrc_etri_2014_renewable_costs', 'battery_c_rate', 'equal_interest_rate', 'no_hydrogen']`.
[2019-04-11 12:23:17] INFO     `locations.ALB.techs.hydrogen.exists`:False applied from override as new configuration
`locations.AUT.techs.hydrogen.exists`:False applied from override as new configuration
`locations.BEL.techs.hydrogen.exists`:False applied from override as new configuration
`locations.BGR.techs.hydrogen.exists`:False applied from override as new configuration
`locations.BIH.techs.hydrogen.exists`:False applied from override as new configuration
`locations.CHE.techs.hydrogen.exists`:False applied from override as new configuration
`locations.CYP.techs.hydrogen.exists`:False applied from override as new configuration
`locations.CZE.techs.hydrogen.exists`:False applied from override as new configuration
`locations.DEU.techs.hydrogen.exists`:False applied from override as new configuration
`locations.DNK.techs.hydrogen.exists`:False applied from override as new configuration
`locations.ESP.techs.hydrogen.exists`:False applied from override as new configuration
`locations.EST.techs.hydrogen.exists`:False applied from override as new configuration
`locations.FIN.techs.hydrogen.exists`:False applied from override as new configuration
`locations.FRA.techs.hydrogen.exists`:False applied from override as new configuration
`locations.GBR.techs.hydrogen.exists`:False applied from override as new configuration
`locations.GRC.techs.hydrogen.exists`:False applied from override as new configuration
`locations.HRV.techs.hydrogen.exists`:False applied from override as new configuration
`locations.HUN.techs.hydrogen.exists`:False applied from override as new configuration
`locations.IRL.techs.hydrogen.exists`:False applied from override as new configuration
`locations.ITA.techs.hydrogen.exists`:False applied from override as new configuration
`locations.LTU.techs.hydrogen.exists`:False applied from override as new configuration
`locations.LUX.techs.hydrogen.exists`:False applied from override as new configuration
`locations.LVA.techs.hydrogen.exists`:False applied from override as new configuration
`locations.MKD.techs.hydrogen.exists`:False applied from override as new configuration
`locations.MNE.techs.hydrogen.exists`:False applied from override as new configuration
`locations.NLD.techs.hydrogen.exists`:False applied from override as new configuration
`locations.NOR.techs.hydrogen.exists`:False applied from override as new configuration
`locations.POL.techs.hydrogen.exists`:False applied from override as new configuration
`locations.PRT.techs.hydrogen.exists`:False applied from override as new configuration
`locations.ROU.techs.hydrogen.exists`:False applied from override as new configuration
`locations.SRB.techs.hydrogen.exists`:False applied from override as new configuration
`locations.SVK.techs.hydrogen.exists`:False applied from override as new configuration
`locations.SVN.techs.hydrogen.exists`:False applied from override as new configuration
`locations.SWE.techs.hydrogen.exists`:False applied from override as new configuration
`tech_groups.conversion.costs.monetary.interest_rate`:0.04 applied from override as new configuration
`tech_groups.conversion_plus.costs.monetary.interest_rate`:0.04 applied from override as new configuration
Override applied to tech_groups.pv.costs.monetary.energy_cap: 1401.49 -> 640.0
Override applied to tech_groups.pv.costs.monetary.om_annual: 12.66 -> 10.88
`tech_groups.storage.costs.monetary.interest_rate`:0.04 applied from override as new configuration
`tech_groups.supply.costs.monetary.interest_rate`:0.04 applied from override as new configuration
`tech_groups.supply_plus.costs.monetary.interest_rate`:0.04 applied from override as new configuration
`tech_groups.transmission.costs.monetary.interest_rate`:0.04 applied from override as new configuration
Override applied to tech_groups.wind_onshore.costs.monetary.energy_cap: 1316.28 -> 1300.0
Override applied to tech_groups.wind_onshore.costs.monetary.om_annual: 49.72 -> 28.6
`techs.battery.constraints.energy_cap_per_storage_cap_max`:4 applied from override as new configuration
`techs.battery.constraints.energy_cap_per_storage_cap_min`:0.25 applied from override as new configuration
Override applied to techs.battery.constraints.energy_eff: 0.95 -> 0.9591663046625439
Override applied to techs.battery.constraints.lifetime: 20 -> 12
Override applied to techs.battery.costs.monetary.energy_cap: 713.47 -> 135.14000000000001
`techs.battery.costs.monetary.interest_rate`:0.04 applied from override as new configuration
Override applied to techs.battery.costs.monetary.om_annual: 12.48 -> 0
Override applied to techs.battery.costs.monetary.om_prod: 0.0028 -> 0
Override applied to techs.battery.costs.monetary.storage_cap: 322.73 -> 315.32
Override applied to techs.ccgt.costs.monetary.om_con: 0.03761 -> 0.03168
Override applied to techs.ccgt.costs.monetary.om_prod: 0.000132 -> 0.014832000000000001
Override applied to techs.coal.costs.monetary.om_con: 0.010920000000000001 -> 0.009720000000000001
Override applied to techs.coal.costs.monetary.om_prod: 0.001315 -> 0.025915
Override applied to techs.lignite.costs.monetary.om_con: 0.010920000000000001 -> 0.00396
Override applied to techs.lignite.costs.monetary.om_prod: 0.001315 -> 0.028614999999999998
Override applied to techs.nuclear.costs.monetary.om_con: 0.0064 -> 0.0016899999999999999
Override applied to techs.nuclear.costs.monetary.om_prod: 0.0006580000000000001 -> 0.001018
Override applied to techs.wind_offshore.costs.monetary.energy_cap: 4246.25 -> 2580.0
Override applied to techs.wind_offshore.costs.monetary.om_annual: 113.0 -> 77.4
[2019-04-11 12:23:18] WARNING  Warning: Possible issues found during model processing:
 * `pumped_hydro` at `ALB` has no constraint to explicitly connect `energy_cap` to `storage_cap`, consider defining a `energy_cap_per_storage_cap_min/max/equals` constraint
 * `pumped_hydro` at `CYP` has no constraint to explicitly connect `energy_cap` to `storage_cap`, consider defining a `energy_cap_per_storage_cap_min/max/equals` constraint
 * `pumped_hydro` at `DNK` has no constraint to explicitly connect `energy_cap` to `storage_cap`, consider defining a `energy_cap_per_storage_cap_min/max/equals` constraint
 * `pumped_hydro` at `EST` has no constraint to explicitly connect `energy_cap` to `storage_cap`, consider defining a `energy_cap_per_storage_cap_min/max/equals` constraint
 * `pumped_hydro` at `FIN` has no constraint to explicitly connect `energy_cap` to `storage_cap`, consider defining a `energy_cap_per_storage_cap_min/max/equals` constraint
 * `pumped_hydro` at `HUN` has no constraint to explicitly connect `energy_cap` to `storage_cap`, consider defining a `energy_cap_per_storage_cap_min/max/equals` constraint
 * `pumped_hydro` at `LVA` has no constraint to explicitly connect `energy_cap` to `storage_cap`, consider defining a `energy_cap_per_storage_cap_min/max/equals` constraint
 * `pumped_hydro` at `MKD` has no constraint to explicitly connect `energy_cap` to `storage_cap`, consider defining a `energy_cap_per_storage_cap_min/max/equals` constraint
 * `pumped_hydro` at `MNE` has no constraint to explicitly connect `energy_cap` to `storage_cap`, consider defining a `energy_cap_per_storage_cap_min/max/equals` constraint
 * `pumped_hydro` at `NLD` has no constraint to explicitly connect `energy_cap` to `storage_cap`, consider defining a `energy_cap_per_storage_cap_min/max/equals` constraint

[2019-04-11 12:23:18] INFO     Model: preprocessing stage 1 (model_run)
[2019-04-11 12:23:29] INFO     Model: preprocessing stage 2 (model_data)
[2019-04-11 12:23:43] INFO     Model: preprocessing complete. Time since start: 0:00:28.070565
Model name:   Open Source Modelling -- Euro Calliope model
Model size:   34 locations, 19 technologies, 8760 timesteps

Starting model run...
[2019-04-11 12:23:43] INFO     Backend: starting model run
[2019-04-11 13:20:38] INFO     Backend: model generated. Time since start: 0:57:22.932874
[2019-04-11 13:20:38] INFO     Backend: sending model to solver
[2019-04-11 14:09:32] SOLVER   Parameter OutputFlag unchanged
[2019-04-11 14:09:32] SOLVER   Value: 1  Min: 0  Max: 1  Default: 1
[2019-04-11 14:09:32] SOLVER   Changed value of parameter LogFile to /cluster/work/cpesm/trtim/ose-model-comparison/performance-analysis/2019-04-11/tmpsobbbfyk.log
[2019-04-11 14:09:32] SOLVER   Prev: gurobi.log  Default:
[2019-04-11 14:09:32] SOLVER   Changed value of parameter FeasibilityTol to 1e-05
[2019-04-11 14:09:32] SOLVER   Prev: 1e-06  Min: 1e-09  Max: 0.01  Default: 1e-06
[2019-04-11 14:09:32] SOLVER   Changed value of parameter Method to 2
[2019-04-11 14:09:32] SOLVER   Prev: -1  Min: -1  Max: 5  Default: -1
[2019-04-11 14:09:32] SOLVER   Changed value of parameter OptimalityTol to 1e-05
[2019-04-11 14:09:32] SOLVER   Prev: 1e-06  Min: 1e-09  Max: 0.01  Default: 1e-06
[2019-04-11 14:09:32] SOLVER   Changed value of parameter Threads to 4
[2019-04-11 14:09:32] SOLVER   Prev: 0  Min: 0  Max: 1024  Default: 0
[2019-04-11 14:09:32] SOLVER   Optimize a model with 22166104 rows, 17558336 columns and 59282184 nonzeros
[2019-04-11 14:09:33] SOLVER   Coefficient statistics:
[2019-04-11 14:09:33] SOLVER   Matrix range     [4e-06, 3e+02]
[2019-04-11 14:09:33] SOLVER   Objective range  [1e+00, 1e+00]
[2019-04-11 14:09:33] SOLVER   Bounds range     [5e-02, 2e+03]
[2019-04-11 14:09:33] SOLVER   RHS range        [7e-03, 2e+03]
[2019-04-11 14:09:38] SOLVER   Presolve removed 0 rows and 0 columns (presolve time = 6s) ...
[2019-04-11 14:09:43] SOLVER   Presolve removed 15378953 rows and 10209868 columns (presolve time = 10s) ...
[2019-04-11 14:09:52] SOLVER   Presolve removed 15476635 rows and 10385133 columns (presolve time = 19s) ...
[2019-04-11 14:09:55] SOLVER   Presolve removed 15481502 rows and 10390000 columns (presolve time = 22s) ...
[2019-04-11 14:10:07] SOLVER   Presolve removed 17474125 rows and 12382623 columns (presolve time = 34s) ...
[2019-04-11 14:10:10] SOLVER   Presolve removed 17526418 rows and 12382633 columns (presolve time = 37s) ...
[2019-04-11 14:10:14] SOLVER   Presolve removed 17526418 rows and 12382633 columns (presolve time = 41s) ...
[2019-04-11 14:10:18] SOLVER   Presolve removed 17526418 rows and 12382633 columns (presolve time = 45s) ...
[2019-04-11 14:10:18] SOLVER   Presolve removed 17526418 rows and 12382633 columns
[2019-04-11 14:10:19] SOLVER   Presolve time: 46.27s
[2019-04-11 14:10:19] SOLVER   Presolved: 4639686 rows, 5175703 columns, 18946392 nonzeros
[2019-04-11 14:11:29] SOLVER   Ordering time: 0.00s
[2019-04-11 14:11:38] SOLVER   Barrier statistics:
[2019-04-11 14:11:38] SOLVER   Dense cols : 316
[2019-04-11 14:11:38] SOLVER   AA' NZ     : 1.571e+07
[2019-04-11 14:11:38] SOLVER   Factor NZ  : 1.078e+08 (roughly 5.0 GBytes of memory)
[2019-04-11 14:11:38] SOLVER   Factor Ops : 3.001e+10 (roughly 1 second per iteration)
[2019-04-11 14:11:38] SOLVER   Threads    : 4
[2019-04-11 14:11:43] SOLVER   Objective                Residual
[2019-04-11 14:11:43] SOLVER   Iter       Primal          Dual         Primal    Dual     Compl     Time
[2019-04-11 14:11:44] SOLVER   0   1.82922783e+08 -2.31953085e+08  2.94e+07 1.94e-01  9.17e+04   132s
[2019-04-11 14:11:51] SOLVER   1   1.68686213e+08 -2.47939937e+08  1.96e+07 3.01e+01  6.27e+04   139s
[2019-04-11 14:11:59] SOLVER   2   1.67287061e+08 -2.63782552e+08  1.87e+07 2.02e+01  5.28e+04   147s
[2019-04-11 14:12:09] SOLVER   3   1.62186145e+08 -2.97266062e+08  1.59e+07 1.79e+01  4.77e+04   157s
[2019-04-11 14:12:18] SOLVER   4   1.53817640e+08 -6.16622862e+08  1.50e+07 1.60e+01  4.49e+04   165s
[2019-04-11 14:12:24] SOLVER   5   1.38438912e+08 -1.06611687e+09  1.34e+07 1.27e+01  4.02e+04   172s
[2019-04-11 14:12:31] SOLVER   6   1.16059994e+08 -1.28703935e+09  1.18e+07 1.30e+01  3.55e+04   178s
[2019-04-11 14:12:39] SOLVER   7   1.07929816e+08 -1.98619123e+09  1.08e+07 1.04e+01  3.22e+04   187s
[2019-04-11 14:12:47] SOLVER   8   5.20100283e+07 -2.36887723e+09  4.00e+06 8.34e+00  1.39e+04   195s
[2019-04-11 14:12:55] SOLVER   9   2.31379906e+07 -2.51499171e+09  8.64e+05 6.66e+00  4.99e+03   203s
[2019-04-11 14:13:02] SOLVER   10   1.95669920e+07 -2.39874268e+09  4.66e+05 5.47e+00  3.40e+03   210s
[2019-04-11 14:13:10] SOLVER   11   1.69387656e+07 -1.96344802e+09  2.54e+05 3.84e+00  2.12e+03   218s
[2019-04-11 14:13:21] SOLVER   12   1.55129558e+07 -1.19354889e+09  1.02e+05 1.27e+00  8.14e+02   228s
[2019-04-11 14:13:29] SOLVER   13   1.48199772e+07 -8.10752994e+08  3.71e+04 6.08e-01  3.67e+02   237s
[2019-04-11 14:13:35] SOLVER   14   1.44915851e+07 -7.94659068e+08  1.03e+04 5.89e-01  2.79e+02   243s
[2019-04-11 14:13:42] SOLVER   15   1.44007078e+07 -3.86442674e+08  4.43e+03 2.19e-01  1.11e+02   250s
[2019-04-11 14:13:50] SOLVER   16   1.40628725e+07 -1.15100286e+08  4.34e+02 5.40e-02  2.80e+01   258s
[2019-04-11 14:13:57] SOLVER   17   1.32865948e+07 -5.17213623e+07  5.44e+01 1.87e-02  1.12e+01   264s
[2019-04-11 14:14:05] SOLVER   18   1.06894093e+07 -1.99541575e+07  5.33e+00 6.26e-03  4.30e+00   272s
[2019-04-11 14:14:15] SOLVER   19   6.48208543e+06 -7.54812350e+06  7.18e-01 2.14e-03  1.63e+00   283s
[2019-04-11 14:14:23] SOLVER   20   4.81082990e+06 -4.69583283e+06  2.80e-01 1.31e-03  1.03e+00   291s
[2019-04-11 14:14:30] SOLVER   21   3.55724163e+06 -2.95034977e+06  1.28e-01 8.07e-04  6.63e-01   298s
[2019-04-11 14:14:36] SOLVER   22   3.01426831e+06 -1.88060363e+06  8.52e-02 5.42e-04  4.83e-01   304s
[2019-04-11 14:14:44] SOLVER   23   2.02682209e+06 -1.23799147e+06  2.78e-02 3.57e-04  3.10e-01   312s
[2019-04-11 14:14:51] SOLVER   24   1.89994988e+06 -1.03785255e+06  2.31e-02 3.10e-04  2.77e-01   318s
[2019-04-11 14:14:59] SOLVER   25   1.67124133e+06 -6.23979985e+05  1.55e-02 2.10e-04  2.12e-01   327s
[2019-04-11 14:15:09] SOLVER   26   1.31470971e+06 -2.67341061e+05  5.46e-03 1.17e-04  1.43e-01   337s
[2019-04-11 14:15:17] SOLVER   27   1.03864987e+06 -1.32485292e+05  6.05e-05 7.83e-05  1.05e-01   345s
[2019-04-11 14:15:24] SOLVER   28   9.08151419e+05 -6.33862983e+04  4.94e-05 6.35e-05  8.66e-02   352s
[2019-04-11 14:15:30] SOLVER   29   8.48503213e+05 -1.34663853e+04  4.46e-05 5.15e-05  7.66e-02   358s
[2019-04-11 14:15:39] SOLVER   30   7.64893446e+05  2.89724187e+04  3.88e-05 4.40e-05  6.53e-02   367s
[2019-04-11 14:15:45] SOLVER   31   7.26113918e+05  5.33199929e+04  3.57e-05 3.97e-05  5.96e-02   373s
[2019-04-11 14:15:54] SOLVER   32   6.97008833e+05  7.07811723e+04  3.33e-05 3.59e-05  5.54e-02   381s
[2019-04-11 14:16:04] SOLVER   33   6.02543903e+05  1.26281388e+05  2.61e-05 2.58e-05  4.20e-02   392s
[2019-04-11 14:16:12] SOLVER   34   5.78452713e+05  1.39149893e+05  2.41e-05 2.33e-05  3.87e-02   400s
[2019-04-11 14:16:19] SOLVER   35   5.24671820e+05  1.61560665e+05  1.99e-05 1.87e-05  3.20e-02   406s
[2019-04-11 14:16:25] SOLVER   36   5.08596328e+05  1.65666618e+05  1.86e-05 1.80e-05  3.02e-02   413s
[2019-04-11 14:16:33] SOLVER   37   4.66073169e+05  1.88701324e+05  1.56e-05 1.35e-05  2.44e-02   421s
[2019-04-11 14:16:40] SOLVER   38   4.45985225e+05  1.98081278e+05  1.40e-05 1.16e-05  2.18e-02   427s
[2019-04-11 14:16:48] SOLVER   39   4.00162262e+05  2.07801465e+05  1.06e-05 9.80e-06  1.69e-02   436s
[2019-04-11 14:16:58] SOLVER   40   3.86655279e+05  2.12065812e+05  9.62e-06 9.09e-06  1.53e-02   446s
[2019-04-11 14:17:07] SOLVER   41   3.77310854e+05  2.16282640e+05  8.97e-06 8.41e-06  1.41e-02   454s
[2019-04-11 14:17:13] SOLVER   42   3.72553401e+05  2.18700705e+05  8.58e-06 8.02e-06  1.35e-02   461s
[2019-04-11 14:17:20] SOLVER   43   3.68528699e+05  2.20908316e+05  8.24e-06 7.66e-06  1.30e-02   467s
[2019-04-11 14:17:28] SOLVER   44   3.63544103e+05  2.23477381e+05  7.89e-06 7.25e-06  1.23e-02   476s
[2019-04-11 14:17:34] SOLVER   45   3.58573786e+05  2.24873432e+05  7.47e-06 7.03e-06  1.17e-02   482s
[2019-04-11 14:17:43] SOLVER   46   3.54302666e+05  2.27227868e+05  7.11e-06 6.66e-06  1.11e-02   490s
[2019-04-11 14:17:53] SOLVER   47   3.50160211e+05  2.30106606e+05  6.78e-06 6.20e-06  1.05e-02   500s
[2019-04-11 14:18:01] SOLVER   48   3.43426189e+05  2.32621114e+05  6.25e-06 5.82e-06  9.72e-03   509s
[2019-04-11 14:18:07] SOLVER   49   3.43182415e+05  2.33043827e+05  6.23e-06 5.75e-06  9.66e-03   515s
[2019-04-11 14:18:14] SOLVER   50   3.41047073e+05  2.33802178e+05  6.04e-06 5.64e-06  9.40e-03   522s
[2019-04-11 14:18:27] SOLVER   51   1.82922783e+08 -5.41610265e+09  2.94e+07 1.94e-01  2.14e+06   535s
[2019-04-11 14:18:33] SOLVER   52   1.73495438e+08 -5.93486850e+09  2.02e+07 7.18e+02  1.54e+06   541s
[2019-04-11 14:18:42] SOLVER   53   1.72072177e+08 -6.31843951e+09  1.92e+07 4.78e+02  1.28e+06   549s
[2019-04-11 14:18:52] SOLVER   54   1.66841287e+08 -7.15677298e+09  1.63e+07 4.19e+02  1.16e+06   560s
[2019-04-11 14:19:00] SOLVER   55   1.57283597e+08 -1.47527077e+10  1.53e+07 3.79e+02  1.08e+06   567s
[2019-04-11 14:19:06] SOLVER   56   1.42673293e+08 -2.71726316e+10  1.39e+07 3.15e+02  9.79e+05   574s
[2019-04-11 14:19:13] SOLVER   57   1.20315403e+08 -3.65726832e+10  1.21e+07 2.78e+02  8.58e+05   580s
[2019-04-11 14:19:21] SOLVER   58   1.11222627e+08 -6.56347293e+10  1.11e+07 1.97e+02  7.84e+05   589s
[2019-04-11 14:19:31] SOLVER   59   4.06883848e+07 -7.17739471e+10  2.59e+06 1.65e+02  2.42e+05   599s
[2019-04-11 14:19:39] SOLVER   60   2.28868180e+07 -6.97764201e+10  7.61e+05 1.32e+02  1.04e+05   607s
[2019-04-11 14:19:46] SOLVER   61   2.00880591e+07 -6.66587096e+10  4.88e+05 1.19e+02  7.94e+04   613s
[2019-04-11 14:19:52] SOLVER   62   1.74955557e+07 -5.48814415e+10  2.35e+05 8.18e+01  4.80e+04   620s
[2019-04-11 14:20:00] SOLVER   63   1.62239674e+07 -2.68426150e+10  1.11e+05 1.64e+01  1.57e+04   628s
[2019-04-11 14:20:07] SOLVER   64   1.53825552e+07 -1.93099965e+10  3.62e+04 8.79e+00  6.98e+03   634s
[2019-04-11 14:20:15] SOLVER   65   1.50813399e+07 -9.43862556e+09  8.80e+03 1.98e+00  1.99e+03   642s
[2019-04-11 14:20:25] SOLVER   66   1.50424026e+07 -2.08181466e+09  7.62e+02 1.20e-01  2.52e+02   652s
[2019-04-11 14:20:33] SOLVER   67   1.46346466e+07 -2.84477189e+08  1.52e+01 1.41e-02  3.17e+01   661s
[2019-04-11 14:20:39] SOLVER   68   1.26674770e+07 -1.64251602e+08  3.72e-08 7.71e-03  1.81e+01   667s
[2019-04-11 14:20:46] SOLVER   69   1.10960020e+07 -8.54526690e+07  5.00e-08 3.74e-03  9.62e+00   674s
[2019-04-11 14:20:54] SOLVER   70   7.26716323e+06 -5.53083374e+07  1.52e-08 2.37e-03  6.01e+00   682s
[2019-04-11 14:21:01] SOLVER   71   5.75382708e+06 -2.87538742e+07  8.76e-09 1.19e-03  3.24e+00   688s
[2019-04-11 14:21:08] SOLVER   72   4.20050479e+06 -1.61528320e+07  4.78e-09 6.53e-04  1.88e+00   696s
[2019-04-11 14:21:19] SOLVER   73   3.61977284e+06 -9.29092320e+06  3.87e-09 3.89e-04  1.18e+00   706s
[2019-04-11 14:21:27] SOLVER   74   3.30697178e+06 -7.85388421e+06  3.37e-09 3.30e-04  1.01e+00   715s
[2019-04-11 14:21:33] SOLVER   75   2.77853222e+06 -5.46579185e+06  2.58e-09 2.33e-04  7.43e-01   721s
[2019-04-11 14:21:40] SOLVER   76   2.31803350e+06 -3.80281216e+06  1.98e-09 1.65e-04  5.48e-01   727s
[2019-04-11 14:21:48] SOLVER   77   2.00618247e+06 -2.60428114e+06  1.62e-09 1.18e-04  4.11e-01   735s
[2019-04-11 14:21:54] SOLVER   78   1.82783609e+06 -2.15585313e+06  1.43e-09 9.93e-05  3.54e-01   742s
[2019-04-11 14:22:02] SOLVER   79   1.34342881e+06 -1.14752395e+06  9.16e-10 5.77e-05  2.20e-01   750s
[2019-04-11 14:22:13] SOLVER   80   1.07082393e+06 -6.51222497e+05  6.60e-10 3.66e-05  1.52e-01   760s
[2019-04-11 14:22:21] SOLVER   81   9.36623326e+05 -4.10970556e+05  5.44e-10 2.70e-05  1.19e-01   768s
[2019-04-11 14:22:27] SOLVER   82   8.94796066e+05 -3.27554746e+05  5.07e-10 2.40e-05  1.08e-01   775s
[2019-04-11 14:22:33] SOLVER   83   7.92455354e+05 -1.90237214e+05  4.18e-10 1.81e-05  8.64e-02   781s
[2019-04-11 14:22:42] SOLVER   84   6.95414839e+05 -8.36560837e+04  3.36e-10 1.34e-05  6.84e-02   789s
[2019-04-11 14:22:48] SOLVER   85   6.53424616e+05 -1.82768727e+04  3.00e-10 1.09e-05  5.89e-02   796s
[2019-04-11 14:22:56] SOLVER   86   5.89272861e+05  1.66637879e+04  2.50e-10 9.30e-06  5.02e-02   804s
[2019-04-11 14:23:06] SOLVER   87   5.10134185e+05  6.30179760e+04  1.85e-10 7.41e-06  3.92e-02   814s
[2019-04-11 14:23:14] SOLVER   88   4.56495184e+05  1.04171384e+05  1.42e-10 5.97e-06  3.09e-02   822s
[2019-04-11 14:23:21] SOLVER   89   4.49770541e+05  1.26734063e+05  1.37e-10 5.17e-06  2.83e-02   829s
[2019-04-11 14:23:27] SOLVER   90   4.33333531e+05  1.53278292e+05  1.24e-10 4.14e-06  2.45e-02   835s
[2019-04-11 14:23:36] SOLVER   91   4.02913910e+05  1.71258529e+05  1.01e-10 3.47e-06  2.03e-02   843s
[2019-04-11 14:23:42] SOLVER   92   3.98779250e+05  1.78658094e+05  9.74e-11 3.19e-06  1.93e-02   849s
[2019-04-11 14:23:50] SOLVER   93   3.82828259e+05  1.87625324e+05  8.51e-11 2.85e-06  1.71e-02   858s
[2019-04-11 14:24:00] SOLVER   94   3.65660931e+05  1.96656329e+05  7.22e-11 2.54e-06  1.48e-02   868s
[2019-04-11 14:24:08] SOLVER   95   3.55070418e+05  2.04566880e+05  6.41e-11 2.28e-06  1.32e-02   876s
[2019-04-11 14:24:15] SOLVER   96   3.52363694e+05  2.08125332e+05  6.20e-11 2.16e-06  1.26e-02   883s
[2019-04-11 14:24:21] SOLVER   97   3.51337925e+05  2.09822118e+05  6.12e-11 2.10e-06  1.24e-02   889s
[2019-04-11 14:24:30] SOLVER   98   3.46608888e+05  2.12413274e+05  5.73e-11 2.00e-06  1.18e-02   897s
[2019-04-11 14:24:39] SOLVER   99   3.41208290e+05  2.19421590e+05  5.34e-11 1.78e-06  1.07e-02   907s
[2019-04-11 14:24:48] SOLVER   100   3.36953800e+05  2.21740637e+05  5.02e-11 1.70e-06  1.01e-02   915s
[2019-04-11 14:24:54] SOLVER   101   3.35145132e+05  2.24534392e+05  4.88e-11 1.60e-06  9.68e-03   922s
[2019-04-11 14:25:01] SOLVER   102   3.31454763e+05  2.26542645e+05  4.59e-11 1.54e-06  9.19e-03   928s
[2019-04-11 14:25:07] SOLVER   103   3.29440555e+05  2.28191997e+05  4.44e-11 1.48e-06  8.86e-03   935s
[2019-04-11 14:25:15] SOLVER   104   3.24285368e+05  2.30328506e+05  4.05e-11 1.41e-06  8.23e-03   943s
[2019-04-11 14:25:26] SOLVER   105   3.21517599e+05  2.32938814e+05  3.84e-11 1.32e-06  7.75e-03   953s
[2019-04-11 14:25:34] SOLVER   106   3.19175517e+05  2.34162276e+05  3.67e-11 1.28e-06  7.44e-03   961s
[2019-04-11 14:25:41] SOLVER   107   3.18100541e+05  2.35958113e+05  3.58e-11 1.22e-06  7.19e-03   968s
[2019-04-11 14:25:47] SOLVER   108   3.16848306e+05  2.36297869e+05  3.48e-11 1.20e-06  7.05e-03   975s
[2019-04-11 14:25:55] SOLVER   109   3.14030467e+05  2.39441786e+05  3.28e-11 1.10e-06  6.53e-03   983s
[2019-04-11 14:26:02] SOLVER   110   3.13210237e+05  2.40378949e+05  3.21e-11 1.07e-06  6.38e-03   989s
[2019-04-11 14:26:10] SOLVER   111   3.09858754e+05  2.42601754e+05  2.97e-11 9.95e-07  5.89e-03   998s
[2019-04-11 14:26:20] SOLVER   112   3.07828610e+05  2.43967801e+05  3.50e-11 9.50e-07  5.59e-03  1008s
[2019-04-11 14:26:28] SOLVER   113   3.07432587e+05  2.44686167e+05  2.78e-11 9.26e-07  5.49e-03  1016s
[2019-04-11 14:26:35] SOLVER   114   3.06597899e+05  2.45156956e+05  2.85e-11 9.10e-07  5.38e-03  1023s
[2019-04-11 14:26:41] SOLVER   115   3.05410242e+05  2.45586942e+05  2.77e-11 8.95e-07  5.24e-03  1029s
[2019-04-11 14:26:50] SOLVER   116   3.03932163e+05  2.47299771e+05  3.04e-11 8.36e-07  4.96e-03  1038s
[2019-04-11 14:26:56] SOLVER   117   3.03318720e+05  2.48008011e+05  2.74e-11 8.12e-07  4.84e-03  1044s
[2019-04-11 14:27:05] SOLVER   118   3.01994139e+05  2.49121851e+05  2.92e-11 7.75e-07  4.63e-03  1052s
[2019-04-11 14:27:15] SOLVER   119   2.99955246e+05  2.51285411e+05  2.99e-11 7.02e-07  4.26e-03  1062s
[2019-04-11 14:27:23] SOLVER   120   2.98226121e+05  2.52345830e+05  2.58e-11 6.66e-07  4.02e-03  1071s
[2019-04-11 14:27:29] SOLVER   121   2.97470014e+05  2.53255007e+05  2.13e-11 6.35e-07  3.87e-03  1077s
[2019-04-11 14:27:36] SOLVER   122   2.97140745e+05  2.53689120e+05  2.14e-11 6.20e-07  3.80e-03  1084s
[2019-04-11 14:27:44] SOLVER   123   2.96462764e+05  2.54186896e+05  2.21e-11 6.03e-07  3.70e-03  1092s
[2019-04-11 14:27:51] SOLVER   124   2.96006736e+05  2.54817568e+05  2.19e-11 5.82e-07  3.61e-03  1098s
[2019-04-11 14:27:59] SOLVER   125   2.95623007e+05  2.55102740e+05  2.11e-11 5.72e-07  3.55e-03  1107s
[2019-04-11 14:28:09] SOLVER   126   2.94440584e+05  2.55337451e+05  2.46e-11 5.66e-07  3.42e-03  1117s
[2019-04-11 14:28:17] SOLVER   127   2.93416106e+05  2.55747544e+05  2.10e-11 5.56e-07  3.30e-03  1125s
[2019-04-11 14:28:24] SOLVER   128   2.93135841e+05  2.56602708e+05  2.03e-11 5.33e-07  3.20e-03  1131s
[2019-04-11 14:28:30] SOLVER   129   2.92666878e+05  2.57151057e+05  1.91e-11 5.18e-07  3.11e-03  1138s
[2019-04-11 14:28:38] SOLVER   130   2.91886535e+05  2.57693830e+05  1.79e-11 5.03e-07  2.99e-03  1146s
[2019-04-11 14:28:45] SOLVER   131   2.91525351e+05  2.58326158e+05  1.86e-11 4.85e-07  2.91e-03  1153s
[2019-04-11 14:28:53] SOLVER   132   2.90853926e+05  2.58643134e+05  1.96e-11 4.76e-07  2.82e-03  1161s
[2019-04-11 14:29:03] SOLVER   133   2.89832951e+05  2.59504276e+05  2.06e-11 4.52e-07  2.65e-03  1171s
[2019-04-11 14:29:12] SOLVER   134   2.88782218e+05  2.59822752e+05  2.54e-11 4.42e-07  2.53e-03  1180s
[2019-04-11 14:29:18] SOLVER   135   2.88316011e+05  2.60198305e+05  2.48e-11 4.30e-07  2.46e-03  1186s
[2019-04-11 14:29:25] SOLVER   136   2.87883060e+05  2.60584453e+05  2.61e-11 4.18e-07  2.39e-03  1193s
[2019-04-11 14:29:33] SOLVER   137   2.87163880e+05  2.61261938e+05  2.59e-11 3.96e-07  2.27e-03  1201s
[2019-04-11 14:29:43] SOLVER   138   2.86319269e+05  2.62333246e+05  2.76e-11 3.64e-07  2.10e-03  1211s
[2019-04-11 14:29:52] SOLVER   139   2.85362210e+05  2.63025402e+05  2.65e-11 3.42e-07  1.96e-03  1219s
[2019-04-11 14:29:58] SOLVER   140   2.84625210e+05  2.63332194e+05  2.54e-11 3.33e-07  1.86e-03  1226s
[2019-04-11 14:30:05] SOLVER   141   2.84409525e+05  2.63792315e+05  2.56e-11 3.17e-07  1.80e-03  1232s
[2019-04-11 14:30:11] SOLVER   142   2.84146711e+05  2.63898467e+05  2.56e-11 3.14e-07  1.77e-03  1239s
[2019-04-11 14:30:19] SOLVER   143   2.83468680e+05  2.64352485e+05  2.45e-11 2.99e-07  1.67e-03  1247s
[2019-04-11 14:30:29] SOLVER   144   2.83017249e+05  2.64816077e+05  2.38e-11 2.82e-07  1.59e-03  1257s
[2019-04-11 14:30:38] SOLVER   145   2.82793126e+05  2.65375098e+05  2.36e-11 2.63e-07  1.52e-03  1266s
[2019-04-11 14:30:44] SOLVER   146   2.82536695e+05  2.65868955e+05  4.34e-11 2.45e-07  1.46e-03  1272s
[2019-04-11 14:30:51] SOLVER   147   2.81981946e+05  2.66011501e+05  3.85e-11 2.40e-07  1.40e-03  1279s
[2019-04-11 14:30:59] SOLVER   148   2.81595901e+05  2.66190626e+05  3.72e-11 2.33e-07  1.35e-03  1287s
[2019-04-11 14:31:06] SOLVER   149   2.81164510e+05  2.66305844e+05  3.42e-11 2.29e-07  1.30e-03  1293s
[2019-04-11 14:31:14] SOLVER   150   2.80904699e+05  2.66483031e+05  3.50e-11 2.23e-07  1.26e-03  1301s
[2019-04-11 14:31:24] SOLVER   151   2.80568750e+05  2.66900286e+05  4.17e-11 2.09e-07  1.20e-03  1312s
[2019-04-11 14:31:32] SOLVER   152   2.80391945e+05  2.66991058e+05  4.29e-11 2.06e-07  1.17e-03  1320s
[2019-04-11 14:31:39] SOLVER   153   2.80054737e+05  2.67196145e+05  4.90e-11 1.99e-07  1.13e-03  1326s
[2019-04-11 14:31:45] SOLVER   154   2.79844208e+05  2.67289849e+05  6.81e-11 1.95e-07  1.10e-03  1333s
[2019-04-11 14:31:53] SOLVER   155   2.79836165e+05  2.67339742e+05  6.83e-11 1.93e-07  1.09e-03  1341s
[2019-04-11 14:32:00] SOLVER   156   2.79612689e+05  2.67417614e+05  9.18e-11 1.90e-07  1.07e-03  1348s
[2019-04-11 14:32:08] SOLVER   157   2.79508874e+05  2.67533390e+05  9.84e-11 1.86e-07  1.05e-03  1356s
[2019-04-11 14:32:19] SOLVER   158   2.79343083e+05  2.67602753e+05  1.24e-10 1.83e-07  1.03e-03  1366s
[2019-04-11 14:32:27] SOLVER   159   2.79025772e+05  2.67837494e+05  1.64e-10 1.74e-07  9.79e-04  1375s
[2019-04-11 14:32:33] SOLVER   160   2.78931847e+05  2.67986180e+05  1.71e-10 1.69e-07  9.58e-04  1381s
[2019-04-11 14:32:40] SOLVER   161   2.78793024e+05  2.68091028e+05  2.24e-10 1.65e-07  9.37e-04  1388s
[2019-04-11 14:32:48] SOLVER   162   2.78630005e+05  2.68217667e+05  1.99e-10 1.60e-07  9.11e-04  1396s
[2019-04-11 14:32:55] SOLVER   163   2.78503363e+05  2.68285906e+05  1.97e-10 1.57e-07  8.94e-04  1402s
[2019-04-11 14:33:03] SOLVER   164   2.78460113e+05  2.68294806e+05  2.10e-10 1.57e-07  8.90e-04  1410s
[2019-04-11 14:33:13] SOLVER   165   2.78341465e+05  2.68415590e+05  2.66e-10 1.53e-07  8.69e-04  1421s
[2019-04-11 14:33:22] SOLVER   166   2.78242998e+05  2.68537415e+05  2.72e-10 1.48e-07  8.49e-04  1429s
[2019-04-11 14:33:28] SOLVER   167   2.78135904e+05  2.68697735e+05  2.38e-10 1.43e-07  8.26e-04  1436s
[2019-04-11 14:33:34] SOLVER   168   2.77988029e+05  2.68751051e+05  2.77e-10 1.41e-07  8.08e-04  1442s
[2019-04-11 14:33:43] SOLVER   169   2.77770792e+05  2.69103585e+05  2.29e-10 1.29e-07  7.58e-04  1450s
[2019-04-11 14:33:49] SOLVER   170   2.77744852e+05  2.69137672e+05  2.36e-10 1.28e-07  7.53e-04  1457s
[2019-04-11 14:33:58] SOLVER   171   2.77456747e+05  2.69334132e+05  3.56e-10 1.21e-07  7.11e-04  1465s
[2019-04-11 14:34:08] SOLVER   172   2.77301689e+05  2.69408165e+05  4.27e-10 1.19e-07  6.91e-04  1476s
[2019-04-11 14:34:16] SOLVER   173   2.77187245e+05  2.69463898e+05  3.74e-10 1.17e-07  6.76e-04  1484s
[2019-04-11 14:34:23] SOLVER   174   2.77078896e+05  2.69536211e+05  3.08e-10 1.15e-07  6.60e-04  1490s
[2019-04-11 14:34:29] SOLVER   175   2.76971176e+05  2.69631638e+05  3.61e-10 1.11e-07  6.42e-04  1497s
[2019-04-11 14:34:37] SOLVER   176   2.76894416e+05  2.69716110e+05  3.58e-10 1.08e-07  6.28e-04  1505s
[2019-04-11 14:34:44] SOLVER   177   2.76775060e+05  2.69839220e+05  3.33e-10 1.04e-07  6.07e-04  1512s
[2019-04-11 14:34:52] SOLVER   178   2.76561692e+05  2.69924908e+05  4.03e-10 1.01e-07  5.81e-04  1520s
[2019-04-11 14:35:03] SOLVER   179   2.76415314e+05  2.70113182e+05  4.21e-10 9.49e-08  5.52e-04  1530s
[2019-04-11 14:35:11] SOLVER   180   2.76253775e+05  2.70178583e+05  4.87e-10 9.26e-08  5.32e-04  1538s
[2019-04-11 14:35:17] SOLVER   181   2.76098075e+05  2.70254379e+05  5.96e-10 9.01e-08  5.11e-04  1545s
[2019-04-11 14:35:24] SOLVER   182   2.76042307e+05  2.70371152e+05  5.50e-10 8.61e-08  4.96e-04  1551s
[2019-04-11 14:35:32] SOLVER   183   2.75832372e+05  2.70428300e+05  5.05e-10 8.42e-08  4.73e-04  1560s
[2019-04-11 14:35:42] SOLVER   184   2.75677659e+05  2.70573071e+05  5.25e-10 7.93e-08  4.47e-04  1570s
[2019-04-11 14:35:50] SOLVER   185   2.75626702e+05  2.70607669e+05  5.21e-10 7.81e-08  4.39e-04  1578s
[2019-04-11 14:35:57] SOLVER   186   2.75567974e+05  2.70750550e+05  5.47e-10 7.32e-08  4.22e-04  1585s
[2019-04-11 14:36:04] SOLVER   187   2.75521811e+05  2.70798875e+05  5.42e-10 7.15e-08  4.13e-04  1591s
[2019-04-11 14:36:10] SOLVER   188   2.75461730e+05  2.70864815e+05  5.40e-10 6.93e-08  4.02e-04  1598s
[2019-04-11 14:36:18] SOLVER   189   2.75344821e+05  2.70895967e+05  6.20e-10 6.82e-08  3.89e-04  1606s
[2019-04-11 14:36:27] SOLVER   190   2.75277577e+05  2.70929042e+05  5.30e-10 6.69e-08  3.81e-04  1615s
[2019-04-11 14:36:35] SOLVER   191   2.75230445e+05  2.70999319e+05  5.00e-10 6.45e-08  3.70e-04  1622s
[2019-04-11 14:36:42] SOLVER   192   2.75194147e+05  2.71110763e+05  5.34e-10 6.06e-08  3.57e-04  1629s
[2019-04-11 14:36:50] SOLVER   193   2.75156513e+05  2.71126500e+05  5.40e-10 6.01e-08  3.53e-04  1637s
[2019-04-11 14:37:00] SOLVER   194   2.75031907e+05  2.71234338e+05  5.95e-10 5.64e-08  3.32e-04  1648s
[2019-04-11 14:37:08] SOLVER   195   2.74975179e+05  2.71264011e+05  5.72e-10 5.54e-08  3.25e-04  1656s
[2019-04-11 14:37:15] SOLVER   196   2.74962512e+05  2.71284167e+05  5.70e-10 5.47e-08  3.22e-04  1662s
[2019-04-11 14:37:21] SOLVER   197   2.74953422e+05  2.71293245e+05  5.68e-10 5.44e-08  3.20e-04  1669s
[2019-04-11 14:37:30] SOLVER   198   2.74897115e+05  2.71307954e+05  5.54e-10 5.39e-08  3.14e-04  1677s
[2019-04-11 14:37:36] SOLVER   199   2.74859436e+05  2.71335902e+05  5.42e-10 5.29e-08  3.08e-04  1684s
[2019-04-11 14:37:44] SOLVER   200   2.74810939e+05  2.71376637e+05  5.34e-10 5.15e-08  3.01e-04  1692s
[2019-04-11 14:37:55] SOLVER   201   2.74717758e+05  2.71425518e+05  5.11e-10 4.97e-08  2.88e-04  1702s
[2019-04-11 14:38:03] SOLVER   202   2.74675134e+05  2.71463295e+05  5.04e-10 4.84e-08  2.81e-04  1711s
[2019-04-11 14:38:10] SOLVER   203   2.74646371e+05  2.71484351e+05  5.06e-10 4.76e-08  2.77e-04  1717s
[2019-04-11 14:38:16] SOLVER   204   2.74619041e+05  2.71499875e+05  5.04e-10 4.71e-08  2.73e-04  1724s
[2019-04-11 14:38:24] SOLVER   205   2.74575668e+05  2.71538431e+05  5.07e-10 4.57e-08  2.66e-04  1732s
[2019-04-11 14:38:31] SOLVER   206   2.74525734e+05  2.71560238e+05  4.96e-10 4.49e-08  2.60e-04  1738s
[2019-04-11 14:38:39] SOLVER   207   2.74482671e+05  2.71613503e+05  4.65e-10 4.30e-08  2.51e-04  1747s
[2019-04-11 14:38:49] SOLVER   208   2.74414248e+05  2.71648329e+05  6.38e-10 4.17e-08  2.42e-04  1757s
[2019-04-11 14:38:57] SOLVER   209   2.74365718e+05  2.71692465e+05  5.87e-10 4.02e-08  2.34e-04  1765s
[2019-04-11 14:39:04] SOLVER   210   2.74347590e+05  2.71720212e+05  6.02e-10 3.92e-08  2.30e-04  1772s
[2019-04-11 14:39:10] SOLVER   211   2.74306812e+05  2.71772458e+05  7.01e-10 3.74e-08  2.22e-04  1778s
[2019-04-11 14:39:20] SOLVER   212   2.74295022e+05  2.71774893e+05  7.00e-10 3.73e-08  2.21e-04  1788s
[2019-04-11 14:39:27] SOLVER   213   2.74272081e+05  2.71800394e+05  7.14e-10 3.64e-08  2.16e-04  1794s
[2019-04-11 14:39:35] SOLVER   214   2.74216269e+05  2.71833510e+05  9.37e-10 3.52e-08  2.09e-04  1803s
[2019-04-11 14:39:45] SOLVER   215   2.74183731e+05  2.71860843e+05  7.48e-10 3.43e-08  2.03e-04  1813s
[2019-04-11 14:39:53] SOLVER   216   2.74160146e+05  2.71875081e+05  7.08e-10 3.38e-08  2.00e-04  1821s
[2019-04-11 14:40:00] SOLVER   217   2.74120138e+05  2.71889769e+05  7.34e-10 3.33e-08  1.95e-04  1828s
[2019-04-11 14:40:06] SOLVER   218   2.74103309e+05  2.71901660e+05  7.20e-10 3.29e-08  1.93e-04  1834s
[2019-04-11 14:40:15] SOLVER   219   2.74070417e+05  2.71914423e+05  6.17e-10 3.25e-08  1.89e-04  1842s
[2019-04-11 14:40:25] SOLVER   220   2.74047104e+05  2.71957142e+05  6.21e-10 3.11e-08  1.83e-04  1853s
[2019-04-11 14:40:33] SOLVER   221   2.74008181e+05  2.72008632e+05  6.34e-10 2.93e-08  1.75e-04  1861s
[2019-04-11 14:40:40] SOLVER   222   2.73973427e+05  2.72025790e+05  6.00e-10 2.87e-08  1.70e-04  1868s
[2019-04-11 14:40:46] SOLVER   223   2.73959942e+05  2.72040011e+05  6.13e-10 2.82e-08  1.68e-04  1874s
[2019-04-11 14:40:53] SOLVER   224   2.73951290e+05  2.72047327e+05  6.16e-10 2.80e-08  1.67e-04  1881s
[2019-04-11 14:41:01] SOLVER   225   2.73934294e+05  2.72062702e+05  6.08e-10 2.74e-08  1.64e-04  1889s
[2019-04-11 14:41:11] SOLVER   226   2.73888434e+05  2.72069462e+05  6.18e-10 2.72e-08  1.59e-04  1899s
[2019-04-11 14:41:20] SOLVER   227   2.73884756e+05  2.72089516e+05  6.15e-10 2.66e-08  1.57e-04  1907s
[2019-04-11 14:41:26] SOLVER   228   2.73862520e+05  2.72100798e+05  5.99e-10 2.62e-08  1.54e-04  1914s
[2019-04-11 14:41:33] SOLVER   229   2.73835008e+05  2.72109205e+05  5.67e-10 2.59e-08  1.51e-04  1920s
[2019-04-11 14:41:41] SOLVER   230   2.73787576e+05  2.72159513e+05  5.21e-10 2.43e-08  1.42e-04  1929s
[2019-04-11 14:41:47] SOLVER   231   2.73763955e+05  2.72171270e+05  5.10e-10 2.39e-08  1.39e-04  1935s
[2019-04-11 14:41:56] SOLVER   232   2.73727141e+05  2.72216705e+05  5.31e-10 2.24e-08  1.32e-04  1943s
[2019-04-11 14:42:06] SOLVER   233   2.73695947e+05  2.72253160e+05  4.98e-10 2.12e-08  1.26e-04  1954s
[2019-04-11 14:42:14] SOLVER   234   2.73669930e+05  2.72273140e+05  7.67e-10 2.05e-08  1.22e-04  1962s
[2019-04-11 14:42:21] SOLVER   235   2.73647996e+05  2.72296280e+05  7.82e-10 1.98e-08  1.18e-04  1969s
[2019-04-11 14:42:28] SOLVER   236   2.73629066e+05  2.72322808e+05  7.09e-10 1.90e-08  1.14e-04  1976s
[2019-04-11 14:42:37] SOLVER   237   2.73596679e+05  2.72353770e+05  6.10e-10 1.80e-08  1.09e-04  1984s
[2019-04-11 14:42:47] SOLVER   238   2.73566024e+05  2.72381182e+05  7.47e-10 1.72e-08  1.04e-04  1995s
[2019-04-11 14:42:55] SOLVER   239   2.73538108e+05  2.72421328e+05  9.88e-10 1.59e-08  9.77e-05  2003s
[2019-04-11 14:43:02] SOLVER   240   2.73521580e+05  2.72440599e+05  9.27e-10 1.53e-08  9.46e-05  2009s
[2019-04-11 14:43:08] SOLVER   241   2.73504379e+05  2.72457388e+05  1.01e-09 1.48e-08  9.16e-05  2016s
[2019-04-11 14:43:16] SOLVER   242   2.73501231e+05  2.72462386e+05  9.93e-10 1.46e-08  9.09e-05  2024s
[2019-04-11 14:43:24] SOLVER   243   2.73484470e+05  2.72477646e+05  9.82e-10 1.42e-08  8.81e-05  2032s
[2019-04-11 14:43:36] SOLVER   244   2.73445633e+05  2.72492692e+05  2.08e-09 1.37e-08  8.34e-05  2043s
[2019-04-11 14:43:44] SOLVER   245   2.73435971e+05  2.72508972e+05  2.33e-09 1.32e-08  8.11e-05  2052s
[2019-04-11 14:43:50] SOLVER   246   2.73427545e+05  2.72514492e+05  2.51e-09 1.30e-08  7.99e-05  2058s
[2019-04-11 14:43:57] SOLVER   247   2.73412208e+05  2.72523402e+05  2.38e-09 1.27e-08  7.78e-05  2065s
[2019-04-11 14:44:05] SOLVER   248   2.73396427e+05  2.72535946e+05  2.54e-09 1.23e-08  7.53e-05  2073s
[2019-04-11 14:44:16] SOLVER   249   2.73392414e+05  2.72540095e+05  2.58e-09 1.22e-08  7.46e-05  2083s
[2019-04-11 14:44:24] SOLVER   250   2.73379241e+05  2.72542277e+05  2.43e-09 1.21e-08  7.32e-05  2092s
[2019-04-11 14:44:30] SOLVER   251   2.73370177e+05  2.72549151e+05  2.06e-09 1.19e-08  7.19e-05  2098s
[2019-04-11 14:44:37] SOLVER   252   2.73355498e+05  2.72557503e+05  1.58e-09 1.16e-08  6.98e-05  2105s
[2019-04-11 14:44:45] SOLVER   253   2.73347914e+05  2.72560894e+05  1.77e-09 1.15e-08  6.89e-05  2112s
[2019-04-11 14:44:53] SOLVER   254   2.73336298e+05  2.72571819e+05  2.49e-09 1.11e-08  6.69e-05  2121s
[2019-04-11 14:45:03] SOLVER   255   2.73326388e+05  2.72580554e+05  2.60e-09 1.09e-08  6.53e-05  2131s
[2019-04-11 14:45:12] SOLVER   256   2.73315416e+05  2.72598080e+05  3.30e-09 1.03e-08  6.28e-05  2140s
[2019-04-11 14:45:19] SOLVER   257   2.73312653e+05  2.72601368e+05  3.44e-09 1.02e-08  6.22e-05  2147s
[2019-04-11 14:45:26] SOLVER   258   2.73298878e+05  2.72610641e+05  4.31e-09 9.90e-09  6.02e-05  2153s
[2019-04-11 14:45:34] SOLVER   259   2.73289190e+05  2.72619733e+05  4.08e-09 9.60e-09  5.86e-05  2162s
[2019-04-11 14:45:44] SOLVER   260   2.73279149e+05  2.72636831e+05  3.39e-09 9.02e-09  5.62e-05  2172s
[2019-04-11 14:45:53] SOLVER   261   2.73263533e+05  2.72644180e+05  2.45e-09 8.78e-09  5.42e-05  2181s
[2019-04-11 14:46:01] SOLVER   262   2.73259632e+05  2.72648195e+05  2.60e-09 8.64e-09  5.35e-05  2189s
[2019-04-11 14:46:09] SOLVER   263   2.73253377e+05  2.72651510e+05  2.57e-09 8.53e-09  5.27e-05  2197s
[2019-04-11 14:46:17] SOLVER   264   2.73239926e+05  2.72663812e+05  2.32e-09 8.10e-09  5.04e-05  2205s
[2019-04-11 14:46:29] SOLVER   265   2.73228168e+05  2.72673644e+05  2.37e-09 7.75e-09  4.85e-05  2216s
[2019-04-11 14:46:38] SOLVER   266   2.73208562e+05  2.72683962e+05  2.42e-09 7.41e-09  4.59e-05  2226s
[2019-04-11 14:46:45] SOLVER   267   2.73205455e+05  2.72688532e+05  2.65e-09 7.26e-09  4.52e-05  2232s
[2019-04-11 14:46:52] SOLVER   268   2.73204201e+05  2.72688854e+05  2.63e-09 7.25e-09  4.51e-05  2240s
[2019-04-11 14:47:02] SOLVER   269   2.73199377e+05  2.72694831e+05  2.80e-09 7.04e-09  4.42e-05  2250s
[2019-04-11 14:47:13] SOLVER   270   2.73186767e+05  2.72698077e+05  3.50e-09 6.92e-09  4.28e-05  2261s
[2019-04-11 14:47:21] SOLVER   271   2.73180824e+05  2.72702755e+05  3.32e-09 6.76e-09  4.18e-05  2269s
[2019-04-11 14:47:29] SOLVER   272   2.73173987e+05  2.72705767e+05  3.62e-09 6.65e-09  4.10e-05  2277s
[2019-04-11 14:47:36] SOLVER   273   2.73168146e+05  2.72707420e+05  3.84e-09 6.59e-09  4.03e-05  2283s
[2019-04-11 14:47:45] SOLVER   274   2.73153922e+05  2.72710568e+05  3.62e-09 6.48e-09  3.88e-05  2293s
[2019-04-11 14:47:54] SOLVER   275   2.73150995e+05  2.72712987e+05  3.89e-09 6.39e-09  3.83e-05  2301s
[2019-04-11 14:48:02] SOLVER   276   2.73143680e+05  2.72719221e+05  5.00e-09 6.15e-09  3.71e-05  2310s
[2019-04-11 14:48:10] SOLVER   277   2.73142548e+05  2.72724979e+05  4.94e-09 5.93e-09  3.65e-05  2317s
[2019-04-11 14:48:18] SOLVER   278   2.73131080e+05  2.72729985e+05  6.35e-09 5.75e-09  3.51e-05  2325s
[2019-04-11 14:48:29] SOLVER   279   2.73126154e+05  2.72732223e+05  6.58e-09 5.66e-09  3.45e-05  2337s
[2019-04-11 14:48:39] SOLVER   280   2.73121785e+05  2.72734027e+05  6.83e-09 5.59e-09  3.39e-05  2347s
[2019-04-11 14:48:45] SOLVER   281   2.73117408e+05  2.72738251e+05  6.83e-09 5.43e-09  3.32e-05  2353s
[2019-04-11 14:48:53] SOLVER   282   2.73113863e+05  2.72740147e+05  6.62e-09 5.36e-09  3.27e-05  2361s
[2019-04-11 14:49:02] SOLVER   283   2.73108976e+05  2.72740804e+05  6.55e-09 5.34e-09  3.22e-05  2370s
[2019-04-11 14:49:12] SOLVER   284   2.73101425e+05  2.72748504e+05  6.14e-09 5.05e-09  3.09e-05  2380s
[2019-04-11 14:49:22] SOLVER   285   2.73095118e+05  2.72751658e+05  6.43e-09 4.94e-09  3.01e-05  2390s
[2019-04-11 14:49:29] SOLVER   286   2.73093491e+05  2.72752365e+05  6.52e-09 4.91e-09  2.99e-05  2397s
[2019-04-11 14:49:37] SOLVER   287   2.73089087e+05  2.72754508e+05  6.08e-09 4.84e-09  2.93e-05  2405s
[2019-04-11 14:49:47] SOLVER   288   2.73083943e+05  2.72760284e+05  3.93e-09 4.64e-09  2.83e-05  2415s
[2019-04-11 14:49:58] SOLVER   289   2.73074256e+05  2.72765674e+05  5.28e-09 4.45e-09  2.70e-05  2426s
[2019-04-11 14:50:06] SOLVER   290   2.73068328e+05  2.72770800e+05  4.44e-09 4.28e-09  2.60e-05  2434s
[2019-04-11 14:50:13] SOLVER   291   2.73065707e+05  2.72771975e+05  3.65e-09 4.24e-09  2.57e-05  2441s
[2019-04-11 14:50:21] SOLVER   292   2.73064015e+05  2.72774724e+05  3.54e-09 4.14e-09  2.53e-05  2448s
[2019-04-11 14:50:30] SOLVER   293   2.73059211e+05  2.72780425e+05  3.71e-09 3.95e-09  2.44e-05  2458s
[2019-04-11 14:50:40] SOLVER   294   2.73053763e+05  2.72786003e+05  4.44e-09 3.76e-09  2.34e-05  2468s
[2019-04-11 14:50:49] SOLVER   295   2.73050549e+05  2.72788475e+05  4.60e-09 3.68e-09  2.29e-05  2476s
[2019-04-11 14:50:55] SOLVER   296   2.73048805e+05  2.72791149e+05  4.55e-09 3.59e-09  2.25e-05  2483s
[2019-04-11 14:51:02] SOLVER   297   2.73048070e+05  2.72793719e+05  4.63e-09 3.50e-09  2.23e-05  2489s
[2019-04-11 14:51:12] SOLVER   298   2.73047128e+05  2.72795613e+05  4.66e-09 3.44e-09  2.20e-05  2500s
[2019-04-11 14:51:20] SOLVER   299   2.73043456e+05  2.72796745e+05  4.86e-09 3.40e-09  2.16e-05  2507s
[2019-04-11 14:51:29] SOLVER   300   2.73039999e+05  2.72799281e+05  4.48e-09 3.31e-09  2.11e-05  2517s
[2019-04-11 14:51:40] SOLVER   301   2.73033715e+05  2.72803149e+05  4.26e-09 3.18e-09  2.02e-05  2527s
[2019-04-11 14:51:49] SOLVER   302   2.73026627e+05  2.72805343e+05  5.64e-09 3.11e-09  1.94e-05  2536s
[2019-04-11 14:51:57] SOLVER   303   2.73024473e+05  2.72806269e+05  4.44e-09 3.08e-09  1.91e-05  2544s
[2019-04-11 14:52:04] SOLVER   304   2.73023167e+05  2.72807631e+05  4.39e-09 3.03e-09  1.89e-05  2552s
[2019-04-11 14:52:14] SOLVER   305   2.73017452e+05  2.72813209e+05  6.07e-09 2.82e-09  1.79e-05  2561s
[2019-04-11 14:52:25] SOLVER   306   2.73013934e+05  2.72815227e+05  5.35e-09 2.75e-09  1.74e-05  2573s
[2019-04-11 14:52:35] SOLVER   307   2.73011918e+05  2.72815974e+05  5.69e-09 2.72e-09  1.71e-05  2583s
[2019-04-11 14:52:42] SOLVER   308   2.73010497e+05  2.72819046e+05  6.05e-09 2.60e-09  1.68e-05  2590s
[2019-04-11 14:52:49] SOLVER   309   2.73005614e+05  2.72821101e+05  5.51e-09 2.56e-09  1.61e-05  2597s
[2019-04-11 14:52:58] SOLVER   310   2.73002122e+05  2.72824977e+05  4.88e-09 2.39e-09  1.55e-05  2606s
[2019-04-11 14:53:09] SOLVER   311   2.72997771e+05  2.72829332e+05  5.66e-09 2.24e-09  1.47e-05  2616s
[2019-04-11 14:53:18] SOLVER   312   2.72993794e+05  2.72831465e+05  4.76e-09 2.56e-09  1.42e-05  2626s
[2019-04-11 14:53:25] SOLVER   313   2.72990978e+05  2.72833772e+05  4.56e-09 3.52e-09  1.38e-05  2632s
[2019-04-11 14:53:31] SOLVER   314   2.72988825e+05  2.72835427e+05  4.65e-09 3.08e-09  1.34e-05  2639s
[2019-04-11 14:53:40] SOLVER   315   2.72984086e+05  2.72837819e+05  4.47e-09 3.40e-09  1.28e-05  2648s
[2019-04-11 14:53:51] SOLVER   316   2.72980704e+05  2.72840784e+05  4.04e-09 3.67e-09  1.22e-05  2659s
[2019-04-11 14:53:59] SOLVER   317   2.72978330e+05  2.72842948e+05  3.85e-09 3.69e-09  1.18e-05  2667s
[2019-04-11 14:54:06] SOLVER   318   2.72977619e+05  2.72844272e+05  3.73e-09 3.71e-09  1.17e-05  2673s
[2019-04-11 14:54:15] SOLVER   319   2.72976134e+05  2.72845208e+05  3.67e-09 3.64e-09  1.15e-05  2682s
[2019-04-11 14:54:26] SOLVER   320   2.72975571e+05  2.72845309e+05  3.64e-09 3.63e-09  1.14e-05  2694s
[2019-04-11 14:54:35] SOLVER   321   2.72973610e+05  2.72846000e+05  3.56e-09 3.58e-09  1.12e-05  2703s
[2019-04-11 14:54:46] SOLVER   322   2.72972791e+05  2.72847853e+05  3.52e-09 1.56e-09  1.09e-05  2714s
[2019-04-11 14:54:58] SOLVER   323   2.72969302e+05  2.72849848e+05  3.99e-09 1.48e-09  1.05e-05  2725s
[2019-04-11 14:55:07] SOLVER   324   2.72966603e+05  2.72851386e+05  4.00e-09 1.43e-09  1.01e-05  2734s
[2019-04-11 14:55:15] SOLVER   325   2.72964867e+05  2.72851645e+05  4.72e-09 1.41e-09  9.91e-06  2742s
[2019-04-11 14:55:24] SOLVER   326   2.72963409e+05  2.72853263e+05  4.69e-09 1.36e-09  9.64e-06  2752s
[2019-04-11 14:55:35] SOLVER   327   2.72960707e+05  2.72854643e+05  3.45e-09 1.32e-09  9.28e-06  2763s
[2019-04-11 14:55:47] SOLVER   328   2.72959743e+05  2.72856872e+05  3.40e-09 1.25e-09  9.00e-06  2775s
[2019-04-11 14:55:55] SOLVER   329   2.72957616e+05  2.72858309e+05  3.33e-09 1.20e-09  8.69e-06  2783s
[2019-04-11 14:56:03] SOLVER   330   2.72957108e+05  2.72859627e+05  3.29e-09 1.16e-09  8.53e-06  2790s
[2019-04-11 14:56:11] SOLVER   331   2.72955387e+05  2.72860184e+05  3.86e-09 1.14e-09  8.33e-06  2798s
[2019-04-11 14:56:22] SOLVER   332   2.72954752e+05  2.72861119e+05  3.82e-09 1.11e-09  8.19e-06  2810s
[2019-04-11 14:56:35] SOLVER   333   2.72950926e+05  2.72862857e+05  3.55e-09 1.06e-09  7.71e-06  2823s
[2019-04-11 14:56:45] SOLVER   334   2.72948691e+05  2.72864613e+05  3.40e-09 1.00e-09  7.36e-06  2833s
[2019-04-11 14:56:54] SOLVER   335   2.72946519e+05  2.72865664e+05  3.26e-09 9.71e-10  7.08e-06  2842s
[2019-04-11 14:57:06] SOLVER   336   2.72944461e+05  2.72865978e+05  3.13e-09 9.59e-10  6.87e-06  2854s
[2019-04-11 14:57:15] SOLVER   337   2.72944118e+05  2.72867580e+05  3.10e-09 9.08e-10  6.70e-06  2863s
[2019-04-11 14:57:27] SOLVER   338   2.72941493e+05  2.72868632e+05  2.94e-09 8.74e-10  6.38e-06  2874s
[2019-04-11 14:57:42] SOLVER   339   2.72939225e+05  2.72870109e+05  2.80e-09 8.28e-10  6.05e-06  2889s
[2019-04-11 14:57:52] SOLVER   340   2.72937039e+05  2.72870511e+05  2.68e-09 8.15e-10  5.82e-06  2900s
[2019-04-11 14:58:02] SOLVER   341   2.72936145e+05  2.72871176e+05  2.62e-09 7.94e-10  5.69e-06  2909s
[2019-04-11 14:58:10] SOLVER   342   2.72935688e+05  2.72871949e+05  2.59e-09 7.69e-10  5.58e-06  2918s
[2019-04-11 14:58:19] SOLVER   343   2.72934951e+05  2.72872516e+05  2.55e-09 7.51e-10  5.46e-06  2927s
[2019-04-11 14:58:30] SOLVER   344   2.72933080e+05  2.72873721e+05  2.42e-09 7.14e-10  5.19e-06  2938s
[2019-04-11 14:58:41] SOLVER   345   2.72932448e+05  2.72874241e+05  2.38e-09 6.98e-10  5.09e-06  2948s
[2019-04-11 14:58:56] SOLVER   346   2.72929843e+05  2.72876770e+05  2.24e-09 6.18e-10  4.64e-06  2963s
[2019-04-11 14:59:11] SOLVER   347   2.72927616e+05  2.72877837e+05  2.10e-09 5.84e-10  4.36e-06  2978s
[2019-04-11 14:59:22] SOLVER   348   2.72926351e+05  2.72878904e+05  2.02e-09 5.49e-10  4.15e-06  2990s
[2019-04-11 14:59:31] SOLVER   349   2.72925510e+05  2.72879320e+05  1.96e-09 5.35e-10  4.04e-06  2999s
[2019-04-11 14:59:40] SOLVER   350   2.72924177e+05  2.72879781e+05  1.88e-09 5.20e-10  3.89e-06  3008s
[2019-04-11 14:59:49] SOLVER   351   2.72923194e+05  2.72880289e+05  1.81e-09 5.03e-10  3.75e-06  3017s
[2019-04-11 14:59:58] SOLVER   352   2.72921822e+05  2.72880702e+05  1.72e-09 4.90e-10  3.60e-06  3025s
[2019-04-11 15:00:07] SOLVER   353   2.72921502e+05  2.72880825e+05  1.70e-09 4.86e-10  3.56e-06  3034s
[2019-04-11 15:00:18] SOLVER   354   2.72920037e+05  2.72881242e+05  1.61e-09 4.72e-10  3.40e-06  3046s
[2019-04-11 15:00:27] SOLVER   355   2.72919579e+05  2.72881577e+05  1.58e-09 4.61e-10  3.33e-06  3055s
[2019-04-11 15:00:39] SOLVER   356   2.72918537e+05  2.72882252e+05  1.51e-09 4.39e-10  3.18e-06  3067s
[2019-04-11 15:00:54] SOLVER   357   2.72916886e+05  2.72882955e+05  1.40e-09 4.16e-10  2.97e-06  3082s
[2019-04-11 15:01:06] SOLVER   358   2.72916565e+05  2.72883290e+05  1.38e-09 4.05e-10  2.91e-06  3094s
[2019-04-11 15:01:15] SOLVER   359   2.72915904e+05  2.72883717e+05  1.34e-09 3.91e-10  2.82e-06  3103s
[2019-04-11 15:01:24] SOLVER   360   2.72915235e+05  2.72884381e+05  1.29e-09 3.70e-10  2.70e-06  3112s
[2019-04-11 15:01:33] SOLVER   361   2.72914670e+05  2.72884760e+05  1.25e-09 3.58e-10  2.62e-06  3121s
[2019-04-11 15:01:45] SOLVER   362   2.72913224e+05  2.72885421e+05  1.16e-09 3.36e-10  2.43e-06  3133s
[2019-04-11 15:02:00] SOLVER   363   2.72912260e+05  2.72885720e+05  1.10e-09 3.26e-10  2.32e-06  3147s
[2019-04-11 15:02:12] SOLVER   364   2.72911985e+05  2.72886036e+05  1.08e-09 3.15e-10  2.27e-06  3159s
[2019-04-11 15:02:20] SOLVER   365   2.72911331e+05  2.72886355e+05  1.04e-09 3.05e-10  2.19e-06  3168s
[2019-04-11 15:02:29] SOLVER   366   2.72910795e+05  2.72886996e+05  1.00e-09 2.84e-10  2.08e-06  3177s
[2019-04-11 15:02:38] SOLVER   367   2.72910263e+05  2.72887384e+05  9.65e-10 2.72e-10  2.00e-06  3186s
[2019-04-11 15:02:49] SOLVER   368   2.72909500e+05  2.72888073e+05  8.77e-10 2.48e-10  1.88e-06  3196s
[2019-04-11 15:03:03] SOLVER   369   2.72909178e+05  2.72888511e+05  8.57e-10 2.34e-10  1.81e-06  3211s
[2019-04-11 15:03:15] SOLVER   370   2.72908838e+05  2.72888695e+05  8.37e-10 2.28e-10  1.76e-06  3223s
[2019-04-11 15:03:25] SOLVER   371   2.72908256e+05  2.72889010e+05  8.00e-10 2.17e-10  1.68e-06  3232s
[2019-04-11 15:03:33] SOLVER   372   2.72908161e+05  2.72889128e+05  7.94e-10 2.14e-10  1.67e-06  3241s
[2019-04-11 15:03:42] SOLVER   373   2.72907436e+05  2.72889384e+05  7.48e-10 2.05e-10  1.58e-06  3250s
[2019-04-11 15:03:54] SOLVER   374   2.72906720e+05  2.72889890e+05  7.03e-10 1.89e-10  1.47e-06  3262s
[2019-04-11 15:04:09] SOLVER   375   2.72906371e+05  2.72890123e+05  6.82e-10 1.82e-10  1.42e-06  3277s
[2019-04-11 15:04:21] SOLVER   376   2.72906224e+05  2.72890408e+05  6.72e-10 1.72e-10  1.38e-06  3289s
[2019-04-11 15:04:30] SOLVER   377   2.72905706e+05  2.72890515e+05  6.39e-10 1.69e-10  1.33e-06  3297s
[2019-04-11 15:04:39] SOLVER   378   2.72905663e+05  2.72890585e+05  6.37e-10 1.66e-10  1.32e-06  3306s
[2019-04-11 15:04:48] SOLVER   379   2.72905585e+05  2.72890673e+05  6.32e-10 1.64e-10  1.31e-06  3316s
[2019-04-11 15:05:00] SOLVER   380   2.72905208e+05  2.72890879e+05  6.09e-10 1.57e-10  1.25e-06  3327s
[2019-04-11 15:05:15] SOLVER   381   2.72904919e+05  2.72891139e+05  5.91e-10 1.48e-10  1.21e-06  3342s
[2019-04-11 15:05:26] SOLVER   382   2.72904710e+05  2.72891247e+05  5.78e-10 1.44e-10  1.18e-06  3354s
[2019-04-11 15:05:35] SOLVER   383   2.72904524e+05  2.72891326e+05  5.67e-10 1.42e-10  1.15e-06  3363s
[2019-04-11 15:05:44] SOLVER   384   2.72904321e+05  2.72891394e+05  5.54e-10 1.40e-10  1.13e-06  3372s
[2019-04-11 15:05:53] SOLVER   385   2.72904107e+05  2.72891543e+05  5.40e-10 1.35e-10  1.10e-06  3380s
[2019-04-11 15:06:05] SOLVER   386   2.72903744e+05  2.72891723e+05  5.19e-10 1.28e-10  1.05e-06  3392s
[2019-04-11 15:06:14] SOLVER   387   2.72903504e+05  2.72891823e+05  5.04e-10 1.25e-10  1.02e-06  3401s
[2019-04-11 15:06:25] SOLVER   388   2.72903183e+05  2.72891951e+05  4.84e-10 1.21e-10  9.83e-07  3413s
[2019-04-11 15:06:37] SOLVER   389   2.72903069e+05  2.72892045e+05  4.77e-10 1.18e-10  9.65e-07  3425s
[2019-04-11 15:06:49] SOLVER   390   2.72902904e+05  2.72892221e+05  4.66e-10 1.12e-10  9.35e-07  3437s
[2019-04-11 15:06:58] SOLVER   391   2.72902750e+05  2.72892386e+05  4.56e-10 1.06e-10  9.07e-07  3446s
[2019-04-11 15:07:10] SOLVER   392   2.72902504e+05  2.72892480e+05  4.41e-10 1.03e-10  8.77e-07  3458s
[2019-04-11 15:07:19] SOLVER   393   2.72902314e+05  2.72892565e+05  4.29e-10 1.00e-10  8.53e-07  3466s
[2019-04-11 15:07:30] SOLVER   394   2.72902090e+05  2.72892627e+05  4.15e-10 9.80e-11  8.28e-07  3478s
[2019-04-11 15:07:45] SOLVER   395   2.72901821e+05  2.72892752e+05  3.98e-10 9.38e-11  7.94e-07  3493s
[2019-04-11 15:07:57] SOLVER   396   2.72901314e+05  2.72892897e+05  3.67e-10 8.89e-11  7.37e-07  3505s
[2019-04-11 15:08:06] SOLVER   397   2.72901166e+05  2.72892993e+05  3.57e-10 8.56e-11  7.15e-07  3514s
[2019-04-11 15:08:15] SOLVER   398   2.72901019e+05  2.72893043e+05  3.48e-10 8.39e-11  6.98e-07  3523s
[2019-04-11 15:08:24] SOLVER   399   2.72900887e+05  2.72893135e+05  3.40e-10 8.08e-11  6.78e-07  3532s
[2019-04-11 15:08:36] SOLVER   400   2.72900657e+05  2.72893267e+05  3.26e-10 7.63e-11  6.47e-07  3544s
[2019-04-11 15:08:45] SOLVER   401   2.72900496e+05  2.72893318e+05  3.15e-10 7.43e-11  6.28e-07  3553s
[2019-04-11 15:08:56] SOLVER   402   2.72900332e+05  2.72893395e+05  3.05e-10 7.17e-11  6.07e-07  3564s
[2019-04-11 15:09:11] SOLVER   403   2.72899963e+05  2.72893541e+05  2.84e-10 6.67e-11  5.62e-07  3579s
[2019-04-11 15:09:23] SOLVER   404   2.72899932e+05  2.72893632e+05  2.82e-10 6.36e-11  5.51e-07  3591s
[2019-04-11 15:09:32] SOLVER   405   2.72899842e+05  2.72893720e+05  2.76e-10 6.06e-11  5.36e-07  3600s
[2019-04-11 15:09:41] SOLVER   406   2.72899759e+05  2.72893751e+05  2.71e-10 5.95e-11  5.26e-07  3609s
[2019-04-11 15:09:50] SOLVER   407   2.72899681e+05  2.72893794e+05  2.66e-10 5.81e-11  5.15e-07  3617s
[2019-04-11 15:10:01] SOLVER   408   2.72899566e+05  2.72893814e+05  2.59e-10 5.74e-11  5.03e-07  3629s
[2019-04-11 15:10:16] SOLVER   409   2.72899434e+05  2.72893873e+05  2.50e-10 5.54e-11  4.87e-07  3644s
[2019-04-11 15:10:28] SOLVER   410   2.72899348e+05  2.72894030e+05  2.45e-10 5.02e-11  4.65e-07  3656s
[2019-04-11 15:10:37] SOLVER   411   2.72899159e+05  2.72894067e+05  2.33e-10 4.90e-11  4.46e-07  3665s
[2019-04-11 15:10:46] SOLVER   412   2.72899065e+05  2.72894143e+05  2.27e-10 4.64e-11  4.31e-07  3674s
[2019-04-11 15:10:55] SOLVER   413   2.72898945e+05  2.72894159e+05  2.19e-10 4.59e-11  4.19e-07  3683s
[2019-04-11 15:11:07] SOLVER   414   2.72898737e+05  2.72894232e+05  2.06e-10 4.35e-11  3.94e-07  3694s
[2019-04-11 15:11:15] SOLVER   415   2.72898654e+05  2.72894293e+05  2.01e-10 4.15e-11  3.82e-07  3703s
[2019-04-11 15:11:27] SOLVER   416   2.72898554e+05  2.72894306e+05  1.94e-10 4.11e-11  3.72e-07  3715s
[2019-04-11 15:11:39] SOLVER   417   2.72898493e+05  2.72894319e+05  1.90e-10 4.07e-11  3.65e-07  3727s
[2019-04-11 15:11:51] SOLVER   418   2.72898426e+05  2.72894375e+05  1.86e-10 3.88e-11  3.55e-07  3739s
[2019-04-11 15:12:00] SOLVER   419   2.72898379e+05  2.72894400e+05  1.83e-10 3.80e-11  3.48e-07  3748s
[2019-04-11 15:12:12] SOLVER   420   2.72898316e+05  2.72894446e+05  1.79e-10 3.64e-11  3.39e-07  3759s
[2019-04-11 15:12:21] SOLVER   421   2.72898249e+05  2.72894467e+05  1.75e-10 3.57e-11  3.31e-07  3768s
[2019-04-11 15:12:32] SOLVER   422   2.72898154e+05  2.72894518e+05  1.69e-10 3.40e-11  3.18e-07  3780s
[2019-04-11 15:12:47] SOLVER   423   2.72898040e+05  2.72894558e+05  1.62e-10 3.27e-11  3.05e-07  3795s
[2019-04-11 15:13:02] SOLVER   424   2.72897865e+05  2.72894618e+05  1.51e-10 1.65e-10  2.84e-07  3810s
[2019-04-11 15:13:11] SOLVER   425   2.72897767e+05  2.72894665e+05  1.45e-10 1.57e-10  2.71e-07  3819s
[2019-04-11 15:13:20] SOLVER   426   2.72897723e+05  2.72894694e+05  1.42e-10 1.50e-10  2.65e-07  3828s
[2019-04-11 15:13:29] SOLVER   427   2.72897677e+05  2.72894720e+05  1.39e-10 1.44e-10  2.59e-07  3837s
[2019-04-11 15:13:41] SOLVER   428   2.72897581e+05  2.72894790e+05  1.33e-10 1.33e-10  2.44e-07  3849s
[2019-04-11 15:13:49] SOLVER   429   2.72897525e+05  2.72894808e+05  1.30e-10 1.27e-10  2.38e-07  3857s
[2019-04-11 15:14:01] SOLVER   430   2.72897484e+05  2.72894840e+05  1.27e-10 1.32e-10  2.31e-07  3869s
[2019-04-11 15:14:16] SOLVER   431   2.72897387e+05  2.72894879e+05  1.21e-10 1.16e-10  2.19e-07  3884s
[2019-04-11 15:14:28] SOLVER   432   2.72897332e+05  2.72894904e+05  1.17e-10 1.20e-10  2.12e-07  3896s
[2019-04-11 15:14:43] SOLVER   433   2.72897299e+05  2.72894917e+05  1.15e-10 1.16e-10  2.08e-07  3910s
[2019-04-11 15:14:54] SOLVER   434   2.72897244e+05  2.72894931e+05  1.11e-10 1.24e-10  2.02e-07  3922s
[2019-04-11 15:15:06] SOLVER   435   2.72897147e+05  2.72894961e+05  1.05e-10 9.20e-11  1.91e-07  3934s
[2019-04-11 15:15:21] SOLVER   436   2.72897050e+05  2.72895023e+05  9.96e-11 9.32e-11  1.77e-07  3949s
[2019-04-11 15:15:33] SOLVER   437   2.72897050e+05  2.72895006e+05  1.87e-10 2.91e-05  1.77e-07  3961s
[2019-04-11 15:15:45] SOLVER   438   2.72897025e+05  2.72895026e+05  1.84e-10 2.79e-05  1.73e-07  3973s
[2019-04-11 15:15:52] SOLVER   439   2.72896981e+05  2.72895051e+05  3.26e-09 2.70e-05  1.68e-07  3979s
[2019-04-11 15:15:58] SOLVER   440   2.72896926e+05  2.72895063e+05  7.20e-09 2.63e-05  1.62e-07  3986s
[2019-04-11 15:16:06] SOLVER   441   2.72896879e+05  2.72895097e+05  2.70e-09 2.44e-05  1.55e-07  3994s
[2019-04-11 15:16:15] SOLVER   442   2.72896855e+05  2.72895125e+05  2.65e-09 2.28e-05  1.51e-07  4003s
[2019-04-11 15:16:23] SOLVER   443   2.72896789e+05  2.72895141e+05  9.00e-09 2.18e-05  1.44e-07  4011s
[2019-04-11 15:16:33] SOLVER   444   2.72896685e+05  2.72895187e+05  1.05e-08 1.92e-05  1.31e-07  4021s
[2019-04-11 15:16:42] SOLVER   445   2.72896651e+05  2.72895197e+05  1.23e-08 1.87e-05  1.27e-07  4030s
[2019-04-11 15:16:48] SOLVER   446   2.72896611e+05  2.72895207e+05  1.08e-08 1.81e-05  1.22e-07  4036s
[2019-04-11 15:16:55] SOLVER   447   2.72896606e+05  2.72895222e+05  1.05e-08 1.72e-05  1.21e-07  4043s
[2019-04-11 15:17:04] SOLVER   448   2.72896574e+05  2.72895247e+05  8.67e-09 1.58e-05  1.16e-07  4052s
[2019-04-11 15:17:16] SOLVER   449   2.72896529e+05  2.72895262e+05  8.30e-09 1.49e-05  1.10e-07  4064s
[2019-04-11 15:17:26] SOLVER   450   2.72896402e+05  2.72895276e+05  7.08e-09 1.41e-05  9.81e-08  4073s
[2019-04-11 15:17:32] SOLVER   451   2.72896358e+05  2.72895286e+05  1.48e-08 1.36e-05  9.35e-08  4080s
[2019-04-11 15:17:43] SOLVER   452   2.72896293e+05  2.72895295e+05  2.01e-08 1.30e-05  8.71e-08  4090s
[2019-04-11 15:17:55] SOLVER   453   2.72896233e+05  2.72895336e+05  2.88e-08 3.72e-05  8.03e-08  4102s
[2019-04-11 15:18:03] SOLVER   454   2.72896185e+05  2.72895352e+05  2.84e-08 3.41e-05  7.45e-08  4110s
[2019-04-11 15:18:09] SOLVER   455   2.72896161e+05  2.72895365e+05  3.22e-08 3.16e-05  7.12e-08  4117s
[2019-04-11 15:18:18] SOLVER   456   2.72896120e+05  2.72895378e+05  3.15e-08 2.91e-05  6.63e-08  4126s
[2019-04-11 15:18:45] SOLVER   457   2.72896078e+05  2.72895397e+05  2.93e-08 2.36e-05  6.07e-08  4152s
[2019-04-11 15:18:56] SOLVER   458   2.72896033e+05  2.72895414e+05  2.81e-08 1.98e-05  5.51e-08  4164s
[2019-04-11 15:19:07] SOLVER   459   2.72896014e+05  2.72895417e+05  2.71e-08 1.93e-05  5.32e-08  4175s
[2019-04-11 15:19:14] SOLVER   460   2.72895999e+05  2.72895421e+05  2.60e-08 1.86e-05  5.15e-08  4182s
[2019-04-11 15:19:22] SOLVER   461   2.72895982e+05  2.72895425e+05  3.36e-08 1.79e-05  4.96e-08  4190s
[2019-04-11 15:19:29] SOLVER   462   2.72895972e+05  2.72895427e+05  3.55e-08 1.75e-05  4.85e-08  4197s
[2019-04-11 15:19:37] SOLVER   463   2.72895955e+05  2.72895432e+05  3.21e-08 1.67e-05  4.66e-08  4205s
[2019-04-11 15:19:44] SOLVER   464   2.72895919e+05  2.72895435e+05  4.72e-08 1.61e-05  4.32e-08  4212s
[2019-04-11 15:19:53] SOLVER   465   2.72895881e+05  2.72895454e+05  6.33e-08 1.31e-05  3.83e-08  4221s
[2019-04-11 15:20:06] SOLVER   466   2.72895835e+05  2.72895467e+05  6.12e-08 1.06e-05  3.29e-08  4233s
[2019-04-11 15:20:17] SOLVER   467   2.72895806e+05  2.72895466e+05  5.56e-08 5.33e-05  3.03e-08  4245s
[2019-04-11 15:20:26] SOLVER   468   2.72895795e+05  2.72895471e+05  5.35e-08 4.92e-05  2.89e-08  4253s
[2019-04-11 15:20:32] SOLVER   469   2.72895776e+05  2.72895473e+05  6.11e-08 4.67e-05  2.70e-08  4260s
[2019-04-11 15:20:44] SOLVER   470   2.72895756e+05  2.72895478e+05  4.95e-08 4.27e-05  2.48e-08  4271s
[2019-04-11 15:20:52] SOLVER   471   2.72895724e+05  2.72895483e+05  1.63e-07 3.74e-05  2.16e-08  4280s
[2019-04-11 15:21:03] SOLVER   472   2.72895717e+05  2.72895474e+05  1.20e-07 3.64e-05  2.05e-08  4291s
[2019-04-11 15:21:24] SOLVER   473   2.72895671e+05  2.72895483e+05  8.85e-08 2.90e-05  1.59e-08  4312s
[2019-04-11 15:21:36] SOLVER   474   2.72895671e+05  2.72895493e+05  7.82e-08 3.21e-05  1.59e-08  4323s
[2019-04-11 15:21:44] SOLVER   475   2.72895668e+05  2.72895484e+05  9.13e-08 2.97e-05  1.56e-08  4332s
[2019-04-11 15:21:57] SOLVER   476   2.72895664e+05  2.72895489e+05  3.09e-08 6.61e-05  1.52e-08  4345s
[2019-04-11 15:22:29] SOLVER   477   2.72895640e+05  2.72895495e+05  5.15e-07 5.00e-05  1.26e-08  4376s
[2019-04-11 15:22:59] SOLVER   478   2.72895623e+05  2.72895503e+05  2.71e-07 3.39e-05  1.06e-08  4407s
[2019-04-11 15:23:11] SOLVER   479   2.72895618e+05  2.72895523e+05  3.22e-07 3.36e-05  1.01e-08  4419s
[2019-04-11 15:23:35] SOLVER   480   2.72895608e+05  2.72895523e+05  2.86e-07 2.25e-05  8.86e-09  4443s
[2019-04-11 15:23:53] SOLVER   481   2.72895601e+05  2.72895523e+05  1.05e-07 1.99e-05  8.05e-09  4461s
[2019-04-11 15:24:14] SOLVER   482   2.72895595e+05  2.72895523e+05  3.37e-08 1.68e-05  7.29e-09  4481s
[2019-04-11 15:24:26] SOLVER   483   2.72895586e+05  2.72895523e+05  1.69e-07 1.58e-05  6.42e-09  4494s
[2019-04-11 15:24:40] SOLVER   484   2.72895581e+05  2.72895518e+05  1.61e-08 1.09e-05  5.95e-09  4508s
[2019-04-11 15:24:49] SOLVER   485   2.72895576e+05  2.72895519e+05  1.51e-08 8.80e-06  5.39e-09  4517s
[2019-04-11 15:24:58] SOLVER   486   2.72895576e+05  2.72895528e+05  3.08e-08 4.40e-05  5.34e-09  4526s
[2019-04-11 15:24:59] SOLVER   Barrier solved model in 486 iterations and 4526.12 seconds
[2019-04-11 15:24:59] SOLVER   Optimal objective 2.72895576e+05
[2019-04-11 15:25:03] SOLVER   Crossover log...
[2019-04-11 15:25:06] SOLVER   583295 DPushes remaining with DInf 8.8534496e+03              4534s
[2019-04-11 15:25:15] SOLVER   211948 DPushes remaining with DInf 7.6016467e+03              4543s
[2019-04-11 15:25:19] SOLVER   168793 DPushes remaining with DInf 7.0470752e+03              4546s
[2019-04-11 15:25:23] SOLVER   133723 DPushes remaining with DInf 6.8523652e+03              4551s
[2019-04-11 15:25:28] SOLVER   129729 DPushes remaining with DInf 6.7932400e+03              4556s
[2019-04-11 15:25:34] SOLVER   124805 DPushes remaining with DInf 6.8315500e+03              4562s
[2019-04-11 15:25:40] SOLVER   120526 DPushes remaining with DInf 6.8290435e+03              4567s
[2019-04-11 15:25:43] SOLVER   118162 DPushes remaining with DInf 6.8275556e+03              4570s
[2019-04-11 15:25:49] SOLVER   114068 DPushes remaining with DInf 6.8318821e+03              4576s
[2019-04-11 15:25:54] SOLVER   110226 DPushes remaining with DInf 6.8292865e+03              4582s
[2019-04-11 15:25:57] SOLVER   108640 DPushes remaining with DInf 6.8281291e+03              4585s
[2019-04-11 15:26:02] SOLVER   105734 DPushes remaining with DInf 6.8269602e+03              4590s
[2019-04-11 15:26:09] SOLVER   75181 DPushes remaining with DInf 6.7515464e+03              4597s
[2019-04-11 15:26:16] SOLVER   49055 DPushes remaining with DInf 6.7867359e+03              4603s
[2019-04-11 15:26:25] SOLVER   2187 DPushes remaining with DInf 6.6199424e+03              4613s
[2019-04-11 15:26:28] SOLVER   820 DPushes remaining with DInf 6.1770943e+03              4615s
[2019-04-11 15:26:30] SOLVER   0 DPushes remaining with DInf 6.0812186e+03              4618s
[2019-04-11 15:26:31] SOLVER   Warning: Markowitz tolerance tightened to 0.5
[2019-04-11 15:26:31] SOLVER   637062 PPushes remaining with PInf 1.5976422e+00              4618s
[2019-04-11 15:26:35] SOLVER   404022 PPushes remaining with PInf 1.8466626e+00              4623s
[2019-04-11 15:26:40] SOLVER   316824 PPushes remaining with PInf 1.9414618e+00              4628s
[2019-04-11 15:26:45] SOLVER   265054 PPushes remaining with PInf 2.3268431e+00              4632s
[2019-04-11 15:26:48] SOLVER   231824 PPushes remaining with PInf 3.5749964e+00              4636s
[2019-04-11 15:26:54] SOLVER   192440 PPushes remaining with PInf 1.1407537e+01              4642s
[2019-04-11 15:27:00] SOLVER   171554 PPushes remaining with PInf 1.2027975e+01              4648s
[2019-04-11 15:27:03] SOLVER   165721 PPushes remaining with PInf 1.1501432e+01              4650s
[2019-04-11 15:27:08] SOLVER   156611 PPushes remaining with PInf 1.1456000e+01              4656s
[2019-04-11 15:27:14] SOLVER   150482 PPushes remaining with PInf 1.1458659e+01              4662s
[2019-04-11 15:27:20] SOLVER   145482 PPushes remaining with PInf 1.3343018e+01              4668s
[2019-04-11 15:27:23] SOLVER   143258 PPushes remaining with PInf 8.8714115e+00              4670s
[2019-04-11 15:27:28] SOLVER   138915 PPushes remaining with PInf 7.6109134e+00              4676s
[2019-04-11 15:27:33] SOLVER   134587 PPushes remaining with PInf 7.3343901e+00              4681s
[2019-04-11 15:27:39] SOLVER   130279 PPushes remaining with PInf 7.1245992e+00              4687s
[2019-04-11 15:27:45] SOLVER   125971 PPushes remaining with PInf 6.9918805e+00              4693s
[2019-04-11 15:27:50] SOLVER   111385 PPushes remaining with PInf 6.7400283e+00              4698s
[2019-04-11 15:27:54] SOLVER   98074 PPushes remaining with PInf 6.8094469e+00              4702s
[2019-04-11 15:28:00] SOLVER   86180 PPushes remaining with PInf 6.8258248e+00              4707s
[2019-04-11 15:28:03] SOLVER   80924 PPushes remaining with PInf 7.0950806e+00              4710s
[2019-04-11 15:28:08] SOLVER   73828 PPushes remaining with PInf 9.2354828e+00              4716s
[2019-04-11 15:28:14] SOLVER   68166 PPushes remaining with PInf 9.0650683e+00              4721s
[2019-04-11 15:28:25] SOLVER   62790 PPushes remaining with PInf 8.6176522e+00              4733s
[2019-04-11 15:28:28] SOLVER   60372 PPushes remaining with PInf 8.5335701e+00              4736s
[2019-04-11 15:28:35] SOLVER   55689 PPushes remaining with PInf 7.3980930e+00              4743s
[2019-04-11 15:28:38] SOLVER   53422 PPushes remaining with PInf 7.0911992e+00              4746s
[2019-04-11 15:28:44] SOLVER   48944 PPushes remaining with PInf 6.7320252e+00              4752s
[2019-04-11 15:28:50] SOLVER   44523 PPushes remaining with PInf 6.6398211e+00              4758s
[2019-04-11 15:28:54] SOLVER   42308 PPushes remaining with PInf 6.5716768e+00              4761s
[2019-04-11 15:29:01] SOLVER   37903 PPushes remaining with PInf 6.4306109e+00              4768s
[2019-04-11 15:29:03] SOLVER   35718 PPushes remaining with PInf 6.2263780e+00              4771s
[2019-04-11 15:29:10] SOLVER   31353 PPushes remaining with PInf 5.7952050e+00              4778s
[2019-04-11 15:29:13] SOLVER   29170 PPushes remaining with PInf 5.8021669e+00              4781s
[2019-04-11 15:29:29] SOLVER   24825 PPushes remaining with PInf 5.4178429e+00              4796s
[2019-04-11 15:29:34] SOLVER   20509 PPushes remaining with PInf 5.4136483e+00              4802s
[2019-04-11 15:29:38] SOLVER   18341 PPushes remaining with PInf 5.3928423e+00              4805s
[2019-04-11 15:29:47] SOLVER   16179 PPushes remaining with PInf 5.3491996e+00              4815s
[2019-04-11 15:29:52] SOLVER   13962 PPushes remaining with PInf 5.3431459e+00              4820s
[2019-04-11 15:29:55] SOLVER   11775 PPushes remaining with PInf 5.3412796e+00              4823s
[2019-04-11 15:30:00] SOLVER   6380 PPushes remaining with PInf 5.2206701e+00              4827s
[2019-04-11 15:30:03] SOLVER   3963 PPushes remaining with PInf 5.2203500e+00              4831s
[2019-04-11 15:30:15] SOLVER   42 PPushes remaining with PInf 5.6775276e+01              4843s
[2019-04-11 15:30:29] SOLVER   0 PPushes remaining with PInf 1.8437067e+02              4857s
[2019-04-11 15:30:30] SOLVER   Push phase complete: Pinf 1.8437067e+02, Dinf 6.7540232e+03   4858s
[2019-04-11 15:30:42] SOLVER   Iteration    Objective       Primal Inf.    Dual Inf.      Time
[2019-04-11 15:30:42] SOLVER   1006022    2.7289553e+05   0.000000e+00   6.754023e+03   4870s
[2019-04-11 15:35:57] SOLVER   1007022    2.7289553e+05   0.000000e+00   9.943172e+02   5185s
[2019-04-11 15:39:22] SOLVER   1008022    2.7289553e+05   0.000000e+00   6.895498e+02   5390s
[2019-04-11 15:45:14] SOLVER   1009022    2.7289552e+05   0.000000e+00   3.373201e+02   5742s
[2019-04-11 15:49:30] SOLVER   1010022    2.7289552e+05   0.000000e+00   1.607291e+02   5998s
[2019-04-11 15:52:09] SOLVER   1011051    2.7289552e+05   0.000000e+00   9.657536e+05   6157s
[2019-04-11 15:56:27] SOLVER   1011781    2.7289552e+05   0.000000e+00   8.542046e+01   6415s
[2019-04-11 16:04:37] SOLVER   1012631    2.7289552e+05   0.000000e+00   6.241567e+04   6905s
[2019-04-11 16:08:42] SOLVER   1013066    2.7289552e+05   0.000000e+00   3.496995e+01   7150s
[2019-04-11 16:16:34] SOLVER   1013846    2.7289552e+05   0.000000e+00   2.750676e+05   7622s
[2019-04-11 16:21:51] SOLVER   1014846    2.7289552e+05   0.000000e+00   9.156724e+02   7939s
[2019-04-11 16:26:30] SOLVER   1015846    2.7289552e+05   0.000000e+00   9.554290e+02   8218s
[2019-04-11 16:33:03] SOLVER   1016846    2.7289552e+05   0.000000e+00   2.877904e+05   8610s
[2019-04-11 16:41:06] SOLVER   1017826    2.7289552e+05   0.000000e+00   6.109555e+04   9094s
[2019-04-11 16:45:49] SOLVER   1018556    2.7289552e+05   0.000000e+00   1.317770e+06   9376s
[2019-04-11 16:53:00] SOLVER   1019556    2.7289552e+05   0.000000e+00   1.558574e+06   9808s
[2019-04-11 16:58:28] SOLVER   1020156    2.7289552e+05   0.000000e+00   1.605124e+01  10136s
[2019-04-11 17:06:36] SOLVER   1021006    2.7289552e+05   0.000000e+00   6.636462e+05  10623s
[2019-04-11 17:11:25] SOLVER   1021726    2.7289552e+05   0.000000e+00   8.293103e+05  10913s
[2019-04-11 17:15:49] SOLVER   1022556    2.7289552e+05   0.000000e+00   6.570244e+05  11177s
[2019-04-11 17:21:10] SOLVER   1023286    2.7289552e+05   0.000000e+00   1.203835e+06  11498s
[2019-04-11 17:25:05] SOLVER   1024286    2.7289552e+05   0.000000e+00   2.945436e+05  11732s
[2019-04-11 17:26:40] SOLVER   1025286    2.7289552e+05   0.000000e+00   2.945217e+05  11827s
[2019-04-11 17:30:06] SOLVER   1026286    2.7289552e+05   0.000000e+00   2.950062e+05  12034s
[2019-04-11 17:35:05] SOLVER   1027156    2.7289552e+05   0.000000e+00   2.520663e+05  12333s
[2019-04-11 17:37:35] SOLVER   1028156    2.7289552e+05   0.000000e+00   1.268146e+04  12483s
[2019-04-11 17:39:41] SOLVER   1029157    2.7289552e+05   0.000000e+00   1.373454e+04  12609s
[2019-04-11 17:42:15] SOLVER   1030157    2.7289552e+05   0.000000e+00   1.136899e+04  12763s
[2019-04-11 17:45:22] SOLVER   1031157    2.7289552e+05   0.000000e+00   1.141550e+04  12950s
[2019-04-11 17:49:36] SOLVER   1032157    2.7289552e+05   0.000000e+00   1.122162e+04  13204s
[2019-04-11 17:53:29] SOLVER   1033157    2.7289552e+05   0.000000e+00   2.876932e+04  13436s
[2019-04-11 18:00:00] SOLVER   1034047    2.7289552e+05   0.000000e+00   3.425351e+05  13828s
[2019-04-11 18:04:30] SOLVER   1035047    2.7289552e+05   0.000000e+00   1.733464e+03  14098s
[2019-04-11 18:07:49] SOLVER   1036047    2.7289552e+05   0.000000e+00   1.499579e+05  14296s
[2019-04-11 18:13:02] SOLVER   1036717    2.7289552e+05   0.000000e+00   1.367476e+01  14610s
[2019-04-11 18:19:53] SOLVER   1037717    2.7289552e+05   0.000000e+00   1.222033e+04  15020s
[2019-04-11 18:27:18] SOLVER   1038717    2.7289552e+05   0.000000e+00   3.746285e+01  15466s
[2019-04-11 18:31:31] SOLVER   1039717    2.7289552e+05   0.000000e+00   1.993815e+02  15719s
[2019-04-11 18:38:22] SOLVER   1040717    2.7289552e+05   0.000000e+00   1.417256e+00  16130s
[2019-04-11 18:41:26] SOLVER   1041297    2.7289552e+05   2.935244e+01   0.000000e+00  16314s
[2019-04-11 18:45:13] SOLVER   1041660    2.7289552e+05   0.000000e+00   0.000000e+00  16541s
[2019-04-11 18:47:02] SOLVER   1041805    2.7289552e+05   3.881965e-04   0.000000e+00  16650s
[2019-04-11 18:47:34] SOLVER   1041807    2.7289552e+05   5.124490e-05   1.641505e+09  16682s
[2019-04-11 19:00:44] SOLVER   1043027    2.7289551e+05   0.000000e+00   5.661040e+02  17471s
[2019-04-11 19:11:50] SOLVER   1044687    2.7289551e+05   0.000000e+00   3.293437e+01  18137s
[2019-04-11 19:15:04] SOLVER   1044987    2.7289551e+05   0.000000e+00   2.338414e+01  18332s
[2019-04-11 19:18:38] SOLVER   1045287    2.7289551e+05   0.000000e+00   2.343362e+01  18545s
[2019-04-11 19:22:28] SOLVER   1045597    2.7289551e+05   0.000000e+00   1.229128e+01  18775s
[2019-04-11 19:26:28] SOLVER   1045897    2.7289551e+05   0.000000e+00   1.021711e+02  19015s
[2019-04-11 19:34:23] SOLVER   1046137    2.7289551e+05   0.000000e+00   1.603798e+00  19491s
[2019-04-11 19:43:02] SOLVER   1046357    2.7289551e+05   0.000000e+00   9.348435e+02  20010s
[2019-04-11 19:51:01] SOLVER   1046567    2.7289551e+05   0.000000e+00   1.417138e+03  20489s
[2019-04-11 19:58:26] SOLVER   1046837    2.7289551e+05   0.000000e+00   7.272240e-01  20933s
[2019-04-11 20:06:03] SOLVER   1047057    2.7289551e+05   0.000000e+00   5.008139e-01  21391s
[2019-04-11 20:13:26] SOLVER   1047291    2.7289552e+05   0.000000e+00   0.000000e+00  21834s
[2019-04-11 20:14:57] SOLVER   Extra 5524 simplex iterations after uncrush
[2019-04-11 20:14:57] SOLVER   1047331    2.7289552e+05   0.000000e+00   0.000000e+00  21925s
[2019-04-11 20:14:57] SOLVER   Solved in 1047331 iterations and 21924.58 seconds
[2019-04-11 20:14:57] SOLVER   Optimal objective  2.728955224e+05
[2019-04-11 20:14:57] SOLVER   Changed value of parameter LogFile to
[2019-04-11 20:14:57] SOLVER   Prev: /cluster/work/cpesm/trtim/ose-model-comparison/performance-analysis/2019-04-11/tmpsobbbfyk.log  Default:
[2019-04-11 20:22:09] INFO     Backend: solver finished running. Time since start: 7:58:54.265104
[2019-04-11 20:22:21] INFO     Backend: loaded results
[2019-04-11 20:24:30] INFO     Backend: generated solution array. Time since start: 8:01:15.741064
[2019-04-11 20:24:30] INFO     Postprocessing: started
[2019-04-11 20:33:14] INFO     Postprocessing: All values < 1e-10 set to 0 in carrier_prod, carrier_con, capacity_factor
[2019-04-11 20:33:14] INFO     Postprocessing: ended. Time since start: 8:09:59.622032
Saving NetCDF results to file: ../../build/output/minus5/02.nc
[2019-04-11 20:33:16] WARNING  /cluster/work/cpesm/trtim/.conda/envs/ose-model-comparison/lib/python3.6/site-packages/distributed/config.py:20: YAMLLoadWarning:

calling yaml.load() without Loader=... is deprecated, as the default Loader is unsafe. Please read https://msg.pyyaml.org/load for full details.



Calliope run complete. Elapsed: 29404.8 seconds (time at exit: 2019-04-11 20:33:20)
