Job <calliope run build/model/model.yaml --save_netcdf build/output/minus4/05.nc --scenario baseline --override_dict "{run.solver_options.FeasibilityTol: 1e-4, run.solver_options.OptimalityTol: 1e-4}"> was submitted from host <eu-login-14-ng> by user <trtim> in cluster <euler> at Mon Mar 25 18:23:01 2019
Job was executed on host(s) <4*eu-a6-008-03>, in queue <normal.24h>, as user <trtim> in cluster <euler> at Mon Mar 25 19:12:50 2019
</cluster/home/trtim> was used as the home directory.
</cluster/home/trtim/Develop/ose-model-comparison> was used as the working directory.
Started at Mon Mar 25 19:12:50 2019
Terminated at Tue Mar 26 00:18:52 2019
Results reported at Tue Mar 26 00:18:52 2019

Your job looked like:

------------------------------------------------------------
# LSBATCH: User input
calliope run build/model/model.yaml --save_netcdf build/output/minus4/05.nc --scenario baseline --override_dict "{run.solver_options.FeasibilityTol: 1e-4, run.solver_options.OptimalityTol: 1e-4}"
------------------------------------------------------------

Exited with exit code 1.

Resource usage summary:

   CPU time :                                   20779.49 sec.
   Max Memory :                                 38364 MB
   Average Memory :                             31455.17 MB
   Total Requested Memory :                     48000.00 MB
   Delta Memory :                               9636.00 MB
   Max Swap :                                   -
   Max Processes :                              4
   Max Threads :                                9
   Run time :                                   18379 sec.
   Turnaround time :                            21351 sec.

The output (if any) follows:

/cluster/work/cpesm/trtim/.conda/envs/ose-model-comparison/lib/python3.6/site-packages/dask/config.py:168: YAMLLoadWarning:

calling yaml.load() without Loader=... is deprecated, as the default Loader is unsafe. Please read https://msg.pyyaml.org/load for full details.

[2019-03-25 19:13:29] INFO     Model: initialising
[2019-03-25 19:13:30] INFO     `run.solver_options.FeasibilityTol`:0.0001 applied from override as new configuration
`run.solver_options.OptimalityTol`:0.0001 applied from override as new configuration
[2019-03-25 19:13:30] INFO     Using scenario `baseline` leading to the application of overrides `['diw_assumptions', 'diw_battery_baseline_cost', 'equal_interest_rate', 'no_hydrogen']`.
[2019-03-25 19:13:30] INFO     `locations.ALB.techs.hydrogen.exists`:False applied from override as new configuration
`locations.AUT.techs.hydrogen.exists`:False applied from override as new configuration
`locations.BEL.techs.hydrogen.exists`:False applied from override as new configuration
`locations.BGR.techs.hydrogen.exists`:False applied from override as new configuration
`locations.BIH.techs.hydrogen.exists`:False applied from override as new configuration
`locations.CHE.techs.hydrogen.exists`:False applied from override as new configuration
`locations.CYP.techs.hydrogen.exists`:False applied from override as new configuration
`locations.CZE.techs.hydrogen.exists`:False applied from override as new configuration
`locations.DEU.techs.hydrogen.exists`:False applied from override as new configuration
`locations.DNK.techs.hydrogen.exists`:False applied from override as new configuration
`locations.ESP.techs.hydrogen.exists`:False applied from override as new configuration
`locations.EST.techs.hydrogen.exists`:False applied from override as new configuration
`locations.FIN.techs.hydrogen.exists`:False applied from override as new configuration
`locations.FRA.techs.hydrogen.exists`:False applied from override as new configuration
`locations.GBR.techs.hydrogen.exists`:False applied from override as new configuration
`locations.GRC.techs.hydrogen.exists`:False applied from override as new configuration
`locations.HRV.techs.hydrogen.exists`:False applied from override as new configuration
`locations.HUN.techs.hydrogen.exists`:False applied from override as new configuration
`locations.IRL.techs.hydrogen.exists`:False applied from override as new configuration
`locations.ITA.techs.hydrogen.exists`:False applied from override as new configuration
`locations.LTU.techs.hydrogen.exists`:False applied from override as new configuration
`locations.LUX.techs.hydrogen.exists`:False applied from override as new configuration
`locations.LVA.techs.hydrogen.exists`:False applied from override as new configuration
`locations.MKD.techs.hydrogen.exists`:False applied from override as new configuration
`locations.MNE.techs.hydrogen.exists`:False applied from override as new configuration
`locations.NLD.techs.hydrogen.exists`:False applied from override as new configuration
`locations.NOR.techs.hydrogen.exists`:False applied from override as new configuration
`locations.POL.techs.hydrogen.exists`:False applied from override as new configuration
`locations.PRT.techs.hydrogen.exists`:False applied from override as new configuration
`locations.ROU.techs.hydrogen.exists`:False applied from override as new configuration
`locations.SRB.techs.hydrogen.exists`:False applied from override as new configuration
`locations.SVK.techs.hydrogen.exists`:False applied from override as new configuration
`locations.SVN.techs.hydrogen.exists`:False applied from override as new configuration
`locations.SWE.techs.hydrogen.exists`:False applied from override as new configuration
`tech_groups.conversion.costs.monetary.interest_rate`:0.04 applied from override as new configuration
`tech_groups.conversion_plus.costs.monetary.interest_rate`:0.04 applied from override as new configuration
`tech_groups.storage.costs.monetary.interest_rate`:0.04 applied from override as new configuration
`tech_groups.supply.costs.monetary.interest_rate`:0.04 applied from override as new configuration
`tech_groups.supply_plus.costs.monetary.interest_rate`:0.04 applied from override as new configuration
`tech_groups.transmission.costs.monetary.interest_rate`:0.04 applied from override as new configuration
Override applied to techs.battery.costs.monetary.energy_cap: 713.47 -> 135.14000000000001
`techs.battery.costs.monetary.interest_rate`:0.04 applied from override as new configuration
Override applied to techs.battery.costs.monetary.om_annual: 12.48 -> 0
Override applied to techs.battery.costs.monetary.om_prod: 0.0028 -> 0
Override applied to techs.battery.costs.monetary.storage_cap: 322.73 -> 315.32
`techs.battery.energy_eff`:0.9591663046625439 applied from override as new configuration
Override applied to techs.ccgt.costs.monetary.om_con: 0.03761 -> 0.03168
Override applied to techs.ccgt.costs.monetary.om_prod: 0.000132 -> 0.014832000000000001
Override applied to techs.coal.costs.monetary.om_con: 0.010920000000000001 -> 0.009720000000000001
Override applied to techs.coal.costs.monetary.om_prod: 0.001315 -> 0.025915
Override applied to techs.lignite.costs.monetary.om_con: 0.010920000000000001 -> 0.00396
Override applied to techs.lignite.costs.monetary.om_prod: 0.001315 -> 0.028614999999999998
Override applied to techs.nuclear.costs.monetary.om_con: 0.0064 -> 0.0016899999999999999
Override applied to techs.nuclear.costs.monetary.om_prod: 0.0006580000000000001 -> 0.001018
[2019-03-25 19:13:32] INFO     Model: preprocessing stage 1 (model_run)
[2019-03-25 19:13:40] INFO     Model: preprocessing stage 2 (model_data)
[2019-03-25 19:14:54] INFO     Model: preprocessing complete. Time since start: 0:01:25.262346
[2019-03-25 19:14:54] INFO     Backend: starting model run
[2019-03-25 19:30:41] INFO     Backend: model generated. Time since start: 0:17:11.762478
[2019-03-25 19:30:41] INFO     Backend: sending model to solver
[2019-03-25 19:43:58] SOLVER   Parameter OutputFlag unchanged
[2019-03-25 19:43:58] SOLVER   Value: 1  Min: 0  Max: 1  Default: 1
[2019-03-25 19:43:58] SOLVER   Changed value of parameter LogFile to /cluster/work/cpesm/trtim/ose-model-comparison/tmpm6c09_4o.log
[2019-03-25 19:43:58] SOLVER   Prev: gurobi.log  Default:
[2019-03-25 19:43:58] SOLVER   Changed value of parameter FeasibilityTol to 0.0001
[2019-03-25 19:43:58] SOLVER   Prev: 1e-06  Min: 1e-09  Max: 0.01  Default: 1e-06
[2019-03-25 19:43:58] SOLVER   Changed value of parameter Method to 2
[2019-03-25 19:43:58] SOLVER   Prev: -1  Min: -1  Max: 5  Default: -1
[2019-03-25 19:43:58] SOLVER   Changed value of parameter OptimalityTol to 0.0001
[2019-03-25 19:43:58] SOLVER   Prev: 1e-06  Min: 1e-09  Max: 0.01  Default: 1e-06
[2019-03-25 19:43:58] SOLVER   Changed value of parameter Threads to 4
[2019-03-25 19:43:58] SOLVER   Prev: 0  Min: 0  Max: 1024  Default: 0
[2019-03-25 19:43:58] SOLVER   Optimize a model with 9340786 rows, 7221010 columns and 24514096 nonzeros
[2019-03-25 19:43:59] SOLVER   Coefficient statistics:
[2019-03-25 19:43:59] SOLVER   Matrix range     [1e-05, 4e+02]
[2019-03-25 19:43:59] SOLVER   Objective range  [1e+00, 1e+00]
[2019-03-25 19:43:59] SOLVER   Bounds range     [5e-02, 2e+03]
[2019-03-25 19:43:59] SOLVER   RHS range        [7e-03, 2e+03]
[2019-03-25 19:44:05] SOLVER   Presolve removed 6267467 rows and 4374384 columns (presolve time = 6s) ...
[2019-03-25 19:44:12] SOLVER   Presolve removed 6909468 rows and 5016385 columns (presolve time = 12s) ...
[2019-03-25 19:44:14] SOLVER   Presolve removed 6939605 rows and 5016395 columns (presolve time = 15s) ...
[2019-03-25 19:44:15] SOLVER   Presolve removed 6939605 rows and 5016395 columns
[2019-03-25 19:44:16] SOLVER   Presolve time: 17.22s
[2019-03-25 19:44:16] SOLVER   Presolved: 2401181 rows, 2204615 columns, 8737880 nonzeros
[2019-03-25 19:44:38] SOLVER   Ordering time: 0.00s
[2019-03-25 19:44:45] SOLVER   Barrier statistics:
[2019-03-25 19:44:45] SOLVER   Dense cols : 270
[2019-03-25 19:44:45] SOLVER   AA' NZ     : 8.084e+06
[2019-03-25 19:44:45] SOLVER   Factor NZ  : 4.955e+07 (roughly 2.3 GBytes of memory)
[2019-03-25 19:44:45] SOLVER   Factor Ops : 1.074e+10 (less than 1 second per iteration)
[2019-03-25 19:44:45] SOLVER   Threads    : 4
[2019-03-25 19:44:48] SOLVER   Objective                Residual
[2019-03-25 19:44:48] SOLVER   Iter       Primal          Dual         Primal    Dual     Compl     Time
[2019-03-25 19:44:48] SOLVER   0   1.11908587e+08 -1.09282224e+08  1.69e+07 4.56e-01  9.23e+04    50s
[2019-03-25 19:44:51] SOLVER   1   1.31536213e+08 -1.13886642e+08  1.07e+07 3.84e+01  7.02e+04    52s
[2019-03-25 19:44:54] SOLVER   2   1.32973754e+08 -1.40845308e+08  1.01e+07 3.20e+01  6.31e+04    56s
[2019-03-25 19:44:58] SOLVER   3   1.23916930e+08 -3.60090896e+08  9.03e+06 2.46e+01  5.38e+04    59s
[2019-03-25 19:45:01] SOLVER   4   9.40973456e+07 -1.45306835e+09  7.74e+06 1.63e+01  4.45e+04    62s
[2019-03-25 19:45:03] SOLVER   5   8.18241390e+07 -2.25918030e+09  6.79e+06 8.44e+00  3.68e+04    65s
[2019-03-25 19:45:05] SOLVER   6   5.70135189e+07 -2.49534287e+09  3.97e+06 5.88e+00  2.23e+04    67s
[2019-03-25 19:45:08] SOLVER   7   3.82997545e+07 -2.41023029e+09  2.14e+06 1.23e+00  1.14e+04    70s
[2019-03-25 19:45:12] SOLVER   8   3.53891771e+07 -2.05320215e+09  1.84e+06 4.20e-01  9.41e+03    74s
[2019-03-25 19:45:15] SOLVER   9   3.05309077e+07 -1.87737130e+09  1.39e+06 2.99e-01  7.16e+03    77s
[2019-03-25 19:45:18] SOLVER   10   2.07658183e+07 -1.46534242e+09  4.21e+05 1.01e-01  2.33e+03    79s
[2019-03-25 19:45:20] SOLVER   11   1.78356752e+07 -1.22986471e+09  1.74e+05 7.01e-02  1.08e+03    82s
[2019-03-25 19:45:23] SOLVER   12   1.70736916e+07 -8.82689770e+08  1.08e+05 3.97e-02  6.73e+02    85s
[2019-03-25 19:45:25] SOLVER   13   1.68021796e+07 -8.09462163e+08  8.35e+04 3.46e-02  5.42e+02    87s
[2019-03-25 19:45:28] SOLVER   14   1.60629610e+07 -7.24190952e+08  4.58e+04 2.95e-02  3.55e+02    90s
[2019-03-25 19:45:32] SOLVER   15   1.59481945e+07 -2.11535804e+08  3.22e+04 8.93e-04  1.57e+02    94s
[2019-03-25 19:45:35] SOLVER   16   1.36712602e+07 -1.11807095e+08  1.61e+04 7.54e-07  7.08e+01    97s
[2019-03-25 19:45:37] SOLVER   17   1.15350631e+07 -1.00014119e+08  1.04e+04 7.32e-07  5.03e+01    99s
[2019-03-25 19:45:40] SOLVER   18   1.10641842e+07 -8.91531682e+07  9.46e+03 8.81e-07  4.42e+01   101s
[2019-03-25 19:45:43] SOLVER   19   9.63559185e+06 -6.48600918e+07  7.16e+03 9.44e-07  3.08e+01   104s
[2019-03-25 19:45:45] SOLVER   20   8.45493072e+06 -4.02827933e+07  5.74e+03 1.26e-06  1.97e+01   107s
[2019-03-25 19:45:48] SOLVER   21   6.69428306e+06 -2.41101385e+07  4.03e+03 5.08e-07  1.15e+01   110s
[2019-03-25 19:45:52] SOLVER   22   4.95628242e+06 -1.45246852e+07  2.67e+03 8.93e-07  6.63e+00   113s
[2019-03-25 19:45:55] SOLVER   23   3.42661796e+06 -1.08860560e+07  1.67e+03 6.20e-07  4.29e+00   116s
[2019-03-25 19:45:57] SOLVER   24   2.96630839e+06 -8.23953834e+06  1.38e+03 6.59e-07  3.25e+00   119s
[2019-03-25 19:46:00] SOLVER   25   2.65691168e+06 -6.79511814e+06  1.19e+03 6.28e-07  2.67e+00   121s
[2019-03-25 19:46:03] SOLVER   26   2.06762655e+06 -4.79945806e+06  8.38e+02 4.57e-07  1.82e+00   124s
[2019-03-25 19:46:05] SOLVER   27   1.74391222e+06 -4.09955143e+06  6.63e+02 3.37e-07  1.49e+00   126s
[2019-03-25 19:46:08] SOLVER   28   1.58199609e+06 -2.60470430e+06  4.16e+02 6.83e-08  1.05e+00   129s
[2019-03-25 19:46:12] SOLVER   29   1.15415653e+06 -1.46113911e+06  2.49e+02 1.11e-09  6.23e-01   133s
[2019-03-25 19:46:15] SOLVER   30   9.22424480e+05 -1.18308301e+06  1.67e+02 2.48e-09  4.80e-01   136s
[2019-03-25 19:46:17] SOLVER   31   8.70156283e+05 -7.37462032e+05  1.49e+02 4.58e-09  3.64e-01   139s
[2019-03-25 19:46:19] SOLVER   32   7.90820893e+05 -5.58293777e+05  1.25e+02 6.58e-09  3.02e-01   141s
[2019-03-25 19:46:22] SOLVER   33   7.33783211e+05 -4.98315182e+05  1.09e+02 6.88e-09  2.73e-01   144s
[2019-03-25 19:46:24] SOLVER   34   6.90721645e+05 -4.28929285e+05  9.60e+01 5.68e-09  2.46e-01   146s
[2019-03-25 19:46:27] SOLVER   35   6.56842803e+05 -2.22319466e+05  8.39e+01 2.54e-08  1.91e-01   149s
[2019-03-25 19:46:31] SOLVER   36   5.75307642e+05 -7.96877897e+04  5.93e+01 3.93e-08  1.40e-01   153s
[2019-03-25 19:46:34] SOLVER   37   5.43815988e+05  4.36860294e+04  4.87e+01 2.98e-08  1.06e-01   156s
[2019-03-25 19:46:36] SOLVER   38   5.33229584e+05  6.44972577e+04  4.62e+01 2.87e-08  9.89e-02   158s
[2019-03-25 19:46:39] SOLVER   39   4.98827228e+05  1.35000862e+05  3.73e+01 3.78e-08  7.62e-02   160s
[2019-03-25 19:46:41] SOLVER   40   4.68090492e+05  1.64660237e+05  3.02e+01 3.36e-08  6.30e-02   163s
[2019-03-25 19:46:44] SOLVER   41   4.55508731e+05  1.99083712e+05  2.69e+01 2.83e-08  5.32e-02   165s
[2019-03-25 19:46:47] SOLVER   42   4.38251257e+05  2.23366226e+05  2.28e+01 2.46e-08  4.43e-02   168s
[2019-03-25 19:46:50] SOLVER   43   4.24586841e+05  2.60609367e+05  1.98e+01 1.51e-08  3.37e-02   172s
[2019-03-25 19:46:53] SOLVER   44   4.17040819e+05  2.74324721e+05  1.81e+01 1.15e-08  2.93e-02   175s
[2019-03-25 19:46:56] SOLVER   45   4.06793866e+05  2.82193227e+05  1.58e+01 1.05e-08  2.55e-02   177s
[2019-03-25 19:46:58] SOLVER   46   4.00056404e+05  2.85553734e+05  1.43e+01 9.45e-09  2.34e-02   180s
[2019-03-25 19:47:01] SOLVER   47   3.93196702e+05  2.91052517e+05  1.28e+01 8.31e-09  2.08e-02   183s
[2019-03-25 19:47:03] SOLVER   48   3.86199315e+05  2.93761704e+05  1.13e+01 7.60e-09  1.88e-02   185s
[2019-03-25 19:47:06] SOLVER   49   3.82269214e+05  3.02951928e+05  1.04e+01 6.30e-09  1.61e-02   188s
[2019-03-25 19:47:10] SOLVER   50   3.74230244e+05  3.09051611e+05  8.72e+00 4.94e-09  1.32e-02   191s
[2019-03-25 19:47:13] SOLVER   51   3.68229324e+05  3.13937576e+05  7.38e+00 3.92e-09  1.10e-02   194s
[2019-03-25 19:47:15] SOLVER   52   3.66055563e+05  3.16146641e+05  6.88e+00 3.57e-09  1.01e-02   197s
[2019-03-25 19:47:17] SOLVER   53   3.62711566e+05  3.17706167e+05  6.14e+00 3.25e-09  9.10e-03   199s
[2019-03-25 19:47:20] SOLVER   54   3.60782537e+05  3.19214539e+05  5.72e+00 3.01e-09  8.40e-03   202s
[2019-03-25 19:47:22] SOLVER   55   3.57958210e+05  3.20051581e+05  5.07e+00 2.84e-09  7.65e-03   204s
[2019-03-25 19:47:25] SOLVER   56   3.57327758e+05  3.21679575e+05  4.92e+00 2.53e-09  7.20e-03   207s
[2019-03-25 19:47:29] SOLVER   57   3.54339410e+05  3.24888543e+05  4.24e+00 1.89e-09  5.94e-03   211s
[2019-03-25 19:47:32] SOLVER   58   3.53061967e+05  3.26235158e+05  3.94e+00 1.66e-09  5.41e-03   214s
[2019-03-25 19:47:34] SOLVER   59   3.51229776e+05  3.27300969e+05  3.52e+00 1.47e-09  4.82e-03   216s
[2019-03-25 19:47:37] SOLVER   60   3.50194922e+05  3.27728267e+05  3.28e+00 1.39e-09  4.53e-03   218s
[2019-03-25 19:47:40] SOLVER   61   3.49221336e+05  3.28488781e+05  3.04e+00 1.24e-09  4.18e-03   221s
[2019-03-25 19:47:42] SOLVER   62   3.48615591e+05  3.28849965e+05  2.90e+00 1.19e-09  3.98e-03   223s
[2019-03-25 19:47:45] SOLVER   63   3.47743823e+05  3.29580169e+05  2.71e+00 1.07e-09  3.66e-03   226s
[2019-03-25 19:47:49] SOLVER   64   3.46935587e+05  3.30112288e+05  2.55e+00 9.85e-10  3.39e-03   230s
[2019-03-25 19:47:52] SOLVER   65   3.46246368e+05  3.30257410e+05  2.39e+00 9.60e-10  3.22e-03   233s
[2019-03-25 19:47:54] SOLVER   66   3.45967025e+05  3.30476728e+05  2.32e+00 9.26e-10  3.12e-03   235s
[2019-03-25 19:47:56] SOLVER   67   3.45481735e+05  3.30941357e+05  2.20e+00 8.47e-10  2.93e-03   238s
[2019-03-25 19:47:59] SOLVER   68   3.44239813e+05  3.31184014e+05  1.93e+00 8.05e-10  2.62e-03   241s
[2019-03-25 19:48:01] SOLVER   69   3.44063480e+05  3.31738969e+05  1.88e+00 7.15e-10  2.48e-03   243s
[2019-03-25 19:48:04] SOLVER   70   3.43292426e+05  3.31843145e+05  1.71e+00 6.99e-10  2.30e-03   246s
[2019-03-25 19:48:08] SOLVER   71   3.42640762e+05  3.32074450e+05  1.55e+00 6.58e-10  2.12e-03   250s
[2019-03-25 19:48:11] SOLVER   72   3.42384810e+05  3.32307719e+05  1.49e+00 6.26e-10  2.02e-03   253s
[2019-03-25 19:48:13] SOLVER   73   3.42243139e+05  3.32447274e+05  1.46e+00 6.04e-10  1.97e-03   255s
[2019-03-25 19:48:16] SOLVER   74   3.42082395e+05  3.32588396e+05  1.42e+00 5.81e-10  1.91e-03   257s
[2019-03-25 19:48:19] SOLVER   75   3.41766651e+05  3.32850467e+05  1.34e+00 5.37e-10  1.79e-03   260s
[2019-03-25 19:48:21] SOLVER   76   3.41320655e+05  3.33050784e+05  1.23e+00 5.06e-10  1.66e-03   262s
[2019-03-25 19:48:24] SOLVER   77   3.41020898e+05  3.33295681e+05  1.16e+00 4.67e-10  1.55e-03   265s
[2019-03-25 19:48:27] SOLVER   78   3.40590669e+05  3.33727206e+05  1.06e+00 3.99e-10  1.38e-03   269s
[2019-03-25 19:48:30] SOLVER   79   3.40393339e+05  3.33914751e+05  1.01e+00 3.70e-10  1.30e-03   272s
[2019-03-25 19:48:33] SOLVER   80   3.40159285e+05  3.33962961e+05  9.55e-01 3.63e-10  1.24e-03   274s
[2019-03-25 19:48:35] SOLVER   81   3.39868395e+05  3.34182001e+05  8.83e-01 3.30e-10  1.14e-03   277s
[2019-03-25 19:48:38] SOLVER   82   3.39633964e+05  3.34398859e+05  8.20e-01 2.95e-10  1.05e-03   280s
[2019-03-25 19:48:40] SOLVER   83   3.39442099e+05  3.34517508e+05  7.69e-01 2.80e-10  9.88e-04   282s
[2019-03-25 19:48:43] SOLVER   84   3.39190419e+05  3.34900216e+05  7.04e-01 2.15e-10  8.61e-04   285s
[2019-03-25 19:48:47] SOLVER   85   3.38984706e+05  3.35163880e+05  6.53e-01 1.72e-10  7.67e-04   289s
[2019-03-25 19:48:50] SOLVER   86   3.38567341e+05  3.35241656e+05  5.52e-01 1.60e-10  6.67e-04   291s
[2019-03-25 19:48:52] SOLVER   87   3.38331826e+05  3.35400147e+05  4.91e-01 1.36e-10  5.88e-04   294s
[2019-03-25 19:48:55] SOLVER   88   3.38251902e+05  3.35441493e+05  4.70e-01 1.26e-10  5.63e-04   296s
[2019-03-25 19:48:58] SOLVER   89   3.38030399e+05  3.35602906e+05  4.15e-01 1.03e-10  4.87e-04   299s
[2019-03-25 19:49:00] SOLVER   90   3.37995761e+05  3.35615198e+05  4.06e-01 1.03e-10  4.77e-04   302s
[2019-03-25 19:49:03] SOLVER   91   3.37912799e+05  3.35650019e+05  3.86e-01 9.78e-11  4.53e-04   305s
[2019-03-25 19:49:07] SOLVER   92   3.37700101e+05  3.35778793e+05  3.35e-01 7.92e-11  3.85e-04   309s
[2019-03-25 19:49:11] SOLVER   93   3.37612583e+05  3.35846938e+05  3.11e-01 7.30e-11  3.54e-04   312s
[2019-03-25 19:49:13] SOLVER   94   3.37562686e+05  3.35883184e+05  2.99e-01 6.68e-11  3.37e-04   315s
[2019-03-25 19:49:16] SOLVER   95   3.37470277e+05  3.35963247e+05  2.75e-01 5.76e-11  3.02e-04   317s
[2019-03-25 19:49:19] SOLVER   96   3.37349625e+05  3.35977892e+05  2.48e-01 5.41e-11  2.75e-04   320s
[2019-03-25 19:49:21] SOLVER   97   3.37303144e+05  3.36011069e+05  2.36e-01 5.20e-11  2.59e-04   323s
[2019-03-25 19:49:25] SOLVER   98   3.37252724e+05  3.36029859e+05  2.24e-01 5.08e-11  2.45e-04   326s
[2019-03-25 19:49:29] SOLVER   99   3.37199378e+05  3.36045692e+05  2.11e-01 4.93e-11  2.31e-04   330s
[2019-03-25 19:49:32] SOLVER   100   3.37145278e+05  3.36066731e+05  1.99e-01 4.89e-11  2.16e-04   333s
[2019-03-25 19:49:34] SOLVER   101   3.37114666e+05  3.36080311e+05  1.91e-01 4.60e-11  2.07e-04   336s
[2019-03-25 19:49:37] SOLVER   102   3.37083672e+05  3.36084162e+05  1.83e-01 4.44e-11  2.00e-04   338s
[2019-03-25 19:49:40] SOLVER   103   3.37066080e+05  3.36114740e+05  1.79e-01 4.50e-11  1.91e-04   341s
[2019-03-25 19:49:42] SOLVER   104   3.37010423e+05  3.36131204e+05  1.64e-01 4.05e-11  1.76e-04   344s
[2019-03-25 19:49:45] SOLVER   105   3.36977484e+05  3.36156418e+05  1.56e-01 3.72e-11  1.65e-04   347s
[2019-03-25 19:49:49] SOLVER   106   3.36942334e+05  3.36179655e+05  1.47e-01 3.16e-11  1.53e-04   351s
[2019-03-25 19:49:52] SOLVER   107   3.36919963e+05  3.36190086e+05  1.42e-01 3.22e-11  1.46e-04   354s
[2019-03-25 19:49:54] SOLVER   108   3.36907459e+05  3.36192936e+05  1.38e-01 2.94e-11  1.43e-04   356s
[2019-03-25 19:49:57] SOLVER   109   3.36902406e+05  3.36194612e+05  1.37e-01 3.03e-11  1.42e-04   359s
[2019-03-25 19:50:02] SOLVER   110   1.11908587e+08 -2.61216197e+09  1.69e+07 4.56e-01  2.20e+06   364s
[2019-03-25 19:50:04] SOLVER   111   1.46715040e+08 -2.68582126e+09  1.19e+07 9.29e+02  1.88e+06   366s
[2019-03-25 19:50:07] SOLVER   112   1.48059196e+08 -3.19118035e+09  1.15e+07 7.70e+02  1.61e+06   369s
[2019-03-25 19:50:11] SOLVER   113   1.36249610e+08 -1.04901294e+10  9.82e+06 4.39e+02  1.34e+06   373s
[2019-03-25 19:50:15] SOLVER   114   1.00607036e+08 -3.85519776e+10  8.49e+06 3.60e+02  1.14e+06   376s
[2019-03-25 19:50:18] SOLVER   115   8.49935503e+07 -8.46970855e+10  6.88e+06 1.23e+02  9.12e+05   379s
[2019-03-25 19:50:20] SOLVER   116   6.18693408e+07 -8.52427468e+10  4.39e+06 1.59e+02  6.06e+05   382s
[2019-03-25 19:50:24] SOLVER   117   4.21294713e+07 -8.23444984e+10  2.32e+06 1.11e+02  3.36e+05   385s
[2019-03-25 19:50:28] SOLVER   118   3.87000261e+07 -6.79339633e+10  2.00e+06 3.22e+01  2.65e+05   389s
[2019-03-25 19:50:31] SOLVER   119   3.22188665e+07 -5.23279079e+10  1.42e+06 9.56e+00  1.81e+05   392s
[2019-03-25 19:50:33] SOLVER   120   2.78875555e+07 -4.89443074e+10  1.03e+06 7.54e+00  1.34e+05   395s
[2019-03-25 19:50:36] SOLVER   121   2.15572567e+07 -4.05317617e+10  4.87e+05 4.61e+00  6.59e+04   397s
[2019-03-25 19:50:39] SOLVER   122   1.78498029e+07 -2.81821319e+10  1.35e+05 2.32e+00  2.18e+04   400s
[2019-03-25 19:50:41] SOLVER   123   1.72529730e+07 -2.32161190e+10  7.10e+04 1.73e+00  1.32e+04   403s
[2019-03-25 19:50:45] SOLVER   124   1.72457445e+07 -2.02617743e+10  6.28e+04 1.43e+00  1.14e+04   406s
[2019-03-25 19:50:49] SOLVER   125   1.71901880e+07 -9.55130798e+09  2.95e+04 4.88e-01  4.91e+03   410s
[2019-03-25 19:50:52] SOLVER   126   1.71176981e+07 -3.56878949e+09  2.03e+04 7.83e-02  2.21e+03   414s
[2019-03-25 19:50:55] SOLVER   127   1.80033057e+07 -2.17964073e+09  1.19e+04 2.77e-02  1.16e+03   416s
[2019-03-25 19:50:57] SOLVER   128   1.78597815e+07 -1.95144428e+09  9.87e+03 2.27e-02  9.52e+02   418s
[2019-03-25 19:51:00] SOLVER   129   1.79232406e+07 -1.06890984e+09  5.45e+03 5.22e-03  4.53e+02   421s
[2019-03-25 19:51:02] SOLVER   130   1.75238633e+07 -6.94736760e+08  5.12e+03 2.40e-03  3.15e+02   424s
[2019-03-25 19:51:06] SOLVER   131   1.65958756e+07 -4.35982634e+08  2.81e+03 1.14e-03  1.63e+02   427s
[2019-03-25 19:51:09] SOLVER   132   1.35382827e+07 -2.08748153e+08  1.58e+03 3.76e-04  7.11e+01   431s
[2019-03-25 19:51:12] SOLVER   133   1.18109822e+07 -1.52353881e+08  1.23e+03 2.43e-04  4.99e+01   434s
[2019-03-25 19:51:15] SOLVER   134   8.06574481e+06 -1.33491464e+08  4.11e+02 2.03e-04  3.60e+01   436s
[2019-03-25 19:51:17] SOLVER   135   6.51310236e+06 -8.64490919e+07  2.60e+02 1.15e-04  2.22e+01   439s
[2019-03-25 19:51:20] SOLVER   136   4.76722915e+06 -6.07074225e+07  1.51e+02 7.43e-05  1.47e+01   442s
[2019-03-25 19:51:22] SOLVER   137   4.06760805e+06 -4.23184027e+07  1.12e+02 4.60e-05  1.02e+01   444s
[2019-03-25 19:51:25] SOLVER   138   3.38182379e+06 -2.78652550e+07  8.06e+01 2.55e-05  6.70e+00   447s
[2019-03-25 19:51:29] SOLVER   139   2.76780235e+06 -1.93877950e+07  5.84e+01 1.41e-05  4.67e+00   451s
[2019-03-25 19:51:32] SOLVER   140   2.32961020e+06 -1.50275783e+07  4.40e+01 8.50e-06  3.61e+00   454s
[2019-03-25 19:51:34] SOLVER   141   2.11282591e+06 -1.33325128e+07  3.72e+01 6.48e-06  3.19e+00   456s
[2019-03-25 19:51:37] SOLVER   142   1.99050244e+06 -1.13078726e+07  3.36e+01 3.87e-06  2.74e+00   459s
[2019-03-25 19:51:41] SOLVER   143   1.64760698e+06 -7.59231892e+06  2.40e+01 4.45e-08  1.88e+00   462s
[2019-03-25 19:51:43] SOLVER   144   1.53936183e+06 -6.72176305e+06  2.13e+01 3.78e-08  1.68e+00   465s
[2019-03-25 19:51:47] SOLVER   145   1.33594420e+06 -4.04914227e+06  1.64e+01 2.34e-08  1.09e+00   468s
[2019-03-25 19:51:51] SOLVER   146   1.07952494e+06 -2.41321024e+06  1.07e+01 1.35e-08  7.01e-01   473s
[2019-03-25 19:51:55] SOLVER   147   9.56756524e+05 -1.83081446e+06  8.01e+00 1.06e-08  5.57e-01   476s
[2019-03-25 19:51:57] SOLVER   148   8.94410964e+05 -1.19128356e+06  6.43e+00 7.30e-09  4.17e-01   479s
[2019-03-25 19:52:00] SOLVER   149   8.27411312e+05 -1.02441203e+06  4.13e+00 6.54e-09  3.69e-01   482s
[2019-03-25 19:52:03] SOLVER   150   7.37406008e+05 -6.10445955e+05  3.04e+00 4.36e-09  2.68e-01   485s
[2019-03-25 19:52:06] SOLVER   151   6.97770596e+05 -4.87171377e+05  2.59e+00 3.86e-09  2.35e-01   488s
[2019-03-25 19:52:10] SOLVER   152   6.33736503e+05 -2.70773482e+05  1.86e+00 2.82e-09  1.79e-01   491s
[2019-03-25 19:52:14] SOLVER   153   5.31261315e+05 -6.07313419e+04  8.01e-01 1.68e-09  1.17e-01   496s
[2019-03-25 19:52:18] SOLVER   154   5.18339213e+05 -1.34920864e+03  6.73e-01 1.50e-09  1.03e-01   499s
[2019-03-25 19:52:20] SOLVER   155   4.86482879e+05  7.83609594e+04  3.37e-01 1.11e-09  8.06e-02   502s
[2019-03-25 19:52:23] SOLVER   156   4.78462133e+05  1.21743853e+05  2.56e-01 9.50e-10  7.05e-02   505s
[2019-03-25 19:52:26] SOLVER   157   4.56028265e+05  1.87508432e+05  1.70e-02 6.44e-10  5.30e-02   508s
[2019-03-25 19:52:29] SOLVER   158   4.48374488e+05  1.98816506e+05  4.95e-03 6.10e-10  4.93e-02   510s
[2019-03-25 19:52:32] SOLVER   159   4.29298766e+05  2.21657171e+05  4.09e-03 5.18e-10  4.10e-02   513s
[2019-03-25 19:52:36] SOLVER   160   4.12041229e+05  2.42194944e+05  3.32e-03 3.93e-10  3.35e-02   517s
[2019-03-25 19:52:39] SOLVER   161   4.01474769e+05  2.67659303e+05  2.84e-03 2.75e-10  2.64e-02   520s
[2019-03-25 19:52:41] SOLVER   162   3.90055976e+05  2.78527116e+05  2.35e-03 2.39e-10  2.20e-02   522s
[2019-03-25 19:52:43] SOLVER   163   3.85505885e+05  2.82583448e+05  2.15e-03 2.24e-10  2.03e-02   525s
[2019-03-25 19:52:46] SOLVER   164   3.77475183e+05  2.93641199e+05  1.80e-03 1.74e-10  1.65e-02   528s
[2019-03-25 19:52:49] SOLVER   165   3.73724319e+05  2.97944033e+05  1.64e-03 1.59e-10  1.49e-02   530s
[2019-03-25 19:52:52] SOLVER   166   3.67857262e+05  3.07478872e+05  1.38e-03 1.13e-10  1.19e-02   533s
[2019-03-25 19:52:55] SOLVER   167   3.63255505e+05  3.10052793e+05  1.19e-03 1.01e-10  1.05e-02   537s
[2019-03-25 19:52:58] SOLVER   168   3.61570929e+05  3.14227724e+05  1.11e-03 8.27e-11  9.33e-03   540s
[2019-03-25 19:53:01] SOLVER   169   3.58216484e+05  3.16710678e+05  9.59e-04 7.40e-11  8.18e-03   543s
[2019-03-25 19:53:04] SOLVER   170   3.56642108e+05  3.17950778e+05  8.88e-04 7.02e-11  7.62e-03   545s
[2019-03-25 19:53:07] SOLVER   171   3.53992563e+05  3.21250008e+05  7.74e-04 5.58e-11  6.45e-03   548s
[2019-03-25 19:53:09] SOLVER   172   3.53513126e+05  3.22148525e+05  7.54e-04 4.87e-11  6.18e-03   551s
[2019-03-25 19:53:12] SOLVER   173   3.49309449e+05  3.24047765e+05  5.72e-04 4.31e-11  4.97e-03   554s
[2019-03-25 19:53:15] SOLVER   174   3.48688352e+05  3.24612968e+05  5.44e-04 4.30e-11  4.74e-03   557s
[2019-03-25 19:53:20] SOLVER   175   3.48080773e+05  3.26075443e+05  5.17e-04 3.39e-11  4.33e-03   561s
[2019-03-25 19:53:24] SOLVER   176   3.46911498e+05  3.27684856e+05  4.66e-04 3.14e-11  3.79e-03   565s
[2019-03-25 19:53:26] SOLVER   177   3.45815351e+05  3.28715420e+05  4.19e-04 2.79e-11  3.37e-03   568s
[2019-03-25 19:53:29] SOLVER   178   3.45229956e+05  3.29111527e+05  3.94e-04 2.72e-11  3.17e-03   570s
[2019-03-25 19:53:31] SOLVER   179   3.44722063e+05  3.29398946e+05  3.70e-04 2.68e-11  3.02e-03   573s
[2019-03-25 19:53:34] SOLVER   180   3.44141925e+05  3.30224403e+05  3.44e-04 5.28e-11  2.74e-03   575s
[2019-03-25 19:53:36] SOLVER   181   3.43722115e+05  3.30980635e+05  3.25e-04 4.68e-11  2.51e-03   578s
[2019-03-25 19:53:39] SOLVER   182   3.43561386e+05  3.31115197e+05  3.18e-04 4.06e-11  2.45e-03   580s
[2019-03-25 19:53:41] SOLVER   183   3.43432238e+05  3.31166489e+05  3.13e-04 5.37e-11  2.42e-03   583s
[2019-03-25 19:53:44] SOLVER   184   3.43168305e+05  3.31316155e+05  3.01e-04 2.69e-11  2.33e-03   585s
[2019-03-25 19:53:47] SOLVER   185   3.42400899e+05  3.31627424e+05  2.68e-04 3.69e-11  2.12e-03   588s
[2019-03-25 19:53:50] SOLVER   186   3.42185327e+05  3.31996413e+05  2.58e-04 2.24e-11  2.01e-03   591s
[2019-03-25 19:53:55] SOLVER   187   3.41309092e+05  3.32852691e+05  2.20e-04 4.10e-11  1.66e-03   596s
[2019-03-25 19:53:58] SOLVER   188   3.41113891e+05  3.32995345e+05  2.11e-04 4.20e-11  1.60e-03   600s
[2019-03-25 19:54:01] SOLVER   189   3.40208158e+05  3.33163665e+05  1.70e-04 4.41e-11  1.39e-03   603s
[2019-03-25 19:54:04] SOLVER   190   3.40021378e+05  3.33779037e+05  1.61e-04 4.20e-11  1.23e-03   605s
[2019-03-25 19:54:06] SOLVER   191   3.39963023e+05  3.33808669e+05  1.58e-04 3.88e-11  1.21e-03   608s
[2019-03-25 19:54:09] SOLVER   192   3.39853127e+05  3.33865524e+05  1.54e-04 2.42e-11  1.18e-03   610s
[2019-03-25 19:54:11] SOLVER   193   3.39628715e+05  3.34172919e+05  1.44e-04 4.97e-11  1.07e-03   613s
[2019-03-25 19:54:14] SOLVER   194   3.39421724e+05  3.34278763e+05  1.34e-04 3.88e-11  1.01e-03   615s
[2019-03-25 19:54:16] SOLVER   195   3.39212210e+05  3.34541030e+05  1.24e-04 4.11e-11  9.20e-04   618s
[2019-03-25 19:54:18] SOLVER   196   3.38910518e+05  3.34878629e+05  1.11e-04 9.05e-11  7.94e-04   620s
[2019-03-25 19:54:22] SOLVER   197   3.38508402e+05  3.35202601e+05  9.27e-05 1.72e-10  6.51e-04   623s
[2019-03-25 19:54:25] SOLVER   198   3.38451724e+05  3.35270723e+05  9.02e-05 1.67e-10  6.26e-04   626s
[2019-03-25 19:54:29] SOLVER   199   3.38306421e+05  3.35331953e+05  8.39e-05 1.28e-10  5.86e-04   631s
[2019-03-25 19:54:33] SOLVER   200   3.38083138e+05  3.35606214e+05  7.41e-05 1.51e-10  4.88e-04   635s
[2019-03-25 19:54:36] SOLVER   201   3.37905443e+05  3.35736559e+05  6.62e-05 1.14e-10  4.27e-04   638s
[2019-03-25 19:54:39] SOLVER   202   3.37768714e+05  3.35772128e+05  6.03e-05 1.04e-10  3.93e-04   640s
[2019-03-25 19:54:41] SOLVER   203   3.37674541e+05  3.35833116e+05  5.62e-05 7.77e-11  3.62e-04   642s
[2019-03-25 19:54:43] SOLVER   204   3.37608621e+05  3.35867704e+05  5.34e-05 6.69e-11  3.43e-04   645s
[2019-03-25 19:54:46] SOLVER   205   3.37498958e+05  3.35879574e+05  4.87e-05 6.40e-11  3.19e-04   647s
[2019-03-25 19:54:48] SOLVER   206   3.37432278e+05  3.35898857e+05  4.57e-05 6.03e-11  3.02e-04   650s
[2019-03-25 19:54:51] SOLVER   207   3.37349675e+05  3.35957700e+05  4.22e-05 6.26e-11  2.74e-04   652s
[2019-03-25 19:54:53] SOLVER   208   3.37334412e+05  3.35970619e+05  4.15e-05 6.48e-11  2.68e-04   654s
[2019-03-25 19:54:56] SOLVER   209   3.37218753e+05  3.36038519e+05  3.69e-05 6.53e-11  2.32e-04   658s
[2019-03-25 19:55:00] SOLVER   210   3.37133616e+05  3.36049625e+05  3.34e-05 6.57e-11  2.13e-04   662s
[2019-03-25 19:55:03] SOLVER   211   3.37090249e+05  3.36081107e+05  3.16e-05 5.69e-11  1.99e-04   665s
[2019-03-25 19:55:06] SOLVER   212   3.37062697e+05  3.36088830e+05  3.04e-05 5.51e-11  1.92e-04   668s
[2019-03-25 19:55:09] SOLVER   213   3.37015777e+05  3.36108274e+05  2.83e-05 5.05e-11  1.79e-04   670s
[2019-03-25 19:55:13] SOLVER   214   3.36999267e+05  3.36112192e+05  2.76e-05 5.28e-11  1.75e-04   674s
[2019-03-25 19:55:15] SOLVER   215   3.36965446e+05  3.36134680e+05  2.60e-05 4.56e-11  1.64e-04   677s
[2019-03-25 19:55:19] SOLVER   216   3.36935815e+05  3.36161228e+05  2.48e-05 3.53e-11  1.52e-04   680s
[2019-03-25 19:55:23] SOLVER   217   3.36836185e+05  3.36213729e+05  2.05e-05 6.38e-11  1.23e-04   684s
[2019-03-25 19:55:26] SOLVER   218   3.36754955e+05  3.36243993e+05  1.68e-05 4.09e-11  1.01e-04   688s
[2019-03-25 19:55:29] SOLVER   219   3.36680317e+05  3.36264552e+05  1.35e-05 2.79e-11  8.18e-05   691s
[2019-03-25 19:55:32] SOLVER   220   3.36650876e+05  3.36275789e+05  1.22e-05 2.45e-11  7.38e-05   694s
[2019-03-25 19:55:35] SOLVER   221   3.36608934e+05  3.36290105e+05  1.05e-05 2.70e-11  6.27e-05   697s
[2019-03-25 19:55:38] SOLVER   222   3.36575337e+05  3.36301044e+05  8.88e-06 2.73e-11  5.40e-05   700s
[2019-03-25 19:55:42] SOLVER   223   3.36526070e+05  3.36315299e+05  6.62e-06 4.68e-11  4.15e-05   703s
[2019-03-25 19:55:46] SOLVER   224   3.36481442e+05  3.36326774e+05  4.63e-06 2.98e-11  3.04e-05   708s
[2019-03-25 19:55:50] SOLVER   225   3.36464394e+05  3.36340563e+05  3.88e-06 1.15e-10  2.44e-05   711s
[2019-03-25 19:55:53] SOLVER   226   3.36458251e+05  3.36344392e+05  3.61e-06 7.72e-11  2.24e-05   714s
[2019-03-25 19:55:55] SOLVER   227   3.36445317e+05  3.36350097e+05  3.04e-06 5.63e-11  1.87e-05   717s
[2019-03-25 19:55:59] SOLVER   228   3.36433043e+05  3.36351870e+05  2.53e-06 7.29e-11  1.60e-05   721s
[2019-03-25 19:56:02] SOLVER   229   3.36423963e+05  3.36355396e+05  2.12e-06 7.13e-11  1.35e-05   723s
[2019-03-25 19:56:05] SOLVER   230   3.36420248e+05  3.36358985e+05  1.96e-06 9.58e-11  1.21e-05   727s
[2019-03-25 19:56:10] SOLVER   231   3.36413626e+05  3.36361259e+05  1.69e-06 4.63e-11  1.03e-05   731s
[2019-03-25 19:56:13] SOLVER   232   3.36408362e+05  3.36365819e+05  1.45e-06 1.23e-10  8.37e-06   735s
[2019-03-25 19:56:16] SOLVER   233   3.36406844e+05  3.36366251e+05  1.38e-06 1.51e-10  7.99e-06   738s
[2019-03-25 19:56:19] SOLVER   234   3.36402409e+05  3.36366994e+05  1.19e-06 3.63e-11  6.97e-06   740s
[2019-03-25 19:56:22] SOLVER   235   3.36397031e+05  3.36369144e+05  9.46e-07 8.41e-11  5.49e-06   744s
[2019-03-25 19:56:25] SOLVER   236   3.36394540e+05  3.36369663e+05  8.38e-07 7.69e-11  4.89e-06   746s
[2019-03-25 19:56:28] SOLVER   237   3.36391438e+05  3.36370172e+05  7.13e-07 2.01e-10  4.18e-06   750s
[2019-03-25 19:56:33] SOLVER   238   3.36389129e+05  3.36371505e+05  6.12e-07 2.93e-10  3.47e-06   754s
[2019-03-25 19:56:36] SOLVER   239   3.36387174e+05  3.36372117e+05  5.23e-07 1.68e-05  2.96e-06   758s
[2019-03-25 19:56:39] SOLVER   240   3.36385201e+05  3.36372524e+05  4.35e-07 1.44e-05  2.49e-06   761s
[2019-03-25 19:56:42] SOLVER   241   3.36383226e+05  3.36372750e+05  3.46e-07 1.30e-05  2.06e-06   763s
[2019-03-25 19:56:45] SOLVER   242   3.36382258e+05  3.36373359e+05  3.06e-07 9.88e-06  1.75e-06   767s
[2019-03-25 19:56:48] SOLVER   243   3.36381637e+05  3.36373487e+05  2.78e-07 9.22e-06  1.60e-06   770s
[2019-03-25 19:56:52] SOLVER   244   3.36380800e+05  3.36374025e+05  2.42e-07 6.45e-06  1.33e-06   773s
[2019-03-25 19:56:56] SOLVER   245   3.36379565e+05  3.36374245e+05  1.91e-07 5.21e-06  1.05e-06   778s
[2019-03-25 19:57:00] SOLVER   246   3.36378484e+05  3.36374474e+05  1.45e-07 4.06e-06  7.89e-07   781s
[2019-03-25 19:57:03] SOLVER   247   3.36378044e+05  3.36374590e+05  1.24e-07 3.49e-06  6.80e-07   784s
[2019-03-25 19:57:06] SOLVER   248   3.36377569e+05  3.36374662e+05  1.03e-07 3.08e-06  5.72e-07   787s
[2019-03-25 19:57:09] SOLVER   249   3.36377362e+05  3.36374742e+05  9.44e-08 2.64e-06  5.15e-07   790s
[2019-03-25 19:57:11] SOLVER   250   3.36377320e+05  3.36374780e+05  9.25e-08 2.46e-06  5.00e-07   793s
[2019-03-25 19:57:14] SOLVER   251   3.36376954e+05  3.36374866e+05  7.85e-08 2.02e-06  4.11e-07   796s
[2019-03-25 19:57:19] SOLVER   252   3.36376662e+05  3.36374885e+05  8.75e-08 8.33e-05  3.50e-07   800s
[2019-03-25 19:57:23] SOLVER   253   3.36376438e+05  3.36375015e+05  5.16e-08 5.53e-05  2.80e-07   804s
[2019-03-25 19:57:26] SOLVER   254   3.36376295e+05  3.36375027e+05  4.59e-08 5.28e-05  2.49e-07   808s
[2019-03-25 19:57:29] SOLVER   255   3.36376238e+05  3.36375042e+05  4.38e-08 4.99e-05  2.35e-07   810s
[2019-03-25 19:57:32] SOLVER   256   3.36376143e+05  3.36375085e+05  6.05e-08 4.12e-05  2.08e-07   814s
[2019-03-25 19:57:36] SOLVER   257   3.36376141e+05  3.36375085e+05  6.03e-08 7.83e-05  2.08e-07   818s
[2019-03-25 19:57:40] SOLVER   258   3.36376089e+05  3.36375079e+05  6.07e-08 6.90e-05  1.99e-07   821s
[2019-03-25 19:57:44] SOLVER   259   3.36375700e+05  3.36375117e+05  1.21e-07 2.92e-05  1.15e-07   825s
[2019-03-25 19:57:48] SOLVER   260   3.36375700e+05  3.36375117e+05  1.21e-07 2.92e-05  1.15e-07   829s
[2019-03-25 19:57:52] SOLVER   261   3.36375641e+05  3.36375154e+05  1.03e-07 4.90e-05  9.68e-08   833s
[2019-03-25 19:57:55] SOLVER   262   3.36375626e+05  3.36375162e+05  9.86e-08 4.63e-05  9.23e-08   837s
[2019-03-25 19:57:55] SOLVER   Barrier solved model in 262 iterations and 836.85 seconds
[2019-03-25 19:57:55] SOLVER   Optimal objective 3.36375626e+05
[2019-03-25 19:57:57] SOLVER   Crossover log...
[2019-03-25 19:57:59] SOLVER   315955 DPushes remaining with DInf 5.9895141e+03               840s
[2019-03-25 19:58:10] SOLVER   64663 DPushes remaining with DInf 5.3906468e+03               852s
[2019-03-25 19:58:22] SOLVER   31655 DPushes remaining with DInf 4.2007557e+03               864s
[2019-03-25 19:58:24] SOLVER   26933 DPushes remaining with DInf 4.2075803e+03               866s
[2019-03-25 19:58:30] SOLVER   23890 DPushes remaining with DInf 4.2067525e+03               871s
[2019-03-25 19:58:33] SOLVER   22250 DPushes remaining with DInf 4.1773556e+03               875s
[2019-03-25 19:58:39] SOLVER   19433 DPushes remaining with DInf 4.1378185e+03               880s
[2019-03-25 19:58:44] SOLVER   15123 DPushes remaining with DInf 4.0973192e+03               886s
[2019-03-25 19:58:50] SOLVER   12135 DPushes remaining with DInf 4.0886035e+03               892s
[2019-03-25 19:58:54] SOLVER   967 DPushes remaining with DInf 4.0352372e+03               895s
[2019-03-25 19:58:54] SOLVER   0 DPushes remaining with DInf 4.0186062e+03               896s
[2019-03-25 19:58:55] SOLVER   323942 PPushes remaining with PInf 6.9372375e+00               896s
[2019-03-25 19:58:59] SOLVER   216847 PPushes remaining with PInf 4.0258484e+00               901s
[2019-03-25 19:59:04] SOLVER   151665 PPushes remaining with PInf 3.0542850e+00               906s
[2019-03-25 19:59:09] SOLVER   119500 PPushes remaining with PInf 2.1822414e+00               911s
[2019-03-25 19:59:15] SOLVER   98294 PPushes remaining with PInf 1.8481674e+00               916s
[2019-03-25 19:59:24] SOLVER   85792 PPushes remaining with PInf 1.3597188e+00               926s
[2019-03-25 19:59:31] SOLVER   79437 PPushes remaining with PInf 1.2426595e+00               932s
[2019-03-25 19:59:35] SOLVER   74287 PPushes remaining with PInf 1.0915691e+00               936s
[2019-03-25 19:59:39] SOLVER   69564 PPushes remaining with PInf 9.6969310e-01               940s
[2019-03-25 19:59:45] SOLVER   62651 PPushes remaining with PInf 9.1331998e-01               947s
[2019-03-25 19:59:49] SOLVER   57224 PPushes remaining with PInf 9.0132017e-01               951s
[2019-03-25 19:59:56] SOLVER   52679 PPushes remaining with PInf 8.7796486e-01               957s
[2019-03-25 20:00:17] SOLVER   42159 PPushes remaining with PInf 8.1910252e-01               979s
[2019-03-25 20:00:21] SOLVER   38187 PPushes remaining with PInf 7.9196142e-01               983s
[2019-03-25 20:00:24] SOLVER   35182 PPushes remaining with PInf 7.8037650e-01               985s
[2019-03-25 20:00:55] SOLVER   15889 PPushes remaining with PInf 4.8348189e+03              1017s
[2019-03-25 20:01:10] SOLVER   14907 PPushes remaining with PInf 3.5313452e+03              1031s
[2019-03-25 20:01:18] SOLVER   14088 PPushes remaining with PInf 2.1430684e+03              1040s
[2019-03-25 20:01:31] SOLVER   13328 PPushes remaining with PInf 1.9995513e+03              1053s
[2019-03-25 20:01:43] SOLVER   12528 PPushes remaining with PInf 1.7688719e+03              1064s
[2019-03-25 20:02:00] SOLVER   11961 PPushes remaining with PInf 1.3917512e+03              1081s
[2019-03-25 20:02:00] SOLVER   Push phase complete: Pinf 1.3917512e+03, Dinf 4.6787177e+03   1082s
[2019-03-25 20:02:01] SOLVER   Iteration    Objective       Primal Inf.    Dual Inf.      Time
[2019-03-25 20:02:01] SOLVER   473201    3.3668866e+05   2.532185e+06   0.000000e+00   1083s
[2019-03-25 20:03:19] SOLVER   473861    3.3664178e+05   2.413569e+07   0.000000e+00   1161s
[2019-03-25 20:04:21] SOLVER   474605    3.3664681e+05   4.674365e+07   0.000000e+00   1223s
[2019-03-25 20:05:12] SOLVER   475349    3.3665112e+05   2.653948e+07   0.000000e+00   1273s
[2019-03-25 20:05:54] SOLVER   476093    3.3665448e+05   1.352328e+07   0.000000e+00   1316s
[2019-03-25 20:07:13] SOLVER   476837    3.3665689e+05   1.026369e+07   0.000000e+00   1394s
[2019-03-25 20:08:53] SOLVER   477581    3.3665944e+05   2.107463e+08   0.000000e+00   1494s
[2019-03-25 20:09:53] SOLVER   478325    3.3666333e+05   6.515944e+07   0.000000e+00   1554s
[2019-03-25 20:11:31] SOLVER   479069    3.3666430e+05   2.409553e+08   0.000000e+00   1653s
[2019-03-25 20:13:01] SOLVER   479813    3.3666607e+05   5.184690e+08   0.000000e+00   1743s
[2019-03-25 20:13:57] SOLVER   480557    3.3666999e+05   1.958737e+09   0.000000e+00   1799s
[2019-03-25 20:15:41] SOLVER   481301    3.3667113e+05   2.899397e+08   0.000000e+00   1902s
[2019-03-25 20:16:25] SOLVER   482045    3.3667274e+05   4.351433e+07   0.000000e+00   1947s
[2019-03-25 20:17:17] SOLVER   482789    3.3667441e+05   2.220731e+08   0.000000e+00   1999s
[2019-03-25 20:17:33] SOLVER   483533    3.3667518e+05   2.252397e+08   0.000000e+00   2015s
[2019-03-25 20:19:17] SOLVER   484277    3.3667670e+05   1.412696e+09   0.000000e+00   2118s
[2019-03-25 20:19:51] SOLVER   485021    3.3667820e+05   8.528340e+07   0.000000e+00   2153s
[2019-03-25 20:21:42] SOLVER   485765    3.3667989e+05   6.403869e+07   0.000000e+00   2264s
[2019-03-25 20:23:41] SOLVER   486509    3.3668170e+05   5.457344e+06   0.000000e+00   2383s
[2019-03-25 20:25:45] SOLVER   487253    3.3668230e+05   8.563290e+07   0.000000e+00   2507s
[2019-03-25 20:27:53] SOLVER   487997    3.3668397e+05   6.794508e+07   0.000000e+00   2634s
[2019-03-25 20:29:36] SOLVER   488741    3.3668480e+05   1.068045e+07   0.000000e+00   2738s
[2019-03-25 20:30:44] SOLVER   489485    3.3668629e+05   1.726223e+08   0.000000e+00   2805s
[2019-03-25 20:32:56] SOLVER   490229    3.3668782e+05   1.374581e+08   0.000000e+00   2937s
[2019-03-25 20:34:34] SOLVER   490973    3.3668896e+05   6.209473e+06   0.000000e+00   3036s
[2019-03-25 20:36:15] SOLVER   491717    3.3669059e+05   4.648470e+06   0.000000e+00   3137s
[2019-03-25 20:37:41] SOLVER   492461    3.3669158e+05   2.130286e+07   0.000000e+00   3223s
[2019-03-25 20:39:33] SOLVER   493205    3.3669259e+05   5.509681e+07   0.000000e+00   3334s
[2019-03-25 20:40:40] SOLVER   493949    3.3669347e+05   6.792674e+06   0.000000e+00   3401s
[2019-03-25 20:41:26] SOLVER   494693    3.3669419e+05   1.602314e+06   0.000000e+00   3448s
[2019-03-25 20:42:05] SOLVER   495437    3.3669486e+05   4.764551e+06   0.000000e+00   3487s
[2019-03-25 20:43:44] SOLVER   496057    3.3669582e+05   1.028138e+08   0.000000e+00   3586s
[2019-03-25 20:45:24] SOLVER   496747    3.3669719e+05   3.961565e+07   0.000000e+00   3685s
[2019-03-25 20:47:08] SOLVER   497457    3.3669834e+05   2.674664e+07   0.000000e+00   3790s
[2019-03-25 20:48:51] SOLVER   498127    3.3669955e+05   1.862975e+07   0.000000e+00   3893s
[2019-03-25 20:50:51] SOLVER   498837    3.3670037e+05   1.398872e+08   0.000000e+00   4013s
[2019-03-25 20:52:28] SOLVER   499581    3.3670122e+05   3.217251e+08   0.000000e+00   4109s
[2019-03-25 20:54:35] SOLVER   500231    3.3670255e+05   4.454848e+07   0.000000e+00   4237s
[2019-03-25 20:56:22] SOLVER   500975    3.3670395e+05   7.081061e+09   0.000000e+00   4344s
[2019-03-25 20:57:20] SOLVER   501719    3.3670769e+05   3.842080e+07   0.000000e+00   4402s
[2019-03-25 20:59:29] SOLVER   502449    3.3670885e+05   6.996175e+06   0.000000e+00   4531s
[2019-03-25 21:01:29] SOLVER   503139    3.3670963e+05   9.392577e+06   0.000000e+00   4651s
[2019-03-25 21:03:34] SOLVER   503869    3.3671022e+05   2.836517e+06   0.000000e+00   4775s
[2019-03-25 21:05:27] SOLVER   504613    3.3671073e+05   3.971705e+06   0.000000e+00   4889s
[2019-03-25 21:07:20] SOLVER   505357    3.3671122e+05   2.685279e+06   0.000000e+00   5002s
[2019-03-25 21:09:15] SOLVER   506101    3.3671165e+05   9.137957e+05   0.000000e+00   5116s
[2019-03-25 21:11:11] SOLVER   506721    3.3671203e+05   4.321229e+06   0.000000e+00   5232s
[2019-03-25 21:12:41] SOLVER   507465    3.3671255e+05   7.627322e+05   0.000000e+00   5323s
[2019-03-25 21:13:20] SOLVER   508209    3.3672071e+05   1.397142e+07   0.000000e+00   5361s
[2019-03-25 21:14:54] SOLVER   508953    3.3672123e+05   2.026730e+05   0.000000e+00   5456s
[2019-03-25 21:15:51] SOLVER   509697    3.3672163e+05   1.674338e+06   0.000000e+00   5513s
[2019-03-25 21:17:20] SOLVER   510441    3.3672192e+05   1.393952e+06   0.000000e+00   5602s
[2019-03-25 21:19:27] SOLVER   511071    3.3672218e+05   4.050651e+05   0.000000e+00   5728s
[2019-03-25 21:21:14] SOLVER   511811    3.3672263e+05   1.137800e+07   0.000000e+00   5835s
[2019-03-25 21:22:19] SOLVER   512555    3.3672306e+05   4.404528e+05   0.000000e+00   5901s
[2019-03-25 21:23:20] SOLVER   513299    3.3672342e+05   1.856682e+06   0.000000e+00   5961s
[2019-03-25 21:25:04] SOLVER   513969    3.3672367e+05   2.590420e+05   0.000000e+00   6065s
[2019-03-25 21:26:46] SOLVER   514649    3.3672388e+05   2.435220e+06   0.000000e+00   6168s
[2019-03-25 21:28:13] SOLVER   515393    3.3672426e+05   8.333892e+07   0.000000e+00   6255s
[2019-03-25 21:29:23] SOLVER   516137    3.3672451e+05   7.167900e+06   0.000000e+00   6324s
[2019-03-25 21:31:03] SOLVER   516777    3.3672470e+05   1.328724e+05   0.000000e+00   6425s
[2019-03-25 21:32:41] SOLVER   517447    3.3672497e+05   4.207233e+05   0.000000e+00   6523s
[2019-03-25 21:34:23] SOLVER   518097    3.3672533e+05   2.060886e+06   0.000000e+00   6624s
[2019-03-25 21:36:07] SOLVER   518841    3.3672563e+05   3.101863e+04   0.000000e+00   6729s
[2019-03-25 21:38:02] SOLVER   519581    3.3672593e+05   2.227788e+05   0.000000e+00   6844s
[2019-03-25 21:39:31] SOLVER   520325    3.3672611e+05   2.267654e+04   0.000000e+00   6933s
[2019-03-25 21:40:50] SOLVER   521069    3.3672636e+05   1.934044e+05   0.000000e+00   7012s
[2019-03-25 21:42:29] SOLVER   521699    3.3672657e+05   6.964503e+05   0.000000e+00   7110s
[2019-03-25 21:43:58] SOLVER   522443    3.3672692e+05   1.425542e+07   0.000000e+00   7200s
[2019-03-25 21:45:26] SOLVER   523187    3.3672714e+05   1.786339e+04   0.000000e+00   7288s
[2019-03-25 21:47:13] SOLVER   523931    3.3672730e+05   4.107916e+04   0.000000e+00   7394s
[2019-03-25 21:49:10] SOLVER   524641    3.3672742e+05   1.112284e+05   0.000000e+00   7512s
[2019-03-25 21:51:04] SOLVER   525331    3.3672757e+05   2.772275e+05   0.000000e+00   7625s
[2019-03-25 21:52:50] SOLVER   526051    3.3672781e+05   9.917816e+05   0.000000e+00   7732s
[2019-03-25 21:54:48] SOLVER   526741    3.3672808e+05   7.769812e+05   0.000000e+00   7849s
[2019-03-25 21:56:16] SOLVER   527485    3.3672858e+05   8.332355e+05   0.000000e+00   7938s
[2019-03-25 21:58:07] SOLVER   528229    3.3672903e+05   2.870852e+05   0.000000e+00   8049s
[2019-03-25 22:00:03] SOLVER   528949    3.3672934e+05   1.160040e+05   0.000000e+00   8165s
[2019-03-25 22:01:48] SOLVER   529609    3.3672954e+05   5.125292e+06   0.000000e+00   8269s
[2019-03-25 22:03:21] SOLVER   530259    3.3672980e+05   8.671761e+06   0.000000e+00   8363s
[2019-03-25 22:04:58] SOLVER   530949    3.3673005e+05   2.347276e+06   0.000000e+00   8460s
[2019-03-25 22:06:31] SOLVER   531659    3.3673046e+05   1.905848e+06   0.000000e+00   8552s
[2019-03-25 22:08:00] SOLVER   532359    3.3673088e+05   1.071530e+06   0.000000e+00   8641s
[2019-03-25 22:09:28] SOLVER   533089    3.3673134e+05   2.577280e+05   0.000000e+00   8729s
[2019-03-25 22:10:57] SOLVER   533789    3.3673181e+05   7.532141e+04   0.000000e+00   8819s
[2019-03-25 22:12:33] SOLVER   534533    3.3673205e+05   5.228908e+05   0.000000e+00   8914s
[2019-03-25 22:14:14] SOLVER   535143    3.3673225e+05   1.813495e+05   0.000000e+00   9015s
[2019-03-25 22:15:56] SOLVER   535763    3.3673257e+05   2.628316e+06   0.000000e+00   9118s
[2019-03-25 22:17:35] SOLVER   536507    3.3673271e+05   3.151123e+05   0.000000e+00   9216s
[2019-03-25 22:19:20] SOLVER   537227    3.3673285e+05   1.073323e+06   0.000000e+00   9321s
[2019-03-25 22:21:01] SOLVER   537917    3.3673300e+05   2.695383e+05   0.000000e+00   9423s
[2019-03-25 22:22:43] SOLVER   538567    3.3673313e+05   1.090374e+05   0.000000e+00   9524s
[2019-03-25 22:24:26] SOLVER   539187    3.3673336e+05   2.303547e+05   0.000000e+00   9628s
[2019-03-25 22:26:09] SOLVER   539807    3.3673353e+05   1.078179e+05   0.000000e+00   9731s
[2019-03-25 22:27:52] SOLVER   540537    3.3673365e+05   9.216412e+04   0.000000e+00   9834s
[2019-03-25 22:29:34] SOLVER   541197    3.3673379e+05   1.639294e+05   0.000000e+00   9936s
[2019-03-25 22:31:16] SOLVER   541787    3.3673392e+05   6.970215e+04   0.000000e+00  10037s
[2019-03-25 22:32:56] SOLVER   542531    3.3673400e+05   2.001475e+04   0.000000e+00  10137s
[2019-03-25 22:34:41] SOLVER   543271    3.3673407e+05   2.721529e+03   0.000000e+00  10243s
[2019-03-25 22:36:25] SOLVER   544015    3.3673415e+05   6.038276e+05   0.000000e+00  10347s
[2019-03-25 22:38:06] SOLVER   544759    3.3673423e+05   4.416421e+02   0.000000e+00  10448s
[2019-03-25 22:39:47] SOLVER   545419    3.3673427e+05   1.619780e+04   0.000000e+00  10548s
[2019-03-25 22:41:29] SOLVER   546129    3.3673431e+05   4.061340e+03   0.000000e+00  10651s
[2019-03-25 22:43:12] SOLVER   546809    3.3673435e+05   2.129337e+02   0.000000e+00  10754s
[2019-03-25 22:44:57] SOLVER   547489    3.3673438e+05   4.294743e+02   0.000000e+00  10859s
[2019-03-25 22:46:35] SOLVER   548159    3.3673439e+05   1.235680e+04   0.000000e+00  10957s
[2019-03-25 22:48:16] SOLVER   548809    3.3673440e+05   4.953859e+03   0.000000e+00  11057s
[2019-03-25 22:49:38] SOLVER   549347    3.3673440e+05   0.000000e+00   0.000000e+00  11140s
[2019-03-25 22:51:05] SOLVER   549937    3.3639741e+05   0.000000e+00   1.021160e+04  11227s
[2019-03-25 22:52:38] SOLVER   550677    3.3639684e+05   0.000000e+00   1.041267e+04  11320s
[2019-03-25 22:54:23] SOLVER   551297    3.3639621e+05   0.000000e+00   7.364678e+03  11424s
[2019-03-25 22:56:05] SOLVER   551887    3.3639589e+05   0.000000e+00   5.593979e+03  11526s
[2019-03-25 22:57:46] SOLVER   552477    3.3639561e+05   0.000000e+00   3.220178e+03  11628s
[2019-03-25 22:59:24] SOLVER   553057    3.3639538e+05   0.000000e+00   5.228049e+03  11726s
[2019-03-25 23:01:01] SOLVER   553801    3.3639412e+05   0.000000e+00   9.673517e+05  11823s
[2019-03-25 23:02:38] SOLVER   554481    3.3639374e+05   0.000000e+00   7.855752e+02  11920s
[2019-03-25 23:04:11] SOLVER   555225    3.3639284e+05   0.000000e+00   2.372102e+05  12012s
[2019-03-25 23:05:36] SOLVER   555905    3.3639248e+05   0.000000e+00   2.307032e+03  12097s
[2019-03-25 23:07:10] SOLVER   556595    3.3639200e+05   0.000000e+00   1.248170e+06  12192s
[2019-03-25 23:08:41] SOLVER   557343    3.3639071e+05   0.000000e+00   6.066726e+05  12283s
[2019-03-25 23:10:06] SOLVER   558088    3.3639015e+05   0.000000e+00   6.110725e+06  12367s
[2019-03-25 23:11:34] SOLVER   558798    3.3638996e+05   0.000000e+00   1.910939e+03  12456s
[2019-03-25 23:13:06] SOLVER   559348    3.3638988e+05   0.000000e+00   5.566635e+03  12548s
[2019-03-25 23:14:41] SOLVER   559948    3.3638979e+05   0.000000e+00   1.035877e+03  12642s
[2019-03-25 23:16:18] SOLVER   560578    3.3638958e+05   0.000000e+00   9.392136e+02  12740s
[2019-03-25 23:17:53] SOLVER   561249    3.3638910e+05   0.000000e+00   1.340012e+04  12835s
[2019-03-25 23:19:35] SOLVER   561993    3.3638831e+05   0.000000e+00   2.916378e+04  12937s
[2019-03-25 23:21:09] SOLVER   562739    3.3638748e+05   0.000000e+00   2.138152e+05  13030s
[2019-03-25 23:22:23] SOLVER   563486    3.3638664e+05   0.000000e+00   7.788070e+04  13105s
[2019-03-25 23:23:57] SOLVER   564239    3.3638581e+05   0.000000e+00   9.401056e+04  13198s
[2019-03-25 23:25:38] SOLVER   564983    3.3638554e+05   0.000000e+00   9.053790e+02  13300s
[2019-03-25 23:27:22] SOLVER   565623    3.3638550e+05   0.000000e+00   6.894605e+02  13404s
[2019-03-25 23:28:19] SOLVER   566369    3.3638498e+05   0.000000e+00   2.747325e+06  13460s
[2019-03-25 23:29:21] SOLVER   567114    3.3638465e+05   0.000000e+00   9.120463e+02  13522s
[2019-03-25 23:29:46] SOLVER   567859    3.3638444e+05   0.000000e+00   1.545806e+04  13548s
[2019-03-25 23:30:46] SOLVER   568604    3.3638406e+05   0.000000e+00   1.915069e+06  13608s
[2019-03-25 23:31:12] SOLVER   569348    3.3638393e+05   0.000000e+00   5.133317e+02  13634s
[2019-03-25 23:32:13] SOLVER   569958    3.3638387e+05   0.000000e+00   2.393400e+02  13694s
[2019-03-25 23:33:10] SOLVER   570568    3.3638379e+05   0.000000e+00   7.067500e+03  13752s
[2019-03-25 23:34:10] SOLVER   571218    3.3638332e+05   0.000000e+00   4.279447e+05  13811s
[2019-03-25 23:34:54] SOLVER   571962    3.3638306e+05   0.000000e+00   3.726461e+03  13855s
[2019-03-25 23:35:49] SOLVER   572708    3.3638270e+05   0.000000e+00   6.090132e+03  13911s
[2019-03-25 23:36:54] SOLVER   573448    3.3638261e+05   0.000000e+00   2.845853e+02  13975s
[2019-03-25 23:37:48] SOLVER   574193    3.3638241e+05   0.000000e+00   2.362740e+05  14030s
[2019-03-25 23:38:19] SOLVER   574938    3.3638208e+05   0.000000e+00   1.246762e+05  14061s
[2019-03-25 23:38:56] SOLVER   575725    3.3638112e+05   0.000000e+00   7.630399e+05  14098s
[2019-03-25 23:39:38] SOLVER   576484    3.3638082e+05   0.000000e+00   4.992935e+05  14140s
[2019-03-25 23:40:12] SOLVER   577229    3.3638047e+05   0.000000e+00   9.759040e+05  14173s
[2019-03-25 23:40:55] SOLVER   577985    3.3638025e+05   0.000000e+00   2.205538e+06  14217s
[2019-03-25 23:41:29] SOLVER   578736    3.3637986e+05   0.000000e+00   5.828505e+05  14251s
[2019-03-25 23:42:04] SOLVER   579484    3.3637948e+05   0.000000e+00   8.720946e+05  14286s
[2019-03-25 23:43:03] SOLVER   580196    3.3637930e+05   0.000000e+00   4.757865e+06  14344s
[2019-03-25 23:43:46] SOLVER   580944    3.3637874e+05   0.000000e+00   2.163852e+03  14388s
[2019-03-25 23:44:09] SOLVER   581700    3.3637848e+05   0.000000e+00   1.494764e+06  14410s
[2019-03-25 23:44:48] SOLVER   582450    3.3637822e+05   0.000000e+00   5.665469e+05  14450s
[2019-03-25 23:45:30] SOLVER   583199    3.3637800e+05   0.000000e+00   1.133398e+04  14492s
[2019-03-25 23:46:19] SOLVER   583946    3.3637784e+05   0.000000e+00   5.613750e+04  14541s
[2019-03-25 23:46:45] SOLVER   584692    3.3637767e+05   0.000000e+00   1.526429e+06  14566s
[2019-03-25 23:47:28] SOLVER   585437    3.3637761e+05   0.000000e+00   1.341417e+02  14610s
[2019-03-25 23:48:25] SOLVER   586184    3.3637747e+05   0.000000e+00   1.709458e+04  14666s
[2019-03-25 23:48:32] SOLVER   586932    3.3637743e+05   0.000000e+00   3.065304e+05  14673s
[2019-03-25 23:48:39] SOLVER   588882    3.3637737e+05   0.000000e+00   4.168989e+02  14680s
[2019-03-25 23:49:39] SOLVER   589602    3.3637728e+05   0.000000e+00   4.683490e+04  14740s
[2019-03-25 23:50:40] SOLVER   590282    3.3637723e+05   0.000000e+00   1.247153e+04  14802s
[2019-03-25 23:51:16] SOLVER   591034    3.3637714e+05   0.000000e+00   1.587218e+06  14838s
[2019-03-25 23:51:54] SOLVER   591791    3.3637691e+05   0.000000e+00   3.828376e+05  14875s
[2019-03-25 23:52:03] SOLVER   593222    3.3637676e+05   0.000000e+00   3.071315e+04  14885s
[2019-03-25 23:53:03] SOLVER   593882    3.3637666e+05   0.000000e+00   2.937811e+03  14945s
[2019-03-25 23:53:36] SOLVER   594627    3.3637650e+05   0.000000e+00   2.886969e+02  14977s
[2019-03-25 23:54:35] SOLVER   595371    3.3637626e+05   0.000000e+00   3.119599e+02  15036s
[2019-03-25 23:55:02] SOLVER   596119    3.3637601e+05   0.000000e+00   1.723676e+05  15064s
[2019-03-25 23:55:35] SOLVER   596864    3.3637577e+05   0.000000e+00   1.778749e+03  15096s
[2019-03-25 23:56:19] SOLVER   597608    3.3637561e+05   0.000000e+00   2.613476e+04  15140s
[2019-03-25 23:56:50] SOLVER   598353    3.3637550e+05   0.000000e+00   4.868061e+03  15171s
[2019-03-25 23:57:26] SOLVER   599097    3.3637546e+05   0.000000e+00   7.398374e+02  15207s
[2019-03-25 23:58:02] SOLVER   599843    3.3637530e+05   0.000000e+00   1.585643e+04  15244s
[2019-03-25 23:58:51] SOLVER   600589    3.3637515e+05   0.000000e+00   2.831637e+03  15292s
[2019-03-25 23:59:14] SOLVER   601342    3.3637501e+05   0.000000e+00   2.143956e+02  15315s
[2019-03-25 23:59:51] SOLVER   602087    3.3637487e+05   0.000000e+00   1.357156e+02  15353s
[2019-03-26 00:00:36] SOLVER   602834    3.3637477e+05   0.000000e+00   2.195342e+08  15398s
[2019-03-26 00:01:22] SOLVER   603579    3.3637460e+05   0.000000e+00   1.672030e+01  15444s
[2019-03-26 00:02:04] SOLVER   604333    3.3637446e+05   0.000000e+00   5.800365e+03  15485s
[2019-03-26 00:02:36] SOLVER   605083    3.3637434e+05   0.000000e+00   1.096507e+04  15517s
[2019-03-26 00:03:05] SOLVER   605828    3.3637427e+05   0.000000e+00   7.746745e+03  15547s
[2019-03-26 00:03:45] SOLVER   606576    3.3637419e+05   0.000000e+00   4.037855e+03  15586s
[2019-03-26 00:04:21] SOLVER   607329    3.3637412e+05   0.000000e+00   8.602163e+01  15623s
[2019-03-26 00:04:52] SOLVER   608099    3.3637399e+05   0.000000e+00   4.058493e+02  15653s
[2019-03-26 00:05:26] SOLVER   608861    3.3637394e+05   0.000000e+00   7.539309e+02  15687s
[2019-03-26 00:06:06] SOLVER   609614    3.3637390e+05   0.000000e+00   2.507633e+03  15727s
[2019-03-26 00:06:41] SOLVER   610361    3.3637385e+05   0.000000e+00   2.063035e+00  15763s
[2019-03-26 00:07:24] SOLVER   611110    3.3637381e+05   0.000000e+00   8.752991e+00  15805s
[2019-03-26 00:07:58] SOLVER   611857    3.3637378e+05   0.000000e+00   1.105947e+02  15840s
[2019-03-26 00:08:39] SOLVER   612606    3.3637375e+05   0.000000e+00   1.361478e+02  15880s
[2019-03-26 00:09:08] SOLVER   613352    3.3637373e+05   0.000000e+00   5.872944e+00  15910s
[2019-03-26 00:09:54] SOLVER   614096    3.3637372e+05   0.000000e+00   1.110059e+00  15955s
[2019-03-26 00:10:40] SOLVER   614842    3.3637370e+05   0.000000e+00   2.348220e-01  16001s
[2019-03-26 00:11:33] SOLVER   615600    3.3637367e+05   0.000000e+00   2.271138e+00  16054s
[2019-03-26 00:11:54] SOLVER   615843    3.3637530e+05   6.952754e+01   0.000000e+00  16075s
[2019-03-26 00:12:53] SOLVER   616553    3.3637530e+05   1.828805e-03   0.000000e+00  16135s
[2019-03-26 00:13:16] SOLVER   616795    3.3637530e+05   2.048323e-03   0.000000e+00  16157s
[2019-03-26 00:13:32] SOLVER   616850    3.3637530e+05   0.000000e+00   1.505197e-02  16173s
[2019-03-26 00:13:41] SOLVER   Extra 85 simplex iterations after uncrush
[2019-03-26 00:13:41] SOLVER   616935    3.3637530e+05   0.000000e+00   0.000000e+00  16182s
[2019-03-26 00:13:41] SOLVER   Solved in 616935 iterations and 16182.24 seconds
[2019-03-26 00:13:41] SOLVER   Optimal objective  3.363753013e+05
[2019-03-26 00:13:41] SOLVER   Changed value of parameter LogFile to
[2019-03-26 00:13:41] SOLVER   Prev: /cluster/work/cpesm/trtim/ose-model-comparison/tmpm6c09_4o.log  Default:
[2019-03-26 00:15:25] INFO     Backend: solver finished running. Time since start: 5:01:56.054900
[2019-03-26 00:15:27] INFO     Backend: loaded results
[2019-03-26 00:16:13] INFO     Backend: generated solution array. Time since start: 5:02:44.085333
[2019-03-26 00:16:13] INFO     Postprocessing: started
[2019-03-26 00:17:50] INFO     Postprocessing: zero threshold of 1e-10 not required
[2019-03-26 00:17:50] INFO     Postprocessing: ended. Time since start: 5:04:20.670742
[2019-03-26 00:17:50] WARNING  /cluster/work/cpesm/trtim/.conda/envs/ose-model-comparison/lib/python3.6/site-packages/distributed/config.py:20: YAMLLoadWarning:

calling yaml.load() without Loader=... is deprecated, as the default Loader is unsafe. Please read https://msg.pyyaml.org/load for full details.


HDF5-DIAG: Error detected in HDF5 (1.10.4) thread 47149664550528:
 #000: H5F.c line 444 in H5Fcreate(): unable to create file
   major: File accessibilty
   minor: Unable to open file
 #001: H5Fint.c line 1364 in H5F__create(): unable to open file
   major: File accessibilty
   minor: Unable to open file
 #002: H5Fint.c line 1559 in H5F_open(): unable to open file: name = '/cluster/work/cpesm/trtim/ose-model-comparison/build/output/minus4/05.nc', tent_flags = 13
   major: File accessibilty
   minor: Unable to open file
 #003: H5FD.c line 734 in H5FD_open(): open failed
   major: Virtual File Layer
   minor: Unable to initialize object
 #004: H5FDsec2.c line 346 in H5FD_sec2_open(): unable to open file: name = '/cluster/work/cpesm/trtim/ose-model-comparison/build/output/minus4/05.nc', errno = 2, error message = 'No such file or directory', flags = 13, o_flags = 242
   major: File accessibilty
   minor: Unable to open file
Calliope 0.6.4-dev starting at 2019-03-25 19:13:29

Model name:   Open Source Modelling -- Euro Calliope model
Model size:   34 locations, 17 technologies, 4380 timesteps

Starting model run...
Saving NetCDF results to file: build/output/minus4/05.nc

Error in save_netcdf:
[Errno 13] Permission denied: b'/cluster/work/cpesm/trtim/ose-model-comparison/build/output/minus4/05.nc'

Calliope run aborted due to an error. Elapsed: 18261.8 seconds (time at exit: 2019-03-26 00:17:51)


PS:

Fail to open output file build/output/minus4/05.log: No such file or directory.
Output is stored in this mail.
