[2019-03-21 19:12:10] INFO     Model: initialising
[2019-03-21 19:12:11] INFO     `run.solver_options.FeasibilityTol`:0.0001 applied from override as new configuration
`run.solver_options.OptimalityTol`:0.0001 applied from override as new configuration
[2019-03-21 19:12:11] INFO     Using scenario `baseline` leading to the application of overrides `['diw_assumptions', 'diw_battery_baseline_cost', 'equal_interest_rate', 'no_hydrogen']`.
[2019-03-21 19:12:11] INFO     `locations.ALB.techs.hydrogen.exists`:False applied from override as new configuration
`locations.AUT.techs.hydrogen.exists`:False applied from override as new configuration
`locations.BEL.techs.hydrogen.exists`:False applied from override as new configuration
`locations.BGR.techs.hydrogen.exists`:False applied from override as new configuration
`locations.BIH.techs.hydrogen.exists`:False applied from override as new configuration
`locations.CHE.techs.hydrogen.exists`:False applied from override as new configuration
`locations.CYP.techs.hydrogen.exists`:False applied from override as new configuration
`locations.CZE.techs.hydrogen.exists`:False applied from override as new configuration
`locations.DEU.techs.hydrogen.exists`:False applied from override as new configuration
`locations.DNK.techs.hydrogen.exists`:False applied from override as new configuration
`locations.ESP.techs.hydrogen.exists`:False applied from override as new configuration
`locations.EST.techs.hydrogen.exists`:False applied from override as new configuration
`locations.FIN.techs.hydrogen.exists`:False applied from override as new configuration
`locations.FRA.techs.hydrogen.exists`:False applied from override as new configuration
`locations.GBR.techs.hydrogen.exists`:False applied from override as new configuration
`locations.GRC.techs.hydrogen.exists`:False applied from override as new configuration
`locations.HRV.techs.hydrogen.exists`:False applied from override as new configuration
`locations.HUN.techs.hydrogen.exists`:False applied from override as new configuration
`locations.IRL.techs.hydrogen.exists`:False applied from override as new configuration
`locations.ITA.techs.hydrogen.exists`:False applied from override as new configuration
`locations.LTU.techs.hydrogen.exists`:False applied from override as new configuration
`locations.LUX.techs.hydrogen.exists`:False applied from override as new configuration
`locations.LVA.techs.hydrogen.exists`:False applied from override as new configuration
`locations.MKD.techs.hydrogen.exists`:False applied from override as new configuration
`locations.MNE.techs.hydrogen.exists`:False applied from override as new configuration
`locations.NLD.techs.hydrogen.exists`:False applied from override as new configuration
`locations.NOR.techs.hydrogen.exists`:False applied from override as new configuration
`locations.POL.techs.hydrogen.exists`:False applied from override as new configuration
`locations.PRT.techs.hydrogen.exists`:False applied from override as new configuration
`locations.ROU.techs.hydrogen.exists`:False applied from override as new configuration
`locations.SRB.techs.hydrogen.exists`:False applied from override as new configuration
`locations.SVK.techs.hydrogen.exists`:False applied from override as new configuration
`locations.SVN.techs.hydrogen.exists`:False applied from override as new configuration
`locations.SWE.techs.hydrogen.exists`:False applied from override as new configuration
`tech_groups.conversion.costs.monetary.interest_rate`:0.04 applied from override as new configuration
`tech_groups.conversion_plus.costs.monetary.interest_rate`:0.04 applied from override as new configuration
`tech_groups.storage.costs.monetary.interest_rate`:0.04 applied from override as new configuration
`tech_groups.supply.costs.monetary.interest_rate`:0.04 applied from override as new configuration
`tech_groups.supply_plus.costs.monetary.interest_rate`:0.04 applied from override as new configuration
`tech_groups.transmission.costs.monetary.interest_rate`:0.04 applied from override as new configuration
Override applied to techs.battery.costs.monetary.energy_cap: 713470 -> 135140
`techs.battery.costs.monetary.interest_rate`:0.04 applied from override as new configuration
Override applied to techs.battery.costs.monetary.om_annual: 12480 -> 0
Override applied to techs.battery.costs.monetary.om_prod: 2.8 -> 0
Override applied to techs.battery.costs.monetary.storage_cap: 322730 -> 315320
`techs.battery.energy_eff`:0.9591663046625439 applied from override as new configuration
Override applied to techs.ccgt.costs.monetary.om_con: 37.61 -> 31.68
Override applied to techs.ccgt.costs.monetary.om_prod: 0.132 -> 14.832
Override applied to techs.coal.costs.monetary.om_con: 10.92 -> 9.72
Override applied to techs.coal.costs.monetary.om_prod: 1.315 -> 25.915
Override applied to techs.lignite.costs.monetary.om_con: 10.92 -> 3.96
Override applied to techs.lignite.costs.monetary.om_prod: 1.315 -> 28.615
Override applied to techs.nuclear.costs.monetary.om_con: 6.4 -> 1.69
Override applied to techs.nuclear.costs.monetary.om_prod: 0.658 -> 1.018
[2019-03-21 19:12:12] INFO     Model: preprocessing stage 1 (model_run)
[2019-03-21 19:12:21] INFO     Model: preprocessing stage 2 (model_data)
[2019-03-21 19:13:53] INFO     Model: preprocessing complete. Time since start: 0:01:43.613851
[2019-03-21 19:13:53] INFO     Backend: starting model run
[2019-03-21 19:35:46] INFO     Backend: model generated. Time since start: 0:23:36.788574
[2019-03-21 19:35:46] INFO     Backend: sending model to solver
[2019-03-21 19:53:24] SOLVER   Parameter OutputFlag unchanged
[2019-03-21 19:53:24] SOLVER   Value: 1  Min: 0  Max: 1  Default: 1
[2019-03-21 19:53:24] SOLVER   Changed value of parameter LogFile to /cluster/work/cpesm/trtim/ose-model-comparison/tmpomyo5nzg.log
[2019-03-21 19:53:24] SOLVER   Prev: gurobi.log  Default:
[2019-03-21 19:53:24] SOLVER   Changed value of parameter FeasibilityTol to 0.0001
[2019-03-21 19:53:24] SOLVER   Prev: 1e-06  Min: 1e-09  Max: 0.01  Default: 1e-06
[2019-03-21 19:53:24] SOLVER   Changed value of parameter OptimalityTol to 0.0001
[2019-03-21 19:53:24] SOLVER   Prev: 1e-06  Min: 1e-09  Max: 0.01  Default: 1e-06
[2019-03-21 19:53:24] SOLVER   Changed value of parameter Threads to 4
[2019-03-21 19:53:24] SOLVER   Prev: 0  Min: 0  Max: 1024  Default: 0
[2019-03-21 19:53:24] SOLVER   Optimize a model with 9340786 rows, 7221010 columns and 24514096 nonzeros
[2019-03-21 19:53:24] SOLVER   Coefficient statistics:
[2019-03-21 19:53:24] SOLVER   Matrix range     [1e-05, 4e+05]
[2019-03-21 19:53:24] SOLVER   Objective range  [1e+00, 1e+00]
[2019-03-21 19:53:24] SOLVER   Bounds range     [5e+01, 3e+06]
[2019-03-21 19:53:24] SOLVER   RHS range        [7e+00, 3e+06]
[2019-03-21 19:53:24] SOLVER   Concurrent LP optimizer: dual simplex and barrier
[2019-03-21 19:53:24] SOLVER   Showing barrier log only...
[2019-03-21 19:53:33] SOLVER   Presolve removed 6267467 rows and 4374384 columns (presolve time = 6s) ...
[2019-03-21 19:53:38] SOLVER   Presolve removed 6909511 rows and 5016428 columns (presolve time = 11s) ...
[2019-03-21 19:53:42] SOLVER   Presolve removed 6936547 rows and 5016438 columns
[2019-03-21 19:53:42] SOLVER   Presolve time: 17.85s
[2019-03-21 19:53:42] SOLVER   Presolved: 2404239 rows, 2204572 columns, 8744039 nonzeros
[2019-03-21 19:54:00] SOLVER   Ordering time: 0.00s
[2019-03-21 19:54:03] SOLVER   Barrier statistics:
[2019-03-21 19:54:03] SOLVER   Dense cols : 270
[2019-03-21 19:54:03] SOLVER   AA' NZ     : 8.096e+06
[2019-03-21 19:54:03] SOLVER   Factor NZ  : 4.942e+07 (roughly 2.3 GBytes of memory)
[2019-03-21 19:54:03] SOLVER   Factor Ops : 1.058e+10 (roughly 1 second per iteration)
[2019-03-21 19:54:03] SOLVER   Threads    : 3
[2019-03-21 19:54:06] SOLVER   Objective                Residual
[2019-03-21 19:54:06] SOLVER   Iter       Primal          Dual         Primal    Dual     Compl     Time
[2019-03-21 19:54:06] SOLVER   0   5.04206811e+14 -7.63927622e+13  1.99e+10 5.72e+02  1.53e+11    42s
[2019-03-21 19:54:08] SOLVER   1   5.06803500e+14 -7.70514588e+13  1.33e+10 4.52e+04  1.24e+11    44s
[2019-03-21 19:54:11] SOLVER   2   5.05768061e+14 -8.58811786e+13  1.25e+10 3.38e+04  1.04e+11    47s
[2019-03-21 19:54:15] SOLVER   3   4.77814678e+14 -3.23081867e+14  1.13e+10 2.69e+04  9.13e+10    51s
[2019-03-21 19:54:18] SOLVER   4   3.63813864e+14 -4.44166700e+15  9.57e+09 3.57e+03  7.06e+10    53s
[2019-03-21 19:54:20] SOLVER   5   1.81115151e+14 -4.36697523e+15  4.53e+09 2.49e+03  3.48e+10    56s
[2019-03-21 19:54:23] SOLVER   6   6.69341522e+13 -3.58928456e+15  1.34e+09 3.37e+02  1.05e+10    59s
[2019-03-21 19:54:25] SOLVER   7   6.12855604e+13 -3.11140366e+15  1.17e+09 2.23e+02  9.06e+09    61s
[2019-03-21 19:54:28] SOLVER   8   4.33445072e+13 -2.63719868e+15  6.85e+08 1.23e+02  5.40e+09    64s
[2019-03-21 19:54:31] SOLVER   9   2.32422648e+13 -1.65438094e+15  1.01e+08 2.52e+01  1.03e+09    67s
[2019-03-21 19:54:34] SOLVER   10   2.06439556e+13 -1.24949334e+15  4.62e+07 2.11e+01  5.62e+08    70s
[2019-03-21 19:54:36] SOLVER   11   1.93834418e+13 -7.23314399e+14  2.74e+07 1.00e+01  3.16e+08    72s
[2019-03-21 19:54:39] SOLVER   12   1.90622878e+13 -6.59813187e+14  2.34e+07 8.92e+00  2.77e+08    75s
[2019-03-21 19:54:42] SOLVER   13   1.81947493e+13 -5.07161823e+14  1.67e+07 6.35e+00  2.02e+08    77s
[2019-03-21 19:54:45] SOLVER   14   1.74891280e+13 -4.22343198e+14  1.29e+07 5.07e+00  1.61e+08    81s
[2019-03-21 19:54:48] SOLVER   15   1.62723731e+13 -3.03327074e+14  7.97e+06 3.45e+00  1.07e+08    84s
[2019-03-21 19:54:50] SOLVER   16   1.57404686e+13 -2.11587182e+14  6.85e+06 1.65e+00  7.92e+07    86s
[2019-03-21 19:54:53] SOLVER   17   1.54025708e+13 -1.97590111e+14  6.32e+06 1.50e+00  7.32e+07    88s
[2019-03-21 19:54:55] SOLVER   18   1.32264861e+13 -9.43810160e+13  3.35e+06 3.67e-01  3.54e+07    91s
[2019-03-21 19:54:58] SOLVER   19   1.22667613e+13 -8.78712860e+13  2.81e+06 6.53e-01  3.14e+07    94s
[2019-03-21 19:55:01] SOLVER   20   1.08583206e+13 -5.04716444e+13  2.03e+06 1.46e-01  1.92e+07    96s
[2019-03-21 19:55:04] SOLVER   21   8.17169409e+12 -3.24151415e+13  1.25e+06 4.80e-04  1.18e+07   100s
[2019-03-21 19:55:07] SOLVER   22   7.04787240e+12 -1.65188548e+13  9.29e+05 1.88e-04  6.93e+06   103s
[2019-03-21 19:55:09] SOLVER   23   6.07751506e+12 -1.20359554e+13  7.56e+05 6.02e-07  5.20e+06   105s
[2019-03-21 19:55:12] SOLVER   24   4.51562227e+12 -8.29687164e+12  5.07e+05 4.77e-07  3.45e+06   107s
[2019-03-21 19:55:14] SOLVER   25   3.60541490e+12 -5.31459122e+12  3.75e+05 7.14e-07  2.31e+06   110s
[2019-03-21 19:55:18] SOLVER   26   2.60490771e+12 -3.79762351e+12  2.38e+05 1.50e-06  1.56e+06   114s
[2019-03-21 19:55:21] SOLVER   27   2.18616173e+12 -3.21283566e+12  1.88e+05 2.66e-06  1.28e+06   117s
[2019-03-21 19:55:23] SOLVER   28   1.78896134e+12 -2.20308733e+12  1.39e+05 4.02e-06  9.22e+05   119s
[2019-03-21 19:55:25] SOLVER   29   1.65282229e+12 -1.53636369e+12  1.25e+05 4.63e-06  7.31e+05   121s
[2019-03-21 19:55:28] SOLVER   30   1.36081135e+12 -9.69961366e+11  9.48e+04 1.69e-05  5.23e+05   124s
[2019-03-21 19:55:31] SOLVER   31   1.16411166e+12 -8.51470783e+11  7.53e+04 1.66e-05  4.45e+05   127s
[2019-03-21 19:55:34] SOLVER   32   1.02758041e+12 -7.15445658e+11  6.21e+04 1.35e-05  3.80e+05   129s
[2019-03-21 19:55:37] SOLVER   33   9.08024240e+11 -5.22965251e+11  4.94e+04 1.19e-05  3.08e+05   133s
[2019-03-21 19:55:40] SOLVER   34   8.86675402e+11 -4.94176534e+11  4.74e+04 1.18e-05  2.97e+05   136s
[2019-03-21 19:55:42] SOLVER   35   8.01740432e+11 -3.72416539e+11  3.91e+04 1.14e-05  2.50e+05   138s
[2019-03-21 19:55:45] SOLVER   36   7.50191467e+11 -3.16285285e+11  3.41e+04 1.13e-05  2.26e+05   141s
[2019-03-21 19:55:48] SOLVER   37   6.56204797e+11 -1.99639602e+11  2.58e+04 1.23e-05  1.79e+05   143s
[2019-03-21 19:55:51] SOLVER   38   5.93015494e+11 -7.53398757e+10  2.02e+04 1.02e-05  1.39e+05   147s
[2019-03-21 19:55:54] SOLVER   39   5.58236732e+11 -1.42230811e+09  1.71e+04 9.26e-06  1.16e+05   150s
[2019-03-21 19:55:56] SOLVER   40   5.47126633e+11  5.17274764e+10  1.62e+04 7.95e-06  1.02e+05   152s
[2019-03-21 19:55:59] SOLVER   41   5.23826945e+11  8.01122718e+10  1.41e+04 7.26e-06  9.13e+04   155s
[2019-03-21 19:56:02] SOLVER   42   5.10360301e+11  1.43689650e+11  1.29e+04 6.72e-06  7.53e+04   157s
[2019-03-21 19:56:05] SOLVER   43   4.67716666e+11  1.87086471e+11  9.20e+03 4.42e-06  5.72e+04   161s
[2019-03-21 19:56:08] SOLVER   44   4.53288876e+11  2.05141498e+11  7.69e+03 3.95e-06  5.05e+04   164s
[2019-03-21 19:56:10] SOLVER   45   4.47740870e+11  2.12713690e+11  7.14e+03 3.71e-06  4.78e+04   166s
[2019-03-21 19:56:13] SOLVER   46   4.38814701e+11  2.17106784e+11  5.84e+03 3.54e-06  4.50e+04   169s
[2019-03-21 19:56:16] SOLVER   47   4.32648107e+11  2.32538357e+11  5.29e+03 2.91e-06  4.05e+04   172s
[2019-03-21 19:56:18] SOLVER   48   4.29429014e+11  2.35763078e+11  5.10e+03 2.80e-06  3.92e+04   174s
[2019-03-21 19:56:21] SOLVER   49   4.22538194e+11  2.48558008e+11  4.71e+03 2.51e-06  3.52e+04   177s
[2019-03-21 19:56:24] SOLVER   50   4.12216110e+11  2.59964899e+11  4.15e+03 2.08e-06  3.07e+04   180s
[2019-03-21 19:56:27] SOLVER   51   4.06417258e+11  2.66626762e+11  3.82e+03 1.82e-06  2.82e+04   183s
[2019-03-21 19:56:30] SOLVER   52   4.04313399e+11  2.69656483e+11  3.70e+03 1.78e-06  2.71e+04   185s
[2019-03-21 19:56:32] SOLVER   53   3.97050595e+11  2.76251451e+11  3.29e+03 1.53e-06  2.43e+04   188s
[2019-03-21 19:56:35] SOLVER   54   3.91512465e+11  2.88664192e+11  3.01e+03 1.12e-06  2.07e+04   191s
[2019-03-21 19:56:38] SOLVER   55   3.85579309e+11  2.92745494e+11  2.70e+03 9.77e-07  1.86e+04   194s
[2019-03-21 19:56:41] SOLVER   56   3.83421454e+11  2.99343350e+11  2.57e+03 7.94e-07  1.69e+04   197s
[2019-03-21 19:56:44] SOLVER   57   3.79191333e+11  3.01427965e+11  2.33e+03 7.50e-07  1.56e+04   200s
[2019-03-21 19:56:46] SOLVER   58   3.77225638e+11  3.03147338e+11  2.21e+03 7.14e-07  1.48e+04   202s
[2019-03-21 19:56:49] SOLVER   59   3.70985028e+11  3.04461384e+11  1.79e+03 6.80e-07  1.33e+04   205s
[2019-03-21 19:56:51] SOLVER   60   3.69532535e+11  3.07973341e+11  1.57e+03 6.04e-07  1.23e+04   207s
[2019-03-21 19:56:54] SOLVER   61   3.68100945e+11  3.10332830e+11  8.47e+02 5.51e-07  1.16e+04   210s
[2019-03-21 19:56:58] SOLVER   62   3.62076496e+11  3.12364889e+11  6.96e+02 4.96e-07  9.93e+03   214s
[2019-03-21 19:57:01] SOLVER   63   3.61284226e+11  3.13242621e+11  6.73e+02 4.80e-07  9.59e+03   216s
[2019-03-21 19:57:03] SOLVER   64   3.59879555e+11  3.15235816e+11  6.34e+02 4.27e-07  8.91e+03   219s
[2019-03-21 19:57:05] SOLVER   65   3.57706857e+11  3.16084790e+11  5.76e+02 4.10e-07  8.30e+03   221s
[2019-03-21 19:57:08] SOLVER   66   3.56872938e+11  3.17198738e+11  5.53e+02 3.89e-07  7.91e+03   224s
[2019-03-21 19:57:12] SOLVER   67   3.54788695e+11  3.17848181e+11  4.95e+02 3.76e-07  7.36e+03   228s
[2019-03-21 19:57:15] SOLVER   68   3.53161894e+11  3.19589933e+11  4.53e+02 3.31e-07  6.69e+03   231s
[2019-03-21 19:57:17] SOLVER   69   3.52365805e+11  3.21945803e+11  4.31e+02 2.89e-07  6.06e+03   233s
[2019-03-21 19:57:19] SOLVER   70   3.51000302e+11  3.22166946e+11  3.93e+02 2.87e-07  5.74e+03   235s
[2019-03-21 19:57:22] SOLVER   71   3.50295893e+11  3.23053571e+11  3.73e+02 2.62e-07  5.42e+03   238s
[2019-03-21 19:57:25] SOLVER   72   3.49353328e+11  3.23790244e+11  3.47e+02 2.50e-07  5.09e+03   240s
[2019-03-21 19:57:27] SOLVER   73   3.47796200e+11  3.25368799e+11  3.08e+02 7.39e-07  4.46e+03   243s
[2019-03-21 19:57:31] SOLVER   74   3.46856005e+11  3.26256566e+11  2.86e+02 6.51e-07  4.10e+03   247s
[2019-03-21 19:57:34] SOLVER   75   3.46688919e+11  3.26779134e+11  2.81e+02 6.77e-07  3.96e+03   250s
[2019-03-21 19:57:36] SOLVER   76   3.46311433e+11  3.27789320e+11  2.70e+02 6.50e-07  3.68e+03   252s
[2019-03-21 19:57:39] SOLVER   77   3.45830724e+11  3.28658618e+11  2.58e+02 8.39e-07  3.41e+03   254s
[2019-03-21 19:57:41] SOLVER   78   3.45587582e+11  3.29308529e+11  2.51e+02 6.68e-07  3.24e+03   257s
[2019-03-21 19:57:45] SOLVER   79   3.45015673e+11  3.29506395e+11  2.36e+02 6.63e-07  3.08e+03   261s
[2019-03-21 19:57:48] SOLVER   80   3.44575156e+11  3.30004403e+11  2.25e+02 7.68e-07  2.90e+03   264s
[2019-03-21 19:57:50] SOLVER   81   3.43789828e+11  3.30492543e+11  2.03e+02 8.72e-07  2.64e+03   266s
[2019-03-21 19:57:52] SOLVER   82   3.43330909e+11  3.30997451e+11  1.91e+02 1.19e-06  2.45e+03   268s
[2019-03-21 19:57:55] SOLVER   83   3.42776168e+11  3.31137697e+11  1.77e+02 1.24e-06  2.31e+03   271s
[2019-03-21 19:57:59] SOLVER   84   3.42144739e+11  3.31801578e+11  1.61e+02 1.19e-06  2.05e+03   275s
[2019-03-21 19:58:02] SOLVER   85   3.41702586e+11  3.32591912e+11  1.50e+02 8.00e-07  1.81e+03   278s
[2019-03-21 19:58:04] SOLVER   86   3.41546160e+11  3.32723558e+11  1.45e+02 8.90e-07  1.75e+03   280s
[2019-03-21 19:58:07] SOLVER   87   3.41294816e+11  3.33006707e+11  1.38e+02 6.99e-07  1.65e+03   282s
[2019-03-21 19:58:09] SOLVER   88   3.40720032e+11  3.33256024e+11  1.22e+02 4.27e-07  1.48e+03   285s
[2019-03-21 19:58:12] SOLVER   89   3.40312070e+11  3.33655000e+11  1.12e+02 6.53e-07  1.32e+03   288s
[2019-03-21 19:58:15] SOLVER   90   3.39934519e+11  3.34174000e+11  1.02e+02 4.14e-07  1.14e+03   291s
[2019-03-21 19:58:18] SOLVER   91   3.39669229e+11  3.34432838e+11  9.49e+01 3.99e-07  1.04e+03   294s
[2019-03-21 19:58:21] SOLVER   92   3.39596745e+11  3.34529119e+11  9.27e+01 4.16e-07  1.01e+03   296s
[2019-03-21 19:58:23] SOLVER   93   3.39394572e+11  3.34790150e+11  8.69e+01 3.96e-07  9.15e+02   299s
[2019-03-21 19:58:26] SOLVER   94   3.38955047e+11  3.35024814e+11  7.50e+01 4.36e-07  7.81e+02   302s
[2019-03-21 19:58:29] SOLVER   95   3.38542343e+11  3.35204720e+11  6.39e+01 4.74e-07  6.63e+02   305s
[2019-03-21 19:58:32] SOLVER   96   3.38402266e+11  3.35465726e+11  5.98e+01 5.80e-07  5.83e+02   308s
[2019-03-21 19:58:35] SOLVER   97   3.38368310e+11  3.35489574e+11  5.88e+01 6.16e-07  5.72e+02   310s
[2019-03-21 19:58:37] SOLVER   98   3.38308242e+11  3.35521224e+11  5.70e+01 7.66e-07  5.54e+02   313s
[2019-03-21 19:58:40] SOLVER   99   3.38221294e+11  3.35569412e+11  5.46e+01 7.89e-07  5.27e+02   316s
[2019-03-21 19:58:43] SOLVER   100   3.38098790e+11  3.35769627e+11  5.13e+01 1.17e-06  4.63e+02   319s
[2019-03-21 19:58:46] SOLVER   101   3.37846314e+11  3.35833332e+11  4.42e+01 1.03e-06  4.00e+02   322s
[2019-03-21 19:58:49] SOLVER   102   3.37779226e+11  3.35864457e+11  4.22e+01 1.10e-06  3.81e+02   324s
[2019-03-21 19:58:51] SOLVER   103   3.37692797e+11  3.35890243e+11  3.96e+01 1.07e-06  3.58e+02   327s
[2019-03-21 19:58:53] SOLVER   104   3.37635560e+11  3.35918724e+11  3.78e+01 8.53e-07  3.41e+02   329s
[2019-03-21 19:58:56] SOLVER   105   3.37581249e+11  3.35953473e+11  3.63e+01 8.82e-07  3.24e+02   332s
[2019-03-21 19:59:00] SOLVER   106   3.37546991e+11  3.35965479e+11  3.54e+01 8.90e-07  3.14e+02   335s
[2019-03-21 19:59:03] SOLVER   107   3.37511244e+11  3.35977347e+11  3.43e+01 8.99e-07  3.05e+02   338s
[2019-03-21 19:59:05] SOLVER   108   3.37423505e+11  3.35987977e+11  3.16e+01 9.20e-07  2.85e+02   341s
[2019-03-21 19:59:07] SOLVER   109   3.37413957e+11  3.35991146e+11  3.13e+01 9.28e-07  2.83e+02   343s
[2019-03-21 19:59:10] SOLVER   110   3.37361806e+11  3.36007586e+11  2.99e+01 9.94e-07  2.69e+02   346s
[2019-03-21 19:59:14] SOLVER   111   3.37311057e+11  3.36020716e+11  2.85e+01 1.81e-07  2.56e+02   350s
[2019-03-21 19:59:17] SOLVER   112   3.37289861e+11  3.36038853e+11  2.79e+01 4.00e-07  2.49e+02   352s
[2019-03-21 19:59:19] SOLVER   113   3.37276531e+11  3.36046565e+11  2.75e+01 4.73e-07  2.44e+02   355s
[2019-03-21 19:59:21] SOLVER   114   3.37263083e+11  3.36051543e+11  2.71e+01 4.92e-07  2.41e+02   357s
[2019-03-21 19:59:24] SOLVER   115   3.37165051e+11  3.36075289e+11  2.45e+01 6.17e-07  2.17e+02   360s
[2019-03-21 19:59:28] SOLVER   116   3.37078869e+11  3.36114779e+11  2.20e+01 7.89e-07  1.92e+02   364s
[2019-03-21 19:59:31] SOLVER   117   3.37021997e+11  3.36133022e+11  2.04e+01 1.17e-06  1.77e+02   366s
[2019-03-21 19:59:33] SOLVER   118   3.37005799e+11  3.36150573e+11  1.99e+01 1.29e-06  1.70e+02   369s
[2019-03-21 19:59:35] SOLVER   119   3.36993485e+11  3.36156015e+11  1.95e+01 1.24e-06  1.66e+02   371s
[2019-03-21 19:59:38] SOLVER   120   3.36949119e+11  3.36164062e+11  1.83e+01 1.18e-06  1.56e+02   374s
[2019-03-21 19:59:40] SOLVER   121   3.36944720e+11  3.36168098e+11  1.82e+01 1.16e-06  1.54e+02   376s
[2019-03-21 19:59:43] SOLVER   122   3.36917481e+11  3.36184572e+11  1.74e+01 8.66e-07  1.46e+02   379s
[2019-03-21 19:59:47] SOLVER   123   3.36902917e+11  3.36191621e+11  1.69e+01 8.70e-07  1.41e+02   383s
[2019-03-21 19:59:50] SOLVER   124   3.36870529e+11  3.36201773e+11  1.59e+01 8.65e-07  1.33e+02   386s
[2019-03-21 19:59:52] SOLVER   125   3.36861520e+11  3.36206066e+11  1.57e+01 7.56e-07  1.30e+02   388s
[2019-03-21 19:59:54] SOLVER   126   3.36836068e+11  3.36215453e+11  1.48e+01 1.01e-06  1.23e+02   390s
[2019-03-21 19:59:57] SOLVER   127   3.36734752e+11  3.36237429e+11  1.17e+01 6.59e-07  9.88e+01   393s
[2019-03-21 20:00:01] SOLVER   128   3.36643859e+11  3.36255658e+11  8.98e+00 1.39e-06  7.71e+01   397s
[2019-03-21 20:00:04] SOLVER   129   3.36614270e+11  3.36266137e+11  8.00e+00 6.02e-07  6.92e+01   400s
[2019-03-21 20:00:06] SOLVER   130   3.36611014e+11  3.36279137e+11  7.89e+00 1.34e-06  6.60e+01   402s
[2019-03-21 20:00:08] SOLVER   131   3.36585852e+11  3.36288246e+11  7.02e+00 1.54e-06  5.91e+01   404s
[2019-03-21 20:00:11] SOLVER   132   3.36565181e+11  3.36304825e+11  6.33e+00 3.93e-06  5.17e+01   407s
[2019-03-21 20:00:14] SOLVER   133   3.36551285e+11  3.36314743e+11  5.84e+00 3.58e-06  4.70e+01   410s
[2019-03-21 20:00:17] SOLVER   134   3.36544641e+11  3.36319564e+11  5.62e+00 4.28e-07  4.47e+01   413s
[2019-03-21 20:00:20] SOLVER   135   3.36510898e+11  3.36327312e+11  4.54e+00 5.98e-07  3.65e+01   416s
[2019-03-21 20:00:23] SOLVER   136   3.36494346e+11  3.36340259e+11  4.01e+00 5.08e-07  3.06e+01   419s
[2019-03-21 20:00:25] SOLVER   137   3.36484084e+11  3.36343344e+11  3.66e+00 9.19e-07  2.80e+01   421s
[2019-03-21 20:00:28] SOLVER   138   3.36470837e+11  3.36346166e+11  3.21e+00 1.22e-06  2.48e+01   424s
[2019-03-21 20:00:31] SOLVER   139   3.36445503e+11  3.36350351e+11  2.42e+00 6.65e-07  1.89e+01   427s
[2019-03-21 20:00:34] SOLVER   140   3.36433219e+11  3.36357342e+11  2.01e+00 6.05e-06  1.51e+01   430s
[2019-03-21 20:00:37] SOLVER   141   3.36424961e+11  3.36358186e+11  1.74e+00 2.79e-06  1.33e+01   433s
[2019-03-21 20:00:39] SOLVER   142   3.36423783e+11  3.36359764e+11  1.70e+00 4.46e-07  1.27e+01   435s
[2019-03-21 20:00:42] SOLVER   143   3.36421795e+11  3.36361599e+11  1.63e+00 4.50e-07  1.20e+01   438s
[2019-03-21 20:00:44] SOLVER   144   3.36415065e+11  3.36363395e+11  1.39e+00 3.54e-06  1.03e+01   440s
[2019-03-21 20:00:47] SOLVER   145   3.36414146e+11  3.36364030e+11  1.35e+00 3.37e-06  9.97e+00   443s
[2019-03-21 20:00:50] SOLVER   146   3.36407868e+11  3.36364926e+11  1.15e+00 3.09e-06  8.54e+00   446s
[2019-03-21 20:00:53] SOLVER   147   3.36403964e+11  3.36367406e+11  1.02e+00 2.38e-06  7.27e+00   449s
[2019-03-21 20:00:56] SOLVER   148   3.36399283e+11  3.36368126e+11  8.69e-01 2.11e-06  6.20e+00   452s
[2019-03-21 20:00:59] SOLVER   149   3.36398724e+11  3.36368719e+11  8.49e-01 1.90e-06  5.97e+00   454s
[2019-03-21 20:01:01] SOLVER   150   3.36395365e+11  3.36369248e+11  7.23e-01 1.87e-06  5.19e+00   457s
[2019-03-21 20:01:04] SOLVER   151   3.36394232e+11  3.36371050e+11  6.87e-01 1.59e-06  4.61e+00   460s
[2019-03-21 20:01:07] SOLVER   152   3.36390087e+11  3.36371333e+11  5.47e-01 2.97e-06  3.73e+00   463s
[2019-03-21 20:01:10] SOLVER   153   3.36388727e+11  3.36371964e+11  5.01e-01 2.36e-06  3.34e+00   466s
[2019-03-21 20:01:13] SOLVER   154   3.36387911e+11  3.36372181e+11  4.70e-01 2.31e-06  3.13e+00   469s
[2019-03-21 20:01:15] SOLVER   155   3.36387097e+11  3.36372414e+11  4.39e-01 2.04e-06  2.92e+00   471s
[2019-03-21 20:01:19] SOLVER   156   3.36385530e+11  3.36372872e+11  3.84e-01 8.49e-02  2.52e+00   474s
[2019-03-21 20:01:22] SOLVER   157   3.36383962e+11  3.36373166e+11  3.28e-01 7.36e-02  2.15e+00   478s
[2019-03-21 20:01:25] SOLVER   158   3.36382357e+11  3.36373349e+11  2.68e-01 6.65e-02  1.79e+00   481s
[2019-03-21 20:01:27] SOLVER   159   3.36381998e+11  3.36373478e+11  2.55e-01 6.20e-02  1.69e+00   483s
[2019-03-21 20:01:30] SOLVER   160   3.36381433e+11  3.36373548e+11  2.32e-01 5.96e-02  1.57e+00   486s
[2019-03-21 20:01:33] SOLVER   161   3.36380887e+11  3.36374088e+11  2.11e-01 4.10e-02  1.35e+00   488s
[2019-03-21 20:01:36] SOLVER   162   3.36379591e+11  3.36374246e+11  1.65e-01 3.51e-02  1.06e+00   492s
[2019-03-21 20:01:39] SOLVER   163   3.36379140e+11  3.36374349e+11  1.50e-01 3.16e-02  9.53e-01   495s
[2019-03-21 20:01:41] SOLVER   164   3.36378874e+11  3.36374484e+11  1.39e-01 2.71e-02  8.74e-01   497s
[2019-03-21 20:01:44] SOLVER   165   3.36378394e+11  3.36374568e+11  1.21e-01 2.39e-02  7.61e-01   500s
[2019-03-21 20:01:47] SOLVER   166   3.36378330e+11  3.36374622e+11  1.18e-01 2.31e-02  7.38e-01   503s
[2019-03-21 20:01:50] SOLVER   167   3.36378021e+11  3.36374658e+11  1.06e-01 2.16e-02  6.69e-01   506s
[2019-03-21 20:01:53] SOLVER   168   3.36377590e+11  3.36374906e+11  8.97e-02 1.31e-02  5.34e-01   509s
[2019-03-21 20:01:56] SOLVER   169   3.36377377e+11  3.36374926e+11  8.25e-02 1.24e-02  4.88e-01   512s
[2019-03-21 20:02:00] SOLVER   170   3.36377249e+11  3.36374956e+11  7.74e-02 2.99e-02  4.57e-01   516s
[2019-03-21 20:02:02] SOLVER   171   3.36376935e+11  3.36375005e+11  6.54e-02 2.55e-02  3.84e-01   518s
[2019-03-21 20:02:06] SOLVER   172   3.36376661e+11  3.36375060e+11  5.46e-02 2.05e-02  3.19e-01   522s
[2019-03-21 20:02:09] SOLVER   173   3.36376519e+11  3.36375080e+11  4.92e-02 1.88e-02  2.86e-01   525s
[2019-03-21 20:02:11] SOLVER   174   3.36376488e+11  3.36375095e+11  4.79e-02 1.74e-02  2.77e-01   527s
[2019-03-21 20:02:14] SOLVER   175   3.36376408e+11  3.36375128e+11  4.47e-02 1.45e-02  2.55e-01   530s
[2019-03-21 20:02:17] SOLVER   176   3.36376349e+11  3.36375161e+11  4.25e-02 1.15e-02  2.37e-01   533s
[2019-03-21 20:02:19] SOLVER   177   3.36376128e+11  3.36375194e+11  3.36e-02 8.64e-03  1.86e-01   535s
[2019-03-21 20:02:22] SOLVER   178   3.36376054e+11  3.36375207e+11  3.10e-02 7.48e-03  1.69e-01   538s
[2019-03-21 20:02:25] SOLVER   179   3.36375986e+11  3.36375210e+11  2.85e-02 7.20e-03  1.55e-01   541s
[2019-03-21 20:02:28] SOLVER   180   3.36375887e+11  3.36375219e+11  2.47e-02 6.36e-03  1.33e-01   544s
[2019-03-21 20:02:31] SOLVER   181   3.36375869e+11  3.36375225e+11  2.40e-02 5.86e-03  1.28e-01   547s
[2019-03-21 20:02:34] SOLVER   182   3.36375832e+11  3.36375228e+11  2.25e-02 5.73e-03  1.20e-01   550s
[2019-03-21 20:02:37] SOLVER   183   3.36375752e+11  3.36375232e+11  1.94e-02 5.29e-03  1.04e-01   553s
[2019-03-21 20:02:42] SOLVER   184   3.36375589e+11  3.36375245e+11  1.28e-02 7.15e-03  6.84e-02   558s
[2019-03-21 20:02:45] SOLVER   185   3.36375559e+11  3.36375252e+11  1.17e-02 6.13e-03  6.11e-02   561s
[2019-03-21 20:02:47] SOLVER   186   3.36375515e+11  3.36375254e+11  9.71e-03 5.71e-03  5.20e-02   563s
[2019-03-21 20:02:51] SOLVER   187   3.36375493e+11  3.36375264e+11  8.79e-03 8.34e-02  4.66e-02   567s
[2019-03-21 20:02:55] SOLVER   188   3.36375430e+11  3.36375272e+11  6.13e-03 5.86e-02  3.23e-02   571s
[2019-03-21 20:02:57] SOLVER   189   3.36375424e+11  3.36375272e+11  5.86e-03 5.68e-02  3.09e-02   573s
[2019-03-21 20:03:01] SOLVER   190   3.36375411e+11  3.36375274e+11  5.29e-03 5.27e-02  2.80e-02   577s
[2019-03-21 20:03:04] SOLVER   191   3.36375403e+11  3.36375274e+11  4.92e-03 5.04e-02  2.62e-02   580s
[2019-03-21 20:03:04] SOLVER   Barrier solved model in 191 iterations and 580.03 seconds
[2019-03-21 20:03:04] SOLVER   Optimal objective 3.36375403e+11
[2019-03-21 20:03:12] SOLVER   Crossover log...
[2019-03-21 20:03:13] SOLVER   Restart crossover...
[2019-03-21 20:03:20] SOLVER   1557277 variables added to crossover basis                      596s
[2019-03-21 20:03:22] SOLVER   678843 DPushes remaining with DInf 5.1581694e+03               598s
[2019-03-21 20:03:37] SOLVER   604475 DPushes remaining with DInf 5.1581694e+03               613s
[2019-03-21 20:03:44] SOLVER   582949 DPushes remaining with DInf 5.1560288e+03               620s
[2019-03-21 20:03:51] SOLVER   578949 DPushes remaining with DInf 5.1553702e+03               627s
[2019-03-21 20:03:56] SOLVER   577504 DPushes remaining with DInf 5.1524894e+03               632s
[2019-03-21 20:04:00] SOLVER   576760 DPushes remaining with DInf 5.1524894e+03               636s
[2019-03-21 20:04:05] SOLVER   576016 DPushes remaining with DInf 5.1524894e+03               641s
[2019-03-21 20:04:10] SOLVER   575272 DPushes remaining with DInf 5.1524894e+03               646s
[2019-03-21 20:04:15] SOLVER   574528 DPushes remaining with DInf 5.1524894e+03               651s
[2019-03-21 20:04:20] SOLVER   573784 DPushes remaining with DInf 5.1524894e+03               656s
[2019-03-21 20:04:25] SOLVER   573040 DPushes remaining with DInf 5.1524894e+03               661s
[2019-03-21 20:04:30] SOLVER   572296 DPushes remaining with DInf 5.1524894e+03               666s
[2019-03-21 20:04:35] SOLVER   571552 DPushes remaining with DInf 5.1524894e+03               671s
[2019-03-21 20:04:40] SOLVER   570808 DPushes remaining with DInf 5.1524894e+03               676s
[2019-03-21 20:04:45] SOLVER   570064 DPushes remaining with DInf 5.1524894e+03               681s
[2019-03-21 20:04:52] SOLVER   568576 DPushes remaining with DInf 5.1524894e+03               688s
[2019-03-21 20:04:55] SOLVER   567832 DPushes remaining with DInf 5.1524894e+03               691s
[2019-03-21 20:05:01] SOLVER   566344 DPushes remaining with DInf 5.1524894e+03               697s
[2019-03-21 20:05:06] SOLVER   565600 DPushes remaining with DInf 5.1524894e+03               702s
[2019-03-21 20:05:12] SOLVER   564856 DPushes remaining with DInf 5.1524894e+03               708s
[2019-03-21 20:05:17] SOLVER   564112 DPushes remaining with DInf 5.1524894e+03               713s
[2019-03-21 20:05:23] SOLVER   563368 DPushes remaining with DInf 5.1524894e+03               719s
[2019-03-21 20:05:28] SOLVER   562624 DPushes remaining with DInf 5.1524894e+03               724s
[2019-03-21 20:05:33] SOLVER   561880 DPushes remaining with DInf 5.1524894e+03               729s
[2019-03-21 20:05:39] SOLVER   561136 DPushes remaining with DInf 5.1524894e+03               735s
[2019-03-21 20:05:44] SOLVER   560392 DPushes remaining with DInf 5.1524894e+03               740s
[2019-03-21 20:05:49] SOLVER   559648 DPushes remaining with DInf 5.1524894e+03               745s
[2019-03-21 20:05:55] SOLVER   558904 DPushes remaining with DInf 5.1524894e+03               751s
[2019-03-21 20:06:01] SOLVER   558160 DPushes remaining with DInf 5.1524894e+03               756s
[2019-03-21 20:06:06] SOLVER   557416 DPushes remaining with DInf 5.1524894e+03               762s
[2019-03-21 20:06:12] SOLVER   556672 DPushes remaining with DInf 5.1524894e+03               768s
[2019-03-21 20:06:18] SOLVER   555928 DPushes remaining with DInf 5.1524894e+03               774s
[2019-03-21 20:06:23] SOLVER   555184 DPushes remaining with DInf 5.1524894e+03               779s
[2019-03-21 20:06:29] SOLVER   554440 DPushes remaining with DInf 5.1524894e+03               785s
[2019-03-21 20:06:34] SOLVER   553696 DPushes remaining with DInf 5.1524894e+03               790s
[2019-03-21 20:06:40] SOLVER   552952 DPushes remaining with DInf 5.1524894e+03               796s
[2019-03-21 20:06:45] SOLVER   552208 DPushes remaining with DInf 5.1524894e+03               801s
[2019-03-21 20:06:50] SOLVER   551464 DPushes remaining with DInf 5.1524894e+03               806s
[2019-03-21 20:06:55] SOLVER   550720 DPushes remaining with DInf 5.1524894e+03               811s
[2019-03-21 20:07:00] SOLVER   549976 DPushes remaining with DInf 5.1524894e+03               816s
[2019-03-21 20:07:08] SOLVER   548488 DPushes remaining with DInf 5.1524894e+03               824s
[2019-03-21 20:07:13] SOLVER   547744 DPushes remaining with DInf 5.1524894e+03               829s
[2019-03-21 20:07:18] SOLVER   547000 DPushes remaining with DInf 5.1524894e+03               834s
[2019-03-21 20:07:23] SOLVER   546256 DPushes remaining with DInf 5.1524894e+03               839s
[2019-03-21 20:07:29] SOLVER   545512 DPushes remaining with DInf 5.1524894e+03               845s
[2019-03-21 20:07:34] SOLVER   544768 DPushes remaining with DInf 5.1524894e+03               850s
[2019-03-21 20:07:39] SOLVER   544024 DPushes remaining with DInf 5.1524894e+03               855s
[2019-03-21 20:07:44] SOLVER   543280 DPushes remaining with DInf 5.1524894e+03               860s
[2019-03-21 20:07:50] SOLVER   542536 DPushes remaining with DInf 5.1524894e+03               866s
[2019-03-21 20:07:55] SOLVER   541792 DPushes remaining with DInf 5.1524894e+03               871s
[2019-03-21 20:08:00] SOLVER   541048 DPushes remaining with DInf 5.1524894e+03               876s
[2019-03-21 20:08:05] SOLVER   540304 DPushes remaining with DInf 5.1524894e+03               881s
[2019-03-21 20:08:10] SOLVER   539560 DPushes remaining with DInf 5.1524894e+03               886s
[2019-03-21 20:08:16] SOLVER   538816 DPushes remaining with DInf 5.1524894e+03               892s
[2019-03-21 20:08:21] SOLVER   538072 DPushes remaining with DInf 5.1524894e+03               897s
[2019-03-21 20:08:27] SOLVER   537328 DPushes remaining with DInf 5.1524894e+03               902s
[2019-03-21 20:08:32] SOLVER   536584 DPushes remaining with DInf 5.1524894e+03               908s
[2019-03-21 20:08:37] SOLVER   535840 DPushes remaining with DInf 5.1524894e+03               913s
[2019-03-21 20:08:42] SOLVER   535096 DPushes remaining with DInf 5.1524894e+03               918s
[2019-03-21 20:08:48] SOLVER   534352 DPushes remaining with DInf 5.1524894e+03               923s
[2019-03-21 20:08:53] SOLVER   533608 DPushes remaining with DInf 5.1524894e+03               928s
[2019-03-21 20:08:58] SOLVER   532864 DPushes remaining with DInf 5.1524894e+03               934s
[2019-03-21 20:09:04] SOLVER   532120 DPushes remaining with DInf 5.1524894e+03               940s
[2019-03-21 20:09:09] SOLVER   531376 DPushes remaining with DInf 5.1524894e+03               945s
[2019-03-21 20:09:15] SOLVER   530632 DPushes remaining with DInf 5.1524894e+03               951s
[2019-03-21 20:09:21] SOLVER   529888 DPushes remaining with DInf 5.1524894e+03               957s
[2019-03-21 20:09:26] SOLVER   529144 DPushes remaining with DInf 5.1524894e+03               962s
[2019-03-21 20:09:32] SOLVER   528400 DPushes remaining with DInf 5.1524894e+03               967s
[2019-03-21 20:09:37] SOLVER   527656 DPushes remaining with DInf 5.1524894e+03               973s
[2019-03-21 20:09:42] SOLVER   526912 DPushes remaining with DInf 5.1524894e+03               978s
[2019-03-21 20:09:48] SOLVER   526168 DPushes remaining with DInf 5.1524894e+03               984s
[2019-03-21 20:09:53] SOLVER   525424 DPushes remaining with DInf 5.1524894e+03               989s
[2019-03-21 20:09:58] SOLVER   524680 DPushes remaining with DInf 5.1524894e+03               994s
[2019-03-21 20:10:04] SOLVER   523936 DPushes remaining with DInf 5.1524894e+03              1000s
[2019-03-21 20:10:10] SOLVER   523192 DPushes remaining with DInf 5.1524894e+03              1006s
[2019-03-21 20:10:16] SOLVER   522448 DPushes remaining with DInf 5.1524894e+03              1012s
[2019-03-21 20:10:21] SOLVER   521704 DPushes remaining with DInf 5.1524894e+03              1017s
[2019-03-21 20:10:27] SOLVER   520960 DPushes remaining with DInf 5.1524894e+03              1023s
[2019-03-21 20:10:33] SOLVER   520216 DPushes remaining with DInf 5.1524894e+03              1029s
[2019-03-21 20:10:39] SOLVER   519472 DPushes remaining with DInf 5.1524894e+03              1035s
[2019-03-21 20:10:45] SOLVER   518728 DPushes remaining with DInf 5.1524894e+03              1041s
[2019-03-21 20:10:51] SOLVER   517984 DPushes remaining with DInf 5.1524894e+03              1047s
[2019-03-21 20:10:57] SOLVER   517240 DPushes remaining with DInf 5.1524894e+03              1053s
[2019-03-21 20:11:03] SOLVER   516496 DPushes remaining with DInf 5.1524894e+03              1059s
[2019-03-21 20:11:08] SOLVER   515752 DPushes remaining with DInf 5.1524894e+03              1064s
[2019-03-21 20:11:14] SOLVER   515008 DPushes remaining with DInf 5.1524894e+03              1070s
[2019-03-21 20:11:20] SOLVER   514264 DPushes remaining with DInf 5.1524894e+03              1076s
[2019-03-21 20:11:26] SOLVER   513520 DPushes remaining with DInf 5.1524894e+03              1082s
[2019-03-21 20:11:33] SOLVER   512776 DPushes remaining with DInf 5.1524894e+03              1088s
[2019-03-21 20:11:39] SOLVER   512032 DPushes remaining with DInf 5.1524894e+03              1095s
[2019-03-21 20:11:44] SOLVER   511288 DPushes remaining with DInf 5.1524894e+03              1100s
[2019-03-21 20:11:49] SOLVER   510544 DPushes remaining with DInf 5.1524894e+03              1105s
[2019-03-21 20:11:53] SOLVER   509800 DPushes remaining with DInf 5.1524894e+03              1109s
[2019-03-21 20:11:58] SOLVER   509056 DPushes remaining with DInf 5.1524894e+03              1114s
[2019-03-21 20:12:02] SOLVER   508312 DPushes remaining with DInf 5.1524894e+03              1118s
[2019-03-21 20:12:07] SOLVER   507568 DPushes remaining with DInf 5.1524894e+03              1123s
[2019-03-21 20:12:12] SOLVER   506824 DPushes remaining with DInf 5.1524894e+03              1128s
[2019-03-21 20:12:17] SOLVER   506080 DPushes remaining with DInf 5.1524894e+03              1133s
[2019-03-21 20:12:21] SOLVER   505336 DPushes remaining with DInf 5.1524894e+03              1137s
[2019-03-21 20:12:26] SOLVER   504592 DPushes remaining with DInf 5.1524894e+03              1142s
[2019-03-21 20:12:30] SOLVER   503848 DPushes remaining with DInf 5.1524894e+03              1146s
[2019-03-21 20:12:35] SOLVER   503104 DPushes remaining with DInf 5.1524894e+03              1151s
[2019-03-21 20:12:40] SOLVER   502360 DPushes remaining with DInf 5.1524894e+03              1156s
[2019-03-21 20:12:45] SOLVER   501616 DPushes remaining with DInf 5.1524894e+03              1161s
[2019-03-21 20:12:51] SOLVER   500872 DPushes remaining with DInf 5.1524894e+03              1167s
[2019-03-21 20:12:57] SOLVER   500128 DPushes remaining with DInf 5.1524894e+03              1172s
[2019-03-21 20:13:02] SOLVER   499384 DPushes remaining with DInf 5.1524894e+03              1178s
[2019-03-21 20:13:08] SOLVER   498640 DPushes remaining with DInf 5.1524894e+03              1184s
[2019-03-21 20:13:13] SOLVER   497896 DPushes remaining with DInf 5.1524894e+03              1189s
[2019-03-21 20:13:19] SOLVER   497152 DPushes remaining with DInf 5.1524894e+03              1195s
[2019-03-21 20:13:25] SOLVER   496408 DPushes remaining with DInf 5.1524894e+03              1201s
[2019-03-21 20:13:30] SOLVER   495664 DPushes remaining with DInf 5.1524894e+03              1206s
[2019-03-21 20:13:36] SOLVER   494920 DPushes remaining with DInf 5.1524894e+03              1212s
[2019-03-21 20:13:41] SOLVER   494176 DPushes remaining with DInf 5.1524894e+03              1217s
[2019-03-21 20:13:47] SOLVER   493432 DPushes remaining with DInf 5.1524894e+03              1223s
[2019-03-21 20:13:52] SOLVER   492688 DPushes remaining with DInf 5.1524894e+03              1228s
[2019-03-21 20:13:58] SOLVER   491944 DPushes remaining with DInf 5.1524894e+03              1234s
[2019-03-21 20:14:03] SOLVER   491200 DPushes remaining with DInf 5.1524894e+03              1239s
[2019-03-21 20:14:09] SOLVER   490456 DPushes remaining with DInf 5.1524894e+03              1245s
[2019-03-21 20:14:14] SOLVER   489712 DPushes remaining with DInf 5.1524894e+03              1250s
[2019-03-21 20:14:20] SOLVER   488968 DPushes remaining with DInf 5.1524894e+03              1256s
[2019-03-21 20:14:25] SOLVER   488224 DPushes remaining with DInf 5.1524894e+03              1261s
[2019-03-21 20:14:31] SOLVER   487480 DPushes remaining with DInf 5.1524894e+03              1267s
[2019-03-21 20:14:37] SOLVER   486736 DPushes remaining with DInf 5.1524894e+03              1273s
[2019-03-21 20:14:43] SOLVER   485992 DPushes remaining with DInf 5.1524894e+03              1279s
[2019-03-21 20:14:48] SOLVER   485248 DPushes remaining with DInf 5.1524894e+03              1284s
[2019-03-21 20:14:53] SOLVER   484504 DPushes remaining with DInf 5.1524894e+03              1289s
[2019-03-21 20:14:57] SOLVER   483760 DPushes remaining with DInf 5.1524894e+03              1293s
[2019-03-21 20:15:00] SOLVER   483016 DPushes remaining with DInf 5.1524894e+03              1296s
[2019-03-21 20:15:05] SOLVER   481528 DPushes remaining with DInf 5.1524894e+03              1301s
[2019-03-21 20:15:10] SOLVER   480784 DPushes remaining with DInf 5.1524894e+03              1306s
[2019-03-21 20:15:15] SOLVER   480040 DPushes remaining with DInf 5.1524894e+03              1310s
[2019-03-21 20:15:20] SOLVER   479296 DPushes remaining with DInf 5.1524894e+03              1316s
[2019-03-21 20:15:25] SOLVER   478552 DPushes remaining with DInf 5.1524894e+03              1321s
[2019-03-21 20:15:30] SOLVER   477808 DPushes remaining with DInf 5.1524894e+03              1326s
[2019-03-21 20:15:35] SOLVER   477064 DPushes remaining with DInf 5.1524894e+03              1331s
[2019-03-21 20:15:41] SOLVER   476320 DPushes remaining with DInf 5.1524894e+03              1337s
[2019-03-21 20:15:46] SOLVER   475576 DPushes remaining with DInf 5.1524894e+03              1342s
[2019-03-21 20:15:53] SOLVER   474832 DPushes remaining with DInf 5.1524894e+03              1348s
[2019-03-21 20:15:59] SOLVER   474088 DPushes remaining with DInf 5.1524894e+03              1354s
[2019-03-21 20:16:04] SOLVER   473344 DPushes remaining with DInf 5.1524894e+03              1360s
[2019-03-21 20:16:10] SOLVER   472600 DPushes remaining with DInf 5.1524894e+03              1366s
[2019-03-21 20:16:17] SOLVER   471856 DPushes remaining with DInf 5.1524894e+03              1372s
[2019-03-21 20:16:23] SOLVER   471112 DPushes remaining with DInf 5.1524894e+03              1379s
[2019-03-21 20:16:29] SOLVER   470368 DPushes remaining with DInf 5.1524894e+03              1385s
[2019-03-21 20:16:36] SOLVER   469624 DPushes remaining with DInf 5.1524894e+03              1392s
[2019-03-21 20:16:42] SOLVER   468880 DPushes remaining with DInf 5.1524894e+03              1398s
[2019-03-21 20:16:48] SOLVER   468136 DPushes remaining with DInf 5.1524894e+03              1404s
[2019-03-21 20:16:54] SOLVER   467392 DPushes remaining with DInf 5.1524894e+03              1410s
[2019-03-21 20:16:59] SOLVER   466648 DPushes remaining with DInf 5.1524894e+03              1415s
[2019-03-21 20:17:05] SOLVER   465904 DPushes remaining with DInf 5.1524894e+03              1421s
[2019-03-21 20:17:10] SOLVER   465160 DPushes remaining with DInf 5.1524894e+03              1426s
[2019-03-21 20:17:15] SOLVER   464416 DPushes remaining with DInf 5.1524894e+03              1431s
[2019-03-21 20:17:21] SOLVER   463672 DPushes remaining with DInf 5.1524894e+03              1437s
[2019-03-21 20:17:26] SOLVER   462928 DPushes remaining with DInf 5.1524894e+03              1442s
[2019-03-21 20:17:31] SOLVER   462184 DPushes remaining with DInf 5.1524894e+03              1447s
[2019-03-21 20:17:37] SOLVER   461440 DPushes remaining with DInf 5.1524894e+03              1453s
[2019-03-21 20:17:42] SOLVER   460696 DPushes remaining with DInf 5.1524894e+03              1458s
[2019-03-21 20:17:48] SOLVER   459952 DPushes remaining with DInf 5.1524894e+03              1464s
[2019-03-21 20:17:54] SOLVER   459208 DPushes remaining with DInf 5.1524894e+03              1470s
[2019-03-21 20:17:59] SOLVER   458464 DPushes remaining with DInf 5.1524894e+03              1475s
[2019-03-21 20:18:05] SOLVER   457720 DPushes remaining with DInf 5.1524894e+03              1481s
[2019-03-21 20:18:13] SOLVER   456232 DPushes remaining with DInf 5.1524894e+03              1489s
[2019-03-21 20:18:17] SOLVER   455488 DPushes remaining with DInf 5.1524894e+03              1493s
[2019-03-21 20:18:22] SOLVER   454744 DPushes remaining with DInf 5.1524894e+03              1497s
[2019-03-21 20:18:26] SOLVER   454000 DPushes remaining with DInf 5.1524894e+03              1502s
[2019-03-21 20:18:30] SOLVER   453256 DPushes remaining with DInf 5.1524894e+03              1506s
[2019-03-21 20:18:35] SOLVER   452512 DPushes remaining with DInf 5.1524894e+03              1511s
[2019-03-21 20:18:39] SOLVER   451768 DPushes remaining with DInf 5.1524894e+03              1515s
[2019-03-21 20:18:47] SOLVER   450280 DPushes remaining with DInf 5.1524894e+03              1523s
[2019-03-21 20:18:51] SOLVER   449536 DPushes remaining with DInf 5.1524894e+03              1527s
[2019-03-21 20:18:55] SOLVER   448792 DPushes remaining with DInf 5.1524894e+03              1531s
[2019-03-21 20:19:03] SOLVER   447304 DPushes remaining with DInf 5.1524894e+03              1539s
[2019-03-21 20:19:07] SOLVER   446560 DPushes remaining with DInf 5.1524894e+03              1543s
[2019-03-21 20:19:11] SOLVER   445816 DPushes remaining with DInf 5.1524894e+03              1547s
[2019-03-21 20:19:15] SOLVER   445072 DPushes remaining with DInf 5.1524894e+03              1551s
[2019-03-21 20:19:22] SOLVER   443584 DPushes remaining with DInf 5.1524894e+03              1558s
[2019-03-21 20:19:25] SOLVER   442840 DPushes remaining with DInf 5.1524894e+03              1561s
[2019-03-21 20:19:31] SOLVER   441352 DPushes remaining with DInf 5.1524894e+03              1567s
[2019-03-21 20:19:36] SOLVER   440608 DPushes remaining with DInf 5.1524894e+03              1571s
[2019-03-21 20:19:40] SOLVER   439864 DPushes remaining with DInf 5.1524894e+03              1576s
[2019-03-21 20:19:44] SOLVER   439120 DPushes remaining with DInf 5.1524894e+03              1580s
[2019-03-21 20:19:53] SOLVER   437632 DPushes remaining with DInf 5.1524894e+03              1589s
[2019-03-21 20:19:58] SOLVER   436888 DPushes remaining with DInf 5.1524894e+03              1594s
[2019-03-21 20:20:02] SOLVER   436144 DPushes remaining with DInf 5.1524894e+03              1598s
[2019-03-21 20:20:06] SOLVER   435400 DPushes remaining with DInf 5.1524894e+03              1602s
[2019-03-21 20:20:11] SOLVER   434656 DPushes remaining with DInf 5.1524894e+03              1607s
[2019-03-21 20:20:15] SOLVER   433912 DPushes remaining with DInf 5.1524894e+03              1611s
[2019-03-21 20:20:19] SOLVER   433168 DPushes remaining with DInf 5.1524894e+03              1615s
[2019-03-21 20:20:24] SOLVER   432424 DPushes remaining with DInf 5.1524894e+03              1620s
[2019-03-21 20:20:32] SOLVER   430936 DPushes remaining with DInf 5.1524894e+03              1628s
[2019-03-21 20:20:36] SOLVER   430192 DPushes remaining with DInf 5.1524894e+03              1632s
[2019-03-21 20:20:41] SOLVER   429448 DPushes remaining with DInf 5.1524894e+03              1637s
[2019-03-21 20:20:45] SOLVER   428704 DPushes remaining with DInf 5.1524894e+03              1641s
[2019-03-21 20:20:53] SOLVER   427216 DPushes remaining with DInf 5.1524894e+03              1649s
[2019-03-21 20:20:57] SOLVER   426472 DPushes remaining with DInf 5.1524894e+03              1653s
[2019-03-21 20:21:01] SOLVER   425728 DPushes remaining with DInf 5.1524894e+03              1657s
[2019-03-21 20:21:05] SOLVER   424984 DPushes remaining with DInf 5.1524894e+03              1661s
[2019-03-21 20:21:09] SOLVER   424240 DPushes remaining with DInf 5.1524894e+03              1665s
[2019-03-21 20:21:17] SOLVER   422752 DPushes remaining with DInf 5.1524894e+03              1673s
[2019-03-21 20:21:21] SOLVER   422008 DPushes remaining with DInf 5.1524894e+03              1677s
[2019-03-21 20:21:25] SOLVER   421264 DPushes remaining with DInf 5.1524894e+03              1681s
[2019-03-21 20:21:30] SOLVER   420520 DPushes remaining with DInf 5.1524894e+03              1686s
[2019-03-21 20:21:36] SOLVER   419776 DPushes remaining with DInf 5.1524894e+03              1692s
[2019-03-21 20:21:41] SOLVER   419032 DPushes remaining with DInf 5.1524894e+03              1697s
[2019-03-21 20:21:45] SOLVER   418288 DPushes remaining with DInf 5.1524894e+03              1701s
[2019-03-21 20:21:49] SOLVER   417544 DPushes remaining with DInf 5.1524894e+03              1705s
[2019-03-21 20:21:57] SOLVER   416056 DPushes remaining with DInf 5.1524894e+03              1713s
[2019-03-21 20:22:00] SOLVER   415312 DPushes remaining with DInf 5.1524894e+03              1716s
[2019-03-21 20:22:06] SOLVER   413824 DPushes remaining with DInf 5.1524894e+03              1722s
[2019-03-21 20:22:12] SOLVER   412336 DPushes remaining with DInf 5.1524894e+03              1728s
[2019-03-21 20:22:15] SOLVER   411592 DPushes remaining with DInf 5.1524894e+03              1731s
[2019-03-21 20:22:20] SOLVER   410104 DPushes remaining with DInf 5.1524894e+03              1736s
[2019-03-21 20:22:26] SOLVER   408616 DPushes remaining with DInf 5.1524894e+03              1742s
[2019-03-21 20:22:29] SOLVER   407872 DPushes remaining with DInf 5.1524894e+03              1745s
[2019-03-21 20:22:39] SOLVER   406384 DPushes remaining with DInf 5.1524894e+03              1755s
[2019-03-21 20:22:46] SOLVER   404896 DPushes remaining with DInf 5.1524894e+03              1762s
[2019-03-21 20:22:51] SOLVER   403408 DPushes remaining with DInf 5.1524894e+03              1767s
[2019-03-21 20:22:54] SOLVER   402664 DPushes remaining with DInf 5.1524894e+03              1770s
[2019-03-21 20:22:59] SOLVER   401176 DPushes remaining with DInf 5.1524894e+03              1775s
[2019-03-21 20:23:05] SOLVER   399688 DPushes remaining with DInf 5.1524894e+03              1781s
[2019-03-21 20:23:12] SOLVER   398200 DPushes remaining with DInf 5.1524894e+03              1788s
[2019-03-21 20:23:16] SOLVER   397456 DPushes remaining with DInf 5.1524894e+03              1792s
[2019-03-21 20:23:20] SOLVER   396712 DPushes remaining with DInf 5.1524894e+03              1795s
[2019-03-21 20:23:26] SOLVER   395224 DPushes remaining with DInf 5.1524894e+03              1802s
[2019-03-21 20:23:30] SOLVER   394480 DPushes remaining with DInf 5.1524894e+03              1806s
[2019-03-21 20:23:34] SOLVER   393736 DPushes remaining with DInf 5.1524894e+03              1810s
[2019-03-21 20:23:43] SOLVER   392248 DPushes remaining with DInf 5.1524894e+03              1819s
[2019-03-21 20:23:48] SOLVER   391504 DPushes remaining with DInf 5.1524894e+03              1823s
[2019-03-21 20:23:51] SOLVER   390760 DPushes remaining with DInf 5.1524894e+03              1827s
[2019-03-21 20:23:55] SOLVER   390016 DPushes remaining with DInf 5.1524894e+03              1831s
[2019-03-21 20:24:02] SOLVER   388528 DPushes remaining with DInf 5.1524894e+03              1838s
[2019-03-21 20:24:06] SOLVER   387784 DPushes remaining with DInf 5.1524894e+03              1842s
[2019-03-21 20:24:11] SOLVER   386296 DPushes remaining with DInf 5.0889522e+03              1847s
[2019-03-21 20:24:15] SOLVER   384808 DPushes remaining with DInf 5.0889522e+03              1851s
[2019-03-21 20:24:20] SOLVER   383320 DPushes remaining with DInf 5.0889522e+03              1856s
[2019-03-21 20:24:25] SOLVER   381832 DPushes remaining with DInf 5.0889522e+03              1861s
[2019-03-21 20:24:31] SOLVER   380344 DPushes remaining with DInf 5.0889374e+03              1867s
[2019-03-21 20:24:36] SOLVER   378856 DPushes remaining with DInf 5.0889374e+03              1872s
[2019-03-21 20:24:40] SOLVER   377368 DPushes remaining with DInf 5.0889374e+03              1875s
[2019-03-21 20:24:44] SOLVER   375880 DPushes remaining with DInf 5.0889374e+03              1880s
[2019-03-21 20:24:51] SOLVER   374392 DPushes remaining with DInf 5.0889374e+03              1887s
[2019-03-21 20:24:57] SOLVER   372904 DPushes remaining with DInf 5.0889374e+03              1893s
[2019-03-21 20:24:59] SOLVER   372160 DPushes remaining with DInf 5.0889374e+03              1895s
[2019-03-21 20:25:06] SOLVER   370672 DPushes remaining with DInf 5.0889374e+03              1902s
[2019-03-21 20:25:11] SOLVER   369184 DPushes remaining with DInf 5.0889374e+03              1907s
[2019-03-21 20:25:17] SOLVER   367696 DPushes remaining with DInf 5.0889374e+03              1913s
[2019-03-21 20:25:20] SOLVER   366952 DPushes remaining with DInf 5.0889374e+03              1916s
[2019-03-21 20:25:26] SOLVER   365464 DPushes remaining with DInf 5.0889374e+03              1922s
[2019-03-21 20:25:31] SOLVER   363976 DPushes remaining with DInf 5.0889374e+03              1927s
[2019-03-21 20:25:35] SOLVER   362488 DPushes remaining with DInf 5.0889374e+03              1931s
[2019-03-21 20:25:39] SOLVER   361000 DPushes remaining with DInf 5.0531974e+03              1935s
[2019-03-21 20:25:44] SOLVER   358768 DPushes remaining with DInf 5.0531974e+03              1940s
[2019-03-21 20:25:49] SOLVER   356536 DPushes remaining with DInf 5.0531974e+03              1945s
[2019-03-21 20:25:54] SOLVER   354304 DPushes remaining with DInf 5.0531974e+03              1950s
[2019-03-21 20:26:01] SOLVER   351328 DPushes remaining with DInf 5.0531974e+03              1957s
[2019-03-21 20:26:04] SOLVER   349840 DPushes remaining with DInf 5.0531974e+03              1960s
[2019-03-21 20:26:10] SOLVER   346864 DPushes remaining with DInf 5.0531974e+03              1966s
[2019-03-21 20:26:15] SOLVER   344632 DPushes remaining with DInf 5.0531974e+03              1970s
[2019-03-21 20:26:20] SOLVER   341656 DPushes remaining with DInf 5.0531974e+03              1976s
[2019-03-21 20:26:25] SOLVER   338680 DPushes remaining with DInf 5.0531974e+03              1981s
[2019-03-21 20:26:29] SOLVER   336448 DPushes remaining with DInf 5.0531974e+03              1985s
[2019-03-21 20:26:35] SOLVER   333472 DPushes remaining with DInf 5.0531974e+03              1991s
[2019-03-21 20:26:40] SOLVER   331240 DPushes remaining with DInf 5.0531974e+03              1996s
[2019-03-21 20:26:44] SOLVER   329752 DPushes remaining with DInf 5.0531974e+03              2000s
[2019-03-21 20:26:49] SOLVER   327520 DPushes remaining with DInf 5.0531974e+03              2005s
[2019-03-21 20:26:54] SOLVER   325288 DPushes remaining with DInf 5.0531974e+03              2010s
[2019-03-21 20:27:00] SOLVER   323056 DPushes remaining with DInf 5.0531974e+03              2016s
[2019-03-21 20:27:05] SOLVER   320824 DPushes remaining with DInf 5.0531974e+03              2021s
[2019-03-21 20:27:11] SOLVER   318592 DPushes remaining with DInf 5.0531974e+03              2027s
[2019-03-21 20:27:15] SOLVER   317104 DPushes remaining with DInf 5.0531974e+03              2031s
[2019-03-21 20:27:20] SOLVER   314872 DPushes remaining with DInf 5.0531974e+03              2036s
[2019-03-21 20:27:24] SOLVER   313384 DPushes remaining with DInf 5.0531974e+03              2040s
[2019-03-21 20:27:29] SOLVER   311152 DPushes remaining with DInf 5.0531974e+03              2045s
[2019-03-21 20:27:35] SOLVER   308920 DPushes remaining with DInf 5.0531974e+03              2051s
[2019-03-21 20:27:40] SOLVER   306688 DPushes remaining with DInf 5.0531974e+03              2056s
[2019-03-21 20:27:46] SOLVER   304456 DPushes remaining with DInf 5.0531974e+03              2062s
[2019-03-21 20:27:51] SOLVER   302224 DPushes remaining with DInf 5.0531974e+03              2066s
[2019-03-21 20:27:54] SOLVER   300736 DPushes remaining with DInf 5.0531974e+03              2070s
[2019-03-21 20:28:00] SOLVER   298504 DPushes remaining with DInf 5.0531974e+03              2076s
[2019-03-21 20:28:05] SOLVER   296272 DPushes remaining with DInf 4.8788009e+03              2081s
[2019-03-21 20:28:09] SOLVER   294784 DPushes remaining with DInf 4.8788009e+03              2085s
[2019-03-21 20:28:15] SOLVER   292552 DPushes remaining with DInf 4.8788009e+03              2091s
[2019-03-21 20:28:21] SOLVER   290320 DPushes remaining with DInf 4.8788009e+03              2096s
[2019-03-21 20:28:25] SOLVER   288832 DPushes remaining with DInf 4.8788009e+03              2100s
[2019-03-21 20:28:29] SOLVER   287344 DPushes remaining with DInf 4.8788009e+03              2105s
[2019-03-21 20:28:35] SOLVER   285856 DPushes remaining with DInf 4.8788009e+03              2111s
[2019-03-21 20:28:41] SOLVER   284368 DPushes remaining with DInf 4.8788009e+03              2116s
[2019-03-21 20:28:46] SOLVER   282880 DPushes remaining with DInf 4.8788009e+03              2122s
[2019-03-21 20:28:49] SOLVER   282136 DPushes remaining with DInf 4.8788009e+03              2125s
[2019-03-21 20:28:56] SOLVER   280648 DPushes remaining with DInf 4.8788009e+03              2132s
[2019-03-21 20:28:59] SOLVER   279904 DPushes remaining with DInf 4.8788009e+03              2135s
[2019-03-21 20:29:07] SOLVER   278416 DPushes remaining with DInf 4.8788009e+03              2143s
[2019-03-21 20:29:10] SOLVER   277672 DPushes remaining with DInf 4.8788009e+03              2146s
[2019-03-21 20:29:18] SOLVER   276184 DPushes remaining with DInf 4.8780235e+03              2154s
[2019-03-21 20:29:22] SOLVER   275440 DPushes remaining with DInf 4.8780235e+03              2158s
[2019-03-21 20:29:26] SOLVER   274696 DPushes remaining with DInf 4.8780235e+03              2162s
[2019-03-21 20:29:31] SOLVER   273952 DPushes remaining with DInf 4.8780235e+03              2167s
[2019-03-21 20:29:36] SOLVER   273208 DPushes remaining with DInf 4.8780235e+03              2172s
[2019-03-21 20:29:42] SOLVER   272464 DPushes remaining with DInf 4.8780235e+03              2178s
[2019-03-21 20:29:48] SOLVER   271720 DPushes remaining with DInf 4.8780235e+03              2184s
[2019-03-21 20:29:51] SOLVER   270976 DPushes remaining with DInf 4.8780235e+03              2187s
[2019-03-21 20:29:56] SOLVER   269488 DPushes remaining with DInf 4.8780235e+03              2192s
[2019-03-21 20:30:00] SOLVER   268744 DPushes remaining with DInf 4.8780235e+03              2195s
[2019-03-21 20:30:08] SOLVER   267256 DPushes remaining with DInf 4.8780235e+03              2204s
[2019-03-21 20:30:12] SOLVER   266512 DPushes remaining with DInf 4.8780235e+03              2208s
[2019-03-21 20:30:16] SOLVER   265768 DPushes remaining with DInf 4.8780235e+03              2212s
[2019-03-21 20:30:20] SOLVER   264280 DPushes remaining with DInf 4.8780235e+03              2216s
[2019-03-21 20:30:26] SOLVER   262792 DPushes remaining with DInf 4.8780235e+03              2222s
[2019-03-21 20:30:30] SOLVER   262048 DPushes remaining with DInf 4.8780235e+03              2226s
[2019-03-21 20:30:34] SOLVER   261304 DPushes remaining with DInf 4.8780161e+03              2230s
[2019-03-21 20:30:41] SOLVER   259816 DPushes remaining with DInf 4.8780161e+03              2237s
[2019-03-21 20:30:49] SOLVER   258328 DPushes remaining with DInf 4.8780161e+03              2245s
[2019-03-21 20:30:57] SOLVER   257584 DPushes remaining with DInf 4.8780161e+03              2253s
[2019-03-21 20:31:06] SOLVER   256840 DPushes remaining with DInf 4.8780161e+03              2261s
[2019-03-21 20:31:14] SOLVER   256096 DPushes remaining with DInf 4.8780161e+03              2269s
[2019-03-21 20:31:21] SOLVER   255352 DPushes remaining with DInf 4.8780161e+03              2277s
[2019-03-21 20:31:29] SOLVER   254608 DPushes remaining with DInf 4.8780161e+03              2285s
[2019-03-21 20:31:36] SOLVER   253864 DPushes remaining with DInf 4.8780161e+03              2292s
[2019-03-21 20:31:42] SOLVER   253120 DPushes remaining with DInf 4.8780161e+03              2298s
[2019-03-21 20:31:47] SOLVER   252376 DPushes remaining with DInf 4.8780161e+03              2303s
[2019-03-21 20:31:51] SOLVER   251632 DPushes remaining with DInf 4.8779886e+03              2307s
[2019-03-21 20:31:57] SOLVER   250888 DPushes remaining with DInf 4.8779833e+03              2313s
[2019-03-21 20:32:03] SOLVER   250144 DPushes remaining with DInf 4.8779759e+03              2319s
[2019-03-21 20:32:09] SOLVER   249400 DPushes remaining with DInf 4.8779759e+03              2325s
[2019-03-21 20:32:15] SOLVER   248656 DPushes remaining with DInf 4.8779759e+03              2331s
[2019-03-21 20:32:22] SOLVER   247912 DPushes remaining with DInf 4.8779759e+03              2338s
[2019-03-21 20:32:28] SOLVER   247168 DPushes remaining with DInf 4.8779759e+03              2344s
[2019-03-21 20:32:35] SOLVER   246424 DPushes remaining with DInf 4.8779705e+03              2351s
[2019-03-21 20:32:40] SOLVER   245680 DPushes remaining with DInf 4.8779705e+03              2356s
[2019-03-21 20:32:45] SOLVER   244936 DPushes remaining with DInf 4.8779705e+03              2361s
[2019-03-21 20:32:51] SOLVER   244192 DPushes remaining with DInf 4.8779704e+03              2367s
[2019-03-21 20:32:56] SOLVER   243448 DPushes remaining with DInf 4.8779704e+03              2372s
[2019-03-21 20:33:00] SOLVER   242704 DPushes remaining with DInf 4.8779705e+03              2376s
[2019-03-21 20:33:06] SOLVER   241960 DPushes remaining with DInf 4.8779705e+03              2382s
[2019-03-21 20:33:11] SOLVER   241216 DPushes remaining with DInf 4.8779704e+03              2387s
[2019-03-21 20:33:18] SOLVER   240472 DPushes remaining with DInf 4.8779705e+03              2393s
[2019-03-21 20:33:24] SOLVER   239728 DPushes remaining with DInf 4.8779704e+03              2400s
[2019-03-21 20:33:30] SOLVER   238984 DPushes remaining with DInf 4.8779705e+03              2405s
[2019-03-21 20:33:36] SOLVER   238240 DPushes remaining with DInf 4.8779705e+03              2412s
[2019-03-21 20:33:42] SOLVER   237496 DPushes remaining with DInf 4.8779704e+03              2418s
[2019-03-21 20:33:47] SOLVER   236752 DPushes remaining with DInf 4.8779704e+03              2423s
[2019-03-21 20:33:52] SOLVER   236008 DPushes remaining with DInf 4.8779705e+03              2428s
[2019-03-21 20:33:57] SOLVER   235264 DPushes remaining with DInf 4.8779705e+03              2433s
[2019-03-21 20:34:02] SOLVER   234520 DPushes remaining with DInf 4.8779639e+03              2438s
[2019-03-21 20:34:07] SOLVER   233776 DPushes remaining with DInf 4.8777093e+03              2443s
[2019-03-21 20:34:13] SOLVER   233032 DPushes remaining with DInf 4.8777093e+03              2449s
[2019-03-21 20:34:20] SOLVER   232288 DPushes remaining with DInf 4.8777093e+03              2455s
[2019-03-21 20:34:25] SOLVER   231544 DPushes remaining with DInf 4.8777093e+03              2461s
[2019-03-21 20:34:31] SOLVER   230800 DPushes remaining with DInf 4.8777093e+03              2467s
[2019-03-21 20:34:36] SOLVER   230056 DPushes remaining with DInf 4.8777036e+03              2472s
[2019-03-21 20:34:41] SOLVER   229312 DPushes remaining with DInf 4.8777036e+03              2477s
[2019-03-21 20:34:45] SOLVER   228568 DPushes remaining with DInf 4.8777036e+03              2481s
[2019-03-21 20:34:49] SOLVER   227824 DPushes remaining with DInf 4.8777036e+03              2485s
[2019-03-21 20:34:58] SOLVER   226336 DPushes remaining with DInf 4.8776961e+03              2494s
[2019-03-21 20:35:02] SOLVER   225592 DPushes remaining with DInf 4.8776961e+03              2498s
[2019-03-21 20:35:06] SOLVER   224848 DPushes remaining with DInf 4.8776961e+03              2502s
[2019-03-21 20:35:11] SOLVER   224104 DPushes remaining with DInf 4.8776961e+03              2506s
[2019-03-21 20:35:15] SOLVER   223360 DPushes remaining with DInf 4.8776961e+03              2511s
[2019-03-21 20:35:20] SOLVER   222616 DPushes remaining with DInf 4.8764347e+03              2516s
[2019-03-21 20:35:26] SOLVER   221872 DPushes remaining with DInf 4.8764347e+03              2522s
[2019-03-21 20:35:31] SOLVER   221128 DPushes remaining with DInf 4.8764347e+03              2527s
[2019-03-21 20:35:35] SOLVER   220384 DPushes remaining with DInf 4.8764347e+03              2531s
[2019-03-21 20:35:40] SOLVER   219640 DPushes remaining with DInf 4.8764347e+03              2536s
[2019-03-21 20:35:46] SOLVER   218896 DPushes remaining with DInf 4.8764347e+03              2542s
[2019-03-21 20:35:53] SOLVER   218152 DPushes remaining with DInf 4.8764347e+03              2549s
[2019-03-21 20:35:59] SOLVER   217408 DPushes remaining with DInf 4.8764347e+03              2555s
[2019-03-21 20:36:06] SOLVER   216664 DPushes remaining with DInf 4.8764347e+03              2562s
[2019-03-21 20:36:12] SOLVER   215920 DPushes remaining with DInf 4.8764347e+03              2568s
[2019-03-21 20:36:19] SOLVER   215176 DPushes remaining with DInf 4.8764347e+03              2575s
[2019-03-21 20:36:25] SOLVER   214432 DPushes remaining with DInf 4.8764347e+03              2581s
[2019-03-21 20:36:31] SOLVER   213688 DPushes remaining with DInf 4.8764347e+03              2587s
[2019-03-21 20:36:38] SOLVER   212944 DPushes remaining with DInf 4.8764347e+03              2594s
[2019-03-21 20:36:44] SOLVER   212200 DPushes remaining with DInf 4.8764347e+03              2600s
[2019-03-21 20:36:50] SOLVER   211456 DPushes remaining with DInf 4.8764347e+03              2606s
[2019-03-21 20:36:56] SOLVER   210712 DPushes remaining with DInf 4.8764347e+03              2612s
[2019-03-21 20:37:02] SOLVER   209968 DPushes remaining with DInf 4.8764347e+03              2618s
[2019-03-21 20:37:09] SOLVER   209224 DPushes remaining with DInf 4.8764347e+03              2624s
[2019-03-21 20:37:15] SOLVER   208480 DPushes remaining with DInf 4.8764347e+03              2631s
[2019-03-21 20:37:21] SOLVER   207736 DPushes remaining with DInf 4.8764347e+03              2637s
[2019-03-21 20:37:27] SOLVER   206992 DPushes remaining with DInf 4.8764347e+03              2643s
[2019-03-21 20:37:33] SOLVER   206248 DPushes remaining with DInf 4.8764347e+03              2649s
[2019-03-21 20:37:39] SOLVER   205504 DPushes remaining with DInf 4.8764347e+03              2655s
[2019-03-21 20:37:46] SOLVER   204760 DPushes remaining with DInf 4.8764347e+03              2662s
[2019-03-21 20:37:52] SOLVER   204016 DPushes remaining with DInf 4.8764347e+03              2668s
[2019-03-21 20:37:58] SOLVER   203272 DPushes remaining with DInf 4.8764347e+03              2674s
[2019-03-21 20:38:04] SOLVER   202528 DPushes remaining with DInf 4.8764347e+03              2680s
[2019-03-21 20:38:11] SOLVER   201784 DPushes remaining with DInf 4.8764347e+03              2687s
[2019-03-21 20:38:17] SOLVER   201040 DPushes remaining with DInf 4.8764347e+03              2693s
[2019-03-21 20:38:23] SOLVER   200296 DPushes remaining with DInf 4.8764347e+03              2699s
[2019-03-21 20:38:29] SOLVER   199552 DPushes remaining with DInf 4.8764347e+03              2705s
[2019-03-21 20:38:35] SOLVER   198808 DPushes remaining with DInf 4.8764347e+03              2711s
[2019-03-21 20:38:41] SOLVER   198064 DPushes remaining with DInf 4.8764347e+03              2717s
[2019-03-21 20:38:48] SOLVER   197319 DPushes remaining with DInf 4.8764347e+03              2724s
[2019-03-21 20:38:55] SOLVER   196575 DPushes remaining with DInf 4.8764347e+03              2731s
[2019-03-21 20:39:02] SOLVER   195831 DPushes remaining with DInf 4.8764347e+03              2738s
[2019-03-21 20:39:08] SOLVER   195087 DPushes remaining with DInf 4.8764347e+03              2744s
[2019-03-21 20:39:14] SOLVER   194343 DPushes remaining with DInf 4.8764347e+03              2750s
[2019-03-21 20:39:20] SOLVER   193599 DPushes remaining with DInf 4.8764347e+03              2756s
[2019-03-21 20:39:27] SOLVER   192855 DPushes remaining with DInf 4.8764347e+03              2763s
[2019-03-21 20:39:32] SOLVER   192111 DPushes remaining with DInf 4.8764347e+03              2768s
[2019-03-21 20:39:37] SOLVER   191367 DPushes remaining with DInf 4.8764347e+03              2773s
[2019-03-21 20:39:42] SOLVER   190623 DPushes remaining with DInf 4.8764347e+03              2778s
[2019-03-21 20:39:48] SOLVER   189879 DPushes remaining with DInf 4.8764347e+03              2784s
[2019-03-21 20:39:53] SOLVER   189135 DPushes remaining with DInf 4.8750546e+03              2789s
[2019-03-21 20:39:57] SOLVER   188391 DPushes remaining with DInf 4.8750546e+03              2793s
[2019-03-21 20:40:01] SOLVER   187647 DPushes remaining with DInf 4.8748495e+03              2797s
[2019-03-21 20:40:05] SOLVER   186903 DPushes remaining with DInf 4.8748495e+03              2801s
[2019-03-21 20:40:09] SOLVER   186159 DPushes remaining with DInf 4.8748495e+03              2805s
[2019-03-21 20:40:17] SOLVER   184671 DPushes remaining with DInf 4.8748495e+03              2813s
[2019-03-21 20:40:22] SOLVER   183927 DPushes remaining with DInf 4.8748490e+03              2817s
[2019-03-21 20:40:26] SOLVER   183183 DPushes remaining with DInf 4.8748490e+03              2822s
[2019-03-21 20:40:31] SOLVER   182439 DPushes remaining with DInf 4.8748490e+03              2827s
[2019-03-21 20:40:36] SOLVER   181695 DPushes remaining with DInf 4.8748490e+03              2832s
[2019-03-21 20:40:40] SOLVER   180951 DPushes remaining with DInf 4.8748490e+03              2836s
[2019-03-21 20:40:44] SOLVER   180207 DPushes remaining with DInf 4.8748490e+03              2840s
[2019-03-21 20:40:51] SOLVER   178719 DPushes remaining with DInf 4.8748490e+03              2847s
[2019-03-21 20:40:54] SOLVER   177975 DPushes remaining with DInf 4.8748490e+03              2850s
[2019-03-21 20:41:01] SOLVER   176487 DPushes remaining with DInf 4.8748490e+03              2857s
[2019-03-21 20:41:05] SOLVER   175743 DPushes remaining with DInf 4.8748490e+03              2861s
[2019-03-21 20:41:13] SOLVER   174255 DPushes remaining with DInf 4.8748490e+03              2869s
[2019-03-21 20:41:17] SOLVER   173511 DPushes remaining with DInf 4.8748490e+03              2872s
[2019-03-21 20:41:20] SOLVER   172767 DPushes remaining with DInf 4.8553952e+03              2876s
[2019-03-21 20:41:26] SOLVER   171279 DPushes remaining with DInf 4.8553952e+03              2882s
[2019-03-21 20:41:32] SOLVER   169791 DPushes remaining with DInf 4.8553952e+03              2888s
[2019-03-21 20:41:35] SOLVER   169047 DPushes remaining with DInf 4.8553952e+03              2891s
[2019-03-21 20:41:40] SOLVER   167559 DPushes remaining with DInf 4.8553952e+03              2896s
[2019-03-21 20:41:46] SOLVER   166071 DPushes remaining with DInf 4.8553952e+03              2901s
[2019-03-21 20:41:50] SOLVER   164583 DPushes remaining with DInf 4.8553952e+03              2906s
[2019-03-21 20:41:55] SOLVER   163095 DPushes remaining with DInf 4.8553952e+03              2911s
[2019-03-21 20:42:01] SOLVER   161607 DPushes remaining with DInf 4.8553952e+03              2916s
[2019-03-21 20:42:06] SOLVER   160119 DPushes remaining with DInf 4.8553952e+03              2922s
[2019-03-21 20:42:12] SOLVER   158631 DPushes remaining with DInf 4.8553952e+03              2928s
[2019-03-21 20:42:15] SOLVER   157887 DPushes remaining with DInf 4.8553952e+03              2931s
[2019-03-21 20:42:20] SOLVER   156399 DPushes remaining with DInf 4.8553952e+03              2936s
[2019-03-21 20:42:26] SOLVER   154167 DPushes remaining with DInf 4.8553952e+03              2942s
[2019-03-21 20:42:30] SOLVER   152679 DPushes remaining with DInf 4.8553952e+03              2946s
[2019-03-21 20:42:35] SOLVER   151191 DPushes remaining with DInf 4.8553952e+03              2951s
[2019-03-21 20:42:41] SOLVER   149703 DPushes remaining with DInf 4.8553952e+03              2957s
[2019-03-21 20:42:46] SOLVER   148215 DPushes remaining with DInf 4.8553952e+03              2962s
[2019-03-21 20:42:52] SOLVER   146727 DPushes remaining with DInf 4.8553952e+03              2968s
[2019-03-21 20:42:54] SOLVER   145983 DPushes remaining with DInf 4.8553952e+03              2970s
[2019-03-21 20:43:01] SOLVER   144495 DPushes remaining with DInf 4.8553952e+03              2977s
[2019-03-21 20:43:04] SOLVER   143751 DPushes remaining with DInf 4.8553941e+03              2980s
[2019-03-21 20:43:10] SOLVER   142263 DPushes remaining with DInf 4.8553941e+03              2986s
[2019-03-21 20:43:16] SOLVER   140775 DPushes remaining with DInf 4.8553941e+03              2992s
[2019-03-21 20:43:19] SOLVER   140031 DPushes remaining with DInf 4.8553941e+03              2995s
[2019-03-21 20:43:25] SOLVER   138543 DPushes remaining with DInf 4.8553941e+03              3001s
[2019-03-21 20:43:32] SOLVER   137055 DPushes remaining with DInf 4.8553941e+03              3008s
[2019-03-21 20:43:35] SOLVER   136311 DPushes remaining with DInf 4.8374473e+03              3011s
[2019-03-21 20:43:42] SOLVER   134823 DPushes remaining with DInf 4.8374473e+03              3018s
[2019-03-21 20:43:46] SOLVER   134079 DPushes remaining with DInf 4.8374473e+03              3021s
[2019-03-21 20:43:49] SOLVER   133335 DPushes remaining with DInf 4.8374473e+03              3025s
[2019-03-21 20:43:57] SOLVER   131847 DPushes remaining with DInf 4.8374473e+03              3033s
[2019-03-21 20:44:01] SOLVER   131103 DPushes remaining with DInf 4.8374473e+03              3036s
[2019-03-21 20:44:04] SOLVER   130359 DPushes remaining with DInf 4.8374473e+03              3040s
[2019-03-21 20:44:11] SOLVER   128871 DPushes remaining with DInf 4.8374473e+03              3047s
[2019-03-21 20:44:14] SOLVER   128127 DPushes remaining with DInf 4.8374473e+03              3050s
[2019-03-21 20:44:22] SOLVER   126639 DPushes remaining with DInf 4.8374473e+03              3058s
[2019-03-21 20:44:28] SOLVER   125895 DPushes remaining with DInf 4.8374473e+03              3064s
[2019-03-21 20:44:32] SOLVER   125151 DPushes remaining with DInf 4.8374473e+03              3068s
[2019-03-21 20:44:36] SOLVER   124407 DPushes remaining with DInf 4.7027525e+03              3071s
[2019-03-21 20:44:39] SOLVER   123663 DPushes remaining with DInf 4.7027525e+03              3075s
[2019-03-21 20:44:48] SOLVER   122175 DPushes remaining with DInf 4.7027525e+03              3084s
[2019-03-21 20:44:52] SOLVER   121431 DPushes remaining with DInf 4.7027525e+03              3087s
[2019-03-21 20:44:55] SOLVER   120687 DPushes remaining with DInf 4.7027525e+03              3091s
[2019-03-21 20:45:00] SOLVER   119943 DPushes remaining with DInf 4.6187329e+03              3096s
[2019-03-21 20:45:05] SOLVER   119199 DPushes remaining with DInf 4.6187329e+03              3101s
[2019-03-21 20:45:10] SOLVER   118455 DPushes remaining with DInf 4.6187329e+03              3106s
[2019-03-21 20:45:15] SOLVER   117711 DPushes remaining with DInf 4.6187329e+03              3111s
[2019-03-21 20:45:20] SOLVER   116967 DPushes remaining with DInf 4.6187329e+03              3116s
[2019-03-21 20:45:25] SOLVER   116223 DPushes remaining with DInf 4.5602943e+03              3121s
[2019-03-21 20:45:30] SOLVER   115479 DPushes remaining with DInf 4.5602943e+03              3126s
[2019-03-21 20:45:35] SOLVER   114735 DPushes remaining with DInf 4.5602943e+03              3131s
[2019-03-21 20:45:40] SOLVER   113991 DPushes remaining with DInf 4.5602943e+03              3136s
[2019-03-21 20:45:45] SOLVER   113247 DPushes remaining with DInf 4.5602943e+03              3141s
[2019-03-21 20:45:54] SOLVER   111759 DPushes remaining with DInf 4.5602943e+03              3150s
[2019-03-21 20:45:59] SOLVER   111015 DPushes remaining with DInf 4.5602943e+03              3155s
[2019-03-21 20:46:04] SOLVER   110271 DPushes remaining with DInf 4.5602943e+03              3160s
[2019-03-21 20:46:09] SOLVER   109527 DPushes remaining with DInf 4.5602943e+03              3165s
[2019-03-21 20:46:14] SOLVER   108783 DPushes remaining with DInf 4.5602943e+03              3170s
[2019-03-21 20:46:25] SOLVER   107295 DPushes remaining with DInf 4.5602943e+03              3181s
[2019-03-21 20:46:30] SOLVER   106551 DPushes remaining with DInf 4.5602943e+03              3186s
[2019-03-21 20:46:35] SOLVER   105807 DPushes remaining with DInf 4.5602943e+03              3191s
[2019-03-21 20:46:41] SOLVER   105063 DPushes remaining with DInf 4.5602943e+03              3197s
[2019-03-21 20:46:46] SOLVER   104319 DPushes remaining with DInf 4.5602943e+03              3202s
[2019-03-21 20:46:52] SOLVER   103575 DPushes remaining with DInf 4.5602943e+03              3208s
[2019-03-21 20:46:57] SOLVER   102831 DPushes remaining with DInf 4.5602943e+03              3213s
[2019-03-21 20:47:03] SOLVER   102087 DPushes remaining with DInf 4.5602943e+03              3219s
[2019-03-21 20:47:09] SOLVER   101343 DPushes remaining with DInf 4.5602943e+03              3225s
[2019-03-21 20:47:15] SOLVER   100599 DPushes remaining with DInf 4.5602943e+03              3231s
[2019-03-21 20:47:21] SOLVER   99855 DPushes remaining with DInf 4.5602943e+03              3237s
[2019-03-21 20:47:27] SOLVER   99111 DPushes remaining with DInf 4.5602943e+03              3243s
[2019-03-21 20:47:35] SOLVER   98367 DPushes remaining with DInf 4.5594328e+03              3251s
[2019-03-21 20:47:43] SOLVER   97623 DPushes remaining with DInf 4.5594328e+03              3259s
[2019-03-21 20:47:51] SOLVER   96879 DPushes remaining with DInf 4.5594304e+03              3267s
[2019-03-21 20:47:59] SOLVER   96135 DPushes remaining with DInf 4.5594301e+03              3275s
[2019-03-21 20:48:07] SOLVER   95391 DPushes remaining with DInf 4.5594301e+03              3283s
[2019-03-21 20:48:15] SOLVER   94647 DPushes remaining with DInf 4.5594301e+03              3291s
[2019-03-21 20:48:24] SOLVER   93903 DPushes remaining with DInf 4.5594301e+03              3299s
[2019-03-21 20:48:29] SOLVER   93159 DPushes remaining with DInf 4.5594301e+03              3305s
[2019-03-21 20:48:37] SOLVER   92415 DPushes remaining with DInf 4.5594253e+03              3313s
[2019-03-21 20:48:45] SOLVER   91671 DPushes remaining with DInf 4.5594253e+03              3321s
[2019-03-21 20:48:53] SOLVER   90927 DPushes remaining with DInf 4.5594253e+03              3329s
[2019-03-21 20:49:02] SOLVER   90183 DPushes remaining with DInf 4.5594253e+03              3337s
[2019-03-21 20:49:07] SOLVER   89439 DPushes remaining with DInf 4.5594253e+03              3343s
[2019-03-21 20:49:12] SOLVER   88695 DPushes remaining with DInf 4.5551551e+03              3348s
[2019-03-21 20:49:18] SOLVER   87951 DPushes remaining with DInf 4.5551551e+03              3354s
[2019-03-21 20:49:21] SOLVER   87207 DPushes remaining with DInf 4.5551551e+03              3357s
[2019-03-21 20:49:28] SOLVER   86463 DPushes remaining with DInf 4.5551551e+03              3364s
[2019-03-21 20:49:37] SOLVER   85719 DPushes remaining with DInf 4.5551551e+03              3372s
[2019-03-21 20:49:46] SOLVER   84975 DPushes remaining with DInf 4.5551551e+03              3382s
[2019-03-21 20:49:56] SOLVER   84231 DPushes remaining with DInf 4.5551551e+03              3392s
[2019-03-21 20:50:05] SOLVER   83487 DPushes remaining with DInf 4.5551551e+03              3401s
[2019-03-21 20:50:14] SOLVER   82743 DPushes remaining with DInf 4.5551551e+03              3410s
[2019-03-21 20:50:24] SOLVER   81999 DPushes remaining with DInf 4.5551551e+03              3420s
[2019-03-21 20:50:33] SOLVER   81255 DPushes remaining with DInf 4.5551551e+03              3429s
[2019-03-21 20:50:41] SOLVER   80511 DPushes remaining with DInf 4.5551525e+03              3437s
[2019-03-21 20:50:50] SOLVER   79767 DPushes remaining with DInf 4.5551525e+03              3445s
[2019-03-21 20:50:57] SOLVER   79023 DPushes remaining with DInf 4.5551525e+03              3453s
[2019-03-21 20:51:06] SOLVER   78279 DPushes remaining with DInf 4.5551525e+03              3462s
[2019-03-21 20:51:16] SOLVER   77535 DPushes remaining with DInf 4.5551525e+03              3472s
[2019-03-21 20:51:26] SOLVER   76791 DPushes remaining with DInf 4.5551049e+03              3482s
[2019-03-21 20:51:32] SOLVER   76047 DPushes remaining with DInf 4.5551049e+03              3488s
[2019-03-21 20:51:40] SOLVER   75303 DPushes remaining with DInf 4.5551049e+03              3496s
[2019-03-21 20:51:48] SOLVER   74559 DPushes remaining with DInf 4.5551049e+03              3504s
[2019-03-21 20:51:57] SOLVER   73815 DPushes remaining with DInf 4.5550987e+03              3513s
[2019-03-21 20:52:06] SOLVER   73071 DPushes remaining with DInf 4.5546222e+03              3522s
[2019-03-21 20:52:15] SOLVER   72327 DPushes remaining with DInf 4.5515789e+03              3531s
[2019-03-21 20:52:23] SOLVER   71583 DPushes remaining with DInf 4.5515789e+03              3539s
[2019-03-21 20:52:32] SOLVER   70839 DPushes remaining with DInf 4.5515789e+03              3547s
[2019-03-21 20:52:40] SOLVER   70095 DPushes remaining with DInf 4.5515789e+03              3556s
[2019-03-21 20:52:48] SOLVER   69351 DPushes remaining with DInf 4.5515789e+03              3564s
[2019-03-21 20:52:57] SOLVER   68607 DPushes remaining with DInf 4.5515789e+03              3573s
[2019-03-21 20:53:05] SOLVER   67863 DPushes remaining with DInf 4.5515789e+03              3581s
[2019-03-21 20:53:14] SOLVER   67119 DPushes remaining with DInf 4.5515789e+03              3589s
[2019-03-21 20:53:21] SOLVER   66375 DPushes remaining with DInf 4.5515789e+03              3597s
[2019-03-21 20:53:28] SOLVER   65631 DPushes remaining with DInf 4.5515789e+03              3604s
[2019-03-21 20:53:34] SOLVER   64887 DPushes remaining with DInf 4.5515789e+03              3610s
[2019-03-21 20:53:41] SOLVER   64143 DPushes remaining with DInf 4.5511178e+03              3617s
[2019-03-21 20:53:50] SOLVER   63399 DPushes remaining with DInf 4.5511178e+03              3626s
[2019-03-21 20:53:58] SOLVER   62655 DPushes remaining with DInf 4.5511178e+03              3634s
[2019-03-21 20:54:03] SOLVER   61911 DPushes remaining with DInf 4.5511178e+03              3639s
[2019-03-21 20:54:09] SOLVER   61167 DPushes remaining with DInf 4.5511178e+03              3645s
[2019-03-21 20:54:18] SOLVER   60423 DPushes remaining with DInf 4.5511178e+03              3654s
[2019-03-21 20:54:27] SOLVER   59679 DPushes remaining with DInf 4.5511178e+03              3663s
[2019-03-21 20:54:37] SOLVER   58935 DPushes remaining with DInf 4.5488305e+03              3673s
[2019-03-21 20:54:47] SOLVER   58191 DPushes remaining with DInf 4.5488305e+03              3683s
[2019-03-21 20:54:57] SOLVER   57447 DPushes remaining with DInf 4.5488305e+03              3692s
[2019-03-21 20:55:08] SOLVER   56703 DPushes remaining with DInf 4.5488292e+03              3704s
[2019-03-21 20:55:20] SOLVER   55959 DPushes remaining with DInf 4.5488292e+03              3716s
[2019-03-21 20:55:31] SOLVER   55215 DPushes remaining with DInf 4.5488292e+03              3727s
[2019-03-21 20:55:44] SOLVER   54471 DPushes remaining with DInf 4.5488292e+03              3740s
[2019-03-21 20:55:56] SOLVER   53727 DPushes remaining with DInf 4.5488292e+03              3752s
[2019-03-21 20:56:09] SOLVER   52983 DPushes remaining with DInf 4.5488292e+03              3765s
[2019-03-21 20:56:21] SOLVER   52239 DPushes remaining with DInf 4.5488292e+03              3777s
[2019-03-21 20:56:33] SOLVER   51495 DPushes remaining with DInf 4.5488292e+03              3789s
[2019-03-21 20:56:45] SOLVER   50751 DPushes remaining with DInf 4.5488292e+03              3801s
[2019-03-21 20:56:59] SOLVER   50007 DPushes remaining with DInf 4.5488292e+03              3814s
[2019-03-21 20:57:12] SOLVER   49263 DPushes remaining with DInf 4.5488292e+03              3828s
[2019-03-21 20:57:26] SOLVER   48519 DPushes remaining with DInf 4.5488292e+03              3842s
[2019-03-21 20:57:40] SOLVER   47775 DPushes remaining with DInf 4.5488290e+03              3856s
[2019-03-21 20:57:54] SOLVER   47031 DPushes remaining with DInf 4.5488290e+03              3870s
[2019-03-21 20:58:07] SOLVER   46283 DPushes remaining with DInf 4.5488290e+03              3883s
[2019-03-21 20:58:18] SOLVER   45533 DPushes remaining with DInf 4.5488290e+03              3894s
[2019-03-21 20:58:29] SOLVER   44784 DPushes remaining with DInf 4.5488290e+03              3905s
[2019-03-21 20:58:40] SOLVER   44033 DPushes remaining with DInf 4.5488290e+03              3916s
[2019-03-21 20:58:51] SOLVER   43283 DPushes remaining with DInf 4.5488290e+03              3927s
[2019-03-21 20:59:02] SOLVER   42532 DPushes remaining with DInf 4.5488290e+03              3938s
[2019-03-21 20:59:15] SOLVER   41786 DPushes remaining with DInf 4.5487833e+03              3951s
[2019-03-21 20:59:29] SOLVER   41040 DPushes remaining with DInf 4.5487708e+03              3965s
[2019-03-21 20:59:43] SOLVER   40296 DPushes remaining with DInf 4.5487690e+03              3979s
[2019-03-21 20:59:56] SOLVER   39552 DPushes remaining with DInf 4.5487690e+03              3992s
[2019-03-21 21:00:10] SOLVER   38808 DPushes remaining with DInf 4.5487504e+03              4006s
[2019-03-21 21:00:23] SOLVER   38064 DPushes remaining with DInf 4.5487504e+03              4019s
[2019-03-21 21:00:36] SOLVER   37320 DPushes remaining with DInf 4.5487504e+03              4031s
[2019-03-21 21:00:49] SOLVER   36576 DPushes remaining with DInf 4.5487504e+03              4044s
[2019-03-21 21:01:02] SOLVER   35832 DPushes remaining with DInf 4.5487504e+03              4058s
[2019-03-21 21:01:15] SOLVER   35088 DPushes remaining with DInf 4.5487504e+03              4071s
[2019-03-21 21:01:28] SOLVER   34344 DPushes remaining with DInf 4.5487471e+03              4084s
[2019-03-21 21:01:42] SOLVER   33600 DPushes remaining with DInf 4.5487471e+03              4098s
[2019-03-21 21:01:55] SOLVER   32856 DPushes remaining with DInf 4.5487471e+03              4111s
[2019-03-21 21:02:08] SOLVER   32112 DPushes remaining with DInf 4.5487471e+03              4124s
[2019-03-21 21:02:21] SOLVER   31368 DPushes remaining with DInf 4.5487470e+03              4137s
[2019-03-21 21:02:34] SOLVER   30624 DPushes remaining with DInf 4.5487470e+03              4150s
[2019-03-21 21:02:49] SOLVER   29880 DPushes remaining with DInf 4.5486902e+03              4165s
[2019-03-21 21:03:03] SOLVER   29136 DPushes remaining with DInf 4.5486902e+03              4179s
[2019-03-21 21:03:16] SOLVER   28392 DPushes remaining with DInf 4.5486902e+03              4192s
[2019-03-21 21:03:30] SOLVER   27648 DPushes remaining with DInf 4.5486902e+03              4206s
[2019-03-21 21:03:44] SOLVER   26901 DPushes remaining with DInf 4.5486902e+03              4220s
[2019-03-21 21:03:57] SOLVER   26133 DPushes remaining with DInf 4.5485923e+03              4233s
[2019-03-21 21:04:09] SOLVER   25369 DPushes remaining with DInf 4.5485923e+03              4245s
[2019-03-21 21:04:20] SOLVER   24606 DPushes remaining with DInf 4.5485656e+03              4256s
[2019-03-21 21:04:29] SOLVER   23839 DPushes remaining with DInf 4.5485656e+03              4265s
[2019-03-21 21:04:38] SOLVER   23068 DPushes remaining with DInf 4.5485656e+03              4273s
[2019-03-21 21:04:45] SOLVER   22298 DPushes remaining with DInf 4.5485584e+03              4281s
[2019-03-21 21:04:53] SOLVER   21516 DPushes remaining with DInf 4.5485584e+03              4289s
[2019-03-21 21:05:01] SOLVER   20746 DPushes remaining with DInf 4.5485584e+03              4297s
[2019-03-21 21:05:09] SOLVER   19967 DPushes remaining with DInf 4.5485330e+03              4305s
[2019-03-21 21:05:16] SOLVER   19191 DPushes remaining with DInf 4.5485151e+03              4312s
[2019-03-21 21:05:24] SOLVER   18399 DPushes remaining with DInf 4.5485151e+03              4320s
[2019-03-21 21:05:32] SOLVER   17611 DPushes remaining with DInf 4.5485151e+03              4328s
[2019-03-21 21:05:39] SOLVER   16817 DPushes remaining with DInf 4.5485151e+03              4335s
[2019-03-21 21:05:47] SOLVER   16018 DPushes remaining with DInf 4.5485144e+03              4343s
[2019-03-21 21:05:54] SOLVER   15215 DPushes remaining with DInf 4.5485144e+03              4350s
[2019-03-21 21:06:01] SOLVER   14415 DPushes remaining with DInf 4.5484633e+03              4357s
[2019-03-21 21:06:08] SOLVER   13599 DPushes remaining with DInf 4.5484633e+03              4364s
[2019-03-21 21:06:15] SOLVER   12782 DPushes remaining with DInf 4.5484633e+03              4371s
[2019-03-21 21:06:22] SOLVER   11965 DPushes remaining with DInf 4.5484633e+03              4378s
[2019-03-21 21:06:30] SOLVER   11155 DPushes remaining with DInf 4.5484633e+03              4386s
[2019-03-21 21:06:37] SOLVER   10359 DPushes remaining with DInf 4.5484633e+03              4393s
[2019-03-21 21:06:44] SOLVER   9544 DPushes remaining with DInf 4.5484633e+03              4400s
[2019-03-21 21:06:51] SOLVER   8719 DPushes remaining with DInf 4.5483663e+03              4407s
[2019-03-21 21:06:58] SOLVER   7898 DPushes remaining with DInf 4.5473736e+03              4414s
[2019-03-21 21:07:05] SOLVER   7050 DPushes remaining with DInf 4.5473736e+03              4421s
[2019-03-21 21:07:12] SOLVER   6227 DPushes remaining with DInf 4.5473736e+03              4427s
[2019-03-21 21:07:18] SOLVER   5376 DPushes remaining with DInf 4.5473723e+03              4434s
[2019-03-21 21:07:24] SOLVER   4520 DPushes remaining with DInf 4.5473723e+03              4440s
[2019-03-21 21:07:30] SOLVER   3668 DPushes remaining with DInf 4.5473614e+03              4446s
[2019-03-21 21:07:36] SOLVER   2822 DPushes remaining with DInf 4.5473242e+03              4452s
[2019-03-21 21:07:42] SOLVER   1977 DPushes remaining with DInf 4.2484172e+03              4457s
[2019-03-21 21:07:47] SOLVER   1116 DPushes remaining with DInf 4.2484172e+03              4463s
[2019-03-21 21:07:51] SOLVER   227 DPushes remaining with DInf 3.6380570e+03              4467s
[2019-03-21 21:07:55] SOLVER   0 DPushes remaining with DInf 3.6380221e+03              4471s
[2019-03-21 21:07:56] SOLVER   1562017 PPushes remaining with PInf 5.5609377e+03              4471s
[2019-03-21 21:10:12] SOLVER   738035 PPushes remaining with PInf 5.7827346e+02              4608s
[2019-03-21 21:14:53] SOLVER   662319 PPushes remaining with PInf 5.7740131e+02              4889s
[2019-03-21 21:16:17] SOLVER   620885 PPushes remaining with PInf 5.7798084e+02              4973s
[2019-03-21 21:17:46] SOLVER   595845 PPushes remaining with PInf 5.7790895e+02              5062s
[2019-03-21 21:22:30] SOLVER   572997 PPushes remaining with PInf 5.7746706e+02              5346s
[2019-03-21 21:25:38] SOLVER   560762 PPushes remaining with PInf 5.7733774e+02              5533s
[2019-03-21 21:31:08] SOLVER   547768 PPushes remaining with PInf 5.7682821e+02              5864s
[2019-03-21 21:35:43] SOLVER   537334 PPushes remaining with PInf 5.7642733e+02              6139s
[2019-03-21 21:36:36] SOLVER   534000 PPushes remaining with PInf 5.7623167e+02              6192s
[2019-03-21 22:09:14] SOLVER   478150 PPushes remaining with PInf 6.7317804e+02              8150s
[2019-03-21 22:12:08] SOLVER   471998 PPushes remaining with PInf 6.7274737e+02              8324s
[2019-03-21 22:14:17] SOLVER   466978 PPushes remaining with PInf 6.7246208e+02              8453s
[2019-03-21 22:21:01] SOLVER   454469 PPushes remaining with PInf 6.6018705e+02              8857s
[2019-03-21 22:21:25] SOLVER   453137 PPushes remaining with PInf 6.5396148e+02              8881s
[2019-03-21 23:09:43] SOLVER   366146 PPushes remaining with PInf 6.4711288e+02             11779s
[2019-03-21 23:10:07] SOLVER   365055 PPushes remaining with PInf 6.4642102e+02             11803s
[2019-03-21 23:10:24] SOLVER   364122 PPushes remaining with PInf 6.4315055e+02             11820s
[2019-03-21 23:10:45] SOLVER   363329 PPushes remaining with PInf 6.4273203e+02             11841s
[2019-03-21 23:11:04] SOLVER   362478 PPushes remaining with PInf 6.4211792e+02             11859s
[2019-03-21 23:44:20] SOLVER   263968 PPushes remaining with PInf 6.4054391e+02             13856s
[2019-03-21 23:44:25] SOLVER   258076 PPushes remaining with PInf 6.4054391e+02             13861s
[2019-03-22 00:18:15] SOLVER   146425 PPushes remaining with PInf 1.9938240e+03             15891s
[2019-03-22 00:29:51] SOLVER   106940 PPushes remaining with PInf 2.0350154e+03             16587s
[2019-03-22 00:31:04] SOLVER   103112 PPushes remaining with PInf 1.8875115e+03             16660s
[2019-03-22 00:31:40] SOLVER   100750 PPushes remaining with PInf 1.8832516e+03             16696s
[2019-03-22 00:32:11] SOLVER   98793 PPushes remaining with PInf 1.8772570e+03             16727s
[2019-03-22 00:32:31] SOLVER   96860 PPushes remaining with PInf 1.8752351e+03             16747s
[2019-03-22 00:32:40] SOLVER   95436 PPushes remaining with PInf 1.8740566e+03             16756s
[2019-03-22 00:32:54] SOLVER   94273 PPushes remaining with PInf 1.8715646e+03             16770s
[2019-03-22 00:33:09] SOLVER   92394 PPushes remaining with PInf 1.8689630e+03             16785s
[2019-03-22 00:33:16] SOLVER   90388 PPushes remaining with PInf 1.8470721e+03             16792s
[2019-03-22 00:33:20] SOLVER   89235 PPushes remaining with PInf 1.8470073e+03             16796s
[2019-03-22 00:33:25] SOLVER   86458 PPushes remaining with PInf 1.6946079e+03             16801s
[2019-03-22 00:33:29] SOLVER   83862 PPushes remaining with PInf 1.6946005e+03             16805s
[2019-03-22 00:33:38] SOLVER   82724 PPushes remaining with PInf 1.6945969e+03             16814s
[2019-03-22 00:33:39] SOLVER   81902 PPushes remaining with PInf 1.6945969e+03             16815s
[2019-03-22 00:33:45] SOLVER   76528 PPushes remaining with PInf 1.6489819e+03             16821s
[2019-03-22 00:33:50] SOLVER   73374 PPushes remaining with PInf 1.5684888e+03             16826s
[2019-03-22 00:33:55] SOLVER   68583 PPushes remaining with PInf 1.5684607e+03             16831s
[2019-03-22 00:40:28] SOLVER   25448 PPushes remaining with PInf 1.5447673e+03             17224s
[2019-03-22 00:41:33] SOLVER   21852 PPushes remaining with PInf 1.5334104e+03             17289s
[2019-03-22 00:42:40] SOLVER   18682 PPushes remaining with PInf 1.5292414e+03             17356s
[2019-03-22 00:43:16] SOLVER   15956 PPushes remaining with PInf 1.4354261e+03             17392s
[2019-03-22 00:43:19] SOLVER   13616 PPushes remaining with PInf 1.4354194e+03             17395s
[2019-03-22 00:43:30] SOLVER   12232 PPushes remaining with PInf 1.4301020e+03             17406s
[2019-03-22 00:43:40] SOLVER   9376 PPushes remaining with PInf 1.4300254e+03             17416s
[2019-03-22 00:43:44] SOLVER   5889 PPushes remaining with PInf 1.4300120e+03             17420s
[2019-03-22 00:43:51] SOLVER   2152 PPushes remaining with PInf 1.4300116e+03             17427s
[2019-03-22 00:43:56] SOLVER   1239 PPushes remaining with PInf 1.4300116e+03             17432s
[2019-03-22 00:44:04] SOLVER   71 PPushes remaining with PInf 1.4300948e+03             17440s
[2019-03-22 00:44:10] SOLVER   48 PPushes remaining with PInf 1.4288527e+03             17446s
[2019-03-22 00:44:10] SOLVER   Push phase complete: Pinf 1.4288527e+03, Dinf 1.0167467e+07  17446s
[2019-03-22 00:44:12] SOLVER   Iteration    Objective       Primal Inf.    Dual Inf.      Time
[2019-03-22 00:44:12] SOLVER   2238637    3.3637488e+11   0.000000e+00   9.265361e+08  17447s
[2019-03-22 00:44:40] SOLVER   2239404    3.3637487e+11   2.934418e-01   1.351562e+09  17476s
[2019-03-22 00:45:20] SOLVER   2239784    3.3637480e+11   0.000000e+00   8.281238e+08  17516s
[2019-03-22 00:45:54] SOLVER   2240274    3.3637480e+11   0.000000e+00   2.413749e+07  17550s
[2019-03-22 00:46:30] SOLVER   2240794    3.3637479e+11   0.000000e+00   5.902980e+07  17586s
[2019-03-22 00:47:09] SOLVER   2241538    3.3637479e+11   0.000000e+00   1.707779e+07  17625s
[2019-03-22 00:47:33] SOLVER   2242282    3.3637479e+11   0.000000e+00   1.568432e+07  17648s
[2019-03-22 00:47:49] SOLVER   2243026    3.3637479e+11   0.000000e+00   1.315636e+07  17665s
[2019-03-22 00:48:11] SOLVER   2243770    3.3637479e+11   0.000000e+00   7.396897e+05  17687s
[2019-03-22 00:48:40] SOLVER   2244514    3.3637478e+11   0.000000e+00   3.721159e+06  17716s
[2019-03-22 00:49:17] SOLVER   2245258    3.3637478e+11   0.000000e+00   7.224211e+03  17753s
[2019-03-22 00:49:51] SOLVER   2246003    3.3637478e+11   0.000000e+00   2.128268e+07  17787s
[2019-03-22 00:50:24] SOLVER   2246747    3.3637478e+11   0.000000e+00   1.518193e+06  17820s
[2019-03-22 00:50:58] SOLVER   2247491    3.3637478e+11   0.000000e+00   4.304534e+02  17854s
[2019-03-22 00:51:17] SOLVER   2248235    3.3637478e+11   0.000000e+00   2.436551e+02  17873s
[2019-03-22 00:51:52] SOLVER   2248965    3.3637478e+11   0.000000e+00   4.858180e+00  17908s
[2019-03-22 00:51:59] SOLVER   2249093    3.3637529e+11   3.648065e+02   0.000000e+00  17915s
[2019-03-22 00:52:19] SOLVER   2249170    3.3637529e+11   0.000000e+00   0.000000e+00  17935s
[2019-03-22 00:52:19] SOLVER   Solved with barrier
[2019-03-22 00:52:19] SOLVER   Solved in 2249170 iterations and 17934.89 seconds
[2019-03-22 00:52:19] SOLVER   Optimal objective  3.363752926e+11
[2019-03-22 00:52:19] SOLVER   Warning: unscaled primal violation = 0.000819802 and residual = 0.000819802
[2019-03-22 00:52:22] SOLVER   Changed value of parameter LogFile to
[2019-03-22 00:52:22] SOLVER   Prev: /cluster/work/cpesm/trtim/ose-model-comparison/tmpomyo5nzg.log  Default:
[2019-03-22 00:54:15] INFO     Backend: solver finished running. Time since start: 5:42:05.283097
[2019-03-22 00:54:20] INFO     Backend: loaded results
[2019-03-22 00:55:04] INFO     Backend: generated solution array. Time since start: 5:42:54.708922
[2019-03-22 00:55:04] INFO     Postprocessing: started
[2019-03-22 00:57:03] INFO     Postprocessing: All values < 1e-10 set to 0 in carrier_prod, carrier_con, capacity_factor
[2019-03-22 00:57:03] INFO     Postprocessing: ended. Time since start: 5:44:53.936101
Calliope 0.6.4-dev starting at 2019-03-21 19:12:10

Model name:   Open Source Modelling -- Euro Calliope model
Model size:   34 locations, 17 technologies, 4380 timesteps

Starting model run...
Saving NetCDF results to file: build/output/minus4/03.nc

Calliope run complete. Elapsed: 20697.8 seconds (time at exit: 2019-03-22 00:57:07)
