[2019-03-21 19:34:06] INFO     Model: initialising
[2019-03-21 19:34:07] INFO     `run.solver_options.FeasibilityTol`:0.0001 applied from override as new configuration
`run.solver_options.OptimalityTol`:0.0001 applied from override as new configuration
[2019-03-21 19:34:07] INFO     Using scenario `baseline` leading to the application of overrides `['diw_assumptions', 'diw_battery_baseline_cost', 'equal_interest_rate', 'no_hydrogen']`.
[2019-03-21 19:34:07] INFO     `locations.ALB.techs.hydrogen.exists`:False applied from override as new configuration
`locations.AUT.techs.hydrogen.exists`:False applied from override as new configuration
`locations.BEL.techs.hydrogen.exists`:False applied from override as new configuration
`locations.BGR.techs.hydrogen.exists`:False applied from override as new configuration
`locations.BIH.techs.hydrogen.exists`:False applied from override as new configuration
`locations.CHE.techs.hydrogen.exists`:False applied from override as new configuration
`locations.CYP.techs.hydrogen.exists`:False applied from override as new configuration
`locations.CZE.techs.hydrogen.exists`:False applied from override as new configuration
`locations.DEU.techs.hydrogen.exists`:False applied from override as new configuration
`locations.DNK.techs.hydrogen.exists`:False applied from override as new configuration
`locations.ESP.techs.hydrogen.exists`:False applied from override as new configuration
`locations.EST.techs.hydrogen.exists`:False applied from override as new configuration
`locations.FIN.techs.hydrogen.exists`:False applied from override as new configuration
`locations.FRA.techs.hydrogen.exists`:False applied from override as new configuration
`locations.GBR.techs.hydrogen.exists`:False applied from override as new configuration
`locations.GRC.techs.hydrogen.exists`:False applied from override as new configuration
`locations.HRV.techs.hydrogen.exists`:False applied from override as new configuration
`locations.HUN.techs.hydrogen.exists`:False applied from override as new configuration
`locations.IRL.techs.hydrogen.exists`:False applied from override as new configuration
`locations.ITA.techs.hydrogen.exists`:False applied from override as new configuration
`locations.LTU.techs.hydrogen.exists`:False applied from override as new configuration
`locations.LUX.techs.hydrogen.exists`:False applied from override as new configuration
`locations.LVA.techs.hydrogen.exists`:False applied from override as new configuration
`locations.MKD.techs.hydrogen.exists`:False applied from override as new configuration
`locations.MNE.techs.hydrogen.exists`:False applied from override as new configuration
`locations.NLD.techs.hydrogen.exists`:False applied from override as new configuration
`locations.NOR.techs.hydrogen.exists`:False applied from override as new configuration
`locations.POL.techs.hydrogen.exists`:False applied from override as new configuration
`locations.PRT.techs.hydrogen.exists`:False applied from override as new configuration
`locations.ROU.techs.hydrogen.exists`:False applied from override as new configuration
`locations.SRB.techs.hydrogen.exists`:False applied from override as new configuration
`locations.SVK.techs.hydrogen.exists`:False applied from override as new configuration
`locations.SVN.techs.hydrogen.exists`:False applied from override as new configuration
`locations.SWE.techs.hydrogen.exists`:False applied from override as new configuration
`tech_groups.conversion.costs.monetary.interest_rate`:0.04 applied from override as new configuration
`tech_groups.conversion_plus.costs.monetary.interest_rate`:0.04 applied from override as new configuration
`tech_groups.storage.costs.monetary.interest_rate`:0.04 applied from override as new configuration
`tech_groups.supply.costs.monetary.interest_rate`:0.04 applied from override as new configuration
`tech_groups.supply_plus.costs.monetary.interest_rate`:0.04 applied from override as new configuration
`tech_groups.transmission.costs.monetary.interest_rate`:0.04 applied from override as new configuration
Override applied to techs.battery.costs.monetary.energy_cap: 713470 -> 135140
`techs.battery.costs.monetary.interest_rate`:0.04 applied from override as new configuration
Override applied to techs.battery.costs.monetary.om_annual: 12480 -> 0
Override applied to techs.battery.costs.monetary.om_prod: 2.8 -> 0
Override applied to techs.battery.costs.monetary.storage_cap: 322730 -> 315320
`techs.battery.energy_eff`:0.9591663046625439 applied from override as new configuration
Override applied to techs.ccgt.costs.monetary.om_con: 37.61 -> 31.68
Override applied to techs.ccgt.costs.monetary.om_prod: 0.132 -> 14.832
Override applied to techs.coal.costs.monetary.om_con: 10.92 -> 9.72
Override applied to techs.coal.costs.monetary.om_prod: 1.315 -> 25.915
Override applied to techs.lignite.costs.monetary.om_con: 10.92 -> 3.96
Override applied to techs.lignite.costs.monetary.om_prod: 1.315 -> 28.615
Override applied to techs.nuclear.costs.monetary.om_con: 6.4 -> 1.69
Override applied to techs.nuclear.costs.monetary.om_prod: 0.658 -> 1.018
[2019-03-21 19:34:08] INFO     Model: preprocessing stage 1 (model_run)
[2019-03-21 19:34:16] INFO     Model: preprocessing stage 2 (model_data)
[2019-03-21 19:35:22] INFO     Model: preprocessing complete. Time since start: 0:01:15.867937
[2019-03-21 19:35:22] INFO     Backend: starting model run
[2019-03-21 19:50:04] INFO     Backend: model generated. Time since start: 0:15:58.135144
[2019-03-21 19:50:04] INFO     Backend: sending model to solver
[2019-03-21 20:02:10] SOLVER   Parameter OutputFlag unchanged
[2019-03-21 20:02:10] SOLVER   Value: 1  Min: 0  Max: 1  Default: 1
[2019-03-21 20:02:10] SOLVER   Changed value of parameter LogFile to /cluster/work/cpesm/trtim/ose-model-comparison/tmplns74xm2.log
[2019-03-21 20:02:10] SOLVER   Prev: gurobi.log  Default:
[2019-03-21 20:02:10] SOLVER   Changed value of parameter FeasibilityTol to 0.0001
[2019-03-21 20:02:10] SOLVER   Prev: 1e-06  Min: 1e-09  Max: 0.01  Default: 1e-06
[2019-03-21 20:02:10] SOLVER   Changed value of parameter OptimalityTol to 0.0001
[2019-03-21 20:02:10] SOLVER   Prev: 1e-06  Min: 1e-09  Max: 0.01  Default: 1e-06
[2019-03-21 20:02:10] SOLVER   Changed value of parameter Threads to 4
[2019-03-21 20:02:10] SOLVER   Prev: 0  Min: 0  Max: 1024  Default: 0
[2019-03-21 20:02:10] SOLVER   Optimize a model with 9340786 rows, 7221010 columns and 24514096 nonzeros
[2019-03-21 20:02:10] SOLVER   Coefficient statistics:
[2019-03-21 20:02:10] SOLVER   Matrix range     [1e-05, 4e+05]
[2019-03-21 20:02:10] SOLVER   Objective range  [1e+00, 1e+00]
[2019-03-21 20:02:10] SOLVER   Bounds range     [5e+01, 3e+06]
[2019-03-21 20:02:10] SOLVER   RHS range        [7e+00, 3e+06]
[2019-03-21 20:02:11] SOLVER   Concurrent LP optimizer: dual simplex and barrier
[2019-03-21 20:02:11] SOLVER   Showing barrier log only...
[2019-03-21 20:02:19] SOLVER   Presolve removed 6267467 rows and 4374384 columns (presolve time = 5s) ...
[2019-03-21 20:02:24] SOLVER   Presolve removed 6936547 rows and 5016438 columns (presolve time = 11s) ...
[2019-03-21 20:02:26] SOLVER   Presolve removed 6936547 rows and 5016438 columns
[2019-03-21 20:02:26] SOLVER   Presolve time: 15.77s
[2019-03-21 20:02:26] SOLVER   Presolved: 2404239 rows, 2204572 columns, 8744039 nonzeros
[2019-03-21 20:02:43] SOLVER   Ordering time: 0.00s
[2019-03-21 20:02:46] SOLVER   Barrier statistics:
[2019-03-21 20:02:46] SOLVER   Dense cols : 270
[2019-03-21 20:02:46] SOLVER   AA' NZ     : 8.096e+06
[2019-03-21 20:02:46] SOLVER   Factor NZ  : 4.942e+07 (roughly 2.3 GBytes of memory)
[2019-03-21 20:02:46] SOLVER   Factor Ops : 1.058e+10 (roughly 1 second per iteration)
[2019-03-21 20:02:46] SOLVER   Threads    : 3
[2019-03-21 20:02:48] SOLVER   Objective                Residual
[2019-03-21 20:02:48] SOLVER   Iter       Primal          Dual         Primal    Dual     Compl     Time
[2019-03-21 20:02:48] SOLVER   0   5.04206811e+14 -7.63927622e+13  1.99e+10 5.72e+02  1.53e+11    37s
[2019-03-21 20:02:50] SOLVER   1   5.06803500e+14 -7.70514588e+13  1.33e+10 4.52e+04  1.24e+11    40s
[2019-03-21 20:02:52] SOLVER   2   5.05768061e+14 -8.58811786e+13  1.25e+10 3.38e+04  1.04e+11    42s
[2019-03-21 20:02:56] SOLVER   3   4.77814678e+14 -3.23081867e+14  1.13e+10 2.69e+04  9.13e+10    45s
[2019-03-21 20:02:58] SOLVER   4   3.63813864e+14 -4.44166700e+15  9.57e+09 3.57e+03  7.06e+10    48s
[2019-03-21 20:03:00] SOLVER   5   1.81115151e+14 -4.36697523e+15  4.53e+09 2.49e+03  3.48e+10    50s
[2019-03-21 20:03:02] SOLVER   6   6.69341522e+13 -3.58928456e+15  1.34e+09 3.37e+02  1.05e+10    52s
[2019-03-21 20:03:04] SOLVER   7   6.12855604e+13 -3.11140366e+15  1.17e+09 2.23e+02  9.06e+09    54s
[2019-03-21 20:03:07] SOLVER   8   4.33445072e+13 -2.63719868e+15  6.85e+08 1.23e+02  5.40e+09    57s
[2019-03-21 20:03:10] SOLVER   9   2.32422648e+13 -1.65438094e+15  1.01e+08 2.52e+01  1.03e+09    60s
[2019-03-21 20:03:12] SOLVER   10   2.06439556e+13 -1.24949334e+15  4.62e+07 2.11e+01  5.62e+08    62s
[2019-03-21 20:03:14] SOLVER   11   1.93834418e+13 -7.23314399e+14  2.74e+07 1.00e+01  3.16e+08    64s
[2019-03-21 20:03:16] SOLVER   12   1.90622878e+13 -6.59813187e+14  2.34e+07 8.92e+00  2.77e+08    66s
[2019-03-21 20:03:19] SOLVER   13   1.81947493e+13 -5.07161823e+14  1.67e+07 6.35e+00  2.02e+08    69s
[2019-03-21 20:03:22] SOLVER   14   1.74891280e+13 -4.22343198e+14  1.29e+07 5.07e+00  1.61e+08    72s
[2019-03-21 20:03:24] SOLVER   15   1.62723731e+13 -3.03327074e+14  7.97e+06 3.45e+00  1.07e+08    74s
[2019-03-21 20:03:27] SOLVER   16   1.57404686e+13 -2.11587182e+14  6.85e+06 1.65e+00  7.92e+07    76s
[2019-03-21 20:03:28] SOLVER   17   1.54025708e+13 -1.97590111e+14  6.32e+06 1.50e+00  7.32e+07    78s
[2019-03-21 20:03:31] SOLVER   18   1.32264861e+13 -9.43810160e+13  3.35e+06 3.67e-01  3.54e+07    81s
[2019-03-21 20:03:33] SOLVER   19   1.22667613e+13 -8.78712860e+13  2.81e+06 6.53e-01  3.14e+07    83s
[2019-03-21 20:03:35] SOLVER   20   1.08583206e+13 -5.04716444e+13  2.03e+06 1.46e-01  1.92e+07    85s
[2019-03-21 20:03:38] SOLVER   21   8.17169409e+12 -3.24151415e+13  1.25e+06 4.80e-04  1.18e+07    88s
[2019-03-21 20:03:41] SOLVER   22   7.04787240e+12 -1.65188548e+13  9.29e+05 1.88e-04  6.93e+06    91s
[2019-03-21 20:03:43] SOLVER   23   6.07751506e+12 -1.20359554e+13  7.56e+05 6.02e-07  5.20e+06    93s
[2019-03-21 20:03:45] SOLVER   24   4.51562227e+12 -8.29687164e+12  5.07e+05 4.77e-07  3.45e+06    95s
[2019-03-21 20:03:48] SOLVER   25   3.60541490e+12 -5.31459122e+12  3.75e+05 7.14e-07  2.31e+06    97s
[2019-03-21 20:03:51] SOLVER   26   2.60490771e+12 -3.79762351e+12  2.38e+05 1.50e-06  1.56e+06   100s
[2019-03-21 20:03:53] SOLVER   27   2.18616173e+12 -3.21283566e+12  1.88e+05 2.66e-06  1.28e+06   103s
[2019-03-21 20:03:55] SOLVER   28   1.78896134e+12 -2.20308733e+12  1.39e+05 4.02e-06  9.22e+05   105s
[2019-03-21 20:03:57] SOLVER   29   1.65282229e+12 -1.53636369e+12  1.25e+05 4.63e-06  7.31e+05   107s
[2019-03-21 20:04:00] SOLVER   30   1.36081135e+12 -9.69961366e+11  9.48e+04 1.69e-05  5.23e+05   109s
[2019-03-21 20:04:02] SOLVER   31   1.16411166e+12 -8.51470783e+11  7.53e+04 1.66e-05  4.45e+05   111s
[2019-03-21 20:04:04] SOLVER   32   1.02758041e+12 -7.15445658e+11  6.21e+04 1.35e-05  3.80e+05   114s
[2019-03-21 20:04:07] SOLVER   33   9.08024240e+11 -5.22965251e+11  4.94e+04 1.19e-05  3.08e+05   117s
[2019-03-21 20:04:10] SOLVER   34   8.86675402e+11 -4.94176534e+11  4.74e+04 1.18e-05  2.97e+05   120s
[2019-03-21 20:04:12] SOLVER   35   8.01740432e+11 -3.72416539e+11  3.91e+04 1.14e-05  2.50e+05   122s
[2019-03-21 20:04:14] SOLVER   36   7.50191467e+11 -3.16285285e+11  3.41e+04 1.13e-05  2.26e+05   124s
[2019-03-21 20:04:16] SOLVER   37   6.56204797e+11 -1.99639602e+11  2.58e+04 1.23e-05  1.79e+05   126s
[2019-03-21 20:04:19] SOLVER   38   5.93015494e+11 -7.53398757e+10  2.02e+04 1.02e-05  1.39e+05   129s
[2019-03-21 20:04:22] SOLVER   39   5.58236732e+11 -1.42230811e+09  1.71e+04 9.26e-06  1.16e+05   132s
[2019-03-21 20:04:24] SOLVER   40   5.47126633e+11  5.17274764e+10  1.62e+04 7.95e-06  1.02e+05   134s
[2019-03-21 20:04:26] SOLVER   41   5.23826945e+11  8.01122718e+10  1.41e+04 7.26e-06  9.13e+04   136s
[2019-03-21 20:04:29] SOLVER   42   5.10360301e+11  1.43689650e+11  1.29e+04 6.72e-06  7.53e+04   138s
[2019-03-21 20:04:32] SOLVER   43   4.67716666e+11  1.87086471e+11  9.20e+03 4.42e-06  5.72e+04   141s
[2019-03-21 20:04:34] SOLVER   44   4.53288876e+11  2.05141498e+11  7.69e+03 3.95e-06  5.05e+04   144s
[2019-03-21 20:04:36] SOLVER   45   4.47740870e+11  2.12713690e+11  7.14e+03 3.71e-06  4.78e+04   146s
[2019-03-21 20:04:38] SOLVER   46   4.38814701e+11  2.17106784e+11  5.84e+03 3.54e-06  4.50e+04   148s
[2019-03-21 20:04:41] SOLVER   47   4.32648107e+11  2.32538357e+11  5.29e+03 2.91e-06  4.05e+04   150s
[2019-03-21 20:04:43] SOLVER   48   4.29429014e+11  2.35763078e+11  5.10e+03 2.80e-06  3.92e+04   152s
[2019-03-21 20:04:45] SOLVER   49   4.22538194e+11  2.48558008e+11  4.71e+03 2.51e-06  3.52e+04   155s
[2019-03-21 20:04:48] SOLVER   50   4.12216110e+11  2.59964899e+11  4.15e+03 2.08e-06  3.07e+04   158s
[2019-03-21 20:04:51] SOLVER   51   4.06417258e+11  2.66626762e+11  3.82e+03 1.82e-06  2.82e+04   160s
[2019-03-21 20:04:53] SOLVER   52   4.04313399e+11  2.69656483e+11  3.70e+03 1.78e-06  2.71e+04   162s
[2019-03-21 20:04:55] SOLVER   53   3.97050595e+11  2.76251451e+11  3.29e+03 1.53e-06  2.43e+04   164s
[2019-03-21 20:04:57] SOLVER   54   3.91512465e+11  2.88664192e+11  3.01e+03 1.12e-06  2.07e+04   167s
[2019-03-21 20:05:00] SOLVER   55   3.85579309e+11  2.92745494e+11  2.70e+03 9.77e-07  1.86e+04   170s
[2019-03-21 20:05:03] SOLVER   56   3.83421454e+11  2.99343350e+11  2.57e+03 7.94e-07  1.69e+04   172s
[2019-03-21 20:05:05] SOLVER   57   3.79191333e+11  3.01427965e+11  2.33e+03 7.50e-07  1.56e+04   175s
[2019-03-21 20:05:07] SOLVER   58   3.77225638e+11  3.03147338e+11  2.21e+03 7.14e-07  1.48e+04   176s
[2019-03-21 20:05:09] SOLVER   59   3.70985028e+11  3.04461384e+11  1.79e+03 6.80e-07  1.33e+04   179s
[2019-03-21 20:05:11] SOLVER   60   3.69532535e+11  3.07973341e+11  1.57e+03 6.04e-07  1.23e+04   181s
[2019-03-21 20:05:14] SOLVER   61   3.68100945e+11  3.10332830e+11  8.47e+02 5.51e-07  1.16e+04   184s
[2019-03-21 20:05:17] SOLVER   62   3.62076496e+11  3.12364889e+11  6.96e+02 4.96e-07  9.93e+03   187s
[2019-03-21 20:05:20] SOLVER   63   3.61284226e+11  3.13242621e+11  6.73e+02 4.80e-07  9.59e+03   189s
[2019-03-21 20:05:22] SOLVER   64   3.59879555e+11  3.15235816e+11  6.34e+02 4.27e-07  8.91e+03   191s
[2019-03-21 20:05:24] SOLVER   65   3.57706857e+11  3.16084790e+11  5.76e+02 4.10e-07  8.30e+03   193s
[2019-03-21 20:05:26] SOLVER   66   3.56872938e+11  3.17198738e+11  5.53e+02 3.89e-07  7.91e+03   196s
[2019-03-21 20:05:29] SOLVER   67   3.54788695e+11  3.17848181e+11  4.95e+02 3.76e-07  7.36e+03   199s
[2019-03-21 20:05:32] SOLVER   68   3.53161894e+11  3.19589933e+11  4.53e+02 3.31e-07  6.69e+03   201s
[2019-03-21 20:05:34] SOLVER   69   3.52365805e+11  3.21945803e+11  4.31e+02 2.89e-07  6.06e+03   203s
[2019-03-21 20:05:36] SOLVER   70   3.51000302e+11  3.22166946e+11  3.93e+02 2.87e-07  5.74e+03   205s
[2019-03-21 20:05:38] SOLVER   71   3.50295893e+11  3.23053571e+11  3.73e+02 2.62e-07  5.42e+03   208s
[2019-03-21 20:05:40] SOLVER   72   3.49353328e+11  3.23790244e+11  3.47e+02 2.50e-07  5.09e+03   210s
[2019-03-21 20:05:43] SOLVER   73   3.47796200e+11  3.25368799e+11  3.08e+02 7.39e-07  4.46e+03   212s
[2019-03-21 20:05:46] SOLVER   74   3.46856005e+11  3.26256566e+11  2.86e+02 6.51e-07  4.10e+03   215s
[2019-03-21 20:05:48] SOLVER   75   3.46688919e+11  3.26779134e+11  2.81e+02 6.77e-07  3.96e+03   218s
[2019-03-21 20:05:50] SOLVER   76   3.46311433e+11  3.27789320e+11  2.70e+02 6.50e-07  3.68e+03   220s
[2019-03-21 20:05:52] SOLVER   77   3.45830724e+11  3.28658618e+11  2.58e+02 8.39e-07  3.41e+03   222s
[2019-03-21 20:05:55] SOLVER   78   3.45587582e+11  3.29308529e+11  2.51e+02 6.68e-07  3.24e+03   224s
[2019-03-21 20:05:58] SOLVER   79   3.45015673e+11  3.29506395e+11  2.36e+02 6.63e-07  3.08e+03   227s
[2019-03-21 20:06:00] SOLVER   80   3.44575156e+11  3.30004403e+11  2.25e+02 7.68e-07  2.90e+03   230s
[2019-03-21 20:06:02] SOLVER   81   3.43789828e+11  3.30492543e+11  2.03e+02 8.72e-07  2.64e+03   232s
[2019-03-21 20:06:04] SOLVER   82   3.43330909e+11  3.30997451e+11  1.91e+02 1.19e-06  2.45e+03   234s
[2019-03-21 20:06:07] SOLVER   83   3.42776168e+11  3.31137697e+11  1.77e+02 1.24e-06  2.31e+03   237s
[2019-03-21 20:06:10] SOLVER   84   3.42144739e+11  3.31801578e+11  1.61e+02 1.19e-06  2.05e+03   240s
[2019-03-21 20:06:12] SOLVER   85   3.41702586e+11  3.32591912e+11  1.50e+02 8.00e-07  1.81e+03   242s
[2019-03-21 20:06:15] SOLVER   86   3.41546160e+11  3.32723558e+11  1.45e+02 8.90e-07  1.75e+03   244s
[2019-03-21 20:06:17] SOLVER   87   3.41294816e+11  3.33006707e+11  1.38e+02 6.99e-07  1.65e+03   246s
[2019-03-21 20:06:19] SOLVER   88   3.40720032e+11  3.33256024e+11  1.22e+02 4.27e-07  1.48e+03   248s
[2019-03-21 20:06:21] SOLVER   89   3.40312070e+11  3.33655000e+11  1.12e+02 6.53e-07  1.32e+03   251s
[2019-03-21 20:06:24] SOLVER   90   3.39934519e+11  3.34174000e+11  1.02e+02 4.14e-07  1.14e+03   254s
[2019-03-21 20:06:27] SOLVER   91   3.39669229e+11  3.34432838e+11  9.49e+01 3.99e-07  1.04e+03   256s
[2019-03-21 20:06:29] SOLVER   92   3.39596745e+11  3.34529119e+11  9.27e+01 4.16e-07  1.01e+03   258s
[2019-03-21 20:06:31] SOLVER   93   3.39394572e+11  3.34790150e+11  8.69e+01 3.96e-07  9.15e+02   260s
[2019-03-21 20:06:33] SOLVER   94   3.38955047e+11  3.35024814e+11  7.50e+01 4.36e-07  7.81e+02   263s
[2019-03-21 20:06:36] SOLVER   95   3.38542343e+11  3.35204720e+11  6.39e+01 4.74e-07  6.63e+02   266s
[2019-03-21 20:06:39] SOLVER   96   3.38402266e+11  3.35465726e+11  5.98e+01 5.80e-07  5.83e+02   268s
[2019-03-21 20:06:41] SOLVER   97   3.38368310e+11  3.35489574e+11  5.88e+01 6.16e-07  5.72e+02   270s
[2019-03-21 20:06:43] SOLVER   98   3.38308242e+11  3.35521224e+11  5.70e+01 7.66e-07  5.54e+02   272s
[2019-03-21 20:06:45] SOLVER   99   3.38221294e+11  3.35569412e+11  5.46e+01 7.89e-07  5.27e+02   275s
[2019-03-21 20:06:48] SOLVER   100   3.38098790e+11  3.35769627e+11  5.13e+01 1.17e-06  4.63e+02   278s
[2019-03-21 20:06:51] SOLVER   101   3.37846314e+11  3.35833332e+11  4.42e+01 1.03e-06  4.00e+02   281s
[2019-03-21 20:06:53] SOLVER   102   3.37779226e+11  3.35864457e+11  4.22e+01 1.10e-06  3.81e+02   282s
[2019-03-21 20:06:55] SOLVER   103   3.37692797e+11  3.35890243e+11  3.96e+01 1.07e-06  3.58e+02   284s
[2019-03-21 20:06:57] SOLVER   104   3.37635560e+11  3.35918724e+11  3.78e+01 8.53e-07  3.41e+02   286s
[2019-03-21 20:06:59] SOLVER   105   3.37581249e+11  3.35953473e+11  3.63e+01 8.82e-07  3.24e+02   289s
[2019-03-21 20:07:02] SOLVER   106   3.37546991e+11  3.35965479e+11  3.54e+01 8.90e-07  3.14e+02   292s
[2019-03-21 20:07:05] SOLVER   107   3.37511244e+11  3.35977347e+11  3.43e+01 8.99e-07  3.05e+02   295s
[2019-03-21 20:07:07] SOLVER   108   3.37423505e+11  3.35987977e+11  3.16e+01 9.20e-07  2.85e+02   297s
[2019-03-21 20:07:09] SOLVER   109   3.37413957e+11  3.35991146e+11  3.13e+01 9.28e-07  2.83e+02   299s
[2019-03-21 20:07:11] SOLVER   110   3.37361806e+11  3.36007586e+11  2.99e+01 9.94e-07  2.69e+02   301s
[2019-03-21 20:07:15] SOLVER   111   3.37311057e+11  3.36020716e+11  2.85e+01 1.81e-07  2.56e+02   304s
[2019-03-21 20:07:17] SOLVER   112   3.37289861e+11  3.36038853e+11  2.79e+01 4.00e-07  2.49e+02   307s
[2019-03-21 20:07:19] SOLVER   113   3.37276531e+11  3.36046565e+11  2.75e+01 4.73e-07  2.44e+02   309s
[2019-03-21 20:07:21] SOLVER   114   3.37263083e+11  3.36051543e+11  2.71e+01 4.92e-07  2.41e+02   311s
[2019-03-21 20:07:24] SOLVER   115   3.37165051e+11  3.36075289e+11  2.45e+01 6.17e-07  2.17e+02   313s
[2019-03-21 20:07:27] SOLVER   116   3.37078869e+11  3.36114779e+11  2.20e+01 7.89e-07  1.92e+02   316s
[2019-03-21 20:07:29] SOLVER   117   3.37021997e+11  3.36133022e+11  2.04e+01 1.17e-06  1.77e+02   319s
[2019-03-21 20:07:31] SOLVER   118   3.37005799e+11  3.36150573e+11  1.99e+01 1.29e-06  1.70e+02   321s
[2019-03-21 20:07:33] SOLVER   119   3.36993485e+11  3.36156015e+11  1.95e+01 1.24e-06  1.66e+02   323s
[2019-03-21 20:07:36] SOLVER   120   3.36949119e+11  3.36164062e+11  1.83e+01 1.18e-06  1.56e+02   325s
[2019-03-21 20:07:38] SOLVER   121   3.36944720e+11  3.36168098e+11  1.82e+01 1.16e-06  1.54e+02   328s
[2019-03-21 20:07:40] SOLVER   122   3.36917481e+11  3.36184572e+11  1.74e+01 8.66e-07  1.46e+02   330s
[2019-03-21 20:07:43] SOLVER   123   3.36902917e+11  3.36191621e+11  1.69e+01 8.70e-07  1.41e+02   333s
[2019-03-21 20:07:46] SOLVER   124   3.36870529e+11  3.36201773e+11  1.59e+01 8.65e-07  1.33e+02   336s
[2019-03-21 20:07:48] SOLVER   125   3.36861520e+11  3.36206066e+11  1.57e+01 7.56e-07  1.30e+02   337s
[2019-03-21 20:07:50] SOLVER   126   3.36836068e+11  3.36215453e+11  1.48e+01 1.01e-06  1.23e+02   339s
[2019-03-21 20:07:52] SOLVER   127   3.36734752e+11  3.36237429e+11  1.17e+01 6.59e-07  9.88e+01   342s
[2019-03-21 20:07:55] SOLVER   128   3.36643859e+11  3.36255658e+11  8.98e+00 1.39e-06  7.71e+01   345s
[2019-03-21 20:07:58] SOLVER   129   3.36614270e+11  3.36266137e+11  8.00e+00 6.02e-07  6.92e+01   348s
[2019-03-21 20:08:00] SOLVER   130   3.36611014e+11  3.36279137e+11  7.89e+00 1.34e-06  6.60e+01   350s
[2019-03-21 20:08:02] SOLVER   131   3.36585852e+11  3.36288246e+11  7.02e+00 1.54e-06  5.91e+01   352s
[2019-03-21 20:08:05] SOLVER   132   3.36565181e+11  3.36304825e+11  6.33e+00 3.93e-06  5.17e+01   354s
[2019-03-21 20:08:07] SOLVER   133   3.36551285e+11  3.36314743e+11  5.84e+00 3.58e-06  4.70e+01   356s
[2019-03-21 20:08:09] SOLVER   134   3.36544641e+11  3.36319564e+11  5.62e+00 4.28e-07  4.47e+01   359s
[2019-03-21 20:08:12] SOLVER   135   3.36510898e+11  3.36327312e+11  4.54e+00 5.98e-07  3.65e+01   362s
[2019-03-21 20:08:15] SOLVER   136   3.36494346e+11  3.36340259e+11  4.01e+00 5.08e-07  3.06e+01   364s
[2019-03-21 20:08:17] SOLVER   137   3.36484084e+11  3.36343344e+11  3.66e+00 9.19e-07  2.80e+01   366s
[2019-03-21 20:08:19] SOLVER   138   3.36470837e+11  3.36346166e+11  3.21e+00 1.22e-06  2.48e+01   368s
[2019-03-21 20:08:21] SOLVER   139   3.36445503e+11  3.36350351e+11  2.42e+00 6.65e-07  1.89e+01   371s
[2019-03-21 20:08:24] SOLVER   140   3.36433219e+11  3.36357342e+11  2.01e+00 6.05e-06  1.51e+01   374s
[2019-03-21 20:08:27] SOLVER   141   3.36424961e+11  3.36358186e+11  1.74e+00 2.79e-06  1.33e+01   376s
[2019-03-21 20:08:29] SOLVER   142   3.36423783e+11  3.36359764e+11  1.70e+00 4.46e-07  1.27e+01   378s
[2019-03-21 20:08:31] SOLVER   143   3.36421795e+11  3.36361599e+11  1.63e+00 4.50e-07  1.20e+01   380s
[2019-03-21 20:08:33] SOLVER   144   3.36415065e+11  3.36363395e+11  1.39e+00 3.54e-06  1.03e+01   383s
[2019-03-21 20:08:35] SOLVER   145   3.36414146e+11  3.36364030e+11  1.35e+00 3.37e-06  9.97e+00   385s
[2019-03-21 20:08:38] SOLVER   146   3.36407868e+11  3.36364926e+11  1.15e+00 3.09e-06  8.54e+00   387s
[2019-03-21 20:08:41] SOLVER   147   3.36403964e+11  3.36367406e+11  1.02e+00 2.38e-06  7.27e+00   390s
[2019-03-21 20:08:43] SOLVER   148   3.36399283e+11  3.36368126e+11  8.69e-01 2.11e-06  6.20e+00   393s
[2019-03-21 20:08:45] SOLVER   149   3.36398724e+11  3.36368719e+11  8.49e-01 1.90e-06  5.97e+00   395s
[2019-03-21 20:08:47] SOLVER   150   3.36395365e+11  3.36369248e+11  7.23e-01 1.87e-06  5.19e+00   397s
[2019-03-21 20:08:50] SOLVER   151   3.36394232e+11  3.36371050e+11  6.87e-01 1.59e-06  4.61e+00   400s
[2019-03-21 20:08:53] SOLVER   152   3.36390087e+11  3.36371333e+11  5.47e-01 2.97e-06  3.73e+00   403s
[2019-03-21 20:08:56] SOLVER   153   3.36388727e+11  3.36371964e+11  5.01e-01 2.36e-06  3.34e+00   405s
[2019-03-21 20:08:58] SOLVER   154   3.36387911e+11  3.36372181e+11  4.70e-01 2.31e-06  3.13e+00   407s
[2019-03-21 20:09:00] SOLVER   155   3.36387097e+11  3.36372414e+11  4.39e-01 2.04e-06  2.92e+00   409s
[2019-03-21 20:09:03] SOLVER   156   3.36385530e+11  3.36372872e+11  3.84e-01 8.49e-02  2.52e+00   412s
[2019-03-21 20:09:06] SOLVER   157   3.36383962e+11  3.36373166e+11  3.28e-01 7.36e-02  2.15e+00   416s
[2019-03-21 20:09:08] SOLVER   158   3.36382357e+11  3.36373349e+11  2.68e-01 6.65e-02  1.79e+00   418s
[2019-03-21 20:09:10] SOLVER   159   3.36381998e+11  3.36373478e+11  2.55e-01 6.20e-02  1.69e+00   420s
[2019-03-21 20:09:13] SOLVER   160   3.36381433e+11  3.36373548e+11  2.32e-01 5.96e-02  1.57e+00   422s
[2019-03-21 20:09:15] SOLVER   161   3.36380887e+11  3.36374088e+11  2.11e-01 4.10e-02  1.35e+00   425s
[2019-03-21 20:09:18] SOLVER   162   3.36379591e+11  3.36374246e+11  1.65e-01 3.51e-02  1.06e+00   428s
[2019-03-21 20:09:21] SOLVER   163   3.36379140e+11  3.36374349e+11  1.50e-01 3.16e-02  9.53e-01   430s
[2019-03-21 20:09:23] SOLVER   164   3.36378874e+11  3.36374484e+11  1.39e-01 2.71e-02  8.74e-01   432s
[2019-03-21 20:09:25] SOLVER   165   3.36378394e+11  3.36374568e+11  1.21e-01 2.39e-02  7.61e-01   434s
[2019-03-21 20:09:27] SOLVER   166   3.36378330e+11  3.36374622e+11  1.18e-01 2.31e-02  7.38e-01   437s
[2019-03-21 20:09:30] SOLVER   167   3.36378021e+11  3.36374658e+11  1.06e-01 2.16e-02  6.69e-01   439s
[2019-03-21 20:09:33] SOLVER   168   3.36377590e+11  3.36374906e+11  8.97e-02 1.31e-02  5.34e-01   443s
[2019-03-21 20:09:36] SOLVER   169   3.36377377e+11  3.36374926e+11  8.25e-02 1.24e-02  4.88e-01   445s
[2019-03-21 20:09:39] SOLVER   170   3.36377249e+11  3.36374956e+11  7.74e-02 2.99e-02  4.57e-01   448s
[2019-03-21 20:09:41] SOLVER   171   3.36376935e+11  3.36375005e+11  6.54e-02 2.55e-02  3.84e-01   451s
[2019-03-21 20:09:44] SOLVER   172   3.36376661e+11  3.36375060e+11  5.46e-02 2.05e-02  3.19e-01   454s
[2019-03-21 20:09:47] SOLVER   173   3.36376519e+11  3.36375080e+11  4.92e-02 1.88e-02  2.86e-01   456s
[2019-03-21 20:09:49] SOLVER   174   3.36376488e+11  3.36375095e+11  4.79e-02 1.74e-02  2.77e-01   458s
[2019-03-21 20:09:51] SOLVER   175   3.36376408e+11  3.36375128e+11  4.47e-02 1.45e-02  2.55e-01   460s
[2019-03-21 20:09:53] SOLVER   176   3.36376349e+11  3.36375161e+11  4.25e-02 1.15e-02  2.37e-01   463s
[2019-03-21 20:09:55] SOLVER   177   3.36376128e+11  3.36375194e+11  3.36e-02 8.64e-03  1.86e-01   465s
[2019-03-21 20:09:58] SOLVER   178   3.36376054e+11  3.36375207e+11  3.10e-02 7.48e-03  1.69e-01   467s
[2019-03-21 20:10:01] SOLVER   179   3.36375986e+11  3.36375210e+11  2.85e-02 7.20e-03  1.55e-01   470s
[2019-03-21 20:10:03] SOLVER   180   3.36375887e+11  3.36375219e+11  2.47e-02 6.36e-03  1.33e-01   473s
[2019-03-21 20:10:06] SOLVER   181   3.36375869e+11  3.36375225e+11  2.40e-02 5.86e-03  1.28e-01   475s
[2019-03-21 20:10:08] SOLVER   182   3.36375832e+11  3.36375228e+11  2.25e-02 5.73e-03  1.20e-01   478s
[2019-03-21 20:10:11] SOLVER   183   3.36375752e+11  3.36375232e+11  1.94e-02 5.29e-03  1.04e-01   480s
[2019-03-21 20:10:15] SOLVER   184   3.36375589e+11  3.36375245e+11  1.28e-02 7.15e-03  6.84e-02   485s
[2019-03-21 20:10:18] SOLVER   185   3.36375559e+11  3.36375252e+11  1.17e-02 6.13e-03  6.11e-02   487s
[2019-03-21 20:10:20] SOLVER   186   3.36375515e+11  3.36375254e+11  9.71e-03 5.71e-03  5.20e-02   489s
[2019-03-21 20:10:23] SOLVER   187   3.36375493e+11  3.36375264e+11  8.79e-03 8.34e-02  4.66e-02   493s
[2019-03-21 20:10:26] SOLVER   188   3.36375430e+11  3.36375272e+11  6.13e-03 5.86e-02  3.23e-02   496s
[2019-03-21 20:10:29] SOLVER   189   3.36375424e+11  3.36375272e+11  5.86e-03 5.68e-02  3.09e-02   498s
[2019-03-21 20:10:32] SOLVER   190   3.36375411e+11  3.36375274e+11  5.29e-03 5.27e-02  2.80e-02   502s
[2019-03-21 20:10:34] SOLVER   191   3.36375403e+11  3.36375274e+11  4.92e-03 5.04e-02  2.62e-02   504s
[2019-03-21 20:10:35] SOLVER   Barrier solved model in 191 iterations and 503.98 seconds
[2019-03-21 20:10:35] SOLVER   Optimal objective 3.36375403e+11
[2019-03-21 20:10:40] SOLVER   Crossover log...
[2019-03-21 20:10:41] SOLVER   Restart crossover...
[2019-03-21 20:10:45] SOLVER   1557277 variables added to crossover basis                      515s
[2019-03-21 20:10:47] SOLVER   678843 DPushes remaining with DInf 5.1581694e+03               517s
[2019-03-21 20:11:00] SOLVER   604475 DPushes remaining with DInf 5.1581694e+03               530s
[2019-03-21 20:11:06] SOLVER   582949 DPushes remaining with DInf 5.1560288e+03               536s
[2019-03-21 20:11:12] SOLVER   578949 DPushes remaining with DInf 5.1553702e+03               542s
[2019-03-21 20:11:16] SOLVER   577504 DPushes remaining with DInf 5.1524894e+03               546s
[2019-03-21 20:11:24] SOLVER   576016 DPushes remaining with DInf 5.1524894e+03               553s
[2019-03-21 20:11:28] SOLVER   575272 DPushes remaining with DInf 5.1524894e+03               558s
[2019-03-21 20:11:32] SOLVER   574528 DPushes remaining with DInf 5.1524894e+03               562s
[2019-03-21 20:11:37] SOLVER   573784 DPushes remaining with DInf 5.1524894e+03               566s
[2019-03-21 20:11:41] SOLVER   573040 DPushes remaining with DInf 5.1524894e+03               570s
[2019-03-21 20:11:49] SOLVER   571552 DPushes remaining with DInf 5.1524894e+03               578s
[2019-03-21 20:11:53] SOLVER   570808 DPushes remaining with DInf 5.1524894e+03               583s
[2019-03-21 20:11:57] SOLVER   570064 DPushes remaining with DInf 5.1524894e+03               586s
[2019-03-21 20:12:02] SOLVER   568576 DPushes remaining with DInf 5.1524894e+03               592s
[2019-03-21 20:12:07] SOLVER   567088 DPushes remaining with DInf 5.1524894e+03               597s
[2019-03-21 20:12:14] SOLVER   565600 DPushes remaining with DInf 5.1524894e+03               604s
[2019-03-21 20:12:19] SOLVER   564856 DPushes remaining with DInf 5.1524894e+03               608s
[2019-03-21 20:12:23] SOLVER   564112 DPushes remaining with DInf 5.1524894e+03               613s
[2019-03-21 20:12:28] SOLVER   563368 DPushes remaining with DInf 5.1524894e+03               617s
[2019-03-21 20:12:32] SOLVER   562624 DPushes remaining with DInf 5.1524894e+03               622s
[2019-03-21 20:12:36] SOLVER   561880 DPushes remaining with DInf 5.1524894e+03               626s
[2019-03-21 20:12:41] SOLVER   561136 DPushes remaining with DInf 5.1524894e+03               630s
[2019-03-21 20:12:49] SOLVER   559648 DPushes remaining with DInf 5.1524894e+03               639s
[2019-03-21 20:12:54] SOLVER   558904 DPushes remaining with DInf 5.1524894e+03               644s
[2019-03-21 20:12:59] SOLVER   558160 DPushes remaining with DInf 5.1524894e+03               649s
[2019-03-21 20:13:04] SOLVER   557416 DPushes remaining with DInf 5.1524894e+03               654s
[2019-03-21 20:13:10] SOLVER   556672 DPushes remaining with DInf 5.1524894e+03               659s
[2019-03-21 20:13:15] SOLVER   555928 DPushes remaining with DInf 5.1524894e+03               664s
[2019-03-21 20:13:19] SOLVER   555184 DPushes remaining with DInf 5.1524894e+03               669s
[2019-03-21 20:13:24] SOLVER   554440 DPushes remaining with DInf 5.1524894e+03               673s
[2019-03-21 20:13:29] SOLVER   553696 DPushes remaining with DInf 5.1524894e+03               678s
[2019-03-21 20:13:33] SOLVER   552952 DPushes remaining with DInf 5.1524894e+03               683s
[2019-03-21 20:13:38] SOLVER   552208 DPushes remaining with DInf 5.1524894e+03               687s
[2019-03-21 20:13:42] SOLVER   551464 DPushes remaining with DInf 5.1524894e+03               692s
[2019-03-21 20:13:46] SOLVER   550720 DPushes remaining with DInf 5.1524894e+03               696s
[2019-03-21 20:13:53] SOLVER   549232 DPushes remaining with DInf 5.1524894e+03               702s
[2019-03-21 20:13:57] SOLVER   548488 DPushes remaining with DInf 5.1524894e+03               707s
[2019-03-21 20:14:01] SOLVER   547744 DPushes remaining with DInf 5.1524894e+03               711s
[2019-03-21 20:14:10] SOLVER   546256 DPushes remaining with DInf 5.1524894e+03               719s
[2019-03-21 20:14:14] SOLVER   545512 DPushes remaining with DInf 5.1524894e+03               724s
[2019-03-21 20:14:19] SOLVER   544768 DPushes remaining with DInf 5.1524894e+03               728s
[2019-03-21 20:14:23] SOLVER   544024 DPushes remaining with DInf 5.1524894e+03               733s
[2019-03-21 20:14:28] SOLVER   543280 DPushes remaining with DInf 5.1524894e+03               737s
[2019-03-21 20:14:32] SOLVER   542536 DPushes remaining with DInf 5.1524894e+03               741s
[2019-03-21 20:14:36] SOLVER   541792 DPushes remaining with DInf 5.1524894e+03               746s
[2019-03-21 20:14:41] SOLVER   541048 DPushes remaining with DInf 5.1524894e+03               750s
[2019-03-21 20:14:49] SOLVER   539560 DPushes remaining with DInf 5.1524894e+03               759s
[2019-03-21 20:14:54] SOLVER   538816 DPushes remaining with DInf 5.1524894e+03               764s
[2019-03-21 20:14:58] SOLVER   538072 DPushes remaining with DInf 5.1524894e+03               768s
[2019-03-21 20:15:03] SOLVER   537328 DPushes remaining with DInf 5.1524894e+03               773s
[2019-03-21 20:15:08] SOLVER   536584 DPushes remaining with DInf 5.1524894e+03               777s
[2019-03-21 20:15:12] SOLVER   535840 DPushes remaining with DInf 5.1524894e+03               782s
[2019-03-21 20:15:17] SOLVER   535096 DPushes remaining with DInf 5.1524894e+03               786s
[2019-03-21 20:15:21] SOLVER   534352 DPushes remaining with DInf 5.1524894e+03               791s
[2019-03-21 20:15:30] SOLVER   532864 DPushes remaining with DInf 5.1524894e+03               800s
[2019-03-21 20:15:35] SOLVER   532120 DPushes remaining with DInf 5.1524894e+03               804s
[2019-03-21 20:15:40] SOLVER   531376 DPushes remaining with DInf 5.1524894e+03               809s
[2019-03-21 20:15:44] SOLVER   530632 DPushes remaining with DInf 5.1524894e+03               814s
[2019-03-21 20:15:50] SOLVER   529888 DPushes remaining with DInf 5.1524894e+03               819s
[2019-03-21 20:15:54] SOLVER   529144 DPushes remaining with DInf 5.1524894e+03               824s
[2019-03-21 20:15:59] SOLVER   528400 DPushes remaining with DInf 5.1524894e+03               829s
[2019-03-21 20:16:03] SOLVER   527656 DPushes remaining with DInf 5.1524894e+03               833s
[2019-03-21 20:16:08] SOLVER   526912 DPushes remaining with DInf 5.1524894e+03               838s
[2019-03-21 20:16:13] SOLVER   526168 DPushes remaining with DInf 5.1524894e+03               843s
[2019-03-21 20:16:18] SOLVER   525424 DPushes remaining with DInf 5.1524894e+03               847s
[2019-03-21 20:16:22] SOLVER   524680 DPushes remaining with DInf 5.1524894e+03               852s
[2019-03-21 20:16:27] SOLVER   523936 DPushes remaining with DInf 5.1524894e+03               857s
[2019-03-21 20:16:32] SOLVER   523192 DPushes remaining with DInf 5.1524894e+03               862s
[2019-03-21 20:16:37] SOLVER   522448 DPushes remaining with DInf 5.1524894e+03               867s
[2019-03-21 20:16:42] SOLVER   521704 DPushes remaining with DInf 5.1524894e+03               871s
[2019-03-21 20:16:46] SOLVER   520960 DPushes remaining with DInf 5.1524894e+03               876s
[2019-03-21 20:16:51] SOLVER   520216 DPushes remaining with DInf 5.1524894e+03               881s
[2019-03-21 20:16:57] SOLVER   519472 DPushes remaining with DInf 5.1524894e+03               886s
[2019-03-21 20:17:02] SOLVER   518728 DPushes remaining with DInf 5.1524894e+03               891s
[2019-03-21 20:17:07] SOLVER   517984 DPushes remaining with DInf 5.1524894e+03               897s
[2019-03-21 20:17:12] SOLVER   517240 DPushes remaining with DInf 5.1524894e+03               902s
[2019-03-21 20:17:17] SOLVER   516496 DPushes remaining with DInf 5.1524894e+03               907s
[2019-03-21 20:17:23] SOLVER   515752 DPushes remaining with DInf 5.1524894e+03               912s
[2019-03-21 20:17:28] SOLVER   515008 DPushes remaining with DInf 5.1524894e+03               918s
[2019-03-21 20:17:33] SOLVER   514264 DPushes remaining with DInf 5.1524894e+03               923s
[2019-03-21 20:17:39] SOLVER   513520 DPushes remaining with DInf 5.1524894e+03               929s
[2019-03-21 20:17:45] SOLVER   512776 DPushes remaining with DInf 5.1524894e+03               934s
[2019-03-21 20:17:50] SOLVER   512032 DPushes remaining with DInf 5.1524894e+03               940s
[2019-03-21 20:17:59] SOLVER   510544 DPushes remaining with DInf 5.1524894e+03               949s
[2019-03-21 20:18:03] SOLVER   509800 DPushes remaining with DInf 5.1524894e+03               953s
[2019-03-21 20:18:07] SOLVER   509056 DPushes remaining with DInf 5.1524894e+03               957s
[2019-03-21 20:18:12] SOLVER   508312 DPushes remaining with DInf 5.1524894e+03               961s
[2019-03-21 20:18:16] SOLVER   507568 DPushes remaining with DInf 5.1524894e+03               966s
[2019-03-21 20:18:21] SOLVER   506824 DPushes remaining with DInf 5.1524894e+03               970s
[2019-03-21 20:18:29] SOLVER   505336 DPushes remaining with DInf 5.1524894e+03               979s
[2019-03-21 20:18:33] SOLVER   504592 DPushes remaining with DInf 5.1524894e+03               983s
[2019-03-21 20:18:37] SOLVER   503848 DPushes remaining with DInf 5.1524894e+03               987s
[2019-03-21 20:18:41] SOLVER   503104 DPushes remaining with DInf 5.1524894e+03               991s
[2019-03-21 20:18:46] SOLVER   502360 DPushes remaining with DInf 5.1524894e+03               995s
[2019-03-21 20:18:51] SOLVER   501616 DPushes remaining with DInf 5.1524894e+03              1000s
[2019-03-21 20:18:56] SOLVER   500872 DPushes remaining with DInf 5.1524894e+03              1005s
[2019-03-21 20:19:01] SOLVER   500128 DPushes remaining with DInf 5.1524894e+03              1010s
[2019-03-21 20:19:05] SOLVER   499384 DPushes remaining with DInf 5.1524894e+03              1015s
[2019-03-21 20:19:11] SOLVER   498640 DPushes remaining with DInf 5.1524894e+03              1020s
[2019-03-21 20:19:16] SOLVER   497896 DPushes remaining with DInf 5.1524894e+03              1026s
[2019-03-21 20:19:21] SOLVER   497152 DPushes remaining with DInf 5.1524894e+03              1031s
[2019-03-21 20:19:27] SOLVER   496408 DPushes remaining with DInf 5.1524894e+03              1036s
[2019-03-21 20:19:32] SOLVER   495664 DPushes remaining with DInf 5.1524894e+03              1041s
[2019-03-21 20:19:37] SOLVER   494920 DPushes remaining with DInf 5.1524894e+03              1047s
[2019-03-21 20:19:42] SOLVER   494176 DPushes remaining with DInf 5.1524894e+03              1052s
[2019-03-21 20:19:47] SOLVER   493432 DPushes remaining with DInf 5.1524894e+03              1057s
[2019-03-21 20:19:52] SOLVER   492688 DPushes remaining with DInf 5.1524894e+03              1062s
[2019-03-21 20:19:58] SOLVER   491944 DPushes remaining with DInf 5.1524894e+03              1067s
[2019-03-21 20:20:03] SOLVER   491200 DPushes remaining with DInf 5.1524894e+03              1072s
[2019-03-21 20:20:08] SOLVER   490456 DPushes remaining with DInf 5.1524894e+03              1078s
[2019-03-21 20:20:13] SOLVER   489712 DPushes remaining with DInf 5.1524894e+03              1083s
[2019-03-21 20:20:18] SOLVER   488968 DPushes remaining with DInf 5.1524894e+03              1088s
[2019-03-21 20:20:23] SOLVER   488224 DPushes remaining with DInf 5.1524894e+03              1093s
[2019-03-21 20:20:29] SOLVER   487480 DPushes remaining with DInf 5.1524894e+03              1099s
[2019-03-21 20:20:34] SOLVER   486736 DPushes remaining with DInf 5.1524894e+03              1104s
[2019-03-21 20:20:39] SOLVER   485992 DPushes remaining with DInf 5.1524894e+03              1109s
[2019-03-21 20:20:45] SOLVER   485248 DPushes remaining with DInf 5.1524894e+03              1114s
[2019-03-21 20:20:50] SOLVER   484504 DPushes remaining with DInf 5.1524894e+03              1120s
[2019-03-21 20:20:54] SOLVER   483760 DPushes remaining with DInf 5.1524894e+03              1124s
[2019-03-21 20:20:57] SOLVER   483016 DPushes remaining with DInf 5.1524894e+03              1126s
[2019-03-21 20:21:01] SOLVER   481528 DPushes remaining with DInf 5.1524894e+03              1131s
[2019-03-21 20:21:06] SOLVER   480784 DPushes remaining with DInf 5.1524894e+03              1135s
[2019-03-21 20:21:11] SOLVER   480040 DPushes remaining with DInf 5.1524894e+03              1140s
[2019-03-21 20:21:16] SOLVER   479296 DPushes remaining with DInf 5.1524894e+03              1145s
[2019-03-21 20:21:21] SOLVER   478552 DPushes remaining with DInf 5.1524894e+03              1150s
[2019-03-21 20:21:26] SOLVER   477808 DPushes remaining with DInf 5.1524894e+03              1155s
[2019-03-21 20:21:31] SOLVER   477064 DPushes remaining with DInf 5.1524894e+03              1161s
[2019-03-21 20:21:37] SOLVER   476320 DPushes remaining with DInf 5.1524894e+03              1166s
[2019-03-21 20:21:42] SOLVER   475576 DPushes remaining with DInf 5.1524894e+03              1171s
[2019-03-21 20:21:48] SOLVER   474832 DPushes remaining with DInf 5.1524894e+03              1177s
[2019-03-21 20:21:53] SOLVER   474088 DPushes remaining with DInf 5.1524894e+03              1183s
[2019-03-21 20:21:59] SOLVER   473344 DPushes remaining with DInf 5.1524894e+03              1188s
[2019-03-21 20:22:04] SOLVER   472600 DPushes remaining with DInf 5.1524894e+03              1194s
[2019-03-21 20:22:10] SOLVER   471856 DPushes remaining with DInf 5.1524894e+03              1200s
[2019-03-21 20:22:16] SOLVER   471112 DPushes remaining with DInf 5.1524894e+03              1206s
[2019-03-21 20:22:22] SOLVER   470368 DPushes remaining with DInf 5.1524894e+03              1212s
[2019-03-21 20:22:28] SOLVER   469624 DPushes remaining with DInf 5.1524894e+03              1218s
[2019-03-21 20:22:34] SOLVER   468880 DPushes remaining with DInf 5.1524894e+03              1223s
[2019-03-21 20:22:39] SOLVER   468136 DPushes remaining with DInf 5.1524894e+03              1229s
[2019-03-21 20:22:45] SOLVER   467392 DPushes remaining with DInf 5.1524894e+03              1235s
[2019-03-21 20:22:50] SOLVER   466648 DPushes remaining with DInf 5.1524894e+03              1240s
[2019-03-21 20:22:55] SOLVER   465904 DPushes remaining with DInf 5.1524894e+03              1245s
[2019-03-21 20:23:00] SOLVER   465160 DPushes remaining with DInf 5.1524894e+03              1249s
[2019-03-21 20:23:05] SOLVER   464416 DPushes remaining with DInf 5.1524894e+03              1254s
[2019-03-21 20:23:10] SOLVER   463672 DPushes remaining with DInf 5.1524894e+03              1259s
[2019-03-21 20:23:15] SOLVER   462928 DPushes remaining with DInf 5.1524894e+03              1264s
[2019-03-21 20:23:20] SOLVER   462184 DPushes remaining with DInf 5.1524894e+03              1269s
[2019-03-21 20:23:24] SOLVER   461440 DPushes remaining with DInf 5.1524894e+03              1274s
[2019-03-21 20:23:30] SOLVER   460696 DPushes remaining with DInf 5.1524894e+03              1279s
[2019-03-21 20:23:35] SOLVER   459952 DPushes remaining with DInf 5.1524894e+03              1285s
[2019-03-21 20:23:40] SOLVER   459208 DPushes remaining with DInf 5.1524894e+03              1290s
[2019-03-21 20:23:45] SOLVER   458464 DPushes remaining with DInf 5.1524894e+03              1295s
[2019-03-21 20:23:50] SOLVER   457720 DPushes remaining with DInf 5.1524894e+03              1299s
[2019-03-21 20:23:53] SOLVER   456976 DPushes remaining with DInf 5.1524894e+03              1303s
[2019-03-21 20:23:57] SOLVER   456232 DPushes remaining with DInf 5.1524894e+03              1307s
[2019-03-21 20:24:01] SOLVER   455488 DPushes remaining with DInf 5.1524894e+03              1311s
[2019-03-21 20:24:09] SOLVER   454000 DPushes remaining with DInf 5.1524894e+03              1319s
[2019-03-21 20:24:13] SOLVER   453256 DPushes remaining with DInf 5.1524894e+03              1323s
[2019-03-21 20:24:18] SOLVER   452512 DPushes remaining with DInf 5.1524894e+03              1327s
[2019-03-21 20:24:22] SOLVER   451768 DPushes remaining with DInf 5.1524894e+03              1331s
[2019-03-21 20:24:26] SOLVER   451024 DPushes remaining with DInf 5.1524894e+03              1335s
[2019-03-21 20:24:33] SOLVER   449536 DPushes remaining with DInf 5.1524894e+03              1342s
[2019-03-21 20:24:36] SOLVER   448792 DPushes remaining with DInf 5.1524894e+03              1346s
[2019-03-21 20:24:43] SOLVER   447304 DPushes remaining with DInf 5.1524894e+03              1353s
[2019-03-21 20:24:47] SOLVER   446560 DPushes remaining with DInf 5.1524894e+03              1357s
[2019-03-21 20:24:51] SOLVER   445816 DPushes remaining with DInf 5.1524894e+03              1360s
[2019-03-21 20:24:58] SOLVER   444328 DPushes remaining with DInf 5.1524894e+03              1367s
[2019-03-21 20:25:01] SOLVER   443584 DPushes remaining with DInf 5.1524894e+03              1370s
[2019-03-21 20:25:05] SOLVER   442096 DPushes remaining with DInf 5.1524894e+03              1375s
[2019-03-21 20:25:13] SOLVER   440608 DPushes remaining with DInf 5.1524894e+03              1383s
[2019-03-21 20:25:17] SOLVER   439864 DPushes remaining with DInf 5.1524894e+03              1387s
[2019-03-21 20:25:22] SOLVER   439120 DPushes remaining with DInf 5.1524894e+03              1391s
[2019-03-21 20:25:26] SOLVER   438376 DPushes remaining with DInf 5.1524894e+03              1395s
[2019-03-21 20:25:34] SOLVER   436888 DPushes remaining with DInf 5.1524894e+03              1404s
[2019-03-21 20:25:38] SOLVER   436144 DPushes remaining with DInf 5.1524894e+03              1408s
[2019-03-21 20:25:42] SOLVER   435400 DPushes remaining with DInf 5.1524894e+03              1412s
[2019-03-21 20:25:46] SOLVER   434656 DPushes remaining with DInf 5.1524894e+03              1416s
[2019-03-21 20:25:54] SOLVER   433168 DPushes remaining with DInf 5.1524894e+03              1424s
[2019-03-21 20:25:59] SOLVER   432424 DPushes remaining with DInf 5.1524894e+03              1428s
[2019-03-21 20:26:02] SOLVER   431680 DPushes remaining with DInf 5.1524894e+03              1432s
[2019-03-21 20:26:06] SOLVER   430936 DPushes remaining with DInf 5.1524894e+03              1436s
[2019-03-21 20:26:14] SOLVER   429448 DPushes remaining with DInf 5.1524894e+03              1444s
[2019-03-21 20:26:18] SOLVER   428704 DPushes remaining with DInf 5.1524894e+03              1448s
[2019-03-21 20:26:22] SOLVER   427960 DPushes remaining with DInf 5.1524894e+03              1451s
[2019-03-21 20:26:25] SOLVER   427216 DPushes remaining with DInf 5.1524894e+03              1455s
[2019-03-21 20:26:33] SOLVER   425728 DPushes remaining with DInf 5.1524894e+03              1463s
[2019-03-21 20:26:37] SOLVER   424984 DPushes remaining with DInf 5.1524894e+03              1467s
[2019-03-21 20:26:41] SOLVER   424240 DPushes remaining with DInf 5.1524894e+03              1471s
[2019-03-21 20:26:48] SOLVER   422752 DPushes remaining with DInf 5.1524894e+03              1477s
[2019-03-21 20:26:51] SOLVER   422008 DPushes remaining with DInf 5.1524894e+03              1481s
[2019-03-21 20:26:56] SOLVER   421264 DPushes remaining with DInf 5.1524894e+03              1485s
[2019-03-21 20:27:01] SOLVER   420520 DPushes remaining with DInf 5.1524894e+03              1490s
[2019-03-21 20:27:06] SOLVER   419776 DPushes remaining with DInf 5.1524894e+03              1496s
[2019-03-21 20:27:11] SOLVER   419032 DPushes remaining with DInf 5.1524894e+03              1500s
[2019-03-21 20:27:18] SOLVER   417544 DPushes remaining with DInf 5.1524894e+03              1507s
[2019-03-21 20:27:22] SOLVER   416800 DPushes remaining with DInf 5.1524894e+03              1511s
[2019-03-21 20:27:28] SOLVER   415312 DPushes remaining with DInf 5.1524894e+03              1518s
[2019-03-21 20:27:31] SOLVER   414568 DPushes remaining with DInf 5.1524894e+03              1520s
[2019-03-21 20:27:36] SOLVER   413080 DPushes remaining with DInf 5.1524894e+03              1526s
[2019-03-21 20:27:42] SOLVER   411592 DPushes remaining with DInf 5.1524894e+03              1531s
[2019-03-21 20:27:47] SOLVER   410104 DPushes remaining with DInf 5.1524894e+03              1536s
[2019-03-21 20:27:52] SOLVER   408616 DPushes remaining with DInf 5.1524894e+03              1541s
[2019-03-21 20:27:58] SOLVER   407128 DPushes remaining with DInf 5.1524894e+03              1548s
[2019-03-21 20:28:04] SOLVER   406384 DPushes remaining with DInf 5.1524894e+03              1553s
[2019-03-21 20:28:07] SOLVER   405640 DPushes remaining with DInf 5.1524894e+03              1557s
[2019-03-21 20:28:12] SOLVER   404152 DPushes remaining with DInf 5.1524894e+03              1562s
[2019-03-21 20:28:17] SOLVER   402664 DPushes remaining with DInf 5.1524894e+03              1567s
[2019-03-21 20:28:22] SOLVER   401176 DPushes remaining with DInf 5.1524894e+03              1572s
[2019-03-21 20:28:28] SOLVER   399688 DPushes remaining with DInf 5.1524894e+03              1577s
[2019-03-21 20:28:31] SOLVER   398944 DPushes remaining with DInf 5.1524894e+03              1580s
[2019-03-21 20:28:37] SOLVER   397456 DPushes remaining with DInf 5.1524894e+03              1587s
[2019-03-21 20:28:41] SOLVER   396712 DPushes remaining with DInf 5.1524894e+03              1591s
[2019-03-21 20:28:48] SOLVER   395224 DPushes remaining with DInf 5.1524894e+03              1597s
[2019-03-21 20:28:51] SOLVER   394480 DPushes remaining with DInf 5.1524894e+03              1601s
[2019-03-21 20:29:00] SOLVER   392992 DPushes remaining with DInf 5.1524894e+03              1609s
[2019-03-21 20:29:04] SOLVER   392248 DPushes remaining with DInf 5.1524894e+03              1614s
[2019-03-21 20:29:08] SOLVER   391504 DPushes remaining with DInf 5.1524894e+03              1618s
[2019-03-21 20:29:11] SOLVER   390760 DPushes remaining with DInf 5.1524894e+03              1621s
[2019-03-21 20:29:19] SOLVER   389272 DPushes remaining with DInf 5.1524894e+03              1628s
[2019-03-21 20:29:22] SOLVER   388528 DPushes remaining with DInf 5.1524894e+03              1631s
[2019-03-21 20:29:28] SOLVER   387040 DPushes remaining with DInf 5.0889522e+03              1637s
[2019-03-21 20:29:31] SOLVER   385552 DPushes remaining with DInf 5.0889522e+03              1640s
[2019-03-21 20:29:37] SOLVER   383320 DPushes remaining with DInf 5.0889522e+03              1646s
[2019-03-21 20:29:42] SOLVER   381832 DPushes remaining with DInf 5.0889522e+03              1652s
[2019-03-21 20:29:48] SOLVER   380344 DPushes remaining with DInf 5.0889374e+03              1657s
[2019-03-21 20:29:50] SOLVER   379600 DPushes remaining with DInf 5.0889374e+03              1660s
[2019-03-21 20:29:55] SOLVER   377368 DPushes remaining with DInf 5.0889374e+03              1665s
[2019-03-21 20:30:03] SOLVER   375136 DPushes remaining with DInf 5.0889374e+03              1673s
[2019-03-21 20:30:06] SOLVER   374392 DPushes remaining with DInf 5.0889374e+03              1676s
[2019-03-21 20:30:12] SOLVER   372904 DPushes remaining with DInf 5.0889374e+03              1681s
[2019-03-21 20:30:17] SOLVER   371416 DPushes remaining with DInf 5.0889374e+03              1687s
[2019-03-21 20:30:23] SOLVER   369928 DPushes remaining with DInf 5.0889374e+03              1693s
[2019-03-21 20:30:25] SOLVER   369184 DPushes remaining with DInf 5.0889374e+03              1695s
[2019-03-21 20:30:31] SOLVER   367696 DPushes remaining with DInf 5.0889374e+03              1700s
[2019-03-21 20:30:36] SOLVER   366208 DPushes remaining with DInf 5.0889374e+03              1706s
[2019-03-21 20:30:42] SOLVER   364720 DPushes remaining with DInf 5.0889374e+03              1711s
[2019-03-21 20:30:46] SOLVER   363232 DPushes remaining with DInf 5.0889374e+03              1715s
[2019-03-21 20:30:51] SOLVER   361000 DPushes remaining with DInf 5.0531974e+03              1721s
[2019-03-21 20:30:56] SOLVER   358768 DPushes remaining with DInf 5.0531974e+03              1725s
[2019-03-21 20:31:01] SOLVER   355792 DPushes remaining with DInf 5.0531974e+03              1731s
[2019-03-21 20:31:06] SOLVER   353560 DPushes remaining with DInf 5.0531974e+03              1735s
[2019-03-21 20:31:12] SOLVER   350584 DPushes remaining with DInf 5.0531974e+03              1741s
[2019-03-21 20:31:16] SOLVER   348352 DPushes remaining with DInf 5.0531974e+03              1745s
[2019-03-21 20:31:21] SOLVER   345376 DPushes remaining with DInf 5.0531974e+03              1750s
[2019-03-21 20:31:26] SOLVER   342400 DPushes remaining with DInf 5.0531974e+03              1755s
[2019-03-21 20:31:31] SOLVER   338680 DPushes remaining with DInf 5.0531974e+03              1761s
[2019-03-21 20:31:36] SOLVER   335704 DPushes remaining with DInf 5.0531974e+03              1765s
[2019-03-21 20:31:41] SOLVER   332728 DPushes remaining with DInf 5.0531974e+03              1770s
[2019-03-21 20:31:47] SOLVER   329752 DPushes remaining with DInf 5.0531974e+03              1777s
[2019-03-21 20:31:51] SOLVER   327520 DPushes remaining with DInf 5.0531974e+03              1780s
[2019-03-21 20:31:57] SOLVER   324544 DPushes remaining with DInf 5.0531974e+03              1786s
[2019-03-21 20:32:01] SOLVER   322312 DPushes remaining with DInf 5.0531974e+03              1791s
[2019-03-21 20:32:06] SOLVER   320080 DPushes remaining with DInf 5.0531974e+03              1796s
[2019-03-21 20:32:11] SOLVER   317848 DPushes remaining with DInf 5.0531974e+03              1800s
[2019-03-21 20:32:16] SOLVER   315616 DPushes remaining with DInf 5.0531974e+03              1805s
[2019-03-21 20:32:21] SOLVER   313384 DPushes remaining with DInf 5.0531974e+03              1810s
[2019-03-21 20:32:27] SOLVER   310408 DPushes remaining with DInf 5.0531974e+03              1816s
[2019-03-21 20:32:31] SOLVER   308176 DPushes remaining with DInf 5.0531974e+03              1821s
[2019-03-21 20:32:36] SOLVER   305944 DPushes remaining with DInf 5.0531974e+03              1826s
[2019-03-21 20:32:40] SOLVER   303712 DPushes remaining with DInf 5.0531974e+03              1830s
[2019-03-21 20:32:47] SOLVER   300736 DPushes remaining with DInf 5.0531974e+03              1836s
[2019-03-21 20:32:52] SOLVER   298504 DPushes remaining with DInf 5.0531974e+03              1841s
[2019-03-21 20:32:56] SOLVER   296272 DPushes remaining with DInf 4.8788009e+03              1846s
[2019-03-21 20:33:02] SOLVER   294040 DPushes remaining with DInf 4.8788009e+03              1851s
[2019-03-21 20:33:06] SOLVER   292552 DPushes remaining with DInf 4.8788009e+03              1855s
[2019-03-21 20:33:10] SOLVER   290320 DPushes remaining with DInf 4.8788009e+03              1860s
[2019-03-21 20:33:16] SOLVER   288088 DPushes remaining with DInf 4.8788009e+03              1866s
[2019-03-21 20:33:21] SOLVER   286600 DPushes remaining with DInf 4.8788009e+03              1871s
[2019-03-21 20:33:26] SOLVER   285112 DPushes remaining with DInf 4.8788009e+03              1876s
[2019-03-21 20:33:32] SOLVER   283624 DPushes remaining with DInf 4.8788009e+03              1882s
[2019-03-21 20:33:37] SOLVER   282136 DPushes remaining with DInf 4.8788009e+03              1887s
[2019-03-21 20:33:43] SOLVER   280648 DPushes remaining with DInf 4.8788009e+03              1893s
[2019-03-21 20:33:47] SOLVER   279904 DPushes remaining with DInf 4.8788009e+03              1897s
[2019-03-21 20:33:51] SOLVER   279160 DPushes remaining with DInf 4.8788009e+03              1900s
[2019-03-21 20:33:58] SOLVER   277672 DPushes remaining with DInf 4.8788009e+03              1908s
[2019-03-21 20:34:02] SOLVER   276928 DPushes remaining with DInf 4.8788009e+03              1911s
[2019-03-21 20:34:09] SOLVER   275440 DPushes remaining with DInf 4.8780235e+03              1919s
[2019-03-21 20:34:13] SOLVER   274696 DPushes remaining with DInf 4.8780235e+03              1923s
[2019-03-21 20:34:19] SOLVER   273952 DPushes remaining with DInf 4.8780235e+03              1928s
[2019-03-21 20:34:24] SOLVER   273208 DPushes remaining with DInf 4.8780235e+03              1934s
[2019-03-21 20:34:31] SOLVER   272464 DPushes remaining with DInf 4.8780235e+03              1940s
[2019-03-21 20:34:37] SOLVER   271720 DPushes remaining with DInf 4.8780235e+03              1946s
[2019-03-21 20:34:43] SOLVER   270232 DPushes remaining with DInf 4.8780235e+03              1952s
[2019-03-21 20:34:49] SOLVER   268744 DPushes remaining with DInf 4.8780235e+03              1958s
[2019-03-21 20:34:53] SOLVER   268000 DPushes remaining with DInf 4.8780235e+03              1963s
[2019-03-21 20:34:57] SOLVER   267256 DPushes remaining with DInf 4.8780235e+03              1967s
[2019-03-21 20:35:02] SOLVER   266512 DPushes remaining with DInf 4.8780235e+03              1971s
[2019-03-21 20:35:07] SOLVER   265024 DPushes remaining with DInf 4.8780235e+03              1976s
[2019-03-21 20:35:11] SOLVER   263536 DPushes remaining with DInf 4.8780235e+03              1980s
[2019-03-21 20:35:18] SOLVER   262048 DPushes remaining with DInf 4.8780235e+03              1988s
[2019-03-21 20:35:22] SOLVER   261304 DPushes remaining with DInf 4.8780161e+03              1992s
[2019-03-21 20:35:28] SOLVER   259816 DPushes remaining with DInf 4.8780161e+03              1998s
[2019-03-21 20:35:31] SOLVER   259072 DPushes remaining with DInf 4.8780161e+03              2000s
[2019-03-21 20:35:36] SOLVER   258328 DPushes remaining with DInf 4.8780161e+03              2006s
[2019-03-21 20:35:44] SOLVER   257584 DPushes remaining with DInf 4.8780161e+03              2014s
[2019-03-21 20:35:53] SOLVER   256840 DPushes remaining with DInf 4.8780161e+03              2022s
[2019-03-21 20:36:00] SOLVER   256096 DPushes remaining with DInf 4.8780161e+03              2030s
[2019-03-21 20:36:08] SOLVER   255352 DPushes remaining with DInf 4.8780161e+03              2038s
[2019-03-21 20:36:16] SOLVER   254608 DPushes remaining with DInf 4.8780161e+03              2046s
[2019-03-21 20:36:23] SOLVER   253864 DPushes remaining with DInf 4.8780161e+03              2052s
[2019-03-21 20:36:29] SOLVER   253120 DPushes remaining with DInf 4.8780161e+03              2058s
[2019-03-21 20:36:33] SOLVER   252376 DPushes remaining with DInf 4.8780161e+03              2063s
[2019-03-21 20:36:38] SOLVER   251632 DPushes remaining with DInf 4.8779886e+03              2068s
[2019-03-21 20:36:43] SOLVER   250888 DPushes remaining with DInf 4.8779833e+03              2073s
[2019-03-21 20:36:50] SOLVER   250144 DPushes remaining with DInf 4.8779759e+03              2079s
[2019-03-21 20:36:56] SOLVER   249400 DPushes remaining with DInf 4.8779759e+03              2085s
[2019-03-21 20:37:02] SOLVER   248656 DPushes remaining with DInf 4.8779759e+03              2092s
[2019-03-21 20:37:09] SOLVER   247912 DPushes remaining with DInf 4.8779759e+03              2098s
[2019-03-21 20:37:15] SOLVER   247168 DPushes remaining with DInf 4.8779759e+03              2105s
[2019-03-21 20:37:22] SOLVER   246424 DPushes remaining with DInf 4.8779705e+03              2111s
[2019-03-21 20:37:27] SOLVER   245680 DPushes remaining with DInf 4.8779705e+03              2116s
[2019-03-21 20:37:32] SOLVER   244936 DPushes remaining with DInf 4.8779705e+03              2121s
[2019-03-21 20:37:38] SOLVER   244192 DPushes remaining with DInf 4.8779704e+03              2128s
[2019-03-21 20:37:44] SOLVER   243448 DPushes remaining with DInf 4.8779704e+03              2133s
[2019-03-21 20:37:48] SOLVER   242704 DPushes remaining with DInf 4.8779705e+03              2138s
[2019-03-21 20:37:53] SOLVER   241960 DPushes remaining with DInf 4.8779705e+03              2143s
[2019-03-21 20:37:59] SOLVER   241216 DPushes remaining with DInf 4.8779704e+03              2148s
[2019-03-21 20:38:05] SOLVER   240472 DPushes remaining with DInf 4.8779705e+03              2154s
[2019-03-21 20:38:11] SOLVER   239728 DPushes remaining with DInf 4.8779704e+03              2160s
[2019-03-21 20:38:17] SOLVER   238984 DPushes remaining with DInf 4.8779705e+03              2166s
[2019-03-21 20:38:23] SOLVER   238240 DPushes remaining with DInf 4.8779705e+03              2173s
[2019-03-21 20:38:29] SOLVER   237496 DPushes remaining with DInf 4.8779704e+03              2179s
[2019-03-21 20:38:34] SOLVER   236752 DPushes remaining with DInf 4.8779704e+03              2184s
[2019-03-21 20:38:40] SOLVER   236008 DPushes remaining with DInf 4.8779705e+03              2189s
[2019-03-21 20:38:44] SOLVER   235264 DPushes remaining with DInf 4.8779705e+03              2194s
[2019-03-21 20:38:49] SOLVER   234520 DPushes remaining with DInf 4.8779639e+03              2198s
[2019-03-21 20:38:55] SOLVER   233776 DPushes remaining with DInf 4.8777093e+03              2204s
[2019-03-21 20:39:00] SOLVER   233032 DPushes remaining with DInf 4.8777093e+03              2210s
[2019-03-21 20:39:07] SOLVER   232288 DPushes remaining with DInf 4.8777093e+03              2216s
[2019-03-21 20:39:12] SOLVER   231544 DPushes remaining with DInf 4.8777093e+03              2222s
[2019-03-21 20:39:18] SOLVER   230800 DPushes remaining with DInf 4.8777093e+03              2228s
[2019-03-21 20:39:23] SOLVER   230056 DPushes remaining with DInf 4.8777036e+03              2233s
[2019-03-21 20:39:28] SOLVER   229312 DPushes remaining with DInf 4.8777036e+03              2237s
[2019-03-21 20:39:32] SOLVER   228568 DPushes remaining with DInf 4.8777036e+03              2241s
[2019-03-21 20:39:36] SOLVER   227824 DPushes remaining with DInf 4.8777036e+03              2246s
[2019-03-21 20:39:40] SOLVER   227080 DPushes remaining with DInf 4.8777036e+03              2250s
[2019-03-21 20:39:49] SOLVER   225592 DPushes remaining with DInf 4.8776961e+03              2259s
[2019-03-21 20:39:54] SOLVER   224848 DPushes remaining with DInf 4.8776961e+03              2263s
[2019-03-21 20:39:58] SOLVER   224104 DPushes remaining with DInf 4.8776961e+03              2268s
[2019-03-21 20:40:03] SOLVER   223360 DPushes remaining with DInf 4.8776961e+03              2273s
[2019-03-21 20:40:08] SOLVER   222616 DPushes remaining with DInf 4.8764347e+03              2278s
[2019-03-21 20:40:14] SOLVER   221872 DPushes remaining with DInf 4.8764347e+03              2283s
[2019-03-21 20:40:19] SOLVER   221128 DPushes remaining with DInf 4.8764347e+03              2289s
[2019-03-21 20:40:24] SOLVER   220384 DPushes remaining with DInf 4.8764347e+03              2293s
[2019-03-21 20:40:29] SOLVER   219640 DPushes remaining with DInf 4.8764347e+03              2298s
[2019-03-21 20:40:35] SOLVER   218896 DPushes remaining with DInf 4.8764347e+03              2305s
[2019-03-21 20:40:42] SOLVER   218152 DPushes remaining with DInf 4.8764347e+03              2312s
[2019-03-21 20:40:49] SOLVER   217408 DPushes remaining with DInf 4.8764347e+03              2319s
[2019-03-21 20:40:56] SOLVER   216664 DPushes remaining with DInf 4.8764347e+03              2326s
[2019-03-21 20:41:03] SOLVER   215920 DPushes remaining with DInf 4.8764347e+03              2333s
[2019-03-21 20:41:10] SOLVER   215176 DPushes remaining with DInf 4.8764347e+03              2339s
[2019-03-21 20:41:17] SOLVER   214432 DPushes remaining with DInf 4.8764347e+03              2346s
[2019-03-21 20:41:23] SOLVER   213688 DPushes remaining with DInf 4.8764347e+03              2353s
[2019-03-21 20:41:30] SOLVER   212944 DPushes remaining with DInf 4.8764347e+03              2360s
[2019-03-21 20:41:36] SOLVER   212200 DPushes remaining with DInf 4.8764347e+03              2366s
[2019-03-21 20:41:43] SOLVER   211456 DPushes remaining with DInf 4.8764347e+03              2372s
[2019-03-21 20:41:49] SOLVER   210712 DPushes remaining with DInf 4.8764347e+03              2378s
[2019-03-21 20:41:55] SOLVER   209968 DPushes remaining with DInf 4.8764347e+03              2385s
[2019-03-21 20:42:02] SOLVER   209224 DPushes remaining with DInf 4.8764347e+03              2391s
[2019-03-21 20:42:08] SOLVER   208480 DPushes remaining with DInf 4.8764347e+03              2397s
[2019-03-21 20:42:14] SOLVER   207736 DPushes remaining with DInf 4.8764347e+03              2403s
[2019-03-21 20:42:20] SOLVER   206992 DPushes remaining with DInf 4.8764347e+03              2410s
[2019-03-21 20:42:26] SOLVER   206248 DPushes remaining with DInf 4.8764347e+03              2416s
[2019-03-21 20:42:33] SOLVER   205504 DPushes remaining with DInf 4.8764347e+03              2423s
[2019-03-21 20:42:39] SOLVER   204760 DPushes remaining with DInf 4.8764347e+03              2429s
[2019-03-21 20:42:46] SOLVER   204016 DPushes remaining with DInf 4.8764347e+03              2436s
[2019-03-21 20:42:52] SOLVER   203272 DPushes remaining with DInf 4.8764347e+03              2442s
[2019-03-21 20:42:58] SOLVER   202528 DPushes remaining with DInf 4.8764347e+03              2448s
[2019-03-21 20:43:04] SOLVER   201784 DPushes remaining with DInf 4.8764347e+03              2454s
[2019-03-21 20:43:11] SOLVER   201040 DPushes remaining with DInf 4.8764347e+03              2460s
[2019-03-21 20:43:17] SOLVER   200296 DPushes remaining with DInf 4.8764347e+03              2466s
[2019-03-21 20:43:23] SOLVER   199552 DPushes remaining with DInf 4.8764347e+03              2472s
[2019-03-21 20:43:28] SOLVER   198808 DPushes remaining with DInf 4.8764347e+03              2478s
[2019-03-21 20:43:35] SOLVER   198064 DPushes remaining with DInf 4.8764347e+03              2485s
[2019-03-21 20:43:42] SOLVER   197319 DPushes remaining with DInf 4.8764347e+03              2491s
[2019-03-21 20:43:49] SOLVER   196575 DPushes remaining with DInf 4.8764347e+03              2499s
[2019-03-21 20:43:56] SOLVER   195831 DPushes remaining with DInf 4.8764347e+03              2506s
[2019-03-21 20:44:02] SOLVER   195087 DPushes remaining with DInf 4.8764347e+03              2512s
[2019-03-21 20:44:08] SOLVER   194343 DPushes remaining with DInf 4.8764347e+03              2518s
[2019-03-21 20:44:14] SOLVER   193599 DPushes remaining with DInf 4.8764347e+03              2524s
[2019-03-21 20:44:21] SOLVER   192855 DPushes remaining with DInf 4.8764347e+03              2531s
[2019-03-21 20:44:27] SOLVER   192111 DPushes remaining with DInf 4.8764347e+03              2536s
[2019-03-21 20:44:32] SOLVER   191367 DPushes remaining with DInf 4.8764347e+03              2541s
[2019-03-21 20:44:37] SOLVER   190623 DPushes remaining with DInf 4.8764347e+03              2546s
[2019-03-21 20:44:42] SOLVER   189879 DPushes remaining with DInf 4.8764347e+03              2552s
[2019-03-21 20:44:48] SOLVER   189135 DPushes remaining with DInf 4.8750546e+03              2557s
[2019-03-21 20:44:51] SOLVER   188391 DPushes remaining with DInf 4.8750546e+03              2561s
[2019-03-21 20:44:59] SOLVER   186903 DPushes remaining with DInf 4.8748495e+03              2568s
[2019-03-21 20:45:03] SOLVER   186159 DPushes remaining with DInf 4.8748495e+03              2573s
[2019-03-21 20:45:08] SOLVER   185415 DPushes remaining with DInf 4.8748495e+03              2577s
[2019-03-21 20:45:11] SOLVER   184671 DPushes remaining with DInf 4.8748495e+03              2581s
[2019-03-21 20:45:16] SOLVER   183927 DPushes remaining with DInf 4.8748490e+03              2585s
[2019-03-21 20:45:25] SOLVER   182439 DPushes remaining with DInf 4.8748490e+03              2595s
[2019-03-21 20:45:30] SOLVER   181695 DPushes remaining with DInf 4.8748490e+03              2600s
[2019-03-21 20:45:35] SOLVER   180951 DPushes remaining with DInf 4.8748490e+03              2604s
[2019-03-21 20:45:38] SOLVER   180207 DPushes remaining with DInf 4.8748490e+03              2608s
[2019-03-21 20:45:42] SOLVER   179463 DPushes remaining with DInf 4.8748490e+03              2611s
[2019-03-21 20:45:49] SOLVER   177975 DPushes remaining with DInf 4.8748490e+03              2618s
[2019-03-21 20:45:52] SOLVER   177231 DPushes remaining with DInf 4.8748490e+03              2622s
[2019-03-21 20:45:59] SOLVER   175743 DPushes remaining with DInf 4.8748490e+03              2629s
[2019-03-21 20:46:03] SOLVER   174999 DPushes remaining with DInf 4.8748490e+03              2632s
[2019-03-21 20:46:07] SOLVER   174255 DPushes remaining with DInf 4.8748490e+03              2637s
[2019-03-21 20:46:11] SOLVER   173511 DPushes remaining with DInf 4.8748490e+03              2640s
[2019-03-21 20:46:17] SOLVER   172023 DPushes remaining with DInf 4.8553952e+03              2647s
[2019-03-21 20:46:21] SOLVER   171279 DPushes remaining with DInf 4.8553952e+03              2651s
[2019-03-21 20:46:26] SOLVER   169791 DPushes remaining with DInf 4.8553952e+03              2656s
[2019-03-21 20:46:32] SOLVER   168303 DPushes remaining with DInf 4.8553952e+03              2661s
[2019-03-21 20:46:37] SOLVER   166815 DPushes remaining with DInf 4.8553952e+03              2667s
[2019-03-21 20:46:42] SOLVER   165327 DPushes remaining with DInf 4.8553952e+03              2672s
[2019-03-21 20:46:47] SOLVER   163839 DPushes remaining with DInf 4.8553952e+03              2676s
[2019-03-21 20:46:51] SOLVER   162351 DPushes remaining with DInf 4.8553952e+03              2681s
[2019-03-21 20:46:57] SOLVER   160863 DPushes remaining with DInf 4.8553952e+03              2687s
[2019-03-21 20:47:03] SOLVER   159375 DPushes remaining with DInf 4.8553952e+03              2692s
[2019-03-21 20:47:05] SOLVER   158631 DPushes remaining with DInf 4.8553952e+03              2695s
[2019-03-21 20:47:11] SOLVER   157143 DPushes remaining with DInf 4.8553952e+03              2700s
[2019-03-21 20:47:17] SOLVER   154911 DPushes remaining with DInf 4.8553952e+03              2707s
[2019-03-21 20:47:21] SOLVER   153423 DPushes remaining with DInf 4.8553952e+03              2711s
[2019-03-21 20:47:28] SOLVER   151191 DPushes remaining with DInf 4.8553952e+03              2717s
[2019-03-21 20:47:33] SOLVER   149703 DPushes remaining with DInf 4.8553952e+03              2722s
[2019-03-21 20:47:36] SOLVER   148959 DPushes remaining with DInf 4.8553952e+03              2725s
[2019-03-21 20:47:41] SOLVER   147471 DPushes remaining with DInf 4.8553952e+03              2730s
[2019-03-21 20:47:46] SOLVER   145983 DPushes remaining with DInf 4.8553952e+03              2736s
[2019-03-21 20:47:52] SOLVER   144495 DPushes remaining with DInf 4.8553952e+03              2742s
[2019-03-21 20:47:56] SOLVER   143751 DPushes remaining with DInf 4.8553941e+03              2745s
[2019-03-21 20:48:02] SOLVER   142263 DPushes remaining with DInf 4.8553941e+03              2751s
[2019-03-21 20:48:08] SOLVER   140775 DPushes remaining with DInf 4.8553941e+03              2758s
[2019-03-21 20:48:11] SOLVER   140031 DPushes remaining with DInf 4.8553941e+03              2761s
[2019-03-21 20:48:17] SOLVER   138543 DPushes remaining with DInf 4.8553941e+03              2767s
[2019-03-21 20:48:23] SOLVER   137055 DPushes remaining with DInf 4.8553941e+03              2773s
[2019-03-21 20:48:27] SOLVER   136311 DPushes remaining with DInf 4.8374473e+03              2777s
[2019-03-21 20:48:31] SOLVER   135567 DPushes remaining with DInf 4.8374473e+03              2780s
[2019-03-21 20:48:38] SOLVER   134079 DPushes remaining with DInf 4.8374473e+03              2787s
[2019-03-21 20:48:41] SOLVER   133335 DPushes remaining with DInf 4.8374473e+03              2791s
[2019-03-21 20:48:45] SOLVER   132591 DPushes remaining with DInf 4.8374473e+03              2795s
[2019-03-21 20:48:53] SOLVER   131103 DPushes remaining with DInf 4.8374473e+03              2802s
[2019-03-21 20:48:57] SOLVER   130359 DPushes remaining with DInf 4.8374473e+03              2806s
[2019-03-21 20:49:04] SOLVER   128871 DPushes remaining with DInf 4.8374473e+03              2814s
[2019-03-21 20:49:07] SOLVER   128127 DPushes remaining with DInf 4.8374473e+03              2817s
[2019-03-21 20:49:11] SOLVER   127383 DPushes remaining with DInf 4.8374473e+03              2821s
[2019-03-21 20:49:21] SOLVER   125895 DPushes remaining with DInf 4.8374473e+03              2831s
[2019-03-21 20:49:25] SOLVER   125151 DPushes remaining with DInf 4.8374473e+03              2835s
[2019-03-21 20:49:33] SOLVER   123663 DPushes remaining with DInf 4.7027525e+03              2843s
[2019-03-21 20:49:37] SOLVER   122919 DPushes remaining with DInf 4.7027525e+03              2847s
[2019-03-21 20:49:42] SOLVER   122175 DPushes remaining with DInf 4.7027525e+03              2852s
[2019-03-21 20:49:46] SOLVER   121431 DPushes remaining with DInf 4.7027525e+03              2855s
[2019-03-21 20:49:54] SOLVER   119943 DPushes remaining with DInf 4.6187329e+03              2864s
[2019-03-21 20:49:59] SOLVER   119199 DPushes remaining with DInf 4.6187329e+03              2869s
[2019-03-21 20:50:04] SOLVER   118455 DPushes remaining with DInf 4.6187329e+03              2874s
[2019-03-21 20:50:09] SOLVER   117711 DPushes remaining with DInf 4.6187329e+03              2879s
[2019-03-21 20:50:14] SOLVER   116967 DPushes remaining with DInf 4.6187329e+03              2884s
[2019-03-21 20:50:20] SOLVER   116223 DPushes remaining with DInf 4.5602943e+03              2890s
[2019-03-21 20:50:25] SOLVER   115479 DPushes remaining with DInf 4.5602943e+03              2894s
[2019-03-21 20:50:30] SOLVER   114735 DPushes remaining with DInf 4.5602943e+03              2900s
[2019-03-21 20:50:35] SOLVER   113991 DPushes remaining with DInf 4.5602943e+03              2905s
[2019-03-21 20:50:40] SOLVER   113247 DPushes remaining with DInf 4.5602943e+03              2910s
[2019-03-21 20:50:44] SOLVER   112503 DPushes remaining with DInf 4.5602943e+03              2914s
[2019-03-21 20:50:49] SOLVER   111759 DPushes remaining with DInf 4.5602943e+03              2919s
[2019-03-21 20:50:55] SOLVER   111015 DPushes remaining with DInf 4.5602943e+03              2924s
[2019-03-21 20:51:00] SOLVER   110271 DPushes remaining with DInf 4.5602943e+03              2930s
[2019-03-21 20:51:05] SOLVER   109527 DPushes remaining with DInf 4.5602943e+03              2935s
[2019-03-21 20:51:10] SOLVER   108783 DPushes remaining with DInf 4.5602943e+03              2940s
[2019-03-21 20:51:15] SOLVER   108039 DPushes remaining with DInf 4.5602943e+03              2945s
[2019-03-21 20:51:21] SOLVER   107295 DPushes remaining with DInf 4.5602943e+03              2951s
[2019-03-21 20:51:27] SOLVER   106551 DPushes remaining with DInf 4.5602943e+03              2956s
[2019-03-21 20:51:32] SOLVER   105807 DPushes remaining with DInf 4.5602943e+03              2962s
[2019-03-21 20:51:37] SOLVER   105063 DPushes remaining with DInf 4.5602943e+03              2967s
[2019-03-21 20:51:43] SOLVER   104319 DPushes remaining with DInf 4.5602943e+03              2972s
[2019-03-21 20:51:48] SOLVER   103575 DPushes remaining with DInf 4.5602943e+03              2978s
[2019-03-21 20:51:54] SOLVER   102831 DPushes remaining with DInf 4.5602943e+03              2984s
[2019-03-21 20:52:00] SOLVER   102087 DPushes remaining with DInf 4.5602943e+03              2990s
[2019-03-21 20:52:06] SOLVER   101343 DPushes remaining with DInf 4.5602943e+03              2996s
[2019-03-21 20:52:12] SOLVER   100599 DPushes remaining with DInf 4.5602943e+03              3002s
[2019-03-21 20:52:18] SOLVER   99855 DPushes remaining with DInf 4.5602943e+03              3008s
[2019-03-21 20:52:25] SOLVER   99111 DPushes remaining with DInf 4.5602943e+03              3014s
[2019-03-21 20:52:33] SOLVER   98367 DPushes remaining with DInf 4.5594328e+03              3023s
[2019-03-21 20:52:42] SOLVER   97623 DPushes remaining with DInf 4.5594328e+03              3031s
[2019-03-21 20:52:51] SOLVER   96879 DPushes remaining with DInf 4.5594304e+03              3040s
[2019-03-21 20:52:59] SOLVER   96135 DPushes remaining with DInf 4.5594301e+03              3048s
[2019-03-21 20:53:07] SOLVER   95391 DPushes remaining with DInf 4.5594301e+03              3057s
[2019-03-21 20:53:16] SOLVER   94647 DPushes remaining with DInf 4.5594301e+03              3065s
[2019-03-21 20:53:25] SOLVER   93903 DPushes remaining with DInf 4.5594301e+03              3075s
[2019-03-21 20:53:31] SOLVER   93159 DPushes remaining with DInf 4.5594301e+03              3080s
[2019-03-21 20:53:39] SOLVER   92415 DPushes remaining with DInf 4.5594253e+03              3089s
[2019-03-21 20:53:48] SOLVER   91671 DPushes remaining with DInf 4.5594253e+03              3098s
[2019-03-21 20:53:57] SOLVER   90927 DPushes remaining with DInf 4.5594253e+03              3107s
[2019-03-21 20:54:05] SOLVER   90183 DPushes remaining with DInf 4.5594253e+03              3115s
[2019-03-21 20:54:12] SOLVER   89439 DPushes remaining with DInf 4.5594253e+03              3121s
[2019-03-21 20:54:17] SOLVER   88695 DPushes remaining with DInf 4.5551551e+03              3127s
[2019-03-21 20:54:23] SOLVER   87951 DPushes remaining with DInf 4.5551551e+03              3133s
[2019-03-21 20:54:26] SOLVER   87207 DPushes remaining with DInf 4.5551551e+03              3136s
[2019-03-21 20:54:34] SOLVER   86463 DPushes remaining with DInf 4.5551551e+03              3143s
[2019-03-21 20:54:42] SOLVER   85719 DPushes remaining with DInf 4.5551551e+03              3152s
[2019-03-21 20:54:52] SOLVER   84975 DPushes remaining with DInf 4.5551551e+03              3162s
[2019-03-21 20:55:02] SOLVER   84231 DPushes remaining with DInf 4.5551551e+03              3172s
[2019-03-21 20:55:12] SOLVER   83487 DPushes remaining with DInf 4.5551551e+03              3182s
[2019-03-21 20:55:22] SOLVER   82743 DPushes remaining with DInf 4.5551551e+03              3191s
[2019-03-21 20:55:32] SOLVER   81999 DPushes remaining with DInf 4.5551551e+03              3201s
[2019-03-21 20:55:41] SOLVER   81255 DPushes remaining with DInf 4.5551551e+03              3211s
[2019-03-21 20:55:50] SOLVER   80511 DPushes remaining with DInf 4.5551525e+03              3220s
[2019-03-21 20:55:59] SOLVER   79767 DPushes remaining with DInf 4.5551525e+03              3229s
[2019-03-21 20:56:07] SOLVER   79023 DPushes remaining with DInf 4.5551525e+03              3236s
[2019-03-21 20:56:17] SOLVER   78279 DPushes remaining with DInf 4.5551525e+03              3246s
[2019-03-21 20:56:27] SOLVER   77535 DPushes remaining with DInf 4.5551525e+03              3257s
[2019-03-21 20:56:38] SOLVER   76791 DPushes remaining with DInf 4.5551049e+03              3267s
[2019-03-21 20:56:44] SOLVER   76047 DPushes remaining with DInf 4.5551049e+03              3273s
[2019-03-21 20:56:53] SOLVER   75303 DPushes remaining with DInf 4.5551049e+03              3282s
[2019-03-21 20:57:01] SOLVER   74559 DPushes remaining with DInf 4.5551049e+03              3291s
[2019-03-21 20:57:11] SOLVER   73815 DPushes remaining with DInf 4.5550987e+03              3300s
[2019-03-21 20:57:20] SOLVER   73071 DPushes remaining with DInf 4.5546222e+03              3310s
[2019-03-21 20:57:30] SOLVER   72327 DPushes remaining with DInf 4.5515789e+03              3319s
[2019-03-21 20:57:39] SOLVER   71583 DPushes remaining with DInf 4.5515789e+03              3328s
[2019-03-21 20:57:47] SOLVER   70839 DPushes remaining with DInf 4.5515789e+03              3337s
[2019-03-21 20:57:56] SOLVER   70095 DPushes remaining with DInf 4.5515789e+03              3346s
[2019-03-21 20:58:05] SOLVER   69351 DPushes remaining with DInf 4.5515789e+03              3355s
[2019-03-21 20:58:14] SOLVER   68607 DPushes remaining with DInf 4.5515789e+03              3364s
[2019-03-21 20:58:23] SOLVER   67863 DPushes remaining with DInf 4.5515789e+03              3373s
[2019-03-21 20:58:32] SOLVER   67119 DPushes remaining with DInf 4.5515789e+03              3381s
[2019-03-21 20:58:40] SOLVER   66375 DPushes remaining with DInf 4.5515789e+03              3390s
[2019-03-21 20:58:47] SOLVER   65631 DPushes remaining with DInf 4.5515789e+03              3396s
[2019-03-21 20:58:53] SOLVER   64887 DPushes remaining with DInf 4.5515789e+03              3402s
[2019-03-21 20:59:00] SOLVER   64143 DPushes remaining with DInf 4.5511178e+03              3410s
[2019-03-21 20:59:10] SOLVER   63399 DPushes remaining with DInf 4.5511178e+03              3420s
[2019-03-21 20:59:18] SOLVER   62655 DPushes remaining with DInf 4.5511178e+03              3428s
[2019-03-21 20:59:23] SOLVER   61911 DPushes remaining with DInf 4.5511178e+03              3433s
[2019-03-21 20:59:30] SOLVER   61167 DPushes remaining with DInf 4.5511178e+03              3440s
[2019-03-21 20:59:38] SOLVER   60423 DPushes remaining with DInf 4.5511178e+03              3448s
[2019-03-21 20:59:49] SOLVER   59679 DPushes remaining with DInf 4.5511178e+03              3458s
[2019-03-21 20:59:59] SOLVER   58935 DPushes remaining with DInf 4.5488305e+03              3468s
[2019-03-21 21:00:09] SOLVER   58191 DPushes remaining with DInf 4.5488305e+03              3479s
[2019-03-21 21:00:19] SOLVER   57447 DPushes remaining with DInf 4.5488305e+03              3489s
[2019-03-21 21:00:31] SOLVER   56703 DPushes remaining with DInf 4.5488292e+03              3501s
[2019-03-21 21:00:43] SOLVER   55959 DPushes remaining with DInf 4.5488292e+03              3512s
[2019-03-21 21:00:54] SOLVER   55215 DPushes remaining with DInf 4.5488292e+03              3524s
[2019-03-21 21:01:06] SOLVER   54471 DPushes remaining with DInf 4.5488292e+03              3535s
[2019-03-21 21:01:17] SOLVER   53727 DPushes remaining with DInf 4.5488292e+03              3547s
[2019-03-21 21:01:29] SOLVER   52983 DPushes remaining with DInf 4.5488292e+03              3559s
[2019-03-21 21:01:40] SOLVER   52239 DPushes remaining with DInf 4.5488292e+03              3570s
[2019-03-21 21:01:52] SOLVER   51495 DPushes remaining with DInf 4.5488292e+03              3581s
[2019-03-21 21:02:03] SOLVER   50751 DPushes remaining with DInf 4.5488292e+03              3593s
[2019-03-21 21:02:14] SOLVER   50007 DPushes remaining with DInf 4.5488292e+03              3604s
[2019-03-21 21:02:26] SOLVER   49263 DPushes remaining with DInf 4.5488292e+03              3615s
[2019-03-21 21:02:37] SOLVER   48519 DPushes remaining with DInf 4.5488292e+03              3627s
[2019-03-21 21:02:49] SOLVER   47775 DPushes remaining with DInf 4.5488290e+03              3638s
[2019-03-21 21:03:00] SOLVER   47031 DPushes remaining with DInf 4.5488290e+03              3650s
[2019-03-21 21:03:11] SOLVER   46283 DPushes remaining with DInf 4.5488290e+03              3661s
[2019-03-21 21:03:22] SOLVER   45533 DPushes remaining with DInf 4.5488290e+03              3672s
[2019-03-21 21:03:34] SOLVER   44784 DPushes remaining with DInf 4.5488290e+03              3683s
[2019-03-21 21:03:44] SOLVER   44033 DPushes remaining with DInf 4.5488290e+03              3694s
[2019-03-21 21:03:55] SOLVER   43283 DPushes remaining with DInf 4.5488290e+03              3705s
[2019-03-21 21:04:06] SOLVER   42532 DPushes remaining with DInf 4.5488290e+03              3716s
[2019-03-21 21:04:18] SOLVER   41786 DPushes remaining with DInf 4.5487833e+03              3728s
[2019-03-21 21:04:32] SOLVER   41040 DPushes remaining with DInf 4.5487708e+03              3742s
[2019-03-21 21:04:46] SOLVER   40296 DPushes remaining with DInf 4.5487690e+03              3755s
[2019-03-21 21:04:59] SOLVER   39552 DPushes remaining with DInf 4.5487690e+03              3769s
[2019-03-21 21:05:12] SOLVER   38808 DPushes remaining with DInf 4.5487504e+03              3782s
[2019-03-21 21:05:26] SOLVER   38064 DPushes remaining with DInf 4.5487504e+03              3795s
[2019-03-21 21:05:38] SOLVER   37320 DPushes remaining with DInf 4.5487504e+03              3808s
[2019-03-21 21:05:51] SOLVER   36576 DPushes remaining with DInf 4.5487504e+03              3820s
[2019-03-21 21:06:04] SOLVER   35832 DPushes remaining with DInf 4.5487504e+03              3834s
[2019-03-21 21:06:17] SOLVER   35088 DPushes remaining with DInf 4.5487504e+03              3847s
[2019-03-21 21:06:30] SOLVER   34344 DPushes remaining with DInf 4.5487471e+03              3860s
[2019-03-21 21:06:44] SOLVER   33600 DPushes remaining with DInf 4.5487471e+03              3873s
[2019-03-21 21:06:57] SOLVER   32856 DPushes remaining with DInf 4.5487471e+03              3886s
[2019-03-21 21:07:10] SOLVER   32112 DPushes remaining with DInf 4.5487471e+03              3900s
[2019-03-21 21:07:23] SOLVER   31368 DPushes remaining with DInf 4.5487470e+03              3913s
[2019-03-21 21:07:37] SOLVER   30624 DPushes remaining with DInf 4.5487470e+03              3926s
[2019-03-21 21:07:52] SOLVER   29880 DPushes remaining with DInf 4.5486902e+03              3941s
[2019-03-21 21:08:05] SOLVER   29136 DPushes remaining with DInf 4.5486902e+03              3955s
[2019-03-21 21:08:18] SOLVER   28392 DPushes remaining with DInf 4.5486902e+03              3968s
[2019-03-21 21:08:31] SOLVER   27648 DPushes remaining with DInf 4.5486902e+03              3981s
[2019-03-21 21:08:45] SOLVER   26901 DPushes remaining with DInf 4.5486902e+03              3995s
[2019-03-21 21:08:57] SOLVER   26133 DPushes remaining with DInf 4.5485923e+03              4007s
[2019-03-21 21:09:08] SOLVER   25369 DPushes remaining with DInf 4.5485923e+03              4018s
[2019-03-21 21:09:19] SOLVER   24606 DPushes remaining with DInf 4.5485656e+03              4028s
[2019-03-21 21:09:28] SOLVER   23839 DPushes remaining with DInf 4.5485656e+03              4037s
[2019-03-21 21:09:35] SOLVER   23068 DPushes remaining with DInf 4.5485656e+03              4045s
[2019-03-21 21:09:43] SOLVER   22298 DPushes remaining with DInf 4.5485584e+03              4053s
[2019-03-21 21:09:50] SOLVER   21516 DPushes remaining with DInf 4.5485584e+03              4060s
[2019-03-21 21:09:58] SOLVER   20746 DPushes remaining with DInf 4.5485584e+03              4067s
[2019-03-21 21:10:05] SOLVER   19967 DPushes remaining with DInf 4.5485330e+03              4075s
[2019-03-21 21:10:13] SOLVER   19191 DPushes remaining with DInf 4.5485151e+03              4083s
[2019-03-21 21:10:20] SOLVER   18399 DPushes remaining with DInf 4.5485151e+03              4090s
[2019-03-21 21:10:28] SOLVER   17611 DPushes remaining with DInf 4.5485151e+03              4097s
[2019-03-21 21:10:35] SOLVER   16817 DPushes remaining with DInf 4.5485151e+03              4105s
[2019-03-21 21:10:43] SOLVER   16018 DPushes remaining with DInf 4.5485144e+03              4113s
[2019-03-21 21:10:50] SOLVER   15215 DPushes remaining with DInf 4.5485144e+03              4120s
[2019-03-21 21:10:57] SOLVER   14415 DPushes remaining with DInf 4.5484633e+03              4126s
[2019-03-21 21:11:03] SOLVER   13599 DPushes remaining with DInf 4.5484633e+03              4133s
[2019-03-21 21:11:10] SOLVER   12782 DPushes remaining with DInf 4.5484633e+03              4140s
[2019-03-21 21:11:17] SOLVER   11965 DPushes remaining with DInf 4.5484633e+03              4147s
[2019-03-21 21:11:25] SOLVER   11155 DPushes remaining with DInf 4.5484633e+03              4154s
[2019-03-21 21:11:32] SOLVER   10359 DPushes remaining with DInf 4.5484633e+03              4161s
[2019-03-21 21:11:38] SOLVER   9544 DPushes remaining with DInf 4.5484633e+03              4168s
[2019-03-21 21:11:45] SOLVER   8719 DPushes remaining with DInf 4.5483663e+03              4175s
[2019-03-21 21:11:51] SOLVER   7898 DPushes remaining with DInf 4.5473736e+03              4181s
[2019-03-21 21:11:59] SOLVER   7050 DPushes remaining with DInf 4.5473736e+03              4188s
[2019-03-21 21:12:05] SOLVER   6227 DPushes remaining with DInf 4.5473736e+03              4195s
[2019-03-21 21:12:11] SOLVER   5376 DPushes remaining with DInf 4.5473723e+03              4201s
[2019-03-21 21:12:17] SOLVER   4520 DPushes remaining with DInf 4.5473723e+03              4206s
[2019-03-21 21:12:22] SOLVER   3668 DPushes remaining with DInf 4.5473614e+03              4212s
[2019-03-21 21:12:28] SOLVER   2822 DPushes remaining with DInf 4.5473242e+03              4218s
[2019-03-21 21:12:34] SOLVER   1977 DPushes remaining with DInf 4.2484172e+03              4223s
[2019-03-21 21:12:39] SOLVER   1116 DPushes remaining with DInf 4.2484172e+03              4228s
[2019-03-21 21:12:43] SOLVER   227 DPushes remaining with DInf 3.6380570e+03              4232s
[2019-03-21 21:12:46] SOLVER   0 DPushes remaining with DInf 3.6380221e+03              4236s
[2019-03-21 21:12:47] SOLVER   1562017 PPushes remaining with PInf 5.5609377e+03              4236s
[2019-03-21 21:15:02] SOLVER   738035 PPushes remaining with PInf 5.7827346e+02              4372s
[2019-03-21 21:19:35] SOLVER   662319 PPushes remaining with PInf 5.7740131e+02              4644s
[2019-03-21 21:20:56] SOLVER   620885 PPushes remaining with PInf 5.7798084e+02              4726s
[2019-03-21 21:22:20] SOLVER   595845 PPushes remaining with PInf 5.7790895e+02              4810s
[2019-03-21 21:26:46] SOLVER   572997 PPushes remaining with PInf 5.7746706e+02              5076s
[2019-03-21 21:29:41] SOLVER   560762 PPushes remaining with PInf 5.7733774e+02              5251s
[2019-03-21 21:34:17] SOLVER   547768 PPushes remaining with PInf 5.7682821e+02              5527s
[2019-03-21 21:38:04] SOLVER   537334 PPushes remaining with PInf 5.7642733e+02              5754s
[2019-03-21 21:38:49] SOLVER   534000 PPushes remaining with PInf 5.7623167e+02              5799s
[2019-03-21 22:05:59] SOLVER   478150 PPushes remaining with PInf 6.7317804e+02              7429s
[2019-03-21 22:08:26] SOLVER   471998 PPushes remaining with PInf 6.7274737e+02              7576s
[2019-03-21 22:10:15] SOLVER   466978 PPushes remaining with PInf 6.7246208e+02              7685s
[2019-03-21 22:15:59] SOLVER   454469 PPushes remaining with PInf 6.6018705e+02              8029s
[2019-03-21 22:16:19] SOLVER   453137 PPushes remaining with PInf 6.5396148e+02              8049s
[2019-03-21 23:01:21] SOLVER   366146 PPushes remaining with PInf 6.4711288e+02             10751s
[2019-03-21 23:01:46] SOLVER   365055 PPushes remaining with PInf 6.4642102e+02             10776s
[2019-03-21 23:02:02] SOLVER   364122 PPushes remaining with PInf 6.4315055e+02             10792s
[2019-03-21 23:02:23] SOLVER   363329 PPushes remaining with PInf 6.4273203e+02             10813s
[2019-03-21 23:02:41] SOLVER   362478 PPushes remaining with PInf 6.4211792e+02             10831s
[2019-03-21 23:32:22] SOLVER   263968 PPushes remaining with PInf 6.4054391e+02             12612s
[2019-03-21 23:32:26] SOLVER   258076 PPushes remaining with PInf 6.4054391e+02             12615s
[2019-03-22 00:03:47] SOLVER   146425 PPushes remaining with PInf 1.9938240e+03             14496s
[2019-03-22 00:14:25] SOLVER   106940 PPushes remaining with PInf 2.0350154e+03             15135s
[2019-03-22 00:15:34] SOLVER   103112 PPushes remaining with PInf 1.8875115e+03             15204s
[2019-03-22 00:16:08] SOLVER   100750 PPushes remaining with PInf 1.8832516e+03             15237s
[2019-03-22 00:16:37] SOLVER   98793 PPushes remaining with PInf 1.8772570e+03             15266s
[2019-03-22 00:16:56] SOLVER   96860 PPushes remaining with PInf 1.8752351e+03             15286s
[2019-03-22 00:17:05] SOLVER   95436 PPushes remaining with PInf 1.8740566e+03             15294s
[2019-03-22 00:17:18] SOLVER   94273 PPushes remaining with PInf 1.8715646e+03             15307s
[2019-03-22 00:17:31] SOLVER   92394 PPushes remaining with PInf 1.8689630e+03             15320s
[2019-03-22 00:17:38] SOLVER   90388 PPushes remaining with PInf 1.8470721e+03             15328s
[2019-03-22 00:17:41] SOLVER   89235 PPushes remaining with PInf 1.8470073e+03             15331s
[2019-03-22 00:17:46] SOLVER   85701 PPushes remaining with PInf 1.6946056e+03             15336s
[2019-03-22 00:17:56] SOLVER   82724 PPushes remaining with PInf 1.6945969e+03             15346s
[2019-03-22 00:18:01] SOLVER   77704 PPushes remaining with PInf 1.6923903e+03             15351s
[2019-03-22 00:18:06] SOLVER   73374 PPushes remaining with PInf 1.5684888e+03             15356s
[2019-03-22 00:18:11] SOLVER   68583 PPushes remaining with PInf 1.5684607e+03             15361s
[2019-03-22 00:24:23] SOLVER   25448 PPushes remaining with PInf 1.5447673e+03             15733s
[2019-03-22 00:25:25] SOLVER   21852 PPushes remaining with PInf 1.5334104e+03             15795s
[2019-03-22 00:26:28] SOLVER   18682 PPushes remaining with PInf 1.5292414e+03             15858s
[2019-03-22 00:27:01] SOLVER   15956 PPushes remaining with PInf 1.4354261e+03             15891s
[2019-03-22 00:27:15] SOLVER   12232 PPushes remaining with PInf 1.4301020e+03             15905s
[2019-03-22 00:27:17] SOLVER   11159 PPushes remaining with PInf 1.4301020e+03             15906s
[2019-03-22 00:27:24] SOLVER   9376 PPushes remaining with PInf 1.4300254e+03             15914s
[2019-03-22 00:27:27] SOLVER   7447 PPushes remaining with PInf 1.4300120e+03             15917s
[2019-03-22 00:27:31] SOLVER   4998 PPushes remaining with PInf 1.4300120e+03             15920s
[2019-03-22 00:27:40] SOLVER   1239 PPushes remaining with PInf 1.4300116e+03             15930s
[2019-03-22 00:27:49] SOLVER   71 PPushes remaining with PInf 1.4300948e+03             15938s
[2019-03-22 00:27:51] SOLVER   50 PPushes remaining with PInf 1.4288551e+03             15941s
[2019-03-22 00:27:53] SOLVER   48 PPushes remaining with PInf 1.4288527e+03             15943s
[2019-03-22 00:27:54] SOLVER   Push phase complete: Pinf 1.4288527e+03, Dinf 1.0167467e+07  15943s
[2019-03-22 00:27:55] SOLVER   Iteration    Objective       Primal Inf.    Dual Inf.      Time
[2019-03-22 00:27:55] SOLVER   2238637    3.3637488e+11   0.000000e+00   9.265361e+08  15945s
[2019-03-22 00:28:21] SOLVER   2239404    3.3637487e+11   2.934418e-01   1.351562e+09  15971s
[2019-03-22 00:28:58] SOLVER   2239784    3.3637480e+11   0.000000e+00   8.281238e+08  16008s
[2019-03-22 00:29:30] SOLVER   2240274    3.3637480e+11   0.000000e+00   2.413749e+07  16040s
[2019-03-22 00:30:04] SOLVER   2240794    3.3637479e+11   0.000000e+00   5.902980e+07  16074s
[2019-03-22 00:30:41] SOLVER   2241538    3.3637479e+11   0.000000e+00   1.707779e+07  16110s
[2019-03-22 00:31:03] SOLVER   2242282    3.3637479e+11   0.000000e+00   1.568432e+07  16133s
[2019-03-22 00:31:19] SOLVER   2243026    3.3637479e+11   0.000000e+00   1.315636e+07  16148s
[2019-03-22 00:31:39] SOLVER   2243770    3.3637479e+11   0.000000e+00   7.396897e+05  16168s
[2019-03-22 00:32:06] SOLVER   2244514    3.3637478e+11   0.000000e+00   3.721159e+06  16196s
[2019-03-22 00:32:41] SOLVER   2245258    3.3637478e+11   0.000000e+00   7.224211e+03  16231s
[2019-03-22 00:33:14] SOLVER   2246003    3.3637478e+11   0.000000e+00   2.128268e+07  16264s
[2019-03-22 00:33:47] SOLVER   2246747    3.3637478e+11   0.000000e+00   1.518193e+06  16296s
[2019-03-22 00:34:19] SOLVER   2247491    3.3637478e+11   0.000000e+00   4.304534e+02  16328s
[2019-03-22 00:34:37] SOLVER   2248235    3.3637478e+11   0.000000e+00   2.436551e+02  16347s
[2019-03-22 00:35:11] SOLVER   2248965    3.3637478e+11   0.000000e+00   4.858180e+00  16380s
[2019-03-22 00:35:17] SOLVER   2249093    3.3637529e+11   3.648065e+02   0.000000e+00  16387s
[2019-03-22 00:35:34] SOLVER   2249170    3.3637529e+11   0.000000e+00   0.000000e+00  16404s
[2019-03-22 00:35:34] SOLVER   Solved with barrier
[2019-03-22 00:35:34] SOLVER   Solved in 2249170 iterations and 16403.72 seconds
[2019-03-22 00:35:34] SOLVER   Optimal objective  3.363752926e+11
[2019-03-22 00:35:34] SOLVER   Warning: unscaled primal violation = 0.000819802 and residual = 0.000819802
[2019-03-22 00:35:37] SOLVER   Changed value of parameter LogFile to
[2019-03-22 00:35:37] SOLVER   Prev: /cluster/work/cpesm/trtim/ose-model-comparison/tmplns74xm2.log  Default:
[2019-03-22 00:37:19] INFO     Backend: solver finished running. Time since start: 5:03:12.491684
[2019-03-22 00:37:21] INFO     Backend: loaded results
[2019-03-22 00:37:57] INFO     Backend: generated solution array. Time since start: 5:03:51.125155
[2019-03-22 00:37:57] INFO     Postprocessing: started
[2019-03-22 00:39:37] INFO     Postprocessing: All values < 1e-10 set to 0 in carrier_prod, carrier_con, capacity_factor
[2019-03-22 00:39:37] INFO     Postprocessing: ended. Time since start: 5:05:31.380594
Calliope 0.6.4-dev starting at 2019-03-21 19:34:06

Model name:   Open Source Modelling -- Euro Calliope model
Model size:   34 locations, 17 technologies, 4380 timesteps

Starting model run...
Saving NetCDF results to file: build/output/minus4/05.nc

Calliope run complete. Elapsed: 18334.0 seconds (time at exit: 2019-03-22 00:39:40)
